[2025-05-06T13:17:41.250+0000] {taskinstance.py:1165} INFO - Dependencies all met for <TaskInstance: user_processing.process_user manual__2025-05-06T13:17:37.071954+00:00 [queued]>
[2025-05-06T13:17:41.254+0000] {taskinstance.py:1165} INFO - Dependencies all met for <TaskInstance: user_processing.process_user manual__2025-05-06T13:17:37.071954+00:00 [queued]>
[2025-05-06T13:17:41.254+0000] {taskinstance.py:1362} INFO - 
--------------------------------------------------------------------------------
[2025-05-06T13:17:41.254+0000] {taskinstance.py:1363} INFO - Starting attempt 1 of 1
[2025-05-06T13:17:41.255+0000] {taskinstance.py:1364} INFO - 
--------------------------------------------------------------------------------
[2025-05-06T13:17:41.263+0000] {taskinstance.py:1383} INFO - Executing <Task(PythonOperator): process_user> on 2025-05-06 13:17:37.071954+00:00
[2025-05-06T13:17:41.265+0000] {standard_task_runner.py:55} INFO - Started process 21184 to run task
[2025-05-06T13:17:41.267+0000] {standard_task_runner.py:82} INFO - Running: ['***', 'tasks', 'run', 'user_processing', 'process_user', 'manual__2025-05-06T13:17:37.071954+00:00', '--job-id', '44', '--raw', '--subdir', 'DAGS_FOLDER/user_processing.py', '--cfg-path', '/tmp/tmpnm0sal57']
[2025-05-06T13:17:41.269+0000] {standard_task_runner.py:83} INFO - Job 44: Subtask process_user
[2025-05-06T13:17:41.297+0000] {task_command.py:376} INFO - Running <TaskInstance: user_processing.process_user manual__2025-05-06T13:17:37.071954+00:00 [running]> on host 081a24b4289c
[2025-05-06T13:17:41.324+0000] {taskinstance.py:1592} INFO - Exporting the following env vars:
AIRFLOW_CTX_DAG_OWNER=***
AIRFLOW_CTX_DAG_ID=user_processing
AIRFLOW_CTX_TASK_ID=process_user
AIRFLOW_CTX_EXECUTION_DATE=2025-05-06T13:17:37.071954+00:00
AIRFLOW_CTX_TRY_NUMBER=1
AIRFLOW_CTX_DAG_RUN_ID=manual__2025-05-06T13:17:37.071954+00:00
[2025-05-06T13:17:41.332+0000] {python.py:177} INFO - Done. Returned value was: None
[2025-05-06T13:17:41.336+0000] {taskinstance.py:1406} INFO - Marking task as SUCCESS. dag_id=user_processing, task_id=process_user, execution_date=20250506T131737, start_date=20250506T131741, end_date=20250506T131741
[2025-05-06T13:17:41.366+0000] {local_task_job.py:164} INFO - Task exited with return code 0
[2025-05-06T13:17:41.376+0000] {local_task_job.py:273} INFO - 1 downstream tasks scheduled from follow-on schedule check
