[2025-05-06T13:32:25.750+0000] {taskinstance.py:1165} INFO - Dependencies all met for <TaskInstance: user_processing.process_user manual__2025-05-06T13:32:22.250962+00:00 [queued]>
[2025-05-06T13:32:25.755+0000] {taskinstance.py:1165} INFO - Dependencies all met for <TaskInstance: user_processing.process_user manual__2025-05-06T13:32:22.250962+00:00 [queued]>
[2025-05-06T13:32:25.755+0000] {taskinstance.py:1362} INFO - 
--------------------------------------------------------------------------------
[2025-05-06T13:32:25.755+0000] {taskinstance.py:1363} INFO - Starting attempt 1 of 1
[2025-05-06T13:32:25.755+0000] {taskinstance.py:1364} INFO - 
--------------------------------------------------------------------------------
[2025-05-06T13:32:25.762+0000] {taskinstance.py:1383} INFO - Executing <Task(PythonOperator): process_user> on 2025-05-06 13:32:22.250962+00:00
[2025-05-06T13:32:25.764+0000] {standard_task_runner.py:55} INFO - Started process 21940 to run task
[2025-05-06T13:32:25.766+0000] {standard_task_runner.py:82} INFO - Running: ['***', 'tasks', 'run', 'user_processing', 'process_user', 'manual__2025-05-06T13:32:22.250962+00:00', '--job-id', '49', '--raw', '--subdir', 'DAGS_FOLDER/user_processing.py', '--cfg-path', '/tmp/tmp7r3b0gr6']
[2025-05-06T13:32:25.767+0000] {standard_task_runner.py:83} INFO - Job 49: Subtask process_user
[2025-05-06T13:32:25.796+0000] {task_command.py:376} INFO - Running <TaskInstance: user_processing.process_user manual__2025-05-06T13:32:22.250962+00:00 [running]> on host 081a24b4289c
[2025-05-06T13:32:25.821+0000] {taskinstance.py:1592} INFO - Exporting the following env vars:
AIRFLOW_CTX_DAG_OWNER=***
AIRFLOW_CTX_DAG_ID=user_processing
AIRFLOW_CTX_TASK_ID=process_user
AIRFLOW_CTX_EXECUTION_DATE=2025-05-06T13:32:22.250962+00:00
AIRFLOW_CTX_TRY_NUMBER=1
AIRFLOW_CTX_DAG_RUN_ID=manual__2025-05-06T13:32:22.250962+00:00
[2025-05-06T13:32:25.829+0000] {python.py:177} INFO - Done. Returned value was: None
[2025-05-06T13:32:25.832+0000] {taskinstance.py:1406} INFO - Marking task as SUCCESS. dag_id=user_processing, task_id=process_user, execution_date=20250506T133222, start_date=20250506T133225, end_date=20250506T133225
[2025-05-06T13:32:25.865+0000] {local_task_job.py:164} INFO - Task exited with return code 0
[2025-05-06T13:32:25.875+0000] {local_task_job.py:273} INFO - 1 downstream tasks scheduled from follow-on schedule check
