[2025-05-06T19:14:28.380+0000] {taskinstance.py:1165} INFO - Dependencies all met for <TaskInstance: consumer.read_dataset dataset_triggered__2025-05-06T19:14:27.351025+00:00 [queued]>
[2025-05-06T19:14:28.384+0000] {taskinstance.py:1165} INFO - Dependencies all met for <TaskInstance: consumer.read_dataset dataset_triggered__2025-05-06T19:14:27.351025+00:00 [queued]>
[2025-05-06T19:14:28.384+0000] {taskinstance.py:1362} INFO - 
--------------------------------------------------------------------------------
[2025-05-06T19:14:28.384+0000] {taskinstance.py:1363} INFO - Starting attempt 1 of 1
[2025-05-06T19:14:28.384+0000] {taskinstance.py:1364} INFO - 
--------------------------------------------------------------------------------
[2025-05-06T19:14:28.389+0000] {taskinstance.py:1383} INFO - Executing <Task(_PythonDecoratedOperator): read_dataset> on 2025-05-06 19:14:27.351025+00:00
[2025-05-06T19:14:28.391+0000] {standard_task_runner.py:55} INFO - Started process 35235 to run task
[2025-05-06T19:14:28.393+0000] {standard_task_runner.py:82} INFO - Running: ['***', 'tasks', 'run', 'consumer', 'read_dataset', 'dataset_triggered__2025-05-06T19:14:27.351025+00:00', '--job-id', '52', '--raw', '--subdir', 'DAGS_FOLDER/dataset_management_consumer.py', '--cfg-path', '/tmp/tmp5ad4ygva']
[2025-05-06T19:14:28.393+0000] {standard_task_runner.py:83} INFO - Job 52: Subtask read_dataset
[2025-05-06T19:14:28.417+0000] {task_command.py:376} INFO - Running <TaskInstance: consumer.read_dataset dataset_triggered__2025-05-06T19:14:27.351025+00:00 [running]> on host 081a24b4289c
[2025-05-06T19:14:28.444+0000] {taskinstance.py:1592} INFO - Exporting the following env vars:
AIRFLOW_CTX_DAG_OWNER=***
AIRFLOW_CTX_DAG_ID=consumer
AIRFLOW_CTX_TASK_ID=read_dataset
AIRFLOW_CTX_EXECUTION_DATE=2025-05-06T19:14:27.351025+00:00
AIRFLOW_CTX_TRY_NUMBER=1
AIRFLOW_CTX_DAG_RUN_ID=dataset_triggered__2025-05-06T19:14:27.351025+00:00
[2025-05-06T19:14:28.445+0000] {logging_mixin.py:120} INFO - --> <built-in method read of _io.TextIOWrapper object at 0xffffb5b0bbb0>
[2025-05-06T19:14:28.445+0000] {python.py:177} INFO - Done. Returned value was: None
[2025-05-06T19:14:28.449+0000] {taskinstance.py:1406} INFO - Marking task as SUCCESS. dag_id=consumer, task_id=read_dataset, execution_date=20250506T191427, start_date=20250506T191428, end_date=20250506T191428
[2025-05-06T19:14:28.490+0000] {local_task_job.py:164} INFO - Task exited with return code 0
[2025-05-06T19:14:28.505+0000] {local_task_job.py:273} INFO - 0 downstream tasks scheduled from follow-on schedule check
