[2025-05-06T12:32:45.631+0000] {taskinstance.py:1165} INFO - Dependencies all met for <TaskInstance: user_processing.process_user manual__2025-05-06T12:32:43.974296+00:00 [queued]>
[2025-05-06T12:32:45.635+0000] {taskinstance.py:1165} INFO - Dependencies all met for <TaskInstance: user_processing.process_user manual__2025-05-06T12:32:43.974296+00:00 [queued]>
[2025-05-06T12:32:45.636+0000] {taskinstance.py:1362} INFO - 
--------------------------------------------------------------------------------
[2025-05-06T12:32:45.636+0000] {taskinstance.py:1363} INFO - Starting attempt 1 of 1
[2025-05-06T12:32:45.636+0000] {taskinstance.py:1364} INFO - 
--------------------------------------------------------------------------------
[2025-05-06T12:32:45.641+0000] {taskinstance.py:1383} INFO - Executing <Task(PythonOperator): process_user> on 2025-05-06 12:32:43.974296+00:00
[2025-05-06T12:32:45.643+0000] {standard_task_runner.py:55} INFO - Started process 18890 to run task
[2025-05-06T12:32:45.645+0000] {standard_task_runner.py:82} INFO - Running: ['***', 'tasks', 'run', 'user_processing', 'process_user', 'manual__2025-05-06T12:32:43.974296+00:00', '--job-id', '28', '--raw', '--subdir', 'DAGS_FOLDER/user_processing.py', '--cfg-path', '/tmp/tmp9w32w_0z']
[2025-05-06T12:32:45.646+0000] {standard_task_runner.py:83} INFO - Job 28: Subtask process_user
[2025-05-06T12:32:45.675+0000] {task_command.py:376} INFO - Running <TaskInstance: user_processing.process_user manual__2025-05-06T12:32:43.974296+00:00 [running]> on host 081a24b4289c
[2025-05-06T12:32:45.703+0000] {taskinstance.py:1592} INFO - Exporting the following env vars:
AIRFLOW_CTX_DAG_OWNER=***
AIRFLOW_CTX_DAG_ID=user_processing
AIRFLOW_CTX_TASK_ID=process_user
AIRFLOW_CTX_EXECUTION_DATE=2025-05-06T12:32:43.974296+00:00
AIRFLOW_CTX_TRY_NUMBER=1
AIRFLOW_CTX_DAG_RUN_ID=manual__2025-05-06T12:32:43.974296+00:00
[2025-05-06T12:32:45.711+0000] {python.py:177} INFO - Done. Returned value was: None
[2025-05-06T12:32:45.714+0000] {taskinstance.py:1406} INFO - Marking task as SUCCESS. dag_id=user_processing, task_id=process_user, execution_date=20250506T123243, start_date=20250506T123245, end_date=20250506T123245
[2025-05-06T12:32:45.746+0000] {local_task_job.py:164} INFO - Task exited with return code 0
[2025-05-06T12:32:45.755+0000] {local_task_job.py:273} INFO - 0 downstream tasks scheduled from follow-on schedule check
