[2025-05-06T12:34:31.423+0000] {taskinstance.py:1165} INFO - Dependencies all met for <TaskInstance: user_processing.process_user manual__2025-05-06T12:34:29.560713+00:00 [queued]>
[2025-05-06T12:34:31.427+0000] {taskinstance.py:1165} INFO - Dependencies all met for <TaskInstance: user_processing.process_user manual__2025-05-06T12:34:29.560713+00:00 [queued]>
[2025-05-06T12:34:31.427+0000] {taskinstance.py:1362} INFO - 
--------------------------------------------------------------------------------
[2025-05-06T12:34:31.427+0000] {taskinstance.py:1363} INFO - Starting attempt 1 of 1
[2025-05-06T12:34:31.427+0000] {taskinstance.py:1364} INFO - 
--------------------------------------------------------------------------------
[2025-05-06T12:34:31.432+0000] {taskinstance.py:1383} INFO - Executing <Task(PythonOperator): process_user> on 2025-05-06 12:34:29.560713+00:00
[2025-05-06T12:34:31.434+0000] {standard_task_runner.py:55} INFO - Started process 19016 to run task
[2025-05-06T12:34:31.436+0000] {standard_task_runner.py:82} INFO - Running: ['***', 'tasks', 'run', 'user_processing', 'process_user', 'manual__2025-05-06T12:34:29.560713+00:00', '--job-id', '40', '--raw', '--subdir', 'DAGS_FOLDER/user_processing.py', '--cfg-path', '/tmp/tmpfffeen7q']
[2025-05-06T12:34:31.437+0000] {standard_task_runner.py:83} INFO - Job 40: Subtask process_user
[2025-05-06T12:34:31.464+0000] {task_command.py:376} INFO - Running <TaskInstance: user_processing.process_user manual__2025-05-06T12:34:29.560713+00:00 [running]> on host 081a24b4289c
[2025-05-06T12:34:31.489+0000] {taskinstance.py:1592} INFO - Exporting the following env vars:
AIRFLOW_CTX_DAG_OWNER=***
AIRFLOW_CTX_DAG_ID=user_processing
AIRFLOW_CTX_TASK_ID=process_user
AIRFLOW_CTX_EXECUTION_DATE=2025-05-06T12:34:29.560713+00:00
AIRFLOW_CTX_TRY_NUMBER=1
AIRFLOW_CTX_DAG_RUN_ID=manual__2025-05-06T12:34:29.560713+00:00
[2025-05-06T12:34:31.496+0000] {python.py:177} INFO - Done. Returned value was: None
[2025-05-06T12:34:31.499+0000] {taskinstance.py:1406} INFO - Marking task as SUCCESS. dag_id=user_processing, task_id=process_user, execution_date=20250506T123429, start_date=20250506T123431, end_date=20250506T123431
[2025-05-06T12:34:31.537+0000] {local_task_job.py:164} INFO - Task exited with return code 0
[2025-05-06T12:34:31.545+0000] {local_task_job.py:273} INFO - 0 downstream tasks scheduled from follow-on schedule check
