[2025-05-06T13:32:26.584+0000] {taskinstance.py:1165} INFO - Dependencies all met for <TaskInstance: user_processing.store_user manual__2025-05-06T13:32:22.250962+00:00 [queued]>
[2025-05-06T13:32:26.589+0000] {taskinstance.py:1165} INFO - Dependencies all met for <TaskInstance: user_processing.store_user manual__2025-05-06T13:32:22.250962+00:00 [queued]>
[2025-05-06T13:32:26.589+0000] {taskinstance.py:1362} INFO - 
--------------------------------------------------------------------------------
[2025-05-06T13:32:26.589+0000] {taskinstance.py:1363} INFO - Starting attempt 1 of 1
[2025-05-06T13:32:26.589+0000] {taskinstance.py:1364} INFO - 
--------------------------------------------------------------------------------
[2025-05-06T13:32:26.594+0000] {taskinstance.py:1383} INFO - Executing <Task(PythonOperator): store_user> on 2025-05-06 13:32:22.250962+00:00
[2025-05-06T13:32:26.597+0000] {standard_task_runner.py:55} INFO - Started process 21952 to run task
[2025-05-06T13:32:26.599+0000] {standard_task_runner.py:82} INFO - Running: ['***', 'tasks', 'run', 'user_processing', 'store_user', 'manual__2025-05-06T13:32:22.250962+00:00', '--job-id', '50', '--raw', '--subdir', 'DAGS_FOLDER/user_processing.py', '--cfg-path', '/tmp/tmp5eom9ibi']
[2025-05-06T13:32:26.600+0000] {standard_task_runner.py:83} INFO - Job 50: Subtask store_user
[2025-05-06T13:32:26.630+0000] {task_command.py:376} INFO - Running <TaskInstance: user_processing.store_user manual__2025-05-06T13:32:22.250962+00:00 [running]> on host 081a24b4289c
[2025-05-06T13:32:26.659+0000] {taskinstance.py:1592} INFO - Exporting the following env vars:
AIRFLOW_CTX_DAG_OWNER=***
AIRFLOW_CTX_DAG_ID=user_processing
AIRFLOW_CTX_TASK_ID=store_user
AIRFLOW_CTX_EXECUTION_DATE=2025-05-06T13:32:22.250962+00:00
AIRFLOW_CTX_TRY_NUMBER=1
AIRFLOW_CTX_DAG_RUN_ID=manual__2025-05-06T13:32:22.250962+00:00
[2025-05-06T13:32:26.659+0000] {postgres.py:129} INFO - Running copy expert: COPY users FROM stdin WITH DELIMITER as ',' , filename: /tmp/processed_user.csv
[2025-05-06T13:32:26.663+0000] {base.py:71} INFO - Using connection ID 'postgres' for task execution.
[2025-05-06T13:32:26.666+0000] {python.py:177} INFO - Done. Returned value was: None
[2025-05-06T13:32:26.671+0000] {taskinstance.py:1406} INFO - Marking task as SUCCESS. dag_id=user_processing, task_id=store_user, execution_date=20250506T133222, start_date=20250506T133226, end_date=20250506T133226
[2025-05-06T13:32:26.696+0000] {local_task_job.py:164} INFO - Task exited with return code 0
[2025-05-06T13:32:26.704+0000] {local_task_job.py:273} INFO - 0 downstream tasks scheduled from follow-on schedule check
