[2025-05-03T00:29:31.774+0000] {processor.py:154} INFO - Started process (PID=42634) to work on /home/airflow/.local/lib/python3.7/site-packages/airflow/example_dags/example_trigger_target_dag.py
[2025-05-03T00:29:31.775+0000] {processor.py:756} INFO - Processing file /home/airflow/.local/lib/python3.7/site-packages/airflow/example_dags/example_trigger_target_dag.py for tasks to queue
[2025-05-03T00:29:31.776+0000] {logging_mixin.py:120} INFO - [2025-05-03T00:29:31.776+0000] {dagbag.py:537} INFO - Filling up the DagBag from /home/airflow/.local/lib/python3.7/site-packages/airflow/example_dags/example_trigger_target_dag.py
[2025-05-03T00:29:31.786+0000] {processor.py:766} INFO - DAG(s) dict_keys(['example_trigger_target_dag']) retrieved from /home/airflow/.local/lib/python3.7/site-packages/airflow/example_dags/example_trigger_target_dag.py
[2025-05-03T00:29:31.810+0000] {logging_mixin.py:120} INFO - [2025-05-03T00:29:31.810+0000] {dag.py:2585} INFO - Sync 1 DAGs
[2025-05-03T00:29:31.820+0000] {logging_mixin.py:120} INFO - [2025-05-03T00:29:31.820+0000] {dag.py:3340} INFO - Setting next_dagrun for example_trigger_target_dag to None, run_after=None
[2025-05-03T00:29:31.828+0000] {processor.py:176} INFO - Processing /home/airflow/.local/lib/python3.7/site-packages/airflow/example_dags/example_trigger_target_dag.py took 0.055 seconds
[2025-05-03T00:52:40.110+0000] {processor.py:154} INFO - Started process (PID=42688) to work on /home/airflow/.local/lib/python3.7/site-packages/airflow/example_dags/example_trigger_target_dag.py
[2025-05-03T00:52:40.110+0000] {processor.py:756} INFO - Processing file /home/airflow/.local/lib/python3.7/site-packages/airflow/example_dags/example_trigger_target_dag.py for tasks to queue
[2025-05-03T00:52:40.112+0000] {logging_mixin.py:120} INFO - [2025-05-03T00:52:40.111+0000] {dagbag.py:537} INFO - Filling up the DagBag from /home/airflow/.local/lib/python3.7/site-packages/airflow/example_dags/example_trigger_target_dag.py
[2025-05-03T00:52:40.123+0000] {processor.py:766} INFO - DAG(s) dict_keys(['example_trigger_target_dag']) retrieved from /home/airflow/.local/lib/python3.7/site-packages/airflow/example_dags/example_trigger_target_dag.py
[2025-05-03T00:52:40.149+0000] {logging_mixin.py:120} INFO - [2025-05-03T00:52:40.149+0000] {dag.py:2585} INFO - Sync 1 DAGs
[2025-05-03T00:52:40.162+0000] {logging_mixin.py:120} INFO - [2025-05-03T00:52:40.162+0000] {dag.py:3340} INFO - Setting next_dagrun for example_trigger_target_dag to None, run_after=None
[2025-05-03T00:52:40.170+0000] {processor.py:176} INFO - Processing /home/airflow/.local/lib/python3.7/site-packages/airflow/example_dags/example_trigger_target_dag.py took 0.062 seconds
[2025-05-03T01:16:08.533+0000] {processor.py:154} INFO - Started process (PID=42751) to work on /home/airflow/.local/lib/python3.7/site-packages/airflow/example_dags/example_trigger_target_dag.py
[2025-05-03T01:16:08.534+0000] {processor.py:756} INFO - Processing file /home/airflow/.local/lib/python3.7/site-packages/airflow/example_dags/example_trigger_target_dag.py for tasks to queue
[2025-05-03T01:16:08.534+0000] {logging_mixin.py:120} INFO - [2025-05-03T01:16:08.534+0000] {dagbag.py:537} INFO - Filling up the DagBag from /home/airflow/.local/lib/python3.7/site-packages/airflow/example_dags/example_trigger_target_dag.py
[2025-05-03T01:16:08.545+0000] {processor.py:766} INFO - DAG(s) dict_keys(['example_trigger_target_dag']) retrieved from /home/airflow/.local/lib/python3.7/site-packages/airflow/example_dags/example_trigger_target_dag.py
[2025-05-03T01:16:08.567+0000] {logging_mixin.py:120} INFO - [2025-05-03T01:16:08.567+0000] {dag.py:2585} INFO - Sync 1 DAGs
[2025-05-03T01:16:08.579+0000] {logging_mixin.py:120} INFO - [2025-05-03T01:16:08.579+0000] {dag.py:3340} INFO - Setting next_dagrun for example_trigger_target_dag to None, run_after=None
[2025-05-03T01:16:08.591+0000] {processor.py:176} INFO - Processing /home/airflow/.local/lib/python3.7/site-packages/airflow/example_dags/example_trigger_target_dag.py took 0.060 seconds
[2025-05-03T01:19:53.035+0000] {processor.py:154} INFO - Started process (PID=42813) to work on /home/airflow/.local/lib/python3.7/site-packages/airflow/example_dags/example_trigger_target_dag.py
[2025-05-03T01:19:53.037+0000] {processor.py:756} INFO - Processing file /home/airflow/.local/lib/python3.7/site-packages/airflow/example_dags/example_trigger_target_dag.py for tasks to queue
[2025-05-03T01:19:53.038+0000] {logging_mixin.py:120} INFO - [2025-05-03T01:19:53.038+0000] {dagbag.py:537} INFO - Filling up the DagBag from /home/airflow/.local/lib/python3.7/site-packages/airflow/example_dags/example_trigger_target_dag.py
[2025-05-03T01:19:53.049+0000] {processor.py:766} INFO - DAG(s) dict_keys(['example_trigger_target_dag']) retrieved from /home/airflow/.local/lib/python3.7/site-packages/airflow/example_dags/example_trigger_target_dag.py
[2025-05-03T01:19:53.073+0000] {logging_mixin.py:120} INFO - [2025-05-03T01:19:53.073+0000] {dag.py:2585} INFO - Sync 1 DAGs
[2025-05-03T01:19:53.085+0000] {logging_mixin.py:120} INFO - [2025-05-03T01:19:53.085+0000] {dag.py:3340} INFO - Setting next_dagrun for example_trigger_target_dag to None, run_after=None
[2025-05-03T01:19:53.101+0000] {processor.py:176} INFO - Processing /home/airflow/.local/lib/python3.7/site-packages/airflow/example_dags/example_trigger_target_dag.py took 0.067 seconds
[2025-05-03T01:24:04.805+0000] {processor.py:154} INFO - Started process (PID=42875) to work on /home/airflow/.local/lib/python3.7/site-packages/airflow/example_dags/example_trigger_target_dag.py
[2025-05-03T01:24:04.806+0000] {processor.py:756} INFO - Processing file /home/airflow/.local/lib/python3.7/site-packages/airflow/example_dags/example_trigger_target_dag.py for tasks to queue
[2025-05-03T01:24:04.806+0000] {logging_mixin.py:120} INFO - [2025-05-03T01:24:04.806+0000] {dagbag.py:537} INFO - Filling up the DagBag from /home/airflow/.local/lib/python3.7/site-packages/airflow/example_dags/example_trigger_target_dag.py
[2025-05-03T01:24:04.816+0000] {processor.py:766} INFO - DAG(s) dict_keys(['example_trigger_target_dag']) retrieved from /home/airflow/.local/lib/python3.7/site-packages/airflow/example_dags/example_trigger_target_dag.py
[2025-05-03T01:24:04.833+0000] {logging_mixin.py:120} INFO - [2025-05-03T01:24:04.832+0000] {dag.py:2585} INFO - Sync 1 DAGs
[2025-05-03T01:24:04.842+0000] {logging_mixin.py:120} INFO - [2025-05-03T01:24:04.842+0000] {dag.py:3340} INFO - Setting next_dagrun for example_trigger_target_dag to None, run_after=None
[2025-05-03T01:24:04.851+0000] {processor.py:176} INFO - Processing /home/airflow/.local/lib/python3.7/site-packages/airflow/example_dags/example_trigger_target_dag.py took 0.047 seconds
[2025-05-03T02:06:32.770+0000] {processor.py:154} INFO - Started process (PID=42938) to work on /home/airflow/.local/lib/python3.7/site-packages/airflow/example_dags/example_trigger_target_dag.py
[2025-05-03T02:06:32.771+0000] {processor.py:756} INFO - Processing file /home/airflow/.local/lib/python3.7/site-packages/airflow/example_dags/example_trigger_target_dag.py for tasks to queue
[2025-05-03T02:06:32.772+0000] {logging_mixin.py:120} INFO - [2025-05-03T02:06:32.772+0000] {dagbag.py:537} INFO - Filling up the DagBag from /home/airflow/.local/lib/python3.7/site-packages/airflow/example_dags/example_trigger_target_dag.py
[2025-05-03T02:06:32.783+0000] {processor.py:766} INFO - DAG(s) dict_keys(['example_trigger_target_dag']) retrieved from /home/airflow/.local/lib/python3.7/site-packages/airflow/example_dags/example_trigger_target_dag.py
[2025-05-03T02:06:32.804+0000] {logging_mixin.py:120} INFO - [2025-05-03T02:06:32.804+0000] {dag.py:2585} INFO - Sync 1 DAGs
[2025-05-03T02:06:32.816+0000] {logging_mixin.py:120} INFO - [2025-05-03T02:06:32.815+0000] {dag.py:3340} INFO - Setting next_dagrun for example_trigger_target_dag to None, run_after=None
[2025-05-03T02:06:32.827+0000] {processor.py:176} INFO - Processing /home/airflow/.local/lib/python3.7/site-packages/airflow/example_dags/example_trigger_target_dag.py took 0.059 seconds
[2025-05-03T02:48:24.586+0000] {processor.py:154} INFO - Started process (PID=43001) to work on /home/airflow/.local/lib/python3.7/site-packages/airflow/example_dags/example_trigger_target_dag.py
[2025-05-03T02:48:24.591+0000] {processor.py:756} INFO - Processing file /home/airflow/.local/lib/python3.7/site-packages/airflow/example_dags/example_trigger_target_dag.py for tasks to queue
[2025-05-03T02:48:24.591+0000] {logging_mixin.py:120} INFO - [2025-05-03T02:48:24.591+0000] {dagbag.py:537} INFO - Filling up the DagBag from /home/airflow/.local/lib/python3.7/site-packages/airflow/example_dags/example_trigger_target_dag.py
[2025-05-03T02:48:24.602+0000] {processor.py:766} INFO - DAG(s) dict_keys(['example_trigger_target_dag']) retrieved from /home/airflow/.local/lib/python3.7/site-packages/airflow/example_dags/example_trigger_target_dag.py
[2025-05-03T02:48:24.623+0000] {logging_mixin.py:120} INFO - [2025-05-03T02:48:24.623+0000] {dag.py:2585} INFO - Sync 1 DAGs
[2025-05-03T02:48:24.635+0000] {logging_mixin.py:120} INFO - [2025-05-03T02:48:24.635+0000] {dag.py:3340} INFO - Setting next_dagrun for example_trigger_target_dag to None, run_after=None
[2025-05-03T02:48:24.646+0000] {processor.py:176} INFO - Processing /home/airflow/.local/lib/python3.7/site-packages/airflow/example_dags/example_trigger_target_dag.py took 0.062 seconds
[2025-05-03T03:21:20.357+0000] {processor.py:154} INFO - Started process (PID=43064) to work on /home/airflow/.local/lib/python3.7/site-packages/airflow/example_dags/example_trigger_target_dag.py
[2025-05-03T03:21:20.359+0000] {processor.py:756} INFO - Processing file /home/airflow/.local/lib/python3.7/site-packages/airflow/example_dags/example_trigger_target_dag.py for tasks to queue
[2025-05-03T03:21:20.360+0000] {logging_mixin.py:120} INFO - [2025-05-03T03:21:20.359+0000] {dagbag.py:537} INFO - Filling up the DagBag from /home/airflow/.local/lib/python3.7/site-packages/airflow/example_dags/example_trigger_target_dag.py
[2025-05-03T03:21:20.371+0000] {processor.py:766} INFO - DAG(s) dict_keys(['example_trigger_target_dag']) retrieved from /home/airflow/.local/lib/python3.7/site-packages/airflow/example_dags/example_trigger_target_dag.py
[2025-05-03T03:21:20.394+0000] {logging_mixin.py:120} INFO - [2025-05-03T03:21:20.394+0000] {dag.py:2585} INFO - Sync 1 DAGs
[2025-05-03T03:21:20.405+0000] {logging_mixin.py:120} INFO - [2025-05-03T03:21:20.405+0000] {dag.py:3340} INFO - Setting next_dagrun for example_trigger_target_dag to None, run_after=None
[2025-05-03T03:21:20.417+0000] {processor.py:176} INFO - Processing /home/airflow/.local/lib/python3.7/site-packages/airflow/example_dags/example_trigger_target_dag.py took 0.061 seconds
[2025-05-03T04:10:42.422+0000] {processor.py:154} INFO - Started process (PID=43118) to work on /home/airflow/.local/lib/python3.7/site-packages/airflow/example_dags/example_trigger_target_dag.py
[2025-05-03T04:10:42.423+0000] {processor.py:756} INFO - Processing file /home/airflow/.local/lib/python3.7/site-packages/airflow/example_dags/example_trigger_target_dag.py for tasks to queue
[2025-05-03T04:10:42.423+0000] {logging_mixin.py:120} INFO - [2025-05-03T04:10:42.423+0000] {dagbag.py:537} INFO - Filling up the DagBag from /home/airflow/.local/lib/python3.7/site-packages/airflow/example_dags/example_trigger_target_dag.py
[2025-05-03T04:10:42.434+0000] {processor.py:766} INFO - DAG(s) dict_keys(['example_trigger_target_dag']) retrieved from /home/airflow/.local/lib/python3.7/site-packages/airflow/example_dags/example_trigger_target_dag.py
[2025-05-03T04:10:42.457+0000] {logging_mixin.py:120} INFO - [2025-05-03T04:10:42.457+0000] {dag.py:2585} INFO - Sync 1 DAGs
[2025-05-03T04:10:42.470+0000] {logging_mixin.py:120} INFO - [2025-05-03T04:10:42.470+0000] {dag.py:3340} INFO - Setting next_dagrun for example_trigger_target_dag to None, run_after=None
[2025-05-03T04:10:42.481+0000] {processor.py:176} INFO - Processing /home/airflow/.local/lib/python3.7/site-packages/airflow/example_dags/example_trigger_target_dag.py took 0.061 seconds
[2025-05-03T04:54:16.461+0000] {processor.py:154} INFO - Started process (PID=43181) to work on /home/airflow/.local/lib/python3.7/site-packages/airflow/example_dags/example_trigger_target_dag.py
[2025-05-03T04:54:16.462+0000] {processor.py:756} INFO - Processing file /home/airflow/.local/lib/python3.7/site-packages/airflow/example_dags/example_trigger_target_dag.py for tasks to queue
[2025-05-03T04:54:16.462+0000] {logging_mixin.py:120} INFO - [2025-05-03T04:54:16.462+0000] {dagbag.py:537} INFO - Filling up the DagBag from /home/airflow/.local/lib/python3.7/site-packages/airflow/example_dags/example_trigger_target_dag.py
[2025-05-03T04:54:16.473+0000] {processor.py:766} INFO - DAG(s) dict_keys(['example_trigger_target_dag']) retrieved from /home/airflow/.local/lib/python3.7/site-packages/airflow/example_dags/example_trigger_target_dag.py
[2025-05-03T04:54:16.492+0000] {logging_mixin.py:120} INFO - [2025-05-03T04:54:16.492+0000] {dag.py:2585} INFO - Sync 1 DAGs
[2025-05-03T04:54:16.502+0000] {logging_mixin.py:120} INFO - [2025-05-03T04:54:16.502+0000] {dag.py:3340} INFO - Setting next_dagrun for example_trigger_target_dag to None, run_after=None
[2025-05-03T04:54:16.510+0000] {processor.py:176} INFO - Processing /home/airflow/.local/lib/python3.7/site-packages/airflow/example_dags/example_trigger_target_dag.py took 0.051 seconds
[2025-05-03T05:53:09.751+0000] {processor.py:154} INFO - Started process (PID=43244) to work on /home/airflow/.local/lib/python3.7/site-packages/airflow/example_dags/example_trigger_target_dag.py
[2025-05-03T05:53:09.751+0000] {processor.py:756} INFO - Processing file /home/airflow/.local/lib/python3.7/site-packages/airflow/example_dags/example_trigger_target_dag.py for tasks to queue
[2025-05-03T05:53:09.752+0000] {logging_mixin.py:120} INFO - [2025-05-03T05:53:09.752+0000] {dagbag.py:537} INFO - Filling up the DagBag from /home/airflow/.local/lib/python3.7/site-packages/airflow/example_dags/example_trigger_target_dag.py
[2025-05-03T05:53:09.762+0000] {processor.py:766} INFO - DAG(s) dict_keys(['example_trigger_target_dag']) retrieved from /home/airflow/.local/lib/python3.7/site-packages/airflow/example_dags/example_trigger_target_dag.py
[2025-05-03T05:53:09.785+0000] {logging_mixin.py:120} INFO - [2025-05-03T05:53:09.785+0000] {dag.py:2585} INFO - Sync 1 DAGs
[2025-05-03T05:53:09.795+0000] {logging_mixin.py:120} INFO - [2025-05-03T05:53:09.795+0000] {dag.py:3340} INFO - Setting next_dagrun for example_trigger_target_dag to None, run_after=None
[2025-05-03T05:53:09.805+0000] {processor.py:176} INFO - Processing /home/airflow/.local/lib/python3.7/site-packages/airflow/example_dags/example_trigger_target_dag.py took 0.056 seconds
[2025-05-03T06:30:38.679+0000] {processor.py:154} INFO - Started process (PID=43308) to work on /home/airflow/.local/lib/python3.7/site-packages/airflow/example_dags/example_trigger_target_dag.py
[2025-05-03T06:30:38.679+0000] {processor.py:756} INFO - Processing file /home/airflow/.local/lib/python3.7/site-packages/airflow/example_dags/example_trigger_target_dag.py for tasks to queue
[2025-05-03T06:30:38.680+0000] {logging_mixin.py:120} INFO - [2025-05-03T06:30:38.680+0000] {dagbag.py:537} INFO - Filling up the DagBag from /home/airflow/.local/lib/python3.7/site-packages/airflow/example_dags/example_trigger_target_dag.py
[2025-05-03T06:30:38.690+0000] {processor.py:766} INFO - DAG(s) dict_keys(['example_trigger_target_dag']) retrieved from /home/airflow/.local/lib/python3.7/site-packages/airflow/example_dags/example_trigger_target_dag.py
[2025-05-03T06:30:38.711+0000] {logging_mixin.py:120} INFO - [2025-05-03T06:30:38.711+0000] {dag.py:2585} INFO - Sync 1 DAGs
[2025-05-03T06:30:38.723+0000] {logging_mixin.py:120} INFO - [2025-05-03T06:30:38.723+0000] {dag.py:3340} INFO - Setting next_dagrun for example_trigger_target_dag to None, run_after=None
[2025-05-03T06:30:38.733+0000] {processor.py:176} INFO - Processing /home/airflow/.local/lib/python3.7/site-packages/airflow/example_dags/example_trigger_target_dag.py took 0.056 seconds
[2025-05-03T07:22:16.314+0000] {processor.py:154} INFO - Started process (PID=43371) to work on /home/airflow/.local/lib/python3.7/site-packages/airflow/example_dags/example_trigger_target_dag.py
[2025-05-03T07:22:16.315+0000] {processor.py:756} INFO - Processing file /home/airflow/.local/lib/python3.7/site-packages/airflow/example_dags/example_trigger_target_dag.py for tasks to queue
[2025-05-03T07:22:16.316+0000] {logging_mixin.py:120} INFO - [2025-05-03T07:22:16.316+0000] {dagbag.py:537} INFO - Filling up the DagBag from /home/airflow/.local/lib/python3.7/site-packages/airflow/example_dags/example_trigger_target_dag.py
[2025-05-03T07:22:16.325+0000] {processor.py:766} INFO - DAG(s) dict_keys(['example_trigger_target_dag']) retrieved from /home/airflow/.local/lib/python3.7/site-packages/airflow/example_dags/example_trigger_target_dag.py
[2025-05-03T07:22:16.348+0000] {logging_mixin.py:120} INFO - [2025-05-03T07:22:16.347+0000] {dag.py:2585} INFO - Sync 1 DAGs
[2025-05-03T07:22:16.358+0000] {logging_mixin.py:120} INFO - [2025-05-03T07:22:16.358+0000] {dag.py:3340} INFO - Setting next_dagrun for example_trigger_target_dag to None, run_after=None
[2025-05-03T07:22:16.367+0000] {processor.py:176} INFO - Processing /home/airflow/.local/lib/python3.7/site-packages/airflow/example_dags/example_trigger_target_dag.py took 0.055 seconds
[2025-05-03T08:23:11.148+0000] {processor.py:154} INFO - Started process (PID=43434) to work on /home/airflow/.local/lib/python3.7/site-packages/airflow/example_dags/example_trigger_target_dag.py
[2025-05-03T08:23:11.149+0000] {processor.py:756} INFO - Processing file /home/airflow/.local/lib/python3.7/site-packages/airflow/example_dags/example_trigger_target_dag.py for tasks to queue
[2025-05-03T08:23:11.149+0000] {logging_mixin.py:120} INFO - [2025-05-03T08:23:11.149+0000] {dagbag.py:537} INFO - Filling up the DagBag from /home/airflow/.local/lib/python3.7/site-packages/airflow/example_dags/example_trigger_target_dag.py
[2025-05-03T08:23:11.160+0000] {processor.py:766} INFO - DAG(s) dict_keys(['example_trigger_target_dag']) retrieved from /home/airflow/.local/lib/python3.7/site-packages/airflow/example_dags/example_trigger_target_dag.py
[2025-05-03T08:23:11.183+0000] {logging_mixin.py:120} INFO - [2025-05-03T08:23:11.183+0000] {dag.py:2585} INFO - Sync 1 DAGs
[2025-05-03T08:23:11.195+0000] {logging_mixin.py:120} INFO - [2025-05-03T08:23:11.195+0000] {dag.py:3340} INFO - Setting next_dagrun for example_trigger_target_dag to None, run_after=None
[2025-05-03T08:23:11.207+0000] {processor.py:176} INFO - Processing /home/airflow/.local/lib/python3.7/site-packages/airflow/example_dags/example_trigger_target_dag.py took 0.061 seconds
[2025-05-03T09:41:38.768+0000] {processor.py:154} INFO - Started process (PID=43487) to work on /home/airflow/.local/lib/python3.7/site-packages/airflow/example_dags/example_trigger_target_dag.py
[2025-05-03T09:41:38.769+0000] {processor.py:756} INFO - Processing file /home/airflow/.local/lib/python3.7/site-packages/airflow/example_dags/example_trigger_target_dag.py for tasks to queue
[2025-05-03T09:41:38.770+0000] {logging_mixin.py:120} INFO - [2025-05-03T09:41:38.770+0000] {dagbag.py:537} INFO - Filling up the DagBag from /home/airflow/.local/lib/python3.7/site-packages/airflow/example_dags/example_trigger_target_dag.py
[2025-05-03T09:41:38.782+0000] {processor.py:766} INFO - DAG(s) dict_keys(['example_trigger_target_dag']) retrieved from /home/airflow/.local/lib/python3.7/site-packages/airflow/example_dags/example_trigger_target_dag.py
[2025-05-03T09:41:38.802+0000] {logging_mixin.py:120} INFO - [2025-05-03T09:41:38.802+0000] {dag.py:2585} INFO - Sync 1 DAGs
[2025-05-03T09:41:38.814+0000] {logging_mixin.py:120} INFO - [2025-05-03T09:41:38.814+0000] {dag.py:3340} INFO - Setting next_dagrun for example_trigger_target_dag to None, run_after=None
[2025-05-03T09:41:38.825+0000] {processor.py:176} INFO - Processing /home/airflow/.local/lib/python3.7/site-packages/airflow/example_dags/example_trigger_target_dag.py took 0.059 seconds
[2025-05-03T10:58:28.270+0000] {processor.py:154} INFO - Started process (PID=43550) to work on /home/airflow/.local/lib/python3.7/site-packages/airflow/example_dags/example_trigger_target_dag.py
[2025-05-03T10:58:28.271+0000] {processor.py:756} INFO - Processing file /home/airflow/.local/lib/python3.7/site-packages/airflow/example_dags/example_trigger_target_dag.py for tasks to queue
[2025-05-03T10:58:28.273+0000] {logging_mixin.py:120} INFO - [2025-05-03T10:58:28.273+0000] {dagbag.py:537} INFO - Filling up the DagBag from /home/airflow/.local/lib/python3.7/site-packages/airflow/example_dags/example_trigger_target_dag.py
[2025-05-03T10:58:28.284+0000] {processor.py:766} INFO - DAG(s) dict_keys(['example_trigger_target_dag']) retrieved from /home/airflow/.local/lib/python3.7/site-packages/airflow/example_dags/example_trigger_target_dag.py
[2025-05-03T10:58:28.304+0000] {logging_mixin.py:120} INFO - [2025-05-03T10:58:28.304+0000] {dag.py:2585} INFO - Sync 1 DAGs
[2025-05-03T10:58:28.315+0000] {logging_mixin.py:120} INFO - [2025-05-03T10:58:28.315+0000] {dag.py:3340} INFO - Setting next_dagrun for example_trigger_target_dag to None, run_after=None
[2025-05-03T10:58:28.323+0000] {processor.py:176} INFO - Processing /home/airflow/.local/lib/python3.7/site-packages/airflow/example_dags/example_trigger_target_dag.py took 0.055 seconds
[2025-05-03T11:42:15.200+0000] {processor.py:154} INFO - Started process (PID=43613) to work on /home/airflow/.local/lib/python3.7/site-packages/airflow/example_dags/example_trigger_target_dag.py
[2025-05-03T11:42:15.200+0000] {processor.py:756} INFO - Processing file /home/airflow/.local/lib/python3.7/site-packages/airflow/example_dags/example_trigger_target_dag.py for tasks to queue
[2025-05-03T11:42:15.201+0000] {logging_mixin.py:120} INFO - [2025-05-03T11:42:15.201+0000] {dagbag.py:537} INFO - Filling up the DagBag from /home/airflow/.local/lib/python3.7/site-packages/airflow/example_dags/example_trigger_target_dag.py
[2025-05-03T11:42:15.213+0000] {processor.py:766} INFO - DAG(s) dict_keys(['example_trigger_target_dag']) retrieved from /home/airflow/.local/lib/python3.7/site-packages/airflow/example_dags/example_trigger_target_dag.py
[2025-05-03T11:42:15.233+0000] {logging_mixin.py:120} INFO - [2025-05-03T11:42:15.233+0000] {dag.py:2585} INFO - Sync 1 DAGs
[2025-05-03T11:42:15.245+0000] {logging_mixin.py:120} INFO - [2025-05-03T11:42:15.245+0000] {dag.py:3340} INFO - Setting next_dagrun for example_trigger_target_dag to None, run_after=None
[2025-05-03T11:42:15.256+0000] {processor.py:176} INFO - Processing /home/airflow/.local/lib/python3.7/site-packages/airflow/example_dags/example_trigger_target_dag.py took 0.058 seconds
[2025-05-03T12:59:20.587+0000] {processor.py:154} INFO - Started process (PID=43676) to work on /home/airflow/.local/lib/python3.7/site-packages/airflow/example_dags/example_trigger_target_dag.py
[2025-05-03T12:59:20.587+0000] {processor.py:756} INFO - Processing file /home/airflow/.local/lib/python3.7/site-packages/airflow/example_dags/example_trigger_target_dag.py for tasks to queue
[2025-05-03T12:59:20.588+0000] {logging_mixin.py:120} INFO - [2025-05-03T12:59:20.588+0000] {dagbag.py:537} INFO - Filling up the DagBag from /home/airflow/.local/lib/python3.7/site-packages/airflow/example_dags/example_trigger_target_dag.py
[2025-05-03T12:59:20.600+0000] {processor.py:766} INFO - DAG(s) dict_keys(['example_trigger_target_dag']) retrieved from /home/airflow/.local/lib/python3.7/site-packages/airflow/example_dags/example_trigger_target_dag.py
[2025-05-03T12:59:20.620+0000] {logging_mixin.py:120} INFO - [2025-05-03T12:59:20.620+0000] {dag.py:2585} INFO - Sync 1 DAGs
[2025-05-03T12:59:20.634+0000] {logging_mixin.py:120} INFO - [2025-05-03T12:59:20.634+0000] {dag.py:3340} INFO - Setting next_dagrun for example_trigger_target_dag to None, run_after=None
[2025-05-03T12:59:20.643+0000] {processor.py:176} INFO - Processing /home/airflow/.local/lib/python3.7/site-packages/airflow/example_dags/example_trigger_target_dag.py took 0.059 seconds
[2025-05-03T13:28:31.688+0000] {processor.py:154} INFO - Started process (PID=43739) to work on /home/airflow/.local/lib/python3.7/site-packages/airflow/example_dags/example_trigger_target_dag.py
[2025-05-03T13:28:31.692+0000] {processor.py:756} INFO - Processing file /home/airflow/.local/lib/python3.7/site-packages/airflow/example_dags/example_trigger_target_dag.py for tasks to queue
[2025-05-03T13:28:31.693+0000] {logging_mixin.py:120} INFO - [2025-05-03T13:28:31.693+0000] {dagbag.py:537} INFO - Filling up the DagBag from /home/airflow/.local/lib/python3.7/site-packages/airflow/example_dags/example_trigger_target_dag.py
[2025-05-03T13:28:31.704+0000] {processor.py:766} INFO - DAG(s) dict_keys(['example_trigger_target_dag']) retrieved from /home/airflow/.local/lib/python3.7/site-packages/airflow/example_dags/example_trigger_target_dag.py
[2025-05-03T13:28:31.724+0000] {logging_mixin.py:120} INFO - [2025-05-03T13:28:31.724+0000] {dag.py:2585} INFO - Sync 1 DAGs
[2025-05-03T13:28:31.734+0000] {logging_mixin.py:120} INFO - [2025-05-03T13:28:31.734+0000] {dag.py:3340} INFO - Setting next_dagrun for example_trigger_target_dag to None, run_after=None
[2025-05-03T13:28:31.743+0000] {processor.py:176} INFO - Processing /home/airflow/.local/lib/python3.7/site-packages/airflow/example_dags/example_trigger_target_dag.py took 0.056 seconds
[2025-05-03T13:29:08.542+0000] {processor.py:154} INFO - Started process (PID=43802) to work on /home/airflow/.local/lib/python3.7/site-packages/airflow/example_dags/example_trigger_target_dag.py
[2025-05-03T13:29:08.543+0000] {processor.py:756} INFO - Processing file /home/airflow/.local/lib/python3.7/site-packages/airflow/example_dags/example_trigger_target_dag.py for tasks to queue
[2025-05-03T13:29:08.544+0000] {logging_mixin.py:120} INFO - [2025-05-03T13:29:08.544+0000] {dagbag.py:537} INFO - Filling up the DagBag from /home/airflow/.local/lib/python3.7/site-packages/airflow/example_dags/example_trigger_target_dag.py
[2025-05-03T13:29:08.556+0000] {processor.py:766} INFO - DAG(s) dict_keys(['example_trigger_target_dag']) retrieved from /home/airflow/.local/lib/python3.7/site-packages/airflow/example_dags/example_trigger_target_dag.py
[2025-05-03T13:29:08.578+0000] {logging_mixin.py:120} INFO - [2025-05-03T13:29:08.578+0000] {dag.py:2585} INFO - Sync 1 DAGs
[2025-05-03T13:29:08.588+0000] {logging_mixin.py:120} INFO - [2025-05-03T13:29:08.588+0000] {dag.py:3340} INFO - Setting next_dagrun for example_trigger_target_dag to None, run_after=None
[2025-05-03T13:29:08.597+0000] {processor.py:176} INFO - Processing /home/airflow/.local/lib/python3.7/site-packages/airflow/example_dags/example_trigger_target_dag.py took 0.057 seconds
[2025-05-03T14:29:10.982+0000] {processor.py:154} INFO - Started process (PID=43863) to work on /home/airflow/.local/lib/python3.7/site-packages/airflow/example_dags/example_trigger_target_dag.py
[2025-05-03T14:29:10.983+0000] {processor.py:756} INFO - Processing file /home/airflow/.local/lib/python3.7/site-packages/airflow/example_dags/example_trigger_target_dag.py for tasks to queue
[2025-05-03T14:29:10.983+0000] {logging_mixin.py:120} INFO - [2025-05-03T14:29:10.983+0000] {dagbag.py:537} INFO - Filling up the DagBag from /home/airflow/.local/lib/python3.7/site-packages/airflow/example_dags/example_trigger_target_dag.py
[2025-05-03T14:29:10.995+0000] {processor.py:766} INFO - DAG(s) dict_keys(['example_trigger_target_dag']) retrieved from /home/airflow/.local/lib/python3.7/site-packages/airflow/example_dags/example_trigger_target_dag.py
[2025-05-03T14:29:11.017+0000] {logging_mixin.py:120} INFO - [2025-05-03T14:29:11.017+0000] {dag.py:2585} INFO - Sync 1 DAGs
[2025-05-03T14:29:11.029+0000] {logging_mixin.py:120} INFO - [2025-05-03T14:29:11.029+0000] {dag.py:3340} INFO - Setting next_dagrun for example_trigger_target_dag to None, run_after=None
[2025-05-03T14:29:11.038+0000] {processor.py:176} INFO - Processing /home/airflow/.local/lib/python3.7/site-packages/airflow/example_dags/example_trigger_target_dag.py took 0.058 seconds
[2025-05-03T15:07:54.073+0000] {processor.py:154} INFO - Started process (PID=43917) to work on /home/airflow/.local/lib/python3.7/site-packages/airflow/example_dags/example_trigger_target_dag.py
[2025-05-03T15:07:54.073+0000] {processor.py:756} INFO - Processing file /home/airflow/.local/lib/python3.7/site-packages/airflow/example_dags/example_trigger_target_dag.py for tasks to queue
[2025-05-03T15:07:54.075+0000] {logging_mixin.py:120} INFO - [2025-05-03T15:07:54.075+0000] {dagbag.py:537} INFO - Filling up the DagBag from /home/airflow/.local/lib/python3.7/site-packages/airflow/example_dags/example_trigger_target_dag.py
[2025-05-03T15:07:54.085+0000] {processor.py:766} INFO - DAG(s) dict_keys(['example_trigger_target_dag']) retrieved from /home/airflow/.local/lib/python3.7/site-packages/airflow/example_dags/example_trigger_target_dag.py
[2025-05-03T15:07:54.107+0000] {logging_mixin.py:120} INFO - [2025-05-03T15:07:54.107+0000] {dag.py:2585} INFO - Sync 1 DAGs
[2025-05-03T15:07:54.119+0000] {logging_mixin.py:120} INFO - [2025-05-03T15:07:54.119+0000] {dag.py:3340} INFO - Setting next_dagrun for example_trigger_target_dag to None, run_after=None
[2025-05-03T15:07:54.130+0000] {processor.py:176} INFO - Processing /home/airflow/.local/lib/python3.7/site-packages/airflow/example_dags/example_trigger_target_dag.py took 0.059 seconds
[2025-05-03T16:21:03.440+0000] {processor.py:154} INFO - Started process (PID=43980) to work on /home/airflow/.local/lib/python3.7/site-packages/airflow/example_dags/example_trigger_target_dag.py
[2025-05-03T16:21:03.441+0000] {processor.py:756} INFO - Processing file /home/airflow/.local/lib/python3.7/site-packages/airflow/example_dags/example_trigger_target_dag.py for tasks to queue
[2025-05-03T16:21:03.441+0000] {logging_mixin.py:120} INFO - [2025-05-03T16:21:03.441+0000] {dagbag.py:537} INFO - Filling up the DagBag from /home/airflow/.local/lib/python3.7/site-packages/airflow/example_dags/example_trigger_target_dag.py
[2025-05-03T16:21:03.452+0000] {processor.py:766} INFO - DAG(s) dict_keys(['example_trigger_target_dag']) retrieved from /home/airflow/.local/lib/python3.7/site-packages/airflow/example_dags/example_trigger_target_dag.py
[2025-05-03T16:21:03.473+0000] {logging_mixin.py:120} INFO - [2025-05-03T16:21:03.473+0000] {dag.py:2585} INFO - Sync 1 DAGs
[2025-05-03T16:21:03.484+0000] {logging_mixin.py:120} INFO - [2025-05-03T16:21:03.484+0000] {dag.py:3340} INFO - Setting next_dagrun for example_trigger_target_dag to None, run_after=None
[2025-05-03T16:21:03.492+0000] {processor.py:176} INFO - Processing /home/airflow/.local/lib/python3.7/site-packages/airflow/example_dags/example_trigger_target_dag.py took 0.054 seconds
[2025-05-03T16:48:05.793+0000] {processor.py:154} INFO - Started process (PID=44042) to work on /home/airflow/.local/lib/python3.7/site-packages/airflow/example_dags/example_trigger_target_dag.py
[2025-05-03T16:48:05.796+0000] {processor.py:756} INFO - Processing file /home/airflow/.local/lib/python3.7/site-packages/airflow/example_dags/example_trigger_target_dag.py for tasks to queue
[2025-05-03T16:48:05.797+0000] {logging_mixin.py:120} INFO - [2025-05-03T16:48:05.797+0000] {dagbag.py:537} INFO - Filling up the DagBag from /home/airflow/.local/lib/python3.7/site-packages/airflow/example_dags/example_trigger_target_dag.py
[2025-05-03T16:48:05.808+0000] {processor.py:766} INFO - DAG(s) dict_keys(['example_trigger_target_dag']) retrieved from /home/airflow/.local/lib/python3.7/site-packages/airflow/example_dags/example_trigger_target_dag.py
[2025-05-03T16:48:05.830+0000] {logging_mixin.py:120} INFO - [2025-05-03T16:48:05.830+0000] {dag.py:2585} INFO - Sync 1 DAGs
[2025-05-03T16:48:05.842+0000] {logging_mixin.py:120} INFO - [2025-05-03T16:48:05.842+0000] {dag.py:3340} INFO - Setting next_dagrun for example_trigger_target_dag to None, run_after=None
[2025-05-03T16:48:05.853+0000] {processor.py:176} INFO - Processing /home/airflow/.local/lib/python3.7/site-packages/airflow/example_dags/example_trigger_target_dag.py took 0.061 seconds
[2025-05-03T18:05:54.291+0000] {processor.py:154} INFO - Started process (PID=44105) to work on /home/airflow/.local/lib/python3.7/site-packages/airflow/example_dags/example_trigger_target_dag.py
[2025-05-03T18:05:54.292+0000] {processor.py:756} INFO - Processing file /home/airflow/.local/lib/python3.7/site-packages/airflow/example_dags/example_trigger_target_dag.py for tasks to queue
[2025-05-03T18:05:54.294+0000] {logging_mixin.py:120} INFO - [2025-05-03T18:05:54.294+0000] {dagbag.py:537} INFO - Filling up the DagBag from /home/airflow/.local/lib/python3.7/site-packages/airflow/example_dags/example_trigger_target_dag.py
[2025-05-03T18:05:54.305+0000] {processor.py:766} INFO - DAG(s) dict_keys(['example_trigger_target_dag']) retrieved from /home/airflow/.local/lib/python3.7/site-packages/airflow/example_dags/example_trigger_target_dag.py
[2025-05-03T18:05:54.327+0000] {logging_mixin.py:120} INFO - [2025-05-03T18:05:54.327+0000] {dag.py:2585} INFO - Sync 1 DAGs
[2025-05-03T18:05:54.339+0000] {logging_mixin.py:120} INFO - [2025-05-03T18:05:54.338+0000] {dag.py:3340} INFO - Setting next_dagrun for example_trigger_target_dag to None, run_after=None
[2025-05-03T18:05:54.349+0000] {processor.py:176} INFO - Processing /home/airflow/.local/lib/python3.7/site-packages/airflow/example_dags/example_trigger_target_dag.py took 0.061 seconds
[2025-05-03T19:25:57.793+0000] {processor.py:154} INFO - Started process (PID=44168) to work on /home/airflow/.local/lib/python3.7/site-packages/airflow/example_dags/example_trigger_target_dag.py
[2025-05-03T19:25:57.793+0000] {processor.py:756} INFO - Processing file /home/airflow/.local/lib/python3.7/site-packages/airflow/example_dags/example_trigger_target_dag.py for tasks to queue
[2025-05-03T19:25:57.794+0000] {logging_mixin.py:120} INFO - [2025-05-03T19:25:57.794+0000] {dagbag.py:537} INFO - Filling up the DagBag from /home/airflow/.local/lib/python3.7/site-packages/airflow/example_dags/example_trigger_target_dag.py
[2025-05-03T19:25:57.804+0000] {processor.py:766} INFO - DAG(s) dict_keys(['example_trigger_target_dag']) retrieved from /home/airflow/.local/lib/python3.7/site-packages/airflow/example_dags/example_trigger_target_dag.py
[2025-05-03T19:25:57.824+0000] {logging_mixin.py:120} INFO - [2025-05-03T19:25:57.824+0000] {dag.py:2585} INFO - Sync 1 DAGs
[2025-05-03T19:25:57.835+0000] {logging_mixin.py:120} INFO - [2025-05-03T19:25:57.835+0000] {dag.py:3340} INFO - Setting next_dagrun for example_trigger_target_dag to None, run_after=None
[2025-05-03T19:25:57.847+0000] {processor.py:176} INFO - Processing /home/airflow/.local/lib/python3.7/site-packages/airflow/example_dags/example_trigger_target_dag.py took 0.056 seconds
[2025-05-03T20:07:05.316+0000] {processor.py:154} INFO - Started process (PID=44230) to work on /home/airflow/.local/lib/python3.7/site-packages/airflow/example_dags/example_trigger_target_dag.py
[2025-05-03T20:07:05.317+0000] {processor.py:756} INFO - Processing file /home/airflow/.local/lib/python3.7/site-packages/airflow/example_dags/example_trigger_target_dag.py for tasks to queue
[2025-05-03T20:07:05.317+0000] {logging_mixin.py:120} INFO - [2025-05-03T20:07:05.317+0000] {dagbag.py:537} INFO - Filling up the DagBag from /home/airflow/.local/lib/python3.7/site-packages/airflow/example_dags/example_trigger_target_dag.py
[2025-05-03T20:07:05.327+0000] {processor.py:766} INFO - DAG(s) dict_keys(['example_trigger_target_dag']) retrieved from /home/airflow/.local/lib/python3.7/site-packages/airflow/example_dags/example_trigger_target_dag.py
[2025-05-03T20:07:05.348+0000] {logging_mixin.py:120} INFO - [2025-05-03T20:07:05.347+0000] {dag.py:2585} INFO - Sync 1 DAGs
[2025-05-03T20:07:05.361+0000] {logging_mixin.py:120} INFO - [2025-05-03T20:07:05.361+0000] {dag.py:3340} INFO - Setting next_dagrun for example_trigger_target_dag to None, run_after=None
[2025-05-03T20:07:05.375+0000] {processor.py:176} INFO - Processing /home/airflow/.local/lib/python3.7/site-packages/airflow/example_dags/example_trigger_target_dag.py took 0.060 seconds
[2025-05-03T21:36:13.684+0000] {processor.py:154} INFO - Started process (PID=44284) to work on /home/airflow/.local/lib/python3.7/site-packages/airflow/example_dags/example_trigger_target_dag.py
[2025-05-03T21:36:13.684+0000] {processor.py:756} INFO - Processing file /home/airflow/.local/lib/python3.7/site-packages/airflow/example_dags/example_trigger_target_dag.py for tasks to queue
[2025-05-03T21:36:13.685+0000] {logging_mixin.py:120} INFO - [2025-05-03T21:36:13.685+0000] {dagbag.py:537} INFO - Filling up the DagBag from /home/airflow/.local/lib/python3.7/site-packages/airflow/example_dags/example_trigger_target_dag.py
[2025-05-03T21:36:13.697+0000] {processor.py:766} INFO - DAG(s) dict_keys(['example_trigger_target_dag']) retrieved from /home/airflow/.local/lib/python3.7/site-packages/airflow/example_dags/example_trigger_target_dag.py
[2025-05-03T21:36:13.716+0000] {logging_mixin.py:120} INFO - [2025-05-03T21:36:13.716+0000] {dag.py:2585} INFO - Sync 1 DAGs
[2025-05-03T21:36:13.728+0000] {logging_mixin.py:120} INFO - [2025-05-03T21:36:13.728+0000] {dag.py:3340} INFO - Setting next_dagrun for example_trigger_target_dag to None, run_after=None
[2025-05-03T21:36:13.736+0000] {processor.py:176} INFO - Processing /home/airflow/.local/lib/python3.7/site-packages/airflow/example_dags/example_trigger_target_dag.py took 0.054 seconds
[2025-05-03T22:19:52.658+0000] {processor.py:154} INFO - Started process (PID=44347) to work on /home/airflow/.local/lib/python3.7/site-packages/airflow/example_dags/example_trigger_target_dag.py
[2025-05-03T22:19:52.659+0000] {processor.py:756} INFO - Processing file /home/airflow/.local/lib/python3.7/site-packages/airflow/example_dags/example_trigger_target_dag.py for tasks to queue
[2025-05-03T22:19:52.660+0000] {logging_mixin.py:120} INFO - [2025-05-03T22:19:52.660+0000] {dagbag.py:537} INFO - Filling up the DagBag from /home/airflow/.local/lib/python3.7/site-packages/airflow/example_dags/example_trigger_target_dag.py
[2025-05-03T22:19:52.671+0000] {processor.py:766} INFO - DAG(s) dict_keys(['example_trigger_target_dag']) retrieved from /home/airflow/.local/lib/python3.7/site-packages/airflow/example_dags/example_trigger_target_dag.py
[2025-05-03T22:19:52.691+0000] {logging_mixin.py:120} INFO - [2025-05-03T22:19:52.691+0000] {dag.py:2585} INFO - Sync 1 DAGs
[2025-05-03T22:19:52.701+0000] {logging_mixin.py:120} INFO - [2025-05-03T22:19:52.701+0000] {dag.py:3340} INFO - Setting next_dagrun for example_trigger_target_dag to None, run_after=None
[2025-05-03T22:19:52.711+0000] {processor.py:176} INFO - Processing /home/airflow/.local/lib/python3.7/site-packages/airflow/example_dags/example_trigger_target_dag.py took 0.054 seconds
[2025-05-03T23:04:45.758+0000] {processor.py:154} INFO - Started process (PID=44410) to work on /home/airflow/.local/lib/python3.7/site-packages/airflow/example_dags/example_trigger_target_dag.py
[2025-05-03T23:04:45.759+0000] {processor.py:756} INFO - Processing file /home/airflow/.local/lib/python3.7/site-packages/airflow/example_dags/example_trigger_target_dag.py for tasks to queue
[2025-05-03T23:04:45.759+0000] {logging_mixin.py:120} INFO - [2025-05-03T23:04:45.759+0000] {dagbag.py:537} INFO - Filling up the DagBag from /home/airflow/.local/lib/python3.7/site-packages/airflow/example_dags/example_trigger_target_dag.py
[2025-05-03T23:04:45.768+0000] {processor.py:766} INFO - DAG(s) dict_keys(['example_trigger_target_dag']) retrieved from /home/airflow/.local/lib/python3.7/site-packages/airflow/example_dags/example_trigger_target_dag.py
[2025-05-03T23:04:45.787+0000] {logging_mixin.py:120} INFO - [2025-05-03T23:04:45.787+0000] {dag.py:2585} INFO - Sync 1 DAGs
[2025-05-03T23:04:45.798+0000] {logging_mixin.py:120} INFO - [2025-05-03T23:04:45.798+0000] {dag.py:3340} INFO - Setting next_dagrun for example_trigger_target_dag to None, run_after=None
[2025-05-03T23:04:45.809+0000] {processor.py:176} INFO - Processing /home/airflow/.local/lib/python3.7/site-packages/airflow/example_dags/example_trigger_target_dag.py took 0.052 seconds
[2025-05-03T23:22:08.032+0000] {processor.py:154} INFO - Started process (PID=44472) to work on /home/airflow/.local/lib/python3.7/site-packages/airflow/example_dags/example_trigger_target_dag.py
[2025-05-03T23:22:08.032+0000] {processor.py:756} INFO - Processing file /home/airflow/.local/lib/python3.7/site-packages/airflow/example_dags/example_trigger_target_dag.py for tasks to queue
[2025-05-03T23:22:08.033+0000] {logging_mixin.py:120} INFO - [2025-05-03T23:22:08.033+0000] {dagbag.py:537} INFO - Filling up the DagBag from /home/airflow/.local/lib/python3.7/site-packages/airflow/example_dags/example_trigger_target_dag.py
[2025-05-03T23:22:08.044+0000] {processor.py:766} INFO - DAG(s) dict_keys(['example_trigger_target_dag']) retrieved from /home/airflow/.local/lib/python3.7/site-packages/airflow/example_dags/example_trigger_target_dag.py
[2025-05-03T23:22:08.065+0000] {logging_mixin.py:120} INFO - [2025-05-03T23:22:08.065+0000] {dag.py:2585} INFO - Sync 1 DAGs
[2025-05-03T23:22:08.076+0000] {logging_mixin.py:120} INFO - [2025-05-03T23:22:08.076+0000] {dag.py:3340} INFO - Setting next_dagrun for example_trigger_target_dag to None, run_after=None
[2025-05-03T23:22:08.087+0000] {processor.py:176} INFO - Processing /home/airflow/.local/lib/python3.7/site-packages/airflow/example_dags/example_trigger_target_dag.py took 0.057 seconds
[2025-05-03T23:38:29.216+0000] {processor.py:154} INFO - Started process (PID=44535) to work on /home/airflow/.local/lib/python3.7/site-packages/airflow/example_dags/example_trigger_target_dag.py
[2025-05-03T23:38:29.217+0000] {processor.py:756} INFO - Processing file /home/airflow/.local/lib/python3.7/site-packages/airflow/example_dags/example_trigger_target_dag.py for tasks to queue
[2025-05-03T23:38:29.217+0000] {logging_mixin.py:120} INFO - [2025-05-03T23:38:29.217+0000] {dagbag.py:537} INFO - Filling up the DagBag from /home/airflow/.local/lib/python3.7/site-packages/airflow/example_dags/example_trigger_target_dag.py
[2025-05-03T23:38:29.227+0000] {processor.py:766} INFO - DAG(s) dict_keys(['example_trigger_target_dag']) retrieved from /home/airflow/.local/lib/python3.7/site-packages/airflow/example_dags/example_trigger_target_dag.py
[2025-05-03T23:38:29.244+0000] {logging_mixin.py:120} INFO - [2025-05-03T23:38:29.244+0000] {dag.py:2585} INFO - Sync 1 DAGs
[2025-05-03T23:38:29.255+0000] {logging_mixin.py:120} INFO - [2025-05-03T23:38:29.255+0000] {dag.py:3340} INFO - Setting next_dagrun for example_trigger_target_dag to None, run_after=None
[2025-05-03T23:38:29.262+0000] {processor.py:176} INFO - Processing /home/airflow/.local/lib/python3.7/site-packages/airflow/example_dags/example_trigger_target_dag.py took 0.048 seconds
[2025-05-03T23:56:24.919+0000] {processor.py:154} INFO - Started process (PID=44598) to work on /home/airflow/.local/lib/python3.7/site-packages/airflow/example_dags/example_trigger_target_dag.py
[2025-05-03T23:56:24.920+0000] {processor.py:756} INFO - Processing file /home/airflow/.local/lib/python3.7/site-packages/airflow/example_dags/example_trigger_target_dag.py for tasks to queue
[2025-05-03T23:56:24.921+0000] {logging_mixin.py:120} INFO - [2025-05-03T23:56:24.920+0000] {dagbag.py:537} INFO - Filling up the DagBag from /home/airflow/.local/lib/python3.7/site-packages/airflow/example_dags/example_trigger_target_dag.py
[2025-05-03T23:56:24.931+0000] {processor.py:766} INFO - DAG(s) dict_keys(['example_trigger_target_dag']) retrieved from /home/airflow/.local/lib/python3.7/site-packages/airflow/example_dags/example_trigger_target_dag.py
[2025-05-03T23:56:24.953+0000] {logging_mixin.py:120} INFO - [2025-05-03T23:56:24.953+0000] {dag.py:2585} INFO - Sync 1 DAGs
[2025-05-03T23:56:24.965+0000] {logging_mixin.py:120} INFO - [2025-05-03T23:56:24.965+0000] {dag.py:3340} INFO - Setting next_dagrun for example_trigger_target_dag to None, run_after=None
[2025-05-03T23:56:24.975+0000] {processor.py:176} INFO - Processing /home/airflow/.local/lib/python3.7/site-packages/airflow/example_dags/example_trigger_target_dag.py took 0.057 seconds
