[2025-05-03T00:29:31.136+0000] {processor.py:154} INFO - Started process (PID=42616) to work on /home/airflow/.local/lib/python3.7/site-packages/airflow/example_dags/example_dag_decorator.py
[2025-05-03T00:29:31.136+0000] {processor.py:756} INFO - Processing file /home/airflow/.local/lib/python3.7/site-packages/airflow/example_dags/example_dag_decorator.py for tasks to queue
[2025-05-03T00:29:31.136+0000] {logging_mixin.py:120} INFO - [2025-05-03T00:29:31.136+0000] {dagbag.py:537} INFO - Filling up the DagBag from /home/airflow/.local/lib/python3.7/site-packages/airflow/example_dags/example_dag_decorator.py
[2025-05-03T00:29:31.144+0000] {logging_mixin.py:120} INFO - [2025-05-03T00:29:31.144+0000] {taskmixin.py:205} WARNING - Dependency <Task(_PythonDecoratedOperator): prepare_email>, send_email already registered for DAG: example_dag_decorator
[2025-05-03T00:29:31.144+0000] {logging_mixin.py:120} INFO - [2025-05-03T00:29:31.144+0000] {taskmixin.py:205} WARNING - Dependency <Task(EmailOperator): send_email>, prepare_email already registered for DAG: example_dag_decorator
[2025-05-03T00:29:31.150+0000] {processor.py:766} INFO - DAG(s) dict_keys(['example_dag_decorator']) retrieved from /home/airflow/.local/lib/python3.7/site-packages/airflow/example_dags/example_dag_decorator.py
[2025-05-03T00:29:31.185+0000] {logging_mixin.py:120} INFO - [2025-05-03T00:29:31.184+0000] {dag.py:2585} INFO - Sync 1 DAGs
[2025-05-03T00:29:31.196+0000] {logging_mixin.py:120} INFO - [2025-05-03T00:29:31.195+0000] {dag.py:3340} INFO - Setting next_dagrun for example_dag_decorator to None, run_after=None
[2025-05-03T00:29:31.205+0000] {processor.py:176} INFO - Processing /home/airflow/.local/lib/python3.7/site-packages/airflow/example_dags/example_dag_decorator.py took 0.071 seconds
[2025-05-03T00:52:39.356+0000] {processor.py:154} INFO - Started process (PID=42670) to work on /home/airflow/.local/lib/python3.7/site-packages/airflow/example_dags/example_dag_decorator.py
[2025-05-03T00:52:39.359+0000] {processor.py:756} INFO - Processing file /home/airflow/.local/lib/python3.7/site-packages/airflow/example_dags/example_dag_decorator.py for tasks to queue
[2025-05-03T00:52:39.360+0000] {logging_mixin.py:120} INFO - [2025-05-03T00:52:39.360+0000] {dagbag.py:537} INFO - Filling up the DagBag from /home/airflow/.local/lib/python3.7/site-packages/airflow/example_dags/example_dag_decorator.py
[2025-05-03T00:52:39.366+0000] {logging_mixin.py:120} INFO - [2025-05-03T00:52:39.366+0000] {taskmixin.py:205} WARNING - Dependency <Task(_PythonDecoratedOperator): prepare_email>, send_email already registered for DAG: example_dag_decorator
[2025-05-03T00:52:39.367+0000] {logging_mixin.py:120} INFO - [2025-05-03T00:52:39.367+0000] {taskmixin.py:205} WARNING - Dependency <Task(EmailOperator): send_email>, prepare_email already registered for DAG: example_dag_decorator
[2025-05-03T00:52:39.374+0000] {processor.py:766} INFO - DAG(s) dict_keys(['example_dag_decorator']) retrieved from /home/airflow/.local/lib/python3.7/site-packages/airflow/example_dags/example_dag_decorator.py
[2025-05-03T00:52:39.410+0000] {logging_mixin.py:120} INFO - [2025-05-03T00:52:39.410+0000] {dag.py:2585} INFO - Sync 1 DAGs
[2025-05-03T00:52:39.419+0000] {logging_mixin.py:120} INFO - [2025-05-03T00:52:39.419+0000] {dag.py:3340} INFO - Setting next_dagrun for example_dag_decorator to None, run_after=None
[2025-05-03T00:52:39.427+0000] {processor.py:176} INFO - Processing /home/airflow/.local/lib/python3.7/site-packages/airflow/example_dags/example_dag_decorator.py took 0.073 seconds
[2025-05-03T01:16:07.768+0000] {processor.py:154} INFO - Started process (PID=42733) to work on /home/airflow/.local/lib/python3.7/site-packages/airflow/example_dags/example_dag_decorator.py
[2025-05-03T01:16:07.768+0000] {processor.py:756} INFO - Processing file /home/airflow/.local/lib/python3.7/site-packages/airflow/example_dags/example_dag_decorator.py for tasks to queue
[2025-05-03T01:16:07.768+0000] {logging_mixin.py:120} INFO - [2025-05-03T01:16:07.768+0000] {dagbag.py:537} INFO - Filling up the DagBag from /home/airflow/.local/lib/python3.7/site-packages/airflow/example_dags/example_dag_decorator.py
[2025-05-03T01:16:07.774+0000] {logging_mixin.py:120} INFO - [2025-05-03T01:16:07.774+0000] {taskmixin.py:205} WARNING - Dependency <Task(_PythonDecoratedOperator): prepare_email>, send_email already registered for DAG: example_dag_decorator
[2025-05-03T01:16:07.775+0000] {logging_mixin.py:120} INFO - [2025-05-03T01:16:07.775+0000] {taskmixin.py:205} WARNING - Dependency <Task(EmailOperator): send_email>, prepare_email already registered for DAG: example_dag_decorator
[2025-05-03T01:16:07.780+0000] {processor.py:766} INFO - DAG(s) dict_keys(['example_dag_decorator']) retrieved from /home/airflow/.local/lib/python3.7/site-packages/airflow/example_dags/example_dag_decorator.py
[2025-05-03T01:16:07.809+0000] {logging_mixin.py:120} INFO - [2025-05-03T01:16:07.808+0000] {dag.py:2585} INFO - Sync 1 DAGs
[2025-05-03T01:16:07.816+0000] {logging_mixin.py:120} INFO - [2025-05-03T01:16:07.816+0000] {dag.py:3340} INFO - Setting next_dagrun for example_dag_decorator to None, run_after=None
[2025-05-03T01:16:07.823+0000] {processor.py:176} INFO - Processing /home/airflow/.local/lib/python3.7/site-packages/airflow/example_dags/example_dag_decorator.py took 0.057 seconds
[2025-05-03T01:19:52.340+0000] {processor.py:154} INFO - Started process (PID=42795) to work on /home/airflow/.local/lib/python3.7/site-packages/airflow/example_dags/example_dag_decorator.py
[2025-05-03T01:19:52.341+0000] {processor.py:756} INFO - Processing file /home/airflow/.local/lib/python3.7/site-packages/airflow/example_dags/example_dag_decorator.py for tasks to queue
[2025-05-03T01:19:52.341+0000] {logging_mixin.py:120} INFO - [2025-05-03T01:19:52.341+0000] {dagbag.py:537} INFO - Filling up the DagBag from /home/airflow/.local/lib/python3.7/site-packages/airflow/example_dags/example_dag_decorator.py
[2025-05-03T01:19:52.348+0000] {logging_mixin.py:120} INFO - [2025-05-03T01:19:52.348+0000] {taskmixin.py:205} WARNING - Dependency <Task(_PythonDecoratedOperator): prepare_email>, send_email already registered for DAG: example_dag_decorator
[2025-05-03T01:19:52.350+0000] {logging_mixin.py:120} INFO - [2025-05-03T01:19:52.348+0000] {taskmixin.py:205} WARNING - Dependency <Task(EmailOperator): send_email>, prepare_email already registered for DAG: example_dag_decorator
[2025-05-03T01:19:52.358+0000] {processor.py:766} INFO - DAG(s) dict_keys(['example_dag_decorator']) retrieved from /home/airflow/.local/lib/python3.7/site-packages/airflow/example_dags/example_dag_decorator.py
[2025-05-03T01:19:52.389+0000] {logging_mixin.py:120} INFO - [2025-05-03T01:19:52.389+0000] {dag.py:2585} INFO - Sync 1 DAGs
[2025-05-03T01:19:52.398+0000] {logging_mixin.py:120} INFO - [2025-05-03T01:19:52.398+0000] {dag.py:3340} INFO - Setting next_dagrun for example_dag_decorator to None, run_after=None
[2025-05-03T01:19:52.409+0000] {processor.py:176} INFO - Processing /home/airflow/.local/lib/python3.7/site-packages/airflow/example_dags/example_dag_decorator.py took 0.070 seconds
[2025-05-03T01:24:04.032+0000] {processor.py:154} INFO - Started process (PID=42857) to work on /home/airflow/.local/lib/python3.7/site-packages/airflow/example_dags/example_dag_decorator.py
[2025-05-03T01:24:04.032+0000] {processor.py:756} INFO - Processing file /home/airflow/.local/lib/python3.7/site-packages/airflow/example_dags/example_dag_decorator.py for tasks to queue
[2025-05-03T01:24:04.033+0000] {logging_mixin.py:120} INFO - [2025-05-03T01:24:04.033+0000] {dagbag.py:537} INFO - Filling up the DagBag from /home/airflow/.local/lib/python3.7/site-packages/airflow/example_dags/example_dag_decorator.py
[2025-05-03T01:24:04.041+0000] {logging_mixin.py:120} INFO - [2025-05-03T01:24:04.041+0000] {taskmixin.py:205} WARNING - Dependency <Task(_PythonDecoratedOperator): prepare_email>, send_email already registered for DAG: example_dag_decorator
[2025-05-03T01:24:04.042+0000] {logging_mixin.py:120} INFO - [2025-05-03T01:24:04.042+0000] {taskmixin.py:205} WARNING - Dependency <Task(EmailOperator): send_email>, prepare_email already registered for DAG: example_dag_decorator
[2025-05-03T01:24:04.048+0000] {processor.py:766} INFO - DAG(s) dict_keys(['example_dag_decorator']) retrieved from /home/airflow/.local/lib/python3.7/site-packages/airflow/example_dags/example_dag_decorator.py
[2025-05-03T01:24:04.090+0000] {logging_mixin.py:120} INFO - [2025-05-03T01:24:04.090+0000] {dag.py:2585} INFO - Sync 1 DAGs
[2025-05-03T01:24:04.101+0000] {logging_mixin.py:120} INFO - [2025-05-03T01:24:04.101+0000] {dag.py:3340} INFO - Setting next_dagrun for example_dag_decorator to None, run_after=None
[2025-05-03T01:24:04.114+0000] {processor.py:176} INFO - Processing /home/airflow/.local/lib/python3.7/site-packages/airflow/example_dags/example_dag_decorator.py took 0.084 seconds
[2025-05-03T02:06:32.022+0000] {processor.py:154} INFO - Started process (PID=42920) to work on /home/airflow/.local/lib/python3.7/site-packages/airflow/example_dags/example_dag_decorator.py
[2025-05-03T02:06:32.022+0000] {processor.py:756} INFO - Processing file /home/airflow/.local/lib/python3.7/site-packages/airflow/example_dags/example_dag_decorator.py for tasks to queue
[2025-05-03T02:06:32.023+0000] {logging_mixin.py:120} INFO - [2025-05-03T02:06:32.023+0000] {dagbag.py:537} INFO - Filling up the DagBag from /home/airflow/.local/lib/python3.7/site-packages/airflow/example_dags/example_dag_decorator.py
[2025-05-03T02:06:32.030+0000] {logging_mixin.py:120} INFO - [2025-05-03T02:06:32.030+0000] {taskmixin.py:205} WARNING - Dependency <Task(_PythonDecoratedOperator): prepare_email>, send_email already registered for DAG: example_dag_decorator
[2025-05-03T02:06:32.034+0000] {logging_mixin.py:120} INFO - [2025-05-03T02:06:32.034+0000] {taskmixin.py:205} WARNING - Dependency <Task(EmailOperator): send_email>, prepare_email already registered for DAG: example_dag_decorator
[2025-05-03T02:06:32.041+0000] {processor.py:766} INFO - DAG(s) dict_keys(['example_dag_decorator']) retrieved from /home/airflow/.local/lib/python3.7/site-packages/airflow/example_dags/example_dag_decorator.py
[2025-05-03T02:06:32.089+0000] {logging_mixin.py:120} INFO - [2025-05-03T02:06:32.089+0000] {dag.py:2585} INFO - Sync 1 DAGs
[2025-05-03T02:06:32.101+0000] {logging_mixin.py:120} INFO - [2025-05-03T02:06:32.101+0000] {dag.py:3340} INFO - Setting next_dagrun for example_dag_decorator to None, run_after=None
[2025-05-03T02:06:32.112+0000] {processor.py:176} INFO - Processing /home/airflow/.local/lib/python3.7/site-packages/airflow/example_dags/example_dag_decorator.py took 0.092 seconds
[2025-05-03T02:48:23.796+0000] {processor.py:154} INFO - Started process (PID=42983) to work on /home/airflow/.local/lib/python3.7/site-packages/airflow/example_dags/example_dag_decorator.py
[2025-05-03T02:48:23.796+0000] {processor.py:756} INFO - Processing file /home/airflow/.local/lib/python3.7/site-packages/airflow/example_dags/example_dag_decorator.py for tasks to queue
[2025-05-03T02:48:23.796+0000] {logging_mixin.py:120} INFO - [2025-05-03T02:48:23.796+0000] {dagbag.py:537} INFO - Filling up the DagBag from /home/airflow/.local/lib/python3.7/site-packages/airflow/example_dags/example_dag_decorator.py
[2025-05-03T02:48:23.803+0000] {logging_mixin.py:120} INFO - [2025-05-03T02:48:23.803+0000] {taskmixin.py:205} WARNING - Dependency <Task(_PythonDecoratedOperator): prepare_email>, send_email already registered for DAG: example_dag_decorator
[2025-05-03T02:48:23.804+0000] {logging_mixin.py:120} INFO - [2025-05-03T02:48:23.803+0000] {taskmixin.py:205} WARNING - Dependency <Task(EmailOperator): send_email>, prepare_email already registered for DAG: example_dag_decorator
[2025-05-03T02:48:23.809+0000] {processor.py:766} INFO - DAG(s) dict_keys(['example_dag_decorator']) retrieved from /home/airflow/.local/lib/python3.7/site-packages/airflow/example_dags/example_dag_decorator.py
[2025-05-03T02:48:23.842+0000] {logging_mixin.py:120} INFO - [2025-05-03T02:48:23.842+0000] {dag.py:2585} INFO - Sync 1 DAGs
[2025-05-03T02:48:23.851+0000] {logging_mixin.py:120} INFO - [2025-05-03T02:48:23.851+0000] {dag.py:3340} INFO - Setting next_dagrun for example_dag_decorator to None, run_after=None
[2025-05-03T02:48:23.859+0000] {processor.py:176} INFO - Processing /home/airflow/.local/lib/python3.7/site-packages/airflow/example_dags/example_dag_decorator.py took 0.065 seconds
[2025-05-03T03:21:19.575+0000] {processor.py:154} INFO - Started process (PID=43037) to work on /home/airflow/.local/lib/python3.7/site-packages/airflow/example_dags/example_dag_decorator.py
[2025-05-03T03:21:19.576+0000] {processor.py:756} INFO - Processing file /home/airflow/.local/lib/python3.7/site-packages/airflow/example_dags/example_dag_decorator.py for tasks to queue
[2025-05-03T03:21:19.577+0000] {logging_mixin.py:120} INFO - [2025-05-03T03:21:19.577+0000] {dagbag.py:537} INFO - Filling up the DagBag from /home/airflow/.local/lib/python3.7/site-packages/airflow/example_dags/example_dag_decorator.py
[2025-05-03T03:21:19.584+0000] {logging_mixin.py:120} INFO - [2025-05-03T03:21:19.584+0000] {taskmixin.py:205} WARNING - Dependency <Task(_PythonDecoratedOperator): prepare_email>, send_email already registered for DAG: example_dag_decorator
[2025-05-03T03:21:19.587+0000] {logging_mixin.py:120} INFO - [2025-05-03T03:21:19.587+0000] {taskmixin.py:205} WARNING - Dependency <Task(EmailOperator): send_email>, prepare_email already registered for DAG: example_dag_decorator
[2025-05-03T03:21:19.593+0000] {processor.py:766} INFO - DAG(s) dict_keys(['example_dag_decorator']) retrieved from /home/airflow/.local/lib/python3.7/site-packages/airflow/example_dags/example_dag_decorator.py
[2025-05-03T03:21:19.635+0000] {logging_mixin.py:120} INFO - [2025-05-03T03:21:19.635+0000] {dag.py:2585} INFO - Sync 1 DAGs
[2025-05-03T03:21:19.648+0000] {logging_mixin.py:120} INFO - [2025-05-03T03:21:19.648+0000] {dag.py:3340} INFO - Setting next_dagrun for example_dag_decorator to None, run_after=None
[2025-05-03T03:21:19.664+0000] {processor.py:176} INFO - Processing /home/airflow/.local/lib/python3.7/site-packages/airflow/example_dags/example_dag_decorator.py took 0.090 seconds
[2025-05-03T04:10:41.666+0000] {processor.py:154} INFO - Started process (PID=43100) to work on /home/airflow/.local/lib/python3.7/site-packages/airflow/example_dags/example_dag_decorator.py
[2025-05-03T04:10:41.668+0000] {processor.py:756} INFO - Processing file /home/airflow/.local/lib/python3.7/site-packages/airflow/example_dags/example_dag_decorator.py for tasks to queue
[2025-05-03T04:10:41.669+0000] {logging_mixin.py:120} INFO - [2025-05-03T04:10:41.669+0000] {dagbag.py:537} INFO - Filling up the DagBag from /home/airflow/.local/lib/python3.7/site-packages/airflow/example_dags/example_dag_decorator.py
[2025-05-03T04:10:41.676+0000] {logging_mixin.py:120} INFO - [2025-05-03T04:10:41.675+0000] {taskmixin.py:205} WARNING - Dependency <Task(_PythonDecoratedOperator): prepare_email>, send_email already registered for DAG: example_dag_decorator
[2025-05-03T04:10:41.678+0000] {logging_mixin.py:120} INFO - [2025-05-03T04:10:41.678+0000] {taskmixin.py:205} WARNING - Dependency <Task(EmailOperator): send_email>, prepare_email already registered for DAG: example_dag_decorator
[2025-05-03T04:10:41.684+0000] {processor.py:766} INFO - DAG(s) dict_keys(['example_dag_decorator']) retrieved from /home/airflow/.local/lib/python3.7/site-packages/airflow/example_dags/example_dag_decorator.py
[2025-05-03T04:10:41.727+0000] {logging_mixin.py:120} INFO - [2025-05-03T04:10:41.727+0000] {dag.py:2585} INFO - Sync 1 DAGs
[2025-05-03T04:10:41.740+0000] {logging_mixin.py:120} INFO - [2025-05-03T04:10:41.740+0000] {dag.py:3340} INFO - Setting next_dagrun for example_dag_decorator to None, run_after=None
[2025-05-03T04:10:41.751+0000] {processor.py:176} INFO - Processing /home/airflow/.local/lib/python3.7/site-packages/airflow/example_dags/example_dag_decorator.py took 0.087 seconds
[2025-05-03T04:54:15.787+0000] {processor.py:154} INFO - Started process (PID=43163) to work on /home/airflow/.local/lib/python3.7/site-packages/airflow/example_dags/example_dag_decorator.py
[2025-05-03T04:54:15.788+0000] {processor.py:756} INFO - Processing file /home/airflow/.local/lib/python3.7/site-packages/airflow/example_dags/example_dag_decorator.py for tasks to queue
[2025-05-03T04:54:15.788+0000] {logging_mixin.py:120} INFO - [2025-05-03T04:54:15.788+0000] {dagbag.py:537} INFO - Filling up the DagBag from /home/airflow/.local/lib/python3.7/site-packages/airflow/example_dags/example_dag_decorator.py
[2025-05-03T04:54:15.804+0000] {logging_mixin.py:120} INFO - [2025-05-03T04:54:15.804+0000] {taskmixin.py:205} WARNING - Dependency <Task(_PythonDecoratedOperator): prepare_email>, send_email already registered for DAG: example_dag_decorator
[2025-05-03T04:54:15.804+0000] {logging_mixin.py:120} INFO - [2025-05-03T04:54:15.804+0000] {taskmixin.py:205} WARNING - Dependency <Task(EmailOperator): send_email>, prepare_email already registered for DAG: example_dag_decorator
[2025-05-03T04:54:15.810+0000] {processor.py:766} INFO - DAG(s) dict_keys(['example_dag_decorator']) retrieved from /home/airflow/.local/lib/python3.7/site-packages/airflow/example_dags/example_dag_decorator.py
[2025-05-03T04:54:15.844+0000] {logging_mixin.py:120} INFO - [2025-05-03T04:54:15.844+0000] {dag.py:2585} INFO - Sync 1 DAGs
[2025-05-03T04:54:15.854+0000] {logging_mixin.py:120} INFO - [2025-05-03T04:54:15.854+0000] {dag.py:3340} INFO - Setting next_dagrun for example_dag_decorator to None, run_after=None
[2025-05-03T04:54:15.867+0000] {processor.py:176} INFO - Processing /home/airflow/.local/lib/python3.7/site-packages/airflow/example_dags/example_dag_decorator.py took 0.082 seconds
[2025-05-03T05:53:09.051+0000] {processor.py:154} INFO - Started process (PID=43226) to work on /home/airflow/.local/lib/python3.7/site-packages/airflow/example_dags/example_dag_decorator.py
[2025-05-03T05:53:09.051+0000] {processor.py:756} INFO - Processing file /home/airflow/.local/lib/python3.7/site-packages/airflow/example_dags/example_dag_decorator.py for tasks to queue
[2025-05-03T05:53:09.051+0000] {logging_mixin.py:120} INFO - [2025-05-03T05:53:09.051+0000] {dagbag.py:537} INFO - Filling up the DagBag from /home/airflow/.local/lib/python3.7/site-packages/airflow/example_dags/example_dag_decorator.py
[2025-05-03T05:53:09.058+0000] {logging_mixin.py:120} INFO - [2025-05-03T05:53:09.058+0000] {taskmixin.py:205} WARNING - Dependency <Task(_PythonDecoratedOperator): prepare_email>, send_email already registered for DAG: example_dag_decorator
[2025-05-03T05:53:09.058+0000] {logging_mixin.py:120} INFO - [2025-05-03T05:53:09.058+0000] {taskmixin.py:205} WARNING - Dependency <Task(EmailOperator): send_email>, prepare_email already registered for DAG: example_dag_decorator
[2025-05-03T05:53:09.065+0000] {processor.py:766} INFO - DAG(s) dict_keys(['example_dag_decorator']) retrieved from /home/airflow/.local/lib/python3.7/site-packages/airflow/example_dags/example_dag_decorator.py
[2025-05-03T05:53:09.102+0000] {logging_mixin.py:120} INFO - [2025-05-03T05:53:09.102+0000] {dag.py:2585} INFO - Sync 1 DAGs
[2025-05-03T05:53:09.113+0000] {logging_mixin.py:120} INFO - [2025-05-03T05:53:09.112+0000] {dag.py:3340} INFO - Setting next_dagrun for example_dag_decorator to None, run_after=None
[2025-05-03T05:53:09.121+0000] {processor.py:176} INFO - Processing /home/airflow/.local/lib/python3.7/site-packages/airflow/example_dags/example_dag_decorator.py took 0.073 seconds
[2025-05-03T06:30:37.972+0000] {processor.py:154} INFO - Started process (PID=43290) to work on /home/airflow/.local/lib/python3.7/site-packages/airflow/example_dags/example_dag_decorator.py
[2025-05-03T06:30:37.972+0000] {processor.py:756} INFO - Processing file /home/airflow/.local/lib/python3.7/site-packages/airflow/example_dags/example_dag_decorator.py for tasks to queue
[2025-05-03T06:30:37.973+0000] {logging_mixin.py:120} INFO - [2025-05-03T06:30:37.973+0000] {dagbag.py:537} INFO - Filling up the DagBag from /home/airflow/.local/lib/python3.7/site-packages/airflow/example_dags/example_dag_decorator.py
[2025-05-03T06:30:37.980+0000] {logging_mixin.py:120} INFO - [2025-05-03T06:30:37.980+0000] {taskmixin.py:205} WARNING - Dependency <Task(_PythonDecoratedOperator): prepare_email>, send_email already registered for DAG: example_dag_decorator
[2025-05-03T06:30:37.981+0000] {logging_mixin.py:120} INFO - [2025-05-03T06:30:37.981+0000] {taskmixin.py:205} WARNING - Dependency <Task(EmailOperator): send_email>, prepare_email already registered for DAG: example_dag_decorator
[2025-05-03T06:30:37.986+0000] {processor.py:766} INFO - DAG(s) dict_keys(['example_dag_decorator']) retrieved from /home/airflow/.local/lib/python3.7/site-packages/airflow/example_dags/example_dag_decorator.py
[2025-05-03T06:30:38.025+0000] {logging_mixin.py:120} INFO - [2025-05-03T06:30:38.025+0000] {dag.py:2585} INFO - Sync 1 DAGs
[2025-05-03T06:30:38.035+0000] {logging_mixin.py:120} INFO - [2025-05-03T06:30:38.035+0000] {dag.py:3340} INFO - Setting next_dagrun for example_dag_decorator to None, run_after=None
[2025-05-03T06:30:38.046+0000] {processor.py:176} INFO - Processing /home/airflow/.local/lib/python3.7/site-packages/airflow/example_dags/example_dag_decorator.py took 0.076 seconds
[2025-05-03T07:22:15.635+0000] {processor.py:154} INFO - Started process (PID=43353) to work on /home/airflow/.local/lib/python3.7/site-packages/airflow/example_dags/example_dag_decorator.py
[2025-05-03T07:22:15.635+0000] {processor.py:756} INFO - Processing file /home/airflow/.local/lib/python3.7/site-packages/airflow/example_dags/example_dag_decorator.py for tasks to queue
[2025-05-03T07:22:15.636+0000] {logging_mixin.py:120} INFO - [2025-05-03T07:22:15.636+0000] {dagbag.py:537} INFO - Filling up the DagBag from /home/airflow/.local/lib/python3.7/site-packages/airflow/example_dags/example_dag_decorator.py
[2025-05-03T07:22:15.644+0000] {logging_mixin.py:120} INFO - [2025-05-03T07:22:15.644+0000] {taskmixin.py:205} WARNING - Dependency <Task(_PythonDecoratedOperator): prepare_email>, send_email already registered for DAG: example_dag_decorator
[2025-05-03T07:22:15.645+0000] {logging_mixin.py:120} INFO - [2025-05-03T07:22:15.645+0000] {taskmixin.py:205} WARNING - Dependency <Task(EmailOperator): send_email>, prepare_email already registered for DAG: example_dag_decorator
[2025-05-03T07:22:15.651+0000] {processor.py:766} INFO - DAG(s) dict_keys(['example_dag_decorator']) retrieved from /home/airflow/.local/lib/python3.7/site-packages/airflow/example_dags/example_dag_decorator.py
[2025-05-03T07:22:15.686+0000] {logging_mixin.py:120} INFO - [2025-05-03T07:22:15.686+0000] {dag.py:2585} INFO - Sync 1 DAGs
[2025-05-03T07:22:15.697+0000] {logging_mixin.py:120} INFO - [2025-05-03T07:22:15.697+0000] {dag.py:3340} INFO - Setting next_dagrun for example_dag_decorator to None, run_after=None
[2025-05-03T07:22:15.709+0000] {processor.py:176} INFO - Processing /home/airflow/.local/lib/python3.7/site-packages/airflow/example_dags/example_dag_decorator.py took 0.076 seconds
[2025-05-03T08:23:10.438+0000] {processor.py:154} INFO - Started process (PID=43416) to work on /home/airflow/.local/lib/python3.7/site-packages/airflow/example_dags/example_dag_decorator.py
[2025-05-03T08:23:10.439+0000] {processor.py:756} INFO - Processing file /home/airflow/.local/lib/python3.7/site-packages/airflow/example_dags/example_dag_decorator.py for tasks to queue
[2025-05-03T08:23:10.439+0000] {logging_mixin.py:120} INFO - [2025-05-03T08:23:10.439+0000] {dagbag.py:537} INFO - Filling up the DagBag from /home/airflow/.local/lib/python3.7/site-packages/airflow/example_dags/example_dag_decorator.py
[2025-05-03T08:23:10.447+0000] {logging_mixin.py:120} INFO - [2025-05-03T08:23:10.447+0000] {taskmixin.py:205} WARNING - Dependency <Task(_PythonDecoratedOperator): prepare_email>, send_email already registered for DAG: example_dag_decorator
[2025-05-03T08:23:10.449+0000] {logging_mixin.py:120} INFO - [2025-05-03T08:23:10.448+0000] {taskmixin.py:205} WARNING - Dependency <Task(EmailOperator): send_email>, prepare_email already registered for DAG: example_dag_decorator
[2025-05-03T08:23:10.456+0000] {processor.py:766} INFO - DAG(s) dict_keys(['example_dag_decorator']) retrieved from /home/airflow/.local/lib/python3.7/site-packages/airflow/example_dags/example_dag_decorator.py
[2025-05-03T08:23:10.504+0000] {logging_mixin.py:120} INFO - [2025-05-03T08:23:10.504+0000] {dag.py:2585} INFO - Sync 1 DAGs
[2025-05-03T08:23:10.518+0000] {logging_mixin.py:120} INFO - [2025-05-03T08:23:10.518+0000] {dag.py:3340} INFO - Setting next_dagrun for example_dag_decorator to None, run_after=None
[2025-05-03T08:23:10.533+0000] {processor.py:176} INFO - Processing /home/airflow/.local/lib/python3.7/site-packages/airflow/example_dags/example_dag_decorator.py took 0.096 seconds
[2025-05-03T09:41:38.069+0000] {processor.py:154} INFO - Started process (PID=43469) to work on /home/airflow/.local/lib/python3.7/site-packages/airflow/example_dags/example_dag_decorator.py
[2025-05-03T09:41:38.069+0000] {processor.py:756} INFO - Processing file /home/airflow/.local/lib/python3.7/site-packages/airflow/example_dags/example_dag_decorator.py for tasks to queue
[2025-05-03T09:41:38.070+0000] {logging_mixin.py:120} INFO - [2025-05-03T09:41:38.070+0000] {dagbag.py:537} INFO - Filling up the DagBag from /home/airflow/.local/lib/python3.7/site-packages/airflow/example_dags/example_dag_decorator.py
[2025-05-03T09:41:38.077+0000] {logging_mixin.py:120} INFO - [2025-05-03T09:41:38.077+0000] {taskmixin.py:205} WARNING - Dependency <Task(_PythonDecoratedOperator): prepare_email>, send_email already registered for DAG: example_dag_decorator
[2025-05-03T09:41:38.078+0000] {logging_mixin.py:120} INFO - [2025-05-03T09:41:38.078+0000] {taskmixin.py:205} WARNING - Dependency <Task(EmailOperator): send_email>, prepare_email already registered for DAG: example_dag_decorator
[2025-05-03T09:41:38.085+0000] {processor.py:766} INFO - DAG(s) dict_keys(['example_dag_decorator']) retrieved from /home/airflow/.local/lib/python3.7/site-packages/airflow/example_dags/example_dag_decorator.py
[2025-05-03T09:41:38.122+0000] {logging_mixin.py:120} INFO - [2025-05-03T09:41:38.122+0000] {dag.py:2585} INFO - Sync 1 DAGs
[2025-05-03T09:41:38.132+0000] {logging_mixin.py:120} INFO - [2025-05-03T09:41:38.132+0000] {dag.py:3340} INFO - Setting next_dagrun for example_dag_decorator to None, run_after=None
[2025-05-03T09:41:38.147+0000] {processor.py:176} INFO - Processing /home/airflow/.local/lib/python3.7/site-packages/airflow/example_dags/example_dag_decorator.py took 0.079 seconds
[2025-05-03T10:58:27.602+0000] {processor.py:154} INFO - Started process (PID=43532) to work on /home/airflow/.local/lib/python3.7/site-packages/airflow/example_dags/example_dag_decorator.py
[2025-05-03T10:58:27.602+0000] {processor.py:756} INFO - Processing file /home/airflow/.local/lib/python3.7/site-packages/airflow/example_dags/example_dag_decorator.py for tasks to queue
[2025-05-03T10:58:27.603+0000] {logging_mixin.py:120} INFO - [2025-05-03T10:58:27.603+0000] {dagbag.py:537} INFO - Filling up the DagBag from /home/airflow/.local/lib/python3.7/site-packages/airflow/example_dags/example_dag_decorator.py
[2025-05-03T10:58:27.610+0000] {logging_mixin.py:120} INFO - [2025-05-03T10:58:27.610+0000] {taskmixin.py:205} WARNING - Dependency <Task(_PythonDecoratedOperator): prepare_email>, send_email already registered for DAG: example_dag_decorator
[2025-05-03T10:58:27.610+0000] {logging_mixin.py:120} INFO - [2025-05-03T10:58:27.610+0000] {taskmixin.py:205} WARNING - Dependency <Task(EmailOperator): send_email>, prepare_email already registered for DAG: example_dag_decorator
[2025-05-03T10:58:27.619+0000] {processor.py:766} INFO - DAG(s) dict_keys(['example_dag_decorator']) retrieved from /home/airflow/.local/lib/python3.7/site-packages/airflow/example_dags/example_dag_decorator.py
[2025-05-03T10:58:27.656+0000] {logging_mixin.py:120} INFO - [2025-05-03T10:58:27.655+0000] {dag.py:2585} INFO - Sync 1 DAGs
[2025-05-03T10:58:27.667+0000] {logging_mixin.py:120} INFO - [2025-05-03T10:58:27.667+0000] {dag.py:3340} INFO - Setting next_dagrun for example_dag_decorator to None, run_after=None
[2025-05-03T10:58:27.679+0000] {processor.py:176} INFO - Processing /home/airflow/.local/lib/python3.7/site-packages/airflow/example_dags/example_dag_decorator.py took 0.078 seconds
[2025-05-03T11:42:14.502+0000] {processor.py:154} INFO - Started process (PID=43595) to work on /home/airflow/.local/lib/python3.7/site-packages/airflow/example_dags/example_dag_decorator.py
[2025-05-03T11:42:14.503+0000] {processor.py:756} INFO - Processing file /home/airflow/.local/lib/python3.7/site-packages/airflow/example_dags/example_dag_decorator.py for tasks to queue
[2025-05-03T11:42:14.503+0000] {logging_mixin.py:120} INFO - [2025-05-03T11:42:14.503+0000] {dagbag.py:537} INFO - Filling up the DagBag from /home/airflow/.local/lib/python3.7/site-packages/airflow/example_dags/example_dag_decorator.py
[2025-05-03T11:42:14.511+0000] {logging_mixin.py:120} INFO - [2025-05-03T11:42:14.511+0000] {taskmixin.py:205} WARNING - Dependency <Task(_PythonDecoratedOperator): prepare_email>, send_email already registered for DAG: example_dag_decorator
[2025-05-03T11:42:14.511+0000] {logging_mixin.py:120} INFO - [2025-05-03T11:42:14.511+0000] {taskmixin.py:205} WARNING - Dependency <Task(EmailOperator): send_email>, prepare_email already registered for DAG: example_dag_decorator
[2025-05-03T11:42:14.520+0000] {processor.py:766} INFO - DAG(s) dict_keys(['example_dag_decorator']) retrieved from /home/airflow/.local/lib/python3.7/site-packages/airflow/example_dags/example_dag_decorator.py
[2025-05-03T11:42:14.566+0000] {logging_mixin.py:120} INFO - [2025-05-03T11:42:14.566+0000] {dag.py:2585} INFO - Sync 1 DAGs
[2025-05-03T11:42:14.580+0000] {logging_mixin.py:120} INFO - [2025-05-03T11:42:14.580+0000] {dag.py:3340} INFO - Setting next_dagrun for example_dag_decorator to None, run_after=None
[2025-05-03T11:42:14.595+0000] {processor.py:176} INFO - Processing /home/airflow/.local/lib/python3.7/site-packages/airflow/example_dags/example_dag_decorator.py took 0.095 seconds
[2025-05-03T12:59:19.802+0000] {processor.py:154} INFO - Started process (PID=43658) to work on /home/airflow/.local/lib/python3.7/site-packages/airflow/example_dags/example_dag_decorator.py
[2025-05-03T12:59:19.802+0000] {processor.py:756} INFO - Processing file /home/airflow/.local/lib/python3.7/site-packages/airflow/example_dags/example_dag_decorator.py for tasks to queue
[2025-05-03T12:59:19.803+0000] {logging_mixin.py:120} INFO - [2025-05-03T12:59:19.803+0000] {dagbag.py:537} INFO - Filling up the DagBag from /home/airflow/.local/lib/python3.7/site-packages/airflow/example_dags/example_dag_decorator.py
[2025-05-03T12:59:19.811+0000] {logging_mixin.py:120} INFO - [2025-05-03T12:59:19.811+0000] {taskmixin.py:205} WARNING - Dependency <Task(_PythonDecoratedOperator): prepare_email>, send_email already registered for DAG: example_dag_decorator
[2025-05-03T12:59:19.811+0000] {logging_mixin.py:120} INFO - [2025-05-03T12:59:19.811+0000] {taskmixin.py:205} WARNING - Dependency <Task(EmailOperator): send_email>, prepare_email already registered for DAG: example_dag_decorator
[2025-05-03T12:59:19.817+0000] {processor.py:766} INFO - DAG(s) dict_keys(['example_dag_decorator']) retrieved from /home/airflow/.local/lib/python3.7/site-packages/airflow/example_dags/example_dag_decorator.py
[2025-05-03T12:59:19.856+0000] {logging_mixin.py:120} INFO - [2025-05-03T12:59:19.855+0000] {dag.py:2585} INFO - Sync 1 DAGs
[2025-05-03T12:59:19.865+0000] {logging_mixin.py:120} INFO - [2025-05-03T12:59:19.865+0000] {dag.py:3340} INFO - Setting next_dagrun for example_dag_decorator to None, run_after=None
[2025-05-03T12:59:19.873+0000] {processor.py:176} INFO - Processing /home/airflow/.local/lib/python3.7/site-packages/airflow/example_dags/example_dag_decorator.py took 0.073 seconds
[2025-05-03T13:28:31.013+0000] {processor.py:154} INFO - Started process (PID=43721) to work on /home/airflow/.local/lib/python3.7/site-packages/airflow/example_dags/example_dag_decorator.py
[2025-05-03T13:28:31.016+0000] {processor.py:756} INFO - Processing file /home/airflow/.local/lib/python3.7/site-packages/airflow/example_dags/example_dag_decorator.py for tasks to queue
[2025-05-03T13:28:31.017+0000] {logging_mixin.py:120} INFO - [2025-05-03T13:28:31.017+0000] {dagbag.py:537} INFO - Filling up the DagBag from /home/airflow/.local/lib/python3.7/site-packages/airflow/example_dags/example_dag_decorator.py
[2025-05-03T13:28:31.026+0000] {logging_mixin.py:120} INFO - [2025-05-03T13:28:31.026+0000] {taskmixin.py:205} WARNING - Dependency <Task(_PythonDecoratedOperator): prepare_email>, send_email already registered for DAG: example_dag_decorator
[2025-05-03T13:28:31.026+0000] {logging_mixin.py:120} INFO - [2025-05-03T13:28:31.026+0000] {taskmixin.py:205} WARNING - Dependency <Task(EmailOperator): send_email>, prepare_email already registered for DAG: example_dag_decorator
[2025-05-03T13:28:31.033+0000] {processor.py:766} INFO - DAG(s) dict_keys(['example_dag_decorator']) retrieved from /home/airflow/.local/lib/python3.7/site-packages/airflow/example_dags/example_dag_decorator.py
[2025-05-03T13:28:31.072+0000] {logging_mixin.py:120} INFO - [2025-05-03T13:28:31.071+0000] {dag.py:2585} INFO - Sync 1 DAGs
[2025-05-03T13:28:31.082+0000] {logging_mixin.py:120} INFO - [2025-05-03T13:28:31.082+0000] {dag.py:3340} INFO - Setting next_dagrun for example_dag_decorator to None, run_after=None
[2025-05-03T13:28:31.095+0000] {processor.py:176} INFO - Processing /home/airflow/.local/lib/python3.7/site-packages/airflow/example_dags/example_dag_decorator.py took 0.083 seconds
[2025-05-03T13:29:07.845+0000] {processor.py:154} INFO - Started process (PID=43784) to work on /home/airflow/.local/lib/python3.7/site-packages/airflow/example_dags/example_dag_decorator.py
[2025-05-03T13:29:07.846+0000] {processor.py:756} INFO - Processing file /home/airflow/.local/lib/python3.7/site-packages/airflow/example_dags/example_dag_decorator.py for tasks to queue
[2025-05-03T13:29:07.846+0000] {logging_mixin.py:120} INFO - [2025-05-03T13:29:07.846+0000] {dagbag.py:537} INFO - Filling up the DagBag from /home/airflow/.local/lib/python3.7/site-packages/airflow/example_dags/example_dag_decorator.py
[2025-05-03T13:29:07.855+0000] {logging_mixin.py:120} INFO - [2025-05-03T13:29:07.855+0000] {taskmixin.py:205} WARNING - Dependency <Task(_PythonDecoratedOperator): prepare_email>, send_email already registered for DAG: example_dag_decorator
[2025-05-03T13:29:07.856+0000] {logging_mixin.py:120} INFO - [2025-05-03T13:29:07.856+0000] {taskmixin.py:205} WARNING - Dependency <Task(EmailOperator): send_email>, prepare_email already registered for DAG: example_dag_decorator
[2025-05-03T13:29:07.862+0000] {processor.py:766} INFO - DAG(s) dict_keys(['example_dag_decorator']) retrieved from /home/airflow/.local/lib/python3.7/site-packages/airflow/example_dags/example_dag_decorator.py
[2025-05-03T13:29:07.895+0000] {logging_mixin.py:120} INFO - [2025-05-03T13:29:07.895+0000] {dag.py:2585} INFO - Sync 1 DAGs
[2025-05-03T13:29:07.905+0000] {logging_mixin.py:120} INFO - [2025-05-03T13:29:07.905+0000] {dag.py:3340} INFO - Setting next_dagrun for example_dag_decorator to None, run_after=None
[2025-05-03T13:29:07.913+0000] {processor.py:176} INFO - Processing /home/airflow/.local/lib/python3.7/site-packages/airflow/example_dags/example_dag_decorator.py took 0.070 seconds
[2025-05-03T14:29:10.282+0000] {processor.py:154} INFO - Started process (PID=43842) to work on /home/airflow/.local/lib/python3.7/site-packages/airflow/example_dags/example_dag_decorator.py
[2025-05-03T14:29:10.282+0000] {processor.py:756} INFO - Processing file /home/airflow/.local/lib/python3.7/site-packages/airflow/example_dags/example_dag_decorator.py for tasks to queue
[2025-05-03T14:29:10.283+0000] {logging_mixin.py:120} INFO - [2025-05-03T14:29:10.283+0000] {dagbag.py:537} INFO - Filling up the DagBag from /home/airflow/.local/lib/python3.7/site-packages/airflow/example_dags/example_dag_decorator.py
[2025-05-03T14:29:10.292+0000] {logging_mixin.py:120} INFO - [2025-05-03T14:29:10.292+0000] {taskmixin.py:205} WARNING - Dependency <Task(_PythonDecoratedOperator): prepare_email>, send_email already registered for DAG: example_dag_decorator
[2025-05-03T14:29:10.292+0000] {logging_mixin.py:120} INFO - [2025-05-03T14:29:10.292+0000] {taskmixin.py:205} WARNING - Dependency <Task(EmailOperator): send_email>, prepare_email already registered for DAG: example_dag_decorator
[2025-05-03T14:29:10.299+0000] {processor.py:766} INFO - DAG(s) dict_keys(['example_dag_decorator']) retrieved from /home/airflow/.local/lib/python3.7/site-packages/airflow/example_dags/example_dag_decorator.py
[2025-05-03T14:29:10.338+0000] {logging_mixin.py:120} INFO - [2025-05-03T14:29:10.338+0000] {dag.py:2585} INFO - Sync 1 DAGs
[2025-05-03T14:29:10.349+0000] {logging_mixin.py:120} INFO - [2025-05-03T14:29:10.349+0000] {dag.py:3340} INFO - Setting next_dagrun for example_dag_decorator to None, run_after=None
[2025-05-03T14:29:10.362+0000] {processor.py:176} INFO - Processing /home/airflow/.local/lib/python3.7/site-packages/airflow/example_dags/example_dag_decorator.py took 0.081 seconds
[2025-05-03T15:07:53.416+0000] {processor.py:154} INFO - Started process (PID=43899) to work on /home/airflow/.local/lib/python3.7/site-packages/airflow/example_dags/example_dag_decorator.py
[2025-05-03T15:07:53.416+0000] {processor.py:756} INFO - Processing file /home/airflow/.local/lib/python3.7/site-packages/airflow/example_dags/example_dag_decorator.py for tasks to queue
[2025-05-03T15:07:53.417+0000] {logging_mixin.py:120} INFO - [2025-05-03T15:07:53.417+0000] {dagbag.py:537} INFO - Filling up the DagBag from /home/airflow/.local/lib/python3.7/site-packages/airflow/example_dags/example_dag_decorator.py
[2025-05-03T15:07:53.424+0000] {logging_mixin.py:120} INFO - [2025-05-03T15:07:53.424+0000] {taskmixin.py:205} WARNING - Dependency <Task(_PythonDecoratedOperator): prepare_email>, send_email already registered for DAG: example_dag_decorator
[2025-05-03T15:07:53.424+0000] {logging_mixin.py:120} INFO - [2025-05-03T15:07:53.424+0000] {taskmixin.py:205} WARNING - Dependency <Task(EmailOperator): send_email>, prepare_email already registered for DAG: example_dag_decorator
[2025-05-03T15:07:53.430+0000] {processor.py:766} INFO - DAG(s) dict_keys(['example_dag_decorator']) retrieved from /home/airflow/.local/lib/python3.7/site-packages/airflow/example_dags/example_dag_decorator.py
[2025-05-03T15:07:53.470+0000] {logging_mixin.py:120} INFO - [2025-05-03T15:07:53.470+0000] {dag.py:2585} INFO - Sync 1 DAGs
[2025-05-03T15:07:53.480+0000] {logging_mixin.py:120} INFO - [2025-05-03T15:07:53.480+0000] {dag.py:3340} INFO - Setting next_dagrun for example_dag_decorator to None, run_after=None
[2025-05-03T15:07:53.490+0000] {processor.py:176} INFO - Processing /home/airflow/.local/lib/python3.7/site-packages/airflow/example_dags/example_dag_decorator.py took 0.076 seconds
[2025-05-03T16:21:02.754+0000] {processor.py:154} INFO - Started process (PID=43962) to work on /home/airflow/.local/lib/python3.7/site-packages/airflow/example_dags/example_dag_decorator.py
[2025-05-03T16:21:02.757+0000] {processor.py:756} INFO - Processing file /home/airflow/.local/lib/python3.7/site-packages/airflow/example_dags/example_dag_decorator.py for tasks to queue
[2025-05-03T16:21:02.758+0000] {logging_mixin.py:120} INFO - [2025-05-03T16:21:02.758+0000] {dagbag.py:537} INFO - Filling up the DagBag from /home/airflow/.local/lib/python3.7/site-packages/airflow/example_dags/example_dag_decorator.py
[2025-05-03T16:21:02.766+0000] {logging_mixin.py:120} INFO - [2025-05-03T16:21:02.766+0000] {taskmixin.py:205} WARNING - Dependency <Task(_PythonDecoratedOperator): prepare_email>, send_email already registered for DAG: example_dag_decorator
[2025-05-03T16:21:02.767+0000] {logging_mixin.py:120} INFO - [2025-05-03T16:21:02.767+0000] {taskmixin.py:205} WARNING - Dependency <Task(EmailOperator): send_email>, prepare_email already registered for DAG: example_dag_decorator
[2025-05-03T16:21:02.773+0000] {processor.py:766} INFO - DAG(s) dict_keys(['example_dag_decorator']) retrieved from /home/airflow/.local/lib/python3.7/site-packages/airflow/example_dags/example_dag_decorator.py
[2025-05-03T16:21:02.812+0000] {logging_mixin.py:120} INFO - [2025-05-03T16:21:02.812+0000] {dag.py:2585} INFO - Sync 1 DAGs
[2025-05-03T16:21:02.823+0000] {logging_mixin.py:120} INFO - [2025-05-03T16:21:02.823+0000] {dag.py:3340} INFO - Setting next_dagrun for example_dag_decorator to None, run_after=None
[2025-05-03T16:21:02.832+0000] {processor.py:176} INFO - Processing /home/airflow/.local/lib/python3.7/site-packages/airflow/example_dags/example_dag_decorator.py took 0.079 seconds
[2025-05-03T16:48:05.099+0000] {processor.py:154} INFO - Started process (PID=44024) to work on /home/airflow/.local/lib/python3.7/site-packages/airflow/example_dags/example_dag_decorator.py
[2025-05-03T16:48:05.100+0000] {processor.py:756} INFO - Processing file /home/airflow/.local/lib/python3.7/site-packages/airflow/example_dags/example_dag_decorator.py for tasks to queue
[2025-05-03T16:48:05.100+0000] {logging_mixin.py:120} INFO - [2025-05-03T16:48:05.100+0000] {dagbag.py:537} INFO - Filling up the DagBag from /home/airflow/.local/lib/python3.7/site-packages/airflow/example_dags/example_dag_decorator.py
[2025-05-03T16:48:05.108+0000] {logging_mixin.py:120} INFO - [2025-05-03T16:48:05.108+0000] {taskmixin.py:205} WARNING - Dependency <Task(_PythonDecoratedOperator): prepare_email>, send_email already registered for DAG: example_dag_decorator
[2025-05-03T16:48:05.109+0000] {logging_mixin.py:120} INFO - [2025-05-03T16:48:05.109+0000] {taskmixin.py:205} WARNING - Dependency <Task(EmailOperator): send_email>, prepare_email already registered for DAG: example_dag_decorator
[2025-05-03T16:48:05.116+0000] {processor.py:766} INFO - DAG(s) dict_keys(['example_dag_decorator']) retrieved from /home/airflow/.local/lib/python3.7/site-packages/airflow/example_dags/example_dag_decorator.py
[2025-05-03T16:48:05.151+0000] {logging_mixin.py:120} INFO - [2025-05-03T16:48:05.151+0000] {dag.py:2585} INFO - Sync 1 DAGs
[2025-05-03T16:48:05.161+0000] {logging_mixin.py:120} INFO - [2025-05-03T16:48:05.161+0000] {dag.py:3340} INFO - Setting next_dagrun for example_dag_decorator to None, run_after=None
[2025-05-03T16:48:05.173+0000] {processor.py:176} INFO - Processing /home/airflow/.local/lib/python3.7/site-packages/airflow/example_dags/example_dag_decorator.py took 0.075 seconds
[2025-05-03T18:05:53.503+0000] {processor.py:154} INFO - Started process (PID=44087) to work on /home/airflow/.local/lib/python3.7/site-packages/airflow/example_dags/example_dag_decorator.py
[2025-05-03T18:05:53.507+0000] {processor.py:756} INFO - Processing file /home/airflow/.local/lib/python3.7/site-packages/airflow/example_dags/example_dag_decorator.py for tasks to queue
[2025-05-03T18:05:53.507+0000] {logging_mixin.py:120} INFO - [2025-05-03T18:05:53.507+0000] {dagbag.py:537} INFO - Filling up the DagBag from /home/airflow/.local/lib/python3.7/site-packages/airflow/example_dags/example_dag_decorator.py
[2025-05-03T18:05:53.515+0000] {logging_mixin.py:120} INFO - [2025-05-03T18:05:53.515+0000] {taskmixin.py:205} WARNING - Dependency <Task(_PythonDecoratedOperator): prepare_email>, send_email already registered for DAG: example_dag_decorator
[2025-05-03T18:05:53.517+0000] {logging_mixin.py:120} INFO - [2025-05-03T18:05:53.517+0000] {taskmixin.py:205} WARNING - Dependency <Task(EmailOperator): send_email>, prepare_email already registered for DAG: example_dag_decorator
[2025-05-03T18:05:53.524+0000] {processor.py:766} INFO - DAG(s) dict_keys(['example_dag_decorator']) retrieved from /home/airflow/.local/lib/python3.7/site-packages/airflow/example_dags/example_dag_decorator.py
[2025-05-03T18:05:53.559+0000] {logging_mixin.py:120} INFO - [2025-05-03T18:05:53.559+0000] {dag.py:2585} INFO - Sync 1 DAGs
[2025-05-03T18:05:53.572+0000] {logging_mixin.py:120} INFO - [2025-05-03T18:05:53.572+0000] {dag.py:3340} INFO - Setting next_dagrun for example_dag_decorator to None, run_after=None
[2025-05-03T18:05:53.585+0000] {processor.py:176} INFO - Processing /home/airflow/.local/lib/python3.7/site-packages/airflow/example_dags/example_dag_decorator.py took 0.084 seconds
[2025-05-03T19:25:57.078+0000] {processor.py:154} INFO - Started process (PID=44150) to work on /home/airflow/.local/lib/python3.7/site-packages/airflow/example_dags/example_dag_decorator.py
[2025-05-03T19:25:57.079+0000] {processor.py:756} INFO - Processing file /home/airflow/.local/lib/python3.7/site-packages/airflow/example_dags/example_dag_decorator.py for tasks to queue
[2025-05-03T19:25:57.080+0000] {logging_mixin.py:120} INFO - [2025-05-03T19:25:57.080+0000] {dagbag.py:537} INFO - Filling up the DagBag from /home/airflow/.local/lib/python3.7/site-packages/airflow/example_dags/example_dag_decorator.py
[2025-05-03T19:25:57.088+0000] {logging_mixin.py:120} INFO - [2025-05-03T19:25:57.088+0000] {taskmixin.py:205} WARNING - Dependency <Task(_PythonDecoratedOperator): prepare_email>, send_email already registered for DAG: example_dag_decorator
[2025-05-03T19:25:57.092+0000] {logging_mixin.py:120} INFO - [2025-05-03T19:25:57.092+0000] {taskmixin.py:205} WARNING - Dependency <Task(EmailOperator): send_email>, prepare_email already registered for DAG: example_dag_decorator
[2025-05-03T19:25:57.099+0000] {processor.py:766} INFO - DAG(s) dict_keys(['example_dag_decorator']) retrieved from /home/airflow/.local/lib/python3.7/site-packages/airflow/example_dags/example_dag_decorator.py
[2025-05-03T19:25:57.139+0000] {logging_mixin.py:120} INFO - [2025-05-03T19:25:57.139+0000] {dag.py:2585} INFO - Sync 1 DAGs
[2025-05-03T19:25:57.150+0000] {logging_mixin.py:120} INFO - [2025-05-03T19:25:57.150+0000] {dag.py:3340} INFO - Setting next_dagrun for example_dag_decorator to None, run_after=None
[2025-05-03T19:25:57.160+0000] {processor.py:176} INFO - Processing /home/airflow/.local/lib/python3.7/site-packages/airflow/example_dags/example_dag_decorator.py took 0.084 seconds
[2025-05-03T20:07:04.504+0000] {processor.py:154} INFO - Started process (PID=44212) to work on /home/airflow/.local/lib/python3.7/site-packages/airflow/example_dags/example_dag_decorator.py
[2025-05-03T20:07:04.505+0000] {processor.py:756} INFO - Processing file /home/airflow/.local/lib/python3.7/site-packages/airflow/example_dags/example_dag_decorator.py for tasks to queue
[2025-05-03T20:07:04.505+0000] {logging_mixin.py:120} INFO - [2025-05-03T20:07:04.505+0000] {dagbag.py:537} INFO - Filling up the DagBag from /home/airflow/.local/lib/python3.7/site-packages/airflow/example_dags/example_dag_decorator.py
[2025-05-03T20:07:04.512+0000] {logging_mixin.py:120} INFO - [2025-05-03T20:07:04.512+0000] {taskmixin.py:205} WARNING - Dependency <Task(_PythonDecoratedOperator): prepare_email>, send_email already registered for DAG: example_dag_decorator
[2025-05-03T20:07:04.512+0000] {logging_mixin.py:120} INFO - [2025-05-03T20:07:04.512+0000] {taskmixin.py:205} WARNING - Dependency <Task(EmailOperator): send_email>, prepare_email already registered for DAG: example_dag_decorator
[2025-05-03T20:07:04.518+0000] {processor.py:766} INFO - DAG(s) dict_keys(['example_dag_decorator']) retrieved from /home/airflow/.local/lib/python3.7/site-packages/airflow/example_dags/example_dag_decorator.py
[2025-05-03T20:07:04.553+0000] {logging_mixin.py:120} INFO - [2025-05-03T20:07:04.553+0000] {dag.py:2585} INFO - Sync 1 DAGs
[2025-05-03T20:07:04.563+0000] {logging_mixin.py:120} INFO - [2025-05-03T20:07:04.563+0000] {dag.py:3340} INFO - Setting next_dagrun for example_dag_decorator to None, run_after=None
[2025-05-03T20:07:04.571+0000] {processor.py:176} INFO - Processing /home/airflow/.local/lib/python3.7/site-packages/airflow/example_dags/example_dag_decorator.py took 0.068 seconds
[2025-05-03T21:36:12.949+0000] {processor.py:154} INFO - Started process (PID=44266) to work on /home/airflow/.local/lib/python3.7/site-packages/airflow/example_dags/example_dag_decorator.py
[2025-05-03T21:36:12.952+0000] {processor.py:756} INFO - Processing file /home/airflow/.local/lib/python3.7/site-packages/airflow/example_dags/example_dag_decorator.py for tasks to queue
[2025-05-03T21:36:12.953+0000] {logging_mixin.py:120} INFO - [2025-05-03T21:36:12.953+0000] {dagbag.py:537} INFO - Filling up the DagBag from /home/airflow/.local/lib/python3.7/site-packages/airflow/example_dags/example_dag_decorator.py
[2025-05-03T21:36:12.960+0000] {logging_mixin.py:120} INFO - [2025-05-03T21:36:12.960+0000] {taskmixin.py:205} WARNING - Dependency <Task(_PythonDecoratedOperator): prepare_email>, send_email already registered for DAG: example_dag_decorator
[2025-05-03T21:36:12.962+0000] {logging_mixin.py:120} INFO - [2025-05-03T21:36:12.962+0000] {taskmixin.py:205} WARNING - Dependency <Task(EmailOperator): send_email>, prepare_email already registered for DAG: example_dag_decorator
[2025-05-03T21:36:12.969+0000] {processor.py:766} INFO - DAG(s) dict_keys(['example_dag_decorator']) retrieved from /home/airflow/.local/lib/python3.7/site-packages/airflow/example_dags/example_dag_decorator.py
[2025-05-03T21:36:13.008+0000] {logging_mixin.py:120} INFO - [2025-05-03T21:36:13.007+0000] {dag.py:2585} INFO - Sync 1 DAGs
[2025-05-03T21:36:13.017+0000] {logging_mixin.py:120} INFO - [2025-05-03T21:36:13.017+0000] {dag.py:3340} INFO - Setting next_dagrun for example_dag_decorator to None, run_after=None
[2025-05-03T21:36:13.032+0000] {processor.py:176} INFO - Processing /home/airflow/.local/lib/python3.7/site-packages/airflow/example_dags/example_dag_decorator.py took 0.085 seconds
[2025-05-03T22:19:52.020+0000] {processor.py:154} INFO - Started process (PID=44329) to work on /home/airflow/.local/lib/python3.7/site-packages/airflow/example_dags/example_dag_decorator.py
[2025-05-03T22:19:52.020+0000] {processor.py:756} INFO - Processing file /home/airflow/.local/lib/python3.7/site-packages/airflow/example_dags/example_dag_decorator.py for tasks to queue
[2025-05-03T22:19:52.021+0000] {logging_mixin.py:120} INFO - [2025-05-03T22:19:52.021+0000] {dagbag.py:537} INFO - Filling up the DagBag from /home/airflow/.local/lib/python3.7/site-packages/airflow/example_dags/example_dag_decorator.py
[2025-05-03T22:19:52.028+0000] {logging_mixin.py:120} INFO - [2025-05-03T22:19:52.028+0000] {taskmixin.py:205} WARNING - Dependency <Task(_PythonDecoratedOperator): prepare_email>, send_email already registered for DAG: example_dag_decorator
[2025-05-03T22:19:52.028+0000] {logging_mixin.py:120} INFO - [2025-05-03T22:19:52.028+0000] {taskmixin.py:205} WARNING - Dependency <Task(EmailOperator): send_email>, prepare_email already registered for DAG: example_dag_decorator
[2025-05-03T22:19:52.034+0000] {processor.py:766} INFO - DAG(s) dict_keys(['example_dag_decorator']) retrieved from /home/airflow/.local/lib/python3.7/site-packages/airflow/example_dags/example_dag_decorator.py
[2025-05-03T22:19:52.066+0000] {logging_mixin.py:120} INFO - [2025-05-03T22:19:52.066+0000] {dag.py:2585} INFO - Sync 1 DAGs
[2025-05-03T22:19:52.076+0000] {logging_mixin.py:120} INFO - [2025-05-03T22:19:52.076+0000] {dag.py:3340} INFO - Setting next_dagrun for example_dag_decorator to None, run_after=None
[2025-05-03T22:19:52.084+0000] {processor.py:176} INFO - Processing /home/airflow/.local/lib/python3.7/site-packages/airflow/example_dags/example_dag_decorator.py took 0.066 seconds
[2025-05-03T23:04:45.038+0000] {processor.py:154} INFO - Started process (PID=44392) to work on /home/airflow/.local/lib/python3.7/site-packages/airflow/example_dags/example_dag_decorator.py
[2025-05-03T23:04:45.039+0000] {processor.py:756} INFO - Processing file /home/airflow/.local/lib/python3.7/site-packages/airflow/example_dags/example_dag_decorator.py for tasks to queue
[2025-05-03T23:04:45.040+0000] {logging_mixin.py:120} INFO - [2025-05-03T23:04:45.040+0000] {dagbag.py:537} INFO - Filling up the DagBag from /home/airflow/.local/lib/python3.7/site-packages/airflow/example_dags/example_dag_decorator.py
[2025-05-03T23:04:45.049+0000] {logging_mixin.py:120} INFO - [2025-05-03T23:04:45.049+0000] {taskmixin.py:205} WARNING - Dependency <Task(_PythonDecoratedOperator): prepare_email>, send_email already registered for DAG: example_dag_decorator
[2025-05-03T23:04:45.049+0000] {logging_mixin.py:120} INFO - [2025-05-03T23:04:45.049+0000] {taskmixin.py:205} WARNING - Dependency <Task(EmailOperator): send_email>, prepare_email already registered for DAG: example_dag_decorator
[2025-05-03T23:04:45.056+0000] {processor.py:766} INFO - DAG(s) dict_keys(['example_dag_decorator']) retrieved from /home/airflow/.local/lib/python3.7/site-packages/airflow/example_dags/example_dag_decorator.py
[2025-05-03T23:04:45.101+0000] {logging_mixin.py:120} INFO - [2025-05-03T23:04:45.101+0000] {dag.py:2585} INFO - Sync 1 DAGs
[2025-05-03T23:04:45.112+0000] {logging_mixin.py:120} INFO - [2025-05-03T23:04:45.112+0000] {dag.py:3340} INFO - Setting next_dagrun for example_dag_decorator to None, run_after=None
[2025-05-03T23:04:45.123+0000] {processor.py:176} INFO - Processing /home/airflow/.local/lib/python3.7/site-packages/airflow/example_dags/example_dag_decorator.py took 0.087 seconds
[2025-05-03T23:22:07.357+0000] {processor.py:154} INFO - Started process (PID=44454) to work on /home/airflow/.local/lib/python3.7/site-packages/airflow/example_dags/example_dag_decorator.py
[2025-05-03T23:22:07.358+0000] {processor.py:756} INFO - Processing file /home/airflow/.local/lib/python3.7/site-packages/airflow/example_dags/example_dag_decorator.py for tasks to queue
[2025-05-03T23:22:07.358+0000] {logging_mixin.py:120} INFO - [2025-05-03T23:22:07.358+0000] {dagbag.py:537} INFO - Filling up the DagBag from /home/airflow/.local/lib/python3.7/site-packages/airflow/example_dags/example_dag_decorator.py
[2025-05-03T23:22:07.366+0000] {logging_mixin.py:120} INFO - [2025-05-03T23:22:07.366+0000] {taskmixin.py:205} WARNING - Dependency <Task(_PythonDecoratedOperator): prepare_email>, send_email already registered for DAG: example_dag_decorator
[2025-05-03T23:22:07.367+0000] {logging_mixin.py:120} INFO - [2025-05-03T23:22:07.367+0000] {taskmixin.py:205} WARNING - Dependency <Task(EmailOperator): send_email>, prepare_email already registered for DAG: example_dag_decorator
[2025-05-03T23:22:07.378+0000] {processor.py:766} INFO - DAG(s) dict_keys(['example_dag_decorator']) retrieved from /home/airflow/.local/lib/python3.7/site-packages/airflow/example_dags/example_dag_decorator.py
[2025-05-03T23:22:07.421+0000] {logging_mixin.py:120} INFO - [2025-05-03T23:22:07.421+0000] {dag.py:2585} INFO - Sync 1 DAGs
[2025-05-03T23:22:07.432+0000] {logging_mixin.py:120} INFO - [2025-05-03T23:22:07.432+0000] {dag.py:3340} INFO - Setting next_dagrun for example_dag_decorator to None, run_after=None
[2025-05-03T23:22:07.442+0000] {processor.py:176} INFO - Processing /home/airflow/.local/lib/python3.7/site-packages/airflow/example_dags/example_dag_decorator.py took 0.086 seconds
[2025-05-03T23:38:28.604+0000] {processor.py:154} INFO - Started process (PID=44517) to work on /home/airflow/.local/lib/python3.7/site-packages/airflow/example_dags/example_dag_decorator.py
[2025-05-03T23:38:28.607+0000] {processor.py:756} INFO - Processing file /home/airflow/.local/lib/python3.7/site-packages/airflow/example_dags/example_dag_decorator.py for tasks to queue
[2025-05-03T23:38:28.608+0000] {logging_mixin.py:120} INFO - [2025-05-03T23:38:28.608+0000] {dagbag.py:537} INFO - Filling up the DagBag from /home/airflow/.local/lib/python3.7/site-packages/airflow/example_dags/example_dag_decorator.py
[2025-05-03T23:38:28.614+0000] {logging_mixin.py:120} INFO - [2025-05-03T23:38:28.614+0000] {taskmixin.py:205} WARNING - Dependency <Task(_PythonDecoratedOperator): prepare_email>, send_email already registered for DAG: example_dag_decorator
[2025-05-03T23:38:28.614+0000] {logging_mixin.py:120} INFO - [2025-05-03T23:38:28.614+0000] {taskmixin.py:205} WARNING - Dependency <Task(EmailOperator): send_email>, prepare_email already registered for DAG: example_dag_decorator
[2025-05-03T23:38:28.620+0000] {processor.py:766} INFO - DAG(s) dict_keys(['example_dag_decorator']) retrieved from /home/airflow/.local/lib/python3.7/site-packages/airflow/example_dags/example_dag_decorator.py
[2025-05-03T23:38:28.652+0000] {logging_mixin.py:120} INFO - [2025-05-03T23:38:28.652+0000] {dag.py:2585} INFO - Sync 1 DAGs
[2025-05-03T23:38:28.662+0000] {logging_mixin.py:120} INFO - [2025-05-03T23:38:28.661+0000] {dag.py:3340} INFO - Setting next_dagrun for example_dag_decorator to None, run_after=None
[2025-05-03T23:38:28.669+0000] {processor.py:176} INFO - Processing /home/airflow/.local/lib/python3.7/site-packages/airflow/example_dags/example_dag_decorator.py took 0.067 seconds
[2025-05-03T23:56:23.941+0000] {processor.py:154} INFO - Started process (PID=44580) to work on /home/airflow/.local/lib/python3.7/site-packages/airflow/example_dags/example_dag_decorator.py
[2025-05-03T23:56:23.944+0000] {processor.py:756} INFO - Processing file /home/airflow/.local/lib/python3.7/site-packages/airflow/example_dags/example_dag_decorator.py for tasks to queue
[2025-05-03T23:56:23.946+0000] {logging_mixin.py:120} INFO - [2025-05-03T23:56:23.946+0000] {dagbag.py:537} INFO - Filling up the DagBag from /home/airflow/.local/lib/python3.7/site-packages/airflow/example_dags/example_dag_decorator.py
[2025-05-03T23:56:23.953+0000] {logging_mixin.py:120} INFO - [2025-05-03T23:56:23.953+0000] {taskmixin.py:205} WARNING - Dependency <Task(_PythonDecoratedOperator): prepare_email>, send_email already registered for DAG: example_dag_decorator
[2025-05-03T23:56:23.955+0000] {logging_mixin.py:120} INFO - [2025-05-03T23:56:23.955+0000] {taskmixin.py:205} WARNING - Dependency <Task(EmailOperator): send_email>, prepare_email already registered for DAG: example_dag_decorator
[2025-05-03T23:56:23.963+0000] {processor.py:766} INFO - DAG(s) dict_keys(['example_dag_decorator']) retrieved from /home/airflow/.local/lib/python3.7/site-packages/airflow/example_dags/example_dag_decorator.py
[2025-05-03T23:56:24.000+0000] {logging_mixin.py:120} INFO - [2025-05-03T23:56:24.000+0000] {dag.py:2585} INFO - Sync 1 DAGs
[2025-05-03T23:56:24.012+0000] {logging_mixin.py:120} INFO - [2025-05-03T23:56:24.012+0000] {dag.py:3340} INFO - Setting next_dagrun for example_dag_decorator to None, run_after=None
[2025-05-03T23:56:24.021+0000] {processor.py:176} INFO - Processing /home/airflow/.local/lib/python3.7/site-packages/airflow/example_dags/example_dag_decorator.py took 0.081 seconds
