[2025-05-03T00:29:32.023+0000] {processor.py:154} INFO - Started process (PID=42641) to work on /home/airflow/.local/lib/python3.7/site-packages/airflow/example_dags/example_trigger_controller_dag.py
[2025-05-03T00:29:32.023+0000] {processor.py:756} INFO - Processing file /home/airflow/.local/lib/python3.7/site-packages/airflow/example_dags/example_trigger_controller_dag.py for tasks to queue
[2025-05-03T00:29:32.024+0000] {logging_mixin.py:120} INFO - [2025-05-03T00:29:32.024+0000] {dagbag.py:537} INFO - Filling up the DagBag from /home/airflow/.local/lib/python3.7/site-packages/airflow/example_dags/example_trigger_controller_dag.py
[2025-05-03T00:29:32.030+0000] {processor.py:766} INFO - DAG(s) dict_keys(['example_trigger_controller_dag']) retrieved from /home/airflow/.local/lib/python3.7/site-packages/airflow/example_dags/example_trigger_controller_dag.py
[2025-05-03T00:29:32.049+0000] {logging_mixin.py:120} INFO - [2025-05-03T00:29:32.049+0000] {dag.py:2585} INFO - Sync 1 DAGs
[2025-05-03T00:29:32.061+0000] {logging_mixin.py:120} INFO - [2025-05-03T00:29:32.061+0000] {dag.py:3340} INFO - Setting next_dagrun for example_trigger_controller_dag to 2021-01-01T00:00:00+00:00, run_after=2021-01-01T00:00:00+00:00
[2025-05-03T00:29:32.072+0000] {processor.py:176} INFO - Processing /home/airflow/.local/lib/python3.7/site-packages/airflow/example_dags/example_trigger_controller_dag.py took 0.051 seconds
[2025-05-03T00:52:40.519+0000] {processor.py:154} INFO - Started process (PID=42704) to work on /home/airflow/.local/lib/python3.7/site-packages/airflow/example_dags/example_trigger_controller_dag.py
[2025-05-03T00:52:40.519+0000] {processor.py:756} INFO - Processing file /home/airflow/.local/lib/python3.7/site-packages/airflow/example_dags/example_trigger_controller_dag.py for tasks to queue
[2025-05-03T00:52:40.520+0000] {logging_mixin.py:120} INFO - [2025-05-03T00:52:40.520+0000] {dagbag.py:537} INFO - Filling up the DagBag from /home/airflow/.local/lib/python3.7/site-packages/airflow/example_dags/example_trigger_controller_dag.py
[2025-05-03T00:52:40.526+0000] {processor.py:766} INFO - DAG(s) dict_keys(['example_trigger_controller_dag']) retrieved from /home/airflow/.local/lib/python3.7/site-packages/airflow/example_dags/example_trigger_controller_dag.py
[2025-05-03T00:52:40.548+0000] {logging_mixin.py:120} INFO - [2025-05-03T00:52:40.547+0000] {dag.py:2585} INFO - Sync 1 DAGs
[2025-05-03T00:52:40.559+0000] {logging_mixin.py:120} INFO - [2025-05-03T00:52:40.559+0000] {dag.py:3340} INFO - Setting next_dagrun for example_trigger_controller_dag to 2021-01-01T00:00:00+00:00, run_after=2021-01-01T00:00:00+00:00
[2025-05-03T00:52:40.569+0000] {processor.py:176} INFO - Processing /home/airflow/.local/lib/python3.7/site-packages/airflow/example_dags/example_trigger_controller_dag.py took 0.052 seconds
[2025-05-03T01:16:08.790+0000] {processor.py:154} INFO - Started process (PID=42758) to work on /home/airflow/.local/lib/python3.7/site-packages/airflow/example_dags/example_trigger_controller_dag.py
[2025-05-03T01:16:08.793+0000] {processor.py:756} INFO - Processing file /home/airflow/.local/lib/python3.7/site-packages/airflow/example_dags/example_trigger_controller_dag.py for tasks to queue
[2025-05-03T01:16:08.793+0000] {logging_mixin.py:120} INFO - [2025-05-03T01:16:08.793+0000] {dagbag.py:537} INFO - Filling up the DagBag from /home/airflow/.local/lib/python3.7/site-packages/airflow/example_dags/example_trigger_controller_dag.py
[2025-05-03T01:16:08.799+0000] {processor.py:766} INFO - DAG(s) dict_keys(['example_trigger_controller_dag']) retrieved from /home/airflow/.local/lib/python3.7/site-packages/airflow/example_dags/example_trigger_controller_dag.py
[2025-05-03T01:16:08.822+0000] {logging_mixin.py:120} INFO - [2025-05-03T01:16:08.822+0000] {dag.py:2585} INFO - Sync 1 DAGs
[2025-05-03T01:16:08.836+0000] {logging_mixin.py:120} INFO - [2025-05-03T01:16:08.836+0000] {dag.py:3340} INFO - Setting next_dagrun for example_trigger_controller_dag to 2021-01-01T00:00:00+00:00, run_after=2021-01-01T00:00:00+00:00
[2025-05-03T01:16:08.844+0000] {processor.py:176} INFO - Processing /home/airflow/.local/lib/python3.7/site-packages/airflow/example_dags/example_trigger_controller_dag.py took 0.056 seconds
[2025-05-03T01:19:53.332+0000] {processor.py:154} INFO - Started process (PID=42820) to work on /home/airflow/.local/lib/python3.7/site-packages/airflow/example_dags/example_trigger_controller_dag.py
[2025-05-03T01:19:53.332+0000] {processor.py:756} INFO - Processing file /home/airflow/.local/lib/python3.7/site-packages/airflow/example_dags/example_trigger_controller_dag.py for tasks to queue
[2025-05-03T01:19:53.332+0000] {logging_mixin.py:120} INFO - [2025-05-03T01:19:53.332+0000] {dagbag.py:537} INFO - Filling up the DagBag from /home/airflow/.local/lib/python3.7/site-packages/airflow/example_dags/example_trigger_controller_dag.py
[2025-05-03T01:19:53.338+0000] {processor.py:766} INFO - DAG(s) dict_keys(['example_trigger_controller_dag']) retrieved from /home/airflow/.local/lib/python3.7/site-packages/airflow/example_dags/example_trigger_controller_dag.py
[2025-05-03T01:19:53.359+0000] {logging_mixin.py:120} INFO - [2025-05-03T01:19:53.359+0000] {dag.py:2585} INFO - Sync 1 DAGs
[2025-05-03T01:19:53.369+0000] {logging_mixin.py:120} INFO - [2025-05-03T01:19:53.369+0000] {dag.py:3340} INFO - Setting next_dagrun for example_trigger_controller_dag to 2021-01-01T00:00:00+00:00, run_after=2021-01-01T00:00:00+00:00
[2025-05-03T01:19:53.380+0000] {processor.py:176} INFO - Processing /home/airflow/.local/lib/python3.7/site-packages/airflow/example_dags/example_trigger_controller_dag.py took 0.051 seconds
[2025-05-03T01:24:05.053+0000] {processor.py:154} INFO - Started process (PID=42882) to work on /home/airflow/.local/lib/python3.7/site-packages/airflow/example_dags/example_trigger_controller_dag.py
[2025-05-03T01:24:05.053+0000] {processor.py:756} INFO - Processing file /home/airflow/.local/lib/python3.7/site-packages/airflow/example_dags/example_trigger_controller_dag.py for tasks to queue
[2025-05-03T01:24:05.054+0000] {logging_mixin.py:120} INFO - [2025-05-03T01:24:05.054+0000] {dagbag.py:537} INFO - Filling up the DagBag from /home/airflow/.local/lib/python3.7/site-packages/airflow/example_dags/example_trigger_controller_dag.py
[2025-05-03T01:24:05.059+0000] {processor.py:766} INFO - DAG(s) dict_keys(['example_trigger_controller_dag']) retrieved from /home/airflow/.local/lib/python3.7/site-packages/airflow/example_dags/example_trigger_controller_dag.py
[2025-05-03T01:24:05.078+0000] {logging_mixin.py:120} INFO - [2025-05-03T01:24:05.078+0000] {dag.py:2585} INFO - Sync 1 DAGs
[2025-05-03T01:24:05.089+0000] {logging_mixin.py:120} INFO - [2025-05-03T01:24:05.089+0000] {dag.py:3340} INFO - Setting next_dagrun for example_trigger_controller_dag to 2021-01-01T00:00:00+00:00, run_after=2021-01-01T00:00:00+00:00
[2025-05-03T01:24:05.099+0000] {processor.py:176} INFO - Processing /home/airflow/.local/lib/python3.7/site-packages/airflow/example_dags/example_trigger_controller_dag.py took 0.047 seconds
[2025-05-03T02:06:32.995+0000] {processor.py:154} INFO - Started process (PID=42945) to work on /home/airflow/.local/lib/python3.7/site-packages/airflow/example_dags/example_trigger_controller_dag.py
[2025-05-03T02:06:32.995+0000] {processor.py:756} INFO - Processing file /home/airflow/.local/lib/python3.7/site-packages/airflow/example_dags/example_trigger_controller_dag.py for tasks to queue
[2025-05-03T02:06:32.996+0000] {logging_mixin.py:120} INFO - [2025-05-03T02:06:32.996+0000] {dagbag.py:537} INFO - Filling up the DagBag from /home/airflow/.local/lib/python3.7/site-packages/airflow/example_dags/example_trigger_controller_dag.py
[2025-05-03T02:06:33.002+0000] {processor.py:766} INFO - DAG(s) dict_keys(['example_trigger_controller_dag']) retrieved from /home/airflow/.local/lib/python3.7/site-packages/airflow/example_dags/example_trigger_controller_dag.py
[2025-05-03T02:06:33.020+0000] {logging_mixin.py:120} INFO - [2025-05-03T02:06:33.020+0000] {dag.py:2585} INFO - Sync 1 DAGs
[2025-05-03T02:06:33.031+0000] {logging_mixin.py:120} INFO - [2025-05-03T02:06:33.031+0000] {dag.py:3340} INFO - Setting next_dagrun for example_trigger_controller_dag to 2021-01-01T00:00:00+00:00, run_after=2021-01-01T00:00:00+00:00
[2025-05-03T02:06:33.040+0000] {processor.py:176} INFO - Processing /home/airflow/.local/lib/python3.7/site-packages/airflow/example_dags/example_trigger_controller_dag.py took 0.047 seconds
[2025-05-03T02:48:24.815+0000] {processor.py:154} INFO - Started process (PID=43008) to work on /home/airflow/.local/lib/python3.7/site-packages/airflow/example_dags/example_trigger_controller_dag.py
[2025-05-03T02:48:24.816+0000] {processor.py:756} INFO - Processing file /home/airflow/.local/lib/python3.7/site-packages/airflow/example_dags/example_trigger_controller_dag.py for tasks to queue
[2025-05-03T02:48:24.816+0000] {logging_mixin.py:120} INFO - [2025-05-03T02:48:24.816+0000] {dagbag.py:537} INFO - Filling up the DagBag from /home/airflow/.local/lib/python3.7/site-packages/airflow/example_dags/example_trigger_controller_dag.py
[2025-05-03T02:48:24.822+0000] {processor.py:766} INFO - DAG(s) dict_keys(['example_trigger_controller_dag']) retrieved from /home/airflow/.local/lib/python3.7/site-packages/airflow/example_dags/example_trigger_controller_dag.py
[2025-05-03T02:48:24.842+0000] {logging_mixin.py:120} INFO - [2025-05-03T02:48:24.842+0000] {dag.py:2585} INFO - Sync 1 DAGs
[2025-05-03T02:48:24.854+0000] {logging_mixin.py:120} INFO - [2025-05-03T02:48:24.854+0000] {dag.py:3340} INFO - Setting next_dagrun for example_trigger_controller_dag to 2021-01-01T00:00:00+00:00, run_after=2021-01-01T00:00:00+00:00
[2025-05-03T02:48:24.866+0000] {processor.py:176} INFO - Processing /home/airflow/.local/lib/python3.7/site-packages/airflow/example_dags/example_trigger_controller_dag.py took 0.053 seconds
[2025-05-03T03:21:20.642+0000] {processor.py:154} INFO - Started process (PID=43071) to work on /home/airflow/.local/lib/python3.7/site-packages/airflow/example_dags/example_trigger_controller_dag.py
[2025-05-03T03:21:20.644+0000] {processor.py:756} INFO - Processing file /home/airflow/.local/lib/python3.7/site-packages/airflow/example_dags/example_trigger_controller_dag.py for tasks to queue
[2025-05-03T03:21:20.645+0000] {logging_mixin.py:120} INFO - [2025-05-03T03:21:20.644+0000] {dagbag.py:537} INFO - Filling up the DagBag from /home/airflow/.local/lib/python3.7/site-packages/airflow/example_dags/example_trigger_controller_dag.py
[2025-05-03T03:21:20.651+0000] {processor.py:766} INFO - DAG(s) dict_keys(['example_trigger_controller_dag']) retrieved from /home/airflow/.local/lib/python3.7/site-packages/airflow/example_dags/example_trigger_controller_dag.py
[2025-05-03T03:21:20.678+0000] {logging_mixin.py:120} INFO - [2025-05-03T03:21:20.678+0000] {dag.py:2585} INFO - Sync 1 DAGs
[2025-05-03T03:21:20.693+0000] {logging_mixin.py:120} INFO - [2025-05-03T03:21:20.693+0000] {dag.py:3340} INFO - Setting next_dagrun for example_trigger_controller_dag to 2021-01-01T00:00:00+00:00, run_after=2021-01-01T00:00:00+00:00
[2025-05-03T03:21:20.701+0000] {processor.py:176} INFO - Processing /home/airflow/.local/lib/python3.7/site-packages/airflow/example_dags/example_trigger_controller_dag.py took 0.061 seconds
[2025-05-03T04:10:42.646+0000] {processor.py:154} INFO - Started process (PID=43125) to work on /home/airflow/.local/lib/python3.7/site-packages/airflow/example_dags/example_trigger_controller_dag.py
[2025-05-03T04:10:42.647+0000] {processor.py:756} INFO - Processing file /home/airflow/.local/lib/python3.7/site-packages/airflow/example_dags/example_trigger_controller_dag.py for tasks to queue
[2025-05-03T04:10:42.647+0000] {logging_mixin.py:120} INFO - [2025-05-03T04:10:42.647+0000] {dagbag.py:537} INFO - Filling up the DagBag from /home/airflow/.local/lib/python3.7/site-packages/airflow/example_dags/example_trigger_controller_dag.py
[2025-05-03T04:10:42.653+0000] {processor.py:766} INFO - DAG(s) dict_keys(['example_trigger_controller_dag']) retrieved from /home/airflow/.local/lib/python3.7/site-packages/airflow/example_dags/example_trigger_controller_dag.py
[2025-05-03T04:10:42.676+0000] {logging_mixin.py:120} INFO - [2025-05-03T04:10:42.675+0000] {dag.py:2585} INFO - Sync 1 DAGs
[2025-05-03T04:10:42.689+0000] {logging_mixin.py:120} INFO - [2025-05-03T04:10:42.689+0000] {dag.py:3340} INFO - Setting next_dagrun for example_trigger_controller_dag to 2021-01-01T00:00:00+00:00, run_after=2021-01-01T00:00:00+00:00
[2025-05-03T04:10:42.698+0000] {processor.py:176} INFO - Processing /home/airflow/.local/lib/python3.7/site-packages/airflow/example_dags/example_trigger_controller_dag.py took 0.054 seconds
[2025-05-03T04:54:16.682+0000] {processor.py:154} INFO - Started process (PID=43188) to work on /home/airflow/.local/lib/python3.7/site-packages/airflow/example_dags/example_trigger_controller_dag.py
[2025-05-03T04:54:16.683+0000] {processor.py:756} INFO - Processing file /home/airflow/.local/lib/python3.7/site-packages/airflow/example_dags/example_trigger_controller_dag.py for tasks to queue
[2025-05-03T04:54:16.685+0000] {logging_mixin.py:120} INFO - [2025-05-03T04:54:16.685+0000] {dagbag.py:537} INFO - Filling up the DagBag from /home/airflow/.local/lib/python3.7/site-packages/airflow/example_dags/example_trigger_controller_dag.py
[2025-05-03T04:54:16.693+0000] {processor.py:766} INFO - DAG(s) dict_keys(['example_trigger_controller_dag']) retrieved from /home/airflow/.local/lib/python3.7/site-packages/airflow/example_dags/example_trigger_controller_dag.py
[2025-05-03T04:54:16.713+0000] {logging_mixin.py:120} INFO - [2025-05-03T04:54:16.713+0000] {dag.py:2585} INFO - Sync 1 DAGs
[2025-05-03T04:54:16.724+0000] {logging_mixin.py:120} INFO - [2025-05-03T04:54:16.724+0000] {dag.py:3340} INFO - Setting next_dagrun for example_trigger_controller_dag to 2021-01-01T00:00:00+00:00, run_after=2021-01-01T00:00:00+00:00
[2025-05-03T04:54:16.732+0000] {processor.py:176} INFO - Processing /home/airflow/.local/lib/python3.7/site-packages/airflow/example_dags/example_trigger_controller_dag.py took 0.052 seconds
[2025-05-03T05:53:10.022+0000] {processor.py:154} INFO - Started process (PID=43251) to work on /home/airflow/.local/lib/python3.7/site-packages/airflow/example_dags/example_trigger_controller_dag.py
[2025-05-03T05:53:10.023+0000] {processor.py:756} INFO - Processing file /home/airflow/.local/lib/python3.7/site-packages/airflow/example_dags/example_trigger_controller_dag.py for tasks to queue
[2025-05-03T05:53:10.024+0000] {logging_mixin.py:120} INFO - [2025-05-03T05:53:10.024+0000] {dagbag.py:537} INFO - Filling up the DagBag from /home/airflow/.local/lib/python3.7/site-packages/airflow/example_dags/example_trigger_controller_dag.py
[2025-05-03T05:53:10.031+0000] {processor.py:766} INFO - DAG(s) dict_keys(['example_trigger_controller_dag']) retrieved from /home/airflow/.local/lib/python3.7/site-packages/airflow/example_dags/example_trigger_controller_dag.py
[2025-05-03T05:53:10.054+0000] {logging_mixin.py:120} INFO - [2025-05-03T05:53:10.054+0000] {dag.py:2585} INFO - Sync 1 DAGs
[2025-05-03T05:53:10.066+0000] {logging_mixin.py:120} INFO - [2025-05-03T05:53:10.066+0000] {dag.py:3340} INFO - Setting next_dagrun for example_trigger_controller_dag to 2021-01-01T00:00:00+00:00, run_after=2021-01-01T00:00:00+00:00
[2025-05-03T05:53:10.079+0000] {processor.py:176} INFO - Processing /home/airflow/.local/lib/python3.7/site-packages/airflow/example_dags/example_trigger_controller_dag.py took 0.058 seconds
[2025-05-03T06:30:38.931+0000] {processor.py:154} INFO - Started process (PID=43315) to work on /home/airflow/.local/lib/python3.7/site-packages/airflow/example_dags/example_trigger_controller_dag.py
[2025-05-03T06:30:38.933+0000] {processor.py:756} INFO - Processing file /home/airflow/.local/lib/python3.7/site-packages/airflow/example_dags/example_trigger_controller_dag.py for tasks to queue
[2025-05-03T06:30:38.934+0000] {logging_mixin.py:120} INFO - [2025-05-03T06:30:38.934+0000] {dagbag.py:537} INFO - Filling up the DagBag from /home/airflow/.local/lib/python3.7/site-packages/airflow/example_dags/example_trigger_controller_dag.py
[2025-05-03T06:30:38.940+0000] {processor.py:766} INFO - DAG(s) dict_keys(['example_trigger_controller_dag']) retrieved from /home/airflow/.local/lib/python3.7/site-packages/airflow/example_dags/example_trigger_controller_dag.py
[2025-05-03T06:30:38.961+0000] {logging_mixin.py:120} INFO - [2025-05-03T06:30:38.961+0000] {dag.py:2585} INFO - Sync 1 DAGs
[2025-05-03T06:30:38.973+0000] {logging_mixin.py:120} INFO - [2025-05-03T06:30:38.973+0000] {dag.py:3340} INFO - Setting next_dagrun for example_trigger_controller_dag to 2021-01-01T00:00:00+00:00, run_after=2021-01-01T00:00:00+00:00
[2025-05-03T06:30:38.983+0000] {processor.py:176} INFO - Processing /home/airflow/.local/lib/python3.7/site-packages/airflow/example_dags/example_trigger_controller_dag.py took 0.053 seconds
[2025-05-03T07:22:16.556+0000] {processor.py:154} INFO - Started process (PID=43378) to work on /home/airflow/.local/lib/python3.7/site-packages/airflow/example_dags/example_trigger_controller_dag.py
[2025-05-03T07:22:16.557+0000] {processor.py:756} INFO - Processing file /home/airflow/.local/lib/python3.7/site-packages/airflow/example_dags/example_trigger_controller_dag.py for tasks to queue
[2025-05-03T07:22:16.559+0000] {logging_mixin.py:120} INFO - [2025-05-03T07:22:16.559+0000] {dagbag.py:537} INFO - Filling up the DagBag from /home/airflow/.local/lib/python3.7/site-packages/airflow/example_dags/example_trigger_controller_dag.py
[2025-05-03T07:22:16.566+0000] {processor.py:766} INFO - DAG(s) dict_keys(['example_trigger_controller_dag']) retrieved from /home/airflow/.local/lib/python3.7/site-packages/airflow/example_dags/example_trigger_controller_dag.py
[2025-05-03T07:22:16.584+0000] {logging_mixin.py:120} INFO - [2025-05-03T07:22:16.584+0000] {dag.py:2585} INFO - Sync 1 DAGs
[2025-05-03T07:22:16.594+0000] {logging_mixin.py:120} INFO - [2025-05-03T07:22:16.594+0000] {dag.py:3340} INFO - Setting next_dagrun for example_trigger_controller_dag to 2021-01-01T00:00:00+00:00, run_after=2021-01-01T00:00:00+00:00
[2025-05-03T07:22:16.602+0000] {processor.py:176} INFO - Processing /home/airflow/.local/lib/python3.7/site-packages/airflow/example_dags/example_trigger_controller_dag.py took 0.047 seconds
[2025-05-03T08:23:11.388+0000] {processor.py:154} INFO - Started process (PID=43441) to work on /home/airflow/.local/lib/python3.7/site-packages/airflow/example_dags/example_trigger_controller_dag.py
[2025-05-03T08:23:11.389+0000] {processor.py:756} INFO - Processing file /home/airflow/.local/lib/python3.7/site-packages/airflow/example_dags/example_trigger_controller_dag.py for tasks to queue
[2025-05-03T08:23:11.390+0000] {logging_mixin.py:120} INFO - [2025-05-03T08:23:11.390+0000] {dagbag.py:537} INFO - Filling up the DagBag from /home/airflow/.local/lib/python3.7/site-packages/airflow/example_dags/example_trigger_controller_dag.py
[2025-05-03T08:23:11.396+0000] {processor.py:766} INFO - DAG(s) dict_keys(['example_trigger_controller_dag']) retrieved from /home/airflow/.local/lib/python3.7/site-packages/airflow/example_dags/example_trigger_controller_dag.py
[2025-05-03T08:23:11.417+0000] {logging_mixin.py:120} INFO - [2025-05-03T08:23:11.417+0000] {dag.py:2585} INFO - Sync 1 DAGs
[2025-05-03T08:23:11.428+0000] {logging_mixin.py:120} INFO - [2025-05-03T08:23:11.428+0000] {dag.py:3340} INFO - Setting next_dagrun for example_trigger_controller_dag to 2021-01-01T00:00:00+00:00, run_after=2021-01-01T00:00:00+00:00
[2025-05-03T08:23:11.436+0000] {processor.py:176} INFO - Processing /home/airflow/.local/lib/python3.7/site-packages/airflow/example_dags/example_trigger_controller_dag.py took 0.049 seconds
[2025-05-03T09:41:39.017+0000] {processor.py:154} INFO - Started process (PID=43494) to work on /home/airflow/.local/lib/python3.7/site-packages/airflow/example_dags/example_trigger_controller_dag.py
[2025-05-03T09:41:39.018+0000] {processor.py:756} INFO - Processing file /home/airflow/.local/lib/python3.7/site-packages/airflow/example_dags/example_trigger_controller_dag.py for tasks to queue
[2025-05-03T09:41:39.018+0000] {logging_mixin.py:120} INFO - [2025-05-03T09:41:39.018+0000] {dagbag.py:537} INFO - Filling up the DagBag from /home/airflow/.local/lib/python3.7/site-packages/airflow/example_dags/example_trigger_controller_dag.py
[2025-05-03T09:41:39.024+0000] {processor.py:766} INFO - DAG(s) dict_keys(['example_trigger_controller_dag']) retrieved from /home/airflow/.local/lib/python3.7/site-packages/airflow/example_dags/example_trigger_controller_dag.py
[2025-05-03T09:41:39.044+0000] {logging_mixin.py:120} INFO - [2025-05-03T09:41:39.044+0000] {dag.py:2585} INFO - Sync 1 DAGs
[2025-05-03T09:41:39.055+0000] {logging_mixin.py:120} INFO - [2025-05-03T09:41:39.055+0000] {dag.py:3340} INFO - Setting next_dagrun for example_trigger_controller_dag to 2021-01-01T00:00:00+00:00, run_after=2021-01-01T00:00:00+00:00
[2025-05-03T09:41:39.064+0000] {processor.py:176} INFO - Processing /home/airflow/.local/lib/python3.7/site-packages/airflow/example_dags/example_trigger_controller_dag.py took 0.048 seconds
[2025-05-03T10:58:28.522+0000] {processor.py:154} INFO - Started process (PID=43557) to work on /home/airflow/.local/lib/python3.7/site-packages/airflow/example_dags/example_trigger_controller_dag.py
[2025-05-03T10:58:28.524+0000] {processor.py:756} INFO - Processing file /home/airflow/.local/lib/python3.7/site-packages/airflow/example_dags/example_trigger_controller_dag.py for tasks to queue
[2025-05-03T10:58:28.525+0000] {logging_mixin.py:120} INFO - [2025-05-03T10:58:28.525+0000] {dagbag.py:537} INFO - Filling up the DagBag from /home/airflow/.local/lib/python3.7/site-packages/airflow/example_dags/example_trigger_controller_dag.py
[2025-05-03T10:58:28.533+0000] {processor.py:766} INFO - DAG(s) dict_keys(['example_trigger_controller_dag']) retrieved from /home/airflow/.local/lib/python3.7/site-packages/airflow/example_dags/example_trigger_controller_dag.py
[2025-05-03T10:58:28.553+0000] {logging_mixin.py:120} INFO - [2025-05-03T10:58:28.553+0000] {dag.py:2585} INFO - Sync 1 DAGs
[2025-05-03T10:58:28.565+0000] {logging_mixin.py:120} INFO - [2025-05-03T10:58:28.565+0000] {dag.py:3340} INFO - Setting next_dagrun for example_trigger_controller_dag to 2021-01-01T00:00:00+00:00, run_after=2021-01-01T00:00:00+00:00
[2025-05-03T10:58:28.573+0000] {processor.py:176} INFO - Processing /home/airflow/.local/lib/python3.7/site-packages/airflow/example_dags/example_trigger_controller_dag.py took 0.052 seconds
[2025-05-03T11:42:15.469+0000] {processor.py:154} INFO - Started process (PID=43620) to work on /home/airflow/.local/lib/python3.7/site-packages/airflow/example_dags/example_trigger_controller_dag.py
[2025-05-03T11:42:15.469+0000] {processor.py:756} INFO - Processing file /home/airflow/.local/lib/python3.7/site-packages/airflow/example_dags/example_trigger_controller_dag.py for tasks to queue
[2025-05-03T11:42:15.470+0000] {logging_mixin.py:120} INFO - [2025-05-03T11:42:15.470+0000] {dagbag.py:537} INFO - Filling up the DagBag from /home/airflow/.local/lib/python3.7/site-packages/airflow/example_dags/example_trigger_controller_dag.py
[2025-05-03T11:42:15.475+0000] {processor.py:766} INFO - DAG(s) dict_keys(['example_trigger_controller_dag']) retrieved from /home/airflow/.local/lib/python3.7/site-packages/airflow/example_dags/example_trigger_controller_dag.py
[2025-05-03T11:42:15.498+0000] {logging_mixin.py:120} INFO - [2025-05-03T11:42:15.498+0000] {dag.py:2585} INFO - Sync 1 DAGs
[2025-05-03T11:42:15.511+0000] {logging_mixin.py:120} INFO - [2025-05-03T11:42:15.511+0000] {dag.py:3340} INFO - Setting next_dagrun for example_trigger_controller_dag to 2021-01-01T00:00:00+00:00, run_after=2021-01-01T00:00:00+00:00
[2025-05-03T11:42:15.521+0000] {processor.py:176} INFO - Processing /home/airflow/.local/lib/python3.7/site-packages/airflow/example_dags/example_trigger_controller_dag.py took 0.053 seconds
[2025-05-03T12:59:20.811+0000] {processor.py:154} INFO - Started process (PID=43683) to work on /home/airflow/.local/lib/python3.7/site-packages/airflow/example_dags/example_trigger_controller_dag.py
[2025-05-03T12:59:20.812+0000] {processor.py:756} INFO - Processing file /home/airflow/.local/lib/python3.7/site-packages/airflow/example_dags/example_trigger_controller_dag.py for tasks to queue
[2025-05-03T12:59:20.812+0000] {logging_mixin.py:120} INFO - [2025-05-03T12:59:20.812+0000] {dagbag.py:537} INFO - Filling up the DagBag from /home/airflow/.local/lib/python3.7/site-packages/airflow/example_dags/example_trigger_controller_dag.py
[2025-05-03T12:59:20.819+0000] {processor.py:766} INFO - DAG(s) dict_keys(['example_trigger_controller_dag']) retrieved from /home/airflow/.local/lib/python3.7/site-packages/airflow/example_dags/example_trigger_controller_dag.py
[2025-05-03T12:59:20.842+0000] {logging_mixin.py:120} INFO - [2025-05-03T12:59:20.841+0000] {dag.py:2585} INFO - Sync 1 DAGs
[2025-05-03T12:59:20.854+0000] {logging_mixin.py:120} INFO - [2025-05-03T12:59:20.854+0000] {dag.py:3340} INFO - Setting next_dagrun for example_trigger_controller_dag to 2021-01-01T00:00:00+00:00, run_after=2021-01-01T00:00:00+00:00
[2025-05-03T12:59:20.864+0000] {processor.py:176} INFO - Processing /home/airflow/.local/lib/python3.7/site-packages/airflow/example_dags/example_trigger_controller_dag.py took 0.054 seconds
[2025-05-03T13:28:31.937+0000] {processor.py:154} INFO - Started process (PID=43746) to work on /home/airflow/.local/lib/python3.7/site-packages/airflow/example_dags/example_trigger_controller_dag.py
[2025-05-03T13:28:31.938+0000] {processor.py:756} INFO - Processing file /home/airflow/.local/lib/python3.7/site-packages/airflow/example_dags/example_trigger_controller_dag.py for tasks to queue
[2025-05-03T13:28:31.938+0000] {logging_mixin.py:120} INFO - [2025-05-03T13:28:31.938+0000] {dagbag.py:537} INFO - Filling up the DagBag from /home/airflow/.local/lib/python3.7/site-packages/airflow/example_dags/example_trigger_controller_dag.py
[2025-05-03T13:28:31.945+0000] {processor.py:766} INFO - DAG(s) dict_keys(['example_trigger_controller_dag']) retrieved from /home/airflow/.local/lib/python3.7/site-packages/airflow/example_dags/example_trigger_controller_dag.py
[2025-05-03T13:28:31.966+0000] {logging_mixin.py:120} INFO - [2025-05-03T13:28:31.966+0000] {dag.py:2585} INFO - Sync 1 DAGs
[2025-05-03T13:28:31.978+0000] {logging_mixin.py:120} INFO - [2025-05-03T13:28:31.978+0000] {dag.py:3340} INFO - Setting next_dagrun for example_trigger_controller_dag to 2021-01-01T00:00:00+00:00, run_after=2021-01-01T00:00:00+00:00
[2025-05-03T13:28:31.988+0000] {processor.py:176} INFO - Processing /home/airflow/.local/lib/python3.7/site-packages/airflow/example_dags/example_trigger_controller_dag.py took 0.052 seconds
[2025-05-03T13:29:08.886+0000] {processor.py:154} INFO - Started process (PID=43809) to work on /home/airflow/.local/lib/python3.7/site-packages/airflow/example_dags/example_trigger_controller_dag.py
[2025-05-03T13:29:08.886+0000] {processor.py:756} INFO - Processing file /home/airflow/.local/lib/python3.7/site-packages/airflow/example_dags/example_trigger_controller_dag.py for tasks to queue
[2025-05-03T13:29:08.886+0000] {logging_mixin.py:120} INFO - [2025-05-03T13:29:08.886+0000] {dagbag.py:537} INFO - Filling up the DagBag from /home/airflow/.local/lib/python3.7/site-packages/airflow/example_dags/example_trigger_controller_dag.py
[2025-05-03T13:29:08.893+0000] {processor.py:766} INFO - DAG(s) dict_keys(['example_trigger_controller_dag']) retrieved from /home/airflow/.local/lib/python3.7/site-packages/airflow/example_dags/example_trigger_controller_dag.py
[2025-05-03T13:29:08.912+0000] {logging_mixin.py:120} INFO - [2025-05-03T13:29:08.912+0000] {dag.py:2585} INFO - Sync 1 DAGs
[2025-05-03T13:29:08.922+0000] {logging_mixin.py:120} INFO - [2025-05-03T13:29:08.922+0000] {dag.py:3340} INFO - Setting next_dagrun for example_trigger_controller_dag to 2021-01-01T00:00:00+00:00, run_after=2021-01-01T00:00:00+00:00
[2025-05-03T13:29:08.930+0000] {processor.py:176} INFO - Processing /home/airflow/.local/lib/python3.7/site-packages/airflow/example_dags/example_trigger_controller_dag.py took 0.046 seconds
[2025-05-03T14:29:11.258+0000] {processor.py:154} INFO - Started process (PID=43870) to work on /home/airflow/.local/lib/python3.7/site-packages/airflow/example_dags/example_trigger_controller_dag.py
[2025-05-03T14:29:11.259+0000] {processor.py:756} INFO - Processing file /home/airflow/.local/lib/python3.7/site-packages/airflow/example_dags/example_trigger_controller_dag.py for tasks to queue
[2025-05-03T14:29:11.261+0000] {logging_mixin.py:120} INFO - [2025-05-03T14:29:11.261+0000] {dagbag.py:537} INFO - Filling up the DagBag from /home/airflow/.local/lib/python3.7/site-packages/airflow/example_dags/example_trigger_controller_dag.py
[2025-05-03T14:29:11.269+0000] {processor.py:766} INFO - DAG(s) dict_keys(['example_trigger_controller_dag']) retrieved from /home/airflow/.local/lib/python3.7/site-packages/airflow/example_dags/example_trigger_controller_dag.py
[2025-05-03T14:29:11.293+0000] {logging_mixin.py:120} INFO - [2025-05-03T14:29:11.293+0000] {dag.py:2585} INFO - Sync 1 DAGs
[2025-05-03T14:29:11.305+0000] {logging_mixin.py:120} INFO - [2025-05-03T14:29:11.305+0000] {dag.py:3340} INFO - Setting next_dagrun for example_trigger_controller_dag to 2021-01-01T00:00:00+00:00, run_after=2021-01-01T00:00:00+00:00
[2025-05-03T14:29:11.319+0000] {processor.py:176} INFO - Processing /home/airflow/.local/lib/python3.7/site-packages/airflow/example_dags/example_trigger_controller_dag.py took 0.063 seconds
[2025-05-03T15:07:54.403+0000] {processor.py:154} INFO - Started process (PID=43924) to work on /home/airflow/.local/lib/python3.7/site-packages/airflow/example_dags/example_trigger_controller_dag.py
[2025-05-03T15:07:54.404+0000] {processor.py:756} INFO - Processing file /home/airflow/.local/lib/python3.7/site-packages/airflow/example_dags/example_trigger_controller_dag.py for tasks to queue
[2025-05-03T15:07:54.404+0000] {logging_mixin.py:120} INFO - [2025-05-03T15:07:54.404+0000] {dagbag.py:537} INFO - Filling up the DagBag from /home/airflow/.local/lib/python3.7/site-packages/airflow/example_dags/example_trigger_controller_dag.py
[2025-05-03T15:07:54.410+0000] {processor.py:766} INFO - DAG(s) dict_keys(['example_trigger_controller_dag']) retrieved from /home/airflow/.local/lib/python3.7/site-packages/airflow/example_dags/example_trigger_controller_dag.py
[2025-05-03T15:07:54.430+0000] {logging_mixin.py:120} INFO - [2025-05-03T15:07:54.430+0000] {dag.py:2585} INFO - Sync 1 DAGs
[2025-05-03T15:07:54.446+0000] {logging_mixin.py:120} INFO - [2025-05-03T15:07:54.446+0000] {dag.py:3340} INFO - Setting next_dagrun for example_trigger_controller_dag to 2021-01-01T00:00:00+00:00, run_after=2021-01-01T00:00:00+00:00
[2025-05-03T15:07:54.456+0000] {processor.py:176} INFO - Processing /home/airflow/.local/lib/python3.7/site-packages/airflow/example_dags/example_trigger_controller_dag.py took 0.055 seconds
[2025-05-03T16:21:03.704+0000] {processor.py:154} INFO - Started process (PID=43987) to work on /home/airflow/.local/lib/python3.7/site-packages/airflow/example_dags/example_trigger_controller_dag.py
[2025-05-03T16:21:03.705+0000] {processor.py:756} INFO - Processing file /home/airflow/.local/lib/python3.7/site-packages/airflow/example_dags/example_trigger_controller_dag.py for tasks to queue
[2025-05-03T16:21:03.706+0000] {logging_mixin.py:120} INFO - [2025-05-03T16:21:03.706+0000] {dagbag.py:537} INFO - Filling up the DagBag from /home/airflow/.local/lib/python3.7/site-packages/airflow/example_dags/example_trigger_controller_dag.py
[2025-05-03T16:21:03.712+0000] {processor.py:766} INFO - DAG(s) dict_keys(['example_trigger_controller_dag']) retrieved from /home/airflow/.local/lib/python3.7/site-packages/airflow/example_dags/example_trigger_controller_dag.py
[2025-05-03T16:21:03.734+0000] {logging_mixin.py:120} INFO - [2025-05-03T16:21:03.734+0000] {dag.py:2585} INFO - Sync 1 DAGs
[2025-05-03T16:21:03.748+0000] {logging_mixin.py:120} INFO - [2025-05-03T16:21:03.748+0000] {dag.py:3340} INFO - Setting next_dagrun for example_trigger_controller_dag to 2021-01-01T00:00:00+00:00, run_after=2021-01-01T00:00:00+00:00
[2025-05-03T16:21:03.757+0000] {processor.py:176} INFO - Processing /home/airflow/.local/lib/python3.7/site-packages/airflow/example_dags/example_trigger_controller_dag.py took 0.055 seconds
[2025-05-03T16:48:06.072+0000] {processor.py:154} INFO - Started process (PID=44049) to work on /home/airflow/.local/lib/python3.7/site-packages/airflow/example_dags/example_trigger_controller_dag.py
[2025-05-03T16:48:06.073+0000] {processor.py:756} INFO - Processing file /home/airflow/.local/lib/python3.7/site-packages/airflow/example_dags/example_trigger_controller_dag.py for tasks to queue
[2025-05-03T16:48:06.073+0000] {logging_mixin.py:120} INFO - [2025-05-03T16:48:06.073+0000] {dagbag.py:537} INFO - Filling up the DagBag from /home/airflow/.local/lib/python3.7/site-packages/airflow/example_dags/example_trigger_controller_dag.py
[2025-05-03T16:48:06.079+0000] {processor.py:766} INFO - DAG(s) dict_keys(['example_trigger_controller_dag']) retrieved from /home/airflow/.local/lib/python3.7/site-packages/airflow/example_dags/example_trigger_controller_dag.py
[2025-05-03T16:48:06.101+0000] {logging_mixin.py:120} INFO - [2025-05-03T16:48:06.101+0000] {dag.py:2585} INFO - Sync 1 DAGs
[2025-05-03T16:48:06.113+0000] {logging_mixin.py:120} INFO - [2025-05-03T16:48:06.113+0000] {dag.py:3340} INFO - Setting next_dagrun for example_trigger_controller_dag to 2021-01-01T00:00:00+00:00, run_after=2021-01-01T00:00:00+00:00
[2025-05-03T16:48:06.123+0000] {processor.py:176} INFO - Processing /home/airflow/.local/lib/python3.7/site-packages/airflow/example_dags/example_trigger_controller_dag.py took 0.053 seconds
[2025-05-03T18:05:54.624+0000] {processor.py:154} INFO - Started process (PID=44112) to work on /home/airflow/.local/lib/python3.7/site-packages/airflow/example_dags/example_trigger_controller_dag.py
[2025-05-03T18:05:54.624+0000] {processor.py:756} INFO - Processing file /home/airflow/.local/lib/python3.7/site-packages/airflow/example_dags/example_trigger_controller_dag.py for tasks to queue
[2025-05-03T18:05:54.624+0000] {logging_mixin.py:120} INFO - [2025-05-03T18:05:54.624+0000] {dagbag.py:537} INFO - Filling up the DagBag from /home/airflow/.local/lib/python3.7/site-packages/airflow/example_dags/example_trigger_controller_dag.py
[2025-05-03T18:05:54.630+0000] {processor.py:766} INFO - DAG(s) dict_keys(['example_trigger_controller_dag']) retrieved from /home/airflow/.local/lib/python3.7/site-packages/airflow/example_dags/example_trigger_controller_dag.py
[2025-05-03T18:05:54.649+0000] {logging_mixin.py:120} INFO - [2025-05-03T18:05:54.649+0000] {dag.py:2585} INFO - Sync 1 DAGs
[2025-05-03T18:05:54.660+0000] {logging_mixin.py:120} INFO - [2025-05-03T18:05:54.660+0000] {dag.py:3340} INFO - Setting next_dagrun for example_trigger_controller_dag to 2021-01-01T00:00:00+00:00, run_after=2021-01-01T00:00:00+00:00
[2025-05-03T18:05:54.673+0000] {processor.py:176} INFO - Processing /home/airflow/.local/lib/python3.7/site-packages/airflow/example_dags/example_trigger_controller_dag.py took 0.051 seconds
[2025-05-03T19:25:58.165+0000] {processor.py:154} INFO - Started process (PID=44175) to work on /home/airflow/.local/lib/python3.7/site-packages/airflow/example_dags/example_trigger_controller_dag.py
[2025-05-03T19:25:58.166+0000] {processor.py:756} INFO - Processing file /home/airflow/.local/lib/python3.7/site-packages/airflow/example_dags/example_trigger_controller_dag.py for tasks to queue
[2025-05-03T19:25:58.166+0000] {logging_mixin.py:120} INFO - [2025-05-03T19:25:58.166+0000] {dagbag.py:537} INFO - Filling up the DagBag from /home/airflow/.local/lib/python3.7/site-packages/airflow/example_dags/example_trigger_controller_dag.py
[2025-05-03T19:25:58.175+0000] {processor.py:766} INFO - DAG(s) dict_keys(['example_trigger_controller_dag']) retrieved from /home/airflow/.local/lib/python3.7/site-packages/airflow/example_dags/example_trigger_controller_dag.py
[2025-05-03T19:25:58.198+0000] {logging_mixin.py:120} INFO - [2025-05-03T19:25:58.198+0000] {dag.py:2585} INFO - Sync 1 DAGs
[2025-05-03T19:25:58.212+0000] {logging_mixin.py:120} INFO - [2025-05-03T19:25:58.212+0000] {dag.py:3340} INFO - Setting next_dagrun for example_trigger_controller_dag to 2021-01-01T00:00:00+00:00, run_after=2021-01-01T00:00:00+00:00
[2025-05-03T19:25:58.224+0000] {processor.py:176} INFO - Processing /home/airflow/.local/lib/python3.7/site-packages/airflow/example_dags/example_trigger_controller_dag.py took 0.061 seconds
[2025-05-03T20:07:05.536+0000] {processor.py:154} INFO - Started process (PID=44237) to work on /home/airflow/.local/lib/python3.7/site-packages/airflow/example_dags/example_trigger_controller_dag.py
[2025-05-03T20:07:05.537+0000] {processor.py:756} INFO - Processing file /home/airflow/.local/lib/python3.7/site-packages/airflow/example_dags/example_trigger_controller_dag.py for tasks to queue
[2025-05-03T20:07:05.538+0000] {logging_mixin.py:120} INFO - [2025-05-03T20:07:05.537+0000] {dagbag.py:537} INFO - Filling up the DagBag from /home/airflow/.local/lib/python3.7/site-packages/airflow/example_dags/example_trigger_controller_dag.py
[2025-05-03T20:07:05.544+0000] {processor.py:766} INFO - DAG(s) dict_keys(['example_trigger_controller_dag']) retrieved from /home/airflow/.local/lib/python3.7/site-packages/airflow/example_dags/example_trigger_controller_dag.py
[2025-05-03T20:07:05.562+0000] {logging_mixin.py:120} INFO - [2025-05-03T20:07:05.562+0000] {dag.py:2585} INFO - Sync 1 DAGs
[2025-05-03T20:07:05.576+0000] {logging_mixin.py:120} INFO - [2025-05-03T20:07:05.576+0000] {dag.py:3340} INFO - Setting next_dagrun for example_trigger_controller_dag to 2021-01-01T00:00:00+00:00, run_after=2021-01-01T00:00:00+00:00
[2025-05-03T20:07:05.591+0000] {processor.py:176} INFO - Processing /home/airflow/.local/lib/python3.7/site-packages/airflow/example_dags/example_trigger_controller_dag.py took 0.056 seconds
[2025-05-03T21:36:13.955+0000] {processor.py:154} INFO - Started process (PID=44291) to work on /home/airflow/.local/lib/python3.7/site-packages/airflow/example_dags/example_trigger_controller_dag.py
[2025-05-03T21:36:13.956+0000] {processor.py:756} INFO - Processing file /home/airflow/.local/lib/python3.7/site-packages/airflow/example_dags/example_trigger_controller_dag.py for tasks to queue
[2025-05-03T21:36:13.956+0000] {logging_mixin.py:120} INFO - [2025-05-03T21:36:13.956+0000] {dagbag.py:537} INFO - Filling up the DagBag from /home/airflow/.local/lib/python3.7/site-packages/airflow/example_dags/example_trigger_controller_dag.py
[2025-05-03T21:36:13.962+0000] {processor.py:766} INFO - DAG(s) dict_keys(['example_trigger_controller_dag']) retrieved from /home/airflow/.local/lib/python3.7/site-packages/airflow/example_dags/example_trigger_controller_dag.py
[2025-05-03T21:36:13.983+0000] {logging_mixin.py:120} INFO - [2025-05-03T21:36:13.983+0000] {dag.py:2585} INFO - Sync 1 DAGs
[2025-05-03T21:36:13.995+0000] {logging_mixin.py:120} INFO - [2025-05-03T21:36:13.995+0000] {dag.py:3340} INFO - Setting next_dagrun for example_trigger_controller_dag to 2021-01-01T00:00:00+00:00, run_after=2021-01-01T00:00:00+00:00
[2025-05-03T21:36:14.005+0000] {processor.py:176} INFO - Processing /home/airflow/.local/lib/python3.7/site-packages/airflow/example_dags/example_trigger_controller_dag.py took 0.052 seconds
[2025-05-03T22:19:52.930+0000] {processor.py:154} INFO - Started process (PID=44354) to work on /home/airflow/.local/lib/python3.7/site-packages/airflow/example_dags/example_trigger_controller_dag.py
[2025-05-03T22:19:52.931+0000] {processor.py:756} INFO - Processing file /home/airflow/.local/lib/python3.7/site-packages/airflow/example_dags/example_trigger_controller_dag.py for tasks to queue
[2025-05-03T22:19:52.932+0000] {logging_mixin.py:120} INFO - [2025-05-03T22:19:52.932+0000] {dagbag.py:537} INFO - Filling up the DagBag from /home/airflow/.local/lib/python3.7/site-packages/airflow/example_dags/example_trigger_controller_dag.py
[2025-05-03T22:19:52.939+0000] {processor.py:766} INFO - DAG(s) dict_keys(['example_trigger_controller_dag']) retrieved from /home/airflow/.local/lib/python3.7/site-packages/airflow/example_dags/example_trigger_controller_dag.py
[2025-05-03T22:19:52.962+0000] {logging_mixin.py:120} INFO - [2025-05-03T22:19:52.962+0000] {dag.py:2585} INFO - Sync 1 DAGs
[2025-05-03T22:19:52.974+0000] {logging_mixin.py:120} INFO - [2025-05-03T22:19:52.974+0000] {dag.py:3340} INFO - Setting next_dagrun for example_trigger_controller_dag to 2021-01-01T00:00:00+00:00, run_after=2021-01-01T00:00:00+00:00
[2025-05-03T22:19:52.982+0000] {processor.py:176} INFO - Processing /home/airflow/.local/lib/python3.7/site-packages/airflow/example_dags/example_trigger_controller_dag.py took 0.053 seconds
[2025-05-03T23:04:46.070+0000] {processor.py:154} INFO - Started process (PID=44417) to work on /home/airflow/.local/lib/python3.7/site-packages/airflow/example_dags/example_trigger_controller_dag.py
[2025-05-03T23:04:46.071+0000] {processor.py:756} INFO - Processing file /home/airflow/.local/lib/python3.7/site-packages/airflow/example_dags/example_trigger_controller_dag.py for tasks to queue
[2025-05-03T23:04:46.071+0000] {logging_mixin.py:120} INFO - [2025-05-03T23:04:46.071+0000] {dagbag.py:537} INFO - Filling up the DagBag from /home/airflow/.local/lib/python3.7/site-packages/airflow/example_dags/example_trigger_controller_dag.py
[2025-05-03T23:04:46.077+0000] {processor.py:766} INFO - DAG(s) dict_keys(['example_trigger_controller_dag']) retrieved from /home/airflow/.local/lib/python3.7/site-packages/airflow/example_dags/example_trigger_controller_dag.py
[2025-05-03T23:04:46.098+0000] {logging_mixin.py:120} INFO - [2025-05-03T23:04:46.097+0000] {dag.py:2585} INFO - Sync 1 DAGs
[2025-05-03T23:04:46.109+0000] {logging_mixin.py:120} INFO - [2025-05-03T23:04:46.109+0000] {dag.py:3340} INFO - Setting next_dagrun for example_trigger_controller_dag to 2021-01-01T00:00:00+00:00, run_after=2021-01-01T00:00:00+00:00
[2025-05-03T23:04:46.120+0000] {processor.py:176} INFO - Processing /home/airflow/.local/lib/python3.7/site-packages/airflow/example_dags/example_trigger_controller_dag.py took 0.052 seconds
[2025-05-03T23:22:08.264+0000] {processor.py:154} INFO - Started process (PID=44479) to work on /home/airflow/.local/lib/python3.7/site-packages/airflow/example_dags/example_trigger_controller_dag.py
[2025-05-03T23:22:08.264+0000] {processor.py:756} INFO - Processing file /home/airflow/.local/lib/python3.7/site-packages/airflow/example_dags/example_trigger_controller_dag.py for tasks to queue
[2025-05-03T23:22:08.264+0000] {logging_mixin.py:120} INFO - [2025-05-03T23:22:08.264+0000] {dagbag.py:537} INFO - Filling up the DagBag from /home/airflow/.local/lib/python3.7/site-packages/airflow/example_dags/example_trigger_controller_dag.py
[2025-05-03T23:22:08.270+0000] {processor.py:766} INFO - DAG(s) dict_keys(['example_trigger_controller_dag']) retrieved from /home/airflow/.local/lib/python3.7/site-packages/airflow/example_dags/example_trigger_controller_dag.py
[2025-05-03T23:22:08.289+0000] {logging_mixin.py:120} INFO - [2025-05-03T23:22:08.289+0000] {dag.py:2585} INFO - Sync 1 DAGs
[2025-05-03T23:22:08.301+0000] {logging_mixin.py:120} INFO - [2025-05-03T23:22:08.301+0000] {dag.py:3340} INFO - Setting next_dagrun for example_trigger_controller_dag to 2021-01-01T00:00:00+00:00, run_after=2021-01-01T00:00:00+00:00
[2025-05-03T23:22:08.309+0000] {processor.py:176} INFO - Processing /home/airflow/.local/lib/python3.7/site-packages/airflow/example_dags/example_trigger_controller_dag.py took 0.047 seconds
[2025-05-03T23:38:29.418+0000] {processor.py:154} INFO - Started process (PID=44542) to work on /home/airflow/.local/lib/python3.7/site-packages/airflow/example_dags/example_trigger_controller_dag.py
[2025-05-03T23:38:29.418+0000] {processor.py:756} INFO - Processing file /home/airflow/.local/lib/python3.7/site-packages/airflow/example_dags/example_trigger_controller_dag.py for tasks to queue
[2025-05-03T23:38:29.419+0000] {logging_mixin.py:120} INFO - [2025-05-03T23:38:29.419+0000] {dagbag.py:537} INFO - Filling up the DagBag from /home/airflow/.local/lib/python3.7/site-packages/airflow/example_dags/example_trigger_controller_dag.py
[2025-05-03T23:38:29.424+0000] {processor.py:766} INFO - DAG(s) dict_keys(['example_trigger_controller_dag']) retrieved from /home/airflow/.local/lib/python3.7/site-packages/airflow/example_dags/example_trigger_controller_dag.py
[2025-05-03T23:38:29.441+0000] {logging_mixin.py:120} INFO - [2025-05-03T23:38:29.441+0000] {dag.py:2585} INFO - Sync 1 DAGs
[2025-05-03T23:38:29.451+0000] {logging_mixin.py:120} INFO - [2025-05-03T23:38:29.451+0000] {dag.py:3340} INFO - Setting next_dagrun for example_trigger_controller_dag to 2021-01-01T00:00:00+00:00, run_after=2021-01-01T00:00:00+00:00
[2025-05-03T23:38:29.458+0000] {processor.py:176} INFO - Processing /home/airflow/.local/lib/python3.7/site-packages/airflow/example_dags/example_trigger_controller_dag.py took 0.042 seconds
[2025-05-03T23:56:25.182+0000] {processor.py:154} INFO - Started process (PID=44605) to work on /home/airflow/.local/lib/python3.7/site-packages/airflow/example_dags/example_trigger_controller_dag.py
[2025-05-03T23:56:25.182+0000] {processor.py:756} INFO - Processing file /home/airflow/.local/lib/python3.7/site-packages/airflow/example_dags/example_trigger_controller_dag.py for tasks to queue
[2025-05-03T23:56:25.183+0000] {logging_mixin.py:120} INFO - [2025-05-03T23:56:25.183+0000] {dagbag.py:537} INFO - Filling up the DagBag from /home/airflow/.local/lib/python3.7/site-packages/airflow/example_dags/example_trigger_controller_dag.py
[2025-05-03T23:56:25.189+0000] {processor.py:766} INFO - DAG(s) dict_keys(['example_trigger_controller_dag']) retrieved from /home/airflow/.local/lib/python3.7/site-packages/airflow/example_dags/example_trigger_controller_dag.py
[2025-05-03T23:56:25.211+0000] {logging_mixin.py:120} INFO - [2025-05-03T23:56:25.211+0000] {dag.py:2585} INFO - Sync 1 DAGs
[2025-05-03T23:56:25.223+0000] {logging_mixin.py:120} INFO - [2025-05-03T23:56:25.223+0000] {dag.py:3340} INFO - Setting next_dagrun for example_trigger_controller_dag to 2021-01-01T00:00:00+00:00, run_after=2021-01-01T00:00:00+00:00
[2025-05-03T23:56:25.233+0000] {processor.py:176} INFO - Processing /home/airflow/.local/lib/python3.7/site-packages/airflow/example_dags/example_trigger_controller_dag.py took 0.054 seconds
