[2025-05-03T00:29:31.285+0000] {processor.py:154} INFO - Started process (PID=42621) to work on /home/airflow/.local/lib/python3.7/site-packages/airflow/example_dags/example_task_group.py
[2025-05-03T00:29:31.286+0000] {processor.py:756} INFO - Processing file /home/airflow/.local/lib/python3.7/site-packages/airflow/example_dags/example_task_group.py for tasks to queue
[2025-05-03T00:29:31.287+0000] {logging_mixin.py:120} INFO - [2025-05-03T00:29:31.287+0000] {dagbag.py:537} INFO - Filling up the DagBag from /home/airflow/.local/lib/python3.7/site-packages/airflow/example_dags/example_task_group.py
[2025-05-03T00:29:31.295+0000] {processor.py:766} INFO - DAG(s) dict_keys(['example_task_group']) retrieved from /home/airflow/.local/lib/python3.7/site-packages/airflow/example_dags/example_task_group.py
[2025-05-03T00:29:31.314+0000] {logging_mixin.py:120} INFO - [2025-05-03T00:29:31.314+0000] {dag.py:2585} INFO - Sync 1 DAGs
[2025-05-03T00:29:31.325+0000] {logging_mixin.py:120} INFO - [2025-05-03T00:29:31.325+0000] {dag.py:3340} INFO - Setting next_dagrun for example_task_group to 2025-05-02T00:29:31.324927+00:00, run_after=2025-05-03T00:29:31.324927+00:00
[2025-05-03T00:29:31.336+0000] {processor.py:176} INFO - Processing /home/airflow/.local/lib/python3.7/site-packages/airflow/example_dags/example_task_group.py took 0.053 seconds
[2025-05-03T00:52:39.546+0000] {processor.py:154} INFO - Started process (PID=42675) to work on /home/airflow/.local/lib/python3.7/site-packages/airflow/example_dags/example_task_group.py
[2025-05-03T00:52:39.548+0000] {processor.py:756} INFO - Processing file /home/airflow/.local/lib/python3.7/site-packages/airflow/example_dags/example_task_group.py for tasks to queue
[2025-05-03T00:52:39.548+0000] {logging_mixin.py:120} INFO - [2025-05-03T00:52:39.548+0000] {dagbag.py:537} INFO - Filling up the DagBag from /home/airflow/.local/lib/python3.7/site-packages/airflow/example_dags/example_task_group.py
[2025-05-03T00:52:39.555+0000] {processor.py:766} INFO - DAG(s) dict_keys(['example_task_group']) retrieved from /home/airflow/.local/lib/python3.7/site-packages/airflow/example_dags/example_task_group.py
[2025-05-03T00:52:39.572+0000] {logging_mixin.py:120} INFO - [2025-05-03T00:52:39.572+0000] {dag.py:2585} INFO - Sync 1 DAGs
[2025-05-03T00:52:39.582+0000] {logging_mixin.py:120} INFO - [2025-05-03T00:52:39.582+0000] {dag.py:3340} INFO - Setting next_dagrun for example_task_group to 2025-05-02T00:52:39.581851+00:00, run_after=2025-05-03T00:52:39.581851+00:00
[2025-05-03T00:52:39.589+0000] {processor.py:176} INFO - Processing /home/airflow/.local/lib/python3.7/site-packages/airflow/example_dags/example_task_group.py took 0.044 seconds
[2025-05-03T01:16:07.948+0000] {processor.py:154} INFO - Started process (PID=42738) to work on /home/airflow/.local/lib/python3.7/site-packages/airflow/example_dags/example_task_group.py
[2025-05-03T01:16:07.948+0000] {processor.py:756} INFO - Processing file /home/airflow/.local/lib/python3.7/site-packages/airflow/example_dags/example_task_group.py for tasks to queue
[2025-05-03T01:16:07.948+0000] {logging_mixin.py:120} INFO - [2025-05-03T01:16:07.948+0000] {dagbag.py:537} INFO - Filling up the DagBag from /home/airflow/.local/lib/python3.7/site-packages/airflow/example_dags/example_task_group.py
[2025-05-03T01:16:07.955+0000] {processor.py:766} INFO - DAG(s) dict_keys(['example_task_group']) retrieved from /home/airflow/.local/lib/python3.7/site-packages/airflow/example_dags/example_task_group.py
[2025-05-03T01:16:07.972+0000] {logging_mixin.py:120} INFO - [2025-05-03T01:16:07.972+0000] {dag.py:2585} INFO - Sync 1 DAGs
[2025-05-03T01:16:07.982+0000] {logging_mixin.py:120} INFO - [2025-05-03T01:16:07.982+0000] {dag.py:3340} INFO - Setting next_dagrun for example_task_group to 2025-05-02T01:16:07.982500+00:00, run_after=2025-05-03T01:16:07.982500+00:00
[2025-05-03T01:16:07.992+0000] {processor.py:176} INFO - Processing /home/airflow/.local/lib/python3.7/site-packages/airflow/example_dags/example_task_group.py took 0.046 seconds
[2025-05-03T01:19:52.523+0000] {processor.py:154} INFO - Started process (PID=42800) to work on /home/airflow/.local/lib/python3.7/site-packages/airflow/example_dags/example_task_group.py
[2025-05-03T01:19:52.527+0000] {processor.py:756} INFO - Processing file /home/airflow/.local/lib/python3.7/site-packages/airflow/example_dags/example_task_group.py for tasks to queue
[2025-05-03T01:19:52.527+0000] {logging_mixin.py:120} INFO - [2025-05-03T01:19:52.527+0000] {dagbag.py:537} INFO - Filling up the DagBag from /home/airflow/.local/lib/python3.7/site-packages/airflow/example_dags/example_task_group.py
[2025-05-03T01:19:52.534+0000] {processor.py:766} INFO - DAG(s) dict_keys(['example_task_group']) retrieved from /home/airflow/.local/lib/python3.7/site-packages/airflow/example_dags/example_task_group.py
[2025-05-03T01:19:52.552+0000] {logging_mixin.py:120} INFO - [2025-05-03T01:19:52.552+0000] {dag.py:2585} INFO - Sync 1 DAGs
[2025-05-03T01:19:52.562+0000] {logging_mixin.py:120} INFO - [2025-05-03T01:19:52.562+0000] {dag.py:3340} INFO - Setting next_dagrun for example_task_group to 2025-05-02T01:19:52.562137+00:00, run_after=2025-05-03T01:19:52.562137+00:00
[2025-05-03T01:19:52.570+0000] {processor.py:176} INFO - Processing /home/airflow/.local/lib/python3.7/site-packages/airflow/example_dags/example_task_group.py took 0.049 seconds
[2025-05-03T01:24:04.240+0000] {processor.py:154} INFO - Started process (PID=42862) to work on /home/airflow/.local/lib/python3.7/site-packages/airflow/example_dags/example_task_group.py
[2025-05-03T01:24:04.240+0000] {processor.py:756} INFO - Processing file /home/airflow/.local/lib/python3.7/site-packages/airflow/example_dags/example_task_group.py for tasks to queue
[2025-05-03T01:24:04.241+0000] {logging_mixin.py:120} INFO - [2025-05-03T01:24:04.241+0000] {dagbag.py:537} INFO - Filling up the DagBag from /home/airflow/.local/lib/python3.7/site-packages/airflow/example_dags/example_task_group.py
[2025-05-03T01:24:04.249+0000] {processor.py:766} INFO - DAG(s) dict_keys(['example_task_group']) retrieved from /home/airflow/.local/lib/python3.7/site-packages/airflow/example_dags/example_task_group.py
[2025-05-03T01:24:04.267+0000] {logging_mixin.py:120} INFO - [2025-05-03T01:24:04.266+0000] {dag.py:2585} INFO - Sync 1 DAGs
[2025-05-03T01:24:04.276+0000] {logging_mixin.py:120} INFO - [2025-05-03T01:24:04.276+0000] {dag.py:3340} INFO - Setting next_dagrun for example_task_group to 2025-05-02T01:24:04.276395+00:00, run_after=2025-05-03T01:24:04.276395+00:00
[2025-05-03T01:24:04.284+0000] {processor.py:176} INFO - Processing /home/airflow/.local/lib/python3.7/site-packages/airflow/example_dags/example_task_group.py took 0.046 seconds
[2025-05-03T02:06:32.235+0000] {processor.py:154} INFO - Started process (PID=42925) to work on /home/airflow/.local/lib/python3.7/site-packages/airflow/example_dags/example_task_group.py
[2025-05-03T02:06:32.237+0000] {processor.py:756} INFO - Processing file /home/airflow/.local/lib/python3.7/site-packages/airflow/example_dags/example_task_group.py for tasks to queue
[2025-05-03T02:06:32.237+0000] {logging_mixin.py:120} INFO - [2025-05-03T02:06:32.237+0000] {dagbag.py:537} INFO - Filling up the DagBag from /home/airflow/.local/lib/python3.7/site-packages/airflow/example_dags/example_task_group.py
[2025-05-03T02:06:32.245+0000] {processor.py:766} INFO - DAG(s) dict_keys(['example_task_group']) retrieved from /home/airflow/.local/lib/python3.7/site-packages/airflow/example_dags/example_task_group.py
[2025-05-03T02:06:32.265+0000] {logging_mixin.py:120} INFO - [2025-05-03T02:06:32.265+0000] {dag.py:2585} INFO - Sync 1 DAGs
[2025-05-03T02:06:32.275+0000] {logging_mixin.py:120} INFO - [2025-05-03T02:06:32.275+0000] {dag.py:3340} INFO - Setting next_dagrun for example_task_group to 2025-05-02T02:06:32.275731+00:00, run_after=2025-05-03T02:06:32.275731+00:00
[2025-05-03T02:06:32.284+0000] {processor.py:176} INFO - Processing /home/airflow/.local/lib/python3.7/site-packages/airflow/example_dags/example_task_group.py took 0.050 seconds
[2025-05-03T02:48:24.023+0000] {processor.py:154} INFO - Started process (PID=42988) to work on /home/airflow/.local/lib/python3.7/site-packages/airflow/example_dags/example_task_group.py
[2025-05-03T02:48:24.024+0000] {processor.py:756} INFO - Processing file /home/airflow/.local/lib/python3.7/site-packages/airflow/example_dags/example_task_group.py for tasks to queue
[2025-05-03T02:48:24.025+0000] {logging_mixin.py:120} INFO - [2025-05-03T02:48:24.025+0000] {dagbag.py:537} INFO - Filling up the DagBag from /home/airflow/.local/lib/python3.7/site-packages/airflow/example_dags/example_task_group.py
[2025-05-03T02:48:24.035+0000] {processor.py:766} INFO - DAG(s) dict_keys(['example_task_group']) retrieved from /home/airflow/.local/lib/python3.7/site-packages/airflow/example_dags/example_task_group.py
[2025-05-03T02:48:24.061+0000] {logging_mixin.py:120} INFO - [2025-05-03T02:48:24.061+0000] {dag.py:2585} INFO - Sync 1 DAGs
[2025-05-03T02:48:24.073+0000] {logging_mixin.py:120} INFO - [2025-05-03T02:48:24.073+0000] {dag.py:3340} INFO - Setting next_dagrun for example_task_group to 2025-05-02T02:48:24.073789+00:00, run_after=2025-05-03T02:48:24.073789+00:00
[2025-05-03T02:48:24.088+0000] {processor.py:176} INFO - Processing /home/airflow/.local/lib/python3.7/site-packages/airflow/example_dags/example_task_group.py took 0.067 seconds
[2025-05-03T03:21:19.770+0000] {processor.py:154} INFO - Started process (PID=43049) to work on /home/airflow/.local/lib/python3.7/site-packages/airflow/example_dags/example_task_group.py
[2025-05-03T03:21:19.771+0000] {processor.py:756} INFO - Processing file /home/airflow/.local/lib/python3.7/site-packages/airflow/example_dags/example_task_group.py for tasks to queue
[2025-05-03T03:21:19.772+0000] {logging_mixin.py:120} INFO - [2025-05-03T03:21:19.772+0000] {dagbag.py:537} INFO - Filling up the DagBag from /home/airflow/.local/lib/python3.7/site-packages/airflow/example_dags/example_task_group.py
[2025-05-03T03:21:19.780+0000] {processor.py:766} INFO - DAG(s) dict_keys(['example_task_group']) retrieved from /home/airflow/.local/lib/python3.7/site-packages/airflow/example_dags/example_task_group.py
[2025-05-03T03:21:19.802+0000] {logging_mixin.py:120} INFO - [2025-05-03T03:21:19.802+0000] {dag.py:2585} INFO - Sync 1 DAGs
[2025-05-03T03:21:19.812+0000] {logging_mixin.py:120} INFO - [2025-05-03T03:21:19.812+0000] {dag.py:3340} INFO - Setting next_dagrun for example_task_group to 2025-05-02T03:21:19.812609+00:00, run_after=2025-05-03T03:21:19.812609+00:00
[2025-05-03T03:21:19.820+0000] {processor.py:176} INFO - Processing /home/airflow/.local/lib/python3.7/site-packages/airflow/example_dags/example_task_group.py took 0.052 seconds
[2025-05-03T04:10:41.863+0000] {processor.py:154} INFO - Started process (PID=43105) to work on /home/airflow/.local/lib/python3.7/site-packages/airflow/example_dags/example_task_group.py
[2025-05-03T04:10:41.863+0000] {processor.py:756} INFO - Processing file /home/airflow/.local/lib/python3.7/site-packages/airflow/example_dags/example_task_group.py for tasks to queue
[2025-05-03T04:10:41.865+0000] {logging_mixin.py:120} INFO - [2025-05-03T04:10:41.864+0000] {dagbag.py:537} INFO - Filling up the DagBag from /home/airflow/.local/lib/python3.7/site-packages/airflow/example_dags/example_task_group.py
[2025-05-03T04:10:41.872+0000] {processor.py:766} INFO - DAG(s) dict_keys(['example_task_group']) retrieved from /home/airflow/.local/lib/python3.7/site-packages/airflow/example_dags/example_task_group.py
[2025-05-03T04:10:41.891+0000] {logging_mixin.py:120} INFO - [2025-05-03T04:10:41.891+0000] {dag.py:2585} INFO - Sync 1 DAGs
[2025-05-03T04:10:41.903+0000] {logging_mixin.py:120} INFO - [2025-05-03T04:10:41.903+0000] {dag.py:3340} INFO - Setting next_dagrun for example_task_group to 2025-05-02T04:10:41.902925+00:00, run_after=2025-05-03T04:10:41.902925+00:00
[2025-05-03T04:10:41.911+0000] {processor.py:176} INFO - Processing /home/airflow/.local/lib/python3.7/site-packages/airflow/example_dags/example_task_group.py took 0.050 seconds
[2025-05-03T04:54:15.948+0000] {processor.py:154} INFO - Started process (PID=43168) to work on /home/airflow/.local/lib/python3.7/site-packages/airflow/example_dags/example_task_group.py
[2025-05-03T04:54:15.949+0000] {processor.py:756} INFO - Processing file /home/airflow/.local/lib/python3.7/site-packages/airflow/example_dags/example_task_group.py for tasks to queue
[2025-05-03T04:54:15.950+0000] {logging_mixin.py:120} INFO - [2025-05-03T04:54:15.950+0000] {dagbag.py:537} INFO - Filling up the DagBag from /home/airflow/.local/lib/python3.7/site-packages/airflow/example_dags/example_task_group.py
[2025-05-03T04:54:15.958+0000] {processor.py:766} INFO - DAG(s) dict_keys(['example_task_group']) retrieved from /home/airflow/.local/lib/python3.7/site-packages/airflow/example_dags/example_task_group.py
[2025-05-03T04:54:15.978+0000] {logging_mixin.py:120} INFO - [2025-05-03T04:54:15.978+0000] {dag.py:2585} INFO - Sync 1 DAGs
[2025-05-03T04:54:15.990+0000] {logging_mixin.py:120} INFO - [2025-05-03T04:54:15.989+0000] {dag.py:3340} INFO - Setting next_dagrun for example_task_group to 2025-05-02T04:54:15.989884+00:00, run_after=2025-05-03T04:54:15.989884+00:00
[2025-05-03T04:54:15.998+0000] {processor.py:176} INFO - Processing /home/airflow/.local/lib/python3.7/site-packages/airflow/example_dags/example_task_group.py took 0.052 seconds
[2025-05-03T05:53:09.247+0000] {processor.py:154} INFO - Started process (PID=43231) to work on /home/airflow/.local/lib/python3.7/site-packages/airflow/example_dags/example_task_group.py
[2025-05-03T05:53:09.248+0000] {processor.py:756} INFO - Processing file /home/airflow/.local/lib/python3.7/site-packages/airflow/example_dags/example_task_group.py for tasks to queue
[2025-05-03T05:53:09.248+0000] {logging_mixin.py:120} INFO - [2025-05-03T05:53:09.248+0000] {dagbag.py:537} INFO - Filling up the DagBag from /home/airflow/.local/lib/python3.7/site-packages/airflow/example_dags/example_task_group.py
[2025-05-03T05:53:09.257+0000] {processor.py:766} INFO - DAG(s) dict_keys(['example_task_group']) retrieved from /home/airflow/.local/lib/python3.7/site-packages/airflow/example_dags/example_task_group.py
[2025-05-03T05:53:09.277+0000] {logging_mixin.py:120} INFO - [2025-05-03T05:53:09.277+0000] {dag.py:2585} INFO - Sync 1 DAGs
[2025-05-03T05:53:09.288+0000] {logging_mixin.py:120} INFO - [2025-05-03T05:53:09.288+0000] {dag.py:3340} INFO - Setting next_dagrun for example_task_group to 2025-05-02T05:53:09.288505+00:00, run_after=2025-05-03T05:53:09.288505+00:00
[2025-05-03T05:53:09.302+0000] {processor.py:176} INFO - Processing /home/airflow/.local/lib/python3.7/site-packages/airflow/example_dags/example_task_group.py took 0.056 seconds
[2025-05-03T06:30:38.153+0000] {processor.py:154} INFO - Started process (PID=43295) to work on /home/airflow/.local/lib/python3.7/site-packages/airflow/example_dags/example_task_group.py
[2025-05-03T06:30:38.156+0000] {processor.py:756} INFO - Processing file /home/airflow/.local/lib/python3.7/site-packages/airflow/example_dags/example_task_group.py for tasks to queue
[2025-05-03T06:30:38.156+0000] {logging_mixin.py:120} INFO - [2025-05-03T06:30:38.156+0000] {dagbag.py:537} INFO - Filling up the DagBag from /home/airflow/.local/lib/python3.7/site-packages/airflow/example_dags/example_task_group.py
[2025-05-03T06:30:38.165+0000] {processor.py:766} INFO - DAG(s) dict_keys(['example_task_group']) retrieved from /home/airflow/.local/lib/python3.7/site-packages/airflow/example_dags/example_task_group.py
[2025-05-03T06:30:38.185+0000] {logging_mixin.py:120} INFO - [2025-05-03T06:30:38.185+0000] {dag.py:2585} INFO - Sync 1 DAGs
[2025-05-03T06:30:38.197+0000] {logging_mixin.py:120} INFO - [2025-05-03T06:30:38.197+0000] {dag.py:3340} INFO - Setting next_dagrun for example_task_group to 2025-05-02T06:30:38.197522+00:00, run_after=2025-05-03T06:30:38.197522+00:00
[2025-05-03T06:30:38.209+0000] {processor.py:176} INFO - Processing /home/airflow/.local/lib/python3.7/site-packages/airflow/example_dags/example_task_group.py took 0.057 seconds
[2025-05-03T07:22:15.800+0000] {processor.py:154} INFO - Started process (PID=43358) to work on /home/airflow/.local/lib/python3.7/site-packages/airflow/example_dags/example_task_group.py
[2025-05-03T07:22:15.800+0000] {processor.py:756} INFO - Processing file /home/airflow/.local/lib/python3.7/site-packages/airflow/example_dags/example_task_group.py for tasks to queue
[2025-05-03T07:22:15.802+0000] {logging_mixin.py:120} INFO - [2025-05-03T07:22:15.802+0000] {dagbag.py:537} INFO - Filling up the DagBag from /home/airflow/.local/lib/python3.7/site-packages/airflow/example_dags/example_task_group.py
[2025-05-03T07:22:15.811+0000] {processor.py:766} INFO - DAG(s) dict_keys(['example_task_group']) retrieved from /home/airflow/.local/lib/python3.7/site-packages/airflow/example_dags/example_task_group.py
[2025-05-03T07:22:15.833+0000] {logging_mixin.py:120} INFO - [2025-05-03T07:22:15.833+0000] {dag.py:2585} INFO - Sync 1 DAGs
[2025-05-03T07:22:15.844+0000] {logging_mixin.py:120} INFO - [2025-05-03T07:22:15.844+0000] {dag.py:3340} INFO - Setting next_dagrun for example_task_group to 2025-05-02T07:22:15.844262+00:00, run_after=2025-05-03T07:22:15.844262+00:00
[2025-05-03T07:22:15.851+0000] {processor.py:176} INFO - Processing /home/airflow/.local/lib/python3.7/site-packages/airflow/example_dags/example_task_group.py took 0.054 seconds
[2025-05-03T08:23:10.614+0000] {processor.py:154} INFO - Started process (PID=43421) to work on /home/airflow/.local/lib/python3.7/site-packages/airflow/example_dags/example_task_group.py
[2025-05-03T08:23:10.614+0000] {processor.py:756} INFO - Processing file /home/airflow/.local/lib/python3.7/site-packages/airflow/example_dags/example_task_group.py for tasks to queue
[2025-05-03T08:23:10.615+0000] {logging_mixin.py:120} INFO - [2025-05-03T08:23:10.615+0000] {dagbag.py:537} INFO - Filling up the DagBag from /home/airflow/.local/lib/python3.7/site-packages/airflow/example_dags/example_task_group.py
[2025-05-03T08:23:10.626+0000] {processor.py:766} INFO - DAG(s) dict_keys(['example_task_group']) retrieved from /home/airflow/.local/lib/python3.7/site-packages/airflow/example_dags/example_task_group.py
[2025-05-03T08:23:10.645+0000] {logging_mixin.py:120} INFO - [2025-05-03T08:23:10.645+0000] {dag.py:2585} INFO - Sync 1 DAGs
[2025-05-03T08:23:10.655+0000] {logging_mixin.py:120} INFO - [2025-05-03T08:23:10.655+0000] {dag.py:3340} INFO - Setting next_dagrun for example_task_group to 2025-05-02T08:23:10.655082+00:00, run_after=2025-05-03T08:23:10.655082+00:00
[2025-05-03T08:23:10.663+0000] {processor.py:176} INFO - Processing /home/airflow/.local/lib/python3.7/site-packages/airflow/example_dags/example_task_group.py took 0.051 seconds
[2025-05-03T09:41:38.234+0000] {processor.py:154} INFO - Started process (PID=43474) to work on /home/airflow/.local/lib/python3.7/site-packages/airflow/example_dags/example_task_group.py
[2025-05-03T09:41:38.235+0000] {processor.py:756} INFO - Processing file /home/airflow/.local/lib/python3.7/site-packages/airflow/example_dags/example_task_group.py for tasks to queue
[2025-05-03T09:41:38.235+0000] {logging_mixin.py:120} INFO - [2025-05-03T09:41:38.235+0000] {dagbag.py:537} INFO - Filling up the DagBag from /home/airflow/.local/lib/python3.7/site-packages/airflow/example_dags/example_task_group.py
[2025-05-03T09:41:38.243+0000] {processor.py:766} INFO - DAG(s) dict_keys(['example_task_group']) retrieved from /home/airflow/.local/lib/python3.7/site-packages/airflow/example_dags/example_task_group.py
[2025-05-03T09:41:38.264+0000] {logging_mixin.py:120} INFO - [2025-05-03T09:41:38.264+0000] {dag.py:2585} INFO - Sync 1 DAGs
[2025-05-03T09:41:38.273+0000] {logging_mixin.py:120} INFO - [2025-05-03T09:41:38.273+0000] {dag.py:3340} INFO - Setting next_dagrun for example_task_group to 2025-05-02T09:41:38.273408+00:00, run_after=2025-05-03T09:41:38.273408+00:00
[2025-05-03T09:41:38.283+0000] {processor.py:176} INFO - Processing /home/airflow/.local/lib/python3.7/site-packages/airflow/example_dags/example_task_group.py took 0.050 seconds
[2025-05-03T10:58:27.766+0000] {processor.py:154} INFO - Started process (PID=43537) to work on /home/airflow/.local/lib/python3.7/site-packages/airflow/example_dags/example_task_group.py
[2025-05-03T10:58:27.767+0000] {processor.py:756} INFO - Processing file /home/airflow/.local/lib/python3.7/site-packages/airflow/example_dags/example_task_group.py for tasks to queue
[2025-05-03T10:58:27.768+0000] {logging_mixin.py:120} INFO - [2025-05-03T10:58:27.768+0000] {dagbag.py:537} INFO - Filling up the DagBag from /home/airflow/.local/lib/python3.7/site-packages/airflow/example_dags/example_task_group.py
[2025-05-03T10:58:27.776+0000] {processor.py:766} INFO - DAG(s) dict_keys(['example_task_group']) retrieved from /home/airflow/.local/lib/python3.7/site-packages/airflow/example_dags/example_task_group.py
[2025-05-03T10:58:27.795+0000] {logging_mixin.py:120} INFO - [2025-05-03T10:58:27.795+0000] {dag.py:2585} INFO - Sync 1 DAGs
[2025-05-03T10:58:27.807+0000] {logging_mixin.py:120} INFO - [2025-05-03T10:58:27.807+0000] {dag.py:3340} INFO - Setting next_dagrun for example_task_group to 2025-05-02T10:58:27.807369+00:00, run_after=2025-05-03T10:58:27.807369+00:00
[2025-05-03T10:58:27.816+0000] {processor.py:176} INFO - Processing /home/airflow/.local/lib/python3.7/site-packages/airflow/example_dags/example_task_group.py took 0.052 seconds
[2025-05-03T11:42:14.678+0000] {processor.py:154} INFO - Started process (PID=43600) to work on /home/airflow/.local/lib/python3.7/site-packages/airflow/example_dags/example_task_group.py
[2025-05-03T11:42:14.679+0000] {processor.py:756} INFO - Processing file /home/airflow/.local/lib/python3.7/site-packages/airflow/example_dags/example_task_group.py for tasks to queue
[2025-05-03T11:42:14.679+0000] {logging_mixin.py:120} INFO - [2025-05-03T11:42:14.679+0000] {dagbag.py:537} INFO - Filling up the DagBag from /home/airflow/.local/lib/python3.7/site-packages/airflow/example_dags/example_task_group.py
[2025-05-03T11:42:14.689+0000] {processor.py:766} INFO - DAG(s) dict_keys(['example_task_group']) retrieved from /home/airflow/.local/lib/python3.7/site-packages/airflow/example_dags/example_task_group.py
[2025-05-03T11:42:14.718+0000] {logging_mixin.py:120} INFO - [2025-05-03T11:42:14.718+0000] {dag.py:2585} INFO - Sync 1 DAGs
[2025-05-03T11:42:14.730+0000] {logging_mixin.py:120} INFO - [2025-05-03T11:42:14.730+0000] {dag.py:3340} INFO - Setting next_dagrun for example_task_group to 2025-05-02T11:42:14.730056+00:00, run_after=2025-05-03T11:42:14.730056+00:00
[2025-05-03T11:42:14.739+0000] {processor.py:176} INFO - Processing /home/airflow/.local/lib/python3.7/site-packages/airflow/example_dags/example_task_group.py took 0.063 seconds
[2025-05-03T12:59:20.017+0000] {processor.py:154} INFO - Started process (PID=43663) to work on /home/airflow/.local/lib/python3.7/site-packages/airflow/example_dags/example_task_group.py
[2025-05-03T12:59:20.018+0000] {processor.py:756} INFO - Processing file /home/airflow/.local/lib/python3.7/site-packages/airflow/example_dags/example_task_group.py for tasks to queue
[2025-05-03T12:59:20.018+0000] {logging_mixin.py:120} INFO - [2025-05-03T12:59:20.018+0000] {dagbag.py:537} INFO - Filling up the DagBag from /home/airflow/.local/lib/python3.7/site-packages/airflow/example_dags/example_task_group.py
[2025-05-03T12:59:20.027+0000] {processor.py:766} INFO - DAG(s) dict_keys(['example_task_group']) retrieved from /home/airflow/.local/lib/python3.7/site-packages/airflow/example_dags/example_task_group.py
[2025-05-03T12:59:20.047+0000] {logging_mixin.py:120} INFO - [2025-05-03T12:59:20.047+0000] {dag.py:2585} INFO - Sync 1 DAGs
[2025-05-03T12:59:20.057+0000] {logging_mixin.py:120} INFO - [2025-05-03T12:59:20.057+0000] {dag.py:3340} INFO - Setting next_dagrun for example_task_group to 2025-05-02T12:59:20.057707+00:00, run_after=2025-05-03T12:59:20.057707+00:00
[2025-05-03T12:59:20.070+0000] {processor.py:176} INFO - Processing /home/airflow/.local/lib/python3.7/site-packages/airflow/example_dags/example_task_group.py took 0.055 seconds
[2025-05-03T13:28:31.177+0000] {processor.py:154} INFO - Started process (PID=43726) to work on /home/airflow/.local/lib/python3.7/site-packages/airflow/example_dags/example_task_group.py
[2025-05-03T13:28:31.178+0000] {processor.py:756} INFO - Processing file /home/airflow/.local/lib/python3.7/site-packages/airflow/example_dags/example_task_group.py for tasks to queue
[2025-05-03T13:28:31.179+0000] {logging_mixin.py:120} INFO - [2025-05-03T13:28:31.179+0000] {dagbag.py:537} INFO - Filling up the DagBag from /home/airflow/.local/lib/python3.7/site-packages/airflow/example_dags/example_task_group.py
[2025-05-03T13:28:31.189+0000] {processor.py:766} INFO - DAG(s) dict_keys(['example_task_group']) retrieved from /home/airflow/.local/lib/python3.7/site-packages/airflow/example_dags/example_task_group.py
[2025-05-03T13:28:31.207+0000] {logging_mixin.py:120} INFO - [2025-05-03T13:28:31.207+0000] {dag.py:2585} INFO - Sync 1 DAGs
[2025-05-03T13:28:31.218+0000] {logging_mixin.py:120} INFO - [2025-05-03T13:28:31.218+0000] {dag.py:3340} INFO - Setting next_dagrun for example_task_group to 2025-05-02T13:28:31.218050+00:00, run_after=2025-05-03T13:28:31.218050+00:00
[2025-05-03T13:28:31.226+0000] {processor.py:176} INFO - Processing /home/airflow/.local/lib/python3.7/site-packages/airflow/example_dags/example_task_group.py took 0.051 seconds
[2025-05-03T13:29:08.059+0000] {processor.py:154} INFO - Started process (PID=43789) to work on /home/airflow/.local/lib/python3.7/site-packages/airflow/example_dags/example_task_group.py
[2025-05-03T13:29:08.061+0000] {processor.py:756} INFO - Processing file /home/airflow/.local/lib/python3.7/site-packages/airflow/example_dags/example_task_group.py for tasks to queue
[2025-05-03T13:29:08.062+0000] {logging_mixin.py:120} INFO - [2025-05-03T13:29:08.062+0000] {dagbag.py:537} INFO - Filling up the DagBag from /home/airflow/.local/lib/python3.7/site-packages/airflow/example_dags/example_task_group.py
[2025-05-03T13:29:08.072+0000] {processor.py:766} INFO - DAG(s) dict_keys(['example_task_group']) retrieved from /home/airflow/.local/lib/python3.7/site-packages/airflow/example_dags/example_task_group.py
[2025-05-03T13:29:08.093+0000] {logging_mixin.py:120} INFO - [2025-05-03T13:29:08.093+0000] {dag.py:2585} INFO - Sync 1 DAGs
[2025-05-03T13:29:08.103+0000] {logging_mixin.py:120} INFO - [2025-05-03T13:29:08.103+0000] {dag.py:3340} INFO - Setting next_dagrun for example_task_group to 2025-05-02T13:29:08.103111+00:00, run_after=2025-05-03T13:29:08.103111+00:00
[2025-05-03T13:29:08.113+0000] {processor.py:176} INFO - Processing /home/airflow/.local/lib/python3.7/site-packages/airflow/example_dags/example_task_group.py took 0.056 seconds
[2025-05-03T14:29:10.450+0000] {processor.py:154} INFO - Started process (PID=43850) to work on /home/airflow/.local/lib/python3.7/site-packages/airflow/example_dags/example_task_group.py
[2025-05-03T14:29:10.453+0000] {processor.py:756} INFO - Processing file /home/airflow/.local/lib/python3.7/site-packages/airflow/example_dags/example_task_group.py for tasks to queue
[2025-05-03T14:29:10.454+0000] {logging_mixin.py:120} INFO - [2025-05-03T14:29:10.453+0000] {dagbag.py:537} INFO - Filling up the DagBag from /home/airflow/.local/lib/python3.7/site-packages/airflow/example_dags/example_task_group.py
[2025-05-03T14:29:10.463+0000] {processor.py:766} INFO - DAG(s) dict_keys(['example_task_group']) retrieved from /home/airflow/.local/lib/python3.7/site-packages/airflow/example_dags/example_task_group.py
[2025-05-03T14:29:10.485+0000] {logging_mixin.py:120} INFO - [2025-05-03T14:29:10.485+0000] {dag.py:2585} INFO - Sync 1 DAGs
[2025-05-03T14:29:10.496+0000] {logging_mixin.py:120} INFO - [2025-05-03T14:29:10.496+0000] {dag.py:3340} INFO - Setting next_dagrun for example_task_group to 2025-05-02T14:29:10.496533+00:00, run_after=2025-05-03T14:29:10.496533+00:00
[2025-05-03T14:29:10.505+0000] {processor.py:176} INFO - Processing /home/airflow/.local/lib/python3.7/site-packages/airflow/example_dags/example_task_group.py took 0.056 seconds
[2025-05-03T15:07:53.578+0000] {processor.py:154} INFO - Started process (PID=43904) to work on /home/airflow/.local/lib/python3.7/site-packages/airflow/example_dags/example_task_group.py
[2025-05-03T15:07:53.580+0000] {processor.py:756} INFO - Processing file /home/airflow/.local/lib/python3.7/site-packages/airflow/example_dags/example_task_group.py for tasks to queue
[2025-05-03T15:07:53.581+0000] {logging_mixin.py:120} INFO - [2025-05-03T15:07:53.581+0000] {dagbag.py:537} INFO - Filling up the DagBag from /home/airflow/.local/lib/python3.7/site-packages/airflow/example_dags/example_task_group.py
[2025-05-03T15:07:53.589+0000] {processor.py:766} INFO - DAG(s) dict_keys(['example_task_group']) retrieved from /home/airflow/.local/lib/python3.7/site-packages/airflow/example_dags/example_task_group.py
[2025-05-03T15:07:53.610+0000] {logging_mixin.py:120} INFO - [2025-05-03T15:07:53.610+0000] {dag.py:2585} INFO - Sync 1 DAGs
[2025-05-03T15:07:53.622+0000] {logging_mixin.py:120} INFO - [2025-05-03T15:07:53.622+0000] {dag.py:3340} INFO - Setting next_dagrun for example_task_group to 2025-05-02T15:07:53.621916+00:00, run_after=2025-05-03T15:07:53.621916+00:00
[2025-05-03T15:07:53.630+0000] {processor.py:176} INFO - Processing /home/airflow/.local/lib/python3.7/site-packages/airflow/example_dags/example_task_group.py took 0.054 seconds
[2025-05-03T16:21:02.946+0000] {processor.py:154} INFO - Started process (PID=43967) to work on /home/airflow/.local/lib/python3.7/site-packages/airflow/example_dags/example_task_group.py
[2025-05-03T16:21:02.947+0000] {processor.py:756} INFO - Processing file /home/airflow/.local/lib/python3.7/site-packages/airflow/example_dags/example_task_group.py for tasks to queue
[2025-05-03T16:21:02.947+0000] {logging_mixin.py:120} INFO - [2025-05-03T16:21:02.947+0000] {dagbag.py:537} INFO - Filling up the DagBag from /home/airflow/.local/lib/python3.7/site-packages/airflow/example_dags/example_task_group.py
[2025-05-03T16:21:02.955+0000] {processor.py:766} INFO - DAG(s) dict_keys(['example_task_group']) retrieved from /home/airflow/.local/lib/python3.7/site-packages/airflow/example_dags/example_task_group.py
[2025-05-03T16:21:02.974+0000] {logging_mixin.py:120} INFO - [2025-05-03T16:21:02.974+0000] {dag.py:2585} INFO - Sync 1 DAGs
[2025-05-03T16:21:02.984+0000] {logging_mixin.py:120} INFO - [2025-05-03T16:21:02.984+0000] {dag.py:3340} INFO - Setting next_dagrun for example_task_group to 2025-05-02T16:21:02.984534+00:00, run_after=2025-05-03T16:21:02.984534+00:00
[2025-05-03T16:21:02.993+0000] {processor.py:176} INFO - Processing /home/airflow/.local/lib/python3.7/site-packages/airflow/example_dags/example_task_group.py took 0.049 seconds
[2025-05-03T16:48:05.288+0000] {processor.py:154} INFO - Started process (PID=44029) to work on /home/airflow/.local/lib/python3.7/site-packages/airflow/example_dags/example_task_group.py
[2025-05-03T16:48:05.291+0000] {processor.py:756} INFO - Processing file /home/airflow/.local/lib/python3.7/site-packages/airflow/example_dags/example_task_group.py for tasks to queue
[2025-05-03T16:48:05.292+0000] {logging_mixin.py:120} INFO - [2025-05-03T16:48:05.292+0000] {dagbag.py:537} INFO - Filling up the DagBag from /home/airflow/.local/lib/python3.7/site-packages/airflow/example_dags/example_task_group.py
[2025-05-03T16:48:05.302+0000] {processor.py:766} INFO - DAG(s) dict_keys(['example_task_group']) retrieved from /home/airflow/.local/lib/python3.7/site-packages/airflow/example_dags/example_task_group.py
[2025-05-03T16:48:05.321+0000] {logging_mixin.py:120} INFO - [2025-05-03T16:48:05.321+0000] {dag.py:2585} INFO - Sync 1 DAGs
[2025-05-03T16:48:05.332+0000] {logging_mixin.py:120} INFO - [2025-05-03T16:48:05.332+0000] {dag.py:3340} INFO - Setting next_dagrun for example_task_group to 2025-05-02T16:48:05.332156+00:00, run_after=2025-05-03T16:48:05.332156+00:00
[2025-05-03T16:48:05.341+0000] {processor.py:176} INFO - Processing /home/airflow/.local/lib/python3.7/site-packages/airflow/example_dags/example_task_group.py took 0.054 seconds
[2025-05-03T18:05:53.733+0000] {processor.py:154} INFO - Started process (PID=44092) to work on /home/airflow/.local/lib/python3.7/site-packages/airflow/example_dags/example_task_group.py
[2025-05-03T18:05:53.734+0000] {processor.py:756} INFO - Processing file /home/airflow/.local/lib/python3.7/site-packages/airflow/example_dags/example_task_group.py for tasks to queue
[2025-05-03T18:05:53.735+0000] {logging_mixin.py:120} INFO - [2025-05-03T18:05:53.735+0000] {dagbag.py:537} INFO - Filling up the DagBag from /home/airflow/.local/lib/python3.7/site-packages/airflow/example_dags/example_task_group.py
[2025-05-03T18:05:53.748+0000] {processor.py:766} INFO - DAG(s) dict_keys(['example_task_group']) retrieved from /home/airflow/.local/lib/python3.7/site-packages/airflow/example_dags/example_task_group.py
[2025-05-03T18:05:53.773+0000] {logging_mixin.py:120} INFO - [2025-05-03T18:05:53.773+0000] {dag.py:2585} INFO - Sync 1 DAGs
[2025-05-03T18:05:53.787+0000] {logging_mixin.py:120} INFO - [2025-05-03T18:05:53.787+0000] {dag.py:3340} INFO - Setting next_dagrun for example_task_group to 2025-05-02T18:05:53.787185+00:00, run_after=2025-05-03T18:05:53.787185+00:00
[2025-05-03T18:05:53.804+0000] {processor.py:176} INFO - Processing /home/airflow/.local/lib/python3.7/site-packages/airflow/example_dags/example_task_group.py took 0.074 seconds
[2025-05-03T19:25:57.292+0000] {processor.py:154} INFO - Started process (PID=44155) to work on /home/airflow/.local/lib/python3.7/site-packages/airflow/example_dags/example_task_group.py
[2025-05-03T19:25:57.293+0000] {processor.py:756} INFO - Processing file /home/airflow/.local/lib/python3.7/site-packages/airflow/example_dags/example_task_group.py for tasks to queue
[2025-05-03T19:25:57.293+0000] {logging_mixin.py:120} INFO - [2025-05-03T19:25:57.293+0000] {dagbag.py:537} INFO - Filling up the DagBag from /home/airflow/.local/lib/python3.7/site-packages/airflow/example_dags/example_task_group.py
[2025-05-03T19:25:57.302+0000] {processor.py:766} INFO - DAG(s) dict_keys(['example_task_group']) retrieved from /home/airflow/.local/lib/python3.7/site-packages/airflow/example_dags/example_task_group.py
[2025-05-03T19:25:57.322+0000] {logging_mixin.py:120} INFO - [2025-05-03T19:25:57.322+0000] {dag.py:2585} INFO - Sync 1 DAGs
[2025-05-03T19:25:57.334+0000] {logging_mixin.py:120} INFO - [2025-05-03T19:25:57.334+0000] {dag.py:3340} INFO - Setting next_dagrun for example_task_group to 2025-05-02T19:25:57.334483+00:00, run_after=2025-05-03T19:25:57.334483+00:00
[2025-05-03T19:25:57.345+0000] {processor.py:176} INFO - Processing /home/airflow/.local/lib/python3.7/site-packages/airflow/example_dags/example_task_group.py took 0.054 seconds
[2025-05-03T20:07:04.727+0000] {processor.py:154} INFO - Started process (PID=44217) to work on /home/airflow/.local/lib/python3.7/site-packages/airflow/example_dags/example_task_group.py
[2025-05-03T20:07:04.728+0000] {processor.py:756} INFO - Processing file /home/airflow/.local/lib/python3.7/site-packages/airflow/example_dags/example_task_group.py for tasks to queue
[2025-05-03T20:07:04.728+0000] {logging_mixin.py:120} INFO - [2025-05-03T20:07:04.728+0000] {dagbag.py:537} INFO - Filling up the DagBag from /home/airflow/.local/lib/python3.7/site-packages/airflow/example_dags/example_task_group.py
[2025-05-03T20:07:04.737+0000] {processor.py:766} INFO - DAG(s) dict_keys(['example_task_group']) retrieved from /home/airflow/.local/lib/python3.7/site-packages/airflow/example_dags/example_task_group.py
[2025-05-03T20:07:04.765+0000] {logging_mixin.py:120} INFO - [2025-05-03T20:07:04.765+0000] {dag.py:2585} INFO - Sync 1 DAGs
[2025-05-03T20:07:04.774+0000] {logging_mixin.py:120} INFO - [2025-05-03T20:07:04.774+0000] {dag.py:3340} INFO - Setting next_dagrun for example_task_group to 2025-05-02T20:07:04.774297+00:00, run_after=2025-05-03T20:07:04.774297+00:00
[2025-05-03T20:07:04.781+0000] {processor.py:176} INFO - Processing /home/airflow/.local/lib/python3.7/site-packages/airflow/example_dags/example_task_group.py took 0.056 seconds
[2025-05-03T21:36:13.136+0000] {processor.py:154} INFO - Started process (PID=44271) to work on /home/airflow/.local/lib/python3.7/site-packages/airflow/example_dags/example_task_group.py
[2025-05-03T21:36:13.137+0000] {processor.py:756} INFO - Processing file /home/airflow/.local/lib/python3.7/site-packages/airflow/example_dags/example_task_group.py for tasks to queue
[2025-05-03T21:36:13.137+0000] {logging_mixin.py:120} INFO - [2025-05-03T21:36:13.137+0000] {dagbag.py:537} INFO - Filling up the DagBag from /home/airflow/.local/lib/python3.7/site-packages/airflow/example_dags/example_task_group.py
[2025-05-03T21:36:13.145+0000] {processor.py:766} INFO - DAG(s) dict_keys(['example_task_group']) retrieved from /home/airflow/.local/lib/python3.7/site-packages/airflow/example_dags/example_task_group.py
[2025-05-03T21:36:13.164+0000] {logging_mixin.py:120} INFO - [2025-05-03T21:36:13.164+0000] {dag.py:2585} INFO - Sync 1 DAGs
[2025-05-03T21:36:13.174+0000] {logging_mixin.py:120} INFO - [2025-05-03T21:36:13.174+0000] {dag.py:3340} INFO - Setting next_dagrun for example_task_group to 2025-05-02T21:36:13.174711+00:00, run_after=2025-05-03T21:36:13.174711+00:00
[2025-05-03T21:36:13.182+0000] {processor.py:176} INFO - Processing /home/airflow/.local/lib/python3.7/site-packages/airflow/example_dags/example_task_group.py took 0.047 seconds
[2025-05-03T22:19:52.160+0000] {processor.py:154} INFO - Started process (PID=44334) to work on /home/airflow/.local/lib/python3.7/site-packages/airflow/example_dags/example_task_group.py
[2025-05-03T22:19:52.161+0000] {processor.py:756} INFO - Processing file /home/airflow/.local/lib/python3.7/site-packages/airflow/example_dags/example_task_group.py for tasks to queue
[2025-05-03T22:19:52.162+0000] {logging_mixin.py:120} INFO - [2025-05-03T22:19:52.162+0000] {dagbag.py:537} INFO - Filling up the DagBag from /home/airflow/.local/lib/python3.7/site-packages/airflow/example_dags/example_task_group.py
[2025-05-03T22:19:52.169+0000] {processor.py:766} INFO - DAG(s) dict_keys(['example_task_group']) retrieved from /home/airflow/.local/lib/python3.7/site-packages/airflow/example_dags/example_task_group.py
[2025-05-03T22:19:52.186+0000] {logging_mixin.py:120} INFO - [2025-05-03T22:19:52.186+0000] {dag.py:2585} INFO - Sync 1 DAGs
[2025-05-03T22:19:52.196+0000] {logging_mixin.py:120} INFO - [2025-05-03T22:19:52.196+0000] {dag.py:3340} INFO - Setting next_dagrun for example_task_group to 2025-05-02T22:19:52.196445+00:00, run_after=2025-05-03T22:19:52.196445+00:00
[2025-05-03T22:19:52.203+0000] {processor.py:176} INFO - Processing /home/airflow/.local/lib/python3.7/site-packages/airflow/example_dags/example_task_group.py took 0.045 seconds
[2025-05-03T23:04:45.246+0000] {processor.py:154} INFO - Started process (PID=44397) to work on /home/airflow/.local/lib/python3.7/site-packages/airflow/example_dags/example_task_group.py
[2025-05-03T23:04:45.247+0000] {processor.py:756} INFO - Processing file /home/airflow/.local/lib/python3.7/site-packages/airflow/example_dags/example_task_group.py for tasks to queue
[2025-05-03T23:04:45.248+0000] {logging_mixin.py:120} INFO - [2025-05-03T23:04:45.248+0000] {dagbag.py:537} INFO - Filling up the DagBag from /home/airflow/.local/lib/python3.7/site-packages/airflow/example_dags/example_task_group.py
[2025-05-03T23:04:45.260+0000] {processor.py:766} INFO - DAG(s) dict_keys(['example_task_group']) retrieved from /home/airflow/.local/lib/python3.7/site-packages/airflow/example_dags/example_task_group.py
[2025-05-03T23:04:45.281+0000] {logging_mixin.py:120} INFO - [2025-05-03T23:04:45.281+0000] {dag.py:2585} INFO - Sync 1 DAGs
[2025-05-03T23:04:45.294+0000] {logging_mixin.py:120} INFO - [2025-05-03T23:04:45.294+0000] {dag.py:3340} INFO - Setting next_dagrun for example_task_group to 2025-05-02T23:04:45.294134+00:00, run_after=2025-05-03T23:04:45.294134+00:00
[2025-05-03T23:04:45.302+0000] {processor.py:176} INFO - Processing /home/airflow/.local/lib/python3.7/site-packages/airflow/example_dags/example_task_group.py took 0.058 seconds
[2025-05-03T23:22:07.523+0000] {processor.py:154} INFO - Started process (PID=44459) to work on /home/airflow/.local/lib/python3.7/site-packages/airflow/example_dags/example_task_group.py
[2025-05-03T23:22:07.527+0000] {processor.py:756} INFO - Processing file /home/airflow/.local/lib/python3.7/site-packages/airflow/example_dags/example_task_group.py for tasks to queue
[2025-05-03T23:22:07.530+0000] {logging_mixin.py:120} INFO - [2025-05-03T23:22:07.530+0000] {dagbag.py:537} INFO - Filling up the DagBag from /home/airflow/.local/lib/python3.7/site-packages/airflow/example_dags/example_task_group.py
[2025-05-03T23:22:07.539+0000] {processor.py:766} INFO - DAG(s) dict_keys(['example_task_group']) retrieved from /home/airflow/.local/lib/python3.7/site-packages/airflow/example_dags/example_task_group.py
[2025-05-03T23:22:07.560+0000] {logging_mixin.py:120} INFO - [2025-05-03T23:22:07.560+0000] {dag.py:2585} INFO - Sync 1 DAGs
[2025-05-03T23:22:07.572+0000] {logging_mixin.py:120} INFO - [2025-05-03T23:22:07.572+0000] {dag.py:3340} INFO - Setting next_dagrun for example_task_group to 2025-05-02T23:22:07.571906+00:00, run_after=2025-05-03T23:22:07.571906+00:00
[2025-05-03T23:22:07.581+0000] {processor.py:176} INFO - Processing /home/airflow/.local/lib/python3.7/site-packages/airflow/example_dags/example_task_group.py took 0.059 seconds
[2025-05-03T23:38:28.767+0000] {processor.py:154} INFO - Started process (PID=44522) to work on /home/airflow/.local/lib/python3.7/site-packages/airflow/example_dags/example_task_group.py
[2025-05-03T23:38:28.768+0000] {processor.py:756} INFO - Processing file /home/airflow/.local/lib/python3.7/site-packages/airflow/example_dags/example_task_group.py for tasks to queue
[2025-05-03T23:38:28.768+0000] {logging_mixin.py:120} INFO - [2025-05-03T23:38:28.768+0000] {dagbag.py:537} INFO - Filling up the DagBag from /home/airflow/.local/lib/python3.7/site-packages/airflow/example_dags/example_task_group.py
[2025-05-03T23:38:28.775+0000] {processor.py:766} INFO - DAG(s) dict_keys(['example_task_group']) retrieved from /home/airflow/.local/lib/python3.7/site-packages/airflow/example_dags/example_task_group.py
[2025-05-03T23:38:28.792+0000] {logging_mixin.py:120} INFO - [2025-05-03T23:38:28.792+0000] {dag.py:2585} INFO - Sync 1 DAGs
[2025-05-03T23:38:28.802+0000] {logging_mixin.py:120} INFO - [2025-05-03T23:38:28.802+0000] {dag.py:3340} INFO - Setting next_dagrun for example_task_group to 2025-05-02T23:38:28.802585+00:00, run_after=2025-05-03T23:38:28.802585+00:00
[2025-05-03T23:38:28.810+0000] {processor.py:176} INFO - Processing /home/airflow/.local/lib/python3.7/site-packages/airflow/example_dags/example_task_group.py took 0.044 seconds
[2025-05-03T23:56:24.140+0000] {processor.py:154} INFO - Started process (PID=44585) to work on /home/airflow/.local/lib/python3.7/site-packages/airflow/example_dags/example_task_group.py
[2025-05-03T23:56:24.141+0000] {processor.py:756} INFO - Processing file /home/airflow/.local/lib/python3.7/site-packages/airflow/example_dags/example_task_group.py for tasks to queue
[2025-05-03T23:56:24.142+0000] {logging_mixin.py:120} INFO - [2025-05-03T23:56:24.142+0000] {dagbag.py:537} INFO - Filling up the DagBag from /home/airflow/.local/lib/python3.7/site-packages/airflow/example_dags/example_task_group.py
[2025-05-03T23:56:24.149+0000] {processor.py:766} INFO - DAG(s) dict_keys(['example_task_group']) retrieved from /home/airflow/.local/lib/python3.7/site-packages/airflow/example_dags/example_task_group.py
[2025-05-03T23:56:24.173+0000] {logging_mixin.py:120} INFO - [2025-05-03T23:56:24.173+0000] {dag.py:2585} INFO - Sync 1 DAGs
[2025-05-03T23:56:24.199+0000] {logging_mixin.py:120} INFO - [2025-05-03T23:56:24.198+0000] {dag.py:3340} INFO - Setting next_dagrun for example_task_group to 2025-05-02T23:56:24.198820+00:00, run_after=2025-05-03T23:56:24.198820+00:00
[2025-05-03T23:56:24.212+0000] {processor.py:176} INFO - Processing /home/airflow/.local/lib/python3.7/site-packages/airflow/example_dags/example_task_group.py took 0.074 seconds
