[2025-05-03T00:29:31.695+0000] {processor.py:154} INFO - Started process (PID=42632) to work on /home/airflow/.local/lib/python3.7/site-packages/airflow/example_dags/example_skip_dag.py
[2025-05-03T00:29:31.697+0000] {processor.py:756} INFO - Processing file /home/airflow/.local/lib/python3.7/site-packages/airflow/example_dags/example_skip_dag.py for tasks to queue
[2025-05-03T00:29:31.697+0000] {logging_mixin.py:120} INFO - [2025-05-03T00:29:31.697+0000] {dagbag.py:537} INFO - Filling up the DagBag from /home/airflow/.local/lib/python3.7/site-packages/airflow/example_dags/example_skip_dag.py
[2025-05-03T00:29:31.704+0000] {processor.py:766} INFO - DAG(s) dict_keys(['example_skip_dag']) retrieved from /home/airflow/.local/lib/python3.7/site-packages/airflow/example_dags/example_skip_dag.py
[2025-05-03T00:29:31.723+0000] {logging_mixin.py:120} INFO - [2025-05-03T00:29:31.722+0000] {dag.py:2585} INFO - Sync 1 DAGs
[2025-05-03T00:29:31.731+0000] {logging_mixin.py:120} INFO - [2025-05-03T00:29:31.731+0000] {dag.py:3340} INFO - Setting next_dagrun for example_skip_dag to 2025-05-02T00:29:31.731540+00:00, run_after=2025-05-03T00:29:31.731540+00:00
[2025-05-03T00:29:31.739+0000] {processor.py:176} INFO - Processing /home/airflow/.local/lib/python3.7/site-packages/airflow/example_dags/example_skip_dag.py took 0.045 seconds
[2025-05-03T00:52:40.037+0000] {processor.py:154} INFO - Started process (PID=42686) to work on /home/airflow/.local/lib/python3.7/site-packages/airflow/example_dags/example_skip_dag.py
[2025-05-03T00:52:40.038+0000] {processor.py:756} INFO - Processing file /home/airflow/.local/lib/python3.7/site-packages/airflow/example_dags/example_skip_dag.py for tasks to queue
[2025-05-03T00:52:40.039+0000] {logging_mixin.py:120} INFO - [2025-05-03T00:52:40.039+0000] {dagbag.py:537} INFO - Filling up the DagBag from /home/airflow/.local/lib/python3.7/site-packages/airflow/example_dags/example_skip_dag.py
[2025-05-03T00:52:40.046+0000] {processor.py:766} INFO - DAG(s) dict_keys(['example_skip_dag']) retrieved from /home/airflow/.local/lib/python3.7/site-packages/airflow/example_dags/example_skip_dag.py
[2025-05-03T00:52:40.065+0000] {logging_mixin.py:120} INFO - [2025-05-03T00:52:40.065+0000] {dag.py:2585} INFO - Sync 1 DAGs
[2025-05-03T00:52:40.077+0000] {logging_mixin.py:120} INFO - [2025-05-03T00:52:40.077+0000] {dag.py:3340} INFO - Setting next_dagrun for example_skip_dag to 2025-05-02T00:52:40.076834+00:00, run_after=2025-05-03T00:52:40.076834+00:00
[2025-05-03T00:52:40.086+0000] {processor.py:176} INFO - Processing /home/airflow/.local/lib/python3.7/site-packages/airflow/example_dags/example_skip_dag.py took 0.052 seconds
[2025-05-03T01:16:08.412+0000] {processor.py:154} INFO - Started process (PID=42749) to work on /home/airflow/.local/lib/python3.7/site-packages/airflow/example_dags/example_skip_dag.py
[2025-05-03T01:16:08.413+0000] {processor.py:756} INFO - Processing file /home/airflow/.local/lib/python3.7/site-packages/airflow/example_dags/example_skip_dag.py for tasks to queue
[2025-05-03T01:16:08.413+0000] {logging_mixin.py:120} INFO - [2025-05-03T01:16:08.413+0000] {dagbag.py:537} INFO - Filling up the DagBag from /home/airflow/.local/lib/python3.7/site-packages/airflow/example_dags/example_skip_dag.py
[2025-05-03T01:16:08.419+0000] {processor.py:766} INFO - DAG(s) dict_keys(['example_skip_dag']) retrieved from /home/airflow/.local/lib/python3.7/site-packages/airflow/example_dags/example_skip_dag.py
[2025-05-03T01:16:08.438+0000] {logging_mixin.py:120} INFO - [2025-05-03T01:16:08.438+0000] {dag.py:2585} INFO - Sync 1 DAGs
[2025-05-03T01:16:08.448+0000] {logging_mixin.py:120} INFO - [2025-05-03T01:16:08.448+0000] {dag.py:3340} INFO - Setting next_dagrun for example_skip_dag to 2025-05-02T01:16:08.448478+00:00, run_after=2025-05-03T01:16:08.448478+00:00
[2025-05-03T01:16:08.459+0000] {processor.py:176} INFO - Processing /home/airflow/.local/lib/python3.7/site-packages/airflow/example_dags/example_skip_dag.py took 0.049 seconds
[2025-05-03T01:19:52.960+0000] {processor.py:154} INFO - Started process (PID=42811) to work on /home/airflow/.local/lib/python3.7/site-packages/airflow/example_dags/example_skip_dag.py
[2025-05-03T01:19:52.961+0000] {processor.py:756} INFO - Processing file /home/airflow/.local/lib/python3.7/site-packages/airflow/example_dags/example_skip_dag.py for tasks to queue
[2025-05-03T01:19:52.961+0000] {logging_mixin.py:120} INFO - [2025-05-03T01:19:52.961+0000] {dagbag.py:537} INFO - Filling up the DagBag from /home/airflow/.local/lib/python3.7/site-packages/airflow/example_dags/example_skip_dag.py
[2025-05-03T01:19:52.969+0000] {processor.py:766} INFO - DAG(s) dict_keys(['example_skip_dag']) retrieved from /home/airflow/.local/lib/python3.7/site-packages/airflow/example_dags/example_skip_dag.py
[2025-05-03T01:19:52.998+0000] {logging_mixin.py:120} INFO - [2025-05-03T01:19:52.998+0000] {dag.py:2585} INFO - Sync 1 DAGs
[2025-05-03T01:19:53.011+0000] {logging_mixin.py:120} INFO - [2025-05-03T01:19:53.011+0000] {dag.py:3340} INFO - Setting next_dagrun for example_skip_dag to 2025-05-02T01:19:53.010834+00:00, run_after=2025-05-03T01:19:53.010834+00:00
[2025-05-03T01:19:53.022+0000] {processor.py:176} INFO - Processing /home/airflow/.local/lib/python3.7/site-packages/airflow/example_dags/example_skip_dag.py took 0.064 seconds
[2025-05-03T01:24:04.685+0000] {processor.py:154} INFO - Started process (PID=42873) to work on /home/airflow/.local/lib/python3.7/site-packages/airflow/example_dags/example_skip_dag.py
[2025-05-03T01:24:04.688+0000] {processor.py:756} INFO - Processing file /home/airflow/.local/lib/python3.7/site-packages/airflow/example_dags/example_skip_dag.py for tasks to queue
[2025-05-03T01:24:04.688+0000] {logging_mixin.py:120} INFO - [2025-05-03T01:24:04.688+0000] {dagbag.py:537} INFO - Filling up the DagBag from /home/airflow/.local/lib/python3.7/site-packages/airflow/example_dags/example_skip_dag.py
[2025-05-03T01:24:04.694+0000] {processor.py:766} INFO - DAG(s) dict_keys(['example_skip_dag']) retrieved from /home/airflow/.local/lib/python3.7/site-packages/airflow/example_dags/example_skip_dag.py
[2025-05-03T01:24:04.715+0000] {logging_mixin.py:120} INFO - [2025-05-03T01:24:04.715+0000] {dag.py:2585} INFO - Sync 1 DAGs
[2025-05-03T01:24:04.725+0000] {logging_mixin.py:120} INFO - [2025-05-03T01:24:04.725+0000] {dag.py:3340} INFO - Setting next_dagrun for example_skip_dag to 2025-05-02T01:24:04.725639+00:00, run_after=2025-05-03T01:24:04.725639+00:00
[2025-05-03T01:24:04.734+0000] {processor.py:176} INFO - Processing /home/airflow/.local/lib/python3.7/site-packages/airflow/example_dags/example_skip_dag.py took 0.051 seconds
[2025-05-03T02:06:32.660+0000] {processor.py:154} INFO - Started process (PID=42936) to work on /home/airflow/.local/lib/python3.7/site-packages/airflow/example_dags/example_skip_dag.py
[2025-05-03T02:06:32.661+0000] {processor.py:756} INFO - Processing file /home/airflow/.local/lib/python3.7/site-packages/airflow/example_dags/example_skip_dag.py for tasks to queue
[2025-05-03T02:06:32.662+0000] {logging_mixin.py:120} INFO - [2025-05-03T02:06:32.662+0000] {dagbag.py:537} INFO - Filling up the DagBag from /home/airflow/.local/lib/python3.7/site-packages/airflow/example_dags/example_skip_dag.py
[2025-05-03T02:06:32.668+0000] {processor.py:766} INFO - DAG(s) dict_keys(['example_skip_dag']) retrieved from /home/airflow/.local/lib/python3.7/site-packages/airflow/example_dags/example_skip_dag.py
[2025-05-03T02:06:32.689+0000] {logging_mixin.py:120} INFO - [2025-05-03T02:06:32.688+0000] {dag.py:2585} INFO - Sync 1 DAGs
[2025-05-03T02:06:32.698+0000] {logging_mixin.py:120} INFO - [2025-05-03T02:06:32.698+0000] {dag.py:3340} INFO - Setting next_dagrun for example_skip_dag to 2025-05-02T02:06:32.698733+00:00, run_after=2025-05-03T02:06:32.698733+00:00
[2025-05-03T02:06:32.707+0000] {processor.py:176} INFO - Processing /home/airflow/.local/lib/python3.7/site-packages/airflow/example_dags/example_skip_dag.py took 0.049 seconds
[2025-05-03T02:48:24.466+0000] {processor.py:154} INFO - Started process (PID=42999) to work on /home/airflow/.local/lib/python3.7/site-packages/airflow/example_dags/example_skip_dag.py
[2025-05-03T02:48:24.468+0000] {processor.py:756} INFO - Processing file /home/airflow/.local/lib/python3.7/site-packages/airflow/example_dags/example_skip_dag.py for tasks to queue
[2025-05-03T02:48:24.468+0000] {logging_mixin.py:120} INFO - [2025-05-03T02:48:24.468+0000] {dagbag.py:537} INFO - Filling up the DagBag from /home/airflow/.local/lib/python3.7/site-packages/airflow/example_dags/example_skip_dag.py
[2025-05-03T02:48:24.474+0000] {processor.py:766} INFO - DAG(s) dict_keys(['example_skip_dag']) retrieved from /home/airflow/.local/lib/python3.7/site-packages/airflow/example_dags/example_skip_dag.py
[2025-05-03T02:48:24.493+0000] {logging_mixin.py:120} INFO - [2025-05-03T02:48:24.493+0000] {dag.py:2585} INFO - Sync 1 DAGs
[2025-05-03T02:48:24.507+0000] {logging_mixin.py:120} INFO - [2025-05-03T02:48:24.507+0000] {dag.py:3340} INFO - Setting next_dagrun for example_skip_dag to 2025-05-02T02:48:24.507524+00:00, run_after=2025-05-03T02:48:24.507524+00:00
[2025-05-03T02:48:24.517+0000] {processor.py:176} INFO - Processing /home/airflow/.local/lib/python3.7/site-packages/airflow/example_dags/example_skip_dag.py took 0.053 seconds
[2025-05-03T03:21:20.287+0000] {processor.py:154} INFO - Started process (PID=43062) to work on /home/airflow/.local/lib/python3.7/site-packages/airflow/example_dags/example_skip_dag.py
[2025-05-03T03:21:20.287+0000] {processor.py:756} INFO - Processing file /home/airflow/.local/lib/python3.7/site-packages/airflow/example_dags/example_skip_dag.py for tasks to queue
[2025-05-03T03:21:20.288+0000] {logging_mixin.py:120} INFO - [2025-05-03T03:21:20.288+0000] {dagbag.py:537} INFO - Filling up the DagBag from /home/airflow/.local/lib/python3.7/site-packages/airflow/example_dags/example_skip_dag.py
[2025-05-03T03:21:20.296+0000] {processor.py:766} INFO - DAG(s) dict_keys(['example_skip_dag']) retrieved from /home/airflow/.local/lib/python3.7/site-packages/airflow/example_dags/example_skip_dag.py
[2025-05-03T03:21:20.321+0000] {logging_mixin.py:120} INFO - [2025-05-03T03:21:20.321+0000] {dag.py:2585} INFO - Sync 1 DAGs
[2025-05-03T03:21:20.334+0000] {logging_mixin.py:120} INFO - [2025-05-03T03:21:20.334+0000] {dag.py:3340} INFO - Setting next_dagrun for example_skip_dag to 2025-05-02T03:21:20.334468+00:00, run_after=2025-05-03T03:21:20.334468+00:00
[2025-05-03T03:21:20.344+0000] {processor.py:176} INFO - Processing /home/airflow/.local/lib/python3.7/site-packages/airflow/example_dags/example_skip_dag.py took 0.059 seconds
[2025-05-03T04:10:42.294+0000] {processor.py:154} INFO - Started process (PID=43116) to work on /home/airflow/.local/lib/python3.7/site-packages/airflow/example_dags/example_skip_dag.py
[2025-05-03T04:10:42.295+0000] {processor.py:756} INFO - Processing file /home/airflow/.local/lib/python3.7/site-packages/airflow/example_dags/example_skip_dag.py for tasks to queue
[2025-05-03T04:10:42.295+0000] {logging_mixin.py:120} INFO - [2025-05-03T04:10:42.295+0000] {dagbag.py:537} INFO - Filling up the DagBag from /home/airflow/.local/lib/python3.7/site-packages/airflow/example_dags/example_skip_dag.py
[2025-05-03T04:10:42.304+0000] {processor.py:766} INFO - DAG(s) dict_keys(['example_skip_dag']) retrieved from /home/airflow/.local/lib/python3.7/site-packages/airflow/example_dags/example_skip_dag.py
[2025-05-03T04:10:42.325+0000] {logging_mixin.py:120} INFO - [2025-05-03T04:10:42.325+0000] {dag.py:2585} INFO - Sync 1 DAGs
[2025-05-03T04:10:42.336+0000] {logging_mixin.py:120} INFO - [2025-05-03T04:10:42.336+0000] {dag.py:3340} INFO - Setting next_dagrun for example_skip_dag to 2025-05-02T04:10:42.336014+00:00, run_after=2025-05-03T04:10:42.336014+00:00
[2025-05-03T04:10:42.348+0000] {processor.py:176} INFO - Processing /home/airflow/.local/lib/python3.7/site-packages/airflow/example_dags/example_skip_dag.py took 0.055 seconds
[2025-05-03T04:54:16.352+0000] {processor.py:154} INFO - Started process (PID=43179) to work on /home/airflow/.local/lib/python3.7/site-packages/airflow/example_dags/example_skip_dag.py
[2025-05-03T04:54:16.355+0000] {processor.py:756} INFO - Processing file /home/airflow/.local/lib/python3.7/site-packages/airflow/example_dags/example_skip_dag.py for tasks to queue
[2025-05-03T04:54:16.356+0000] {logging_mixin.py:120} INFO - [2025-05-03T04:54:16.356+0000] {dagbag.py:537} INFO - Filling up the DagBag from /home/airflow/.local/lib/python3.7/site-packages/airflow/example_dags/example_skip_dag.py
[2025-05-03T04:54:16.363+0000] {processor.py:766} INFO - DAG(s) dict_keys(['example_skip_dag']) retrieved from /home/airflow/.local/lib/python3.7/site-packages/airflow/example_dags/example_skip_dag.py
[2025-05-03T04:54:16.382+0000] {logging_mixin.py:120} INFO - [2025-05-03T04:54:16.382+0000] {dag.py:2585} INFO - Sync 1 DAGs
[2025-05-03T04:54:16.393+0000] {logging_mixin.py:120} INFO - [2025-05-03T04:54:16.393+0000] {dag.py:3340} INFO - Setting next_dagrun for example_skip_dag to 2025-05-02T04:54:16.393121+00:00, run_after=2025-05-03T04:54:16.393121+00:00
[2025-05-03T04:54:16.401+0000] {processor.py:176} INFO - Processing /home/airflow/.local/lib/python3.7/site-packages/airflow/example_dags/example_skip_dag.py took 0.050 seconds
[2025-05-03T05:53:09.689+0000] {processor.py:154} INFO - Started process (PID=43242) to work on /home/airflow/.local/lib/python3.7/site-packages/airflow/example_dags/example_skip_dag.py
[2025-05-03T05:53:09.690+0000] {processor.py:756} INFO - Processing file /home/airflow/.local/lib/python3.7/site-packages/airflow/example_dags/example_skip_dag.py for tasks to queue
[2025-05-03T05:53:09.690+0000] {logging_mixin.py:120} INFO - [2025-05-03T05:53:09.690+0000] {dagbag.py:537} INFO - Filling up the DagBag from /home/airflow/.local/lib/python3.7/site-packages/airflow/example_dags/example_skip_dag.py
[2025-05-03T05:53:09.696+0000] {processor.py:766} INFO - DAG(s) dict_keys(['example_skip_dag']) retrieved from /home/airflow/.local/lib/python3.7/site-packages/airflow/example_dags/example_skip_dag.py
[2025-05-03T05:53:09.716+0000] {logging_mixin.py:120} INFO - [2025-05-03T05:53:09.716+0000] {dag.py:2585} INFO - Sync 1 DAGs
[2025-05-03T05:53:09.726+0000] {logging_mixin.py:120} INFO - [2025-05-03T05:53:09.726+0000] {dag.py:3340} INFO - Setting next_dagrun for example_skip_dag to 2025-05-02T05:53:09.726170+00:00, run_after=2025-05-03T05:53:09.726170+00:00
[2025-05-03T05:53:09.737+0000] {processor.py:176} INFO - Processing /home/airflow/.local/lib/python3.7/site-packages/airflow/example_dags/example_skip_dag.py took 0.050 seconds
[2025-05-03T06:30:38.579+0000] {processor.py:154} INFO - Started process (PID=43306) to work on /home/airflow/.local/lib/python3.7/site-packages/airflow/example_dags/example_skip_dag.py
[2025-05-03T06:30:38.580+0000] {processor.py:756} INFO - Processing file /home/airflow/.local/lib/python3.7/site-packages/airflow/example_dags/example_skip_dag.py for tasks to queue
[2025-05-03T06:30:38.580+0000] {logging_mixin.py:120} INFO - [2025-05-03T06:30:38.580+0000] {dagbag.py:537} INFO - Filling up the DagBag from /home/airflow/.local/lib/python3.7/site-packages/airflow/example_dags/example_skip_dag.py
[2025-05-03T06:30:38.587+0000] {processor.py:766} INFO - DAG(s) dict_keys(['example_skip_dag']) retrieved from /home/airflow/.local/lib/python3.7/site-packages/airflow/example_dags/example_skip_dag.py
[2025-05-03T06:30:38.607+0000] {logging_mixin.py:120} INFO - [2025-05-03T06:30:38.607+0000] {dag.py:2585} INFO - Sync 1 DAGs
[2025-05-03T06:30:38.618+0000] {logging_mixin.py:120} INFO - [2025-05-03T06:30:38.617+0000] {dag.py:3340} INFO - Setting next_dagrun for example_skip_dag to 2025-05-02T06:30:38.617795+00:00, run_after=2025-05-03T06:30:38.617795+00:00
[2025-05-03T06:30:38.626+0000] {processor.py:176} INFO - Processing /home/airflow/.local/lib/python3.7/site-packages/airflow/example_dags/example_skip_dag.py took 0.049 seconds
[2025-05-03T07:22:16.229+0000] {processor.py:154} INFO - Started process (PID=43369) to work on /home/airflow/.local/lib/python3.7/site-packages/airflow/example_dags/example_skip_dag.py
[2025-05-03T07:22:16.230+0000] {processor.py:756} INFO - Processing file /home/airflow/.local/lib/python3.7/site-packages/airflow/example_dags/example_skip_dag.py for tasks to queue
[2025-05-03T07:22:16.230+0000] {logging_mixin.py:120} INFO - [2025-05-03T07:22:16.230+0000] {dagbag.py:537} INFO - Filling up the DagBag from /home/airflow/.local/lib/python3.7/site-packages/airflow/example_dags/example_skip_dag.py
[2025-05-03T07:22:16.236+0000] {processor.py:766} INFO - DAG(s) dict_keys(['example_skip_dag']) retrieved from /home/airflow/.local/lib/python3.7/site-packages/airflow/example_dags/example_skip_dag.py
[2025-05-03T07:22:16.254+0000] {logging_mixin.py:120} INFO - [2025-05-03T07:22:16.254+0000] {dag.py:2585} INFO - Sync 1 DAGs
[2025-05-03T07:22:16.267+0000] {logging_mixin.py:120} INFO - [2025-05-03T07:22:16.267+0000] {dag.py:3340} INFO - Setting next_dagrun for example_skip_dag to 2025-05-02T07:22:16.267367+00:00, run_after=2025-05-03T07:22:16.267367+00:00
[2025-05-03T07:22:16.276+0000] {processor.py:176} INFO - Processing /home/airflow/.local/lib/python3.7/site-packages/airflow/example_dags/example_skip_dag.py took 0.049 seconds
[2025-05-03T08:23:11.039+0000] {processor.py:154} INFO - Started process (PID=43432) to work on /home/airflow/.local/lib/python3.7/site-packages/airflow/example_dags/example_skip_dag.py
[2025-05-03T08:23:11.041+0000] {processor.py:756} INFO - Processing file /home/airflow/.local/lib/python3.7/site-packages/airflow/example_dags/example_skip_dag.py for tasks to queue
[2025-05-03T08:23:11.041+0000] {logging_mixin.py:120} INFO - [2025-05-03T08:23:11.041+0000] {dagbag.py:537} INFO - Filling up the DagBag from /home/airflow/.local/lib/python3.7/site-packages/airflow/example_dags/example_skip_dag.py
[2025-05-03T08:23:11.049+0000] {processor.py:766} INFO - DAG(s) dict_keys(['example_skip_dag']) retrieved from /home/airflow/.local/lib/python3.7/site-packages/airflow/example_dags/example_skip_dag.py
[2025-05-03T08:23:11.069+0000] {logging_mixin.py:120} INFO - [2025-05-03T08:23:11.069+0000] {dag.py:2585} INFO - Sync 1 DAGs
[2025-05-03T08:23:11.081+0000] {logging_mixin.py:120} INFO - [2025-05-03T08:23:11.081+0000] {dag.py:3340} INFO - Setting next_dagrun for example_skip_dag to 2025-05-02T08:23:11.080928+00:00, run_after=2025-05-03T08:23:11.080928+00:00
[2025-05-03T08:23:11.090+0000] {processor.py:176} INFO - Processing /home/airflow/.local/lib/python3.7/site-packages/airflow/example_dags/example_skip_dag.py took 0.053 seconds
[2025-05-03T09:41:38.664+0000] {processor.py:154} INFO - Started process (PID=43485) to work on /home/airflow/.local/lib/python3.7/site-packages/airflow/example_dags/example_skip_dag.py
[2025-05-03T09:41:38.664+0000] {processor.py:756} INFO - Processing file /home/airflow/.local/lib/python3.7/site-packages/airflow/example_dags/example_skip_dag.py for tasks to queue
[2025-05-03T09:41:38.665+0000] {logging_mixin.py:120} INFO - [2025-05-03T09:41:38.664+0000] {dagbag.py:537} INFO - Filling up the DagBag from /home/airflow/.local/lib/python3.7/site-packages/airflow/example_dags/example_skip_dag.py
[2025-05-03T09:41:38.671+0000] {processor.py:766} INFO - DAG(s) dict_keys(['example_skip_dag']) retrieved from /home/airflow/.local/lib/python3.7/site-packages/airflow/example_dags/example_skip_dag.py
[2025-05-03T09:41:38.691+0000] {logging_mixin.py:120} INFO - [2025-05-03T09:41:38.691+0000] {dag.py:2585} INFO - Sync 1 DAGs
[2025-05-03T09:41:38.701+0000] {logging_mixin.py:120} INFO - [2025-05-03T09:41:38.701+0000] {dag.py:3340} INFO - Setting next_dagrun for example_skip_dag to 2025-05-02T09:41:38.701548+00:00, run_after=2025-05-03T09:41:38.701548+00:00
[2025-05-03T09:41:38.710+0000] {processor.py:176} INFO - Processing /home/airflow/.local/lib/python3.7/site-packages/airflow/example_dags/example_skip_dag.py took 0.048 seconds
[2025-05-03T10:58:28.169+0000] {processor.py:154} INFO - Started process (PID=43548) to work on /home/airflow/.local/lib/python3.7/site-packages/airflow/example_dags/example_skip_dag.py
[2025-05-03T10:58:28.169+0000] {processor.py:756} INFO - Processing file /home/airflow/.local/lib/python3.7/site-packages/airflow/example_dags/example_skip_dag.py for tasks to queue
[2025-05-03T10:58:28.170+0000] {logging_mixin.py:120} INFO - [2025-05-03T10:58:28.170+0000] {dagbag.py:537} INFO - Filling up the DagBag from /home/airflow/.local/lib/python3.7/site-packages/airflow/example_dags/example_skip_dag.py
[2025-05-03T10:58:28.177+0000] {processor.py:766} INFO - DAG(s) dict_keys(['example_skip_dag']) retrieved from /home/airflow/.local/lib/python3.7/site-packages/airflow/example_dags/example_skip_dag.py
[2025-05-03T10:58:28.196+0000] {logging_mixin.py:120} INFO - [2025-05-03T10:58:28.195+0000] {dag.py:2585} INFO - Sync 1 DAGs
[2025-05-03T10:58:28.209+0000] {logging_mixin.py:120} INFO - [2025-05-03T10:58:28.209+0000] {dag.py:3340} INFO - Setting next_dagrun for example_skip_dag to 2025-05-02T10:58:28.208902+00:00, run_after=2025-05-03T10:58:28.208902+00:00
[2025-05-03T10:58:28.218+0000] {processor.py:176} INFO - Processing /home/airflow/.local/lib/python3.7/site-packages/airflow/example_dags/example_skip_dag.py took 0.051 seconds
[2025-05-03T11:42:15.108+0000] {processor.py:154} INFO - Started process (PID=43611) to work on /home/airflow/.local/lib/python3.7/site-packages/airflow/example_dags/example_skip_dag.py
[2025-05-03T11:42:15.109+0000] {processor.py:756} INFO - Processing file /home/airflow/.local/lib/python3.7/site-packages/airflow/example_dags/example_skip_dag.py for tasks to queue
[2025-05-03T11:42:15.109+0000] {logging_mixin.py:120} INFO - [2025-05-03T11:42:15.109+0000] {dagbag.py:537} INFO - Filling up the DagBag from /home/airflow/.local/lib/python3.7/site-packages/airflow/example_dags/example_skip_dag.py
[2025-05-03T11:42:15.116+0000] {processor.py:766} INFO - DAG(s) dict_keys(['example_skip_dag']) retrieved from /home/airflow/.local/lib/python3.7/site-packages/airflow/example_dags/example_skip_dag.py
[2025-05-03T11:42:15.138+0000] {logging_mixin.py:120} INFO - [2025-05-03T11:42:15.138+0000] {dag.py:2585} INFO - Sync 1 DAGs
[2025-05-03T11:42:15.150+0000] {logging_mixin.py:120} INFO - [2025-05-03T11:42:15.150+0000] {dag.py:3340} INFO - Setting next_dagrun for example_skip_dag to 2025-05-02T11:42:15.150392+00:00, run_after=2025-05-03T11:42:15.150392+00:00
[2025-05-03T11:42:15.159+0000] {processor.py:176} INFO - Processing /home/airflow/.local/lib/python3.7/site-packages/airflow/example_dags/example_skip_dag.py took 0.053 seconds
[2025-05-03T12:59:20.459+0000] {processor.py:154} INFO - Started process (PID=43674) to work on /home/airflow/.local/lib/python3.7/site-packages/airflow/example_dags/example_skip_dag.py
[2025-05-03T12:59:20.460+0000] {processor.py:756} INFO - Processing file /home/airflow/.local/lib/python3.7/site-packages/airflow/example_dags/example_skip_dag.py for tasks to queue
[2025-05-03T12:59:20.460+0000] {logging_mixin.py:120} INFO - [2025-05-03T12:59:20.460+0000] {dagbag.py:537} INFO - Filling up the DagBag from /home/airflow/.local/lib/python3.7/site-packages/airflow/example_dags/example_skip_dag.py
[2025-05-03T12:59:20.468+0000] {processor.py:766} INFO - DAG(s) dict_keys(['example_skip_dag']) retrieved from /home/airflow/.local/lib/python3.7/site-packages/airflow/example_dags/example_skip_dag.py
[2025-05-03T12:59:20.488+0000] {logging_mixin.py:120} INFO - [2025-05-03T12:59:20.488+0000] {dag.py:2585} INFO - Sync 1 DAGs
[2025-05-03T12:59:20.498+0000] {logging_mixin.py:120} INFO - [2025-05-03T12:59:20.498+0000] {dag.py:3340} INFO - Setting next_dagrun for example_skip_dag to 2025-05-02T12:59:20.498702+00:00, run_after=2025-05-03T12:59:20.498702+00:00
[2025-05-03T12:59:20.512+0000] {processor.py:176} INFO - Processing /home/airflow/.local/lib/python3.7/site-packages/airflow/example_dags/example_skip_dag.py took 0.055 seconds
[2025-05-03T13:28:31.598+0000] {processor.py:154} INFO - Started process (PID=43737) to work on /home/airflow/.local/lib/python3.7/site-packages/airflow/example_dags/example_skip_dag.py
[2025-05-03T13:28:31.602+0000] {processor.py:756} INFO - Processing file /home/airflow/.local/lib/python3.7/site-packages/airflow/example_dags/example_skip_dag.py for tasks to queue
[2025-05-03T13:28:31.602+0000] {logging_mixin.py:120} INFO - [2025-05-03T13:28:31.602+0000] {dagbag.py:537} INFO - Filling up the DagBag from /home/airflow/.local/lib/python3.7/site-packages/airflow/example_dags/example_skip_dag.py
[2025-05-03T13:28:31.611+0000] {processor.py:766} INFO - DAG(s) dict_keys(['example_skip_dag']) retrieved from /home/airflow/.local/lib/python3.7/site-packages/airflow/example_dags/example_skip_dag.py
[2025-05-03T13:28:31.629+0000] {logging_mixin.py:120} INFO - [2025-05-03T13:28:31.629+0000] {dag.py:2585} INFO - Sync 1 DAGs
[2025-05-03T13:28:31.641+0000] {logging_mixin.py:120} INFO - [2025-05-03T13:28:31.641+0000] {dag.py:3340} INFO - Setting next_dagrun for example_skip_dag to 2025-05-02T13:28:31.641181+00:00, run_after=2025-05-03T13:28:31.641181+00:00
[2025-05-03T13:28:31.649+0000] {processor.py:176} INFO - Processing /home/airflow/.local/lib/python3.7/site-packages/airflow/example_dags/example_skip_dag.py took 0.053 seconds
[2025-05-03T13:29:08.466+0000] {processor.py:154} INFO - Started process (PID=43800) to work on /home/airflow/.local/lib/python3.7/site-packages/airflow/example_dags/example_skip_dag.py
[2025-05-03T13:29:08.467+0000] {processor.py:756} INFO - Processing file /home/airflow/.local/lib/python3.7/site-packages/airflow/example_dags/example_skip_dag.py for tasks to queue
[2025-05-03T13:29:08.470+0000] {logging_mixin.py:120} INFO - [2025-05-03T13:29:08.470+0000] {dagbag.py:537} INFO - Filling up the DagBag from /home/airflow/.local/lib/python3.7/site-packages/airflow/example_dags/example_skip_dag.py
[2025-05-03T13:29:08.481+0000] {processor.py:766} INFO - DAG(s) dict_keys(['example_skip_dag']) retrieved from /home/airflow/.local/lib/python3.7/site-packages/airflow/example_dags/example_skip_dag.py
[2025-05-03T13:29:08.500+0000] {logging_mixin.py:120} INFO - [2025-05-03T13:29:08.500+0000] {dag.py:2585} INFO - Sync 1 DAGs
[2025-05-03T13:29:08.511+0000] {logging_mixin.py:120} INFO - [2025-05-03T13:29:08.511+0000] {dag.py:3340} INFO - Setting next_dagrun for example_skip_dag to 2025-05-02T13:29:08.511088+00:00, run_after=2025-05-03T13:29:08.511088+00:00
[2025-05-03T13:29:08.522+0000] {processor.py:176} INFO - Processing /home/airflow/.local/lib/python3.7/site-packages/airflow/example_dags/example_skip_dag.py took 0.057 seconds
[2025-05-03T14:29:10.901+0000] {processor.py:154} INFO - Started process (PID=43861) to work on /home/airflow/.local/lib/python3.7/site-packages/airflow/example_dags/example_skip_dag.py
[2025-05-03T14:29:10.901+0000] {processor.py:756} INFO - Processing file /home/airflow/.local/lib/python3.7/site-packages/airflow/example_dags/example_skip_dag.py for tasks to queue
[2025-05-03T14:29:10.901+0000] {logging_mixin.py:120} INFO - [2025-05-03T14:29:10.901+0000] {dagbag.py:537} INFO - Filling up the DagBag from /home/airflow/.local/lib/python3.7/site-packages/airflow/example_dags/example_skip_dag.py
[2025-05-03T14:29:10.910+0000] {processor.py:766} INFO - DAG(s) dict_keys(['example_skip_dag']) retrieved from /home/airflow/.local/lib/python3.7/site-packages/airflow/example_dags/example_skip_dag.py
[2025-05-03T14:29:10.929+0000] {logging_mixin.py:120} INFO - [2025-05-03T14:29:10.929+0000] {dag.py:2585} INFO - Sync 1 DAGs
[2025-05-03T14:29:10.940+0000] {logging_mixin.py:120} INFO - [2025-05-03T14:29:10.940+0000] {dag.py:3340} INFO - Setting next_dagrun for example_skip_dag to 2025-05-02T14:29:10.940027+00:00, run_after=2025-05-03T14:29:10.940027+00:00
[2025-05-03T14:29:10.951+0000] {processor.py:176} INFO - Processing /home/airflow/.local/lib/python3.7/site-packages/airflow/example_dags/example_skip_dag.py took 0.052 seconds
[2025-05-03T15:07:54.004+0000] {processor.py:154} INFO - Started process (PID=43915) to work on /home/airflow/.local/lib/python3.7/site-packages/airflow/example_dags/example_skip_dag.py
[2025-05-03T15:07:54.004+0000] {processor.py:756} INFO - Processing file /home/airflow/.local/lib/python3.7/site-packages/airflow/example_dags/example_skip_dag.py for tasks to queue
[2025-05-03T15:07:54.004+0000] {logging_mixin.py:120} INFO - [2025-05-03T15:07:54.004+0000] {dagbag.py:537} INFO - Filling up the DagBag from /home/airflow/.local/lib/python3.7/site-packages/airflow/example_dags/example_skip_dag.py
[2025-05-03T15:07:54.011+0000] {processor.py:766} INFO - DAG(s) dict_keys(['example_skip_dag']) retrieved from /home/airflow/.local/lib/python3.7/site-packages/airflow/example_dags/example_skip_dag.py
[2025-05-03T15:07:54.030+0000] {logging_mixin.py:120} INFO - [2025-05-03T15:07:54.030+0000] {dag.py:2585} INFO - Sync 1 DAGs
[2025-05-03T15:07:54.043+0000] {logging_mixin.py:120} INFO - [2025-05-03T15:07:54.043+0000] {dag.py:3340} INFO - Setting next_dagrun for example_skip_dag to 2025-05-02T15:07:54.042971+00:00, run_after=2025-05-03T15:07:54.042971+00:00
[2025-05-03T15:07:54.053+0000] {processor.py:176} INFO - Processing /home/airflow/.local/lib/python3.7/site-packages/airflow/example_dags/example_skip_dag.py took 0.051 seconds
[2025-05-03T16:21:03.360+0000] {processor.py:154} INFO - Started process (PID=43978) to work on /home/airflow/.local/lib/python3.7/site-packages/airflow/example_dags/example_skip_dag.py
[2025-05-03T16:21:03.360+0000] {processor.py:756} INFO - Processing file /home/airflow/.local/lib/python3.7/site-packages/airflow/example_dags/example_skip_dag.py for tasks to queue
[2025-05-03T16:21:03.361+0000] {logging_mixin.py:120} INFO - [2025-05-03T16:21:03.361+0000] {dagbag.py:537} INFO - Filling up the DagBag from /home/airflow/.local/lib/python3.7/site-packages/airflow/example_dags/example_skip_dag.py
[2025-05-03T16:21:03.368+0000] {processor.py:766} INFO - DAG(s) dict_keys(['example_skip_dag']) retrieved from /home/airflow/.local/lib/python3.7/site-packages/airflow/example_dags/example_skip_dag.py
[2025-05-03T16:21:03.388+0000] {logging_mixin.py:120} INFO - [2025-05-03T16:21:03.388+0000] {dag.py:2585} INFO - Sync 1 DAGs
[2025-05-03T16:21:03.400+0000] {logging_mixin.py:120} INFO - [2025-05-03T16:21:03.400+0000] {dag.py:3340} INFO - Setting next_dagrun for example_skip_dag to 2025-05-02T16:21:03.400293+00:00, run_after=2025-05-03T16:21:03.400293+00:00
[2025-05-03T16:21:03.410+0000] {processor.py:176} INFO - Processing /home/airflow/.local/lib/python3.7/site-packages/airflow/example_dags/example_skip_dag.py took 0.052 seconds
[2025-05-03T16:48:05.715+0000] {processor.py:154} INFO - Started process (PID=44040) to work on /home/airflow/.local/lib/python3.7/site-packages/airflow/example_dags/example_skip_dag.py
[2025-05-03T16:48:05.715+0000] {processor.py:756} INFO - Processing file /home/airflow/.local/lib/python3.7/site-packages/airflow/example_dags/example_skip_dag.py for tasks to queue
[2025-05-03T16:48:05.715+0000] {logging_mixin.py:120} INFO - [2025-05-03T16:48:05.715+0000] {dagbag.py:537} INFO - Filling up the DagBag from /home/airflow/.local/lib/python3.7/site-packages/airflow/example_dags/example_skip_dag.py
[2025-05-03T16:48:05.722+0000] {processor.py:766} INFO - DAG(s) dict_keys(['example_skip_dag']) retrieved from /home/airflow/.local/lib/python3.7/site-packages/airflow/example_dags/example_skip_dag.py
[2025-05-03T16:48:05.742+0000] {logging_mixin.py:120} INFO - [2025-05-03T16:48:05.742+0000] {dag.py:2585} INFO - Sync 1 DAGs
[2025-05-03T16:48:05.754+0000] {logging_mixin.py:120} INFO - [2025-05-03T16:48:05.754+0000] {dag.py:3340} INFO - Setting next_dagrun for example_skip_dag to 2025-05-02T16:48:05.754111+00:00, run_after=2025-05-03T16:48:05.754111+00:00
[2025-05-03T16:48:05.765+0000] {processor.py:176} INFO - Processing /home/airflow/.local/lib/python3.7/site-packages/airflow/example_dags/example_skip_dag.py took 0.052 seconds
[2025-05-03T18:05:54.217+0000] {processor.py:154} INFO - Started process (PID=44103) to work on /home/airflow/.local/lib/python3.7/site-packages/airflow/example_dags/example_skip_dag.py
[2025-05-03T18:05:54.217+0000] {processor.py:756} INFO - Processing file /home/airflow/.local/lib/python3.7/site-packages/airflow/example_dags/example_skip_dag.py for tasks to queue
[2025-05-03T18:05:54.217+0000] {logging_mixin.py:120} INFO - [2025-05-03T18:05:54.217+0000] {dagbag.py:537} INFO - Filling up the DagBag from /home/airflow/.local/lib/python3.7/site-packages/airflow/example_dags/example_skip_dag.py
[2025-05-03T18:05:54.225+0000] {processor.py:766} INFO - DAG(s) dict_keys(['example_skip_dag']) retrieved from /home/airflow/.local/lib/python3.7/site-packages/airflow/example_dags/example_skip_dag.py
[2025-05-03T18:05:54.245+0000] {logging_mixin.py:120} INFO - [2025-05-03T18:05:54.245+0000] {dag.py:2585} INFO - Sync 1 DAGs
[2025-05-03T18:05:54.256+0000] {logging_mixin.py:120} INFO - [2025-05-03T18:05:54.256+0000] {dag.py:3340} INFO - Setting next_dagrun for example_skip_dag to 2025-05-02T18:05:54.256130+00:00, run_after=2025-05-03T18:05:54.256130+00:00
[2025-05-03T18:05:54.270+0000] {processor.py:176} INFO - Processing /home/airflow/.local/lib/python3.7/site-packages/airflow/example_dags/example_skip_dag.py took 0.055 seconds
[2025-05-03T19:25:57.721+0000] {processor.py:154} INFO - Started process (PID=44166) to work on /home/airflow/.local/lib/python3.7/site-packages/airflow/example_dags/example_skip_dag.py
[2025-05-03T19:25:57.721+0000] {processor.py:756} INFO - Processing file /home/airflow/.local/lib/python3.7/site-packages/airflow/example_dags/example_skip_dag.py for tasks to queue
[2025-05-03T19:25:57.722+0000] {logging_mixin.py:120} INFO - [2025-05-03T19:25:57.722+0000] {dagbag.py:537} INFO - Filling up the DagBag from /home/airflow/.local/lib/python3.7/site-packages/airflow/example_dags/example_skip_dag.py
[2025-05-03T19:25:57.728+0000] {processor.py:766} INFO - DAG(s) dict_keys(['example_skip_dag']) retrieved from /home/airflow/.local/lib/python3.7/site-packages/airflow/example_dags/example_skip_dag.py
[2025-05-03T19:25:57.748+0000] {logging_mixin.py:120} INFO - [2025-05-03T19:25:57.748+0000] {dag.py:2585} INFO - Sync 1 DAGs
[2025-05-03T19:25:57.760+0000] {logging_mixin.py:120} INFO - [2025-05-03T19:25:57.760+0000] {dag.py:3340} INFO - Setting next_dagrun for example_skip_dag to 2025-05-02T19:25:57.760077+00:00, run_after=2025-05-03T19:25:57.760077+00:00
[2025-05-03T19:25:57.769+0000] {processor.py:176} INFO - Processing /home/airflow/.local/lib/python3.7/site-packages/airflow/example_dags/example_skip_dag.py took 0.050 seconds
[2025-05-03T20:07:05.197+0000] {processor.py:154} INFO - Started process (PID=44228) to work on /home/airflow/.local/lib/python3.7/site-packages/airflow/example_dags/example_skip_dag.py
[2025-05-03T20:07:05.198+0000] {processor.py:756} INFO - Processing file /home/airflow/.local/lib/python3.7/site-packages/airflow/example_dags/example_skip_dag.py for tasks to queue
[2025-05-03T20:07:05.198+0000] {logging_mixin.py:120} INFO - [2025-05-03T20:07:05.198+0000] {dagbag.py:537} INFO - Filling up the DagBag from /home/airflow/.local/lib/python3.7/site-packages/airflow/example_dags/example_skip_dag.py
[2025-05-03T20:07:05.205+0000] {processor.py:766} INFO - DAG(s) dict_keys(['example_skip_dag']) retrieved from /home/airflow/.local/lib/python3.7/site-packages/airflow/example_dags/example_skip_dag.py
[2025-05-03T20:07:05.223+0000] {logging_mixin.py:120} INFO - [2025-05-03T20:07:05.223+0000] {dag.py:2585} INFO - Sync 1 DAGs
[2025-05-03T20:07:05.234+0000] {logging_mixin.py:120} INFO - [2025-05-03T20:07:05.234+0000] {dag.py:3340} INFO - Setting next_dagrun for example_skip_dag to 2025-05-02T20:07:05.233908+00:00, run_after=2025-05-03T20:07:05.233908+00:00
[2025-05-03T20:07:05.245+0000] {processor.py:176} INFO - Processing /home/airflow/.local/lib/python3.7/site-packages/airflow/example_dags/example_skip_dag.py took 0.050 seconds
[2025-05-03T21:36:13.590+0000] {processor.py:154} INFO - Started process (PID=44282) to work on /home/airflow/.local/lib/python3.7/site-packages/airflow/example_dags/example_skip_dag.py
[2025-05-03T21:36:13.592+0000] {processor.py:756} INFO - Processing file /home/airflow/.local/lib/python3.7/site-packages/airflow/example_dags/example_skip_dag.py for tasks to queue
[2025-05-03T21:36:13.593+0000] {logging_mixin.py:120} INFO - [2025-05-03T21:36:13.593+0000] {dagbag.py:537} INFO - Filling up the DagBag from /home/airflow/.local/lib/python3.7/site-packages/airflow/example_dags/example_skip_dag.py
[2025-05-03T21:36:13.601+0000] {processor.py:766} INFO - DAG(s) dict_keys(['example_skip_dag']) retrieved from /home/airflow/.local/lib/python3.7/site-packages/airflow/example_dags/example_skip_dag.py
[2025-05-03T21:36:13.624+0000] {logging_mixin.py:120} INFO - [2025-05-03T21:36:13.624+0000] {dag.py:2585} INFO - Sync 1 DAGs
[2025-05-03T21:36:13.638+0000] {logging_mixin.py:120} INFO - [2025-05-03T21:36:13.638+0000] {dag.py:3340} INFO - Setting next_dagrun for example_skip_dag to 2025-05-02T21:36:13.638199+00:00, run_after=2025-05-03T21:36:13.638199+00:00
[2025-05-03T21:36:13.651+0000] {processor.py:176} INFO - Processing /home/airflow/.local/lib/python3.7/site-packages/airflow/example_dags/example_skip_dag.py took 0.063 seconds
[2025-05-03T22:19:52.566+0000] {processor.py:154} INFO - Started process (PID=44345) to work on /home/airflow/.local/lib/python3.7/site-packages/airflow/example_dags/example_skip_dag.py
[2025-05-03T22:19:52.567+0000] {processor.py:756} INFO - Processing file /home/airflow/.local/lib/python3.7/site-packages/airflow/example_dags/example_skip_dag.py for tasks to queue
[2025-05-03T22:19:52.568+0000] {logging_mixin.py:120} INFO - [2025-05-03T22:19:52.568+0000] {dagbag.py:537} INFO - Filling up the DagBag from /home/airflow/.local/lib/python3.7/site-packages/airflow/example_dags/example_skip_dag.py
[2025-05-03T22:19:52.575+0000] {processor.py:766} INFO - DAG(s) dict_keys(['example_skip_dag']) retrieved from /home/airflow/.local/lib/python3.7/site-packages/airflow/example_dags/example_skip_dag.py
[2025-05-03T22:19:52.595+0000] {logging_mixin.py:120} INFO - [2025-05-03T22:19:52.595+0000] {dag.py:2585} INFO - Sync 1 DAGs
[2025-05-03T22:19:52.606+0000] {logging_mixin.py:120} INFO - [2025-05-03T22:19:52.606+0000] {dag.py:3340} INFO - Setting next_dagrun for example_skip_dag to 2025-05-02T22:19:52.606625+00:00, run_after=2025-05-03T22:19:52.606625+00:00
[2025-05-03T22:19:52.618+0000] {processor.py:176} INFO - Processing /home/airflow/.local/lib/python3.7/site-packages/airflow/example_dags/example_skip_dag.py took 0.054 seconds
[2025-05-03T23:04:45.687+0000] {processor.py:154} INFO - Started process (PID=44408) to work on /home/airflow/.local/lib/python3.7/site-packages/airflow/example_dags/example_skip_dag.py
[2025-05-03T23:04:45.687+0000] {processor.py:756} INFO - Processing file /home/airflow/.local/lib/python3.7/site-packages/airflow/example_dags/example_skip_dag.py for tasks to queue
[2025-05-03T23:04:45.687+0000] {logging_mixin.py:120} INFO - [2025-05-03T23:04:45.687+0000] {dagbag.py:537} INFO - Filling up the DagBag from /home/airflow/.local/lib/python3.7/site-packages/airflow/example_dags/example_skip_dag.py
[2025-05-03T23:04:45.695+0000] {processor.py:766} INFO - DAG(s) dict_keys(['example_skip_dag']) retrieved from /home/airflow/.local/lib/python3.7/site-packages/airflow/example_dags/example_skip_dag.py
[2025-05-03T23:04:45.714+0000] {logging_mixin.py:120} INFO - [2025-05-03T23:04:45.714+0000] {dag.py:2585} INFO - Sync 1 DAGs
[2025-05-03T23:04:45.725+0000] {logging_mixin.py:120} INFO - [2025-05-03T23:04:45.725+0000] {dag.py:3340} INFO - Setting next_dagrun for example_skip_dag to 2025-05-02T23:04:45.725733+00:00, run_after=2025-05-03T23:04:45.725733+00:00
[2025-05-03T23:04:45.735+0000] {processor.py:176} INFO - Processing /home/airflow/.local/lib/python3.7/site-packages/airflow/example_dags/example_skip_dag.py took 0.050 seconds
[2025-05-03T23:22:07.943+0000] {processor.py:154} INFO - Started process (PID=44470) to work on /home/airflow/.local/lib/python3.7/site-packages/airflow/example_dags/example_skip_dag.py
[2025-05-03T23:22:07.944+0000] {processor.py:756} INFO - Processing file /home/airflow/.local/lib/python3.7/site-packages/airflow/example_dags/example_skip_dag.py for tasks to queue
[2025-05-03T23:22:07.945+0000] {logging_mixin.py:120} INFO - [2025-05-03T23:22:07.944+0000] {dagbag.py:537} INFO - Filling up the DagBag from /home/airflow/.local/lib/python3.7/site-packages/airflow/example_dags/example_skip_dag.py
[2025-05-03T23:22:07.952+0000] {processor.py:766} INFO - DAG(s) dict_keys(['example_skip_dag']) retrieved from /home/airflow/.local/lib/python3.7/site-packages/airflow/example_dags/example_skip_dag.py
[2025-05-03T23:22:07.969+0000] {logging_mixin.py:120} INFO - [2025-05-03T23:22:07.969+0000] {dag.py:2585} INFO - Sync 1 DAGs
[2025-05-03T23:22:07.981+0000] {logging_mixin.py:120} INFO - [2025-05-03T23:22:07.981+0000] {dag.py:3340} INFO - Setting next_dagrun for example_skip_dag to 2025-05-02T23:22:07.981044+00:00, run_after=2025-05-03T23:22:07.981044+00:00
[2025-05-03T23:22:07.989+0000] {processor.py:176} INFO - Processing /home/airflow/.local/lib/python3.7/site-packages/airflow/example_dags/example_skip_dag.py took 0.048 seconds
[2025-05-03T23:38:29.120+0000] {processor.py:154} INFO - Started process (PID=44533) to work on /home/airflow/.local/lib/python3.7/site-packages/airflow/example_dags/example_skip_dag.py
[2025-05-03T23:38:29.120+0000] {processor.py:756} INFO - Processing file /home/airflow/.local/lib/python3.7/site-packages/airflow/example_dags/example_skip_dag.py for tasks to queue
[2025-05-03T23:38:29.120+0000] {logging_mixin.py:120} INFO - [2025-05-03T23:38:29.120+0000] {dagbag.py:537} INFO - Filling up the DagBag from /home/airflow/.local/lib/python3.7/site-packages/airflow/example_dags/example_skip_dag.py
[2025-05-03T23:38:29.127+0000] {processor.py:766} INFO - DAG(s) dict_keys(['example_skip_dag']) retrieved from /home/airflow/.local/lib/python3.7/site-packages/airflow/example_dags/example_skip_dag.py
[2025-05-03T23:38:29.144+0000] {logging_mixin.py:120} INFO - [2025-05-03T23:38:29.144+0000] {dag.py:2585} INFO - Sync 1 DAGs
[2025-05-03T23:38:29.154+0000] {logging_mixin.py:120} INFO - [2025-05-03T23:38:29.154+0000] {dag.py:3340} INFO - Setting next_dagrun for example_skip_dag to 2025-05-02T23:38:29.154057+00:00, run_after=2025-05-03T23:38:29.154057+00:00
[2025-05-03T23:38:29.161+0000] {processor.py:176} INFO - Processing /home/airflow/.local/lib/python3.7/site-packages/airflow/example_dags/example_skip_dag.py took 0.043 seconds
[2025-05-03T23:56:24.859+0000] {processor.py:154} INFO - Started process (PID=44596) to work on /home/airflow/.local/lib/python3.7/site-packages/airflow/example_dags/example_skip_dag.py
[2025-05-03T23:56:24.860+0000] {processor.py:756} INFO - Processing file /home/airflow/.local/lib/python3.7/site-packages/airflow/example_dags/example_skip_dag.py for tasks to queue
[2025-05-03T23:56:24.860+0000] {logging_mixin.py:120} INFO - [2025-05-03T23:56:24.860+0000] {dagbag.py:537} INFO - Filling up the DagBag from /home/airflow/.local/lib/python3.7/site-packages/airflow/example_dags/example_skip_dag.py
[2025-05-03T23:56:24.868+0000] {processor.py:766} INFO - DAG(s) dict_keys(['example_skip_dag']) retrieved from /home/airflow/.local/lib/python3.7/site-packages/airflow/example_dags/example_skip_dag.py
[2025-05-03T23:56:24.889+0000] {logging_mixin.py:120} INFO - [2025-05-03T23:56:24.889+0000] {dag.py:2585} INFO - Sync 1 DAGs
[2025-05-03T23:56:24.900+0000] {logging_mixin.py:120} INFO - [2025-05-03T23:56:24.900+0000] {dag.py:3340} INFO - Setting next_dagrun for example_skip_dag to 2025-05-02T23:56:24.899986+00:00, run_after=2025-05-03T23:56:24.899986+00:00
[2025-05-03T23:56:24.908+0000] {processor.py:176} INFO - Processing /home/airflow/.local/lib/python3.7/site-packages/airflow/example_dags/example_skip_dag.py took 0.050 seconds
