[2025-05-03T00:29:30.933+0000] {processor.py:154} INFO - Started process (PID=42610) to work on /home/airflow/.local/lib/python3.7/site-packages/airflow/example_dags/example_short_circuit_decorator.py
[2025-05-03T00:29:30.934+0000] {processor.py:756} INFO - Processing file /home/airflow/.local/lib/python3.7/site-packages/airflow/example_dags/example_short_circuit_decorator.py for tasks to queue
[2025-05-03T00:29:30.934+0000] {logging_mixin.py:120} INFO - [2025-05-03T00:29:30.934+0000] {dagbag.py:537} INFO - Filling up the DagBag from /home/airflow/.local/lib/python3.7/site-packages/airflow/example_dags/example_short_circuit_decorator.py
[2025-05-03T00:29:30.947+0000] {processor.py:766} INFO - DAG(s) dict_keys(['example_short_circuit_decorator']) retrieved from /home/airflow/.local/lib/python3.7/site-packages/airflow/example_dags/example_short_circuit_decorator.py
[2025-05-03T00:29:30.967+0000] {logging_mixin.py:120} INFO - [2025-05-03T00:29:30.967+0000] {dag.py:2585} INFO - Sync 1 DAGs
[2025-05-03T00:29:30.980+0000] {logging_mixin.py:120} INFO - [2025-05-03T00:29:30.979+0000] {dag.py:3340} INFO - Setting next_dagrun for example_short_circuit_decorator to 2025-05-02T00:29:30.979846+00:00, run_after=2025-05-03T00:29:30.979846+00:00
[2025-05-03T00:29:30.990+0000] {processor.py:176} INFO - Processing /home/airflow/.local/lib/python3.7/site-packages/airflow/example_dags/example_short_circuit_decorator.py took 0.058 seconds
[2025-05-03T00:52:39.163+0000] {processor.py:154} INFO - Started process (PID=42664) to work on /home/airflow/.local/lib/python3.7/site-packages/airflow/example_dags/example_short_circuit_decorator.py
[2025-05-03T00:52:39.163+0000] {processor.py:756} INFO - Processing file /home/airflow/.local/lib/python3.7/site-packages/airflow/example_dags/example_short_circuit_decorator.py for tasks to queue
[2025-05-03T00:52:39.163+0000] {logging_mixin.py:120} INFO - [2025-05-03T00:52:39.163+0000] {dagbag.py:537} INFO - Filling up the DagBag from /home/airflow/.local/lib/python3.7/site-packages/airflow/example_dags/example_short_circuit_decorator.py
[2025-05-03T00:52:39.178+0000] {processor.py:766} INFO - DAG(s) dict_keys(['example_short_circuit_decorator']) retrieved from /home/airflow/.local/lib/python3.7/site-packages/airflow/example_dags/example_short_circuit_decorator.py
[2025-05-03T00:52:39.199+0000] {logging_mixin.py:120} INFO - [2025-05-03T00:52:39.199+0000] {dag.py:2585} INFO - Sync 1 DAGs
[2025-05-03T00:52:39.212+0000] {logging_mixin.py:120} INFO - [2025-05-03T00:52:39.212+0000] {dag.py:3340} INFO - Setting next_dagrun for example_short_circuit_decorator to 2025-05-02T00:52:39.212155+00:00, run_after=2025-05-03T00:52:39.212155+00:00
[2025-05-03T00:52:39.226+0000] {processor.py:176} INFO - Processing /home/airflow/.local/lib/python3.7/site-packages/airflow/example_dags/example_short_circuit_decorator.py took 0.065 seconds
[2025-05-03T01:16:07.572+0000] {processor.py:154} INFO - Started process (PID=42727) to work on /home/airflow/.local/lib/python3.7/site-packages/airflow/example_dags/example_short_circuit_decorator.py
[2025-05-03T01:16:07.573+0000] {processor.py:756} INFO - Processing file /home/airflow/.local/lib/python3.7/site-packages/airflow/example_dags/example_short_circuit_decorator.py for tasks to queue
[2025-05-03T01:16:07.573+0000] {logging_mixin.py:120} INFO - [2025-05-03T01:16:07.573+0000] {dagbag.py:537} INFO - Filling up the DagBag from /home/airflow/.local/lib/python3.7/site-packages/airflow/example_dags/example_short_circuit_decorator.py
[2025-05-03T01:16:07.583+0000] {processor.py:766} INFO - DAG(s) dict_keys(['example_short_circuit_decorator']) retrieved from /home/airflow/.local/lib/python3.7/site-packages/airflow/example_dags/example_short_circuit_decorator.py
[2025-05-03T01:16:07.604+0000] {logging_mixin.py:120} INFO - [2025-05-03T01:16:07.604+0000] {dag.py:2585} INFO - Sync 1 DAGs
[2025-05-03T01:16:07.617+0000] {logging_mixin.py:120} INFO - [2025-05-03T01:16:07.617+0000] {dag.py:3340} INFO - Setting next_dagrun for example_short_circuit_decorator to 2025-05-02T01:16:07.617837+00:00, run_after=2025-05-03T01:16:07.617837+00:00
[2025-05-03T01:16:07.630+0000] {processor.py:176} INFO - Processing /home/airflow/.local/lib/python3.7/site-packages/airflow/example_dags/example_short_circuit_decorator.py took 0.059 seconds
[2025-05-03T01:19:52.091+0000] {processor.py:154} INFO - Started process (PID=42789) to work on /home/airflow/.local/lib/python3.7/site-packages/airflow/example_dags/example_short_circuit_decorator.py
[2025-05-03T01:19:52.092+0000] {processor.py:756} INFO - Processing file /home/airflow/.local/lib/python3.7/site-packages/airflow/example_dags/example_short_circuit_decorator.py for tasks to queue
[2025-05-03T01:19:52.092+0000] {logging_mixin.py:120} INFO - [2025-05-03T01:19:52.092+0000] {dagbag.py:537} INFO - Filling up the DagBag from /home/airflow/.local/lib/python3.7/site-packages/airflow/example_dags/example_short_circuit_decorator.py
[2025-05-03T01:19:52.104+0000] {processor.py:766} INFO - DAG(s) dict_keys(['example_short_circuit_decorator']) retrieved from /home/airflow/.local/lib/python3.7/site-packages/airflow/example_dags/example_short_circuit_decorator.py
[2025-05-03T01:19:52.128+0000] {logging_mixin.py:120} INFO - [2025-05-03T01:19:52.127+0000] {dag.py:2585} INFO - Sync 1 DAGs
[2025-05-03T01:19:52.138+0000] {logging_mixin.py:120} INFO - [2025-05-03T01:19:52.138+0000] {dag.py:3340} INFO - Setting next_dagrun for example_short_circuit_decorator to 2025-05-02T01:19:52.138309+00:00, run_after=2025-05-03T01:19:52.138309+00:00
[2025-05-03T01:19:52.145+0000] {processor.py:176} INFO - Processing /home/airflow/.local/lib/python3.7/site-packages/airflow/example_dags/example_short_circuit_decorator.py took 0.056 seconds
[2025-05-03T01:24:03.809+0000] {processor.py:154} INFO - Started process (PID=42851) to work on /home/airflow/.local/lib/python3.7/site-packages/airflow/example_dags/example_short_circuit_decorator.py
[2025-05-03T01:24:03.809+0000] {processor.py:756} INFO - Processing file /home/airflow/.local/lib/python3.7/site-packages/airflow/example_dags/example_short_circuit_decorator.py for tasks to queue
[2025-05-03T01:24:03.809+0000] {logging_mixin.py:120} INFO - [2025-05-03T01:24:03.809+0000] {dagbag.py:537} INFO - Filling up the DagBag from /home/airflow/.local/lib/python3.7/site-packages/airflow/example_dags/example_short_circuit_decorator.py
[2025-05-03T01:24:03.820+0000] {processor.py:766} INFO - DAG(s) dict_keys(['example_short_circuit_decorator']) retrieved from /home/airflow/.local/lib/python3.7/site-packages/airflow/example_dags/example_short_circuit_decorator.py
[2025-05-03T01:24:03.837+0000] {logging_mixin.py:120} INFO - [2025-05-03T01:24:03.836+0000] {dag.py:2585} INFO - Sync 1 DAGs
[2025-05-03T01:24:03.847+0000] {logging_mixin.py:120} INFO - [2025-05-03T01:24:03.847+0000] {dag.py:3340} INFO - Setting next_dagrun for example_short_circuit_decorator to 2025-05-02T01:24:03.847519+00:00, run_after=2025-05-03T01:24:03.847519+00:00
[2025-05-03T01:24:03.856+0000] {processor.py:176} INFO - Processing /home/airflow/.local/lib/python3.7/site-packages/airflow/example_dags/example_short_circuit_decorator.py took 0.049 seconds
[2025-05-03T02:06:31.798+0000] {processor.py:154} INFO - Started process (PID=42914) to work on /home/airflow/.local/lib/python3.7/site-packages/airflow/example_dags/example_short_circuit_decorator.py
[2025-05-03T02:06:31.800+0000] {processor.py:756} INFO - Processing file /home/airflow/.local/lib/python3.7/site-packages/airflow/example_dags/example_short_circuit_decorator.py for tasks to queue
[2025-05-03T02:06:31.800+0000] {logging_mixin.py:120} INFO - [2025-05-03T02:06:31.800+0000] {dagbag.py:537} INFO - Filling up the DagBag from /home/airflow/.local/lib/python3.7/site-packages/airflow/example_dags/example_short_circuit_decorator.py
[2025-05-03T02:06:31.812+0000] {processor.py:766} INFO - DAG(s) dict_keys(['example_short_circuit_decorator']) retrieved from /home/airflow/.local/lib/python3.7/site-packages/airflow/example_dags/example_short_circuit_decorator.py
[2025-05-03T02:06:31.854+0000] {logging_mixin.py:120} INFO - [2025-05-03T02:06:31.854+0000] {dag.py:2585} INFO - Sync 1 DAGs
[2025-05-03T02:06:31.869+0000] {logging_mixin.py:120} INFO - [2025-05-03T02:06:31.869+0000] {dag.py:3340} INFO - Setting next_dagrun for example_short_circuit_decorator to 2025-05-02T02:06:31.869115+00:00, run_after=2025-05-03T02:06:31.869115+00:00
[2025-05-03T02:06:31.885+0000] {processor.py:176} INFO - Processing /home/airflow/.local/lib/python3.7/site-packages/airflow/example_dags/example_short_circuit_decorator.py took 0.088 seconds
[2025-05-03T02:48:23.318+0000] {processor.py:154} INFO - Started process (PID=42977) to work on /home/airflow/.local/lib/python3.7/site-packages/airflow/example_dags/example_short_circuit_decorator.py
[2025-05-03T02:48:23.319+0000] {processor.py:756} INFO - Processing file /home/airflow/.local/lib/python3.7/site-packages/airflow/example_dags/example_short_circuit_decorator.py for tasks to queue
[2025-05-03T02:48:23.319+0000] {logging_mixin.py:120} INFO - [2025-05-03T02:48:23.319+0000] {dagbag.py:537} INFO - Filling up the DagBag from /home/airflow/.local/lib/python3.7/site-packages/airflow/example_dags/example_short_circuit_decorator.py
[2025-05-03T02:48:23.328+0000] {processor.py:766} INFO - DAG(s) dict_keys(['example_short_circuit_decorator']) retrieved from /home/airflow/.local/lib/python3.7/site-packages/airflow/example_dags/example_short_circuit_decorator.py
[2025-05-03T02:48:23.345+0000] {logging_mixin.py:120} INFO - [2025-05-03T02:48:23.345+0000] {dag.py:2585} INFO - Sync 1 DAGs
[2025-05-03T02:48:23.353+0000] {logging_mixin.py:120} INFO - [2025-05-03T02:48:23.353+0000] {dag.py:3340} INFO - Setting next_dagrun for example_short_circuit_decorator to 2025-05-02T02:48:23.353680+00:00, run_after=2025-05-03T02:48:23.353680+00:00
[2025-05-03T02:48:23.360+0000] {processor.py:176} INFO - Processing /home/airflow/.local/lib/python3.7/site-packages/airflow/example_dags/example_short_circuit_decorator.py took 0.043 seconds
[2025-05-03T03:21:19.391+0000] {processor.py:154} INFO - Started process (PID=43031) to work on /home/airflow/.local/lib/python3.7/site-packages/airflow/example_dags/example_short_circuit_decorator.py
[2025-05-03T03:21:19.392+0000] {processor.py:756} INFO - Processing file /home/airflow/.local/lib/python3.7/site-packages/airflow/example_dags/example_short_circuit_decorator.py for tasks to queue
[2025-05-03T03:21:19.392+0000] {logging_mixin.py:120} INFO - [2025-05-03T03:21:19.392+0000] {dagbag.py:537} INFO - Filling up the DagBag from /home/airflow/.local/lib/python3.7/site-packages/airflow/example_dags/example_short_circuit_decorator.py
[2025-05-03T03:21:19.403+0000] {processor.py:766} INFO - DAG(s) dict_keys(['example_short_circuit_decorator']) retrieved from /home/airflow/.local/lib/python3.7/site-packages/airflow/example_dags/example_short_circuit_decorator.py
[2025-05-03T03:21:19.425+0000] {logging_mixin.py:120} INFO - [2025-05-03T03:21:19.425+0000] {dag.py:2585} INFO - Sync 1 DAGs
[2025-05-03T03:21:19.439+0000] {logging_mixin.py:120} INFO - [2025-05-03T03:21:19.439+0000] {dag.py:3340} INFO - Setting next_dagrun for example_short_circuit_decorator to 2025-05-02T03:21:19.439150+00:00, run_after=2025-05-03T03:21:19.439150+00:00
[2025-05-03T03:21:19.450+0000] {processor.py:176} INFO - Processing /home/airflow/.local/lib/python3.7/site-packages/airflow/example_dags/example_short_circuit_decorator.py took 0.060 seconds
[2025-05-03T04:10:41.473+0000] {processor.py:154} INFO - Started process (PID=43094) to work on /home/airflow/.local/lib/python3.7/site-packages/airflow/example_dags/example_short_circuit_decorator.py
[2025-05-03T04:10:41.474+0000] {processor.py:756} INFO - Processing file /home/airflow/.local/lib/python3.7/site-packages/airflow/example_dags/example_short_circuit_decorator.py for tasks to queue
[2025-05-03T04:10:41.474+0000] {logging_mixin.py:120} INFO - [2025-05-03T04:10:41.474+0000] {dagbag.py:537} INFO - Filling up the DagBag from /home/airflow/.local/lib/python3.7/site-packages/airflow/example_dags/example_short_circuit_decorator.py
[2025-05-03T04:10:41.485+0000] {processor.py:766} INFO - DAG(s) dict_keys(['example_short_circuit_decorator']) retrieved from /home/airflow/.local/lib/python3.7/site-packages/airflow/example_dags/example_short_circuit_decorator.py
[2025-05-03T04:10:41.506+0000] {logging_mixin.py:120} INFO - [2025-05-03T04:10:41.506+0000] {dag.py:2585} INFO - Sync 1 DAGs
[2025-05-03T04:10:41.517+0000] {logging_mixin.py:120} INFO - [2025-05-03T04:10:41.517+0000] {dag.py:3340} INFO - Setting next_dagrun for example_short_circuit_decorator to 2025-05-02T04:10:41.517736+00:00, run_after=2025-05-03T04:10:41.517736+00:00
[2025-05-03T04:10:41.528+0000] {processor.py:176} INFO - Processing /home/airflow/.local/lib/python3.7/site-packages/airflow/example_dags/example_short_circuit_decorator.py took 0.056 seconds
[2025-05-03T04:54:15.574+0000] {processor.py:154} INFO - Started process (PID=43157) to work on /home/airflow/.local/lib/python3.7/site-packages/airflow/example_dags/example_short_circuit_decorator.py
[2025-05-03T04:54:15.575+0000] {processor.py:756} INFO - Processing file /home/airflow/.local/lib/python3.7/site-packages/airflow/example_dags/example_short_circuit_decorator.py for tasks to queue
[2025-05-03T04:54:15.575+0000] {logging_mixin.py:120} INFO - [2025-05-03T04:54:15.575+0000] {dagbag.py:537} INFO - Filling up the DagBag from /home/airflow/.local/lib/python3.7/site-packages/airflow/example_dags/example_short_circuit_decorator.py
[2025-05-03T04:54:15.588+0000] {processor.py:766} INFO - DAG(s) dict_keys(['example_short_circuit_decorator']) retrieved from /home/airflow/.local/lib/python3.7/site-packages/airflow/example_dags/example_short_circuit_decorator.py
[2025-05-03T04:54:15.611+0000] {logging_mixin.py:120} INFO - [2025-05-03T04:54:15.611+0000] {dag.py:2585} INFO - Sync 1 DAGs
[2025-05-03T04:54:15.623+0000] {logging_mixin.py:120} INFO - [2025-05-03T04:54:15.623+0000] {dag.py:3340} INFO - Setting next_dagrun for example_short_circuit_decorator to 2025-05-02T04:54:15.623204+00:00, run_after=2025-05-03T04:54:15.623204+00:00
[2025-05-03T04:54:15.636+0000] {processor.py:176} INFO - Processing /home/airflow/.local/lib/python3.7/site-packages/airflow/example_dags/example_short_circuit_decorator.py took 0.063 seconds
[2025-05-03T05:53:08.852+0000] {processor.py:154} INFO - Started process (PID=43220) to work on /home/airflow/.local/lib/python3.7/site-packages/airflow/example_dags/example_short_circuit_decorator.py
[2025-05-03T05:53:08.852+0000] {processor.py:756} INFO - Processing file /home/airflow/.local/lib/python3.7/site-packages/airflow/example_dags/example_short_circuit_decorator.py for tasks to queue
[2025-05-03T05:53:08.852+0000] {logging_mixin.py:120} INFO - [2025-05-03T05:53:08.852+0000] {dagbag.py:537} INFO - Filling up the DagBag from /home/airflow/.local/lib/python3.7/site-packages/airflow/example_dags/example_short_circuit_decorator.py
[2025-05-03T05:53:08.864+0000] {processor.py:766} INFO - DAG(s) dict_keys(['example_short_circuit_decorator']) retrieved from /home/airflow/.local/lib/python3.7/site-packages/airflow/example_dags/example_short_circuit_decorator.py
[2025-05-03T05:53:08.888+0000] {logging_mixin.py:120} INFO - [2025-05-03T05:53:08.888+0000] {dag.py:2585} INFO - Sync 1 DAGs
[2025-05-03T05:53:08.899+0000] {logging_mixin.py:120} INFO - [2025-05-03T05:53:08.899+0000] {dag.py:3340} INFO - Setting next_dagrun for example_short_circuit_decorator to 2025-05-02T05:53:08.899553+00:00, run_after=2025-05-03T05:53:08.899553+00:00
[2025-05-03T05:53:08.912+0000] {processor.py:176} INFO - Processing /home/airflow/.local/lib/python3.7/site-packages/airflow/example_dags/example_short_circuit_decorator.py took 0.062 seconds
[2025-05-03T06:30:37.758+0000] {processor.py:154} INFO - Started process (PID=43284) to work on /home/airflow/.local/lib/python3.7/site-packages/airflow/example_dags/example_short_circuit_decorator.py
[2025-05-03T06:30:37.759+0000] {processor.py:756} INFO - Processing file /home/airflow/.local/lib/python3.7/site-packages/airflow/example_dags/example_short_circuit_decorator.py for tasks to queue
[2025-05-03T06:30:37.759+0000] {logging_mixin.py:120} INFO - [2025-05-03T06:30:37.759+0000] {dagbag.py:537} INFO - Filling up the DagBag from /home/airflow/.local/lib/python3.7/site-packages/airflow/example_dags/example_short_circuit_decorator.py
[2025-05-03T06:30:37.770+0000] {processor.py:766} INFO - DAG(s) dict_keys(['example_short_circuit_decorator']) retrieved from /home/airflow/.local/lib/python3.7/site-packages/airflow/example_dags/example_short_circuit_decorator.py
[2025-05-03T06:30:37.789+0000] {logging_mixin.py:120} INFO - [2025-05-03T06:30:37.789+0000] {dag.py:2585} INFO - Sync 1 DAGs
[2025-05-03T06:30:37.801+0000] {logging_mixin.py:120} INFO - [2025-05-03T06:30:37.801+0000] {dag.py:3340} INFO - Setting next_dagrun for example_short_circuit_decorator to 2025-05-02T06:30:37.800981+00:00, run_after=2025-05-03T06:30:37.800981+00:00
[2025-05-03T06:30:37.808+0000] {processor.py:176} INFO - Processing /home/airflow/.local/lib/python3.7/site-packages/airflow/example_dags/example_short_circuit_decorator.py took 0.052 seconds
[2025-05-03T07:22:15.409+0000] {processor.py:154} INFO - Started process (PID=43347) to work on /home/airflow/.local/lib/python3.7/site-packages/airflow/example_dags/example_short_circuit_decorator.py
[2025-05-03T07:22:15.409+0000] {processor.py:756} INFO - Processing file /home/airflow/.local/lib/python3.7/site-packages/airflow/example_dags/example_short_circuit_decorator.py for tasks to queue
[2025-05-03T07:22:15.410+0000] {logging_mixin.py:120} INFO - [2025-05-03T07:22:15.410+0000] {dagbag.py:537} INFO - Filling up the DagBag from /home/airflow/.local/lib/python3.7/site-packages/airflow/example_dags/example_short_circuit_decorator.py
[2025-05-03T07:22:15.422+0000] {processor.py:766} INFO - DAG(s) dict_keys(['example_short_circuit_decorator']) retrieved from /home/airflow/.local/lib/python3.7/site-packages/airflow/example_dags/example_short_circuit_decorator.py
[2025-05-03T07:22:15.442+0000] {logging_mixin.py:120} INFO - [2025-05-03T07:22:15.442+0000] {dag.py:2585} INFO - Sync 1 DAGs
[2025-05-03T07:22:15.452+0000] {logging_mixin.py:120} INFO - [2025-05-03T07:22:15.452+0000] {dag.py:3340} INFO - Setting next_dagrun for example_short_circuit_decorator to 2025-05-02T07:22:15.452372+00:00, run_after=2025-05-03T07:22:15.452372+00:00
[2025-05-03T07:22:15.465+0000] {processor.py:176} INFO - Processing /home/airflow/.local/lib/python3.7/site-packages/airflow/example_dags/example_short_circuit_decorator.py took 0.059 seconds
[2025-05-03T08:23:10.217+0000] {processor.py:154} INFO - Started process (PID=43410) to work on /home/airflow/.local/lib/python3.7/site-packages/airflow/example_dags/example_short_circuit_decorator.py
[2025-05-03T08:23:10.218+0000] {processor.py:756} INFO - Processing file /home/airflow/.local/lib/python3.7/site-packages/airflow/example_dags/example_short_circuit_decorator.py for tasks to queue
[2025-05-03T08:23:10.218+0000] {logging_mixin.py:120} INFO - [2025-05-03T08:23:10.218+0000] {dagbag.py:537} INFO - Filling up the DagBag from /home/airflow/.local/lib/python3.7/site-packages/airflow/example_dags/example_short_circuit_decorator.py
[2025-05-03T08:23:10.229+0000] {processor.py:766} INFO - DAG(s) dict_keys(['example_short_circuit_decorator']) retrieved from /home/airflow/.local/lib/python3.7/site-packages/airflow/example_dags/example_short_circuit_decorator.py
[2025-05-03T08:23:10.252+0000] {logging_mixin.py:120} INFO - [2025-05-03T08:23:10.252+0000] {dag.py:2585} INFO - Sync 1 DAGs
[2025-05-03T08:23:10.264+0000] {logging_mixin.py:120} INFO - [2025-05-03T08:23:10.264+0000] {dag.py:3340} INFO - Setting next_dagrun for example_short_circuit_decorator to 2025-05-02T08:23:10.264077+00:00, run_after=2025-05-03T08:23:10.264077+00:00
[2025-05-03T08:23:10.278+0000] {processor.py:176} INFO - Processing /home/airflow/.local/lib/python3.7/site-packages/airflow/example_dags/example_short_circuit_decorator.py took 0.062 seconds
[2025-05-03T09:41:37.827+0000] {processor.py:154} INFO - Started process (PID=43463) to work on /home/airflow/.local/lib/python3.7/site-packages/airflow/example_dags/example_short_circuit_decorator.py
[2025-05-03T09:41:37.828+0000] {processor.py:756} INFO - Processing file /home/airflow/.local/lib/python3.7/site-packages/airflow/example_dags/example_short_circuit_decorator.py for tasks to queue
[2025-05-03T09:41:37.828+0000] {logging_mixin.py:120} INFO - [2025-05-03T09:41:37.828+0000] {dagbag.py:537} INFO - Filling up the DagBag from /home/airflow/.local/lib/python3.7/site-packages/airflow/example_dags/example_short_circuit_decorator.py
[2025-05-03T09:41:37.839+0000] {processor.py:766} INFO - DAG(s) dict_keys(['example_short_circuit_decorator']) retrieved from /home/airflow/.local/lib/python3.7/site-packages/airflow/example_dags/example_short_circuit_decorator.py
[2025-05-03T09:41:37.859+0000] {logging_mixin.py:120} INFO - [2025-05-03T09:41:37.859+0000] {dag.py:2585} INFO - Sync 1 DAGs
[2025-05-03T09:41:37.871+0000] {logging_mixin.py:120} INFO - [2025-05-03T09:41:37.871+0000] {dag.py:3340} INFO - Setting next_dagrun for example_short_circuit_decorator to 2025-05-02T09:41:37.871012+00:00, run_after=2025-05-03T09:41:37.871012+00:00
[2025-05-03T09:41:37.879+0000] {processor.py:176} INFO - Processing /home/airflow/.local/lib/python3.7/site-packages/airflow/example_dags/example_short_circuit_decorator.py took 0.053 seconds
[2025-05-03T10:58:27.390+0000] {processor.py:154} INFO - Started process (PID=43526) to work on /home/airflow/.local/lib/python3.7/site-packages/airflow/example_dags/example_short_circuit_decorator.py
[2025-05-03T10:58:27.391+0000] {processor.py:756} INFO - Processing file /home/airflow/.local/lib/python3.7/site-packages/airflow/example_dags/example_short_circuit_decorator.py for tasks to queue
[2025-05-03T10:58:27.391+0000] {logging_mixin.py:120} INFO - [2025-05-03T10:58:27.391+0000] {dagbag.py:537} INFO - Filling up the DagBag from /home/airflow/.local/lib/python3.7/site-packages/airflow/example_dags/example_short_circuit_decorator.py
[2025-05-03T10:58:27.402+0000] {processor.py:766} INFO - DAG(s) dict_keys(['example_short_circuit_decorator']) retrieved from /home/airflow/.local/lib/python3.7/site-packages/airflow/example_dags/example_short_circuit_decorator.py
[2025-05-03T10:58:27.422+0000] {logging_mixin.py:120} INFO - [2025-05-03T10:58:27.422+0000] {dag.py:2585} INFO - Sync 1 DAGs
[2025-05-03T10:58:27.435+0000] {logging_mixin.py:120} INFO - [2025-05-03T10:58:27.435+0000] {dag.py:3340} INFO - Setting next_dagrun for example_short_circuit_decorator to 2025-05-02T10:58:27.435731+00:00, run_after=2025-05-03T10:58:27.435731+00:00
[2025-05-03T10:58:27.446+0000] {processor.py:176} INFO - Processing /home/airflow/.local/lib/python3.7/site-packages/airflow/example_dags/example_short_circuit_decorator.py took 0.057 seconds
[2025-05-03T11:42:14.230+0000] {processor.py:154} INFO - Started process (PID=43589) to work on /home/airflow/.local/lib/python3.7/site-packages/airflow/example_dags/example_short_circuit_decorator.py
[2025-05-03T11:42:14.230+0000] {processor.py:756} INFO - Processing file /home/airflow/.local/lib/python3.7/site-packages/airflow/example_dags/example_short_circuit_decorator.py for tasks to queue
[2025-05-03T11:42:14.231+0000] {logging_mixin.py:120} INFO - [2025-05-03T11:42:14.230+0000] {dagbag.py:537} INFO - Filling up the DagBag from /home/airflow/.local/lib/python3.7/site-packages/airflow/example_dags/example_short_circuit_decorator.py
[2025-05-03T11:42:14.245+0000] {processor.py:766} INFO - DAG(s) dict_keys(['example_short_circuit_decorator']) retrieved from /home/airflow/.local/lib/python3.7/site-packages/airflow/example_dags/example_short_circuit_decorator.py
[2025-05-03T11:42:14.267+0000] {logging_mixin.py:120} INFO - [2025-05-03T11:42:14.267+0000] {dag.py:2585} INFO - Sync 1 DAGs
[2025-05-03T11:42:14.279+0000] {logging_mixin.py:120} INFO - [2025-05-03T11:42:14.279+0000] {dag.py:3340} INFO - Setting next_dagrun for example_short_circuit_decorator to 2025-05-02T11:42:14.279666+00:00, run_after=2025-05-03T11:42:14.279666+00:00
[2025-05-03T11:42:14.288+0000] {processor.py:176} INFO - Processing /home/airflow/.local/lib/python3.7/site-packages/airflow/example_dags/example_short_circuit_decorator.py took 0.061 seconds
[2025-05-03T12:59:19.522+0000] {processor.py:154} INFO - Started process (PID=43652) to work on /home/airflow/.local/lib/python3.7/site-packages/airflow/example_dags/example_short_circuit_decorator.py
[2025-05-03T12:59:19.523+0000] {processor.py:756} INFO - Processing file /home/airflow/.local/lib/python3.7/site-packages/airflow/example_dags/example_short_circuit_decorator.py for tasks to queue
[2025-05-03T12:59:19.523+0000] {logging_mixin.py:120} INFO - [2025-05-03T12:59:19.523+0000] {dagbag.py:537} INFO - Filling up the DagBag from /home/airflow/.local/lib/python3.7/site-packages/airflow/example_dags/example_short_circuit_decorator.py
[2025-05-03T12:59:19.538+0000] {processor.py:766} INFO - DAG(s) dict_keys(['example_short_circuit_decorator']) retrieved from /home/airflow/.local/lib/python3.7/site-packages/airflow/example_dags/example_short_circuit_decorator.py
[2025-05-03T12:59:19.559+0000] {logging_mixin.py:120} INFO - [2025-05-03T12:59:19.559+0000] {dag.py:2585} INFO - Sync 1 DAGs
[2025-05-03T12:59:19.571+0000] {logging_mixin.py:120} INFO - [2025-05-03T12:59:19.571+0000] {dag.py:3340} INFO - Setting next_dagrun for example_short_circuit_decorator to 2025-05-02T12:59:19.571165+00:00, run_after=2025-05-03T12:59:19.571165+00:00
[2025-05-03T12:59:19.579+0000] {processor.py:176} INFO - Processing /home/airflow/.local/lib/python3.7/site-packages/airflow/example_dags/example_short_circuit_decorator.py took 0.058 seconds
[2025-05-03T13:28:30.738+0000] {processor.py:154} INFO - Started process (PID=43715) to work on /home/airflow/.local/lib/python3.7/site-packages/airflow/example_dags/example_short_circuit_decorator.py
[2025-05-03T13:28:30.738+0000] {processor.py:756} INFO - Processing file /home/airflow/.local/lib/python3.7/site-packages/airflow/example_dags/example_short_circuit_decorator.py for tasks to queue
[2025-05-03T13:28:30.739+0000] {logging_mixin.py:120} INFO - [2025-05-03T13:28:30.739+0000] {dagbag.py:537} INFO - Filling up the DagBag from /home/airflow/.local/lib/python3.7/site-packages/airflow/example_dags/example_short_circuit_decorator.py
[2025-05-03T13:28:30.752+0000] {processor.py:766} INFO - DAG(s) dict_keys(['example_short_circuit_decorator']) retrieved from /home/airflow/.local/lib/python3.7/site-packages/airflow/example_dags/example_short_circuit_decorator.py
[2025-05-03T13:28:30.772+0000] {logging_mixin.py:120} INFO - [2025-05-03T13:28:30.771+0000] {dag.py:2585} INFO - Sync 1 DAGs
[2025-05-03T13:28:30.781+0000] {logging_mixin.py:120} INFO - [2025-05-03T13:28:30.781+0000] {dag.py:3340} INFO - Setting next_dagrun for example_short_circuit_decorator to 2025-05-02T13:28:30.781757+00:00, run_after=2025-05-03T13:28:30.781757+00:00
[2025-05-03T13:28:30.790+0000] {processor.py:176} INFO - Processing /home/airflow/.local/lib/python3.7/site-packages/airflow/example_dags/example_short_circuit_decorator.py took 0.054 seconds
[2025-05-03T13:29:07.365+0000] {processor.py:154} INFO - Started process (PID=43778) to work on /home/airflow/.local/lib/python3.7/site-packages/airflow/example_dags/example_short_circuit_decorator.py
[2025-05-03T13:29:07.365+0000] {processor.py:756} INFO - Processing file /home/airflow/.local/lib/python3.7/site-packages/airflow/example_dags/example_short_circuit_decorator.py for tasks to queue
[2025-05-03T13:29:07.366+0000] {logging_mixin.py:120} INFO - [2025-05-03T13:29:07.365+0000] {dagbag.py:537} INFO - Filling up the DagBag from /home/airflow/.local/lib/python3.7/site-packages/airflow/example_dags/example_short_circuit_decorator.py
[2025-05-03T13:29:07.376+0000] {processor.py:766} INFO - DAG(s) dict_keys(['example_short_circuit_decorator']) retrieved from /home/airflow/.local/lib/python3.7/site-packages/airflow/example_dags/example_short_circuit_decorator.py
[2025-05-03T13:29:07.393+0000] {logging_mixin.py:120} INFO - [2025-05-03T13:29:07.393+0000] {dag.py:2585} INFO - Sync 1 DAGs
[2025-05-03T13:29:07.401+0000] {logging_mixin.py:120} INFO - [2025-05-03T13:29:07.401+0000] {dag.py:3340} INFO - Setting next_dagrun for example_short_circuit_decorator to 2025-05-02T13:29:07.401541+00:00, run_after=2025-05-03T13:29:07.401541+00:00
[2025-05-03T13:29:07.408+0000] {processor.py:176} INFO - Processing /home/airflow/.local/lib/python3.7/site-packages/airflow/example_dags/example_short_circuit_decorator.py took 0.044 seconds
[2025-05-03T14:29:10.056+0000] {processor.py:154} INFO - Started process (PID=43831) to work on /home/airflow/.local/lib/python3.7/site-packages/airflow/example_dags/example_short_circuit_decorator.py
[2025-05-03T14:29:10.058+0000] {processor.py:756} INFO - Processing file /home/airflow/.local/lib/python3.7/site-packages/airflow/example_dags/example_short_circuit_decorator.py for tasks to queue
[2025-05-03T14:29:10.058+0000] {logging_mixin.py:120} INFO - [2025-05-03T14:29:10.058+0000] {dagbag.py:537} INFO - Filling up the DagBag from /home/airflow/.local/lib/python3.7/site-packages/airflow/example_dags/example_short_circuit_decorator.py
[2025-05-03T14:29:10.075+0000] {processor.py:766} INFO - DAG(s) dict_keys(['example_short_circuit_decorator']) retrieved from /home/airflow/.local/lib/python3.7/site-packages/airflow/example_dags/example_short_circuit_decorator.py
[2025-05-03T14:29:10.095+0000] {logging_mixin.py:120} INFO - [2025-05-03T14:29:10.095+0000] {dag.py:2585} INFO - Sync 1 DAGs
[2025-05-03T14:29:10.106+0000] {logging_mixin.py:120} INFO - [2025-05-03T14:29:10.106+0000] {dag.py:3340} INFO - Setting next_dagrun for example_short_circuit_decorator to 2025-05-02T14:29:10.106779+00:00, run_after=2025-05-03T14:29:10.106779+00:00
[2025-05-03T14:29:10.119+0000] {processor.py:176} INFO - Processing /home/airflow/.local/lib/python3.7/site-packages/airflow/example_dags/example_short_circuit_decorator.py took 0.064 seconds
[2025-05-03T15:07:53.146+0000] {processor.py:154} INFO - Started process (PID=43893) to work on /home/airflow/.local/lib/python3.7/site-packages/airflow/example_dags/example_short_circuit_decorator.py
[2025-05-03T15:07:53.147+0000] {processor.py:756} INFO - Processing file /home/airflow/.local/lib/python3.7/site-packages/airflow/example_dags/example_short_circuit_decorator.py for tasks to queue
[2025-05-03T15:07:53.147+0000] {logging_mixin.py:120} INFO - [2025-05-03T15:07:53.147+0000] {dagbag.py:537} INFO - Filling up the DagBag from /home/airflow/.local/lib/python3.7/site-packages/airflow/example_dags/example_short_circuit_decorator.py
[2025-05-03T15:07:53.160+0000] {processor.py:766} INFO - DAG(s) dict_keys(['example_short_circuit_decorator']) retrieved from /home/airflow/.local/lib/python3.7/site-packages/airflow/example_dags/example_short_circuit_decorator.py
[2025-05-03T15:07:53.184+0000] {logging_mixin.py:120} INFO - [2025-05-03T15:07:53.184+0000] {dag.py:2585} INFO - Sync 1 DAGs
[2025-05-03T15:07:53.197+0000] {logging_mixin.py:120} INFO - [2025-05-03T15:07:53.197+0000] {dag.py:3340} INFO - Setting next_dagrun for example_short_circuit_decorator to 2025-05-02T15:07:53.196959+00:00, run_after=2025-05-03T15:07:53.196959+00:00
[2025-05-03T15:07:53.210+0000] {processor.py:176} INFO - Processing /home/airflow/.local/lib/python3.7/site-packages/airflow/example_dags/example_short_circuit_decorator.py took 0.066 seconds
[2025-05-03T16:21:02.534+0000] {processor.py:154} INFO - Started process (PID=43956) to work on /home/airflow/.local/lib/python3.7/site-packages/airflow/example_dags/example_short_circuit_decorator.py
[2025-05-03T16:21:02.534+0000] {processor.py:756} INFO - Processing file /home/airflow/.local/lib/python3.7/site-packages/airflow/example_dags/example_short_circuit_decorator.py for tasks to queue
[2025-05-03T16:21:02.534+0000] {logging_mixin.py:120} INFO - [2025-05-03T16:21:02.534+0000] {dagbag.py:537} INFO - Filling up the DagBag from /home/airflow/.local/lib/python3.7/site-packages/airflow/example_dags/example_short_circuit_decorator.py
[2025-05-03T16:21:02.548+0000] {processor.py:766} INFO - DAG(s) dict_keys(['example_short_circuit_decorator']) retrieved from /home/airflow/.local/lib/python3.7/site-packages/airflow/example_dags/example_short_circuit_decorator.py
[2025-05-03T16:21:02.573+0000] {logging_mixin.py:120} INFO - [2025-05-03T16:21:02.573+0000] {dag.py:2585} INFO - Sync 1 DAGs
[2025-05-03T16:21:02.589+0000] {logging_mixin.py:120} INFO - [2025-05-03T16:21:02.589+0000] {dag.py:3340} INFO - Setting next_dagrun for example_short_circuit_decorator to 2025-05-02T16:21:02.589245+00:00, run_after=2025-05-03T16:21:02.589245+00:00
[2025-05-03T16:21:02.603+0000] {processor.py:176} INFO - Processing /home/airflow/.local/lib/python3.7/site-packages/airflow/example_dags/example_short_circuit_decorator.py took 0.071 seconds
[2025-05-03T16:48:04.907+0000] {processor.py:154} INFO - Started process (PID=44018) to work on /home/airflow/.local/lib/python3.7/site-packages/airflow/example_dags/example_short_circuit_decorator.py
[2025-05-03T16:48:04.907+0000] {processor.py:756} INFO - Processing file /home/airflow/.local/lib/python3.7/site-packages/airflow/example_dags/example_short_circuit_decorator.py for tasks to queue
[2025-05-03T16:48:04.908+0000] {logging_mixin.py:120} INFO - [2025-05-03T16:48:04.908+0000] {dagbag.py:537} INFO - Filling up the DagBag from /home/airflow/.local/lib/python3.7/site-packages/airflow/example_dags/example_short_circuit_decorator.py
[2025-05-03T16:48:04.919+0000] {processor.py:766} INFO - DAG(s) dict_keys(['example_short_circuit_decorator']) retrieved from /home/airflow/.local/lib/python3.7/site-packages/airflow/example_dags/example_short_circuit_decorator.py
[2025-05-03T16:48:04.939+0000] {logging_mixin.py:120} INFO - [2025-05-03T16:48:04.938+0000] {dag.py:2585} INFO - Sync 1 DAGs
[2025-05-03T16:48:04.950+0000] {logging_mixin.py:120} INFO - [2025-05-03T16:48:04.950+0000] {dag.py:3340} INFO - Setting next_dagrun for example_short_circuit_decorator to 2025-05-02T16:48:04.949983+00:00, run_after=2025-05-03T16:48:04.949983+00:00
[2025-05-03T16:48:04.960+0000] {processor.py:176} INFO - Processing /home/airflow/.local/lib/python3.7/site-packages/airflow/example_dags/example_short_circuit_decorator.py took 0.055 seconds
[2025-05-03T18:05:53.303+0000] {processor.py:154} INFO - Started process (PID=44081) to work on /home/airflow/.local/lib/python3.7/site-packages/airflow/example_dags/example_short_circuit_decorator.py
[2025-05-03T18:05:53.304+0000] {processor.py:756} INFO - Processing file /home/airflow/.local/lib/python3.7/site-packages/airflow/example_dags/example_short_circuit_decorator.py for tasks to queue
[2025-05-03T18:05:53.304+0000] {logging_mixin.py:120} INFO - [2025-05-03T18:05:53.304+0000] {dagbag.py:537} INFO - Filling up the DagBag from /home/airflow/.local/lib/python3.7/site-packages/airflow/example_dags/example_short_circuit_decorator.py
[2025-05-03T18:05:53.314+0000] {processor.py:766} INFO - DAG(s) dict_keys(['example_short_circuit_decorator']) retrieved from /home/airflow/.local/lib/python3.7/site-packages/airflow/example_dags/example_short_circuit_decorator.py
[2025-05-03T18:05:53.334+0000] {logging_mixin.py:120} INFO - [2025-05-03T18:05:53.334+0000] {dag.py:2585} INFO - Sync 1 DAGs
[2025-05-03T18:05:53.345+0000] {logging_mixin.py:120} INFO - [2025-05-03T18:05:53.345+0000] {dag.py:3340} INFO - Setting next_dagrun for example_short_circuit_decorator to 2025-05-02T18:05:53.345173+00:00, run_after=2025-05-03T18:05:53.345173+00:00
[2025-05-03T18:05:53.355+0000] {processor.py:176} INFO - Processing /home/airflow/.local/lib/python3.7/site-packages/airflow/example_dags/example_short_circuit_decorator.py took 0.053 seconds
[2025-05-03T19:25:56.857+0000] {processor.py:154} INFO - Started process (PID=44144) to work on /home/airflow/.local/lib/python3.7/site-packages/airflow/example_dags/example_short_circuit_decorator.py
[2025-05-03T19:25:56.858+0000] {processor.py:756} INFO - Processing file /home/airflow/.local/lib/python3.7/site-packages/airflow/example_dags/example_short_circuit_decorator.py for tasks to queue
[2025-05-03T19:25:56.858+0000] {logging_mixin.py:120} INFO - [2025-05-03T19:25:56.858+0000] {dagbag.py:537} INFO - Filling up the DagBag from /home/airflow/.local/lib/python3.7/site-packages/airflow/example_dags/example_short_circuit_decorator.py
[2025-05-03T19:25:56.870+0000] {processor.py:766} INFO - DAG(s) dict_keys(['example_short_circuit_decorator']) retrieved from /home/airflow/.local/lib/python3.7/site-packages/airflow/example_dags/example_short_circuit_decorator.py
[2025-05-03T19:25:56.896+0000] {logging_mixin.py:120} INFO - [2025-05-03T19:25:56.896+0000] {dag.py:2585} INFO - Sync 1 DAGs
[2025-05-03T19:25:56.907+0000] {logging_mixin.py:120} INFO - [2025-05-03T19:25:56.907+0000] {dag.py:3340} INFO - Setting next_dagrun for example_short_circuit_decorator to 2025-05-02T19:25:56.907251+00:00, run_after=2025-05-03T19:25:56.907251+00:00
[2025-05-03T19:25:56.921+0000] {processor.py:176} INFO - Processing /home/airflow/.local/lib/python3.7/site-packages/airflow/example_dags/example_short_circuit_decorator.py took 0.065 seconds
[2025-05-03T20:07:04.226+0000] {processor.py:154} INFO - Started process (PID=44204) to work on /home/airflow/.local/lib/python3.7/site-packages/airflow/example_dags/example_short_circuit_decorator.py
[2025-05-03T20:07:04.227+0000] {processor.py:756} INFO - Processing file /home/airflow/.local/lib/python3.7/site-packages/airflow/example_dags/example_short_circuit_decorator.py for tasks to queue
[2025-05-03T20:07:04.227+0000] {logging_mixin.py:120} INFO - [2025-05-03T20:07:04.227+0000] {dagbag.py:537} INFO - Filling up the DagBag from /home/airflow/.local/lib/python3.7/site-packages/airflow/example_dags/example_short_circuit_decorator.py
[2025-05-03T20:07:04.241+0000] {processor.py:766} INFO - DAG(s) dict_keys(['example_short_circuit_decorator']) retrieved from /home/airflow/.local/lib/python3.7/site-packages/airflow/example_dags/example_short_circuit_decorator.py
[2025-05-03T20:07:04.265+0000] {logging_mixin.py:120} INFO - [2025-05-03T20:07:04.265+0000] {dag.py:2585} INFO - Sync 1 DAGs
[2025-05-03T20:07:04.277+0000] {logging_mixin.py:120} INFO - [2025-05-03T20:07:04.277+0000] {dag.py:3340} INFO - Setting next_dagrun for example_short_circuit_decorator to 2025-05-02T20:07:04.277296+00:00, run_after=2025-05-03T20:07:04.277296+00:00
[2025-05-03T20:07:04.286+0000] {processor.py:176} INFO - Processing /home/airflow/.local/lib/python3.7/site-packages/airflow/example_dags/example_short_circuit_decorator.py took 0.062 seconds
[2025-05-03T21:36:12.767+0000] {processor.py:154} INFO - Started process (PID=44260) to work on /home/airflow/.local/lib/python3.7/site-packages/airflow/example_dags/example_short_circuit_decorator.py
[2025-05-03T21:36:12.767+0000] {processor.py:756} INFO - Processing file /home/airflow/.local/lib/python3.7/site-packages/airflow/example_dags/example_short_circuit_decorator.py for tasks to queue
[2025-05-03T21:36:12.768+0000] {logging_mixin.py:120} INFO - [2025-05-03T21:36:12.767+0000] {dagbag.py:537} INFO - Filling up the DagBag from /home/airflow/.local/lib/python3.7/site-packages/airflow/example_dags/example_short_circuit_decorator.py
[2025-05-03T21:36:12.778+0000] {processor.py:766} INFO - DAG(s) dict_keys(['example_short_circuit_decorator']) retrieved from /home/airflow/.local/lib/python3.7/site-packages/airflow/example_dags/example_short_circuit_decorator.py
[2025-05-03T21:36:12.799+0000] {logging_mixin.py:120} INFO - [2025-05-03T21:36:12.799+0000] {dag.py:2585} INFO - Sync 1 DAGs
[2025-05-03T21:36:12.810+0000] {logging_mixin.py:120} INFO - [2025-05-03T21:36:12.810+0000] {dag.py:3340} INFO - Setting next_dagrun for example_short_circuit_decorator to 2025-05-02T21:36:12.809911+00:00, run_after=2025-05-03T21:36:12.809911+00:00
[2025-05-03T21:36:12.820+0000] {processor.py:176} INFO - Processing /home/airflow/.local/lib/python3.7/site-packages/airflow/example_dags/example_short_circuit_decorator.py took 0.055 seconds
[2025-05-03T22:19:51.831+0000] {processor.py:154} INFO - Started process (PID=44323) to work on /home/airflow/.local/lib/python3.7/site-packages/airflow/example_dags/example_short_circuit_decorator.py
[2025-05-03T22:19:51.831+0000] {processor.py:756} INFO - Processing file /home/airflow/.local/lib/python3.7/site-packages/airflow/example_dags/example_short_circuit_decorator.py for tasks to queue
[2025-05-03T22:19:51.832+0000] {logging_mixin.py:120} INFO - [2025-05-03T22:19:51.832+0000] {dagbag.py:537} INFO - Filling up the DagBag from /home/airflow/.local/lib/python3.7/site-packages/airflow/example_dags/example_short_circuit_decorator.py
[2025-05-03T22:19:51.842+0000] {processor.py:766} INFO - DAG(s) dict_keys(['example_short_circuit_decorator']) retrieved from /home/airflow/.local/lib/python3.7/site-packages/airflow/example_dags/example_short_circuit_decorator.py
[2025-05-03T22:19:51.863+0000] {logging_mixin.py:120} INFO - [2025-05-03T22:19:51.863+0000] {dag.py:2585} INFO - Sync 1 DAGs
[2025-05-03T22:19:51.873+0000] {logging_mixin.py:120} INFO - [2025-05-03T22:19:51.873+0000] {dag.py:3340} INFO - Setting next_dagrun for example_short_circuit_decorator to 2025-05-02T22:19:51.873365+00:00, run_after=2025-05-03T22:19:51.873365+00:00
[2025-05-03T22:19:51.886+0000] {processor.py:176} INFO - Processing /home/airflow/.local/lib/python3.7/site-packages/airflow/example_dags/example_short_circuit_decorator.py took 0.056 seconds
[2025-05-03T23:04:44.824+0000] {processor.py:154} INFO - Started process (PID=44386) to work on /home/airflow/.local/lib/python3.7/site-packages/airflow/example_dags/example_short_circuit_decorator.py
[2025-05-03T23:04:44.825+0000] {processor.py:756} INFO - Processing file /home/airflow/.local/lib/python3.7/site-packages/airflow/example_dags/example_short_circuit_decorator.py for tasks to queue
[2025-05-03T23:04:44.825+0000] {logging_mixin.py:120} INFO - [2025-05-03T23:04:44.825+0000] {dagbag.py:537} INFO - Filling up the DagBag from /home/airflow/.local/lib/python3.7/site-packages/airflow/example_dags/example_short_circuit_decorator.py
[2025-05-03T23:04:44.840+0000] {processor.py:766} INFO - DAG(s) dict_keys(['example_short_circuit_decorator']) retrieved from /home/airflow/.local/lib/python3.7/site-packages/airflow/example_dags/example_short_circuit_decorator.py
[2025-05-03T23:04:44.862+0000] {logging_mixin.py:120} INFO - [2025-05-03T23:04:44.862+0000] {dag.py:2585} INFO - Sync 1 DAGs
[2025-05-03T23:04:44.873+0000] {logging_mixin.py:120} INFO - [2025-05-03T23:04:44.873+0000] {dag.py:3340} INFO - Setting next_dagrun for example_short_circuit_decorator to 2025-05-02T23:04:44.873184+00:00, run_after=2025-05-03T23:04:44.873184+00:00
[2025-05-03T23:04:44.882+0000] {processor.py:176} INFO - Processing /home/airflow/.local/lib/python3.7/site-packages/airflow/example_dags/example_short_circuit_decorator.py took 0.060 seconds
[2025-05-03T23:22:07.101+0000] {processor.py:154} INFO - Started process (PID=44448) to work on /home/airflow/.local/lib/python3.7/site-packages/airflow/example_dags/example_short_circuit_decorator.py
[2025-05-03T23:22:07.102+0000] {processor.py:756} INFO - Processing file /home/airflow/.local/lib/python3.7/site-packages/airflow/example_dags/example_short_circuit_decorator.py for tasks to queue
[2025-05-03T23:22:07.102+0000] {logging_mixin.py:120} INFO - [2025-05-03T23:22:07.102+0000] {dagbag.py:537} INFO - Filling up the DagBag from /home/airflow/.local/lib/python3.7/site-packages/airflow/example_dags/example_short_circuit_decorator.py
[2025-05-03T23:22:07.112+0000] {processor.py:766} INFO - DAG(s) dict_keys(['example_short_circuit_decorator']) retrieved from /home/airflow/.local/lib/python3.7/site-packages/airflow/example_dags/example_short_circuit_decorator.py
[2025-05-03T23:22:07.129+0000] {logging_mixin.py:120} INFO - [2025-05-03T23:22:07.129+0000] {dag.py:2585} INFO - Sync 1 DAGs
[2025-05-03T23:22:07.140+0000] {logging_mixin.py:120} INFO - [2025-05-03T23:22:07.140+0000] {dag.py:3340} INFO - Setting next_dagrun for example_short_circuit_decorator to 2025-05-02T23:22:07.140084+00:00, run_after=2025-05-03T23:22:07.140084+00:00
[2025-05-03T23:22:07.150+0000] {processor.py:176} INFO - Processing /home/airflow/.local/lib/python3.7/site-packages/airflow/example_dags/example_short_circuit_decorator.py took 0.050 seconds
[2025-05-03T23:38:28.440+0000] {processor.py:154} INFO - Started process (PID=44511) to work on /home/airflow/.local/lib/python3.7/site-packages/airflow/example_dags/example_short_circuit_decorator.py
[2025-05-03T23:38:28.440+0000] {processor.py:756} INFO - Processing file /home/airflow/.local/lib/python3.7/site-packages/airflow/example_dags/example_short_circuit_decorator.py for tasks to queue
[2025-05-03T23:38:28.441+0000] {logging_mixin.py:120} INFO - [2025-05-03T23:38:28.441+0000] {dagbag.py:537} INFO - Filling up the DagBag from /home/airflow/.local/lib/python3.7/site-packages/airflow/example_dags/example_short_circuit_decorator.py
[2025-05-03T23:38:28.451+0000] {processor.py:766} INFO - DAG(s) dict_keys(['example_short_circuit_decorator']) retrieved from /home/airflow/.local/lib/python3.7/site-packages/airflow/example_dags/example_short_circuit_decorator.py
[2025-05-03T23:38:28.469+0000] {logging_mixin.py:120} INFO - [2025-05-03T23:38:28.469+0000] {dag.py:2585} INFO - Sync 1 DAGs
[2025-05-03T23:38:28.479+0000] {logging_mixin.py:120} INFO - [2025-05-03T23:38:28.479+0000] {dag.py:3340} INFO - Setting next_dagrun for example_short_circuit_decorator to 2025-05-02T23:38:28.479082+00:00, run_after=2025-05-03T23:38:28.479082+00:00
[2025-05-03T23:38:28.486+0000] {processor.py:176} INFO - Processing /home/airflow/.local/lib/python3.7/site-packages/airflow/example_dags/example_short_circuit_decorator.py took 0.047 seconds
[2025-05-03T23:56:23.720+0000] {processor.py:154} INFO - Started process (PID=44572) to work on /home/airflow/.local/lib/python3.7/site-packages/airflow/example_dags/example_short_circuit_decorator.py
[2025-05-03T23:56:23.720+0000] {processor.py:756} INFO - Processing file /home/airflow/.local/lib/python3.7/site-packages/airflow/example_dags/example_short_circuit_decorator.py for tasks to queue
[2025-05-03T23:56:23.721+0000] {logging_mixin.py:120} INFO - [2025-05-03T23:56:23.721+0000] {dagbag.py:537} INFO - Filling up the DagBag from /home/airflow/.local/lib/python3.7/site-packages/airflow/example_dags/example_short_circuit_decorator.py
[2025-05-03T23:56:23.735+0000] {processor.py:766} INFO - DAG(s) dict_keys(['example_short_circuit_decorator']) retrieved from /home/airflow/.local/lib/python3.7/site-packages/airflow/example_dags/example_short_circuit_decorator.py
[2025-05-03T23:56:23.756+0000] {logging_mixin.py:120} INFO - [2025-05-03T23:56:23.756+0000] {dag.py:2585} INFO - Sync 1 DAGs
[2025-05-03T23:56:23.783+0000] {logging_mixin.py:120} INFO - [2025-05-03T23:56:23.783+0000] {dag.py:3340} INFO - Setting next_dagrun for example_short_circuit_decorator to 2025-05-02T23:56:23.783797+00:00, run_after=2025-05-03T23:56:23.783797+00:00
[2025-05-03T23:56:23.797+0000] {processor.py:176} INFO - Processing /home/airflow/.local/lib/python3.7/site-packages/airflow/example_dags/example_short_circuit_decorator.py took 0.078 seconds
