[2025-05-03T00:29:30.865+0000] {processor.py:154} INFO - Started process (PID=42609) to work on /home/airflow/.local/lib/python3.7/site-packages/airflow/example_dags/example_short_circuit_operator.py
[2025-05-03T00:29:30.866+0000] {processor.py:756} INFO - Processing file /home/airflow/.local/lib/python3.7/site-packages/airflow/example_dags/example_short_circuit_operator.py for tasks to queue
[2025-05-03T00:29:30.867+0000] {logging_mixin.py:120} INFO - [2025-05-03T00:29:30.867+0000] {dagbag.py:537} INFO - Filling up the DagBag from /home/airflow/.local/lib/python3.7/site-packages/airflow/example_dags/example_short_circuit_operator.py
[2025-05-03T00:29:30.876+0000] {processor.py:766} INFO - DAG(s) dict_keys(['example_short_circuit_operator']) retrieved from /home/airflow/.local/lib/python3.7/site-packages/airflow/example_dags/example_short_circuit_operator.py
[2025-05-03T00:29:30.900+0000] {logging_mixin.py:120} INFO - [2025-05-03T00:29:30.900+0000] {dag.py:2585} INFO - Sync 1 DAGs
[2025-05-03T00:29:30.912+0000] {logging_mixin.py:120} INFO - [2025-05-03T00:29:30.912+0000] {dag.py:3340} INFO - Setting next_dagrun for example_short_circuit_operator to 2025-05-02T00:29:30.911907+00:00, run_after=2025-05-03T00:29:30.911907+00:00
[2025-05-03T00:29:30.924+0000] {processor.py:176} INFO - Processing /home/airflow/.local/lib/python3.7/site-packages/airflow/example_dags/example_short_circuit_operator.py took 0.060 seconds
[2025-05-03T00:52:39.096+0000] {processor.py:154} INFO - Started process (PID=42663) to work on /home/airflow/.local/lib/python3.7/site-packages/airflow/example_dags/example_short_circuit_operator.py
[2025-05-03T00:52:39.096+0000] {processor.py:756} INFO - Processing file /home/airflow/.local/lib/python3.7/site-packages/airflow/example_dags/example_short_circuit_operator.py for tasks to queue
[2025-05-03T00:52:39.096+0000] {logging_mixin.py:120} INFO - [2025-05-03T00:52:39.096+0000] {dagbag.py:537} INFO - Filling up the DagBag from /home/airflow/.local/lib/python3.7/site-packages/airflow/example_dags/example_short_circuit_operator.py
[2025-05-03T00:52:39.108+0000] {processor.py:766} INFO - DAG(s) dict_keys(['example_short_circuit_operator']) retrieved from /home/airflow/.local/lib/python3.7/site-packages/airflow/example_dags/example_short_circuit_operator.py
[2025-05-03T00:52:39.133+0000] {logging_mixin.py:120} INFO - [2025-05-03T00:52:39.133+0000] {dag.py:2585} INFO - Sync 1 DAGs
[2025-05-03T00:52:39.144+0000] {logging_mixin.py:120} INFO - [2025-05-03T00:52:39.144+0000] {dag.py:3340} INFO - Setting next_dagrun for example_short_circuit_operator to 2025-05-02T00:52:39.144006+00:00, run_after=2025-05-03T00:52:39.144006+00:00
[2025-05-03T00:52:39.153+0000] {processor.py:176} INFO - Processing /home/airflow/.local/lib/python3.7/site-packages/airflow/example_dags/example_short_circuit_operator.py took 0.059 seconds
[2025-05-03T01:16:07.510+0000] {processor.py:154} INFO - Started process (PID=42726) to work on /home/airflow/.local/lib/python3.7/site-packages/airflow/example_dags/example_short_circuit_operator.py
[2025-05-03T01:16:07.510+0000] {processor.py:756} INFO - Processing file /home/airflow/.local/lib/python3.7/site-packages/airflow/example_dags/example_short_circuit_operator.py for tasks to queue
[2025-05-03T01:16:07.510+0000] {logging_mixin.py:120} INFO - [2025-05-03T01:16:07.510+0000] {dagbag.py:537} INFO - Filling up the DagBag from /home/airflow/.local/lib/python3.7/site-packages/airflow/example_dags/example_short_circuit_operator.py
[2025-05-03T01:16:07.520+0000] {processor.py:766} INFO - DAG(s) dict_keys(['example_short_circuit_operator']) retrieved from /home/airflow/.local/lib/python3.7/site-packages/airflow/example_dags/example_short_circuit_operator.py
[2025-05-03T01:16:07.541+0000] {logging_mixin.py:120} INFO - [2025-05-03T01:16:07.541+0000] {dag.py:2585} INFO - Sync 1 DAGs
[2025-05-03T01:16:07.554+0000] {logging_mixin.py:120} INFO - [2025-05-03T01:16:07.554+0000] {dag.py:3340} INFO - Setting next_dagrun for example_short_circuit_operator to 2025-05-02T01:16:07.554454+00:00, run_after=2025-05-03T01:16:07.554454+00:00
[2025-05-03T01:16:07.564+0000] {processor.py:176} INFO - Processing /home/airflow/.local/lib/python3.7/site-packages/airflow/example_dags/example_short_circuit_operator.py took 0.056 seconds
[2025-05-03T01:19:52.012+0000] {processor.py:154} INFO - Started process (PID=42788) to work on /home/airflow/.local/lib/python3.7/site-packages/airflow/example_dags/example_short_circuit_operator.py
[2025-05-03T01:19:52.012+0000] {processor.py:756} INFO - Processing file /home/airflow/.local/lib/python3.7/site-packages/airflow/example_dags/example_short_circuit_operator.py for tasks to queue
[2025-05-03T01:19:52.013+0000] {logging_mixin.py:120} INFO - [2025-05-03T01:19:52.013+0000] {dagbag.py:537} INFO - Filling up the DagBag from /home/airflow/.local/lib/python3.7/site-packages/airflow/example_dags/example_short_circuit_operator.py
[2025-05-03T01:19:52.024+0000] {processor.py:766} INFO - DAG(s) dict_keys(['example_short_circuit_operator']) retrieved from /home/airflow/.local/lib/python3.7/site-packages/airflow/example_dags/example_short_circuit_operator.py
[2025-05-03T01:19:52.052+0000] {logging_mixin.py:120} INFO - [2025-05-03T01:19:52.052+0000] {dag.py:2585} INFO - Sync 1 DAGs
[2025-05-03T01:19:52.065+0000] {logging_mixin.py:120} INFO - [2025-05-03T01:19:52.065+0000] {dag.py:3340} INFO - Setting next_dagrun for example_short_circuit_operator to 2025-05-02T01:19:52.065451+00:00, run_after=2025-05-03T01:19:52.065451+00:00
[2025-05-03T01:19:52.077+0000] {processor.py:176} INFO - Processing /home/airflow/.local/lib/python3.7/site-packages/airflow/example_dags/example_short_circuit_operator.py took 0.067 seconds
[2025-05-03T01:24:03.744+0000] {processor.py:154} INFO - Started process (PID=42850) to work on /home/airflow/.local/lib/python3.7/site-packages/airflow/example_dags/example_short_circuit_operator.py
[2025-05-03T01:24:03.744+0000] {processor.py:756} INFO - Processing file /home/airflow/.local/lib/python3.7/site-packages/airflow/example_dags/example_short_circuit_operator.py for tasks to queue
[2025-05-03T01:24:03.746+0000] {logging_mixin.py:120} INFO - [2025-05-03T01:24:03.746+0000] {dagbag.py:537} INFO - Filling up the DagBag from /home/airflow/.local/lib/python3.7/site-packages/airflow/example_dags/example_short_circuit_operator.py
[2025-05-03T01:24:03.758+0000] {processor.py:766} INFO - DAG(s) dict_keys(['example_short_circuit_operator']) retrieved from /home/airflow/.local/lib/python3.7/site-packages/airflow/example_dags/example_short_circuit_operator.py
[2025-05-03T01:24:03.780+0000] {logging_mixin.py:120} INFO - [2025-05-03T01:24:03.780+0000] {dag.py:2585} INFO - Sync 1 DAGs
[2025-05-03T01:24:03.793+0000] {logging_mixin.py:120} INFO - [2025-05-03T01:24:03.793+0000] {dag.py:3340} INFO - Setting next_dagrun for example_short_circuit_operator to 2025-05-02T01:24:03.793759+00:00, run_after=2025-05-03T01:24:03.793759+00:00
[2025-05-03T01:24:03.803+0000] {processor.py:176} INFO - Processing /home/airflow/.local/lib/python3.7/site-packages/airflow/example_dags/example_short_circuit_operator.py took 0.061 seconds
[2025-05-03T02:06:31.732+0000] {processor.py:154} INFO - Started process (PID=42913) to work on /home/airflow/.local/lib/python3.7/site-packages/airflow/example_dags/example_short_circuit_operator.py
[2025-05-03T02:06:31.732+0000] {processor.py:756} INFO - Processing file /home/airflow/.local/lib/python3.7/site-packages/airflow/example_dags/example_short_circuit_operator.py for tasks to queue
[2025-05-03T02:06:31.735+0000] {logging_mixin.py:120} INFO - [2025-05-03T02:06:31.735+0000] {dagbag.py:537} INFO - Filling up the DagBag from /home/airflow/.local/lib/python3.7/site-packages/airflow/example_dags/example_short_circuit_operator.py
[2025-05-03T02:06:31.744+0000] {processor.py:766} INFO - DAG(s) dict_keys(['example_short_circuit_operator']) retrieved from /home/airflow/.local/lib/python3.7/site-packages/airflow/example_dags/example_short_circuit_operator.py
[2025-05-03T02:06:31.764+0000] {logging_mixin.py:120} INFO - [2025-05-03T02:06:31.764+0000] {dag.py:2585} INFO - Sync 1 DAGs
[2025-05-03T02:06:31.774+0000] {logging_mixin.py:120} INFO - [2025-05-03T02:06:31.774+0000] {dag.py:3340} INFO - Setting next_dagrun for example_short_circuit_operator to 2025-05-02T02:06:31.774739+00:00, run_after=2025-05-03T02:06:31.774739+00:00
[2025-05-03T02:06:31.787+0000] {processor.py:176} INFO - Processing /home/airflow/.local/lib/python3.7/site-packages/airflow/example_dags/example_short_circuit_operator.py took 0.057 seconds
[2025-05-03T02:48:23.243+0000] {processor.py:154} INFO - Started process (PID=42976) to work on /home/airflow/.local/lib/python3.7/site-packages/airflow/example_dags/example_short_circuit_operator.py
[2025-05-03T02:48:23.244+0000] {processor.py:756} INFO - Processing file /home/airflow/.local/lib/python3.7/site-packages/airflow/example_dags/example_short_circuit_operator.py for tasks to queue
[2025-05-03T02:48:23.244+0000] {logging_mixin.py:120} INFO - [2025-05-03T02:48:23.244+0000] {dagbag.py:537} INFO - Filling up the DagBag from /home/airflow/.local/lib/python3.7/site-packages/airflow/example_dags/example_short_circuit_operator.py
[2025-05-03T02:48:23.259+0000] {processor.py:766} INFO - DAG(s) dict_keys(['example_short_circuit_operator']) retrieved from /home/airflow/.local/lib/python3.7/site-packages/airflow/example_dags/example_short_circuit_operator.py
[2025-05-03T02:48:23.285+0000] {logging_mixin.py:120} INFO - [2025-05-03T02:48:23.285+0000] {dag.py:2585} INFO - Sync 1 DAGs
[2025-05-03T02:48:23.295+0000] {logging_mixin.py:120} INFO - [2025-05-03T02:48:23.295+0000] {dag.py:3340} INFO - Setting next_dagrun for example_short_circuit_operator to 2025-05-02T02:48:23.295210+00:00, run_after=2025-05-03T02:48:23.295210+00:00
[2025-05-03T02:48:23.309+0000] {processor.py:176} INFO - Processing /home/airflow/.local/lib/python3.7/site-packages/airflow/example_dags/example_short_circuit_operator.py took 0.068 seconds
[2025-05-03T03:21:19.325+0000] {processor.py:154} INFO - Started process (PID=43030) to work on /home/airflow/.local/lib/python3.7/site-packages/airflow/example_dags/example_short_circuit_operator.py
[2025-05-03T03:21:19.326+0000] {processor.py:756} INFO - Processing file /home/airflow/.local/lib/python3.7/site-packages/airflow/example_dags/example_short_circuit_operator.py for tasks to queue
[2025-05-03T03:21:19.327+0000] {logging_mixin.py:120} INFO - [2025-05-03T03:21:19.327+0000] {dagbag.py:537} INFO - Filling up the DagBag from /home/airflow/.local/lib/python3.7/site-packages/airflow/example_dags/example_short_circuit_operator.py
[2025-05-03T03:21:19.336+0000] {processor.py:766} INFO - DAG(s) dict_keys(['example_short_circuit_operator']) retrieved from /home/airflow/.local/lib/python3.7/site-packages/airflow/example_dags/example_short_circuit_operator.py
[2025-05-03T03:21:19.363+0000] {logging_mixin.py:120} INFO - [2025-05-03T03:21:19.362+0000] {dag.py:2585} INFO - Sync 1 DAGs
[2025-05-03T03:21:19.374+0000] {logging_mixin.py:120} INFO - [2025-05-03T03:21:19.374+0000] {dag.py:3340} INFO - Setting next_dagrun for example_short_circuit_operator to 2025-05-02T03:21:19.374530+00:00, run_after=2025-05-03T03:21:19.374530+00:00
[2025-05-03T03:21:19.384+0000] {processor.py:176} INFO - Processing /home/airflow/.local/lib/python3.7/site-packages/airflow/example_dags/example_short_circuit_operator.py took 0.060 seconds
[2025-05-03T04:10:41.409+0000] {processor.py:154} INFO - Started process (PID=43093) to work on /home/airflow/.local/lib/python3.7/site-packages/airflow/example_dags/example_short_circuit_operator.py
[2025-05-03T04:10:41.409+0000] {processor.py:756} INFO - Processing file /home/airflow/.local/lib/python3.7/site-packages/airflow/example_dags/example_short_circuit_operator.py for tasks to queue
[2025-05-03T04:10:41.410+0000] {logging_mixin.py:120} INFO - [2025-05-03T04:10:41.410+0000] {dagbag.py:537} INFO - Filling up the DagBag from /home/airflow/.local/lib/python3.7/site-packages/airflow/example_dags/example_short_circuit_operator.py
[2025-05-03T04:10:41.418+0000] {processor.py:766} INFO - DAG(s) dict_keys(['example_short_circuit_operator']) retrieved from /home/airflow/.local/lib/python3.7/site-packages/airflow/example_dags/example_short_circuit_operator.py
[2025-05-03T04:10:41.439+0000] {logging_mixin.py:120} INFO - [2025-05-03T04:10:41.439+0000] {dag.py:2585} INFO - Sync 1 DAGs
[2025-05-03T04:10:41.453+0000] {logging_mixin.py:120} INFO - [2025-05-03T04:10:41.453+0000] {dag.py:3340} INFO - Setting next_dagrun for example_short_circuit_operator to 2025-05-02T04:10:41.453785+00:00, run_after=2025-05-03T04:10:41.453785+00:00
[2025-05-03T04:10:41.463+0000] {processor.py:176} INFO - Processing /home/airflow/.local/lib/python3.7/site-packages/airflow/example_dags/example_short_circuit_operator.py took 0.056 seconds
[2025-05-03T04:54:15.505+0000] {processor.py:154} INFO - Started process (PID=43156) to work on /home/airflow/.local/lib/python3.7/site-packages/airflow/example_dags/example_short_circuit_operator.py
[2025-05-03T04:54:15.506+0000] {processor.py:756} INFO - Processing file /home/airflow/.local/lib/python3.7/site-packages/airflow/example_dags/example_short_circuit_operator.py for tasks to queue
[2025-05-03T04:54:15.506+0000] {logging_mixin.py:120} INFO - [2025-05-03T04:54:15.506+0000] {dagbag.py:537} INFO - Filling up the DagBag from /home/airflow/.local/lib/python3.7/site-packages/airflow/example_dags/example_short_circuit_operator.py
[2025-05-03T04:54:15.517+0000] {processor.py:766} INFO - DAG(s) dict_keys(['example_short_circuit_operator']) retrieved from /home/airflow/.local/lib/python3.7/site-packages/airflow/example_dags/example_short_circuit_operator.py
[2025-05-03T04:54:15.541+0000] {logging_mixin.py:120} INFO - [2025-05-03T04:54:15.541+0000] {dag.py:2585} INFO - Sync 1 DAGs
[2025-05-03T04:54:15.553+0000] {logging_mixin.py:120} INFO - [2025-05-03T04:54:15.553+0000] {dag.py:3340} INFO - Setting next_dagrun for example_short_circuit_operator to 2025-05-02T04:54:15.552861+00:00, run_after=2025-05-03T04:54:15.552861+00:00
[2025-05-03T04:54:15.564+0000] {processor.py:176} INFO - Processing /home/airflow/.local/lib/python3.7/site-packages/airflow/example_dags/example_short_circuit_operator.py took 0.061 seconds
[2025-05-03T05:53:08.786+0000] {processor.py:154} INFO - Started process (PID=43219) to work on /home/airflow/.local/lib/python3.7/site-packages/airflow/example_dags/example_short_circuit_operator.py
[2025-05-03T05:53:08.786+0000] {processor.py:756} INFO - Processing file /home/airflow/.local/lib/python3.7/site-packages/airflow/example_dags/example_short_circuit_operator.py for tasks to queue
[2025-05-03T05:53:08.787+0000] {logging_mixin.py:120} INFO - [2025-05-03T05:53:08.787+0000] {dagbag.py:537} INFO - Filling up the DagBag from /home/airflow/.local/lib/python3.7/site-packages/airflow/example_dags/example_short_circuit_operator.py
[2025-05-03T05:53:08.797+0000] {processor.py:766} INFO - DAG(s) dict_keys(['example_short_circuit_operator']) retrieved from /home/airflow/.local/lib/python3.7/site-packages/airflow/example_dags/example_short_circuit_operator.py
[2025-05-03T05:53:08.821+0000] {logging_mixin.py:120} INFO - [2025-05-03T05:53:08.821+0000] {dag.py:2585} INFO - Sync 1 DAGs
[2025-05-03T05:53:08.832+0000] {logging_mixin.py:120} INFO - [2025-05-03T05:53:08.832+0000] {dag.py:3340} INFO - Setting next_dagrun for example_short_circuit_operator to 2025-05-02T05:53:08.832263+00:00, run_after=2025-05-03T05:53:08.832263+00:00
[2025-05-03T05:53:08.843+0000] {processor.py:176} INFO - Processing /home/airflow/.local/lib/python3.7/site-packages/airflow/example_dags/example_short_circuit_operator.py took 0.059 seconds
[2025-05-03T06:30:37.688+0000] {processor.py:154} INFO - Started process (PID=43283) to work on /home/airflow/.local/lib/python3.7/site-packages/airflow/example_dags/example_short_circuit_operator.py
[2025-05-03T06:30:37.688+0000] {processor.py:756} INFO - Processing file /home/airflow/.local/lib/python3.7/site-packages/airflow/example_dags/example_short_circuit_operator.py for tasks to queue
[2025-05-03T06:30:37.689+0000] {logging_mixin.py:120} INFO - [2025-05-03T06:30:37.689+0000] {dagbag.py:537} INFO - Filling up the DagBag from /home/airflow/.local/lib/python3.7/site-packages/airflow/example_dags/example_short_circuit_operator.py
[2025-05-03T06:30:37.699+0000] {processor.py:766} INFO - DAG(s) dict_keys(['example_short_circuit_operator']) retrieved from /home/airflow/.local/lib/python3.7/site-packages/airflow/example_dags/example_short_circuit_operator.py
[2025-05-03T06:30:37.723+0000] {logging_mixin.py:120} INFO - [2025-05-03T06:30:37.723+0000] {dag.py:2585} INFO - Sync 1 DAGs
[2025-05-03T06:30:37.734+0000] {logging_mixin.py:120} INFO - [2025-05-03T06:30:37.734+0000] {dag.py:3340} INFO - Setting next_dagrun for example_short_circuit_operator to 2025-05-02T06:30:37.734499+00:00, run_after=2025-05-03T06:30:37.734499+00:00
[2025-05-03T06:30:37.749+0000] {processor.py:176} INFO - Processing /home/airflow/.local/lib/python3.7/site-packages/airflow/example_dags/example_short_circuit_operator.py took 0.062 seconds
[2025-05-03T07:22:15.339+0000] {processor.py:154} INFO - Started process (PID=43346) to work on /home/airflow/.local/lib/python3.7/site-packages/airflow/example_dags/example_short_circuit_operator.py
[2025-05-03T07:22:15.339+0000] {processor.py:756} INFO - Processing file /home/airflow/.local/lib/python3.7/site-packages/airflow/example_dags/example_short_circuit_operator.py for tasks to queue
[2025-05-03T07:22:15.340+0000] {logging_mixin.py:120} INFO - [2025-05-03T07:22:15.340+0000] {dagbag.py:537} INFO - Filling up the DagBag from /home/airflow/.local/lib/python3.7/site-packages/airflow/example_dags/example_short_circuit_operator.py
[2025-05-03T07:22:15.354+0000] {processor.py:766} INFO - DAG(s) dict_keys(['example_short_circuit_operator']) retrieved from /home/airflow/.local/lib/python3.7/site-packages/airflow/example_dags/example_short_circuit_operator.py
[2025-05-03T07:22:15.378+0000] {logging_mixin.py:120} INFO - [2025-05-03T07:22:15.378+0000] {dag.py:2585} INFO - Sync 1 DAGs
[2025-05-03T07:22:15.389+0000] {logging_mixin.py:120} INFO - [2025-05-03T07:22:15.389+0000] {dag.py:3340} INFO - Setting next_dagrun for example_short_circuit_operator to 2025-05-02T07:22:15.389064+00:00, run_after=2025-05-03T07:22:15.389064+00:00
[2025-05-03T07:22:15.398+0000] {processor.py:176} INFO - Processing /home/airflow/.local/lib/python3.7/site-packages/airflow/example_dags/example_short_circuit_operator.py took 0.062 seconds
[2025-05-03T08:23:10.149+0000] {processor.py:154} INFO - Started process (PID=43409) to work on /home/airflow/.local/lib/python3.7/site-packages/airflow/example_dags/example_short_circuit_operator.py
[2025-05-03T08:23:10.149+0000] {processor.py:756} INFO - Processing file /home/airflow/.local/lib/python3.7/site-packages/airflow/example_dags/example_short_circuit_operator.py for tasks to queue
[2025-05-03T08:23:10.150+0000] {logging_mixin.py:120} INFO - [2025-05-03T08:23:10.150+0000] {dagbag.py:537} INFO - Filling up the DagBag from /home/airflow/.local/lib/python3.7/site-packages/airflow/example_dags/example_short_circuit_operator.py
[2025-05-03T08:23:10.159+0000] {processor.py:766} INFO - DAG(s) dict_keys(['example_short_circuit_operator']) retrieved from /home/airflow/.local/lib/python3.7/site-packages/airflow/example_dags/example_short_circuit_operator.py
[2025-05-03T08:23:10.183+0000] {logging_mixin.py:120} INFO - [2025-05-03T08:23:10.183+0000] {dag.py:2585} INFO - Sync 1 DAGs
[2025-05-03T08:23:10.195+0000] {logging_mixin.py:120} INFO - [2025-05-03T08:23:10.195+0000] {dag.py:3340} INFO - Setting next_dagrun for example_short_circuit_operator to 2025-05-02T08:23:10.194855+00:00, run_after=2025-05-03T08:23:10.194855+00:00
[2025-05-03T08:23:10.208+0000] {processor.py:176} INFO - Processing /home/airflow/.local/lib/python3.7/site-packages/airflow/example_dags/example_short_circuit_operator.py took 0.061 seconds
[2025-05-03T09:41:37.750+0000] {processor.py:154} INFO - Started process (PID=43462) to work on /home/airflow/.local/lib/python3.7/site-packages/airflow/example_dags/example_short_circuit_operator.py
[2025-05-03T09:41:37.751+0000] {processor.py:756} INFO - Processing file /home/airflow/.local/lib/python3.7/site-packages/airflow/example_dags/example_short_circuit_operator.py for tasks to queue
[2025-05-03T09:41:37.755+0000] {logging_mixin.py:120} INFO - [2025-05-03T09:41:37.755+0000] {dagbag.py:537} INFO - Filling up the DagBag from /home/airflow/.local/lib/python3.7/site-packages/airflow/example_dags/example_short_circuit_operator.py
[2025-05-03T09:41:37.764+0000] {processor.py:766} INFO - DAG(s) dict_keys(['example_short_circuit_operator']) retrieved from /home/airflow/.local/lib/python3.7/site-packages/airflow/example_dags/example_short_circuit_operator.py
[2025-05-03T09:41:37.785+0000] {logging_mixin.py:120} INFO - [2025-05-03T09:41:37.785+0000] {dag.py:2585} INFO - Sync 1 DAGs
[2025-05-03T09:41:37.796+0000] {logging_mixin.py:120} INFO - [2025-05-03T09:41:37.796+0000] {dag.py:3340} INFO - Setting next_dagrun for example_short_circuit_operator to 2025-05-02T09:41:37.796142+00:00, run_after=2025-05-03T09:41:37.796142+00:00
[2025-05-03T09:41:37.807+0000] {processor.py:176} INFO - Processing /home/airflow/.local/lib/python3.7/site-packages/airflow/example_dags/example_short_circuit_operator.py took 0.058 seconds
[2025-05-03T10:58:27.323+0000] {processor.py:154} INFO - Started process (PID=43525) to work on /home/airflow/.local/lib/python3.7/site-packages/airflow/example_dags/example_short_circuit_operator.py
[2025-05-03T10:58:27.324+0000] {processor.py:756} INFO - Processing file /home/airflow/.local/lib/python3.7/site-packages/airflow/example_dags/example_short_circuit_operator.py for tasks to queue
[2025-05-03T10:58:27.324+0000] {logging_mixin.py:120} INFO - [2025-05-03T10:58:27.324+0000] {dagbag.py:537} INFO - Filling up the DagBag from /home/airflow/.local/lib/python3.7/site-packages/airflow/example_dags/example_short_circuit_operator.py
[2025-05-03T10:58:27.334+0000] {processor.py:766} INFO - DAG(s) dict_keys(['example_short_circuit_operator']) retrieved from /home/airflow/.local/lib/python3.7/site-packages/airflow/example_dags/example_short_circuit_operator.py
[2025-05-03T10:58:27.361+0000] {logging_mixin.py:120} INFO - [2025-05-03T10:58:27.361+0000] {dag.py:2585} INFO - Sync 1 DAGs
[2025-05-03T10:58:27.372+0000] {logging_mixin.py:120} INFO - [2025-05-03T10:58:27.372+0000] {dag.py:3340} INFO - Setting next_dagrun for example_short_circuit_operator to 2025-05-02T10:58:27.372284+00:00, run_after=2025-05-03T10:58:27.372284+00:00
[2025-05-03T10:58:27.382+0000] {processor.py:176} INFO - Processing /home/airflow/.local/lib/python3.7/site-packages/airflow/example_dags/example_short_circuit_operator.py took 0.060 seconds
[2025-05-03T11:42:14.160+0000] {processor.py:154} INFO - Started process (PID=43588) to work on /home/airflow/.local/lib/python3.7/site-packages/airflow/example_dags/example_short_circuit_operator.py
[2025-05-03T11:42:14.161+0000] {processor.py:756} INFO - Processing file /home/airflow/.local/lib/python3.7/site-packages/airflow/example_dags/example_short_circuit_operator.py for tasks to queue
[2025-05-03T11:42:14.161+0000] {logging_mixin.py:120} INFO - [2025-05-03T11:42:14.161+0000] {dagbag.py:537} INFO - Filling up the DagBag from /home/airflow/.local/lib/python3.7/site-packages/airflow/example_dags/example_short_circuit_operator.py
[2025-05-03T11:42:14.171+0000] {processor.py:766} INFO - DAG(s) dict_keys(['example_short_circuit_operator']) retrieved from /home/airflow/.local/lib/python3.7/site-packages/airflow/example_dags/example_short_circuit_operator.py
[2025-05-03T11:42:14.194+0000] {logging_mixin.py:120} INFO - [2025-05-03T11:42:14.193+0000] {dag.py:2585} INFO - Sync 1 DAGs
[2025-05-03T11:42:14.207+0000] {logging_mixin.py:120} INFO - [2025-05-03T11:42:14.207+0000] {dag.py:3340} INFO - Setting next_dagrun for example_short_circuit_operator to 2025-05-02T11:42:14.207145+00:00, run_after=2025-05-03T11:42:14.207145+00:00
[2025-05-03T11:42:14.219+0000] {processor.py:176} INFO - Processing /home/airflow/.local/lib/python3.7/site-packages/airflow/example_dags/example_short_circuit_operator.py took 0.060 seconds
[2025-05-03T12:59:19.450+0000] {processor.py:154} INFO - Started process (PID=43651) to work on /home/airflow/.local/lib/python3.7/site-packages/airflow/example_dags/example_short_circuit_operator.py
[2025-05-03T12:59:19.451+0000] {processor.py:756} INFO - Processing file /home/airflow/.local/lib/python3.7/site-packages/airflow/example_dags/example_short_circuit_operator.py for tasks to queue
[2025-05-03T12:59:19.451+0000] {logging_mixin.py:120} INFO - [2025-05-03T12:59:19.451+0000] {dagbag.py:537} INFO - Filling up the DagBag from /home/airflow/.local/lib/python3.7/site-packages/airflow/example_dags/example_short_circuit_operator.py
[2025-05-03T12:59:19.463+0000] {processor.py:766} INFO - DAG(s) dict_keys(['example_short_circuit_operator']) retrieved from /home/airflow/.local/lib/python3.7/site-packages/airflow/example_dags/example_short_circuit_operator.py
[2025-05-03T12:59:19.485+0000] {logging_mixin.py:120} INFO - [2025-05-03T12:59:19.485+0000] {dag.py:2585} INFO - Sync 1 DAGs
[2025-05-03T12:59:19.498+0000] {logging_mixin.py:120} INFO - [2025-05-03T12:59:19.498+0000] {dag.py:3340} INFO - Setting next_dagrun for example_short_circuit_operator to 2025-05-02T12:59:19.498275+00:00, run_after=2025-05-03T12:59:19.498275+00:00
[2025-05-03T12:59:19.511+0000] {processor.py:176} INFO - Processing /home/airflow/.local/lib/python3.7/site-packages/airflow/example_dags/example_short_circuit_operator.py took 0.063 seconds
[2025-05-03T13:28:30.666+0000] {processor.py:154} INFO - Started process (PID=43714) to work on /home/airflow/.local/lib/python3.7/site-packages/airflow/example_dags/example_short_circuit_operator.py
[2025-05-03T13:28:30.667+0000] {processor.py:756} INFO - Processing file /home/airflow/.local/lib/python3.7/site-packages/airflow/example_dags/example_short_circuit_operator.py for tasks to queue
[2025-05-03T13:28:30.667+0000] {logging_mixin.py:120} INFO - [2025-05-03T13:28:30.667+0000] {dagbag.py:537} INFO - Filling up the DagBag from /home/airflow/.local/lib/python3.7/site-packages/airflow/example_dags/example_short_circuit_operator.py
[2025-05-03T13:28:30.680+0000] {processor.py:766} INFO - DAG(s) dict_keys(['example_short_circuit_operator']) retrieved from /home/airflow/.local/lib/python3.7/site-packages/airflow/example_dags/example_short_circuit_operator.py
[2025-05-03T13:28:30.703+0000] {logging_mixin.py:120} INFO - [2025-05-03T13:28:30.703+0000] {dag.py:2585} INFO - Sync 1 DAGs
[2025-05-03T13:28:30.714+0000] {logging_mixin.py:120} INFO - [2025-05-03T13:28:30.714+0000] {dag.py:3340} INFO - Setting next_dagrun for example_short_circuit_operator to 2025-05-02T13:28:30.714725+00:00, run_after=2025-05-03T13:28:30.714725+00:00
[2025-05-03T13:28:30.726+0000] {processor.py:176} INFO - Processing /home/airflow/.local/lib/python3.7/site-packages/airflow/example_dags/example_short_circuit_operator.py took 0.061 seconds
[2025-05-03T13:29:07.301+0000] {processor.py:154} INFO - Started process (PID=43777) to work on /home/airflow/.local/lib/python3.7/site-packages/airflow/example_dags/example_short_circuit_operator.py
[2025-05-03T13:29:07.302+0000] {processor.py:756} INFO - Processing file /home/airflow/.local/lib/python3.7/site-packages/airflow/example_dags/example_short_circuit_operator.py for tasks to queue
[2025-05-03T13:29:07.302+0000] {logging_mixin.py:120} INFO - [2025-05-03T13:29:07.302+0000] {dagbag.py:537} INFO - Filling up the DagBag from /home/airflow/.local/lib/python3.7/site-packages/airflow/example_dags/example_short_circuit_operator.py
[2025-05-03T13:29:07.313+0000] {processor.py:766} INFO - DAG(s) dict_keys(['example_short_circuit_operator']) retrieved from /home/airflow/.local/lib/python3.7/site-packages/airflow/example_dags/example_short_circuit_operator.py
[2025-05-03T13:29:07.335+0000] {logging_mixin.py:120} INFO - [2025-05-03T13:29:07.335+0000] {dag.py:2585} INFO - Sync 1 DAGs
[2025-05-03T13:29:07.347+0000] {logging_mixin.py:120} INFO - [2025-05-03T13:29:07.346+0000] {dag.py:3340} INFO - Setting next_dagrun for example_short_circuit_operator to 2025-05-02T13:29:07.346874+00:00, run_after=2025-05-03T13:29:07.346874+00:00
[2025-05-03T13:29:07.356+0000] {processor.py:176} INFO - Processing /home/airflow/.local/lib/python3.7/site-packages/airflow/example_dags/example_short_circuit_operator.py took 0.057 seconds
[2025-05-03T14:29:09.993+0000] {processor.py:154} INFO - Started process (PID=43830) to work on /home/airflow/.local/lib/python3.7/site-packages/airflow/example_dags/example_short_circuit_operator.py
[2025-05-03T14:29:09.994+0000] {processor.py:756} INFO - Processing file /home/airflow/.local/lib/python3.7/site-packages/airflow/example_dags/example_short_circuit_operator.py for tasks to queue
[2025-05-03T14:29:09.995+0000] {logging_mixin.py:120} INFO - [2025-05-03T14:29:09.995+0000] {dagbag.py:537} INFO - Filling up the DagBag from /home/airflow/.local/lib/python3.7/site-packages/airflow/example_dags/example_short_circuit_operator.py
[2025-05-03T14:29:10.005+0000] {processor.py:766} INFO - DAG(s) dict_keys(['example_short_circuit_operator']) retrieved from /home/airflow/.local/lib/python3.7/site-packages/airflow/example_dags/example_short_circuit_operator.py
[2025-05-03T14:29:10.026+0000] {logging_mixin.py:120} INFO - [2025-05-03T14:29:10.026+0000] {dag.py:2585} INFO - Sync 1 DAGs
[2025-05-03T14:29:10.037+0000] {logging_mixin.py:120} INFO - [2025-05-03T14:29:10.037+0000] {dag.py:3340} INFO - Setting next_dagrun for example_short_circuit_operator to 2025-05-02T14:29:10.037358+00:00, run_after=2025-05-03T14:29:10.037358+00:00
[2025-05-03T14:29:10.047+0000] {processor.py:176} INFO - Processing /home/airflow/.local/lib/python3.7/site-packages/airflow/example_dags/example_short_circuit_operator.py took 0.055 seconds
[2025-05-03T15:07:53.075+0000] {processor.py:154} INFO - Started process (PID=43892) to work on /home/airflow/.local/lib/python3.7/site-packages/airflow/example_dags/example_short_circuit_operator.py
[2025-05-03T15:07:53.078+0000] {processor.py:756} INFO - Processing file /home/airflow/.local/lib/python3.7/site-packages/airflow/example_dags/example_short_circuit_operator.py for tasks to queue
[2025-05-03T15:07:53.079+0000] {logging_mixin.py:120} INFO - [2025-05-03T15:07:53.079+0000] {dagbag.py:537} INFO - Filling up the DagBag from /home/airflow/.local/lib/python3.7/site-packages/airflow/example_dags/example_short_circuit_operator.py
[2025-05-03T15:07:53.089+0000] {processor.py:766} INFO - DAG(s) dict_keys(['example_short_circuit_operator']) retrieved from /home/airflow/.local/lib/python3.7/site-packages/airflow/example_dags/example_short_circuit_operator.py
[2025-05-03T15:07:53.114+0000] {logging_mixin.py:120} INFO - [2025-05-03T15:07:53.114+0000] {dag.py:2585} INFO - Sync 1 DAGs
[2025-05-03T15:07:53.125+0000] {logging_mixin.py:120} INFO - [2025-05-03T15:07:53.125+0000] {dag.py:3340} INFO - Setting next_dagrun for example_short_circuit_operator to 2025-05-02T15:07:53.124927+00:00, run_after=2025-05-03T15:07:53.124927+00:00
[2025-05-03T15:07:53.139+0000] {processor.py:176} INFO - Processing /home/airflow/.local/lib/python3.7/site-packages/airflow/example_dags/example_short_circuit_operator.py took 0.066 seconds
[2025-05-03T16:21:02.460+0000] {processor.py:154} INFO - Started process (PID=43955) to work on /home/airflow/.local/lib/python3.7/site-packages/airflow/example_dags/example_short_circuit_operator.py
[2025-05-03T16:21:02.461+0000] {processor.py:756} INFO - Processing file /home/airflow/.local/lib/python3.7/site-packages/airflow/example_dags/example_short_circuit_operator.py for tasks to queue
[2025-05-03T16:21:02.461+0000] {logging_mixin.py:120} INFO - [2025-05-03T16:21:02.461+0000] {dagbag.py:537} INFO - Filling up the DagBag from /home/airflow/.local/lib/python3.7/site-packages/airflow/example_dags/example_short_circuit_operator.py
[2025-05-03T16:21:02.472+0000] {processor.py:766} INFO - DAG(s) dict_keys(['example_short_circuit_operator']) retrieved from /home/airflow/.local/lib/python3.7/site-packages/airflow/example_dags/example_short_circuit_operator.py
[2025-05-03T16:21:02.496+0000] {logging_mixin.py:120} INFO - [2025-05-03T16:21:02.496+0000] {dag.py:2585} INFO - Sync 1 DAGs
[2025-05-03T16:21:02.508+0000] {logging_mixin.py:120} INFO - [2025-05-03T16:21:02.508+0000] {dag.py:3340} INFO - Setting next_dagrun for example_short_circuit_operator to 2025-05-02T16:21:02.507995+00:00, run_after=2025-05-03T16:21:02.507995+00:00
[2025-05-03T16:21:02.523+0000] {processor.py:176} INFO - Processing /home/airflow/.local/lib/python3.7/site-packages/airflow/example_dags/example_short_circuit_operator.py took 0.064 seconds
[2025-05-03T16:48:04.848+0000] {processor.py:154} INFO - Started process (PID=44017) to work on /home/airflow/.local/lib/python3.7/site-packages/airflow/example_dags/example_short_circuit_operator.py
[2025-05-03T16:48:04.848+0000] {processor.py:756} INFO - Processing file /home/airflow/.local/lib/python3.7/site-packages/airflow/example_dags/example_short_circuit_operator.py for tasks to queue
[2025-05-03T16:48:04.849+0000] {logging_mixin.py:120} INFO - [2025-05-03T16:48:04.849+0000] {dagbag.py:537} INFO - Filling up the DagBag from /home/airflow/.local/lib/python3.7/site-packages/airflow/example_dags/example_short_circuit_operator.py
[2025-05-03T16:48:04.857+0000] {processor.py:766} INFO - DAG(s) dict_keys(['example_short_circuit_operator']) retrieved from /home/airflow/.local/lib/python3.7/site-packages/airflow/example_dags/example_short_circuit_operator.py
[2025-05-03T16:48:04.877+0000] {logging_mixin.py:120} INFO - [2025-05-03T16:48:04.876+0000] {dag.py:2585} INFO - Sync 1 DAGs
[2025-05-03T16:48:04.887+0000] {logging_mixin.py:120} INFO - [2025-05-03T16:48:04.887+0000] {dag.py:3340} INFO - Setting next_dagrun for example_short_circuit_operator to 2025-05-02T16:48:04.887593+00:00, run_after=2025-05-03T16:48:04.887593+00:00
[2025-05-03T16:48:04.897+0000] {processor.py:176} INFO - Processing /home/airflow/.local/lib/python3.7/site-packages/airflow/example_dags/example_short_circuit_operator.py took 0.050 seconds
[2025-05-03T18:05:53.241+0000] {processor.py:154} INFO - Started process (PID=44080) to work on /home/airflow/.local/lib/python3.7/site-packages/airflow/example_dags/example_short_circuit_operator.py
[2025-05-03T18:05:53.242+0000] {processor.py:756} INFO - Processing file /home/airflow/.local/lib/python3.7/site-packages/airflow/example_dags/example_short_circuit_operator.py for tasks to queue
[2025-05-03T18:05:53.242+0000] {logging_mixin.py:120} INFO - [2025-05-03T18:05:53.242+0000] {dagbag.py:537} INFO - Filling up the DagBag from /home/airflow/.local/lib/python3.7/site-packages/airflow/example_dags/example_short_circuit_operator.py
[2025-05-03T18:05:53.252+0000] {processor.py:766} INFO - DAG(s) dict_keys(['example_short_circuit_operator']) retrieved from /home/airflow/.local/lib/python3.7/site-packages/airflow/example_dags/example_short_circuit_operator.py
[2025-05-03T18:05:53.273+0000] {logging_mixin.py:120} INFO - [2025-05-03T18:05:53.273+0000] {dag.py:2585} INFO - Sync 1 DAGs
[2025-05-03T18:05:53.285+0000] {logging_mixin.py:120} INFO - [2025-05-03T18:05:53.285+0000] {dag.py:3340} INFO - Setting next_dagrun for example_short_circuit_operator to 2025-05-02T18:05:53.285739+00:00, run_after=2025-05-03T18:05:53.285739+00:00
[2025-05-03T18:05:53.295+0000] {processor.py:176} INFO - Processing /home/airflow/.local/lib/python3.7/site-packages/airflow/example_dags/example_short_circuit_operator.py took 0.056 seconds
[2025-05-03T19:25:56.793+0000] {processor.py:154} INFO - Started process (PID=44143) to work on /home/airflow/.local/lib/python3.7/site-packages/airflow/example_dags/example_short_circuit_operator.py
[2025-05-03T19:25:56.794+0000] {processor.py:756} INFO - Processing file /home/airflow/.local/lib/python3.7/site-packages/airflow/example_dags/example_short_circuit_operator.py for tasks to queue
[2025-05-03T19:25:56.794+0000] {logging_mixin.py:120} INFO - [2025-05-03T19:25:56.794+0000] {dagbag.py:537} INFO - Filling up the DagBag from /home/airflow/.local/lib/python3.7/site-packages/airflow/example_dags/example_short_circuit_operator.py
[2025-05-03T19:25:56.804+0000] {processor.py:766} INFO - DAG(s) dict_keys(['example_short_circuit_operator']) retrieved from /home/airflow/.local/lib/python3.7/site-packages/airflow/example_dags/example_short_circuit_operator.py
[2025-05-03T19:25:56.824+0000] {logging_mixin.py:120} INFO - [2025-05-03T19:25:56.824+0000] {dag.py:2585} INFO - Sync 1 DAGs
[2025-05-03T19:25:56.835+0000] {logging_mixin.py:120} INFO - [2025-05-03T19:25:56.835+0000] {dag.py:3340} INFO - Setting next_dagrun for example_short_circuit_operator to 2025-05-02T19:25:56.835732+00:00, run_after=2025-05-03T19:25:56.835732+00:00
[2025-05-03T19:25:56.847+0000] {processor.py:176} INFO - Processing /home/airflow/.local/lib/python3.7/site-packages/airflow/example_dags/example_short_circuit_operator.py took 0.055 seconds
[2025-05-03T20:07:04.124+0000] {processor.py:154} INFO - Started process (PID=44203) to work on /home/airflow/.local/lib/python3.7/site-packages/airflow/example_dags/example_short_circuit_operator.py
[2025-05-03T20:07:04.125+0000] {processor.py:756} INFO - Processing file /home/airflow/.local/lib/python3.7/site-packages/airflow/example_dags/example_short_circuit_operator.py for tasks to queue
[2025-05-03T20:07:04.126+0000] {logging_mixin.py:120} INFO - [2025-05-03T20:07:04.126+0000] {dagbag.py:537} INFO - Filling up the DagBag from /home/airflow/.local/lib/python3.7/site-packages/airflow/example_dags/example_short_circuit_operator.py
[2025-05-03T20:07:04.138+0000] {processor.py:766} INFO - DAG(s) dict_keys(['example_short_circuit_operator']) retrieved from /home/airflow/.local/lib/python3.7/site-packages/airflow/example_dags/example_short_circuit_operator.py
[2025-05-03T20:07:04.168+0000] {logging_mixin.py:120} INFO - [2025-05-03T20:07:04.168+0000] {dag.py:2585} INFO - Sync 1 DAGs
[2025-05-03T20:07:04.183+0000] {logging_mixin.py:120} INFO - [2025-05-03T20:07:04.183+0000] {dag.py:3340} INFO - Setting next_dagrun for example_short_circuit_operator to 2025-05-02T20:07:04.183544+00:00, run_after=2025-05-03T20:07:04.183544+00:00
[2025-05-03T20:07:04.211+0000] {processor.py:176} INFO - Processing /home/airflow/.local/lib/python3.7/site-packages/airflow/example_dags/example_short_circuit_operator.py took 0.089 seconds
[2025-05-03T21:36:12.703+0000] {processor.py:154} INFO - Started process (PID=44259) to work on /home/airflow/.local/lib/python3.7/site-packages/airflow/example_dags/example_short_circuit_operator.py
[2025-05-03T21:36:12.704+0000] {processor.py:756} INFO - Processing file /home/airflow/.local/lib/python3.7/site-packages/airflow/example_dags/example_short_circuit_operator.py for tasks to queue
[2025-05-03T21:36:12.704+0000] {logging_mixin.py:120} INFO - [2025-05-03T21:36:12.704+0000] {dagbag.py:537} INFO - Filling up the DagBag from /home/airflow/.local/lib/python3.7/site-packages/airflow/example_dags/example_short_circuit_operator.py
[2025-05-03T21:36:12.715+0000] {processor.py:766} INFO - DAG(s) dict_keys(['example_short_circuit_operator']) retrieved from /home/airflow/.local/lib/python3.7/site-packages/airflow/example_dags/example_short_circuit_operator.py
[2025-05-03T21:36:12.739+0000] {logging_mixin.py:120} INFO - [2025-05-03T21:36:12.738+0000] {dag.py:2585} INFO - Sync 1 DAGs
[2025-05-03T21:36:12.749+0000] {logging_mixin.py:120} INFO - [2025-05-03T21:36:12.749+0000] {dag.py:3340} INFO - Setting next_dagrun for example_short_circuit_operator to 2025-05-02T21:36:12.748928+00:00, run_after=2025-05-03T21:36:12.748928+00:00
[2025-05-03T21:36:12.758+0000] {processor.py:176} INFO - Processing /home/airflow/.local/lib/python3.7/site-packages/airflow/example_dags/example_short_circuit_operator.py took 0.056 seconds
[2025-05-03T22:19:51.766+0000] {processor.py:154} INFO - Started process (PID=44322) to work on /home/airflow/.local/lib/python3.7/site-packages/airflow/example_dags/example_short_circuit_operator.py
[2025-05-03T22:19:51.766+0000] {processor.py:756} INFO - Processing file /home/airflow/.local/lib/python3.7/site-packages/airflow/example_dags/example_short_circuit_operator.py for tasks to queue
[2025-05-03T22:19:51.767+0000] {logging_mixin.py:120} INFO - [2025-05-03T22:19:51.767+0000] {dagbag.py:537} INFO - Filling up the DagBag from /home/airflow/.local/lib/python3.7/site-packages/airflow/example_dags/example_short_circuit_operator.py
[2025-05-03T22:19:51.776+0000] {processor.py:766} INFO - DAG(s) dict_keys(['example_short_circuit_operator']) retrieved from /home/airflow/.local/lib/python3.7/site-packages/airflow/example_dags/example_short_circuit_operator.py
[2025-05-03T22:19:51.799+0000] {logging_mixin.py:120} INFO - [2025-05-03T22:19:51.799+0000] {dag.py:2585} INFO - Sync 1 DAGs
[2025-05-03T22:19:51.811+0000] {logging_mixin.py:120} INFO - [2025-05-03T22:19:51.811+0000] {dag.py:3340} INFO - Setting next_dagrun for example_short_circuit_operator to 2025-05-02T22:19:51.811286+00:00, run_after=2025-05-03T22:19:51.811286+00:00
[2025-05-03T22:19:51.823+0000] {processor.py:176} INFO - Processing /home/airflow/.local/lib/python3.7/site-packages/airflow/example_dags/example_short_circuit_operator.py took 0.058 seconds
[2025-05-03T23:04:44.757+0000] {processor.py:154} INFO - Started process (PID=44385) to work on /home/airflow/.local/lib/python3.7/site-packages/airflow/example_dags/example_short_circuit_operator.py
[2025-05-03T23:04:44.758+0000] {processor.py:756} INFO - Processing file /home/airflow/.local/lib/python3.7/site-packages/airflow/example_dags/example_short_circuit_operator.py for tasks to queue
[2025-05-03T23:04:44.758+0000] {logging_mixin.py:120} INFO - [2025-05-03T23:04:44.758+0000] {dagbag.py:537} INFO - Filling up the DagBag from /home/airflow/.local/lib/python3.7/site-packages/airflow/example_dags/example_short_circuit_operator.py
[2025-05-03T23:04:44.768+0000] {processor.py:766} INFO - DAG(s) dict_keys(['example_short_circuit_operator']) retrieved from /home/airflow/.local/lib/python3.7/site-packages/airflow/example_dags/example_short_circuit_operator.py
[2025-05-03T23:04:44.790+0000] {logging_mixin.py:120} INFO - [2025-05-03T23:04:44.790+0000] {dag.py:2585} INFO - Sync 1 DAGs
[2025-05-03T23:04:44.802+0000] {logging_mixin.py:120} INFO - [2025-05-03T23:04:44.802+0000] {dag.py:3340} INFO - Setting next_dagrun for example_short_circuit_operator to 2025-05-02T23:04:44.801941+00:00, run_after=2025-05-03T23:04:44.801941+00:00
[2025-05-03T23:04:44.813+0000] {processor.py:176} INFO - Processing /home/airflow/.local/lib/python3.7/site-packages/airflow/example_dags/example_short_circuit_operator.py took 0.058 seconds
[2025-05-03T23:22:07.040+0000] {processor.py:154} INFO - Started process (PID=44447) to work on /home/airflow/.local/lib/python3.7/site-packages/airflow/example_dags/example_short_circuit_operator.py
[2025-05-03T23:22:07.041+0000] {processor.py:756} INFO - Processing file /home/airflow/.local/lib/python3.7/site-packages/airflow/example_dags/example_short_circuit_operator.py for tasks to queue
[2025-05-03T23:22:07.042+0000] {logging_mixin.py:120} INFO - [2025-05-03T23:22:07.042+0000] {dagbag.py:537} INFO - Filling up the DagBag from /home/airflow/.local/lib/python3.7/site-packages/airflow/example_dags/example_short_circuit_operator.py
[2025-05-03T23:22:07.052+0000] {processor.py:766} INFO - DAG(s) dict_keys(['example_short_circuit_operator']) retrieved from /home/airflow/.local/lib/python3.7/site-packages/airflow/example_dags/example_short_circuit_operator.py
[2025-05-03T23:22:07.074+0000] {logging_mixin.py:120} INFO - [2025-05-03T23:22:07.074+0000] {dag.py:2585} INFO - Sync 1 DAGs
[2025-05-03T23:22:07.085+0000] {logging_mixin.py:120} INFO - [2025-05-03T23:22:07.084+0000] {dag.py:3340} INFO - Setting next_dagrun for example_short_circuit_operator to 2025-05-02T23:22:07.084881+00:00, run_after=2025-05-03T23:22:07.084881+00:00
[2025-05-03T23:22:07.093+0000] {processor.py:176} INFO - Processing /home/airflow/.local/lib/python3.7/site-packages/airflow/example_dags/example_short_circuit_operator.py took 0.054 seconds
[2025-05-03T23:38:28.381+0000] {processor.py:154} INFO - Started process (PID=44510) to work on /home/airflow/.local/lib/python3.7/site-packages/airflow/example_dags/example_short_circuit_operator.py
[2025-05-03T23:38:28.382+0000] {processor.py:756} INFO - Processing file /home/airflow/.local/lib/python3.7/site-packages/airflow/example_dags/example_short_circuit_operator.py for tasks to queue
[2025-05-03T23:38:28.382+0000] {logging_mixin.py:120} INFO - [2025-05-03T23:38:28.382+0000] {dagbag.py:537} INFO - Filling up the DagBag from /home/airflow/.local/lib/python3.7/site-packages/airflow/example_dags/example_short_circuit_operator.py
[2025-05-03T23:38:28.391+0000] {processor.py:766} INFO - DAG(s) dict_keys(['example_short_circuit_operator']) retrieved from /home/airflow/.local/lib/python3.7/site-packages/airflow/example_dags/example_short_circuit_operator.py
[2025-05-03T23:38:28.412+0000] {logging_mixin.py:120} INFO - [2025-05-03T23:38:28.412+0000] {dag.py:2585} INFO - Sync 1 DAGs
[2025-05-03T23:38:28.424+0000] {logging_mixin.py:120} INFO - [2025-05-03T23:38:28.424+0000] {dag.py:3340} INFO - Setting next_dagrun for example_short_circuit_operator to 2025-05-02T23:38:28.424170+00:00, run_after=2025-05-03T23:38:28.424170+00:00
[2025-05-03T23:38:28.431+0000] {processor.py:176} INFO - Processing /home/airflow/.local/lib/python3.7/site-packages/airflow/example_dags/example_short_circuit_operator.py took 0.052 seconds
[2025-05-03T23:56:23.651+0000] {processor.py:154} INFO - Started process (PID=44570) to work on /home/airflow/.local/lib/python3.7/site-packages/airflow/example_dags/example_short_circuit_operator.py
[2025-05-03T23:56:23.652+0000] {processor.py:756} INFO - Processing file /home/airflow/.local/lib/python3.7/site-packages/airflow/example_dags/example_short_circuit_operator.py for tasks to queue
[2025-05-03T23:56:23.652+0000] {logging_mixin.py:120} INFO - [2025-05-03T23:56:23.652+0000] {dagbag.py:537} INFO - Filling up the DagBag from /home/airflow/.local/lib/python3.7/site-packages/airflow/example_dags/example_short_circuit_operator.py
[2025-05-03T23:56:23.662+0000] {processor.py:766} INFO - DAG(s) dict_keys(['example_short_circuit_operator']) retrieved from /home/airflow/.local/lib/python3.7/site-packages/airflow/example_dags/example_short_circuit_operator.py
[2025-05-03T23:56:23.685+0000] {logging_mixin.py:120} INFO - [2025-05-03T23:56:23.685+0000] {dag.py:2585} INFO - Sync 1 DAGs
[2025-05-03T23:56:23.698+0000] {logging_mixin.py:120} INFO - [2025-05-03T23:56:23.698+0000] {dag.py:3340} INFO - Setting next_dagrun for example_short_circuit_operator to 2025-05-02T23:56:23.698020+00:00, run_after=2025-05-03T23:56:23.698020+00:00
[2025-05-03T23:56:23.709+0000] {processor.py:176} INFO - Processing /home/airflow/.local/lib/python3.7/site-packages/airflow/example_dags/example_short_circuit_operator.py took 0.059 seconds
