[2025-05-03T00:29:30.865+0000] {processor.py:154} INFO - Started process (PID=42608) to work on /home/airflow/.local/lib/python3.7/site-packages/airflow/example_dags/example_complex.py
[2025-05-03T00:29:30.866+0000] {processor.py:756} INFO - Processing file /home/airflow/.local/lib/python3.7/site-packages/airflow/example_dags/example_complex.py for tasks to queue
[2025-05-03T00:29:30.866+0000] {logging_mixin.py:120} INFO - [2025-05-03T00:29:30.866+0000] {dagbag.py:537} INFO - Filling up the DagBag from /home/airflow/.local/lib/python3.7/site-packages/airflow/example_dags/example_complex.py
[2025-05-03T00:29:30.873+0000] {logging_mixin.py:120} INFO - [2025-05-03T00:29:30.873+0000] {taskmixin.py:205} WARNING - Dependency <Task(BashOperator): create_entry_group>, delete_entry_group already registered for DAG: example_complex
[2025-05-03T00:29:30.873+0000] {logging_mixin.py:120} INFO - [2025-05-03T00:29:30.873+0000] {taskmixin.py:205} WARNING - Dependency <Task(BashOperator): delete_entry_group>, create_entry_group already registered for DAG: example_complex
[2025-05-03T00:29:30.874+0000] {logging_mixin.py:120} INFO - [2025-05-03T00:29:30.874+0000] {taskmixin.py:205} WARNING - Dependency <Task(BashOperator): create_entry_gcs>, delete_entry already registered for DAG: example_complex
[2025-05-03T00:29:30.874+0000] {logging_mixin.py:120} INFO - [2025-05-03T00:29:30.874+0000] {taskmixin.py:205} WARNING - Dependency <Task(BashOperator): delete_entry>, create_entry_gcs already registered for DAG: example_complex
[2025-05-03T00:29:30.874+0000] {logging_mixin.py:120} INFO - [2025-05-03T00:29:30.874+0000] {taskmixin.py:205} WARNING - Dependency <Task(BashOperator): create_tag>, delete_tag already registered for DAG: example_complex
[2025-05-03T00:29:30.876+0000] {logging_mixin.py:120} INFO - [2025-05-03T00:29:30.876+0000] {taskmixin.py:205} WARNING - Dependency <Task(BashOperator): delete_tag>, create_tag already registered for DAG: example_complex
[2025-05-03T00:29:30.880+0000] {processor.py:766} INFO - DAG(s) dict_keys(['example_complex']) retrieved from /home/airflow/.local/lib/python3.7/site-packages/airflow/example_dags/example_complex.py
[2025-05-03T00:29:30.902+0000] {logging_mixin.py:120} INFO - [2025-05-03T00:29:30.902+0000] {dag.py:2585} INFO - Sync 1 DAGs
[2025-05-03T00:29:30.914+0000] {logging_mixin.py:120} INFO - [2025-05-03T00:29:30.914+0000] {dag.py:3340} INFO - Setting next_dagrun for example_complex to None, run_after=None
[2025-05-03T00:29:30.927+0000] {processor.py:176} INFO - Processing /home/airflow/.local/lib/python3.7/site-packages/airflow/example_dags/example_complex.py took 0.063 seconds
[2025-05-03T00:52:39.096+0000] {processor.py:154} INFO - Started process (PID=42662) to work on /home/airflow/.local/lib/python3.7/site-packages/airflow/example_dags/example_complex.py
[2025-05-03T00:52:39.096+0000] {processor.py:756} INFO - Processing file /home/airflow/.local/lib/python3.7/site-packages/airflow/example_dags/example_complex.py for tasks to queue
[2025-05-03T00:52:39.097+0000] {logging_mixin.py:120} INFO - [2025-05-03T00:52:39.097+0000] {dagbag.py:537} INFO - Filling up the DagBag from /home/airflow/.local/lib/python3.7/site-packages/airflow/example_dags/example_complex.py
[2025-05-03T00:52:39.108+0000] {logging_mixin.py:120} INFO - [2025-05-03T00:52:39.108+0000] {taskmixin.py:205} WARNING - Dependency <Task(BashOperator): create_entry_group>, delete_entry_group already registered for DAG: example_complex
[2025-05-03T00:52:39.111+0000] {logging_mixin.py:120} INFO - [2025-05-03T00:52:39.111+0000] {taskmixin.py:205} WARNING - Dependency <Task(BashOperator): delete_entry_group>, create_entry_group already registered for DAG: example_complex
[2025-05-03T00:52:39.114+0000] {logging_mixin.py:120} INFO - [2025-05-03T00:52:39.114+0000] {taskmixin.py:205} WARNING - Dependency <Task(BashOperator): create_entry_gcs>, delete_entry already registered for DAG: example_complex
[2025-05-03T00:52:39.115+0000] {logging_mixin.py:120} INFO - [2025-05-03T00:52:39.115+0000] {taskmixin.py:205} WARNING - Dependency <Task(BashOperator): delete_entry>, create_entry_gcs already registered for DAG: example_complex
[2025-05-03T00:52:39.116+0000] {logging_mixin.py:120} INFO - [2025-05-03T00:52:39.116+0000] {taskmixin.py:205} WARNING - Dependency <Task(BashOperator): create_tag>, delete_tag already registered for DAG: example_complex
[2025-05-03T00:52:39.116+0000] {logging_mixin.py:120} INFO - [2025-05-03T00:52:39.116+0000] {taskmixin.py:205} WARNING - Dependency <Task(BashOperator): delete_tag>, create_tag already registered for DAG: example_complex
[2025-05-03T00:52:39.120+0000] {processor.py:766} INFO - DAG(s) dict_keys(['example_complex']) retrieved from /home/airflow/.local/lib/python3.7/site-packages/airflow/example_dags/example_complex.py
[2025-05-03T00:52:39.140+0000] {logging_mixin.py:120} INFO - [2025-05-03T00:52:39.140+0000] {dag.py:2585} INFO - Sync 1 DAGs
[2025-05-03T00:52:39.149+0000] {logging_mixin.py:120} INFO - [2025-05-03T00:52:39.149+0000] {dag.py:3340} INFO - Setting next_dagrun for example_complex to None, run_after=None
[2025-05-03T00:52:39.158+0000] {processor.py:176} INFO - Processing /home/airflow/.local/lib/python3.7/site-packages/airflow/example_dags/example_complex.py took 0.064 seconds
[2025-05-03T01:16:07.510+0000] {processor.py:154} INFO - Started process (PID=42725) to work on /home/airflow/.local/lib/python3.7/site-packages/airflow/example_dags/example_complex.py
[2025-05-03T01:16:07.510+0000] {processor.py:756} INFO - Processing file /home/airflow/.local/lib/python3.7/site-packages/airflow/example_dags/example_complex.py for tasks to queue
[2025-05-03T01:16:07.511+0000] {logging_mixin.py:120} INFO - [2025-05-03T01:16:07.511+0000] {dagbag.py:537} INFO - Filling up the DagBag from /home/airflow/.local/lib/python3.7/site-packages/airflow/example_dags/example_complex.py
[2025-05-03T01:16:07.517+0000] {logging_mixin.py:120} INFO - [2025-05-03T01:16:07.517+0000] {taskmixin.py:205} WARNING - Dependency <Task(BashOperator): create_entry_group>, delete_entry_group already registered for DAG: example_complex
[2025-05-03T01:16:07.517+0000] {logging_mixin.py:120} INFO - [2025-05-03T01:16:07.517+0000] {taskmixin.py:205} WARNING - Dependency <Task(BashOperator): delete_entry_group>, create_entry_group already registered for DAG: example_complex
[2025-05-03T01:16:07.517+0000] {logging_mixin.py:120} INFO - [2025-05-03T01:16:07.517+0000] {taskmixin.py:205} WARNING - Dependency <Task(BashOperator): create_entry_gcs>, delete_entry already registered for DAG: example_complex
[2025-05-03T01:16:07.517+0000] {logging_mixin.py:120} INFO - [2025-05-03T01:16:07.517+0000] {taskmixin.py:205} WARNING - Dependency <Task(BashOperator): delete_entry>, create_entry_gcs already registered for DAG: example_complex
[2025-05-03T01:16:07.517+0000] {logging_mixin.py:120} INFO - [2025-05-03T01:16:07.517+0000] {taskmixin.py:205} WARNING - Dependency <Task(BashOperator): create_tag>, delete_tag already registered for DAG: example_complex
[2025-05-03T01:16:07.518+0000] {logging_mixin.py:120} INFO - [2025-05-03T01:16:07.517+0000] {taskmixin.py:205} WARNING - Dependency <Task(BashOperator): delete_tag>, create_tag already registered for DAG: example_complex
[2025-05-03T01:16:07.521+0000] {processor.py:766} INFO - DAG(s) dict_keys(['example_complex']) retrieved from /home/airflow/.local/lib/python3.7/site-packages/airflow/example_dags/example_complex.py
[2025-05-03T01:16:07.543+0000] {logging_mixin.py:120} INFO - [2025-05-03T01:16:07.543+0000] {dag.py:2585} INFO - Sync 1 DAGs
[2025-05-03T01:16:07.558+0000] {logging_mixin.py:120} INFO - [2025-05-03T01:16:07.558+0000] {dag.py:3340} INFO - Setting next_dagrun for example_complex to None, run_after=None
[2025-05-03T01:16:07.568+0000] {processor.py:176} INFO - Processing /home/airflow/.local/lib/python3.7/site-packages/airflow/example_dags/example_complex.py took 0.060 seconds
[2025-05-03T01:19:52.012+0000] {processor.py:154} INFO - Started process (PID=42787) to work on /home/airflow/.local/lib/python3.7/site-packages/airflow/example_dags/example_complex.py
[2025-05-03T01:19:52.012+0000] {processor.py:756} INFO - Processing file /home/airflow/.local/lib/python3.7/site-packages/airflow/example_dags/example_complex.py for tasks to queue
[2025-05-03T01:19:52.013+0000] {logging_mixin.py:120} INFO - [2025-05-03T01:19:52.013+0000] {dagbag.py:537} INFO - Filling up the DagBag from /home/airflow/.local/lib/python3.7/site-packages/airflow/example_dags/example_complex.py
[2025-05-03T01:19:52.022+0000] {logging_mixin.py:120} INFO - [2025-05-03T01:19:52.021+0000] {taskmixin.py:205} WARNING - Dependency <Task(BashOperator): create_entry_group>, delete_entry_group already registered for DAG: example_complex
[2025-05-03T01:19:52.023+0000] {logging_mixin.py:120} INFO - [2025-05-03T01:19:52.023+0000] {taskmixin.py:205} WARNING - Dependency <Task(BashOperator): delete_entry_group>, create_entry_group already registered for DAG: example_complex
[2025-05-03T01:19:52.024+0000] {logging_mixin.py:120} INFO - [2025-05-03T01:19:52.024+0000] {taskmixin.py:205} WARNING - Dependency <Task(BashOperator): create_entry_gcs>, delete_entry already registered for DAG: example_complex
[2025-05-03T01:19:52.024+0000] {logging_mixin.py:120} INFO - [2025-05-03T01:19:52.024+0000] {taskmixin.py:205} WARNING - Dependency <Task(BashOperator): delete_entry>, create_entry_gcs already registered for DAG: example_complex
[2025-05-03T01:19:52.024+0000] {logging_mixin.py:120} INFO - [2025-05-03T01:19:52.024+0000] {taskmixin.py:205} WARNING - Dependency <Task(BashOperator): create_tag>, delete_tag already registered for DAG: example_complex
[2025-05-03T01:19:52.024+0000] {logging_mixin.py:120} INFO - [2025-05-03T01:19:52.024+0000] {taskmixin.py:205} WARNING - Dependency <Task(BashOperator): delete_tag>, create_tag already registered for DAG: example_complex
[2025-05-03T01:19:52.028+0000] {processor.py:766} INFO - DAG(s) dict_keys(['example_complex']) retrieved from /home/airflow/.local/lib/python3.7/site-packages/airflow/example_dags/example_complex.py
[2025-05-03T01:19:52.054+0000] {logging_mixin.py:120} INFO - [2025-05-03T01:19:52.054+0000] {dag.py:2585} INFO - Sync 1 DAGs
[2025-05-03T01:19:52.067+0000] {logging_mixin.py:120} INFO - [2025-05-03T01:19:52.066+0000] {dag.py:3340} INFO - Setting next_dagrun for example_complex to None, run_after=None
[2025-05-03T01:19:52.082+0000] {processor.py:176} INFO - Processing /home/airflow/.local/lib/python3.7/site-packages/airflow/example_dags/example_complex.py took 0.072 seconds
[2025-05-03T01:24:03.743+0000] {processor.py:154} INFO - Started process (PID=42849) to work on /home/airflow/.local/lib/python3.7/site-packages/airflow/example_dags/example_complex.py
[2025-05-03T01:24:03.744+0000] {processor.py:756} INFO - Processing file /home/airflow/.local/lib/python3.7/site-packages/airflow/example_dags/example_complex.py for tasks to queue
[2025-05-03T01:24:03.744+0000] {logging_mixin.py:120} INFO - [2025-05-03T01:24:03.744+0000] {dagbag.py:537} INFO - Filling up the DagBag from /home/airflow/.local/lib/python3.7/site-packages/airflow/example_dags/example_complex.py
[2025-05-03T01:24:03.753+0000] {logging_mixin.py:120} INFO - [2025-05-03T01:24:03.753+0000] {taskmixin.py:205} WARNING - Dependency <Task(BashOperator): create_entry_group>, delete_entry_group already registered for DAG: example_complex
[2025-05-03T01:24:03.753+0000] {logging_mixin.py:120} INFO - [2025-05-03T01:24:03.753+0000] {taskmixin.py:205} WARNING - Dependency <Task(BashOperator): delete_entry_group>, create_entry_group already registered for DAG: example_complex
[2025-05-03T01:24:03.753+0000] {logging_mixin.py:120} INFO - [2025-05-03T01:24:03.753+0000] {taskmixin.py:205} WARNING - Dependency <Task(BashOperator): create_entry_gcs>, delete_entry already registered for DAG: example_complex
[2025-05-03T01:24:03.753+0000] {logging_mixin.py:120} INFO - [2025-05-03T01:24:03.753+0000] {taskmixin.py:205} WARNING - Dependency <Task(BashOperator): delete_entry>, create_entry_gcs already registered for DAG: example_complex
[2025-05-03T01:24:03.753+0000] {logging_mixin.py:120} INFO - [2025-05-03T01:24:03.753+0000] {taskmixin.py:205} WARNING - Dependency <Task(BashOperator): create_tag>, delete_tag already registered for DAG: example_complex
[2025-05-03T01:24:03.753+0000] {logging_mixin.py:120} INFO - [2025-05-03T01:24:03.753+0000] {taskmixin.py:205} WARNING - Dependency <Task(BashOperator): delete_tag>, create_tag already registered for DAG: example_complex
[2025-05-03T01:24:03.757+0000] {processor.py:766} INFO - DAG(s) dict_keys(['example_complex']) retrieved from /home/airflow/.local/lib/python3.7/site-packages/airflow/example_dags/example_complex.py
[2025-05-03T01:24:03.779+0000] {logging_mixin.py:120} INFO - [2025-05-03T01:24:03.779+0000] {dag.py:2585} INFO - Sync 1 DAGs
[2025-05-03T01:24:03.790+0000] {logging_mixin.py:120} INFO - [2025-05-03T01:24:03.790+0000] {dag.py:3340} INFO - Setting next_dagrun for example_complex to None, run_after=None
[2025-05-03T01:24:03.800+0000] {processor.py:176} INFO - Processing /home/airflow/.local/lib/python3.7/site-packages/airflow/example_dags/example_complex.py took 0.059 seconds
[2025-05-03T02:06:31.731+0000] {processor.py:154} INFO - Started process (PID=42912) to work on /home/airflow/.local/lib/python3.7/site-packages/airflow/example_dags/example_complex.py
[2025-05-03T02:06:31.732+0000] {processor.py:756} INFO - Processing file /home/airflow/.local/lib/python3.7/site-packages/airflow/example_dags/example_complex.py for tasks to queue
[2025-05-03T02:06:31.732+0000] {logging_mixin.py:120} INFO - [2025-05-03T02:06:31.732+0000] {dagbag.py:537} INFO - Filling up the DagBag from /home/airflow/.local/lib/python3.7/site-packages/airflow/example_dags/example_complex.py
[2025-05-03T02:06:31.739+0000] {logging_mixin.py:120} INFO - [2025-05-03T02:06:31.739+0000] {taskmixin.py:205} WARNING - Dependency <Task(BashOperator): create_entry_group>, delete_entry_group already registered for DAG: example_complex
[2025-05-03T02:06:31.741+0000] {logging_mixin.py:120} INFO - [2025-05-03T02:06:31.741+0000] {taskmixin.py:205} WARNING - Dependency <Task(BashOperator): delete_entry_group>, create_entry_group already registered for DAG: example_complex
[2025-05-03T02:06:31.742+0000] {logging_mixin.py:120} INFO - [2025-05-03T02:06:31.742+0000] {taskmixin.py:205} WARNING - Dependency <Task(BashOperator): create_entry_gcs>, delete_entry already registered for DAG: example_complex
[2025-05-03T02:06:31.743+0000] {logging_mixin.py:120} INFO - [2025-05-03T02:06:31.743+0000] {taskmixin.py:205} WARNING - Dependency <Task(BashOperator): delete_entry>, create_entry_gcs already registered for DAG: example_complex
[2025-05-03T02:06:31.743+0000] {logging_mixin.py:120} INFO - [2025-05-03T02:06:31.743+0000] {taskmixin.py:205} WARNING - Dependency <Task(BashOperator): create_tag>, delete_tag already registered for DAG: example_complex
[2025-05-03T02:06:31.744+0000] {logging_mixin.py:120} INFO - [2025-05-03T02:06:31.744+0000] {taskmixin.py:205} WARNING - Dependency <Task(BashOperator): delete_tag>, create_tag already registered for DAG: example_complex
[2025-05-03T02:06:31.752+0000] {processor.py:766} INFO - DAG(s) dict_keys(['example_complex']) retrieved from /home/airflow/.local/lib/python3.7/site-packages/airflow/example_dags/example_complex.py
[2025-05-03T02:06:31.775+0000] {logging_mixin.py:120} INFO - [2025-05-03T02:06:31.775+0000] {dag.py:2585} INFO - Sync 1 DAGs
[2025-05-03T02:06:31.789+0000] {logging_mixin.py:120} INFO - [2025-05-03T02:06:31.789+0000] {dag.py:3340} INFO - Setting next_dagrun for example_complex to None, run_after=None
[2025-05-03T02:06:31.797+0000] {processor.py:176} INFO - Processing /home/airflow/.local/lib/python3.7/site-packages/airflow/example_dags/example_complex.py took 0.068 seconds
[2025-05-03T02:48:23.243+0000] {processor.py:154} INFO - Started process (PID=42975) to work on /home/airflow/.local/lib/python3.7/site-packages/airflow/example_dags/example_complex.py
[2025-05-03T02:48:23.244+0000] {processor.py:756} INFO - Processing file /home/airflow/.local/lib/python3.7/site-packages/airflow/example_dags/example_complex.py for tasks to queue
[2025-05-03T02:48:23.245+0000] {logging_mixin.py:120} INFO - [2025-05-03T02:48:23.245+0000] {dagbag.py:537} INFO - Filling up the DagBag from /home/airflow/.local/lib/python3.7/site-packages/airflow/example_dags/example_complex.py
[2025-05-03T02:48:23.257+0000] {logging_mixin.py:120} INFO - [2025-05-03T02:48:23.257+0000] {taskmixin.py:205} WARNING - Dependency <Task(BashOperator): create_entry_group>, delete_entry_group already registered for DAG: example_complex
[2025-05-03T02:48:23.258+0000] {logging_mixin.py:120} INFO - [2025-05-03T02:48:23.258+0000] {taskmixin.py:205} WARNING - Dependency <Task(BashOperator): delete_entry_group>, create_entry_group already registered for DAG: example_complex
[2025-05-03T02:48:23.258+0000] {logging_mixin.py:120} INFO - [2025-05-03T02:48:23.258+0000] {taskmixin.py:205} WARNING - Dependency <Task(BashOperator): create_entry_gcs>, delete_entry already registered for DAG: example_complex
[2025-05-03T02:48:23.258+0000] {logging_mixin.py:120} INFO - [2025-05-03T02:48:23.258+0000] {taskmixin.py:205} WARNING - Dependency <Task(BashOperator): delete_entry>, create_entry_gcs already registered for DAG: example_complex
[2025-05-03T02:48:23.258+0000] {logging_mixin.py:120} INFO - [2025-05-03T02:48:23.258+0000] {taskmixin.py:205} WARNING - Dependency <Task(BashOperator): create_tag>, delete_tag already registered for DAG: example_complex
[2025-05-03T02:48:23.258+0000] {logging_mixin.py:120} INFO - [2025-05-03T02:48:23.258+0000] {taskmixin.py:205} WARNING - Dependency <Task(BashOperator): delete_tag>, create_tag already registered for DAG: example_complex
[2025-05-03T02:48:23.262+0000] {processor.py:766} INFO - DAG(s) dict_keys(['example_complex']) retrieved from /home/airflow/.local/lib/python3.7/site-packages/airflow/example_dags/example_complex.py
[2025-05-03T02:48:23.289+0000] {logging_mixin.py:120} INFO - [2025-05-03T02:48:23.289+0000] {dag.py:2585} INFO - Sync 1 DAGs
[2025-05-03T02:48:23.300+0000] {logging_mixin.py:120} INFO - [2025-05-03T02:48:23.300+0000] {dag.py:3340} INFO - Setting next_dagrun for example_complex to None, run_after=None
[2025-05-03T02:48:23.312+0000] {processor.py:176} INFO - Processing /home/airflow/.local/lib/python3.7/site-packages/airflow/example_dags/example_complex.py took 0.072 seconds
[2025-05-03T03:21:19.325+0000] {processor.py:154} INFO - Started process (PID=43029) to work on /home/airflow/.local/lib/python3.7/site-packages/airflow/example_dags/example_complex.py
[2025-05-03T03:21:19.326+0000] {processor.py:756} INFO - Processing file /home/airflow/.local/lib/python3.7/site-packages/airflow/example_dags/example_complex.py for tasks to queue
[2025-05-03T03:21:19.326+0000] {logging_mixin.py:120} INFO - [2025-05-03T03:21:19.326+0000] {dagbag.py:537} INFO - Filling up the DagBag from /home/airflow/.local/lib/python3.7/site-packages/airflow/example_dags/example_complex.py
[2025-05-03T03:21:19.334+0000] {logging_mixin.py:120} INFO - [2025-05-03T03:21:19.334+0000] {taskmixin.py:205} WARNING - Dependency <Task(BashOperator): create_entry_group>, delete_entry_group already registered for DAG: example_complex
[2025-05-03T03:21:19.334+0000] {logging_mixin.py:120} INFO - [2025-05-03T03:21:19.334+0000] {taskmixin.py:205} WARNING - Dependency <Task(BashOperator): delete_entry_group>, create_entry_group already registered for DAG: example_complex
[2025-05-03T03:21:19.335+0000] {logging_mixin.py:120} INFO - [2025-05-03T03:21:19.335+0000] {taskmixin.py:205} WARNING - Dependency <Task(BashOperator): create_entry_gcs>, delete_entry already registered for DAG: example_complex
[2025-05-03T03:21:19.336+0000] {logging_mixin.py:120} INFO - [2025-05-03T03:21:19.336+0000] {taskmixin.py:205} WARNING - Dependency <Task(BashOperator): delete_entry>, create_entry_gcs already registered for DAG: example_complex
[2025-05-03T03:21:19.337+0000] {logging_mixin.py:120} INFO - [2025-05-03T03:21:19.337+0000] {taskmixin.py:205} WARNING - Dependency <Task(BashOperator): create_tag>, delete_tag already registered for DAG: example_complex
[2025-05-03T03:21:19.338+0000] {logging_mixin.py:120} INFO - [2025-05-03T03:21:19.338+0000] {taskmixin.py:205} WARNING - Dependency <Task(BashOperator): delete_tag>, create_tag already registered for DAG: example_complex
[2025-05-03T03:21:19.344+0000] {processor.py:766} INFO - DAG(s) dict_keys(['example_complex']) retrieved from /home/airflow/.local/lib/python3.7/site-packages/airflow/example_dags/example_complex.py
[2025-05-03T03:21:19.368+0000] {logging_mixin.py:120} INFO - [2025-05-03T03:21:19.368+0000] {dag.py:2585} INFO - Sync 1 DAGs
[2025-05-03T03:21:19.377+0000] {logging_mixin.py:120} INFO - [2025-05-03T03:21:19.377+0000] {dag.py:3340} INFO - Setting next_dagrun for example_complex to None, run_after=None
[2025-05-03T03:21:19.386+0000] {processor.py:176} INFO - Processing /home/airflow/.local/lib/python3.7/site-packages/airflow/example_dags/example_complex.py took 0.063 seconds
[2025-05-03T04:10:41.409+0000] {processor.py:154} INFO - Started process (PID=43092) to work on /home/airflow/.local/lib/python3.7/site-packages/airflow/example_dags/example_complex.py
[2025-05-03T04:10:41.409+0000] {processor.py:756} INFO - Processing file /home/airflow/.local/lib/python3.7/site-packages/airflow/example_dags/example_complex.py for tasks to queue
[2025-05-03T04:10:41.409+0000] {logging_mixin.py:120} INFO - [2025-05-03T04:10:41.409+0000] {dagbag.py:537} INFO - Filling up the DagBag from /home/airflow/.local/lib/python3.7/site-packages/airflow/example_dags/example_complex.py
[2025-05-03T04:10:41.416+0000] {logging_mixin.py:120} INFO - [2025-05-03T04:10:41.416+0000] {taskmixin.py:205} WARNING - Dependency <Task(BashOperator): create_entry_group>, delete_entry_group already registered for DAG: example_complex
[2025-05-03T04:10:41.416+0000] {logging_mixin.py:120} INFO - [2025-05-03T04:10:41.416+0000] {taskmixin.py:205} WARNING - Dependency <Task(BashOperator): delete_entry_group>, create_entry_group already registered for DAG: example_complex
[2025-05-03T04:10:41.418+0000] {logging_mixin.py:120} INFO - [2025-05-03T04:10:41.418+0000] {taskmixin.py:205} WARNING - Dependency <Task(BashOperator): create_entry_gcs>, delete_entry already registered for DAG: example_complex
[2025-05-03T04:10:41.418+0000] {logging_mixin.py:120} INFO - [2025-05-03T04:10:41.418+0000] {taskmixin.py:205} WARNING - Dependency <Task(BashOperator): delete_entry>, create_entry_gcs already registered for DAG: example_complex
[2025-05-03T04:10:41.420+0000] {logging_mixin.py:120} INFO - [2025-05-03T04:10:41.420+0000] {taskmixin.py:205} WARNING - Dependency <Task(BashOperator): create_tag>, delete_tag already registered for DAG: example_complex
[2025-05-03T04:10:41.421+0000] {logging_mixin.py:120} INFO - [2025-05-03T04:10:41.421+0000] {taskmixin.py:205} WARNING - Dependency <Task(BashOperator): delete_tag>, create_tag already registered for DAG: example_complex
[2025-05-03T04:10:41.424+0000] {processor.py:766} INFO - DAG(s) dict_keys(['example_complex']) retrieved from /home/airflow/.local/lib/python3.7/site-packages/airflow/example_dags/example_complex.py
[2025-05-03T04:10:41.448+0000] {logging_mixin.py:120} INFO - [2025-05-03T04:10:41.448+0000] {dag.py:2585} INFO - Sync 1 DAGs
[2025-05-03T04:10:41.460+0000] {logging_mixin.py:120} INFO - [2025-05-03T04:10:41.460+0000] {dag.py:3340} INFO - Setting next_dagrun for example_complex to None, run_after=None
[2025-05-03T04:10:41.469+0000] {processor.py:176} INFO - Processing /home/airflow/.local/lib/python3.7/site-packages/airflow/example_dags/example_complex.py took 0.062 seconds
[2025-05-03T04:54:15.505+0000] {processor.py:154} INFO - Started process (PID=43155) to work on /home/airflow/.local/lib/python3.7/site-packages/airflow/example_dags/example_complex.py
[2025-05-03T04:54:15.506+0000] {processor.py:756} INFO - Processing file /home/airflow/.local/lib/python3.7/site-packages/airflow/example_dags/example_complex.py for tasks to queue
[2025-05-03T04:54:15.506+0000] {logging_mixin.py:120} INFO - [2025-05-03T04:54:15.506+0000] {dagbag.py:537} INFO - Filling up the DagBag from /home/airflow/.local/lib/python3.7/site-packages/airflow/example_dags/example_complex.py
[2025-05-03T04:54:15.513+0000] {logging_mixin.py:120} INFO - [2025-05-03T04:54:15.513+0000] {taskmixin.py:205} WARNING - Dependency <Task(BashOperator): create_entry_group>, delete_entry_group already registered for DAG: example_complex
[2025-05-03T04:54:15.513+0000] {logging_mixin.py:120} INFO - [2025-05-03T04:54:15.513+0000] {taskmixin.py:205} WARNING - Dependency <Task(BashOperator): delete_entry_group>, create_entry_group already registered for DAG: example_complex
[2025-05-03T04:54:15.513+0000] {logging_mixin.py:120} INFO - [2025-05-03T04:54:15.513+0000] {taskmixin.py:205} WARNING - Dependency <Task(BashOperator): create_entry_gcs>, delete_entry already registered for DAG: example_complex
[2025-05-03T04:54:15.514+0000] {logging_mixin.py:120} INFO - [2025-05-03T04:54:15.514+0000] {taskmixin.py:205} WARNING - Dependency <Task(BashOperator): delete_entry>, create_entry_gcs already registered for DAG: example_complex
[2025-05-03T04:54:15.514+0000] {logging_mixin.py:120} INFO - [2025-05-03T04:54:15.514+0000] {taskmixin.py:205} WARNING - Dependency <Task(BashOperator): create_tag>, delete_tag already registered for DAG: example_complex
[2025-05-03T04:54:15.514+0000] {logging_mixin.py:120} INFO - [2025-05-03T04:54:15.514+0000] {taskmixin.py:205} WARNING - Dependency <Task(BashOperator): delete_tag>, create_tag already registered for DAG: example_complex
[2025-05-03T04:54:15.519+0000] {processor.py:766} INFO - DAG(s) dict_keys(['example_complex']) retrieved from /home/airflow/.local/lib/python3.7/site-packages/airflow/example_dags/example_complex.py
[2025-05-03T04:54:15.544+0000] {logging_mixin.py:120} INFO - [2025-05-03T04:54:15.544+0000] {dag.py:2585} INFO - Sync 1 DAGs
[2025-05-03T04:54:15.557+0000] {logging_mixin.py:120} INFO - [2025-05-03T04:54:15.557+0000] {dag.py:3340} INFO - Setting next_dagrun for example_complex to None, run_after=None
[2025-05-03T04:54:15.567+0000] {processor.py:176} INFO - Processing /home/airflow/.local/lib/python3.7/site-packages/airflow/example_dags/example_complex.py took 0.064 seconds
[2025-05-03T05:53:08.786+0000] {processor.py:154} INFO - Started process (PID=43218) to work on /home/airflow/.local/lib/python3.7/site-packages/airflow/example_dags/example_complex.py
[2025-05-03T05:53:08.786+0000] {processor.py:756} INFO - Processing file /home/airflow/.local/lib/python3.7/site-packages/airflow/example_dags/example_complex.py for tasks to queue
[2025-05-03T05:53:08.787+0000] {logging_mixin.py:120} INFO - [2025-05-03T05:53:08.787+0000] {dagbag.py:537} INFO - Filling up the DagBag from /home/airflow/.local/lib/python3.7/site-packages/airflow/example_dags/example_complex.py
[2025-05-03T05:53:08.794+0000] {logging_mixin.py:120} INFO - [2025-05-03T05:53:08.794+0000] {taskmixin.py:205} WARNING - Dependency <Task(BashOperator): create_entry_group>, delete_entry_group already registered for DAG: example_complex
[2025-05-03T05:53:08.795+0000] {logging_mixin.py:120} INFO - [2025-05-03T05:53:08.794+0000] {taskmixin.py:205} WARNING - Dependency <Task(BashOperator): delete_entry_group>, create_entry_group already registered for DAG: example_complex
[2025-05-03T05:53:08.795+0000] {logging_mixin.py:120} INFO - [2025-05-03T05:53:08.795+0000] {taskmixin.py:205} WARNING - Dependency <Task(BashOperator): create_entry_gcs>, delete_entry already registered for DAG: example_complex
[2025-05-03T05:53:08.795+0000] {logging_mixin.py:120} INFO - [2025-05-03T05:53:08.795+0000] {taskmixin.py:205} WARNING - Dependency <Task(BashOperator): delete_entry>, create_entry_gcs already registered for DAG: example_complex
[2025-05-03T05:53:08.795+0000] {logging_mixin.py:120} INFO - [2025-05-03T05:53:08.795+0000] {taskmixin.py:205} WARNING - Dependency <Task(BashOperator): create_tag>, delete_tag already registered for DAG: example_complex
[2025-05-03T05:53:08.795+0000] {logging_mixin.py:120} INFO - [2025-05-03T05:53:08.795+0000] {taskmixin.py:205} WARNING - Dependency <Task(BashOperator): delete_tag>, create_tag already registered for DAG: example_complex
[2025-05-03T05:53:08.798+0000] {processor.py:766} INFO - DAG(s) dict_keys(['example_complex']) retrieved from /home/airflow/.local/lib/python3.7/site-packages/airflow/example_dags/example_complex.py
[2025-05-03T05:53:08.824+0000] {logging_mixin.py:120} INFO - [2025-05-03T05:53:08.824+0000] {dag.py:2585} INFO - Sync 1 DAGs
[2025-05-03T05:53:08.836+0000] {logging_mixin.py:120} INFO - [2025-05-03T05:53:08.836+0000] {dag.py:3340} INFO - Setting next_dagrun for example_complex to None, run_after=None
[2025-05-03T05:53:08.847+0000] {processor.py:176} INFO - Processing /home/airflow/.local/lib/python3.7/site-packages/airflow/example_dags/example_complex.py took 0.062 seconds
[2025-05-03T06:30:37.688+0000] {processor.py:154} INFO - Started process (PID=43282) to work on /home/airflow/.local/lib/python3.7/site-packages/airflow/example_dags/example_complex.py
[2025-05-03T06:30:37.688+0000] {processor.py:756} INFO - Processing file /home/airflow/.local/lib/python3.7/site-packages/airflow/example_dags/example_complex.py for tasks to queue
[2025-05-03T06:30:37.689+0000] {logging_mixin.py:120} INFO - [2025-05-03T06:30:37.689+0000] {dagbag.py:537} INFO - Filling up the DagBag from /home/airflow/.local/lib/python3.7/site-packages/airflow/example_dags/example_complex.py
[2025-05-03T06:30:37.693+0000] {logging_mixin.py:120} INFO - [2025-05-03T06:30:37.693+0000] {taskmixin.py:205} WARNING - Dependency <Task(BashOperator): create_entry_group>, delete_entry_group already registered for DAG: example_complex
[2025-05-03T06:30:37.694+0000] {logging_mixin.py:120} INFO - [2025-05-03T06:30:37.694+0000] {taskmixin.py:205} WARNING - Dependency <Task(BashOperator): delete_entry_group>, create_entry_group already registered for DAG: example_complex
[2025-05-03T06:30:37.694+0000] {logging_mixin.py:120} INFO - [2025-05-03T06:30:37.694+0000] {taskmixin.py:205} WARNING - Dependency <Task(BashOperator): create_entry_gcs>, delete_entry already registered for DAG: example_complex
[2025-05-03T06:30:37.694+0000] {logging_mixin.py:120} INFO - [2025-05-03T06:30:37.694+0000] {taskmixin.py:205} WARNING - Dependency <Task(BashOperator): delete_entry>, create_entry_gcs already registered for DAG: example_complex
[2025-05-03T06:30:37.694+0000] {logging_mixin.py:120} INFO - [2025-05-03T06:30:37.694+0000] {taskmixin.py:205} WARNING - Dependency <Task(BashOperator): create_tag>, delete_tag already registered for DAG: example_complex
[2025-05-03T06:30:37.694+0000] {logging_mixin.py:120} INFO - [2025-05-03T06:30:37.694+0000] {taskmixin.py:205} WARNING - Dependency <Task(BashOperator): delete_tag>, create_tag already registered for DAG: example_complex
[2025-05-03T06:30:37.698+0000] {processor.py:766} INFO - DAG(s) dict_keys(['example_complex']) retrieved from /home/airflow/.local/lib/python3.7/site-packages/airflow/example_dags/example_complex.py
[2025-05-03T06:30:37.723+0000] {logging_mixin.py:120} INFO - [2025-05-03T06:30:37.723+0000] {dag.py:2585} INFO - Sync 1 DAGs
[2025-05-03T06:30:37.735+0000] {logging_mixin.py:120} INFO - [2025-05-03T06:30:37.735+0000] {dag.py:3340} INFO - Setting next_dagrun for example_complex to None, run_after=None
[2025-05-03T06:30:37.749+0000] {processor.py:176} INFO - Processing /home/airflow/.local/lib/python3.7/site-packages/airflow/example_dags/example_complex.py took 0.063 seconds
[2025-05-03T07:22:15.338+0000] {processor.py:154} INFO - Started process (PID=43345) to work on /home/airflow/.local/lib/python3.7/site-packages/airflow/example_dags/example_complex.py
[2025-05-03T07:22:15.339+0000] {processor.py:756} INFO - Processing file /home/airflow/.local/lib/python3.7/site-packages/airflow/example_dags/example_complex.py for tasks to queue
[2025-05-03T07:22:15.339+0000] {logging_mixin.py:120} INFO - [2025-05-03T07:22:15.339+0000] {dagbag.py:537} INFO - Filling up the DagBag from /home/airflow/.local/lib/python3.7/site-packages/airflow/example_dags/example_complex.py
[2025-05-03T07:22:15.349+0000] {logging_mixin.py:120} INFO - [2025-05-03T07:22:15.349+0000] {taskmixin.py:205} WARNING - Dependency <Task(BashOperator): create_entry_group>, delete_entry_group already registered for DAG: example_complex
[2025-05-03T07:22:15.352+0000] {logging_mixin.py:120} INFO - [2025-05-03T07:22:15.352+0000] {taskmixin.py:205} WARNING - Dependency <Task(BashOperator): delete_entry_group>, create_entry_group already registered for DAG: example_complex
[2025-05-03T07:22:15.353+0000] {logging_mixin.py:120} INFO - [2025-05-03T07:22:15.353+0000] {taskmixin.py:205} WARNING - Dependency <Task(BashOperator): create_entry_gcs>, delete_entry already registered for DAG: example_complex
[2025-05-03T07:22:15.354+0000] {logging_mixin.py:120} INFO - [2025-05-03T07:22:15.354+0000] {taskmixin.py:205} WARNING - Dependency <Task(BashOperator): delete_entry>, create_entry_gcs already registered for DAG: example_complex
[2025-05-03T07:22:15.359+0000] {logging_mixin.py:120} INFO - [2025-05-03T07:22:15.359+0000] {taskmixin.py:205} WARNING - Dependency <Task(BashOperator): create_tag>, delete_tag already registered for DAG: example_complex
[2025-05-03T07:22:15.360+0000] {logging_mixin.py:120} INFO - [2025-05-03T07:22:15.360+0000] {taskmixin.py:205} WARNING - Dependency <Task(BashOperator): delete_tag>, create_tag already registered for DAG: example_complex
[2025-05-03T07:22:15.365+0000] {processor.py:766} INFO - DAG(s) dict_keys(['example_complex']) retrieved from /home/airflow/.local/lib/python3.7/site-packages/airflow/example_dags/example_complex.py
[2025-05-03T07:22:15.392+0000] {logging_mixin.py:120} INFO - [2025-05-03T07:22:15.392+0000] {dag.py:2585} INFO - Sync 1 DAGs
[2025-05-03T07:22:15.405+0000] {logging_mixin.py:120} INFO - [2025-05-03T07:22:15.405+0000] {dag.py:3340} INFO - Setting next_dagrun for example_complex to None, run_after=None
[2025-05-03T07:22:15.418+0000] {processor.py:176} INFO - Processing /home/airflow/.local/lib/python3.7/site-packages/airflow/example_dags/example_complex.py took 0.082 seconds
[2025-05-03T08:23:10.149+0000] {processor.py:154} INFO - Started process (PID=43408) to work on /home/airflow/.local/lib/python3.7/site-packages/airflow/example_dags/example_complex.py
[2025-05-03T08:23:10.149+0000] {processor.py:756} INFO - Processing file /home/airflow/.local/lib/python3.7/site-packages/airflow/example_dags/example_complex.py for tasks to queue
[2025-05-03T08:23:10.149+0000] {logging_mixin.py:120} INFO - [2025-05-03T08:23:10.149+0000] {dagbag.py:537} INFO - Filling up the DagBag from /home/airflow/.local/lib/python3.7/site-packages/airflow/example_dags/example_complex.py
[2025-05-03T08:23:10.156+0000] {logging_mixin.py:120} INFO - [2025-05-03T08:23:10.155+0000] {taskmixin.py:205} WARNING - Dependency <Task(BashOperator): create_entry_group>, delete_entry_group already registered for DAG: example_complex
[2025-05-03T08:23:10.156+0000] {logging_mixin.py:120} INFO - [2025-05-03T08:23:10.156+0000] {taskmixin.py:205} WARNING - Dependency <Task(BashOperator): delete_entry_group>, create_entry_group already registered for DAG: example_complex
[2025-05-03T08:23:10.156+0000] {logging_mixin.py:120} INFO - [2025-05-03T08:23:10.156+0000] {taskmixin.py:205} WARNING - Dependency <Task(BashOperator): create_entry_gcs>, delete_entry already registered for DAG: example_complex
[2025-05-03T08:23:10.156+0000] {logging_mixin.py:120} INFO - [2025-05-03T08:23:10.156+0000] {taskmixin.py:205} WARNING - Dependency <Task(BashOperator): delete_entry>, create_entry_gcs already registered for DAG: example_complex
[2025-05-03T08:23:10.156+0000] {logging_mixin.py:120} INFO - [2025-05-03T08:23:10.156+0000] {taskmixin.py:205} WARNING - Dependency <Task(BashOperator): create_tag>, delete_tag already registered for DAG: example_complex
[2025-05-03T08:23:10.156+0000] {logging_mixin.py:120} INFO - [2025-05-03T08:23:10.156+0000] {taskmixin.py:205} WARNING - Dependency <Task(BashOperator): delete_tag>, create_tag already registered for DAG: example_complex
[2025-05-03T08:23:10.160+0000] {processor.py:766} INFO - DAG(s) dict_keys(['example_complex']) retrieved from /home/airflow/.local/lib/python3.7/site-packages/airflow/example_dags/example_complex.py
[2025-05-03T08:23:10.188+0000] {logging_mixin.py:120} INFO - [2025-05-03T08:23:10.188+0000] {dag.py:2585} INFO - Sync 1 DAGs
[2025-05-03T08:23:10.199+0000] {logging_mixin.py:120} INFO - [2025-05-03T08:23:10.199+0000] {dag.py:3340} INFO - Setting next_dagrun for example_complex to None, run_after=None
[2025-05-03T08:23:10.211+0000] {processor.py:176} INFO - Processing /home/airflow/.local/lib/python3.7/site-packages/airflow/example_dags/example_complex.py took 0.064 seconds
[2025-05-03T09:41:37.750+0000] {processor.py:154} INFO - Started process (PID=43461) to work on /home/airflow/.local/lib/python3.7/site-packages/airflow/example_dags/example_complex.py
[2025-05-03T09:41:37.751+0000] {processor.py:756} INFO - Processing file /home/airflow/.local/lib/python3.7/site-packages/airflow/example_dags/example_complex.py for tasks to queue
[2025-05-03T09:41:37.751+0000] {logging_mixin.py:120} INFO - [2025-05-03T09:41:37.751+0000] {dagbag.py:537} INFO - Filling up the DagBag from /home/airflow/.local/lib/python3.7/site-packages/airflow/example_dags/example_complex.py
[2025-05-03T09:41:37.757+0000] {logging_mixin.py:120} INFO - [2025-05-03T09:41:37.757+0000] {taskmixin.py:205} WARNING - Dependency <Task(BashOperator): create_entry_group>, delete_entry_group already registered for DAG: example_complex
[2025-05-03T09:41:37.758+0000] {logging_mixin.py:120} INFO - [2025-05-03T09:41:37.758+0000] {taskmixin.py:205} WARNING - Dependency <Task(BashOperator): delete_entry_group>, create_entry_group already registered for DAG: example_complex
[2025-05-03T09:41:37.759+0000] {logging_mixin.py:120} INFO - [2025-05-03T09:41:37.759+0000] {taskmixin.py:205} WARNING - Dependency <Task(BashOperator): create_entry_gcs>, delete_entry already registered for DAG: example_complex
[2025-05-03T09:41:37.759+0000] {logging_mixin.py:120} INFO - [2025-05-03T09:41:37.759+0000] {taskmixin.py:205} WARNING - Dependency <Task(BashOperator): delete_entry>, create_entry_gcs already registered for DAG: example_complex
[2025-05-03T09:41:37.759+0000] {logging_mixin.py:120} INFO - [2025-05-03T09:41:37.759+0000] {taskmixin.py:205} WARNING - Dependency <Task(BashOperator): create_tag>, delete_tag already registered for DAG: example_complex
[2025-05-03T09:41:37.759+0000] {logging_mixin.py:120} INFO - [2025-05-03T09:41:37.759+0000] {taskmixin.py:205} WARNING - Dependency <Task(BashOperator): delete_tag>, create_tag already registered for DAG: example_complex
[2025-05-03T09:41:37.763+0000] {processor.py:766} INFO - DAG(s) dict_keys(['example_complex']) retrieved from /home/airflow/.local/lib/python3.7/site-packages/airflow/example_dags/example_complex.py
[2025-05-03T09:41:37.785+0000] {logging_mixin.py:120} INFO - [2025-05-03T09:41:37.785+0000] {dag.py:2585} INFO - Sync 1 DAGs
[2025-05-03T09:41:37.795+0000] {logging_mixin.py:120} INFO - [2025-05-03T09:41:37.795+0000] {dag.py:3340} INFO - Setting next_dagrun for example_complex to None, run_after=None
[2025-05-03T09:41:37.807+0000] {processor.py:176} INFO - Processing /home/airflow/.local/lib/python3.7/site-packages/airflow/example_dags/example_complex.py took 0.058 seconds
[2025-05-03T10:58:27.323+0000] {processor.py:154} INFO - Started process (PID=43524) to work on /home/airflow/.local/lib/python3.7/site-packages/airflow/example_dags/example_complex.py
[2025-05-03T10:58:27.324+0000] {processor.py:756} INFO - Processing file /home/airflow/.local/lib/python3.7/site-packages/airflow/example_dags/example_complex.py for tasks to queue
[2025-05-03T10:58:27.324+0000] {logging_mixin.py:120} INFO - [2025-05-03T10:58:27.324+0000] {dagbag.py:537} INFO - Filling up the DagBag from /home/airflow/.local/lib/python3.7/site-packages/airflow/example_dags/example_complex.py
[2025-05-03T10:58:27.329+0000] {logging_mixin.py:120} INFO - [2025-05-03T10:58:27.329+0000] {taskmixin.py:205} WARNING - Dependency <Task(BashOperator): create_entry_group>, delete_entry_group already registered for DAG: example_complex
[2025-05-03T10:58:27.330+0000] {logging_mixin.py:120} INFO - [2025-05-03T10:58:27.329+0000] {taskmixin.py:205} WARNING - Dependency <Task(BashOperator): delete_entry_group>, create_entry_group already registered for DAG: example_complex
[2025-05-03T10:58:27.330+0000] {logging_mixin.py:120} INFO - [2025-05-03T10:58:27.330+0000] {taskmixin.py:205} WARNING - Dependency <Task(BashOperator): create_entry_gcs>, delete_entry already registered for DAG: example_complex
[2025-05-03T10:58:27.330+0000] {logging_mixin.py:120} INFO - [2025-05-03T10:58:27.330+0000] {taskmixin.py:205} WARNING - Dependency <Task(BashOperator): delete_entry>, create_entry_gcs already registered for DAG: example_complex
[2025-05-03T10:58:27.330+0000] {logging_mixin.py:120} INFO - [2025-05-03T10:58:27.330+0000] {taskmixin.py:205} WARNING - Dependency <Task(BashOperator): create_tag>, delete_tag already registered for DAG: example_complex
[2025-05-03T10:58:27.331+0000] {logging_mixin.py:120} INFO - [2025-05-03T10:58:27.331+0000] {taskmixin.py:205} WARNING - Dependency <Task(BashOperator): delete_tag>, create_tag already registered for DAG: example_complex
[2025-05-03T10:58:27.334+0000] {processor.py:766} INFO - DAG(s) dict_keys(['example_complex']) retrieved from /home/airflow/.local/lib/python3.7/site-packages/airflow/example_dags/example_complex.py
[2025-05-03T10:58:27.362+0000] {logging_mixin.py:120} INFO - [2025-05-03T10:58:27.362+0000] {dag.py:2585} INFO - Sync 1 DAGs
[2025-05-03T10:58:27.376+0000] {logging_mixin.py:120} INFO - [2025-05-03T10:58:27.376+0000] {dag.py:3340} INFO - Setting next_dagrun for example_complex to None, run_after=None
[2025-05-03T10:58:27.388+0000] {processor.py:176} INFO - Processing /home/airflow/.local/lib/python3.7/site-packages/airflow/example_dags/example_complex.py took 0.066 seconds
[2025-05-03T11:42:14.160+0000] {processor.py:154} INFO - Started process (PID=43587) to work on /home/airflow/.local/lib/python3.7/site-packages/airflow/example_dags/example_complex.py
[2025-05-03T11:42:14.161+0000] {processor.py:756} INFO - Processing file /home/airflow/.local/lib/python3.7/site-packages/airflow/example_dags/example_complex.py for tasks to queue
[2025-05-03T11:42:14.162+0000] {logging_mixin.py:120} INFO - [2025-05-03T11:42:14.162+0000] {dagbag.py:537} INFO - Filling up the DagBag from /home/airflow/.local/lib/python3.7/site-packages/airflow/example_dags/example_complex.py
[2025-05-03T11:42:14.167+0000] {logging_mixin.py:120} INFO - [2025-05-03T11:42:14.166+0000] {taskmixin.py:205} WARNING - Dependency <Task(BashOperator): create_entry_group>, delete_entry_group already registered for DAG: example_complex
[2025-05-03T11:42:14.167+0000] {logging_mixin.py:120} INFO - [2025-05-03T11:42:14.167+0000] {taskmixin.py:205} WARNING - Dependency <Task(BashOperator): delete_entry_group>, create_entry_group already registered for DAG: example_complex
[2025-05-03T11:42:14.167+0000] {logging_mixin.py:120} INFO - [2025-05-03T11:42:14.167+0000] {taskmixin.py:205} WARNING - Dependency <Task(BashOperator): create_entry_gcs>, delete_entry already registered for DAG: example_complex
[2025-05-03T11:42:14.167+0000] {logging_mixin.py:120} INFO - [2025-05-03T11:42:14.167+0000] {taskmixin.py:205} WARNING - Dependency <Task(BashOperator): delete_entry>, create_entry_gcs already registered for DAG: example_complex
[2025-05-03T11:42:14.167+0000] {logging_mixin.py:120} INFO - [2025-05-03T11:42:14.167+0000] {taskmixin.py:205} WARNING - Dependency <Task(BashOperator): create_tag>, delete_tag already registered for DAG: example_complex
[2025-05-03T11:42:14.167+0000] {logging_mixin.py:120} INFO - [2025-05-03T11:42:14.167+0000] {taskmixin.py:205} WARNING - Dependency <Task(BashOperator): delete_tag>, create_tag already registered for DAG: example_complex
[2025-05-03T11:42:14.172+0000] {processor.py:766} INFO - DAG(s) dict_keys(['example_complex']) retrieved from /home/airflow/.local/lib/python3.7/site-packages/airflow/example_dags/example_complex.py
[2025-05-03T11:42:14.195+0000] {logging_mixin.py:120} INFO - [2025-05-03T11:42:14.195+0000] {dag.py:2585} INFO - Sync 1 DAGs
[2025-05-03T11:42:14.209+0000] {logging_mixin.py:120} INFO - [2025-05-03T11:42:14.209+0000] {dag.py:3340} INFO - Setting next_dagrun for example_complex to None, run_after=None
[2025-05-03T11:42:14.222+0000] {processor.py:176} INFO - Processing /home/airflow/.local/lib/python3.7/site-packages/airflow/example_dags/example_complex.py took 0.063 seconds
[2025-05-03T12:59:19.450+0000] {processor.py:154} INFO - Started process (PID=43650) to work on /home/airflow/.local/lib/python3.7/site-packages/airflow/example_dags/example_complex.py
[2025-05-03T12:59:19.451+0000] {processor.py:756} INFO - Processing file /home/airflow/.local/lib/python3.7/site-packages/airflow/example_dags/example_complex.py for tasks to queue
[2025-05-03T12:59:19.452+0000] {logging_mixin.py:120} INFO - [2025-05-03T12:59:19.452+0000] {dagbag.py:537} INFO - Filling up the DagBag from /home/airflow/.local/lib/python3.7/site-packages/airflow/example_dags/example_complex.py
[2025-05-03T12:59:19.458+0000] {logging_mixin.py:120} INFO - [2025-05-03T12:59:19.458+0000] {taskmixin.py:205} WARNING - Dependency <Task(BashOperator): create_entry_group>, delete_entry_group already registered for DAG: example_complex
[2025-05-03T12:59:19.459+0000] {logging_mixin.py:120} INFO - [2025-05-03T12:59:19.459+0000] {taskmixin.py:205} WARNING - Dependency <Task(BashOperator): delete_entry_group>, create_entry_group already registered for DAG: example_complex
[2025-05-03T12:59:19.460+0000] {logging_mixin.py:120} INFO - [2025-05-03T12:59:19.460+0000] {taskmixin.py:205} WARNING - Dependency <Task(BashOperator): create_entry_gcs>, delete_entry already registered for DAG: example_complex
[2025-05-03T12:59:19.460+0000] {logging_mixin.py:120} INFO - [2025-05-03T12:59:19.460+0000] {taskmixin.py:205} WARNING - Dependency <Task(BashOperator): delete_entry>, create_entry_gcs already registered for DAG: example_complex
[2025-05-03T12:59:19.460+0000] {logging_mixin.py:120} INFO - [2025-05-03T12:59:19.460+0000] {taskmixin.py:205} WARNING - Dependency <Task(BashOperator): create_tag>, delete_tag already registered for DAG: example_complex
[2025-05-03T12:59:19.460+0000] {logging_mixin.py:120} INFO - [2025-05-03T12:59:19.460+0000] {taskmixin.py:205} WARNING - Dependency <Task(BashOperator): delete_tag>, create_tag already registered for DAG: example_complex
[2025-05-03T12:59:19.465+0000] {processor.py:766} INFO - DAG(s) dict_keys(['example_complex']) retrieved from /home/airflow/.local/lib/python3.7/site-packages/airflow/example_dags/example_complex.py
[2025-05-03T12:59:19.487+0000] {logging_mixin.py:120} INFO - [2025-05-03T12:59:19.487+0000] {dag.py:2585} INFO - Sync 1 DAGs
[2025-05-03T12:59:19.500+0000] {logging_mixin.py:120} INFO - [2025-05-03T12:59:19.500+0000] {dag.py:3340} INFO - Setting next_dagrun for example_complex to None, run_after=None
[2025-05-03T12:59:19.514+0000] {processor.py:176} INFO - Processing /home/airflow/.local/lib/python3.7/site-packages/airflow/example_dags/example_complex.py took 0.065 seconds
[2025-05-03T13:28:30.666+0000] {processor.py:154} INFO - Started process (PID=43713) to work on /home/airflow/.local/lib/python3.7/site-packages/airflow/example_dags/example_complex.py
[2025-05-03T13:28:30.667+0000] {processor.py:756} INFO - Processing file /home/airflow/.local/lib/python3.7/site-packages/airflow/example_dags/example_complex.py for tasks to queue
[2025-05-03T13:28:30.668+0000] {logging_mixin.py:120} INFO - [2025-05-03T13:28:30.668+0000] {dagbag.py:537} INFO - Filling up the DagBag from /home/airflow/.local/lib/python3.7/site-packages/airflow/example_dags/example_complex.py
[2025-05-03T13:28:30.676+0000] {logging_mixin.py:120} INFO - [2025-05-03T13:28:30.675+0000] {taskmixin.py:205} WARNING - Dependency <Task(BashOperator): create_entry_group>, delete_entry_group already registered for DAG: example_complex
[2025-05-03T13:28:30.676+0000] {logging_mixin.py:120} INFO - [2025-05-03T13:28:30.676+0000] {taskmixin.py:205} WARNING - Dependency <Task(BashOperator): delete_entry_group>, create_entry_group already registered for DAG: example_complex
[2025-05-03T13:28:30.676+0000] {logging_mixin.py:120} INFO - [2025-05-03T13:28:30.676+0000] {taskmixin.py:205} WARNING - Dependency <Task(BashOperator): create_entry_gcs>, delete_entry already registered for DAG: example_complex
[2025-05-03T13:28:30.676+0000] {logging_mixin.py:120} INFO - [2025-05-03T13:28:30.676+0000] {taskmixin.py:205} WARNING - Dependency <Task(BashOperator): delete_entry>, create_entry_gcs already registered for DAG: example_complex
[2025-05-03T13:28:30.676+0000] {logging_mixin.py:120} INFO - [2025-05-03T13:28:30.676+0000] {taskmixin.py:205} WARNING - Dependency <Task(BashOperator): create_tag>, delete_tag already registered for DAG: example_complex
[2025-05-03T13:28:30.677+0000] {logging_mixin.py:120} INFO - [2025-05-03T13:28:30.677+0000] {taskmixin.py:205} WARNING - Dependency <Task(BashOperator): delete_tag>, create_tag already registered for DAG: example_complex
[2025-05-03T13:28:30.681+0000] {processor.py:766} INFO - DAG(s) dict_keys(['example_complex']) retrieved from /home/airflow/.local/lib/python3.7/site-packages/airflow/example_dags/example_complex.py
[2025-05-03T13:28:30.704+0000] {logging_mixin.py:120} INFO - [2025-05-03T13:28:30.704+0000] {dag.py:2585} INFO - Sync 1 DAGs
[2025-05-03T13:28:30.717+0000] {logging_mixin.py:120} INFO - [2025-05-03T13:28:30.717+0000] {dag.py:3340} INFO - Setting next_dagrun for example_complex to None, run_after=None
[2025-05-03T13:28:30.728+0000] {processor.py:176} INFO - Processing /home/airflow/.local/lib/python3.7/site-packages/airflow/example_dags/example_complex.py took 0.064 seconds
[2025-05-03T13:29:07.301+0000] {processor.py:154} INFO - Started process (PID=43776) to work on /home/airflow/.local/lib/python3.7/site-packages/airflow/example_dags/example_complex.py
[2025-05-03T13:29:07.302+0000] {processor.py:756} INFO - Processing file /home/airflow/.local/lib/python3.7/site-packages/airflow/example_dags/example_complex.py for tasks to queue
[2025-05-03T13:29:07.302+0000] {logging_mixin.py:120} INFO - [2025-05-03T13:29:07.302+0000] {dagbag.py:537} INFO - Filling up the DagBag from /home/airflow/.local/lib/python3.7/site-packages/airflow/example_dags/example_complex.py
[2025-05-03T13:29:07.309+0000] {logging_mixin.py:120} INFO - [2025-05-03T13:29:07.309+0000] {taskmixin.py:205} WARNING - Dependency <Task(BashOperator): create_entry_group>, delete_entry_group already registered for DAG: example_complex
[2025-05-03T13:29:07.309+0000] {logging_mixin.py:120} INFO - [2025-05-03T13:29:07.309+0000] {taskmixin.py:205} WARNING - Dependency <Task(BashOperator): delete_entry_group>, create_entry_group already registered for DAG: example_complex
[2025-05-03T13:29:07.309+0000] {logging_mixin.py:120} INFO - [2025-05-03T13:29:07.309+0000] {taskmixin.py:205} WARNING - Dependency <Task(BashOperator): create_entry_gcs>, delete_entry already registered for DAG: example_complex
[2025-05-03T13:29:07.310+0000] {logging_mixin.py:120} INFO - [2025-05-03T13:29:07.310+0000] {taskmixin.py:205} WARNING - Dependency <Task(BashOperator): delete_entry>, create_entry_gcs already registered for DAG: example_complex
[2025-05-03T13:29:07.310+0000] {logging_mixin.py:120} INFO - [2025-05-03T13:29:07.310+0000] {taskmixin.py:205} WARNING - Dependency <Task(BashOperator): create_tag>, delete_tag already registered for DAG: example_complex
[2025-05-03T13:29:07.310+0000] {logging_mixin.py:120} INFO - [2025-05-03T13:29:07.310+0000] {taskmixin.py:205} WARNING - Dependency <Task(BashOperator): delete_tag>, create_tag already registered for DAG: example_complex
[2025-05-03T13:29:07.313+0000] {processor.py:766} INFO - DAG(s) dict_keys(['example_complex']) retrieved from /home/airflow/.local/lib/python3.7/site-packages/airflow/example_dags/example_complex.py
[2025-05-03T13:29:07.337+0000] {logging_mixin.py:120} INFO - [2025-05-03T13:29:07.337+0000] {dag.py:2585} INFO - Sync 1 DAGs
[2025-05-03T13:29:07.349+0000] {logging_mixin.py:120} INFO - [2025-05-03T13:29:07.349+0000] {dag.py:3340} INFO - Setting next_dagrun for example_complex to None, run_after=None
[2025-05-03T13:29:07.359+0000] {processor.py:176} INFO - Processing /home/airflow/.local/lib/python3.7/site-packages/airflow/example_dags/example_complex.py took 0.061 seconds
[2025-05-03T14:29:09.994+0000] {processor.py:154} INFO - Started process (PID=43829) to work on /home/airflow/.local/lib/python3.7/site-packages/airflow/example_dags/example_complex.py
[2025-05-03T14:29:09.994+0000] {processor.py:756} INFO - Processing file /home/airflow/.local/lib/python3.7/site-packages/airflow/example_dags/example_complex.py for tasks to queue
[2025-05-03T14:29:09.995+0000] {logging_mixin.py:120} INFO - [2025-05-03T14:29:09.995+0000] {dagbag.py:537} INFO - Filling up the DagBag from /home/airflow/.local/lib/python3.7/site-packages/airflow/example_dags/example_complex.py
[2025-05-03T14:29:10.001+0000] {logging_mixin.py:120} INFO - [2025-05-03T14:29:10.001+0000] {taskmixin.py:205} WARNING - Dependency <Task(BashOperator): create_entry_group>, delete_entry_group already registered for DAG: example_complex
[2025-05-03T14:29:10.001+0000] {logging_mixin.py:120} INFO - [2025-05-03T14:29:10.001+0000] {taskmixin.py:205} WARNING - Dependency <Task(BashOperator): delete_entry_group>, create_entry_group already registered for DAG: example_complex
[2025-05-03T14:29:10.002+0000] {logging_mixin.py:120} INFO - [2025-05-03T14:29:10.002+0000] {taskmixin.py:205} WARNING - Dependency <Task(BashOperator): create_entry_gcs>, delete_entry already registered for DAG: example_complex
[2025-05-03T14:29:10.002+0000] {logging_mixin.py:120} INFO - [2025-05-03T14:29:10.002+0000] {taskmixin.py:205} WARNING - Dependency <Task(BashOperator): delete_entry>, create_entry_gcs already registered for DAG: example_complex
[2025-05-03T14:29:10.002+0000] {logging_mixin.py:120} INFO - [2025-05-03T14:29:10.002+0000] {taskmixin.py:205} WARNING - Dependency <Task(BashOperator): create_tag>, delete_tag already registered for DAG: example_complex
[2025-05-03T14:29:10.002+0000] {logging_mixin.py:120} INFO - [2025-05-03T14:29:10.002+0000] {taskmixin.py:205} WARNING - Dependency <Task(BashOperator): delete_tag>, create_tag already registered for DAG: example_complex
[2025-05-03T14:29:10.006+0000] {processor.py:766} INFO - DAG(s) dict_keys(['example_complex']) retrieved from /home/airflow/.local/lib/python3.7/site-packages/airflow/example_dags/example_complex.py
[2025-05-03T14:29:10.031+0000] {logging_mixin.py:120} INFO - [2025-05-03T14:29:10.031+0000] {dag.py:2585} INFO - Sync 1 DAGs
[2025-05-03T14:29:10.046+0000] {logging_mixin.py:120} INFO - [2025-05-03T14:29:10.046+0000] {dag.py:3340} INFO - Setting next_dagrun for example_complex to None, run_after=None
[2025-05-03T14:29:10.054+0000] {processor.py:176} INFO - Processing /home/airflow/.local/lib/python3.7/site-packages/airflow/example_dags/example_complex.py took 0.062 seconds
[2025-05-03T15:07:53.074+0000] {processor.py:154} INFO - Started process (PID=43891) to work on /home/airflow/.local/lib/python3.7/site-packages/airflow/example_dags/example_complex.py
[2025-05-03T15:07:53.074+0000] {processor.py:756} INFO - Processing file /home/airflow/.local/lib/python3.7/site-packages/airflow/example_dags/example_complex.py for tasks to queue
[2025-05-03T15:07:53.074+0000] {logging_mixin.py:120} INFO - [2025-05-03T15:07:53.074+0000] {dagbag.py:537} INFO - Filling up the DagBag from /home/airflow/.local/lib/python3.7/site-packages/airflow/example_dags/example_complex.py
[2025-05-03T15:07:53.079+0000] {logging_mixin.py:120} INFO - [2025-05-03T15:07:53.079+0000] {taskmixin.py:205} WARNING - Dependency <Task(BashOperator): create_entry_group>, delete_entry_group already registered for DAG: example_complex
[2025-05-03T15:07:53.082+0000] {logging_mixin.py:120} INFO - [2025-05-03T15:07:53.079+0000] {taskmixin.py:205} WARNING - Dependency <Task(BashOperator): delete_entry_group>, create_entry_group already registered for DAG: example_complex
[2025-05-03T15:07:53.083+0000] {logging_mixin.py:120} INFO - [2025-05-03T15:07:53.083+0000] {taskmixin.py:205} WARNING - Dependency <Task(BashOperator): create_entry_gcs>, delete_entry already registered for DAG: example_complex
[2025-05-03T15:07:53.083+0000] {logging_mixin.py:120} INFO - [2025-05-03T15:07:53.083+0000] {taskmixin.py:205} WARNING - Dependency <Task(BashOperator): delete_entry>, create_entry_gcs already registered for DAG: example_complex
[2025-05-03T15:07:53.083+0000] {logging_mixin.py:120} INFO - [2025-05-03T15:07:53.083+0000] {taskmixin.py:205} WARNING - Dependency <Task(BashOperator): create_tag>, delete_tag already registered for DAG: example_complex
[2025-05-03T15:07:53.084+0000] {logging_mixin.py:120} INFO - [2025-05-03T15:07:53.084+0000] {taskmixin.py:205} WARNING - Dependency <Task(BashOperator): delete_tag>, create_tag already registered for DAG: example_complex
[2025-05-03T15:07:53.088+0000] {processor.py:766} INFO - DAG(s) dict_keys(['example_complex']) retrieved from /home/airflow/.local/lib/python3.7/site-packages/airflow/example_dags/example_complex.py
[2025-05-03T15:07:53.109+0000] {logging_mixin.py:120} INFO - [2025-05-03T15:07:53.109+0000] {dag.py:2585} INFO - Sync 1 DAGs
[2025-05-03T15:07:53.120+0000] {logging_mixin.py:120} INFO - [2025-05-03T15:07:53.119+0000] {dag.py:3340} INFO - Setting next_dagrun for example_complex to None, run_after=None
[2025-05-03T15:07:53.135+0000] {processor.py:176} INFO - Processing /home/airflow/.local/lib/python3.7/site-packages/airflow/example_dags/example_complex.py took 0.063 seconds
[2025-05-03T16:21:02.460+0000] {processor.py:154} INFO - Started process (PID=43954) to work on /home/airflow/.local/lib/python3.7/site-packages/airflow/example_dags/example_complex.py
[2025-05-03T16:21:02.461+0000] {processor.py:756} INFO - Processing file /home/airflow/.local/lib/python3.7/site-packages/airflow/example_dags/example_complex.py for tasks to queue
[2025-05-03T16:21:02.462+0000] {logging_mixin.py:120} INFO - [2025-05-03T16:21:02.462+0000] {dagbag.py:537} INFO - Filling up the DagBag from /home/airflow/.local/lib/python3.7/site-packages/airflow/example_dags/example_complex.py
[2025-05-03T16:21:02.467+0000] {logging_mixin.py:120} INFO - [2025-05-03T16:21:02.467+0000] {taskmixin.py:205} WARNING - Dependency <Task(BashOperator): create_entry_group>, delete_entry_group already registered for DAG: example_complex
[2025-05-03T16:21:02.468+0000] {logging_mixin.py:120} INFO - [2025-05-03T16:21:02.468+0000] {taskmixin.py:205} WARNING - Dependency <Task(BashOperator): delete_entry_group>, create_entry_group already registered for DAG: example_complex
[2025-05-03T16:21:02.468+0000] {logging_mixin.py:120} INFO - [2025-05-03T16:21:02.468+0000] {taskmixin.py:205} WARNING - Dependency <Task(BashOperator): create_entry_gcs>, delete_entry already registered for DAG: example_complex
[2025-05-03T16:21:02.468+0000] {logging_mixin.py:120} INFO - [2025-05-03T16:21:02.468+0000] {taskmixin.py:205} WARNING - Dependency <Task(BashOperator): delete_entry>, create_entry_gcs already registered for DAG: example_complex
[2025-05-03T16:21:02.468+0000] {logging_mixin.py:120} INFO - [2025-05-03T16:21:02.468+0000] {taskmixin.py:205} WARNING - Dependency <Task(BashOperator): create_tag>, delete_tag already registered for DAG: example_complex
[2025-05-03T16:21:02.468+0000] {logging_mixin.py:120} INFO - [2025-05-03T16:21:02.468+0000] {taskmixin.py:205} WARNING - Dependency <Task(BashOperator): delete_tag>, create_tag already registered for DAG: example_complex
[2025-05-03T16:21:02.472+0000] {processor.py:766} INFO - DAG(s) dict_keys(['example_complex']) retrieved from /home/airflow/.local/lib/python3.7/site-packages/airflow/example_dags/example_complex.py
[2025-05-03T16:21:02.500+0000] {logging_mixin.py:120} INFO - [2025-05-03T16:21:02.500+0000] {dag.py:2585} INFO - Sync 1 DAGs
[2025-05-03T16:21:02.513+0000] {logging_mixin.py:120} INFO - [2025-05-03T16:21:02.513+0000] {dag.py:3340} INFO - Setting next_dagrun for example_complex to None, run_after=None
[2025-05-03T16:21:02.526+0000] {processor.py:176} INFO - Processing /home/airflow/.local/lib/python3.7/site-packages/airflow/example_dags/example_complex.py took 0.068 seconds
[2025-05-03T16:48:04.848+0000] {processor.py:154} INFO - Started process (PID=44016) to work on /home/airflow/.local/lib/python3.7/site-packages/airflow/example_dags/example_complex.py
[2025-05-03T16:48:04.848+0000] {processor.py:756} INFO - Processing file /home/airflow/.local/lib/python3.7/site-packages/airflow/example_dags/example_complex.py for tasks to queue
[2025-05-03T16:48:04.849+0000] {logging_mixin.py:120} INFO - [2025-05-03T16:48:04.849+0000] {dagbag.py:537} INFO - Filling up the DagBag from /home/airflow/.local/lib/python3.7/site-packages/airflow/example_dags/example_complex.py
[2025-05-03T16:48:04.855+0000] {logging_mixin.py:120} INFO - [2025-05-03T16:48:04.854+0000] {taskmixin.py:205} WARNING - Dependency <Task(BashOperator): create_entry_group>, delete_entry_group already registered for DAG: example_complex
[2025-05-03T16:48:04.855+0000] {logging_mixin.py:120} INFO - [2025-05-03T16:48:04.855+0000] {taskmixin.py:205} WARNING - Dependency <Task(BashOperator): delete_entry_group>, create_entry_group already registered for DAG: example_complex
[2025-05-03T16:48:04.855+0000] {logging_mixin.py:120} INFO - [2025-05-03T16:48:04.855+0000] {taskmixin.py:205} WARNING - Dependency <Task(BashOperator): create_entry_gcs>, delete_entry already registered for DAG: example_complex
[2025-05-03T16:48:04.855+0000] {logging_mixin.py:120} INFO - [2025-05-03T16:48:04.855+0000] {taskmixin.py:205} WARNING - Dependency <Task(BashOperator): delete_entry>, create_entry_gcs already registered for DAG: example_complex
[2025-05-03T16:48:04.856+0000] {logging_mixin.py:120} INFO - [2025-05-03T16:48:04.856+0000] {taskmixin.py:205} WARNING - Dependency <Task(BashOperator): create_tag>, delete_tag already registered for DAG: example_complex
[2025-05-03T16:48:04.856+0000] {logging_mixin.py:120} INFO - [2025-05-03T16:48:04.856+0000] {taskmixin.py:205} WARNING - Dependency <Task(BashOperator): delete_tag>, create_tag already registered for DAG: example_complex
[2025-05-03T16:48:04.860+0000] {processor.py:766} INFO - DAG(s) dict_keys(['example_complex']) retrieved from /home/airflow/.local/lib/python3.7/site-packages/airflow/example_dags/example_complex.py
[2025-05-03T16:48:04.882+0000] {logging_mixin.py:120} INFO - [2025-05-03T16:48:04.882+0000] {dag.py:2585} INFO - Sync 1 DAGs
[2025-05-03T16:48:04.895+0000] {logging_mixin.py:120} INFO - [2025-05-03T16:48:04.895+0000] {dag.py:3340} INFO - Setting next_dagrun for example_complex to None, run_after=None
[2025-05-03T16:48:04.904+0000] {processor.py:176} INFO - Processing /home/airflow/.local/lib/python3.7/site-packages/airflow/example_dags/example_complex.py took 0.058 seconds
[2025-05-03T18:05:53.241+0000] {processor.py:154} INFO - Started process (PID=44079) to work on /home/airflow/.local/lib/python3.7/site-packages/airflow/example_dags/example_complex.py
[2025-05-03T18:05:53.242+0000] {processor.py:756} INFO - Processing file /home/airflow/.local/lib/python3.7/site-packages/airflow/example_dags/example_complex.py for tasks to queue
[2025-05-03T18:05:53.242+0000] {logging_mixin.py:120} INFO - [2025-05-03T18:05:53.242+0000] {dagbag.py:537} INFO - Filling up the DagBag from /home/airflow/.local/lib/python3.7/site-packages/airflow/example_dags/example_complex.py
[2025-05-03T18:05:53.248+0000] {logging_mixin.py:120} INFO - [2025-05-03T18:05:53.248+0000] {taskmixin.py:205} WARNING - Dependency <Task(BashOperator): create_entry_group>, delete_entry_group already registered for DAG: example_complex
[2025-05-03T18:05:53.248+0000] {logging_mixin.py:120} INFO - [2025-05-03T18:05:53.248+0000] {taskmixin.py:205} WARNING - Dependency <Task(BashOperator): delete_entry_group>, create_entry_group already registered for DAG: example_complex
[2025-05-03T18:05:53.248+0000] {logging_mixin.py:120} INFO - [2025-05-03T18:05:53.248+0000] {taskmixin.py:205} WARNING - Dependency <Task(BashOperator): create_entry_gcs>, delete_entry already registered for DAG: example_complex
[2025-05-03T18:05:53.248+0000] {logging_mixin.py:120} INFO - [2025-05-03T18:05:53.248+0000] {taskmixin.py:205} WARNING - Dependency <Task(BashOperator): delete_entry>, create_entry_gcs already registered for DAG: example_complex
[2025-05-03T18:05:53.249+0000] {logging_mixin.py:120} INFO - [2025-05-03T18:05:53.249+0000] {taskmixin.py:205} WARNING - Dependency <Task(BashOperator): create_tag>, delete_tag already registered for DAG: example_complex
[2025-05-03T18:05:53.249+0000] {logging_mixin.py:120} INFO - [2025-05-03T18:05:53.249+0000] {taskmixin.py:205} WARNING - Dependency <Task(BashOperator): delete_tag>, create_tag already registered for DAG: example_complex
[2025-05-03T18:05:53.253+0000] {processor.py:766} INFO - DAG(s) dict_keys(['example_complex']) retrieved from /home/airflow/.local/lib/python3.7/site-packages/airflow/example_dags/example_complex.py
[2025-05-03T18:05:53.277+0000] {logging_mixin.py:120} INFO - [2025-05-03T18:05:53.277+0000] {dag.py:2585} INFO - Sync 1 DAGs
[2025-05-03T18:05:53.290+0000] {logging_mixin.py:120} INFO - [2025-05-03T18:05:53.290+0000] {dag.py:3340} INFO - Setting next_dagrun for example_complex to None, run_after=None
[2025-05-03T18:05:53.299+0000] {processor.py:176} INFO - Processing /home/airflow/.local/lib/python3.7/site-packages/airflow/example_dags/example_complex.py took 0.060 seconds
[2025-05-03T19:25:56.794+0000] {processor.py:154} INFO - Started process (PID=44142) to work on /home/airflow/.local/lib/python3.7/site-packages/airflow/example_dags/example_complex.py
[2025-05-03T19:25:56.794+0000] {processor.py:756} INFO - Processing file /home/airflow/.local/lib/python3.7/site-packages/airflow/example_dags/example_complex.py for tasks to queue
[2025-05-03T19:25:56.795+0000] {logging_mixin.py:120} INFO - [2025-05-03T19:25:56.795+0000] {dagbag.py:537} INFO - Filling up the DagBag from /home/airflow/.local/lib/python3.7/site-packages/airflow/example_dags/example_complex.py
[2025-05-03T19:25:56.801+0000] {logging_mixin.py:120} INFO - [2025-05-03T19:25:56.800+0000] {taskmixin.py:205} WARNING - Dependency <Task(BashOperator): create_entry_group>, delete_entry_group already registered for DAG: example_complex
[2025-05-03T19:25:56.802+0000] {logging_mixin.py:120} INFO - [2025-05-03T19:25:56.802+0000] {taskmixin.py:205} WARNING - Dependency <Task(BashOperator): delete_entry_group>, create_entry_group already registered for DAG: example_complex
[2025-05-03T19:25:56.802+0000] {logging_mixin.py:120} INFO - [2025-05-03T19:25:56.802+0000] {taskmixin.py:205} WARNING - Dependency <Task(BashOperator): create_entry_gcs>, delete_entry already registered for DAG: example_complex
[2025-05-03T19:25:56.802+0000] {logging_mixin.py:120} INFO - [2025-05-03T19:25:56.802+0000] {taskmixin.py:205} WARNING - Dependency <Task(BashOperator): delete_entry>, create_entry_gcs already registered for DAG: example_complex
[2025-05-03T19:25:56.802+0000] {logging_mixin.py:120} INFO - [2025-05-03T19:25:56.802+0000] {taskmixin.py:205} WARNING - Dependency <Task(BashOperator): create_tag>, delete_tag already registered for DAG: example_complex
[2025-05-03T19:25:56.802+0000] {logging_mixin.py:120} INFO - [2025-05-03T19:25:56.802+0000] {taskmixin.py:205} WARNING - Dependency <Task(BashOperator): delete_tag>, create_tag already registered for DAG: example_complex
[2025-05-03T19:25:56.805+0000] {processor.py:766} INFO - DAG(s) dict_keys(['example_complex']) retrieved from /home/airflow/.local/lib/python3.7/site-packages/airflow/example_dags/example_complex.py
[2025-05-03T19:25:56.828+0000] {logging_mixin.py:120} INFO - [2025-05-03T19:25:56.828+0000] {dag.py:2585} INFO - Sync 1 DAGs
[2025-05-03T19:25:56.841+0000] {logging_mixin.py:120} INFO - [2025-05-03T19:25:56.841+0000] {dag.py:3340} INFO - Setting next_dagrun for example_complex to None, run_after=None
[2025-05-03T19:25:56.853+0000] {processor.py:176} INFO - Processing /home/airflow/.local/lib/python3.7/site-packages/airflow/example_dags/example_complex.py took 0.061 seconds
[2025-05-03T20:07:04.122+0000] {processor.py:154} INFO - Started process (PID=44201) to work on /home/airflow/.local/lib/python3.7/site-packages/airflow/example_dags/example_complex.py
[2025-05-03T20:07:04.123+0000] {processor.py:756} INFO - Processing file /home/airflow/.local/lib/python3.7/site-packages/airflow/example_dags/example_complex.py for tasks to queue
[2025-05-03T20:07:04.124+0000] {logging_mixin.py:120} INFO - [2025-05-03T20:07:04.124+0000] {dagbag.py:537} INFO - Filling up the DagBag from /home/airflow/.local/lib/python3.7/site-packages/airflow/example_dags/example_complex.py
[2025-05-03T20:07:04.132+0000] {logging_mixin.py:120} INFO - [2025-05-03T20:07:04.132+0000] {taskmixin.py:205} WARNING - Dependency <Task(BashOperator): create_entry_group>, delete_entry_group already registered for DAG: example_complex
[2025-05-03T20:07:04.133+0000] {logging_mixin.py:120} INFO - [2025-05-03T20:07:04.133+0000] {taskmixin.py:205} WARNING - Dependency <Task(BashOperator): delete_entry_group>, create_entry_group already registered for DAG: example_complex
[2025-05-03T20:07:04.133+0000] {logging_mixin.py:120} INFO - [2025-05-03T20:07:04.133+0000] {taskmixin.py:205} WARNING - Dependency <Task(BashOperator): create_entry_gcs>, delete_entry already registered for DAG: example_complex
[2025-05-03T20:07:04.133+0000] {logging_mixin.py:120} INFO - [2025-05-03T20:07:04.133+0000] {taskmixin.py:205} WARNING - Dependency <Task(BashOperator): delete_entry>, create_entry_gcs already registered for DAG: example_complex
[2025-05-03T20:07:04.134+0000] {logging_mixin.py:120} INFO - [2025-05-03T20:07:04.134+0000] {taskmixin.py:205} WARNING - Dependency <Task(BashOperator): create_tag>, delete_tag already registered for DAG: example_complex
[2025-05-03T20:07:04.134+0000] {logging_mixin.py:120} INFO - [2025-05-03T20:07:04.134+0000] {taskmixin.py:205} WARNING - Dependency <Task(BashOperator): delete_tag>, create_tag already registered for DAG: example_complex
[2025-05-03T20:07:04.139+0000] {processor.py:766} INFO - DAG(s) dict_keys(['example_complex']) retrieved from /home/airflow/.local/lib/python3.7/site-packages/airflow/example_dags/example_complex.py
[2025-05-03T20:07:04.171+0000] {logging_mixin.py:120} INFO - [2025-05-03T20:07:04.171+0000] {dag.py:2585} INFO - Sync 1 DAGs
[2025-05-03T20:07:04.186+0000] {logging_mixin.py:120} INFO - [2025-05-03T20:07:04.186+0000] {dag.py:3340} INFO - Setting next_dagrun for example_complex to None, run_after=None
[2025-05-03T20:07:04.211+0000] {processor.py:176} INFO - Processing /home/airflow/.local/lib/python3.7/site-packages/airflow/example_dags/example_complex.py took 0.093 seconds
[2025-05-03T21:36:12.703+0000] {processor.py:154} INFO - Started process (PID=44258) to work on /home/airflow/.local/lib/python3.7/site-packages/airflow/example_dags/example_complex.py
[2025-05-03T21:36:12.704+0000] {processor.py:756} INFO - Processing file /home/airflow/.local/lib/python3.7/site-packages/airflow/example_dags/example_complex.py for tasks to queue
[2025-05-03T21:36:12.705+0000] {logging_mixin.py:120} INFO - [2025-05-03T21:36:12.704+0000] {dagbag.py:537} INFO - Filling up the DagBag from /home/airflow/.local/lib/python3.7/site-packages/airflow/example_dags/example_complex.py
[2025-05-03T21:36:12.711+0000] {logging_mixin.py:120} INFO - [2025-05-03T21:36:12.711+0000] {taskmixin.py:205} WARNING - Dependency <Task(BashOperator): create_entry_group>, delete_entry_group already registered for DAG: example_complex
[2025-05-03T21:36:12.711+0000] {logging_mixin.py:120} INFO - [2025-05-03T21:36:12.711+0000] {taskmixin.py:205} WARNING - Dependency <Task(BashOperator): delete_entry_group>, create_entry_group already registered for DAG: example_complex
[2025-05-03T21:36:12.711+0000] {logging_mixin.py:120} INFO - [2025-05-03T21:36:12.711+0000] {taskmixin.py:205} WARNING - Dependency <Task(BashOperator): create_entry_gcs>, delete_entry already registered for DAG: example_complex
[2025-05-03T21:36:12.711+0000] {logging_mixin.py:120} INFO - [2025-05-03T21:36:12.711+0000] {taskmixin.py:205} WARNING - Dependency <Task(BashOperator): delete_entry>, create_entry_gcs already registered for DAG: example_complex
[2025-05-03T21:36:12.712+0000] {logging_mixin.py:120} INFO - [2025-05-03T21:36:12.711+0000] {taskmixin.py:205} WARNING - Dependency <Task(BashOperator): create_tag>, delete_tag already registered for DAG: example_complex
[2025-05-03T21:36:12.712+0000] {logging_mixin.py:120} INFO - [2025-05-03T21:36:12.712+0000] {taskmixin.py:205} WARNING - Dependency <Task(BashOperator): delete_tag>, create_tag already registered for DAG: example_complex
[2025-05-03T21:36:12.716+0000] {processor.py:766} INFO - DAG(s) dict_keys(['example_complex']) retrieved from /home/airflow/.local/lib/python3.7/site-packages/airflow/example_dags/example_complex.py
[2025-05-03T21:36:12.741+0000] {logging_mixin.py:120} INFO - [2025-05-03T21:36:12.741+0000] {dag.py:2585} INFO - Sync 1 DAGs
[2025-05-03T21:36:12.753+0000] {logging_mixin.py:120} INFO - [2025-05-03T21:36:12.753+0000] {dag.py:3340} INFO - Setting next_dagrun for example_complex to None, run_after=None
[2025-05-03T21:36:12.761+0000] {processor.py:176} INFO - Processing /home/airflow/.local/lib/python3.7/site-packages/airflow/example_dags/example_complex.py took 0.060 seconds
[2025-05-03T22:19:51.766+0000] {processor.py:154} INFO - Started process (PID=44321) to work on /home/airflow/.local/lib/python3.7/site-packages/airflow/example_dags/example_complex.py
[2025-05-03T22:19:51.766+0000] {processor.py:756} INFO - Processing file /home/airflow/.local/lib/python3.7/site-packages/airflow/example_dags/example_complex.py for tasks to queue
[2025-05-03T22:19:51.767+0000] {logging_mixin.py:120} INFO - [2025-05-03T22:19:51.767+0000] {dagbag.py:537} INFO - Filling up the DagBag from /home/airflow/.local/lib/python3.7/site-packages/airflow/example_dags/example_complex.py
[2025-05-03T22:19:51.773+0000] {logging_mixin.py:120} INFO - [2025-05-03T22:19:51.773+0000] {taskmixin.py:205} WARNING - Dependency <Task(BashOperator): create_entry_group>, delete_entry_group already registered for DAG: example_complex
[2025-05-03T22:19:51.773+0000] {logging_mixin.py:120} INFO - [2025-05-03T22:19:51.773+0000] {taskmixin.py:205} WARNING - Dependency <Task(BashOperator): delete_entry_group>, create_entry_group already registered for DAG: example_complex
[2025-05-03T22:19:51.774+0000] {logging_mixin.py:120} INFO - [2025-05-03T22:19:51.774+0000] {taskmixin.py:205} WARNING - Dependency <Task(BashOperator): create_entry_gcs>, delete_entry already registered for DAG: example_complex
[2025-05-03T22:19:51.774+0000] {logging_mixin.py:120} INFO - [2025-05-03T22:19:51.774+0000] {taskmixin.py:205} WARNING - Dependency <Task(BashOperator): delete_entry>, create_entry_gcs already registered for DAG: example_complex
[2025-05-03T22:19:51.774+0000] {logging_mixin.py:120} INFO - [2025-05-03T22:19:51.774+0000] {taskmixin.py:205} WARNING - Dependency <Task(BashOperator): create_tag>, delete_tag already registered for DAG: example_complex
[2025-05-03T22:19:51.774+0000] {logging_mixin.py:120} INFO - [2025-05-03T22:19:51.774+0000] {taskmixin.py:205} WARNING - Dependency <Task(BashOperator): delete_tag>, create_tag already registered for DAG: example_complex
[2025-05-03T22:19:51.778+0000] {processor.py:766} INFO - DAG(s) dict_keys(['example_complex']) retrieved from /home/airflow/.local/lib/python3.7/site-packages/airflow/example_dags/example_complex.py
[2025-05-03T22:19:51.801+0000] {logging_mixin.py:120} INFO - [2025-05-03T22:19:51.801+0000] {dag.py:2585} INFO - Sync 1 DAGs
[2025-05-03T22:19:51.813+0000] {logging_mixin.py:120} INFO - [2025-05-03T22:19:51.813+0000] {dag.py:3340} INFO - Setting next_dagrun for example_complex to None, run_after=None
[2025-05-03T22:19:51.826+0000] {processor.py:176} INFO - Processing /home/airflow/.local/lib/python3.7/site-packages/airflow/example_dags/example_complex.py took 0.062 seconds
[2025-05-03T23:04:44.757+0000] {processor.py:154} INFO - Started process (PID=44384) to work on /home/airflow/.local/lib/python3.7/site-packages/airflow/example_dags/example_complex.py
[2025-05-03T23:04:44.758+0000] {processor.py:756} INFO - Processing file /home/airflow/.local/lib/python3.7/site-packages/airflow/example_dags/example_complex.py for tasks to queue
[2025-05-03T23:04:44.758+0000] {logging_mixin.py:120} INFO - [2025-05-03T23:04:44.758+0000] {dagbag.py:537} INFO - Filling up the DagBag from /home/airflow/.local/lib/python3.7/site-packages/airflow/example_dags/example_complex.py
[2025-05-03T23:04:44.764+0000] {logging_mixin.py:120} INFO - [2025-05-03T23:04:44.764+0000] {taskmixin.py:205} WARNING - Dependency <Task(BashOperator): create_entry_group>, delete_entry_group already registered for DAG: example_complex
[2025-05-03T23:04:44.765+0000] {logging_mixin.py:120} INFO - [2025-05-03T23:04:44.764+0000] {taskmixin.py:205} WARNING - Dependency <Task(BashOperator): delete_entry_group>, create_entry_group already registered for DAG: example_complex
[2025-05-03T23:04:44.765+0000] {logging_mixin.py:120} INFO - [2025-05-03T23:04:44.765+0000] {taskmixin.py:205} WARNING - Dependency <Task(BashOperator): create_entry_gcs>, delete_entry already registered for DAG: example_complex
[2025-05-03T23:04:44.765+0000] {logging_mixin.py:120} INFO - [2025-05-03T23:04:44.765+0000] {taskmixin.py:205} WARNING - Dependency <Task(BashOperator): delete_entry>, create_entry_gcs already registered for DAG: example_complex
[2025-05-03T23:04:44.765+0000] {logging_mixin.py:120} INFO - [2025-05-03T23:04:44.765+0000] {taskmixin.py:205} WARNING - Dependency <Task(BashOperator): create_tag>, delete_tag already registered for DAG: example_complex
[2025-05-03T23:04:44.765+0000] {logging_mixin.py:120} INFO - [2025-05-03T23:04:44.765+0000] {taskmixin.py:205} WARNING - Dependency <Task(BashOperator): delete_tag>, create_tag already registered for DAG: example_complex
[2025-05-03T23:04:44.769+0000] {processor.py:766} INFO - DAG(s) dict_keys(['example_complex']) retrieved from /home/airflow/.local/lib/python3.7/site-packages/airflow/example_dags/example_complex.py
[2025-05-03T23:04:44.794+0000] {logging_mixin.py:120} INFO - [2025-05-03T23:04:44.794+0000] {dag.py:2585} INFO - Sync 1 DAGs
[2025-05-03T23:04:44.805+0000] {logging_mixin.py:120} INFO - [2025-05-03T23:04:44.805+0000] {dag.py:3340} INFO - Setting next_dagrun for example_complex to None, run_after=None
[2025-05-03T23:04:44.817+0000] {processor.py:176} INFO - Processing /home/airflow/.local/lib/python3.7/site-packages/airflow/example_dags/example_complex.py took 0.062 seconds
[2025-05-03T23:22:07.039+0000] {processor.py:154} INFO - Started process (PID=44446) to work on /home/airflow/.local/lib/python3.7/site-packages/airflow/example_dags/example_complex.py
[2025-05-03T23:22:07.040+0000] {processor.py:756} INFO - Processing file /home/airflow/.local/lib/python3.7/site-packages/airflow/example_dags/example_complex.py for tasks to queue
[2025-05-03T23:22:07.041+0000] {logging_mixin.py:120} INFO - [2025-05-03T23:22:07.040+0000] {dagbag.py:537} INFO - Filling up the DagBag from /home/airflow/.local/lib/python3.7/site-packages/airflow/example_dags/example_complex.py
[2025-05-03T23:22:07.048+0000] {logging_mixin.py:120} INFO - [2025-05-03T23:22:07.047+0000] {taskmixin.py:205} WARNING - Dependency <Task(BashOperator): create_entry_group>, delete_entry_group already registered for DAG: example_complex
[2025-05-03T23:22:07.048+0000] {logging_mixin.py:120} INFO - [2025-05-03T23:22:07.048+0000] {taskmixin.py:205} WARNING - Dependency <Task(BashOperator): delete_entry_group>, create_entry_group already registered for DAG: example_complex
[2025-05-03T23:22:07.048+0000] {logging_mixin.py:120} INFO - [2025-05-03T23:22:07.048+0000] {taskmixin.py:205} WARNING - Dependency <Task(BashOperator): create_entry_gcs>, delete_entry already registered for DAG: example_complex
[2025-05-03T23:22:07.048+0000] {logging_mixin.py:120} INFO - [2025-05-03T23:22:07.048+0000] {taskmixin.py:205} WARNING - Dependency <Task(BashOperator): delete_entry>, create_entry_gcs already registered for DAG: example_complex
[2025-05-03T23:22:07.048+0000] {logging_mixin.py:120} INFO - [2025-05-03T23:22:07.048+0000] {taskmixin.py:205} WARNING - Dependency <Task(BashOperator): create_tag>, delete_tag already registered for DAG: example_complex
[2025-05-03T23:22:07.049+0000] {logging_mixin.py:120} INFO - [2025-05-03T23:22:07.049+0000] {taskmixin.py:205} WARNING - Dependency <Task(BashOperator): delete_tag>, create_tag already registered for DAG: example_complex
[2025-05-03T23:22:07.053+0000] {processor.py:766} INFO - DAG(s) dict_keys(['example_complex']) retrieved from /home/airflow/.local/lib/python3.7/site-packages/airflow/example_dags/example_complex.py
[2025-05-03T23:22:07.076+0000] {logging_mixin.py:120} INFO - [2025-05-03T23:22:07.076+0000] {dag.py:2585} INFO - Sync 1 DAGs
[2025-05-03T23:22:07.087+0000] {logging_mixin.py:120} INFO - [2025-05-03T23:22:07.087+0000] {dag.py:3340} INFO - Setting next_dagrun for example_complex to None, run_after=None
[2025-05-03T23:22:07.095+0000] {processor.py:176} INFO - Processing /home/airflow/.local/lib/python3.7/site-packages/airflow/example_dags/example_complex.py took 0.058 seconds
[2025-05-03T23:38:28.381+0000] {processor.py:154} INFO - Started process (PID=44509) to work on /home/airflow/.local/lib/python3.7/site-packages/airflow/example_dags/example_complex.py
[2025-05-03T23:38:28.382+0000] {processor.py:756} INFO - Processing file /home/airflow/.local/lib/python3.7/site-packages/airflow/example_dags/example_complex.py for tasks to queue
[2025-05-03T23:38:28.383+0000] {logging_mixin.py:120} INFO - [2025-05-03T23:38:28.383+0000] {dagbag.py:537} INFO - Filling up the DagBag from /home/airflow/.local/lib/python3.7/site-packages/airflow/example_dags/example_complex.py
[2025-05-03T23:38:28.388+0000] {logging_mixin.py:120} INFO - [2025-05-03T23:38:28.388+0000] {taskmixin.py:205} WARNING - Dependency <Task(BashOperator): create_entry_group>, delete_entry_group already registered for DAG: example_complex
[2025-05-03T23:38:28.389+0000] {logging_mixin.py:120} INFO - [2025-05-03T23:38:28.389+0000] {taskmixin.py:205} WARNING - Dependency <Task(BashOperator): delete_entry_group>, create_entry_group already registered for DAG: example_complex
[2025-05-03T23:38:28.389+0000] {logging_mixin.py:120} INFO - [2025-05-03T23:38:28.389+0000] {taskmixin.py:205} WARNING - Dependency <Task(BashOperator): create_entry_gcs>, delete_entry already registered for DAG: example_complex
[2025-05-03T23:38:28.389+0000] {logging_mixin.py:120} INFO - [2025-05-03T23:38:28.389+0000] {taskmixin.py:205} WARNING - Dependency <Task(BashOperator): delete_entry>, create_entry_gcs already registered for DAG: example_complex
[2025-05-03T23:38:28.389+0000] {logging_mixin.py:120} INFO - [2025-05-03T23:38:28.389+0000] {taskmixin.py:205} WARNING - Dependency <Task(BashOperator): create_tag>, delete_tag already registered for DAG: example_complex
[2025-05-03T23:38:28.389+0000] {logging_mixin.py:120} INFO - [2025-05-03T23:38:28.389+0000] {taskmixin.py:205} WARNING - Dependency <Task(BashOperator): delete_tag>, create_tag already registered for DAG: example_complex
[2025-05-03T23:38:28.393+0000] {processor.py:766} INFO - DAG(s) dict_keys(['example_complex']) retrieved from /home/airflow/.local/lib/python3.7/site-packages/airflow/example_dags/example_complex.py
[2025-05-03T23:38:28.414+0000] {logging_mixin.py:120} INFO - [2025-05-03T23:38:28.414+0000] {dag.py:2585} INFO - Sync 1 DAGs
[2025-05-03T23:38:28.424+0000] {logging_mixin.py:120} INFO - [2025-05-03T23:38:28.424+0000] {dag.py:3340} INFO - Setting next_dagrun for example_complex to None, run_after=None
[2025-05-03T23:38:28.431+0000] {processor.py:176} INFO - Processing /home/airflow/.local/lib/python3.7/site-packages/airflow/example_dags/example_complex.py took 0.052 seconds
[2025-05-03T23:56:23.651+0000] {processor.py:154} INFO - Started process (PID=44569) to work on /home/airflow/.local/lib/python3.7/site-packages/airflow/example_dags/example_complex.py
[2025-05-03T23:56:23.652+0000] {processor.py:756} INFO - Processing file /home/airflow/.local/lib/python3.7/site-packages/airflow/example_dags/example_complex.py for tasks to queue
[2025-05-03T23:56:23.652+0000] {logging_mixin.py:120} INFO - [2025-05-03T23:56:23.652+0000] {dagbag.py:537} INFO - Filling up the DagBag from /home/airflow/.local/lib/python3.7/site-packages/airflow/example_dags/example_complex.py
[2025-05-03T23:56:23.659+0000] {logging_mixin.py:120} INFO - [2025-05-03T23:56:23.659+0000] {taskmixin.py:205} WARNING - Dependency <Task(BashOperator): create_entry_group>, delete_entry_group already registered for DAG: example_complex
[2025-05-03T23:56:23.660+0000] {logging_mixin.py:120} INFO - [2025-05-03T23:56:23.660+0000] {taskmixin.py:205} WARNING - Dependency <Task(BashOperator): delete_entry_group>, create_entry_group already registered for DAG: example_complex
[2025-05-03T23:56:23.661+0000] {logging_mixin.py:120} INFO - [2025-05-03T23:56:23.661+0000] {taskmixin.py:205} WARNING - Dependency <Task(BashOperator): create_entry_gcs>, delete_entry already registered for DAG: example_complex
[2025-05-03T23:56:23.663+0000] {logging_mixin.py:120} INFO - [2025-05-03T23:56:23.663+0000] {taskmixin.py:205} WARNING - Dependency <Task(BashOperator): delete_entry>, create_entry_gcs already registered for DAG: example_complex
[2025-05-03T23:56:23.666+0000] {logging_mixin.py:120} INFO - [2025-05-03T23:56:23.666+0000] {taskmixin.py:205} WARNING - Dependency <Task(BashOperator): create_tag>, delete_tag already registered for DAG: example_complex
[2025-05-03T23:56:23.668+0000] {logging_mixin.py:120} INFO - [2025-05-03T23:56:23.668+0000] {taskmixin.py:205} WARNING - Dependency <Task(BashOperator): delete_tag>, create_tag already registered for DAG: example_complex
[2025-05-03T23:56:23.674+0000] {processor.py:766} INFO - DAG(s) dict_keys(['example_complex']) retrieved from /home/airflow/.local/lib/python3.7/site-packages/airflow/example_dags/example_complex.py
[2025-05-03T23:56:23.700+0000] {logging_mixin.py:120} INFO - [2025-05-03T23:56:23.699+0000] {dag.py:2585} INFO - Sync 1 DAGs
[2025-05-03T23:56:23.711+0000] {logging_mixin.py:120} INFO - [2025-05-03T23:56:23.711+0000] {dag.py:3340} INFO - Setting next_dagrun for example_complex to None, run_after=None
[2025-05-03T23:56:23.721+0000] {processor.py:176} INFO - Processing /home/airflow/.local/lib/python3.7/site-packages/airflow/example_dags/example_complex.py took 0.071 seconds
