[2025-05-03T00:29:31.749+0000] {processor.py:154} INFO - Started process (PID=42633) to work on /home/airflow/.local/lib/python3.7/site-packages/airflow/example_dags/example_branch_operator_decorator.py
[2025-05-03T00:29:31.752+0000] {processor.py:756} INFO - Processing file /home/airflow/.local/lib/python3.7/site-packages/airflow/example_dags/example_branch_operator_decorator.py for tasks to queue
[2025-05-03T00:29:31.752+0000] {logging_mixin.py:120} INFO - [2025-05-03T00:29:31.752+0000] {dagbag.py:537} INFO - Filling up the DagBag from /home/airflow/.local/lib/python3.7/site-packages/airflow/example_dags/example_branch_operator_decorator.py
[2025-05-03T00:29:31.764+0000] {processor.py:766} INFO - DAG(s) dict_keys(['example_branch_python_operator_decorator']) retrieved from /home/airflow/.local/lib/python3.7/site-packages/airflow/example_dags/example_branch_operator_decorator.py
[2025-05-03T00:29:31.786+0000] {logging_mixin.py:120} INFO - [2025-05-03T00:29:31.786+0000] {dag.py:2585} INFO - Sync 1 DAGs
[2025-05-03T00:29:31.798+0000] {logging_mixin.py:120} INFO - [2025-05-03T00:29:31.798+0000] {dag.py:3340} INFO - Setting next_dagrun for example_branch_python_operator_decorator to 2025-05-02T00:00:00+00:00, run_after=2025-05-03T00:00:00+00:00
[2025-05-03T00:29:31.808+0000] {processor.py:176} INFO - Processing /home/airflow/.local/lib/python3.7/site-packages/airflow/example_dags/example_branch_operator_decorator.py took 0.060 seconds
[2025-05-03T00:52:40.098+0000] {processor.py:154} INFO - Started process (PID=42687) to work on /home/airflow/.local/lib/python3.7/site-packages/airflow/example_dags/example_branch_operator_decorator.py
[2025-05-03T00:52:40.099+0000] {processor.py:756} INFO - Processing file /home/airflow/.local/lib/python3.7/site-packages/airflow/example_dags/example_branch_operator_decorator.py for tasks to queue
[2025-05-03T00:52:40.100+0000] {logging_mixin.py:120} INFO - [2025-05-03T00:52:40.100+0000] {dagbag.py:537} INFO - Filling up the DagBag from /home/airflow/.local/lib/python3.7/site-packages/airflow/example_dags/example_branch_operator_decorator.py
[2025-05-03T00:52:40.113+0000] {processor.py:766} INFO - DAG(s) dict_keys(['example_branch_python_operator_decorator']) retrieved from /home/airflow/.local/lib/python3.7/site-packages/airflow/example_dags/example_branch_operator_decorator.py
[2025-05-03T00:52:40.132+0000] {logging_mixin.py:120} INFO - [2025-05-03T00:52:40.132+0000] {dag.py:2585} INFO - Sync 1 DAGs
[2025-05-03T00:52:40.146+0000] {logging_mixin.py:120} INFO - [2025-05-03T00:52:40.146+0000] {dag.py:3340} INFO - Setting next_dagrun for example_branch_python_operator_decorator to 2025-05-02T00:00:00+00:00, run_after=2025-05-03T00:00:00+00:00
[2025-05-03T00:52:40.157+0000] {processor.py:176} INFO - Processing /home/airflow/.local/lib/python3.7/site-packages/airflow/example_dags/example_branch_operator_decorator.py took 0.061 seconds
[2025-05-03T01:16:08.470+0000] {processor.py:154} INFO - Started process (PID=42750) to work on /home/airflow/.local/lib/python3.7/site-packages/airflow/example_dags/example_branch_operator_decorator.py
[2025-05-03T01:16:08.470+0000] {processor.py:756} INFO - Processing file /home/airflow/.local/lib/python3.7/site-packages/airflow/example_dags/example_branch_operator_decorator.py for tasks to queue
[2025-05-03T01:16:08.471+0000] {logging_mixin.py:120} INFO - [2025-05-03T01:16:08.471+0000] {dagbag.py:537} INFO - Filling up the DagBag from /home/airflow/.local/lib/python3.7/site-packages/airflow/example_dags/example_branch_operator_decorator.py
[2025-05-03T01:16:08.483+0000] {processor.py:766} INFO - DAG(s) dict_keys(['example_branch_python_operator_decorator']) retrieved from /home/airflow/.local/lib/python3.7/site-packages/airflow/example_dags/example_branch_operator_decorator.py
[2025-05-03T01:16:08.503+0000] {logging_mixin.py:120} INFO - [2025-05-03T01:16:08.503+0000] {dag.py:2585} INFO - Sync 1 DAGs
[2025-05-03T01:16:08.514+0000] {logging_mixin.py:120} INFO - [2025-05-03T01:16:08.514+0000] {dag.py:3340} INFO - Setting next_dagrun for example_branch_python_operator_decorator to 2025-05-02T00:00:00+00:00, run_after=2025-05-03T00:00:00+00:00
[2025-05-03T01:16:08.523+0000] {processor.py:176} INFO - Processing /home/airflow/.local/lib/python3.7/site-packages/airflow/example_dags/example_branch_operator_decorator.py took 0.055 seconds
[2025-05-03T01:19:53.019+0000] {processor.py:154} INFO - Started process (PID=42812) to work on /home/airflow/.local/lib/python3.7/site-packages/airflow/example_dags/example_branch_operator_decorator.py
[2025-05-03T01:19:53.020+0000] {processor.py:756} INFO - Processing file /home/airflow/.local/lib/python3.7/site-packages/airflow/example_dags/example_branch_operator_decorator.py for tasks to queue
[2025-05-03T01:19:53.021+0000] {logging_mixin.py:120} INFO - [2025-05-03T01:19:53.021+0000] {dagbag.py:537} INFO - Filling up the DagBag from /home/airflow/.local/lib/python3.7/site-packages/airflow/example_dags/example_branch_operator_decorator.py
[2025-05-03T01:19:53.033+0000] {processor.py:766} INFO - DAG(s) dict_keys(['example_branch_python_operator_decorator']) retrieved from /home/airflow/.local/lib/python3.7/site-packages/airflow/example_dags/example_branch_operator_decorator.py
[2025-05-03T01:19:53.055+0000] {logging_mixin.py:120} INFO - [2025-05-03T01:19:53.055+0000] {dag.py:2585} INFO - Sync 1 DAGs
[2025-05-03T01:19:53.068+0000] {logging_mixin.py:120} INFO - [2025-05-03T01:19:53.068+0000] {dag.py:3340} INFO - Setting next_dagrun for example_branch_python_operator_decorator to 2025-05-02T00:00:00+00:00, run_after=2025-05-03T00:00:00+00:00
[2025-05-03T01:19:53.077+0000] {processor.py:176} INFO - Processing /home/airflow/.local/lib/python3.7/site-packages/airflow/example_dags/example_branch_operator_decorator.py took 0.060 seconds
[2025-05-03T01:24:04.744+0000] {processor.py:154} INFO - Started process (PID=42874) to work on /home/airflow/.local/lib/python3.7/site-packages/airflow/example_dags/example_branch_operator_decorator.py
[2025-05-03T01:24:04.744+0000] {processor.py:756} INFO - Processing file /home/airflow/.local/lib/python3.7/site-packages/airflow/example_dags/example_branch_operator_decorator.py for tasks to queue
[2025-05-03T01:24:04.744+0000] {logging_mixin.py:120} INFO - [2025-05-03T01:24:04.744+0000] {dagbag.py:537} INFO - Filling up the DagBag from /home/airflow/.local/lib/python3.7/site-packages/airflow/example_dags/example_branch_operator_decorator.py
[2025-05-03T01:24:04.755+0000] {processor.py:766} INFO - DAG(s) dict_keys(['example_branch_python_operator_decorator']) retrieved from /home/airflow/.local/lib/python3.7/site-packages/airflow/example_dags/example_branch_operator_decorator.py
[2025-05-03T01:24:04.774+0000] {logging_mixin.py:120} INFO - [2025-05-03T01:24:04.774+0000] {dag.py:2585} INFO - Sync 1 DAGs
[2025-05-03T01:24:04.785+0000] {logging_mixin.py:120} INFO - [2025-05-03T01:24:04.784+0000] {dag.py:3340} INFO - Setting next_dagrun for example_branch_python_operator_decorator to 2025-05-02T00:00:00+00:00, run_after=2025-05-03T00:00:00+00:00
[2025-05-03T01:24:04.795+0000] {processor.py:176} INFO - Processing /home/airflow/.local/lib/python3.7/site-packages/airflow/example_dags/example_branch_operator_decorator.py took 0.053 seconds
[2025-05-03T02:06:32.718+0000] {processor.py:154} INFO - Started process (PID=42937) to work on /home/airflow/.local/lib/python3.7/site-packages/airflow/example_dags/example_branch_operator_decorator.py
[2025-05-03T02:06:32.718+0000] {processor.py:756} INFO - Processing file /home/airflow/.local/lib/python3.7/site-packages/airflow/example_dags/example_branch_operator_decorator.py for tasks to queue
[2025-05-03T02:06:32.719+0000] {logging_mixin.py:120} INFO - [2025-05-03T02:06:32.718+0000] {dagbag.py:537} INFO - Filling up the DagBag from /home/airflow/.local/lib/python3.7/site-packages/airflow/example_dags/example_branch_operator_decorator.py
[2025-05-03T02:06:32.730+0000] {processor.py:766} INFO - DAG(s) dict_keys(['example_branch_python_operator_decorator']) retrieved from /home/airflow/.local/lib/python3.7/site-packages/airflow/example_dags/example_branch_operator_decorator.py
[2025-05-03T02:06:32.749+0000] {logging_mixin.py:120} INFO - [2025-05-03T02:06:32.748+0000] {dag.py:2585} INFO - Sync 1 DAGs
[2025-05-03T02:06:32.762+0000] {logging_mixin.py:120} INFO - [2025-05-03T02:06:32.762+0000] {dag.py:3340} INFO - Setting next_dagrun for example_branch_python_operator_decorator to 2025-05-02T00:00:00+00:00, run_after=2025-05-03T00:00:00+00:00
[2025-05-03T02:06:32.770+0000] {processor.py:176} INFO - Processing /home/airflow/.local/lib/python3.7/site-packages/airflow/example_dags/example_branch_operator_decorator.py took 0.054 seconds
[2025-05-03T02:48:24.530+0000] {processor.py:154} INFO - Started process (PID=43000) to work on /home/airflow/.local/lib/python3.7/site-packages/airflow/example_dags/example_branch_operator_decorator.py
[2025-05-03T02:48:24.531+0000] {processor.py:756} INFO - Processing file /home/airflow/.local/lib/python3.7/site-packages/airflow/example_dags/example_branch_operator_decorator.py for tasks to queue
[2025-05-03T02:48:24.532+0000] {logging_mixin.py:120} INFO - [2025-05-03T02:48:24.532+0000] {dagbag.py:537} INFO - Filling up the DagBag from /home/airflow/.local/lib/python3.7/site-packages/airflow/example_dags/example_branch_operator_decorator.py
[2025-05-03T02:48:24.543+0000] {processor.py:766} INFO - DAG(s) dict_keys(['example_branch_python_operator_decorator']) retrieved from /home/airflow/.local/lib/python3.7/site-packages/airflow/example_dags/example_branch_operator_decorator.py
[2025-05-03T02:48:24.565+0000] {logging_mixin.py:120} INFO - [2025-05-03T02:48:24.565+0000] {dag.py:2585} INFO - Sync 1 DAGs
[2025-05-03T02:48:24.577+0000] {logging_mixin.py:120} INFO - [2025-05-03T02:48:24.577+0000] {dag.py:3340} INFO - Setting next_dagrun for example_branch_python_operator_decorator to 2025-05-02T00:00:00+00:00, run_after=2025-05-03T00:00:00+00:00
[2025-05-03T02:48:24.586+0000] {processor.py:176} INFO - Processing /home/airflow/.local/lib/python3.7/site-packages/airflow/example_dags/example_branch_operator_decorator.py took 0.059 seconds
[2025-05-03T03:21:20.350+0000] {processor.py:154} INFO - Started process (PID=43063) to work on /home/airflow/.local/lib/python3.7/site-packages/airflow/example_dags/example_branch_operator_decorator.py
[2025-05-03T03:21:20.350+0000] {processor.py:756} INFO - Processing file /home/airflow/.local/lib/python3.7/site-packages/airflow/example_dags/example_branch_operator_decorator.py for tasks to queue
[2025-05-03T03:21:20.351+0000] {logging_mixin.py:120} INFO - [2025-05-03T03:21:20.351+0000] {dagbag.py:537} INFO - Filling up the DagBag from /home/airflow/.local/lib/python3.7/site-packages/airflow/example_dags/example_branch_operator_decorator.py
[2025-05-03T03:21:20.362+0000] {processor.py:766} INFO - DAG(s) dict_keys(['example_branch_python_operator_decorator']) retrieved from /home/airflow/.local/lib/python3.7/site-packages/airflow/example_dags/example_branch_operator_decorator.py
[2025-05-03T03:21:20.387+0000] {logging_mixin.py:120} INFO - [2025-05-03T03:21:20.387+0000] {dag.py:2585} INFO - Sync 1 DAGs
[2025-05-03T03:21:20.401+0000] {logging_mixin.py:120} INFO - [2025-05-03T03:21:20.401+0000] {dag.py:3340} INFO - Setting next_dagrun for example_branch_python_operator_decorator to 2025-05-02T00:00:00+00:00, run_after=2025-05-03T00:00:00+00:00
[2025-05-03T03:21:20.414+0000] {processor.py:176} INFO - Processing /home/airflow/.local/lib/python3.7/site-packages/airflow/example_dags/example_branch_operator_decorator.py took 0.066 seconds
[2025-05-03T04:10:42.359+0000] {processor.py:154} INFO - Started process (PID=43117) to work on /home/airflow/.local/lib/python3.7/site-packages/airflow/example_dags/example_branch_operator_decorator.py
[2025-05-03T04:10:42.360+0000] {processor.py:756} INFO - Processing file /home/airflow/.local/lib/python3.7/site-packages/airflow/example_dags/example_branch_operator_decorator.py for tasks to queue
[2025-05-03T04:10:42.360+0000] {logging_mixin.py:120} INFO - [2025-05-03T04:10:42.360+0000] {dagbag.py:537} INFO - Filling up the DagBag from /home/airflow/.local/lib/python3.7/site-packages/airflow/example_dags/example_branch_operator_decorator.py
[2025-05-03T04:10:42.373+0000] {processor.py:766} INFO - DAG(s) dict_keys(['example_branch_python_operator_decorator']) retrieved from /home/airflow/.local/lib/python3.7/site-packages/airflow/example_dags/example_branch_operator_decorator.py
[2025-05-03T04:10:42.392+0000] {logging_mixin.py:120} INFO - [2025-05-03T04:10:42.392+0000] {dag.py:2585} INFO - Sync 1 DAGs
[2025-05-03T04:10:42.404+0000] {logging_mixin.py:120} INFO - [2025-05-03T04:10:42.404+0000] {dag.py:3340} INFO - Setting next_dagrun for example_branch_python_operator_decorator to 2025-05-02T00:00:00+00:00, run_after=2025-05-03T00:00:00+00:00
[2025-05-03T04:10:42.413+0000] {processor.py:176} INFO - Processing /home/airflow/.local/lib/python3.7/site-packages/airflow/example_dags/example_branch_operator_decorator.py took 0.055 seconds
[2025-05-03T04:54:16.410+0000] {processor.py:154} INFO - Started process (PID=43180) to work on /home/airflow/.local/lib/python3.7/site-packages/airflow/example_dags/example_branch_operator_decorator.py
[2025-05-03T04:54:16.411+0000] {processor.py:756} INFO - Processing file /home/airflow/.local/lib/python3.7/site-packages/airflow/example_dags/example_branch_operator_decorator.py for tasks to queue
[2025-05-03T04:54:16.411+0000] {logging_mixin.py:120} INFO - [2025-05-03T04:54:16.411+0000] {dagbag.py:537} INFO - Filling up the DagBag from /home/airflow/.local/lib/python3.7/site-packages/airflow/example_dags/example_branch_operator_decorator.py
[2025-05-03T04:54:16.422+0000] {processor.py:766} INFO - DAG(s) dict_keys(['example_branch_python_operator_decorator']) retrieved from /home/airflow/.local/lib/python3.7/site-packages/airflow/example_dags/example_branch_operator_decorator.py
[2025-05-03T04:54:16.443+0000] {logging_mixin.py:120} INFO - [2025-05-03T04:54:16.443+0000] {dag.py:2585} INFO - Sync 1 DAGs
[2025-05-03T04:54:16.455+0000] {logging_mixin.py:120} INFO - [2025-05-03T04:54:16.455+0000] {dag.py:3340} INFO - Setting next_dagrun for example_branch_python_operator_decorator to 2025-05-02T00:00:00+00:00, run_after=2025-05-03T00:00:00+00:00
[2025-05-03T04:54:16.464+0000] {processor.py:176} INFO - Processing /home/airflow/.local/lib/python3.7/site-packages/airflow/example_dags/example_branch_operator_decorator.py took 0.056 seconds
[2025-05-03T05:53:09.744+0000] {processor.py:154} INFO - Started process (PID=43243) to work on /home/airflow/.local/lib/python3.7/site-packages/airflow/example_dags/example_branch_operator_decorator.py
[2025-05-03T05:53:09.744+0000] {processor.py:756} INFO - Processing file /home/airflow/.local/lib/python3.7/site-packages/airflow/example_dags/example_branch_operator_decorator.py for tasks to queue
[2025-05-03T05:53:09.745+0000] {logging_mixin.py:120} INFO - [2025-05-03T05:53:09.745+0000] {dagbag.py:537} INFO - Filling up the DagBag from /home/airflow/.local/lib/python3.7/site-packages/airflow/example_dags/example_branch_operator_decorator.py
[2025-05-03T05:53:09.757+0000] {processor.py:766} INFO - DAG(s) dict_keys(['example_branch_python_operator_decorator']) retrieved from /home/airflow/.local/lib/python3.7/site-packages/airflow/example_dags/example_branch_operator_decorator.py
[2025-05-03T05:53:09.778+0000] {logging_mixin.py:120} INFO - [2025-05-03T05:53:09.778+0000] {dag.py:2585} INFO - Sync 1 DAGs
[2025-05-03T05:53:09.789+0000] {logging_mixin.py:120} INFO - [2025-05-03T05:53:09.789+0000] {dag.py:3340} INFO - Setting next_dagrun for example_branch_python_operator_decorator to 2025-05-02T00:00:00+00:00, run_after=2025-05-03T00:00:00+00:00
[2025-05-03T05:53:09.801+0000] {processor.py:176} INFO - Processing /home/airflow/.local/lib/python3.7/site-packages/airflow/example_dags/example_branch_operator_decorator.py took 0.058 seconds
[2025-05-03T06:30:38.636+0000] {processor.py:154} INFO - Started process (PID=43307) to work on /home/airflow/.local/lib/python3.7/site-packages/airflow/example_dags/example_branch_operator_decorator.py
[2025-05-03T06:30:38.637+0000] {processor.py:756} INFO - Processing file /home/airflow/.local/lib/python3.7/site-packages/airflow/example_dags/example_branch_operator_decorator.py for tasks to queue
[2025-05-03T06:30:38.637+0000] {logging_mixin.py:120} INFO - [2025-05-03T06:30:38.637+0000] {dagbag.py:537} INFO - Filling up the DagBag from /home/airflow/.local/lib/python3.7/site-packages/airflow/example_dags/example_branch_operator_decorator.py
[2025-05-03T06:30:38.650+0000] {processor.py:766} INFO - DAG(s) dict_keys(['example_branch_python_operator_decorator']) retrieved from /home/airflow/.local/lib/python3.7/site-packages/airflow/example_dags/example_branch_operator_decorator.py
[2025-05-03T06:30:38.672+0000] {logging_mixin.py:120} INFO - [2025-05-03T06:30:38.672+0000] {dag.py:2585} INFO - Sync 1 DAGs
[2025-05-03T06:30:38.685+0000] {logging_mixin.py:120} INFO - [2025-05-03T06:30:38.685+0000] {dag.py:3340} INFO - Setting next_dagrun for example_branch_python_operator_decorator to 2025-05-02T00:00:00+00:00, run_after=2025-05-03T00:00:00+00:00
[2025-05-03T06:30:38.695+0000] {processor.py:176} INFO - Processing /home/airflow/.local/lib/python3.7/site-packages/airflow/example_dags/example_branch_operator_decorator.py took 0.060 seconds
[2025-05-03T07:22:16.286+0000] {processor.py:154} INFO - Started process (PID=43370) to work on /home/airflow/.local/lib/python3.7/site-packages/airflow/example_dags/example_branch_operator_decorator.py
[2025-05-03T07:22:16.287+0000] {processor.py:756} INFO - Processing file /home/airflow/.local/lib/python3.7/site-packages/airflow/example_dags/example_branch_operator_decorator.py for tasks to queue
[2025-05-03T07:22:16.288+0000] {logging_mixin.py:120} INFO - [2025-05-03T07:22:16.288+0000] {dagbag.py:537} INFO - Filling up the DagBag from /home/airflow/.local/lib/python3.7/site-packages/airflow/example_dags/example_branch_operator_decorator.py
[2025-05-03T07:22:16.300+0000] {processor.py:766} INFO - DAG(s) dict_keys(['example_branch_python_operator_decorator']) retrieved from /home/airflow/.local/lib/python3.7/site-packages/airflow/example_dags/example_branch_operator_decorator.py
[2025-05-03T07:22:16.322+0000] {logging_mixin.py:120} INFO - [2025-05-03T07:22:16.322+0000] {dag.py:2585} INFO - Sync 1 DAGs
[2025-05-03T07:22:16.333+0000] {logging_mixin.py:120} INFO - [2025-05-03T07:22:16.333+0000] {dag.py:3340} INFO - Setting next_dagrun for example_branch_python_operator_decorator to 2025-05-02T00:00:00+00:00, run_after=2025-05-03T00:00:00+00:00
[2025-05-03T07:22:16.343+0000] {processor.py:176} INFO - Processing /home/airflow/.local/lib/python3.7/site-packages/airflow/example_dags/example_branch_operator_decorator.py took 0.058 seconds
[2025-05-03T08:23:11.101+0000] {processor.py:154} INFO - Started process (PID=43433) to work on /home/airflow/.local/lib/python3.7/site-packages/airflow/example_dags/example_branch_operator_decorator.py
[2025-05-03T08:23:11.102+0000] {processor.py:756} INFO - Processing file /home/airflow/.local/lib/python3.7/site-packages/airflow/example_dags/example_branch_operator_decorator.py for tasks to queue
[2025-05-03T08:23:11.102+0000] {logging_mixin.py:120} INFO - [2025-05-03T08:23:11.102+0000] {dagbag.py:537} INFO - Filling up the DagBag from /home/airflow/.local/lib/python3.7/site-packages/airflow/example_dags/example_branch_operator_decorator.py
[2025-05-03T08:23:11.115+0000] {processor.py:766} INFO - DAG(s) dict_keys(['example_branch_python_operator_decorator']) retrieved from /home/airflow/.local/lib/python3.7/site-packages/airflow/example_dags/example_branch_operator_decorator.py
[2025-05-03T08:23:11.138+0000] {logging_mixin.py:120} INFO - [2025-05-03T08:23:11.138+0000] {dag.py:2585} INFO - Sync 1 DAGs
[2025-05-03T08:23:11.149+0000] {logging_mixin.py:120} INFO - [2025-05-03T08:23:11.149+0000] {dag.py:3340} INFO - Setting next_dagrun for example_branch_python_operator_decorator to 2025-05-02T00:00:00+00:00, run_after=2025-05-03T00:00:00+00:00
[2025-05-03T08:23:11.161+0000] {processor.py:176} INFO - Processing /home/airflow/.local/lib/python3.7/site-packages/airflow/example_dags/example_branch_operator_decorator.py took 0.061 seconds
[2025-05-03T09:41:38.721+0000] {processor.py:154} INFO - Started process (PID=43486) to work on /home/airflow/.local/lib/python3.7/site-packages/airflow/example_dags/example_branch_operator_decorator.py
[2025-05-03T09:41:38.722+0000] {processor.py:756} INFO - Processing file /home/airflow/.local/lib/python3.7/site-packages/airflow/example_dags/example_branch_operator_decorator.py for tasks to queue
[2025-05-03T09:41:38.722+0000] {logging_mixin.py:120} INFO - [2025-05-03T09:41:38.722+0000] {dagbag.py:537} INFO - Filling up the DagBag from /home/airflow/.local/lib/python3.7/site-packages/airflow/example_dags/example_branch_operator_decorator.py
[2025-05-03T09:41:38.733+0000] {processor.py:766} INFO - DAG(s) dict_keys(['example_branch_python_operator_decorator']) retrieved from /home/airflow/.local/lib/python3.7/site-packages/airflow/example_dags/example_branch_operator_decorator.py
[2025-05-03T09:41:38.755+0000] {logging_mixin.py:120} INFO - [2025-05-03T09:41:38.755+0000] {dag.py:2585} INFO - Sync 1 DAGs
[2025-05-03T09:41:38.769+0000] {logging_mixin.py:120} INFO - [2025-05-03T09:41:38.769+0000] {dag.py:3340} INFO - Setting next_dagrun for example_branch_python_operator_decorator to 2025-05-02T00:00:00+00:00, run_after=2025-05-03T00:00:00+00:00
[2025-05-03T09:41:38.779+0000] {processor.py:176} INFO - Processing /home/airflow/.local/lib/python3.7/site-packages/airflow/example_dags/example_branch_operator_decorator.py took 0.060 seconds
[2025-05-03T10:58:28.229+0000] {processor.py:154} INFO - Started process (PID=43549) to work on /home/airflow/.local/lib/python3.7/site-packages/airflow/example_dags/example_branch_operator_decorator.py
[2025-05-03T10:58:28.229+0000] {processor.py:756} INFO - Processing file /home/airflow/.local/lib/python3.7/site-packages/airflow/example_dags/example_branch_operator_decorator.py for tasks to queue
[2025-05-03T10:58:28.230+0000] {logging_mixin.py:120} INFO - [2025-05-03T10:58:28.229+0000] {dagbag.py:537} INFO - Filling up the DagBag from /home/airflow/.local/lib/python3.7/site-packages/airflow/example_dags/example_branch_operator_decorator.py
[2025-05-03T10:58:28.242+0000] {processor.py:766} INFO - DAG(s) dict_keys(['example_branch_python_operator_decorator']) retrieved from /home/airflow/.local/lib/python3.7/site-packages/airflow/example_dags/example_branch_operator_decorator.py
[2025-05-03T10:58:28.265+0000] {logging_mixin.py:120} INFO - [2025-05-03T10:58:28.265+0000] {dag.py:2585} INFO - Sync 1 DAGs
[2025-05-03T10:58:28.276+0000] {logging_mixin.py:120} INFO - [2025-05-03T10:58:28.276+0000] {dag.py:3340} INFO - Setting next_dagrun for example_branch_python_operator_decorator to 2025-05-02T00:00:00+00:00, run_after=2025-05-03T00:00:00+00:00
[2025-05-03T10:58:28.285+0000] {processor.py:176} INFO - Processing /home/airflow/.local/lib/python3.7/site-packages/airflow/example_dags/example_branch_operator_decorator.py took 0.058 seconds
[2025-05-03T11:42:15.171+0000] {processor.py:154} INFO - Started process (PID=43612) to work on /home/airflow/.local/lib/python3.7/site-packages/airflow/example_dags/example_branch_operator_decorator.py
[2025-05-03T11:42:15.172+0000] {processor.py:756} INFO - Processing file /home/airflow/.local/lib/python3.7/site-packages/airflow/example_dags/example_branch_operator_decorator.py for tasks to queue
[2025-05-03T11:42:15.172+0000] {logging_mixin.py:120} INFO - [2025-05-03T11:42:15.172+0000] {dagbag.py:537} INFO - Filling up the DagBag from /home/airflow/.local/lib/python3.7/site-packages/airflow/example_dags/example_branch_operator_decorator.py
[2025-05-03T11:42:15.186+0000] {processor.py:766} INFO - DAG(s) dict_keys(['example_branch_python_operator_decorator']) retrieved from /home/airflow/.local/lib/python3.7/site-packages/airflow/example_dags/example_branch_operator_decorator.py
[2025-05-03T11:42:15.207+0000] {logging_mixin.py:120} INFO - [2025-05-03T11:42:15.207+0000] {dag.py:2585} INFO - Sync 1 DAGs
[2025-05-03T11:42:15.220+0000] {logging_mixin.py:120} INFO - [2025-05-03T11:42:15.219+0000] {dag.py:3340} INFO - Setting next_dagrun for example_branch_python_operator_decorator to 2025-05-02T00:00:00+00:00, run_after=2025-05-03T00:00:00+00:00
[2025-05-03T11:42:15.229+0000] {processor.py:176} INFO - Processing /home/airflow/.local/lib/python3.7/site-packages/airflow/example_dags/example_branch_operator_decorator.py took 0.060 seconds
[2025-05-03T12:59:20.521+0000] {processor.py:154} INFO - Started process (PID=43675) to work on /home/airflow/.local/lib/python3.7/site-packages/airflow/example_dags/example_branch_operator_decorator.py
[2025-05-03T12:59:20.521+0000] {processor.py:756} INFO - Processing file /home/airflow/.local/lib/python3.7/site-packages/airflow/example_dags/example_branch_operator_decorator.py for tasks to queue
[2025-05-03T12:59:20.521+0000] {logging_mixin.py:120} INFO - [2025-05-03T12:59:20.521+0000] {dagbag.py:537} INFO - Filling up the DagBag from /home/airflow/.local/lib/python3.7/site-packages/airflow/example_dags/example_branch_operator_decorator.py
[2025-05-03T12:59:20.534+0000] {processor.py:766} INFO - DAG(s) dict_keys(['example_branch_python_operator_decorator']) retrieved from /home/airflow/.local/lib/python3.7/site-packages/airflow/example_dags/example_branch_operator_decorator.py
[2025-05-03T12:59:20.554+0000] {logging_mixin.py:120} INFO - [2025-05-03T12:59:20.554+0000] {dag.py:2585} INFO - Sync 1 DAGs
[2025-05-03T12:59:20.566+0000] {logging_mixin.py:120} INFO - [2025-05-03T12:59:20.566+0000] {dag.py:3340} INFO - Setting next_dagrun for example_branch_python_operator_decorator to 2025-05-02T00:00:00+00:00, run_after=2025-05-03T00:00:00+00:00
[2025-05-03T12:59:20.575+0000] {processor.py:176} INFO - Processing /home/airflow/.local/lib/python3.7/site-packages/airflow/example_dags/example_branch_operator_decorator.py took 0.057 seconds
[2025-05-03T13:28:31.661+0000] {processor.py:154} INFO - Started process (PID=43738) to work on /home/airflow/.local/lib/python3.7/site-packages/airflow/example_dags/example_branch_operator_decorator.py
[2025-05-03T13:28:31.662+0000] {processor.py:756} INFO - Processing file /home/airflow/.local/lib/python3.7/site-packages/airflow/example_dags/example_branch_operator_decorator.py for tasks to queue
[2025-05-03T13:28:31.663+0000] {logging_mixin.py:120} INFO - [2025-05-03T13:28:31.663+0000] {dagbag.py:537} INFO - Filling up the DagBag from /home/airflow/.local/lib/python3.7/site-packages/airflow/example_dags/example_branch_operator_decorator.py
[2025-05-03T13:28:31.677+0000] {processor.py:766} INFO - DAG(s) dict_keys(['example_branch_python_operator_decorator']) retrieved from /home/airflow/.local/lib/python3.7/site-packages/airflow/example_dags/example_branch_operator_decorator.py
[2025-05-03T13:28:31.698+0000] {logging_mixin.py:120} INFO - [2025-05-03T13:28:31.698+0000] {dag.py:2585} INFO - Sync 1 DAGs
[2025-05-03T13:28:31.709+0000] {logging_mixin.py:120} INFO - [2025-05-03T13:28:31.709+0000] {dag.py:3340} INFO - Setting next_dagrun for example_branch_python_operator_decorator to 2025-05-02T00:00:00+00:00, run_after=2025-05-03T00:00:00+00:00
[2025-05-03T13:28:31.719+0000] {processor.py:176} INFO - Processing /home/airflow/.local/lib/python3.7/site-packages/airflow/example_dags/example_branch_operator_decorator.py took 0.059 seconds
[2025-05-03T13:29:08.532+0000] {processor.py:154} INFO - Started process (PID=43801) to work on /home/airflow/.local/lib/python3.7/site-packages/airflow/example_dags/example_branch_operator_decorator.py
[2025-05-03T13:29:08.535+0000] {processor.py:756} INFO - Processing file /home/airflow/.local/lib/python3.7/site-packages/airflow/example_dags/example_branch_operator_decorator.py for tasks to queue
[2025-05-03T13:29:08.535+0000] {logging_mixin.py:120} INFO - [2025-05-03T13:29:08.535+0000] {dagbag.py:537} INFO - Filling up the DagBag from /home/airflow/.local/lib/python3.7/site-packages/airflow/example_dags/example_branch_operator_decorator.py
[2025-05-03T13:29:08.548+0000] {processor.py:766} INFO - DAG(s) dict_keys(['example_branch_python_operator_decorator']) retrieved from /home/airflow/.local/lib/python3.7/site-packages/airflow/example_dags/example_branch_operator_decorator.py
[2025-05-03T13:29:08.567+0000] {logging_mixin.py:120} INFO - [2025-05-03T13:29:08.567+0000] {dag.py:2585} INFO - Sync 1 DAGs
[2025-05-03T13:29:08.579+0000] {logging_mixin.py:120} INFO - [2025-05-03T13:29:08.579+0000] {dag.py:3340} INFO - Setting next_dagrun for example_branch_python_operator_decorator to 2025-05-02T00:00:00+00:00, run_after=2025-05-03T00:00:00+00:00
[2025-05-03T13:29:08.591+0000] {processor.py:176} INFO - Processing /home/airflow/.local/lib/python3.7/site-packages/airflow/example_dags/example_branch_operator_decorator.py took 0.061 seconds
[2025-05-03T14:29:10.962+0000] {processor.py:154} INFO - Started process (PID=43862) to work on /home/airflow/.local/lib/python3.7/site-packages/airflow/example_dags/example_branch_operator_decorator.py
[2025-05-03T14:29:10.963+0000] {processor.py:756} INFO - Processing file /home/airflow/.local/lib/python3.7/site-packages/airflow/example_dags/example_branch_operator_decorator.py for tasks to queue
[2025-05-03T14:29:10.963+0000] {logging_mixin.py:120} INFO - [2025-05-03T14:29:10.963+0000] {dagbag.py:537} INFO - Filling up the DagBag from /home/airflow/.local/lib/python3.7/site-packages/airflow/example_dags/example_branch_operator_decorator.py
[2025-05-03T14:29:10.977+0000] {processor.py:766} INFO - DAG(s) dict_keys(['example_branch_python_operator_decorator']) retrieved from /home/airflow/.local/lib/python3.7/site-packages/airflow/example_dags/example_branch_operator_decorator.py
[2025-05-03T14:29:10.997+0000] {logging_mixin.py:120} INFO - [2025-05-03T14:29:10.997+0000] {dag.py:2585} INFO - Sync 1 DAGs
[2025-05-03T14:29:11.013+0000] {logging_mixin.py:120} INFO - [2025-05-03T14:29:11.013+0000] {dag.py:3340} INFO - Setting next_dagrun for example_branch_python_operator_decorator to 2025-05-02T00:00:00+00:00, run_after=2025-05-03T00:00:00+00:00
[2025-05-03T14:29:11.025+0000] {processor.py:176} INFO - Processing /home/airflow/.local/lib/python3.7/site-packages/airflow/example_dags/example_branch_operator_decorator.py took 0.064 seconds
[2025-05-03T15:07:54.067+0000] {processor.py:154} INFO - Started process (PID=43916) to work on /home/airflow/.local/lib/python3.7/site-packages/airflow/example_dags/example_branch_operator_decorator.py
[2025-05-03T15:07:54.068+0000] {processor.py:756} INFO - Processing file /home/airflow/.local/lib/python3.7/site-packages/airflow/example_dags/example_branch_operator_decorator.py for tasks to queue
[2025-05-03T15:07:54.068+0000] {logging_mixin.py:120} INFO - [2025-05-03T15:07:54.068+0000] {dagbag.py:537} INFO - Filling up the DagBag from /home/airflow/.local/lib/python3.7/site-packages/airflow/example_dags/example_branch_operator_decorator.py
[2025-05-03T15:07:54.080+0000] {processor.py:766} INFO - DAG(s) dict_keys(['example_branch_python_operator_decorator']) retrieved from /home/airflow/.local/lib/python3.7/site-packages/airflow/example_dags/example_branch_operator_decorator.py
[2025-05-03T15:07:54.101+0000] {logging_mixin.py:120} INFO - [2025-05-03T15:07:54.101+0000] {dag.py:2585} INFO - Sync 1 DAGs
[2025-05-03T15:07:54.114+0000] {logging_mixin.py:120} INFO - [2025-05-03T15:07:54.114+0000] {dag.py:3340} INFO - Setting next_dagrun for example_branch_python_operator_decorator to 2025-05-02T00:00:00+00:00, run_after=2025-05-03T00:00:00+00:00
[2025-05-03T15:07:54.127+0000] {processor.py:176} INFO - Processing /home/airflow/.local/lib/python3.7/site-packages/airflow/example_dags/example_branch_operator_decorator.py took 0.061 seconds
[2025-05-03T16:21:03.421+0000] {processor.py:154} INFO - Started process (PID=43979) to work on /home/airflow/.local/lib/python3.7/site-packages/airflow/example_dags/example_branch_operator_decorator.py
[2025-05-03T16:21:03.421+0000] {processor.py:756} INFO - Processing file /home/airflow/.local/lib/python3.7/site-packages/airflow/example_dags/example_branch_operator_decorator.py for tasks to queue
[2025-05-03T16:21:03.422+0000] {logging_mixin.py:120} INFO - [2025-05-03T16:21:03.422+0000] {dagbag.py:537} INFO - Filling up the DagBag from /home/airflow/.local/lib/python3.7/site-packages/airflow/example_dags/example_branch_operator_decorator.py
[2025-05-03T16:21:03.434+0000] {processor.py:766} INFO - DAG(s) dict_keys(['example_branch_python_operator_decorator']) retrieved from /home/airflow/.local/lib/python3.7/site-packages/airflow/example_dags/example_branch_operator_decorator.py
[2025-05-03T16:21:03.455+0000] {logging_mixin.py:120} INFO - [2025-05-03T16:21:03.455+0000] {dag.py:2585} INFO - Sync 1 DAGs
[2025-05-03T16:21:03.467+0000] {logging_mixin.py:120} INFO - [2025-05-03T16:21:03.466+0000] {dag.py:3340} INFO - Setting next_dagrun for example_branch_python_operator_decorator to 2025-05-02T00:00:00+00:00, run_after=2025-05-03T00:00:00+00:00
[2025-05-03T16:21:03.477+0000] {processor.py:176} INFO - Processing /home/airflow/.local/lib/python3.7/site-packages/airflow/example_dags/example_branch_operator_decorator.py took 0.058 seconds
[2025-05-03T16:48:05.777+0000] {processor.py:154} INFO - Started process (PID=44041) to work on /home/airflow/.local/lib/python3.7/site-packages/airflow/example_dags/example_branch_operator_decorator.py
[2025-05-03T16:48:05.777+0000] {processor.py:756} INFO - Processing file /home/airflow/.local/lib/python3.7/site-packages/airflow/example_dags/example_branch_operator_decorator.py for tasks to queue
[2025-05-03T16:48:05.778+0000] {logging_mixin.py:120} INFO - [2025-05-03T16:48:05.778+0000] {dagbag.py:537} INFO - Filling up the DagBag from /home/airflow/.local/lib/python3.7/site-packages/airflow/example_dags/example_branch_operator_decorator.py
[2025-05-03T16:48:05.792+0000] {processor.py:766} INFO - DAG(s) dict_keys(['example_branch_python_operator_decorator']) retrieved from /home/airflow/.local/lib/python3.7/site-packages/airflow/example_dags/example_branch_operator_decorator.py
[2025-05-03T16:48:05.815+0000] {logging_mixin.py:120} INFO - [2025-05-03T16:48:05.814+0000] {dag.py:2585} INFO - Sync 1 DAGs
[2025-05-03T16:48:05.828+0000] {logging_mixin.py:120} INFO - [2025-05-03T16:48:05.827+0000] {dag.py:3340} INFO - Setting next_dagrun for example_branch_python_operator_decorator to 2025-05-02T00:00:00+00:00, run_after=2025-05-03T00:00:00+00:00
[2025-05-03T16:48:05.840+0000] {processor.py:176} INFO - Processing /home/airflow/.local/lib/python3.7/site-packages/airflow/example_dags/example_branch_operator_decorator.py took 0.064 seconds
[2025-05-03T18:05:54.283+0000] {processor.py:154} INFO - Started process (PID=44104) to work on /home/airflow/.local/lib/python3.7/site-packages/airflow/example_dags/example_branch_operator_decorator.py
[2025-05-03T18:05:54.283+0000] {processor.py:756} INFO - Processing file /home/airflow/.local/lib/python3.7/site-packages/airflow/example_dags/example_branch_operator_decorator.py for tasks to queue
[2025-05-03T18:05:54.284+0000] {logging_mixin.py:120} INFO - [2025-05-03T18:05:54.284+0000] {dagbag.py:537} INFO - Filling up the DagBag from /home/airflow/.local/lib/python3.7/site-packages/airflow/example_dags/example_branch_operator_decorator.py
[2025-05-03T18:05:54.298+0000] {processor.py:766} INFO - DAG(s) dict_keys(['example_branch_python_operator_decorator']) retrieved from /home/airflow/.local/lib/python3.7/site-packages/airflow/example_dags/example_branch_operator_decorator.py
[2025-05-03T18:05:54.322+0000] {logging_mixin.py:120} INFO - [2025-05-03T18:05:54.322+0000] {dag.py:2585} INFO - Sync 1 DAGs
[2025-05-03T18:05:54.338+0000] {logging_mixin.py:120} INFO - [2025-05-03T18:05:54.338+0000] {dag.py:3340} INFO - Setting next_dagrun for example_branch_python_operator_decorator to 2025-05-02T00:00:00+00:00, run_after=2025-05-03T00:00:00+00:00
[2025-05-03T18:05:54.350+0000] {processor.py:176} INFO - Processing /home/airflow/.local/lib/python3.7/site-packages/airflow/example_dags/example_branch_operator_decorator.py took 0.069 seconds
[2025-05-03T19:25:57.780+0000] {processor.py:154} INFO - Started process (PID=44167) to work on /home/airflow/.local/lib/python3.7/site-packages/airflow/example_dags/example_branch_operator_decorator.py
[2025-05-03T19:25:57.781+0000] {processor.py:756} INFO - Processing file /home/airflow/.local/lib/python3.7/site-packages/airflow/example_dags/example_branch_operator_decorator.py for tasks to queue
[2025-05-03T19:25:57.781+0000] {logging_mixin.py:120} INFO - [2025-05-03T19:25:57.781+0000] {dagbag.py:537} INFO - Filling up the DagBag from /home/airflow/.local/lib/python3.7/site-packages/airflow/example_dags/example_branch_operator_decorator.py
[2025-05-03T19:25:57.794+0000] {processor.py:766} INFO - DAG(s) dict_keys(['example_branch_python_operator_decorator']) retrieved from /home/airflow/.local/lib/python3.7/site-packages/airflow/example_dags/example_branch_operator_decorator.py
[2025-05-03T19:25:57.821+0000] {logging_mixin.py:120} INFO - [2025-05-03T19:25:57.820+0000] {dag.py:2585} INFO - Sync 1 DAGs
[2025-05-03T19:25:57.835+0000] {logging_mixin.py:120} INFO - [2025-05-03T19:25:57.835+0000] {dag.py:3340} INFO - Setting next_dagrun for example_branch_python_operator_decorator to 2025-05-02T00:00:00+00:00, run_after=2025-05-03T00:00:00+00:00
[2025-05-03T19:25:57.845+0000] {processor.py:176} INFO - Processing /home/airflow/.local/lib/python3.7/site-packages/airflow/example_dags/example_branch_operator_decorator.py took 0.066 seconds
[2025-05-03T20:07:05.256+0000] {processor.py:154} INFO - Started process (PID=44229) to work on /home/airflow/.local/lib/python3.7/site-packages/airflow/example_dags/example_branch_operator_decorator.py
[2025-05-03T20:07:05.257+0000] {processor.py:756} INFO - Processing file /home/airflow/.local/lib/python3.7/site-packages/airflow/example_dags/example_branch_operator_decorator.py for tasks to queue
[2025-05-03T20:07:05.257+0000] {logging_mixin.py:120} INFO - [2025-05-03T20:07:05.257+0000] {dagbag.py:537} INFO - Filling up the DagBag from /home/airflow/.local/lib/python3.7/site-packages/airflow/example_dags/example_branch_operator_decorator.py
[2025-05-03T20:07:05.269+0000] {processor.py:766} INFO - DAG(s) dict_keys(['example_branch_python_operator_decorator']) retrieved from /home/airflow/.local/lib/python3.7/site-packages/airflow/example_dags/example_branch_operator_decorator.py
[2025-05-03T20:07:05.288+0000] {logging_mixin.py:120} INFO - [2025-05-03T20:07:05.288+0000] {dag.py:2585} INFO - Sync 1 DAGs
[2025-05-03T20:07:05.299+0000] {logging_mixin.py:120} INFO - [2025-05-03T20:07:05.299+0000] {dag.py:3340} INFO - Setting next_dagrun for example_branch_python_operator_decorator to 2025-05-02T00:00:00+00:00, run_after=2025-05-03T00:00:00+00:00
[2025-05-03T20:07:05.307+0000] {processor.py:176} INFO - Processing /home/airflow/.local/lib/python3.7/site-packages/airflow/example_dags/example_branch_operator_decorator.py took 0.052 seconds
[2025-05-03T21:36:13.664+0000] {processor.py:154} INFO - Started process (PID=44283) to work on /home/airflow/.local/lib/python3.7/site-packages/airflow/example_dags/example_branch_operator_decorator.py
[2025-05-03T21:36:13.664+0000] {processor.py:756} INFO - Processing file /home/airflow/.local/lib/python3.7/site-packages/airflow/example_dags/example_branch_operator_decorator.py for tasks to queue
[2025-05-03T21:36:13.665+0000] {logging_mixin.py:120} INFO - [2025-05-03T21:36:13.665+0000] {dagbag.py:537} INFO - Filling up the DagBag from /home/airflow/.local/lib/python3.7/site-packages/airflow/example_dags/example_branch_operator_decorator.py
[2025-05-03T21:36:13.677+0000] {processor.py:766} INFO - DAG(s) dict_keys(['example_branch_python_operator_decorator']) retrieved from /home/airflow/.local/lib/python3.7/site-packages/airflow/example_dags/example_branch_operator_decorator.py
[2025-05-03T21:36:13.701+0000] {logging_mixin.py:120} INFO - [2025-05-03T21:36:13.701+0000] {dag.py:2585} INFO - Sync 1 DAGs
[2025-05-03T21:36:13.713+0000] {logging_mixin.py:120} INFO - [2025-05-03T21:36:13.713+0000] {dag.py:3340} INFO - Setting next_dagrun for example_branch_python_operator_decorator to 2025-05-02T00:00:00+00:00, run_after=2025-05-03T00:00:00+00:00
[2025-05-03T21:36:13.724+0000] {processor.py:176} INFO - Processing /home/airflow/.local/lib/python3.7/site-packages/airflow/example_dags/example_branch_operator_decorator.py took 0.062 seconds
[2025-05-03T22:19:52.636+0000] {processor.py:154} INFO - Started process (PID=44346) to work on /home/airflow/.local/lib/python3.7/site-packages/airflow/example_dags/example_branch_operator_decorator.py
[2025-05-03T22:19:52.637+0000] {processor.py:756} INFO - Processing file /home/airflow/.local/lib/python3.7/site-packages/airflow/example_dags/example_branch_operator_decorator.py for tasks to queue
[2025-05-03T22:19:52.638+0000] {logging_mixin.py:120} INFO - [2025-05-03T22:19:52.638+0000] {dagbag.py:537} INFO - Filling up the DagBag from /home/airflow/.local/lib/python3.7/site-packages/airflow/example_dags/example_branch_operator_decorator.py
[2025-05-03T22:19:52.651+0000] {processor.py:766} INFO - DAG(s) dict_keys(['example_branch_python_operator_decorator']) retrieved from /home/airflow/.local/lib/python3.7/site-packages/airflow/example_dags/example_branch_operator_decorator.py
[2025-05-03T22:19:52.673+0000] {logging_mixin.py:120} INFO - [2025-05-03T22:19:52.673+0000] {dag.py:2585} INFO - Sync 1 DAGs
[2025-05-03T22:19:52.685+0000] {logging_mixin.py:120} INFO - [2025-05-03T22:19:52.685+0000] {dag.py:3340} INFO - Setting next_dagrun for example_branch_python_operator_decorator to 2025-05-02T00:00:00+00:00, run_after=2025-05-03T00:00:00+00:00
[2025-05-03T22:19:52.694+0000] {processor.py:176} INFO - Processing /home/airflow/.local/lib/python3.7/site-packages/airflow/example_dags/example_branch_operator_decorator.py took 0.061 seconds
[2025-05-03T23:04:45.746+0000] {processor.py:154} INFO - Started process (PID=44409) to work on /home/airflow/.local/lib/python3.7/site-packages/airflow/example_dags/example_branch_operator_decorator.py
[2025-05-03T23:04:45.747+0000] {processor.py:756} INFO - Processing file /home/airflow/.local/lib/python3.7/site-packages/airflow/example_dags/example_branch_operator_decorator.py for tasks to queue
[2025-05-03T23:04:45.747+0000] {logging_mixin.py:120} INFO - [2025-05-03T23:04:45.747+0000] {dagbag.py:537} INFO - Filling up the DagBag from /home/airflow/.local/lib/python3.7/site-packages/airflow/example_dags/example_branch_operator_decorator.py
[2025-05-03T23:04:45.760+0000] {processor.py:766} INFO - DAG(s) dict_keys(['example_branch_python_operator_decorator']) retrieved from /home/airflow/.local/lib/python3.7/site-packages/airflow/example_dags/example_branch_operator_decorator.py
[2025-05-03T23:04:45.784+0000] {logging_mixin.py:120} INFO - [2025-05-03T23:04:45.784+0000] {dag.py:2585} INFO - Sync 1 DAGs
[2025-05-03T23:04:45.797+0000] {logging_mixin.py:120} INFO - [2025-05-03T23:04:45.797+0000] {dag.py:3340} INFO - Setting next_dagrun for example_branch_python_operator_decorator to 2025-05-02T00:00:00+00:00, run_after=2025-05-03T00:00:00+00:00
[2025-05-03T23:04:45.806+0000] {processor.py:176} INFO - Processing /home/airflow/.local/lib/python3.7/site-packages/airflow/example_dags/example_branch_operator_decorator.py took 0.062 seconds
[2025-05-03T23:22:08.000+0000] {processor.py:154} INFO - Started process (PID=44471) to work on /home/airflow/.local/lib/python3.7/site-packages/airflow/example_dags/example_branch_operator_decorator.py
[2025-05-03T23:22:08.001+0000] {processor.py:756} INFO - Processing file /home/airflow/.local/lib/python3.7/site-packages/airflow/example_dags/example_branch_operator_decorator.py for tasks to queue
[2025-05-03T23:22:08.001+0000] {logging_mixin.py:120} INFO - [2025-05-03T23:22:08.001+0000] {dagbag.py:537} INFO - Filling up the DagBag from /home/airflow/.local/lib/python3.7/site-packages/airflow/example_dags/example_branch_operator_decorator.py
[2025-05-03T23:22:08.013+0000] {processor.py:766} INFO - DAG(s) dict_keys(['example_branch_python_operator_decorator']) retrieved from /home/airflow/.local/lib/python3.7/site-packages/airflow/example_dags/example_branch_operator_decorator.py
[2025-05-03T23:22:08.033+0000] {logging_mixin.py:120} INFO - [2025-05-03T23:22:08.033+0000] {dag.py:2585} INFO - Sync 1 DAGs
[2025-05-03T23:22:08.045+0000] {logging_mixin.py:120} INFO - [2025-05-03T23:22:08.045+0000] {dag.py:3340} INFO - Setting next_dagrun for example_branch_python_operator_decorator to 2025-05-02T00:00:00+00:00, run_after=2025-05-03T00:00:00+00:00
[2025-05-03T23:22:08.054+0000] {processor.py:176} INFO - Processing /home/airflow/.local/lib/python3.7/site-packages/airflow/example_dags/example_branch_operator_decorator.py took 0.055 seconds
[2025-05-03T23:38:29.170+0000] {processor.py:154} INFO - Started process (PID=44534) to work on /home/airflow/.local/lib/python3.7/site-packages/airflow/example_dags/example_branch_operator_decorator.py
[2025-05-03T23:38:29.171+0000] {processor.py:756} INFO - Processing file /home/airflow/.local/lib/python3.7/site-packages/airflow/example_dags/example_branch_operator_decorator.py for tasks to queue
[2025-05-03T23:38:29.171+0000] {logging_mixin.py:120} INFO - [2025-05-03T23:38:29.171+0000] {dagbag.py:537} INFO - Filling up the DagBag from /home/airflow/.local/lib/python3.7/site-packages/airflow/example_dags/example_branch_operator_decorator.py
[2025-05-03T23:38:29.182+0000] {processor.py:766} INFO - DAG(s) dict_keys(['example_branch_python_operator_decorator']) retrieved from /home/airflow/.local/lib/python3.7/site-packages/airflow/example_dags/example_branch_operator_decorator.py
[2025-05-03T23:38:29.199+0000] {logging_mixin.py:120} INFO - [2025-05-03T23:38:29.199+0000] {dag.py:2585} INFO - Sync 1 DAGs
[2025-05-03T23:38:29.210+0000] {logging_mixin.py:120} INFO - [2025-05-03T23:38:29.210+0000] {dag.py:3340} INFO - Setting next_dagrun for example_branch_python_operator_decorator to 2025-05-02T00:00:00+00:00, run_after=2025-05-03T00:00:00+00:00
[2025-05-03T23:38:29.218+0000] {processor.py:176} INFO - Processing /home/airflow/.local/lib/python3.7/site-packages/airflow/example_dags/example_branch_operator_decorator.py took 0.050 seconds
[2025-05-03T23:56:24.910+0000] {processor.py:154} INFO - Started process (PID=44597) to work on /home/airflow/.local/lib/python3.7/site-packages/airflow/example_dags/example_branch_operator_decorator.py
[2025-05-03T23:56:24.912+0000] {processor.py:756} INFO - Processing file /home/airflow/.local/lib/python3.7/site-packages/airflow/example_dags/example_branch_operator_decorator.py for tasks to queue
[2025-05-03T23:56:24.912+0000] {logging_mixin.py:120} INFO - [2025-05-03T23:56:24.912+0000] {dagbag.py:537} INFO - Filling up the DagBag from /home/airflow/.local/lib/python3.7/site-packages/airflow/example_dags/example_branch_operator_decorator.py
[2025-05-03T23:56:24.924+0000] {processor.py:766} INFO - DAG(s) dict_keys(['example_branch_python_operator_decorator']) retrieved from /home/airflow/.local/lib/python3.7/site-packages/airflow/example_dags/example_branch_operator_decorator.py
[2025-05-03T23:56:24.945+0000] {logging_mixin.py:120} INFO - [2025-05-03T23:56:24.945+0000] {dag.py:2585} INFO - Sync 1 DAGs
[2025-05-03T23:56:24.958+0000] {logging_mixin.py:120} INFO - [2025-05-03T23:56:24.957+0000] {dag.py:3340} INFO - Setting next_dagrun for example_branch_python_operator_decorator to 2025-05-02T00:00:00+00:00, run_after=2025-05-03T00:00:00+00:00
[2025-05-03T23:56:24.967+0000] {processor.py:176} INFO - Processing /home/airflow/.local/lib/python3.7/site-packages/airflow/example_dags/example_branch_operator_decorator.py took 0.059 seconds
