[2025-05-03T00:29:31.531+0000] {processor.py:154} INFO - Started process (PID=42627) to work on /home/airflow/.local/lib/python3.7/site-packages/airflow/example_dags/example_latest_only_with_trigger.py
[2025-05-03T00:29:31.532+0000] {processor.py:756} INFO - Processing file /home/airflow/.local/lib/python3.7/site-packages/airflow/example_dags/example_latest_only_with_trigger.py for tasks to queue
[2025-05-03T00:29:31.533+0000] {logging_mixin.py:120} INFO - [2025-05-03T00:29:31.533+0000] {dagbag.py:537} INFO - Filling up the DagBag from /home/airflow/.local/lib/python3.7/site-packages/airflow/example_dags/example_latest_only_with_trigger.py
[2025-05-03T00:29:31.542+0000] {processor.py:766} INFO - DAG(s) dict_keys(['latest_only_with_trigger']) retrieved from /home/airflow/.local/lib/python3.7/site-packages/airflow/example_dags/example_latest_only_with_trigger.py
[2025-05-03T00:29:31.561+0000] {logging_mixin.py:120} INFO - [2025-05-03T00:29:31.561+0000] {dag.py:2585} INFO - Sync 1 DAGs
[2025-05-03T00:29:31.572+0000] {logging_mixin.py:120} INFO - [2025-05-03T00:29:31.572+0000] {dag.py:3340} INFO - Setting next_dagrun for latest_only_with_trigger to 2025-05-02T20:29:31.572616+00:00, run_after=2025-05-03T00:29:31.572616+00:00
[2025-05-03T00:29:31.580+0000] {processor.py:176} INFO - Processing /home/airflow/.local/lib/python3.7/site-packages/airflow/example_dags/example_latest_only_with_trigger.py took 0.050 seconds
[2025-05-03T00:52:39.826+0000] {processor.py:154} INFO - Started process (PID=42681) to work on /home/airflow/.local/lib/python3.7/site-packages/airflow/example_dags/example_latest_only_with_trigger.py
[2025-05-03T00:52:39.829+0000] {processor.py:756} INFO - Processing file /home/airflow/.local/lib/python3.7/site-packages/airflow/example_dags/example_latest_only_with_trigger.py for tasks to queue
[2025-05-03T00:52:39.829+0000] {logging_mixin.py:120} INFO - [2025-05-03T00:52:39.829+0000] {dagbag.py:537} INFO - Filling up the DagBag from /home/airflow/.local/lib/python3.7/site-packages/airflow/example_dags/example_latest_only_with_trigger.py
[2025-05-03T00:52:39.837+0000] {processor.py:766} INFO - DAG(s) dict_keys(['latest_only_with_trigger']) retrieved from /home/airflow/.local/lib/python3.7/site-packages/airflow/example_dags/example_latest_only_with_trigger.py
[2025-05-03T00:52:39.862+0000] {logging_mixin.py:120} INFO - [2025-05-03T00:52:39.861+0000] {dag.py:2585} INFO - Sync 1 DAGs
[2025-05-03T00:52:39.877+0000] {logging_mixin.py:120} INFO - [2025-05-03T00:52:39.877+0000] {dag.py:3340} INFO - Setting next_dagrun for latest_only_with_trigger to 2025-05-02T20:52:39.876868+00:00, run_after=2025-05-03T00:52:39.876868+00:00
[2025-05-03T00:52:39.888+0000] {processor.py:176} INFO - Processing /home/airflow/.local/lib/python3.7/site-packages/airflow/example_dags/example_latest_only_with_trigger.py took 0.065 seconds
[2025-05-03T01:16:08.177+0000] {processor.py:154} INFO - Started process (PID=42744) to work on /home/airflow/.local/lib/python3.7/site-packages/airflow/example_dags/example_latest_only_with_trigger.py
[2025-05-03T01:16:08.179+0000] {processor.py:756} INFO - Processing file /home/airflow/.local/lib/python3.7/site-packages/airflow/example_dags/example_latest_only_with_trigger.py for tasks to queue
[2025-05-03T01:16:08.179+0000] {logging_mixin.py:120} INFO - [2025-05-03T01:16:08.179+0000] {dagbag.py:537} INFO - Filling up the DagBag from /home/airflow/.local/lib/python3.7/site-packages/airflow/example_dags/example_latest_only_with_trigger.py
[2025-05-03T01:16:08.187+0000] {processor.py:766} INFO - DAG(s) dict_keys(['latest_only_with_trigger']) retrieved from /home/airflow/.local/lib/python3.7/site-packages/airflow/example_dags/example_latest_only_with_trigger.py
[2025-05-03T01:16:08.218+0000] {logging_mixin.py:120} INFO - [2025-05-03T01:16:08.218+0000] {dag.py:2585} INFO - Sync 1 DAGs
[2025-05-03T01:16:08.231+0000] {logging_mixin.py:120} INFO - [2025-05-03T01:16:08.231+0000] {dag.py:3340} INFO - Setting next_dagrun for latest_only_with_trigger to 2025-05-02T21:16:08.231552+00:00, run_after=2025-05-03T01:16:08.231552+00:00
[2025-05-03T01:16:08.243+0000] {processor.py:176} INFO - Processing /home/airflow/.local/lib/python3.7/site-packages/airflow/example_dags/example_latest_only_with_trigger.py took 0.069 seconds
[2025-05-03T01:19:52.736+0000] {processor.py:154} INFO - Started process (PID=42806) to work on /home/airflow/.local/lib/python3.7/site-packages/airflow/example_dags/example_latest_only_with_trigger.py
[2025-05-03T01:19:52.736+0000] {processor.py:756} INFO - Processing file /home/airflow/.local/lib/python3.7/site-packages/airflow/example_dags/example_latest_only_with_trigger.py for tasks to queue
[2025-05-03T01:19:52.737+0000] {logging_mixin.py:120} INFO - [2025-05-03T01:19:52.737+0000] {dagbag.py:537} INFO - Filling up the DagBag from /home/airflow/.local/lib/python3.7/site-packages/airflow/example_dags/example_latest_only_with_trigger.py
[2025-05-03T01:19:52.744+0000] {processor.py:766} INFO - DAG(s) dict_keys(['latest_only_with_trigger']) retrieved from /home/airflow/.local/lib/python3.7/site-packages/airflow/example_dags/example_latest_only_with_trigger.py
[2025-05-03T01:19:52.767+0000] {logging_mixin.py:120} INFO - [2025-05-03T01:19:52.767+0000] {dag.py:2585} INFO - Sync 1 DAGs
[2025-05-03T01:19:52.776+0000] {logging_mixin.py:120} INFO - [2025-05-03T01:19:52.776+0000] {dag.py:3340} INFO - Setting next_dagrun for latest_only_with_trigger to 2025-05-02T21:19:52.776071+00:00, run_after=2025-05-03T01:19:52.776071+00:00
[2025-05-03T01:19:52.786+0000] {processor.py:176} INFO - Processing /home/airflow/.local/lib/python3.7/site-packages/airflow/example_dags/example_latest_only_with_trigger.py took 0.052 seconds
[2025-05-03T01:24:04.498+0000] {processor.py:154} INFO - Started process (PID=42868) to work on /home/airflow/.local/lib/python3.7/site-packages/airflow/example_dags/example_latest_only_with_trigger.py
[2025-05-03T01:24:04.498+0000] {processor.py:756} INFO - Processing file /home/airflow/.local/lib/python3.7/site-packages/airflow/example_dags/example_latest_only_with_trigger.py for tasks to queue
[2025-05-03T01:24:04.499+0000] {logging_mixin.py:120} INFO - [2025-05-03T01:24:04.499+0000] {dagbag.py:537} INFO - Filling up the DagBag from /home/airflow/.local/lib/python3.7/site-packages/airflow/example_dags/example_latest_only_with_trigger.py
[2025-05-03T01:24:04.506+0000] {processor.py:766} INFO - DAG(s) dict_keys(['latest_only_with_trigger']) retrieved from /home/airflow/.local/lib/python3.7/site-packages/airflow/example_dags/example_latest_only_with_trigger.py
[2025-05-03T01:24:04.525+0000] {logging_mixin.py:120} INFO - [2025-05-03T01:24:04.525+0000] {dag.py:2585} INFO - Sync 1 DAGs
[2025-05-03T01:24:04.534+0000] {logging_mixin.py:120} INFO - [2025-05-03T01:24:04.534+0000] {dag.py:3340} INFO - Setting next_dagrun for latest_only_with_trigger to 2025-05-02T21:24:04.534623+00:00, run_after=2025-05-03T01:24:04.534623+00:00
[2025-05-03T01:24:04.543+0000] {processor.py:176} INFO - Processing /home/airflow/.local/lib/python3.7/site-packages/airflow/example_dags/example_latest_only_with_trigger.py took 0.046 seconds
[2025-05-03T02:06:32.499+0000] {processor.py:154} INFO - Started process (PID=42931) to work on /home/airflow/.local/lib/python3.7/site-packages/airflow/example_dags/example_latest_only_with_trigger.py
[2025-05-03T02:06:32.500+0000] {processor.py:756} INFO - Processing file /home/airflow/.local/lib/python3.7/site-packages/airflow/example_dags/example_latest_only_with_trigger.py for tasks to queue
[2025-05-03T02:06:32.500+0000] {logging_mixin.py:120} INFO - [2025-05-03T02:06:32.500+0000] {dagbag.py:537} INFO - Filling up the DagBag from /home/airflow/.local/lib/python3.7/site-packages/airflow/example_dags/example_latest_only_with_trigger.py
[2025-05-03T02:06:32.509+0000] {processor.py:766} INFO - DAG(s) dict_keys(['latest_only_with_trigger']) retrieved from /home/airflow/.local/lib/python3.7/site-packages/airflow/example_dags/example_latest_only_with_trigger.py
[2025-05-03T02:06:32.529+0000] {logging_mixin.py:120} INFO - [2025-05-03T02:06:32.529+0000] {dag.py:2585} INFO - Sync 1 DAGs
[2025-05-03T02:06:32.544+0000] {logging_mixin.py:120} INFO - [2025-05-03T02:06:32.544+0000] {dag.py:3340} INFO - Setting next_dagrun for latest_only_with_trigger to 2025-05-02T22:06:32.543896+00:00, run_after=2025-05-03T02:06:32.543896+00:00
[2025-05-03T02:06:32.555+0000] {processor.py:176} INFO - Processing /home/airflow/.local/lib/python3.7/site-packages/airflow/example_dags/example_latest_only_with_trigger.py took 0.057 seconds
[2025-05-03T02:48:24.266+0000] {processor.py:154} INFO - Started process (PID=42994) to work on /home/airflow/.local/lib/python3.7/site-packages/airflow/example_dags/example_latest_only_with_trigger.py
[2025-05-03T02:48:24.267+0000] {processor.py:756} INFO - Processing file /home/airflow/.local/lib/python3.7/site-packages/airflow/example_dags/example_latest_only_with_trigger.py for tasks to queue
[2025-05-03T02:48:24.268+0000] {logging_mixin.py:120} INFO - [2025-05-03T02:48:24.268+0000] {dagbag.py:537} INFO - Filling up the DagBag from /home/airflow/.local/lib/python3.7/site-packages/airflow/example_dags/example_latest_only_with_trigger.py
[2025-05-03T02:48:24.276+0000] {processor.py:766} INFO - DAG(s) dict_keys(['latest_only_with_trigger']) retrieved from /home/airflow/.local/lib/python3.7/site-packages/airflow/example_dags/example_latest_only_with_trigger.py
[2025-05-03T02:48:24.296+0000] {logging_mixin.py:120} INFO - [2025-05-03T02:48:24.296+0000] {dag.py:2585} INFO - Sync 1 DAGs
[2025-05-03T02:48:24.306+0000] {logging_mixin.py:120} INFO - [2025-05-03T02:48:24.306+0000] {dag.py:3340} INFO - Setting next_dagrun for latest_only_with_trigger to 2025-05-02T22:48:24.306489+00:00, run_after=2025-05-03T02:48:24.306489+00:00
[2025-05-03T02:48:24.317+0000] {processor.py:176} INFO - Processing /home/airflow/.local/lib/python3.7/site-packages/airflow/example_dags/example_latest_only_with_trigger.py took 0.053 seconds
[2025-05-03T03:21:20.033+0000] {processor.py:154} INFO - Started process (PID=43057) to work on /home/airflow/.local/lib/python3.7/site-packages/airflow/example_dags/example_latest_only_with_trigger.py
[2025-05-03T03:21:20.035+0000] {processor.py:756} INFO - Processing file /home/airflow/.local/lib/python3.7/site-packages/airflow/example_dags/example_latest_only_with_trigger.py for tasks to queue
[2025-05-03T03:21:20.035+0000] {logging_mixin.py:120} INFO - [2025-05-03T03:21:20.035+0000] {dagbag.py:537} INFO - Filling up the DagBag from /home/airflow/.local/lib/python3.7/site-packages/airflow/example_dags/example_latest_only_with_trigger.py
[2025-05-03T03:21:20.045+0000] {processor.py:766} INFO - DAG(s) dict_keys(['latest_only_with_trigger']) retrieved from /home/airflow/.local/lib/python3.7/site-packages/airflow/example_dags/example_latest_only_with_trigger.py
[2025-05-03T03:21:20.076+0000] {logging_mixin.py:120} INFO - [2025-05-03T03:21:20.076+0000] {dag.py:2585} INFO - Sync 1 DAGs
[2025-05-03T03:21:20.093+0000] {logging_mixin.py:120} INFO - [2025-05-03T03:21:20.093+0000] {dag.py:3340} INFO - Setting next_dagrun for latest_only_with_trigger to 2025-05-02T23:21:20.093169+00:00, run_after=2025-05-03T03:21:20.093169+00:00
[2025-05-03T03:21:20.105+0000] {processor.py:176} INFO - Processing /home/airflow/.local/lib/python3.7/site-packages/airflow/example_dags/example_latest_only_with_trigger.py took 0.073 seconds
[2025-05-03T04:10:42.091+0000] {processor.py:154} INFO - Started process (PID=43111) to work on /home/airflow/.local/lib/python3.7/site-packages/airflow/example_dags/example_latest_only_with_trigger.py
[2025-05-03T04:10:42.093+0000] {processor.py:756} INFO - Processing file /home/airflow/.local/lib/python3.7/site-packages/airflow/example_dags/example_latest_only_with_trigger.py for tasks to queue
[2025-05-03T04:10:42.093+0000] {logging_mixin.py:120} INFO - [2025-05-03T04:10:42.093+0000] {dagbag.py:537} INFO - Filling up the DagBag from /home/airflow/.local/lib/python3.7/site-packages/airflow/example_dags/example_latest_only_with_trigger.py
[2025-05-03T04:10:42.101+0000] {processor.py:766} INFO - DAG(s) dict_keys(['latest_only_with_trigger']) retrieved from /home/airflow/.local/lib/python3.7/site-packages/airflow/example_dags/example_latest_only_with_trigger.py
[2025-05-03T04:10:42.124+0000] {logging_mixin.py:120} INFO - [2025-05-03T04:10:42.123+0000] {dag.py:2585} INFO - Sync 1 DAGs
[2025-05-03T04:10:42.137+0000] {logging_mixin.py:120} INFO - [2025-05-03T04:10:42.137+0000] {dag.py:3340} INFO - Setting next_dagrun for latest_only_with_trigger to 2025-05-03T00:10:42.137450+00:00, run_after=2025-05-03T04:10:42.137450+00:00
[2025-05-03T04:10:42.150+0000] {processor.py:176} INFO - Processing /home/airflow/.local/lib/python3.7/site-packages/airflow/example_dags/example_latest_only_with_trigger.py took 0.060 seconds
[2025-05-03T04:54:16.202+0000] {processor.py:154} INFO - Started process (PID=43174) to work on /home/airflow/.local/lib/python3.7/site-packages/airflow/example_dags/example_latest_only_with_trigger.py
[2025-05-03T04:54:16.202+0000] {processor.py:756} INFO - Processing file /home/airflow/.local/lib/python3.7/site-packages/airflow/example_dags/example_latest_only_with_trigger.py for tasks to queue
[2025-05-03T04:54:16.204+0000] {logging_mixin.py:120} INFO - [2025-05-03T04:54:16.204+0000] {dagbag.py:537} INFO - Filling up the DagBag from /home/airflow/.local/lib/python3.7/site-packages/airflow/example_dags/example_latest_only_with_trigger.py
[2025-05-03T04:54:16.213+0000] {processor.py:766} INFO - DAG(s) dict_keys(['latest_only_with_trigger']) retrieved from /home/airflow/.local/lib/python3.7/site-packages/airflow/example_dags/example_latest_only_with_trigger.py
[2025-05-03T04:54:16.234+0000] {logging_mixin.py:120} INFO - [2025-05-03T04:54:16.234+0000] {dag.py:2585} INFO - Sync 1 DAGs
[2025-05-03T04:54:16.250+0000] {logging_mixin.py:120} INFO - [2025-05-03T04:54:16.250+0000] {dag.py:3340} INFO - Setting next_dagrun for latest_only_with_trigger to 2025-05-03T00:54:16.250440+00:00, run_after=2025-05-03T04:54:16.250440+00:00
[2025-05-03T04:54:16.260+0000] {processor.py:176} INFO - Processing /home/airflow/.local/lib/python3.7/site-packages/airflow/example_dags/example_latest_only_with_trigger.py took 0.059 seconds
[2025-05-03T05:53:09.482+0000] {processor.py:154} INFO - Started process (PID=43237) to work on /home/airflow/.local/lib/python3.7/site-packages/airflow/example_dags/example_latest_only_with_trigger.py
[2025-05-03T05:53:09.483+0000] {processor.py:756} INFO - Processing file /home/airflow/.local/lib/python3.7/site-packages/airflow/example_dags/example_latest_only_with_trigger.py for tasks to queue
[2025-05-03T05:53:09.484+0000] {logging_mixin.py:120} INFO - [2025-05-03T05:53:09.484+0000] {dagbag.py:537} INFO - Filling up the DagBag from /home/airflow/.local/lib/python3.7/site-packages/airflow/example_dags/example_latest_only_with_trigger.py
[2025-05-03T05:53:09.492+0000] {processor.py:766} INFO - DAG(s) dict_keys(['latest_only_with_trigger']) retrieved from /home/airflow/.local/lib/python3.7/site-packages/airflow/example_dags/example_latest_only_with_trigger.py
[2025-05-03T05:53:09.513+0000] {logging_mixin.py:120} INFO - [2025-05-03T05:53:09.513+0000] {dag.py:2585} INFO - Sync 1 DAGs
[2025-05-03T05:53:09.525+0000] {logging_mixin.py:120} INFO - [2025-05-03T05:53:09.525+0000] {dag.py:3340} INFO - Setting next_dagrun for latest_only_with_trigger to 2025-05-03T01:53:09.525616+00:00, run_after=2025-05-03T05:53:09.525616+00:00
[2025-05-03T05:53:09.535+0000] {processor.py:176} INFO - Processing /home/airflow/.local/lib/python3.7/site-packages/airflow/example_dags/example_latest_only_with_trigger.py took 0.055 seconds
[2025-05-03T06:30:38.419+0000] {processor.py:154} INFO - Started process (PID=43301) to work on /home/airflow/.local/lib/python3.7/site-packages/airflow/example_dags/example_latest_only_with_trigger.py
[2025-05-03T06:30:38.422+0000] {processor.py:756} INFO - Processing file /home/airflow/.local/lib/python3.7/site-packages/airflow/example_dags/example_latest_only_with_trigger.py for tasks to queue
[2025-05-03T06:30:38.423+0000] {logging_mixin.py:120} INFO - [2025-05-03T06:30:38.423+0000] {dagbag.py:537} INFO - Filling up the DagBag from /home/airflow/.local/lib/python3.7/site-packages/airflow/example_dags/example_latest_only_with_trigger.py
[2025-05-03T06:30:38.430+0000] {processor.py:766} INFO - DAG(s) dict_keys(['latest_only_with_trigger']) retrieved from /home/airflow/.local/lib/python3.7/site-packages/airflow/example_dags/example_latest_only_with_trigger.py
[2025-05-03T06:30:38.449+0000] {logging_mixin.py:120} INFO - [2025-05-03T06:30:38.449+0000] {dag.py:2585} INFO - Sync 1 DAGs
[2025-05-03T06:30:38.461+0000] {logging_mixin.py:120} INFO - [2025-05-03T06:30:38.461+0000] {dag.py:3340} INFO - Setting next_dagrun for latest_only_with_trigger to 2025-05-03T02:30:38.460923+00:00, run_after=2025-05-03T06:30:38.460923+00:00
[2025-05-03T06:30:38.473+0000] {processor.py:176} INFO - Processing /home/airflow/.local/lib/python3.7/site-packages/airflow/example_dags/example_latest_only_with_trigger.py took 0.055 seconds
[2025-05-03T07:22:16.057+0000] {processor.py:154} INFO - Started process (PID=43364) to work on /home/airflow/.local/lib/python3.7/site-packages/airflow/example_dags/example_latest_only_with_trigger.py
[2025-05-03T07:22:16.058+0000] {processor.py:756} INFO - Processing file /home/airflow/.local/lib/python3.7/site-packages/airflow/example_dags/example_latest_only_with_trigger.py for tasks to queue
[2025-05-03T07:22:16.058+0000] {logging_mixin.py:120} INFO - [2025-05-03T07:22:16.058+0000] {dagbag.py:537} INFO - Filling up the DagBag from /home/airflow/.local/lib/python3.7/site-packages/airflow/example_dags/example_latest_only_with_trigger.py
[2025-05-03T07:22:16.066+0000] {processor.py:766} INFO - DAG(s) dict_keys(['latest_only_with_trigger']) retrieved from /home/airflow/.local/lib/python3.7/site-packages/airflow/example_dags/example_latest_only_with_trigger.py
[2025-05-03T07:22:16.087+0000] {logging_mixin.py:120} INFO - [2025-05-03T07:22:16.087+0000] {dag.py:2585} INFO - Sync 1 DAGs
[2025-05-03T07:22:16.099+0000] {logging_mixin.py:120} INFO - [2025-05-03T07:22:16.099+0000] {dag.py:3340} INFO - Setting next_dagrun for latest_only_with_trigger to 2025-05-03T03:22:16.099492+00:00, run_after=2025-05-03T07:22:16.099492+00:00
[2025-05-03T07:22:16.113+0000] {processor.py:176} INFO - Processing /home/airflow/.local/lib/python3.7/site-packages/airflow/example_dags/example_latest_only_with_trigger.py took 0.058 seconds
[2025-05-03T08:23:10.878+0000] {processor.py:154} INFO - Started process (PID=43427) to work on /home/airflow/.local/lib/python3.7/site-packages/airflow/example_dags/example_latest_only_with_trigger.py
[2025-05-03T08:23:10.879+0000] {processor.py:756} INFO - Processing file /home/airflow/.local/lib/python3.7/site-packages/airflow/example_dags/example_latest_only_with_trigger.py for tasks to queue
[2025-05-03T08:23:10.879+0000] {logging_mixin.py:120} INFO - [2025-05-03T08:23:10.879+0000] {dagbag.py:537} INFO - Filling up the DagBag from /home/airflow/.local/lib/python3.7/site-packages/airflow/example_dags/example_latest_only_with_trigger.py
[2025-05-03T08:23:10.886+0000] {processor.py:766} INFO - DAG(s) dict_keys(['latest_only_with_trigger']) retrieved from /home/airflow/.local/lib/python3.7/site-packages/airflow/example_dags/example_latest_only_with_trigger.py
[2025-05-03T08:23:10.910+0000] {logging_mixin.py:120} INFO - [2025-05-03T08:23:10.910+0000] {dag.py:2585} INFO - Sync 1 DAGs
[2025-05-03T08:23:10.922+0000] {logging_mixin.py:120} INFO - [2025-05-03T08:23:10.922+0000] {dag.py:3340} INFO - Setting next_dagrun for latest_only_with_trigger to 2025-05-03T04:23:10.921988+00:00, run_after=2025-05-03T08:23:10.921988+00:00
[2025-05-03T08:23:10.933+0000] {processor.py:176} INFO - Processing /home/airflow/.local/lib/python3.7/site-packages/airflow/example_dags/example_latest_only_with_trigger.py took 0.056 seconds
[2025-05-03T09:41:38.501+0000] {processor.py:154} INFO - Started process (PID=43480) to work on /home/airflow/.local/lib/python3.7/site-packages/airflow/example_dags/example_latest_only_with_trigger.py
[2025-05-03T09:41:38.502+0000] {processor.py:756} INFO - Processing file /home/airflow/.local/lib/python3.7/site-packages/airflow/example_dags/example_latest_only_with_trigger.py for tasks to queue
[2025-05-03T09:41:38.503+0000] {logging_mixin.py:120} INFO - [2025-05-03T09:41:38.503+0000] {dagbag.py:537} INFO - Filling up the DagBag from /home/airflow/.local/lib/python3.7/site-packages/airflow/example_dags/example_latest_only_with_trigger.py
[2025-05-03T09:41:38.511+0000] {processor.py:766} INFO - DAG(s) dict_keys(['latest_only_with_trigger']) retrieved from /home/airflow/.local/lib/python3.7/site-packages/airflow/example_dags/example_latest_only_with_trigger.py
[2025-05-03T09:41:38.532+0000] {logging_mixin.py:120} INFO - [2025-05-03T09:41:38.532+0000] {dag.py:2585} INFO - Sync 1 DAGs
[2025-05-03T09:41:38.542+0000] {logging_mixin.py:120} INFO - [2025-05-03T09:41:38.542+0000] {dag.py:3340} INFO - Setting next_dagrun for latest_only_with_trigger to 2025-05-03T05:41:38.542176+00:00, run_after=2025-05-03T09:41:38.542176+00:00
[2025-05-03T09:41:38.554+0000] {processor.py:176} INFO - Processing /home/airflow/.local/lib/python3.7/site-packages/airflow/example_dags/example_latest_only_with_trigger.py took 0.055 seconds
[2025-05-03T10:58:28.012+0000] {processor.py:154} INFO - Started process (PID=43543) to work on /home/airflow/.local/lib/python3.7/site-packages/airflow/example_dags/example_latest_only_with_trigger.py
[2025-05-03T10:58:28.012+0000] {processor.py:756} INFO - Processing file /home/airflow/.local/lib/python3.7/site-packages/airflow/example_dags/example_latest_only_with_trigger.py for tasks to queue
[2025-05-03T10:58:28.013+0000] {logging_mixin.py:120} INFO - [2025-05-03T10:58:28.013+0000] {dagbag.py:537} INFO - Filling up the DagBag from /home/airflow/.local/lib/python3.7/site-packages/airflow/example_dags/example_latest_only_with_trigger.py
[2025-05-03T10:58:28.021+0000] {processor.py:766} INFO - DAG(s) dict_keys(['latest_only_with_trigger']) retrieved from /home/airflow/.local/lib/python3.7/site-packages/airflow/example_dags/example_latest_only_with_trigger.py
[2025-05-03T10:58:28.042+0000] {logging_mixin.py:120} INFO - [2025-05-03T10:58:28.042+0000] {dag.py:2585} INFO - Sync 1 DAGs
[2025-05-03T10:58:28.056+0000] {logging_mixin.py:120} INFO - [2025-05-03T10:58:28.056+0000] {dag.py:3340} INFO - Setting next_dagrun for latest_only_with_trigger to 2025-05-03T06:58:28.056312+00:00, run_after=2025-05-03T10:58:28.056312+00:00
[2025-05-03T10:58:28.064+0000] {processor.py:176} INFO - Processing /home/airflow/.local/lib/python3.7/site-packages/airflow/example_dags/example_latest_only_with_trigger.py took 0.054 seconds
[2025-05-03T11:42:14.932+0000] {processor.py:154} INFO - Started process (PID=43606) to work on /home/airflow/.local/lib/python3.7/site-packages/airflow/example_dags/example_latest_only_with_trigger.py
[2025-05-03T11:42:14.933+0000] {processor.py:756} INFO - Processing file /home/airflow/.local/lib/python3.7/site-packages/airflow/example_dags/example_latest_only_with_trigger.py for tasks to queue
[2025-05-03T11:42:14.934+0000] {logging_mixin.py:120} INFO - [2025-05-03T11:42:14.934+0000] {dagbag.py:537} INFO - Filling up the DagBag from /home/airflow/.local/lib/python3.7/site-packages/airflow/example_dags/example_latest_only_with_trigger.py
[2025-05-03T11:42:14.940+0000] {processor.py:766} INFO - DAG(s) dict_keys(['latest_only_with_trigger']) retrieved from /home/airflow/.local/lib/python3.7/site-packages/airflow/example_dags/example_latest_only_with_trigger.py
[2025-05-03T11:42:14.962+0000] {logging_mixin.py:120} INFO - [2025-05-03T11:42:14.962+0000] {dag.py:2585} INFO - Sync 1 DAGs
[2025-05-03T11:42:14.974+0000] {logging_mixin.py:120} INFO - [2025-05-03T11:42:14.974+0000] {dag.py:3340} INFO - Setting next_dagrun for latest_only_with_trigger to 2025-05-03T07:42:14.974172+00:00, run_after=2025-05-03T11:42:14.974172+00:00
[2025-05-03T11:42:14.983+0000] {processor.py:176} INFO - Processing /home/airflow/.local/lib/python3.7/site-packages/airflow/example_dags/example_latest_only_with_trigger.py took 0.053 seconds
[2025-05-03T12:59:20.260+0000] {processor.py:154} INFO - Started process (PID=43669) to work on /home/airflow/.local/lib/python3.7/site-packages/airflow/example_dags/example_latest_only_with_trigger.py
[2025-05-03T12:59:20.263+0000] {processor.py:756} INFO - Processing file /home/airflow/.local/lib/python3.7/site-packages/airflow/example_dags/example_latest_only_with_trigger.py for tasks to queue
[2025-05-03T12:59:20.263+0000] {logging_mixin.py:120} INFO - [2025-05-03T12:59:20.263+0000] {dagbag.py:537} INFO - Filling up the DagBag from /home/airflow/.local/lib/python3.7/site-packages/airflow/example_dags/example_latest_only_with_trigger.py
[2025-05-03T12:59:20.273+0000] {processor.py:766} INFO - DAG(s) dict_keys(['latest_only_with_trigger']) retrieved from /home/airflow/.local/lib/python3.7/site-packages/airflow/example_dags/example_latest_only_with_trigger.py
[2025-05-03T12:59:20.298+0000] {logging_mixin.py:120} INFO - [2025-05-03T12:59:20.298+0000] {dag.py:2585} INFO - Sync 1 DAGs
[2025-05-03T12:59:20.311+0000] {logging_mixin.py:120} INFO - [2025-05-03T12:59:20.311+0000] {dag.py:3340} INFO - Setting next_dagrun for latest_only_with_trigger to 2025-05-03T08:59:20.311453+00:00, run_after=2025-05-03T12:59:20.311453+00:00
[2025-05-03T12:59:20.322+0000] {processor.py:176} INFO - Processing /home/airflow/.local/lib/python3.7/site-packages/airflow/example_dags/example_latest_only_with_trigger.py took 0.063 seconds
[2025-05-03T13:28:31.428+0000] {processor.py:154} INFO - Started process (PID=43732) to work on /home/airflow/.local/lib/python3.7/site-packages/airflow/example_dags/example_latest_only_with_trigger.py
[2025-05-03T13:28:31.430+0000] {processor.py:756} INFO - Processing file /home/airflow/.local/lib/python3.7/site-packages/airflow/example_dags/example_latest_only_with_trigger.py for tasks to queue
[2025-05-03T13:28:31.430+0000] {logging_mixin.py:120} INFO - [2025-05-03T13:28:31.430+0000] {dagbag.py:537} INFO - Filling up the DagBag from /home/airflow/.local/lib/python3.7/site-packages/airflow/example_dags/example_latest_only_with_trigger.py
[2025-05-03T13:28:31.439+0000] {processor.py:766} INFO - DAG(s) dict_keys(['latest_only_with_trigger']) retrieved from /home/airflow/.local/lib/python3.7/site-packages/airflow/example_dags/example_latest_only_with_trigger.py
[2025-05-03T13:28:31.459+0000] {logging_mixin.py:120} INFO - [2025-05-03T13:28:31.459+0000] {dag.py:2585} INFO - Sync 1 DAGs
[2025-05-03T13:28:31.475+0000] {logging_mixin.py:120} INFO - [2025-05-03T13:28:31.475+0000] {dag.py:3340} INFO - Setting next_dagrun for latest_only_with_trigger to 2025-05-03T09:28:31.475263+00:00, run_after=2025-05-03T13:28:31.475263+00:00
[2025-05-03T13:28:31.489+0000] {processor.py:176} INFO - Processing /home/airflow/.local/lib/python3.7/site-packages/airflow/example_dags/example_latest_only_with_trigger.py took 0.062 seconds
[2025-05-03T13:29:08.303+0000] {processor.py:154} INFO - Started process (PID=43795) to work on /home/airflow/.local/lib/python3.7/site-packages/airflow/example_dags/example_latest_only_with_trigger.py
[2025-05-03T13:29:08.304+0000] {processor.py:756} INFO - Processing file /home/airflow/.local/lib/python3.7/site-packages/airflow/example_dags/example_latest_only_with_trigger.py for tasks to queue
[2025-05-03T13:29:08.305+0000] {logging_mixin.py:120} INFO - [2025-05-03T13:29:08.304+0000] {dagbag.py:537} INFO - Filling up the DagBag from /home/airflow/.local/lib/python3.7/site-packages/airflow/example_dags/example_latest_only_with_trigger.py
[2025-05-03T13:29:08.313+0000] {processor.py:766} INFO - DAG(s) dict_keys(['latest_only_with_trigger']) retrieved from /home/airflow/.local/lib/python3.7/site-packages/airflow/example_dags/example_latest_only_with_trigger.py
[2025-05-03T13:29:08.332+0000] {logging_mixin.py:120} INFO - [2025-05-03T13:29:08.332+0000] {dag.py:2585} INFO - Sync 1 DAGs
[2025-05-03T13:29:08.343+0000] {logging_mixin.py:120} INFO - [2025-05-03T13:29:08.343+0000] {dag.py:3340} INFO - Setting next_dagrun for latest_only_with_trigger to 2025-05-03T09:29:08.342993+00:00, run_after=2025-05-03T13:29:08.342993+00:00
[2025-05-03T13:29:08.351+0000] {processor.py:176} INFO - Processing /home/airflow/.local/lib/python3.7/site-packages/airflow/example_dags/example_latest_only_with_trigger.py took 0.050 seconds
[2025-05-03T14:29:10.706+0000] {processor.py:154} INFO - Started process (PID=43856) to work on /home/airflow/.local/lib/python3.7/site-packages/airflow/example_dags/example_latest_only_with_trigger.py
[2025-05-03T14:29:10.707+0000] {processor.py:756} INFO - Processing file /home/airflow/.local/lib/python3.7/site-packages/airflow/example_dags/example_latest_only_with_trigger.py for tasks to queue
[2025-05-03T14:29:10.709+0000] {logging_mixin.py:120} INFO - [2025-05-03T14:29:10.708+0000] {dagbag.py:537} INFO - Filling up the DagBag from /home/airflow/.local/lib/python3.7/site-packages/airflow/example_dags/example_latest_only_with_trigger.py
[2025-05-03T14:29:10.718+0000] {processor.py:766} INFO - DAG(s) dict_keys(['latest_only_with_trigger']) retrieved from /home/airflow/.local/lib/python3.7/site-packages/airflow/example_dags/example_latest_only_with_trigger.py
[2025-05-03T14:29:10.738+0000] {logging_mixin.py:120} INFO - [2025-05-03T14:29:10.738+0000] {dag.py:2585} INFO - Sync 1 DAGs
[2025-05-03T14:29:10.749+0000] {logging_mixin.py:120} INFO - [2025-05-03T14:29:10.749+0000] {dag.py:3340} INFO - Setting next_dagrun for latest_only_with_trigger to 2025-05-03T10:29:10.749753+00:00, run_after=2025-05-03T14:29:10.749753+00:00
[2025-05-03T14:29:10.760+0000] {processor.py:176} INFO - Processing /home/airflow/.local/lib/python3.7/site-packages/airflow/example_dags/example_latest_only_with_trigger.py took 0.056 seconds
[2025-05-03T15:07:53.822+0000] {processor.py:154} INFO - Started process (PID=43910) to work on /home/airflow/.local/lib/python3.7/site-packages/airflow/example_dags/example_latest_only_with_trigger.py
[2025-05-03T15:07:53.826+0000] {processor.py:756} INFO - Processing file /home/airflow/.local/lib/python3.7/site-packages/airflow/example_dags/example_latest_only_with_trigger.py for tasks to queue
[2025-05-03T15:07:53.827+0000] {logging_mixin.py:120} INFO - [2025-05-03T15:07:53.827+0000] {dagbag.py:537} INFO - Filling up the DagBag from /home/airflow/.local/lib/python3.7/site-packages/airflow/example_dags/example_latest_only_with_trigger.py
[2025-05-03T15:07:53.834+0000] {processor.py:766} INFO - DAG(s) dict_keys(['latest_only_with_trigger']) retrieved from /home/airflow/.local/lib/python3.7/site-packages/airflow/example_dags/example_latest_only_with_trigger.py
[2025-05-03T15:07:53.858+0000] {logging_mixin.py:120} INFO - [2025-05-03T15:07:53.858+0000] {dag.py:2585} INFO - Sync 1 DAGs
[2025-05-03T15:07:53.870+0000] {logging_mixin.py:120} INFO - [2025-05-03T15:07:53.870+0000] {dag.py:3340} INFO - Setting next_dagrun for latest_only_with_trigger to 2025-05-03T11:07:53.870096+00:00, run_after=2025-05-03T15:07:53.870096+00:00
[2025-05-03T15:07:53.879+0000] {processor.py:176} INFO - Processing /home/airflow/.local/lib/python3.7/site-packages/airflow/example_dags/example_latest_only_with_trigger.py took 0.059 seconds
[2025-05-03T16:21:03.168+0000] {processor.py:154} INFO - Started process (PID=43973) to work on /home/airflow/.local/lib/python3.7/site-packages/airflow/example_dags/example_latest_only_with_trigger.py
[2025-05-03T16:21:03.169+0000] {processor.py:756} INFO - Processing file /home/airflow/.local/lib/python3.7/site-packages/airflow/example_dags/example_latest_only_with_trigger.py for tasks to queue
[2025-05-03T16:21:03.170+0000] {logging_mixin.py:120} INFO - [2025-05-03T16:21:03.170+0000] {dagbag.py:537} INFO - Filling up the DagBag from /home/airflow/.local/lib/python3.7/site-packages/airflow/example_dags/example_latest_only_with_trigger.py
[2025-05-03T16:21:03.177+0000] {processor.py:766} INFO - DAG(s) dict_keys(['latest_only_with_trigger']) retrieved from /home/airflow/.local/lib/python3.7/site-packages/airflow/example_dags/example_latest_only_with_trigger.py
[2025-05-03T16:21:03.199+0000] {logging_mixin.py:120} INFO - [2025-05-03T16:21:03.199+0000] {dag.py:2585} INFO - Sync 1 DAGs
[2025-05-03T16:21:03.211+0000] {logging_mixin.py:120} INFO - [2025-05-03T16:21:03.211+0000] {dag.py:3340} INFO - Setting next_dagrun for latest_only_with_trigger to 2025-05-03T12:21:03.211104+00:00, run_after=2025-05-03T16:21:03.211104+00:00
[2025-05-03T16:21:03.223+0000] {processor.py:176} INFO - Processing /home/airflow/.local/lib/python3.7/site-packages/airflow/example_dags/example_latest_only_with_trigger.py took 0.057 seconds
[2025-05-03T16:48:05.520+0000] {processor.py:154} INFO - Started process (PID=44035) to work on /home/airflow/.local/lib/python3.7/site-packages/airflow/example_dags/example_latest_only_with_trigger.py
[2025-05-03T16:48:05.520+0000] {processor.py:756} INFO - Processing file /home/airflow/.local/lib/python3.7/site-packages/airflow/example_dags/example_latest_only_with_trigger.py for tasks to queue
[2025-05-03T16:48:05.520+0000] {logging_mixin.py:120} INFO - [2025-05-03T16:48:05.520+0000] {dagbag.py:537} INFO - Filling up the DagBag from /home/airflow/.local/lib/python3.7/site-packages/airflow/example_dags/example_latest_only_with_trigger.py
[2025-05-03T16:48:05.528+0000] {processor.py:766} INFO - DAG(s) dict_keys(['latest_only_with_trigger']) retrieved from /home/airflow/.local/lib/python3.7/site-packages/airflow/example_dags/example_latest_only_with_trigger.py
[2025-05-03T16:48:05.548+0000] {logging_mixin.py:120} INFO - [2025-05-03T16:48:05.548+0000] {dag.py:2585} INFO - Sync 1 DAGs
[2025-05-03T16:48:05.562+0000] {logging_mixin.py:120} INFO - [2025-05-03T16:48:05.562+0000] {dag.py:3340} INFO - Setting next_dagrun for latest_only_with_trigger to 2025-05-03T12:48:05.562230+00:00, run_after=2025-05-03T16:48:05.562230+00:00
[2025-05-03T16:48:05.571+0000] {processor.py:176} INFO - Processing /home/airflow/.local/lib/python3.7/site-packages/airflow/example_dags/example_latest_only_with_trigger.py took 0.053 seconds
[2025-05-03T18:05:54.023+0000] {processor.py:154} INFO - Started process (PID=44098) to work on /home/airflow/.local/lib/python3.7/site-packages/airflow/example_dags/example_latest_only_with_trigger.py
[2025-05-03T18:05:54.025+0000] {processor.py:756} INFO - Processing file /home/airflow/.local/lib/python3.7/site-packages/airflow/example_dags/example_latest_only_with_trigger.py for tasks to queue
[2025-05-03T18:05:54.025+0000] {logging_mixin.py:120} INFO - [2025-05-03T18:05:54.025+0000] {dagbag.py:537} INFO - Filling up the DagBag from /home/airflow/.local/lib/python3.7/site-packages/airflow/example_dags/example_latest_only_with_trigger.py
[2025-05-03T18:05:54.036+0000] {processor.py:766} INFO - DAG(s) dict_keys(['latest_only_with_trigger']) retrieved from /home/airflow/.local/lib/python3.7/site-packages/airflow/example_dags/example_latest_only_with_trigger.py
[2025-05-03T18:05:54.060+0000] {logging_mixin.py:120} INFO - [2025-05-03T18:05:54.060+0000] {dag.py:2585} INFO - Sync 1 DAGs
[2025-05-03T18:05:54.071+0000] {logging_mixin.py:120} INFO - [2025-05-03T18:05:54.071+0000] {dag.py:3340} INFO - Setting next_dagrun for latest_only_with_trigger to 2025-05-03T14:05:54.071057+00:00, run_after=2025-05-03T18:05:54.071057+00:00
[2025-05-03T18:05:54.085+0000] {processor.py:176} INFO - Processing /home/airflow/.local/lib/python3.7/site-packages/airflow/example_dags/example_latest_only_with_trigger.py took 0.064 seconds
[2025-05-03T19:25:57.531+0000] {processor.py:154} INFO - Started process (PID=44161) to work on /home/airflow/.local/lib/python3.7/site-packages/airflow/example_dags/example_latest_only_with_trigger.py
[2025-05-03T19:25:57.532+0000] {processor.py:756} INFO - Processing file /home/airflow/.local/lib/python3.7/site-packages/airflow/example_dags/example_latest_only_with_trigger.py for tasks to queue
[2025-05-03T19:25:57.532+0000] {logging_mixin.py:120} INFO - [2025-05-03T19:25:57.532+0000] {dagbag.py:537} INFO - Filling up the DagBag from /home/airflow/.local/lib/python3.7/site-packages/airflow/example_dags/example_latest_only_with_trigger.py
[2025-05-03T19:25:57.540+0000] {processor.py:766} INFO - DAG(s) dict_keys(['latest_only_with_trigger']) retrieved from /home/airflow/.local/lib/python3.7/site-packages/airflow/example_dags/example_latest_only_with_trigger.py
[2025-05-03T19:25:57.559+0000] {logging_mixin.py:120} INFO - [2025-05-03T19:25:57.559+0000] {dag.py:2585} INFO - Sync 1 DAGs
[2025-05-03T19:25:57.572+0000] {logging_mixin.py:120} INFO - [2025-05-03T19:25:57.572+0000] {dag.py:3340} INFO - Setting next_dagrun for latest_only_with_trigger to 2025-05-03T15:25:57.572635+00:00, run_after=2025-05-03T19:25:57.572635+00:00
[2025-05-03T19:25:57.583+0000] {processor.py:176} INFO - Processing /home/airflow/.local/lib/python3.7/site-packages/airflow/example_dags/example_latest_only_with_trigger.py took 0.053 seconds
[2025-05-03T20:07:04.998+0000] {processor.py:154} INFO - Started process (PID=44223) to work on /home/airflow/.local/lib/python3.7/site-packages/airflow/example_dags/example_latest_only_with_trigger.py
[2025-05-03T20:07:05.002+0000] {processor.py:756} INFO - Processing file /home/airflow/.local/lib/python3.7/site-packages/airflow/example_dags/example_latest_only_with_trigger.py for tasks to queue
[2025-05-03T20:07:05.002+0000] {logging_mixin.py:120} INFO - [2025-05-03T20:07:05.002+0000] {dagbag.py:537} INFO - Filling up the DagBag from /home/airflow/.local/lib/python3.7/site-packages/airflow/example_dags/example_latest_only_with_trigger.py
[2025-05-03T20:07:05.008+0000] {processor.py:766} INFO - DAG(s) dict_keys(['latest_only_with_trigger']) retrieved from /home/airflow/.local/lib/python3.7/site-packages/airflow/example_dags/example_latest_only_with_trigger.py
[2025-05-03T20:07:05.034+0000] {logging_mixin.py:120} INFO - [2025-05-03T20:07:05.034+0000] {dag.py:2585} INFO - Sync 1 DAGs
[2025-05-03T20:07:05.047+0000] {logging_mixin.py:120} INFO - [2025-05-03T20:07:05.047+0000] {dag.py:3340} INFO - Setting next_dagrun for latest_only_with_trigger to 2025-05-03T16:07:05.047136+00:00, run_after=2025-05-03T20:07:05.047136+00:00
[2025-05-03T20:07:05.056+0000] {processor.py:176} INFO - Processing /home/airflow/.local/lib/python3.7/site-packages/airflow/example_dags/example_latest_only_with_trigger.py took 0.060 seconds
[2025-05-03T21:36:13.410+0000] {processor.py:154} INFO - Started process (PID=44277) to work on /home/airflow/.local/lib/python3.7/site-packages/airflow/example_dags/example_latest_only_with_trigger.py
[2025-05-03T21:36:13.411+0000] {processor.py:756} INFO - Processing file /home/airflow/.local/lib/python3.7/site-packages/airflow/example_dags/example_latest_only_with_trigger.py for tasks to queue
[2025-05-03T21:36:13.412+0000] {logging_mixin.py:120} INFO - [2025-05-03T21:36:13.412+0000] {dagbag.py:537} INFO - Filling up the DagBag from /home/airflow/.local/lib/python3.7/site-packages/airflow/example_dags/example_latest_only_with_trigger.py
[2025-05-03T21:36:13.419+0000] {processor.py:766} INFO - DAG(s) dict_keys(['latest_only_with_trigger']) retrieved from /home/airflow/.local/lib/python3.7/site-packages/airflow/example_dags/example_latest_only_with_trigger.py
[2025-05-03T21:36:13.441+0000] {logging_mixin.py:120} INFO - [2025-05-03T21:36:13.441+0000] {dag.py:2585} INFO - Sync 1 DAGs
[2025-05-03T21:36:13.458+0000] {logging_mixin.py:120} INFO - [2025-05-03T21:36:13.457+0000] {dag.py:3340} INFO - Setting next_dagrun for latest_only_with_trigger to 2025-05-03T17:36:13.457799+00:00, run_after=2025-05-03T21:36:13.457799+00:00
[2025-05-03T21:36:13.469+0000] {processor.py:176} INFO - Processing /home/airflow/.local/lib/python3.7/site-packages/airflow/example_dags/example_latest_only_with_trigger.py took 0.060 seconds
[2025-05-03T22:19:52.387+0000] {processor.py:154} INFO - Started process (PID=44340) to work on /home/airflow/.local/lib/python3.7/site-packages/airflow/example_dags/example_latest_only_with_trigger.py
[2025-05-03T22:19:52.390+0000] {processor.py:756} INFO - Processing file /home/airflow/.local/lib/python3.7/site-packages/airflow/example_dags/example_latest_only_with_trigger.py for tasks to queue
[2025-05-03T22:19:52.390+0000] {logging_mixin.py:120} INFO - [2025-05-03T22:19:52.390+0000] {dagbag.py:537} INFO - Filling up the DagBag from /home/airflow/.local/lib/python3.7/site-packages/airflow/example_dags/example_latest_only_with_trigger.py
[2025-05-03T22:19:52.398+0000] {processor.py:766} INFO - DAG(s) dict_keys(['latest_only_with_trigger']) retrieved from /home/airflow/.local/lib/python3.7/site-packages/airflow/example_dags/example_latest_only_with_trigger.py
[2025-05-03T22:19:52.417+0000] {logging_mixin.py:120} INFO - [2025-05-03T22:19:52.417+0000] {dag.py:2585} INFO - Sync 1 DAGs
[2025-05-03T22:19:52.428+0000] {logging_mixin.py:120} INFO - [2025-05-03T22:19:52.428+0000] {dag.py:3340} INFO - Setting next_dagrun for latest_only_with_trigger to 2025-05-03T18:19:52.428773+00:00, run_after=2025-05-03T22:19:52.428773+00:00
[2025-05-03T22:19:52.439+0000] {processor.py:176} INFO - Processing /home/airflow/.local/lib/python3.7/site-packages/airflow/example_dags/example_latest_only_with_trigger.py took 0.054 seconds
[2025-05-03T23:04:45.501+0000] {processor.py:154} INFO - Started process (PID=44403) to work on /home/airflow/.local/lib/python3.7/site-packages/airflow/example_dags/example_latest_only_with_trigger.py
[2025-05-03T23:04:45.502+0000] {processor.py:756} INFO - Processing file /home/airflow/.local/lib/python3.7/site-packages/airflow/example_dags/example_latest_only_with_trigger.py for tasks to queue
[2025-05-03T23:04:45.502+0000] {logging_mixin.py:120} INFO - [2025-05-03T23:04:45.502+0000] {dagbag.py:537} INFO - Filling up the DagBag from /home/airflow/.local/lib/python3.7/site-packages/airflow/example_dags/example_latest_only_with_trigger.py
[2025-05-03T23:04:45.510+0000] {processor.py:766} INFO - DAG(s) dict_keys(['latest_only_with_trigger']) retrieved from /home/airflow/.local/lib/python3.7/site-packages/airflow/example_dags/example_latest_only_with_trigger.py
[2025-05-03T23:04:45.532+0000] {logging_mixin.py:120} INFO - [2025-05-03T23:04:45.532+0000] {dag.py:2585} INFO - Sync 1 DAGs
[2025-05-03T23:04:45.544+0000] {logging_mixin.py:120} INFO - [2025-05-03T23:04:45.544+0000] {dag.py:3340} INFO - Setting next_dagrun for latest_only_with_trigger to 2025-05-03T19:04:45.544148+00:00, run_after=2025-05-03T23:04:45.544148+00:00
[2025-05-03T23:04:45.555+0000] {processor.py:176} INFO - Processing /home/airflow/.local/lib/python3.7/site-packages/airflow/example_dags/example_latest_only_with_trigger.py took 0.056 seconds
[2025-05-03T23:22:07.767+0000] {processor.py:154} INFO - Started process (PID=44465) to work on /home/airflow/.local/lib/python3.7/site-packages/airflow/example_dags/example_latest_only_with_trigger.py
[2025-05-03T23:22:07.768+0000] {processor.py:756} INFO - Processing file /home/airflow/.local/lib/python3.7/site-packages/airflow/example_dags/example_latest_only_with_trigger.py for tasks to queue
[2025-05-03T23:22:07.768+0000] {logging_mixin.py:120} INFO - [2025-05-03T23:22:07.768+0000] {dagbag.py:537} INFO - Filling up the DagBag from /home/airflow/.local/lib/python3.7/site-packages/airflow/example_dags/example_latest_only_with_trigger.py
[2025-05-03T23:22:07.777+0000] {processor.py:766} INFO - DAG(s) dict_keys(['latest_only_with_trigger']) retrieved from /home/airflow/.local/lib/python3.7/site-packages/airflow/example_dags/example_latest_only_with_trigger.py
[2025-05-03T23:22:07.799+0000] {logging_mixin.py:120} INFO - [2025-05-03T23:22:07.799+0000] {dag.py:2585} INFO - Sync 1 DAGs
[2025-05-03T23:22:07.809+0000] {logging_mixin.py:120} INFO - [2025-05-03T23:22:07.809+0000] {dag.py:3340} INFO - Setting next_dagrun for latest_only_with_trigger to 2025-05-03T19:22:07.809539+00:00, run_after=2025-05-03T23:22:07.809539+00:00
[2025-05-03T23:22:07.818+0000] {processor.py:176} INFO - Processing /home/airflow/.local/lib/python3.7/site-packages/airflow/example_dags/example_latest_only_with_trigger.py took 0.052 seconds
[2025-05-03T23:38:28.985+0000] {processor.py:154} INFO - Started process (PID=44528) to work on /home/airflow/.local/lib/python3.7/site-packages/airflow/example_dags/example_latest_only_with_trigger.py
[2025-05-03T23:38:28.986+0000] {processor.py:756} INFO - Processing file /home/airflow/.local/lib/python3.7/site-packages/airflow/example_dags/example_latest_only_with_trigger.py for tasks to queue
[2025-05-03T23:38:28.987+0000] {logging_mixin.py:120} INFO - [2025-05-03T23:38:28.987+0000] {dagbag.py:537} INFO - Filling up the DagBag from /home/airflow/.local/lib/python3.7/site-packages/airflow/example_dags/example_latest_only_with_trigger.py
[2025-05-03T23:38:28.995+0000] {processor.py:766} INFO - DAG(s) dict_keys(['latest_only_with_trigger']) retrieved from /home/airflow/.local/lib/python3.7/site-packages/airflow/example_dags/example_latest_only_with_trigger.py
[2025-05-03T23:38:29.015+0000] {logging_mixin.py:120} INFO - [2025-05-03T23:38:29.015+0000] {dag.py:2585} INFO - Sync 1 DAGs
[2025-05-03T23:38:29.026+0000] {logging_mixin.py:120} INFO - [2025-05-03T23:38:29.026+0000] {dag.py:3340} INFO - Setting next_dagrun for latest_only_with_trigger to 2025-05-03T19:38:29.026603+00:00, run_after=2025-05-03T23:38:29.026603+00:00
[2025-05-03T23:38:29.034+0000] {processor.py:176} INFO - Processing /home/airflow/.local/lib/python3.7/site-packages/airflow/example_dags/example_latest_only_with_trigger.py took 0.050 seconds
[2025-05-03T23:56:24.636+0000] {processor.py:154} INFO - Started process (PID=44591) to work on /home/airflow/.local/lib/python3.7/site-packages/airflow/example_dags/example_latest_only_with_trigger.py
[2025-05-03T23:56:24.641+0000] {processor.py:756} INFO - Processing file /home/airflow/.local/lib/python3.7/site-packages/airflow/example_dags/example_latest_only_with_trigger.py for tasks to queue
[2025-05-03T23:56:24.642+0000] {logging_mixin.py:120} INFO - [2025-05-03T23:56:24.642+0000] {dagbag.py:537} INFO - Filling up the DagBag from /home/airflow/.local/lib/python3.7/site-packages/airflow/example_dags/example_latest_only_with_trigger.py
[2025-05-03T23:56:24.652+0000] {processor.py:766} INFO - DAG(s) dict_keys(['latest_only_with_trigger']) retrieved from /home/airflow/.local/lib/python3.7/site-packages/airflow/example_dags/example_latest_only_with_trigger.py
[2025-05-03T23:56:24.683+0000] {logging_mixin.py:120} INFO - [2025-05-03T23:56:24.683+0000] {dag.py:2585} INFO - Sync 1 DAGs
[2025-05-03T23:56:24.699+0000] {logging_mixin.py:120} INFO - [2025-05-03T23:56:24.699+0000] {dag.py:3340} INFO - Setting next_dagrun for latest_only_with_trigger to 2025-05-03T19:56:24.699087+00:00, run_after=2025-05-03T23:56:24.699087+00:00
[2025-05-03T23:56:24.711+0000] {processor.py:176} INFO - Processing /home/airflow/.local/lib/python3.7/site-packages/airflow/example_dags/example_latest_only_with_trigger.py took 0.077 seconds
