[2025-05-03T00:29:31.423+0000] {processor.py:154} INFO - Started process (PID=42624) to work on /home/airflow/.local/lib/python3.7/site-packages/airflow/example_dags/example_local_kubernetes_executor.py
[2025-05-03T00:29:31.424+0000] {processor.py:756} INFO - Processing file /home/airflow/.local/lib/python3.7/site-packages/airflow/example_dags/example_local_kubernetes_executor.py for tasks to queue
[2025-05-03T00:29:31.424+0000] {logging_mixin.py:120} INFO - [2025-05-03T00:29:31.424+0000] {dagbag.py:537} INFO - Filling up the DagBag from /home/airflow/.local/lib/python3.7/site-packages/airflow/example_dags/example_local_kubernetes_executor.py
[2025-05-03T00:29:31.435+0000] {processor.py:766} INFO - DAG(s) dict_keys(['example_local_kubernetes_executor']) retrieved from /home/airflow/.local/lib/python3.7/site-packages/airflow/example_dags/example_local_kubernetes_executor.py
[2025-05-03T00:29:31.455+0000] {logging_mixin.py:120} INFO - [2025-05-03T00:29:31.455+0000] {dag.py:2585} INFO - Sync 1 DAGs
[2025-05-03T00:29:31.465+0000] {logging_mixin.py:120} INFO - [2025-05-03T00:29:31.465+0000] {dag.py:3340} INFO - Setting next_dagrun for example_local_kubernetes_executor to None, run_after=None
[2025-05-03T00:29:31.476+0000] {processor.py:176} INFO - Processing /home/airflow/.local/lib/python3.7/site-packages/airflow/example_dags/example_local_kubernetes_executor.py took 0.055 seconds
[2025-05-03T00:52:39.687+0000] {processor.py:154} INFO - Started process (PID=42678) to work on /home/airflow/.local/lib/python3.7/site-packages/airflow/example_dags/example_local_kubernetes_executor.py
[2025-05-03T00:52:39.691+0000] {processor.py:756} INFO - Processing file /home/airflow/.local/lib/python3.7/site-packages/airflow/example_dags/example_local_kubernetes_executor.py for tasks to queue
[2025-05-03T00:52:39.691+0000] {logging_mixin.py:120} INFO - [2025-05-03T00:52:39.691+0000] {dagbag.py:537} INFO - Filling up the DagBag from /home/airflow/.local/lib/python3.7/site-packages/airflow/example_dags/example_local_kubernetes_executor.py
[2025-05-03T00:52:39.702+0000] {processor.py:766} INFO - DAG(s) dict_keys(['example_local_kubernetes_executor']) retrieved from /home/airflow/.local/lib/python3.7/site-packages/airflow/example_dags/example_local_kubernetes_executor.py
[2025-05-03T00:52:39.730+0000] {logging_mixin.py:120} INFO - [2025-05-03T00:52:39.730+0000] {dag.py:2585} INFO - Sync 1 DAGs
[2025-05-03T00:52:39.745+0000] {logging_mixin.py:120} INFO - [2025-05-03T00:52:39.745+0000] {dag.py:3340} INFO - Setting next_dagrun for example_local_kubernetes_executor to None, run_after=None
[2025-05-03T00:52:39.760+0000] {processor.py:176} INFO - Processing /home/airflow/.local/lib/python3.7/site-packages/airflow/example_dags/example_local_kubernetes_executor.py took 0.075 seconds
[2025-05-03T01:16:08.083+0000] {processor.py:154} INFO - Started process (PID=42741) to work on /home/airflow/.local/lib/python3.7/site-packages/airflow/example_dags/example_local_kubernetes_executor.py
[2025-05-03T01:16:08.084+0000] {processor.py:756} INFO - Processing file /home/airflow/.local/lib/python3.7/site-packages/airflow/example_dags/example_local_kubernetes_executor.py for tasks to queue
[2025-05-03T01:16:08.084+0000] {logging_mixin.py:120} INFO - [2025-05-03T01:16:08.084+0000] {dagbag.py:537} INFO - Filling up the DagBag from /home/airflow/.local/lib/python3.7/site-packages/airflow/example_dags/example_local_kubernetes_executor.py
[2025-05-03T01:16:08.097+0000] {processor.py:766} INFO - DAG(s) dict_keys(['example_local_kubernetes_executor']) retrieved from /home/airflow/.local/lib/python3.7/site-packages/airflow/example_dags/example_local_kubernetes_executor.py
[2025-05-03T01:16:08.116+0000] {logging_mixin.py:120} INFO - [2025-05-03T01:16:08.116+0000] {dag.py:2585} INFO - Sync 1 DAGs
[2025-05-03T01:16:08.132+0000] {logging_mixin.py:120} INFO - [2025-05-03T01:16:08.132+0000] {dag.py:3340} INFO - Setting next_dagrun for example_local_kubernetes_executor to None, run_after=None
[2025-05-03T01:16:08.145+0000] {processor.py:176} INFO - Processing /home/airflow/.local/lib/python3.7/site-packages/airflow/example_dags/example_local_kubernetes_executor.py took 0.065 seconds
[2025-05-03T01:19:52.648+0000] {processor.py:154} INFO - Started process (PID=42803) to work on /home/airflow/.local/lib/python3.7/site-packages/airflow/example_dags/example_local_kubernetes_executor.py
[2025-05-03T01:19:52.648+0000] {processor.py:756} INFO - Processing file /home/airflow/.local/lib/python3.7/site-packages/airflow/example_dags/example_local_kubernetes_executor.py for tasks to queue
[2025-05-03T01:19:52.649+0000] {logging_mixin.py:120} INFO - [2025-05-03T01:19:52.649+0000] {dagbag.py:537} INFO - Filling up the DagBag from /home/airflow/.local/lib/python3.7/site-packages/airflow/example_dags/example_local_kubernetes_executor.py
[2025-05-03T01:19:52.659+0000] {processor.py:766} INFO - DAG(s) dict_keys(['example_local_kubernetes_executor']) retrieved from /home/airflow/.local/lib/python3.7/site-packages/airflow/example_dags/example_local_kubernetes_executor.py
[2025-05-03T01:19:52.677+0000] {logging_mixin.py:120} INFO - [2025-05-03T01:19:52.677+0000] {dag.py:2585} INFO - Sync 1 DAGs
[2025-05-03T01:19:52.687+0000] {logging_mixin.py:120} INFO - [2025-05-03T01:19:52.687+0000] {dag.py:3340} INFO - Setting next_dagrun for example_local_kubernetes_executor to None, run_after=None
[2025-05-03T01:19:52.702+0000] {processor.py:176} INFO - Processing /home/airflow/.local/lib/python3.7/site-packages/airflow/example_dags/example_local_kubernetes_executor.py took 0.056 seconds
[2025-05-03T01:24:04.368+0000] {processor.py:154} INFO - Started process (PID=42865) to work on /home/airflow/.local/lib/python3.7/site-packages/airflow/example_dags/example_local_kubernetes_executor.py
[2025-05-03T01:24:04.369+0000] {processor.py:756} INFO - Processing file /home/airflow/.local/lib/python3.7/site-packages/airflow/example_dags/example_local_kubernetes_executor.py for tasks to queue
[2025-05-03T01:24:04.369+0000] {logging_mixin.py:120} INFO - [2025-05-03T01:24:04.369+0000] {dagbag.py:537} INFO - Filling up the DagBag from /home/airflow/.local/lib/python3.7/site-packages/airflow/example_dags/example_local_kubernetes_executor.py
[2025-05-03T01:24:04.381+0000] {processor.py:766} INFO - DAG(s) dict_keys(['example_local_kubernetes_executor']) retrieved from /home/airflow/.local/lib/python3.7/site-packages/airflow/example_dags/example_local_kubernetes_executor.py
[2025-05-03T01:24:04.401+0000] {logging_mixin.py:120} INFO - [2025-05-03T01:24:04.401+0000] {dag.py:2585} INFO - Sync 1 DAGs
[2025-05-03T01:24:04.411+0000] {logging_mixin.py:120} INFO - [2025-05-03T01:24:04.411+0000] {dag.py:3340} INFO - Setting next_dagrun for example_local_kubernetes_executor to None, run_after=None
[2025-05-03T01:24:04.420+0000] {processor.py:176} INFO - Processing /home/airflow/.local/lib/python3.7/site-packages/airflow/example_dags/example_local_kubernetes_executor.py took 0.054 seconds
[2025-05-03T02:06:32.371+0000] {processor.py:154} INFO - Started process (PID=42928) to work on /home/airflow/.local/lib/python3.7/site-packages/airflow/example_dags/example_local_kubernetes_executor.py
[2025-05-03T02:06:32.372+0000] {processor.py:756} INFO - Processing file /home/airflow/.local/lib/python3.7/site-packages/airflow/example_dags/example_local_kubernetes_executor.py for tasks to queue
[2025-05-03T02:06:32.372+0000] {logging_mixin.py:120} INFO - [2025-05-03T02:06:32.372+0000] {dagbag.py:537} INFO - Filling up the DagBag from /home/airflow/.local/lib/python3.7/site-packages/airflow/example_dags/example_local_kubernetes_executor.py
[2025-05-03T02:06:32.384+0000] {processor.py:766} INFO - DAG(s) dict_keys(['example_local_kubernetes_executor']) retrieved from /home/airflow/.local/lib/python3.7/site-packages/airflow/example_dags/example_local_kubernetes_executor.py
[2025-05-03T02:06:32.411+0000] {logging_mixin.py:120} INFO - [2025-05-03T02:06:32.411+0000] {dag.py:2585} INFO - Sync 1 DAGs
[2025-05-03T02:06:32.424+0000] {logging_mixin.py:120} INFO - [2025-05-03T02:06:32.424+0000] {dag.py:3340} INFO - Setting next_dagrun for example_local_kubernetes_executor to None, run_after=None
[2025-05-03T02:06:32.436+0000] {processor.py:176} INFO - Processing /home/airflow/.local/lib/python3.7/site-packages/airflow/example_dags/example_local_kubernetes_executor.py took 0.068 seconds
[2025-05-03T02:48:24.165+0000] {processor.py:154} INFO - Started process (PID=42991) to work on /home/airflow/.local/lib/python3.7/site-packages/airflow/example_dags/example_local_kubernetes_executor.py
[2025-05-03T02:48:24.166+0000] {processor.py:756} INFO - Processing file /home/airflow/.local/lib/python3.7/site-packages/airflow/example_dags/example_local_kubernetes_executor.py for tasks to queue
[2025-05-03T02:48:24.167+0000] {logging_mixin.py:120} INFO - [2025-05-03T02:48:24.167+0000] {dagbag.py:537} INFO - Filling up the DagBag from /home/airflow/.local/lib/python3.7/site-packages/airflow/example_dags/example_local_kubernetes_executor.py
[2025-05-03T02:48:24.180+0000] {processor.py:766} INFO - DAG(s) dict_keys(['example_local_kubernetes_executor']) retrieved from /home/airflow/.local/lib/python3.7/site-packages/airflow/example_dags/example_local_kubernetes_executor.py
[2025-05-03T02:48:24.204+0000] {logging_mixin.py:120} INFO - [2025-05-03T02:48:24.204+0000] {dag.py:2585} INFO - Sync 1 DAGs
[2025-05-03T02:48:24.214+0000] {logging_mixin.py:120} INFO - [2025-05-03T02:48:24.214+0000] {dag.py:3340} INFO - Setting next_dagrun for example_local_kubernetes_executor to None, run_after=None
[2025-05-03T02:48:24.229+0000] {processor.py:176} INFO - Processing /home/airflow/.local/lib/python3.7/site-packages/airflow/example_dags/example_local_kubernetes_executor.py took 0.066 seconds
[2025-05-03T03:21:19.908+0000] {processor.py:154} INFO - Started process (PID=43054) to work on /home/airflow/.local/lib/python3.7/site-packages/airflow/example_dags/example_local_kubernetes_executor.py
[2025-05-03T03:21:19.910+0000] {processor.py:756} INFO - Processing file /home/airflow/.local/lib/python3.7/site-packages/airflow/example_dags/example_local_kubernetes_executor.py for tasks to queue
[2025-05-03T03:21:19.912+0000] {logging_mixin.py:120} INFO - [2025-05-03T03:21:19.912+0000] {dagbag.py:537} INFO - Filling up the DagBag from /home/airflow/.local/lib/python3.7/site-packages/airflow/example_dags/example_local_kubernetes_executor.py
[2025-05-03T03:21:19.922+0000] {processor.py:766} INFO - DAG(s) dict_keys(['example_local_kubernetes_executor']) retrieved from /home/airflow/.local/lib/python3.7/site-packages/airflow/example_dags/example_local_kubernetes_executor.py
[2025-05-03T03:21:19.950+0000] {logging_mixin.py:120} INFO - [2025-05-03T03:21:19.950+0000] {dag.py:2585} INFO - Sync 1 DAGs
[2025-05-03T03:21:19.965+0000] {logging_mixin.py:120} INFO - [2025-05-03T03:21:19.965+0000] {dag.py:3340} INFO - Setting next_dagrun for example_local_kubernetes_executor to None, run_after=None
[2025-05-03T03:21:19.977+0000] {processor.py:176} INFO - Processing /home/airflow/.local/lib/python3.7/site-packages/airflow/example_dags/example_local_kubernetes_executor.py took 0.072 seconds
[2025-05-03T04:10:41.989+0000] {processor.py:154} INFO - Started process (PID=43108) to work on /home/airflow/.local/lib/python3.7/site-packages/airflow/example_dags/example_local_kubernetes_executor.py
[2025-05-03T04:10:41.990+0000] {processor.py:756} INFO - Processing file /home/airflow/.local/lib/python3.7/site-packages/airflow/example_dags/example_local_kubernetes_executor.py for tasks to queue
[2025-05-03T04:10:41.991+0000] {logging_mixin.py:120} INFO - [2025-05-03T04:10:41.991+0000] {dagbag.py:537} INFO - Filling up the DagBag from /home/airflow/.local/lib/python3.7/site-packages/airflow/example_dags/example_local_kubernetes_executor.py
[2025-05-03T04:10:42.001+0000] {processor.py:766} INFO - DAG(s) dict_keys(['example_local_kubernetes_executor']) retrieved from /home/airflow/.local/lib/python3.7/site-packages/airflow/example_dags/example_local_kubernetes_executor.py
[2025-05-03T04:10:42.020+0000] {logging_mixin.py:120} INFO - [2025-05-03T04:10:42.020+0000] {dag.py:2585} INFO - Sync 1 DAGs
[2025-05-03T04:10:42.032+0000] {logging_mixin.py:120} INFO - [2025-05-03T04:10:42.032+0000] {dag.py:3340} INFO - Setting next_dagrun for example_local_kubernetes_executor to None, run_after=None
[2025-05-03T04:10:42.052+0000] {processor.py:176} INFO - Processing /home/airflow/.local/lib/python3.7/site-packages/airflow/example_dags/example_local_kubernetes_executor.py took 0.064 seconds
[2025-05-03T04:54:16.076+0000] {processor.py:154} INFO - Started process (PID=43171) to work on /home/airflow/.local/lib/python3.7/site-packages/airflow/example_dags/example_local_kubernetes_executor.py
[2025-05-03T04:54:16.077+0000] {processor.py:756} INFO - Processing file /home/airflow/.local/lib/python3.7/site-packages/airflow/example_dags/example_local_kubernetes_executor.py for tasks to queue
[2025-05-03T04:54:16.077+0000] {logging_mixin.py:120} INFO - [2025-05-03T04:54:16.077+0000] {dagbag.py:537} INFO - Filling up the DagBag from /home/airflow/.local/lib/python3.7/site-packages/airflow/example_dags/example_local_kubernetes_executor.py
[2025-05-03T04:54:16.088+0000] {processor.py:766} INFO - DAG(s) dict_keys(['example_local_kubernetes_executor']) retrieved from /home/airflow/.local/lib/python3.7/site-packages/airflow/example_dags/example_local_kubernetes_executor.py
[2025-05-03T04:54:16.109+0000] {logging_mixin.py:120} INFO - [2025-05-03T04:54:16.108+0000] {dag.py:2585} INFO - Sync 1 DAGs
[2025-05-03T04:54:16.119+0000] {logging_mixin.py:120} INFO - [2025-05-03T04:54:16.119+0000] {dag.py:3340} INFO - Setting next_dagrun for example_local_kubernetes_executor to None, run_after=None
[2025-05-03T04:54:16.128+0000] {processor.py:176} INFO - Processing /home/airflow/.local/lib/python3.7/site-packages/airflow/example_dags/example_local_kubernetes_executor.py took 0.054 seconds
[2025-05-03T05:53:09.387+0000] {processor.py:154} INFO - Started process (PID=43234) to work on /home/airflow/.local/lib/python3.7/site-packages/airflow/example_dags/example_local_kubernetes_executor.py
[2025-05-03T05:53:09.388+0000] {processor.py:756} INFO - Processing file /home/airflow/.local/lib/python3.7/site-packages/airflow/example_dags/example_local_kubernetes_executor.py for tasks to queue
[2025-05-03T05:53:09.388+0000] {logging_mixin.py:120} INFO - [2025-05-03T05:53:09.388+0000] {dagbag.py:537} INFO - Filling up the DagBag from /home/airflow/.local/lib/python3.7/site-packages/airflow/example_dags/example_local_kubernetes_executor.py
[2025-05-03T05:53:09.401+0000] {processor.py:766} INFO - DAG(s) dict_keys(['example_local_kubernetes_executor']) retrieved from /home/airflow/.local/lib/python3.7/site-packages/airflow/example_dags/example_local_kubernetes_executor.py
[2025-05-03T05:53:09.425+0000] {logging_mixin.py:120} INFO - [2025-05-03T05:53:09.425+0000] {dag.py:2585} INFO - Sync 1 DAGs
[2025-05-03T05:53:09.437+0000] {logging_mixin.py:120} INFO - [2025-05-03T05:53:09.437+0000] {dag.py:3340} INFO - Setting next_dagrun for example_local_kubernetes_executor to None, run_after=None
[2025-05-03T05:53:09.450+0000] {processor.py:176} INFO - Processing /home/airflow/.local/lib/python3.7/site-packages/airflow/example_dags/example_local_kubernetes_executor.py took 0.065 seconds
[2025-05-03T06:30:38.293+0000] {processor.py:154} INFO - Started process (PID=43298) to work on /home/airflow/.local/lib/python3.7/site-packages/airflow/example_dags/example_local_kubernetes_executor.py
[2025-05-03T06:30:38.293+0000] {processor.py:756} INFO - Processing file /home/airflow/.local/lib/python3.7/site-packages/airflow/example_dags/example_local_kubernetes_executor.py for tasks to queue
[2025-05-03T06:30:38.294+0000] {logging_mixin.py:120} INFO - [2025-05-03T06:30:38.294+0000] {dagbag.py:537} INFO - Filling up the DagBag from /home/airflow/.local/lib/python3.7/site-packages/airflow/example_dags/example_local_kubernetes_executor.py
[2025-05-03T06:30:38.305+0000] {processor.py:766} INFO - DAG(s) dict_keys(['example_local_kubernetes_executor']) retrieved from /home/airflow/.local/lib/python3.7/site-packages/airflow/example_dags/example_local_kubernetes_executor.py
[2025-05-03T06:30:38.329+0000] {logging_mixin.py:120} INFO - [2025-05-03T06:30:38.329+0000] {dag.py:2585} INFO - Sync 1 DAGs
[2025-05-03T06:30:38.341+0000] {logging_mixin.py:120} INFO - [2025-05-03T06:30:38.341+0000] {dag.py:3340} INFO - Setting next_dagrun for example_local_kubernetes_executor to None, run_after=None
[2025-05-03T06:30:38.350+0000] {processor.py:176} INFO - Processing /home/airflow/.local/lib/python3.7/site-packages/airflow/example_dags/example_local_kubernetes_executor.py took 0.059 seconds
[2025-05-03T07:22:15.937+0000] {processor.py:154} INFO - Started process (PID=43361) to work on /home/airflow/.local/lib/python3.7/site-packages/airflow/example_dags/example_local_kubernetes_executor.py
[2025-05-03T07:22:15.937+0000] {processor.py:756} INFO - Processing file /home/airflow/.local/lib/python3.7/site-packages/airflow/example_dags/example_local_kubernetes_executor.py for tasks to queue
[2025-05-03T07:22:15.938+0000] {logging_mixin.py:120} INFO - [2025-05-03T07:22:15.937+0000] {dagbag.py:537} INFO - Filling up the DagBag from /home/airflow/.local/lib/python3.7/site-packages/airflow/example_dags/example_local_kubernetes_executor.py
[2025-05-03T07:22:15.947+0000] {processor.py:766} INFO - DAG(s) dict_keys(['example_local_kubernetes_executor']) retrieved from /home/airflow/.local/lib/python3.7/site-packages/airflow/example_dags/example_local_kubernetes_executor.py
[2025-05-03T07:22:15.968+0000] {logging_mixin.py:120} INFO - [2025-05-03T07:22:15.968+0000] {dag.py:2585} INFO - Sync 1 DAGs
[2025-05-03T07:22:15.978+0000] {logging_mixin.py:120} INFO - [2025-05-03T07:22:15.978+0000] {dag.py:3340} INFO - Setting next_dagrun for example_local_kubernetes_executor to None, run_after=None
[2025-05-03T07:22:15.987+0000] {processor.py:176} INFO - Processing /home/airflow/.local/lib/python3.7/site-packages/airflow/example_dags/example_local_kubernetes_executor.py took 0.052 seconds
[2025-05-03T08:23:10.749+0000] {processor.py:154} INFO - Started process (PID=43424) to work on /home/airflow/.local/lib/python3.7/site-packages/airflow/example_dags/example_local_kubernetes_executor.py
[2025-05-03T08:23:10.750+0000] {processor.py:756} INFO - Processing file /home/airflow/.local/lib/python3.7/site-packages/airflow/example_dags/example_local_kubernetes_executor.py for tasks to queue
[2025-05-03T08:23:10.752+0000] {logging_mixin.py:120} INFO - [2025-05-03T08:23:10.752+0000] {dagbag.py:537} INFO - Filling up the DagBag from /home/airflow/.local/lib/python3.7/site-packages/airflow/example_dags/example_local_kubernetes_executor.py
[2025-05-03T08:23:10.763+0000] {processor.py:766} INFO - DAG(s) dict_keys(['example_local_kubernetes_executor']) retrieved from /home/airflow/.local/lib/python3.7/site-packages/airflow/example_dags/example_local_kubernetes_executor.py
[2025-05-03T08:23:10.784+0000] {logging_mixin.py:120} INFO - [2025-05-03T08:23:10.783+0000] {dag.py:2585} INFO - Sync 1 DAGs
[2025-05-03T08:23:10.796+0000] {logging_mixin.py:120} INFO - [2025-05-03T08:23:10.796+0000] {dag.py:3340} INFO - Setting next_dagrun for example_local_kubernetes_executor to None, run_after=None
[2025-05-03T08:23:10.807+0000] {processor.py:176} INFO - Processing /home/airflow/.local/lib/python3.7/site-packages/airflow/example_dags/example_local_kubernetes_executor.py took 0.060 seconds
[2025-05-03T09:41:38.372+0000] {processor.py:154} INFO - Started process (PID=43477) to work on /home/airflow/.local/lib/python3.7/site-packages/airflow/example_dags/example_local_kubernetes_executor.py
[2025-05-03T09:41:38.375+0000] {processor.py:756} INFO - Processing file /home/airflow/.local/lib/python3.7/site-packages/airflow/example_dags/example_local_kubernetes_executor.py for tasks to queue
[2025-05-03T09:41:38.376+0000] {logging_mixin.py:120} INFO - [2025-05-03T09:41:38.376+0000] {dagbag.py:537} INFO - Filling up the DagBag from /home/airflow/.local/lib/python3.7/site-packages/airflow/example_dags/example_local_kubernetes_executor.py
[2025-05-03T09:41:38.386+0000] {processor.py:766} INFO - DAG(s) dict_keys(['example_local_kubernetes_executor']) retrieved from /home/airflow/.local/lib/python3.7/site-packages/airflow/example_dags/example_local_kubernetes_executor.py
[2025-05-03T09:41:38.410+0000] {logging_mixin.py:120} INFO - [2025-05-03T09:41:38.410+0000] {dag.py:2585} INFO - Sync 1 DAGs
[2025-05-03T09:41:38.423+0000] {logging_mixin.py:120} INFO - [2025-05-03T09:41:38.423+0000] {dag.py:3340} INFO - Setting next_dagrun for example_local_kubernetes_executor to None, run_after=None
[2025-05-03T09:41:38.434+0000] {processor.py:176} INFO - Processing /home/airflow/.local/lib/python3.7/site-packages/airflow/example_dags/example_local_kubernetes_executor.py took 0.063 seconds
[2025-05-03T10:58:27.894+0000] {processor.py:154} INFO - Started process (PID=43540) to work on /home/airflow/.local/lib/python3.7/site-packages/airflow/example_dags/example_local_kubernetes_executor.py
[2025-05-03T10:58:27.895+0000] {processor.py:756} INFO - Processing file /home/airflow/.local/lib/python3.7/site-packages/airflow/example_dags/example_local_kubernetes_executor.py for tasks to queue
[2025-05-03T10:58:27.896+0000] {logging_mixin.py:120} INFO - [2025-05-03T10:58:27.896+0000] {dagbag.py:537} INFO - Filling up the DagBag from /home/airflow/.local/lib/python3.7/site-packages/airflow/example_dags/example_local_kubernetes_executor.py
[2025-05-03T10:58:27.907+0000] {processor.py:766} INFO - DAG(s) dict_keys(['example_local_kubernetes_executor']) retrieved from /home/airflow/.local/lib/python3.7/site-packages/airflow/example_dags/example_local_kubernetes_executor.py
[2025-05-03T10:58:27.927+0000] {logging_mixin.py:120} INFO - [2025-05-03T10:58:27.927+0000] {dag.py:2585} INFO - Sync 1 DAGs
[2025-05-03T10:58:27.938+0000] {logging_mixin.py:120} INFO - [2025-05-03T10:58:27.937+0000] {dag.py:3340} INFO - Setting next_dagrun for example_local_kubernetes_executor to None, run_after=None
[2025-05-03T10:58:27.948+0000] {processor.py:176} INFO - Processing /home/airflow/.local/lib/python3.7/site-packages/airflow/example_dags/example_local_kubernetes_executor.py took 0.055 seconds
[2025-05-03T11:42:14.830+0000] {processor.py:154} INFO - Started process (PID=43603) to work on /home/airflow/.local/lib/python3.7/site-packages/airflow/example_dags/example_local_kubernetes_executor.py
[2025-05-03T11:42:14.830+0000] {processor.py:756} INFO - Processing file /home/airflow/.local/lib/python3.7/site-packages/airflow/example_dags/example_local_kubernetes_executor.py for tasks to queue
[2025-05-03T11:42:14.831+0000] {logging_mixin.py:120} INFO - [2025-05-03T11:42:14.831+0000] {dagbag.py:537} INFO - Filling up the DagBag from /home/airflow/.local/lib/python3.7/site-packages/airflow/example_dags/example_local_kubernetes_executor.py
[2025-05-03T11:42:14.842+0000] {processor.py:766} INFO - DAG(s) dict_keys(['example_local_kubernetes_executor']) retrieved from /home/airflow/.local/lib/python3.7/site-packages/airflow/example_dags/example_local_kubernetes_executor.py
[2025-05-03T11:42:14.862+0000] {logging_mixin.py:120} INFO - [2025-05-03T11:42:14.862+0000] {dag.py:2585} INFO - Sync 1 DAGs
[2025-05-03T11:42:14.873+0000] {logging_mixin.py:120} INFO - [2025-05-03T11:42:14.873+0000] {dag.py:3340} INFO - Setting next_dagrun for example_local_kubernetes_executor to None, run_after=None
[2025-05-03T11:42:14.882+0000] {processor.py:176} INFO - Processing /home/airflow/.local/lib/python3.7/site-packages/airflow/example_dags/example_local_kubernetes_executor.py took 0.054 seconds
[2025-05-03T12:59:20.151+0000] {processor.py:154} INFO - Started process (PID=43666) to work on /home/airflow/.local/lib/python3.7/site-packages/airflow/example_dags/example_local_kubernetes_executor.py
[2025-05-03T12:59:20.151+0000] {processor.py:756} INFO - Processing file /home/airflow/.local/lib/python3.7/site-packages/airflow/example_dags/example_local_kubernetes_executor.py for tasks to queue
[2025-05-03T12:59:20.151+0000] {logging_mixin.py:120} INFO - [2025-05-03T12:59:20.151+0000] {dagbag.py:537} INFO - Filling up the DagBag from /home/airflow/.local/lib/python3.7/site-packages/airflow/example_dags/example_local_kubernetes_executor.py
[2025-05-03T12:59:20.164+0000] {processor.py:766} INFO - DAG(s) dict_keys(['example_local_kubernetes_executor']) retrieved from /home/airflow/.local/lib/python3.7/site-packages/airflow/example_dags/example_local_kubernetes_executor.py
[2025-05-03T12:59:20.192+0000] {logging_mixin.py:120} INFO - [2025-05-03T12:59:20.192+0000] {dag.py:2585} INFO - Sync 1 DAGs
[2025-05-03T12:59:20.207+0000] {logging_mixin.py:120} INFO - [2025-05-03T12:59:20.207+0000] {dag.py:3340} INFO - Setting next_dagrun for example_local_kubernetes_executor to None, run_after=None
[2025-05-03T12:59:20.220+0000] {processor.py:176} INFO - Processing /home/airflow/.local/lib/python3.7/site-packages/airflow/example_dags/example_local_kubernetes_executor.py took 0.071 seconds
[2025-05-03T13:28:31.308+0000] {processor.py:154} INFO - Started process (PID=43729) to work on /home/airflow/.local/lib/python3.7/site-packages/airflow/example_dags/example_local_kubernetes_executor.py
[2025-05-03T13:28:31.311+0000] {processor.py:756} INFO - Processing file /home/airflow/.local/lib/python3.7/site-packages/airflow/example_dags/example_local_kubernetes_executor.py for tasks to queue
[2025-05-03T13:28:31.312+0000] {logging_mixin.py:120} INFO - [2025-05-03T13:28:31.312+0000] {dagbag.py:537} INFO - Filling up the DagBag from /home/airflow/.local/lib/python3.7/site-packages/airflow/example_dags/example_local_kubernetes_executor.py
[2025-05-03T13:28:31.325+0000] {processor.py:766} INFO - DAG(s) dict_keys(['example_local_kubernetes_executor']) retrieved from /home/airflow/.local/lib/python3.7/site-packages/airflow/example_dags/example_local_kubernetes_executor.py
[2025-05-03T13:28:31.345+0000] {logging_mixin.py:120} INFO - [2025-05-03T13:28:31.345+0000] {dag.py:2585} INFO - Sync 1 DAGs
[2025-05-03T13:28:31.358+0000] {logging_mixin.py:120} INFO - [2025-05-03T13:28:31.358+0000] {dag.py:3340} INFO - Setting next_dagrun for example_local_kubernetes_executor to None, run_after=None
[2025-05-03T13:28:31.368+0000] {processor.py:176} INFO - Processing /home/airflow/.local/lib/python3.7/site-packages/airflow/example_dags/example_local_kubernetes_executor.py took 0.062 seconds
[2025-05-03T13:29:08.178+0000] {processor.py:154} INFO - Started process (PID=43792) to work on /home/airflow/.local/lib/python3.7/site-packages/airflow/example_dags/example_local_kubernetes_executor.py
[2025-05-03T13:29:08.178+0000] {processor.py:756} INFO - Processing file /home/airflow/.local/lib/python3.7/site-packages/airflow/example_dags/example_local_kubernetes_executor.py for tasks to queue
[2025-05-03T13:29:08.179+0000] {logging_mixin.py:120} INFO - [2025-05-03T13:29:08.179+0000] {dagbag.py:537} INFO - Filling up the DagBag from /home/airflow/.local/lib/python3.7/site-packages/airflow/example_dags/example_local_kubernetes_executor.py
[2025-05-03T13:29:08.190+0000] {processor.py:766} INFO - DAG(s) dict_keys(['example_local_kubernetes_executor']) retrieved from /home/airflow/.local/lib/python3.7/site-packages/airflow/example_dags/example_local_kubernetes_executor.py
[2025-05-03T13:29:08.207+0000] {logging_mixin.py:120} INFO - [2025-05-03T13:29:08.207+0000] {dag.py:2585} INFO - Sync 1 DAGs
[2025-05-03T13:29:08.216+0000] {logging_mixin.py:120} INFO - [2025-05-03T13:29:08.216+0000] {dag.py:3340} INFO - Setting next_dagrun for example_local_kubernetes_executor to None, run_after=None
[2025-05-03T13:29:08.226+0000] {processor.py:176} INFO - Processing /home/airflow/.local/lib/python3.7/site-packages/airflow/example_dags/example_local_kubernetes_executor.py took 0.050 seconds
[2025-05-03T14:29:10.594+0000] {processor.py:154} INFO - Started process (PID=43853) to work on /home/airflow/.local/lib/python3.7/site-packages/airflow/example_dags/example_local_kubernetes_executor.py
[2025-05-03T14:29:10.595+0000] {processor.py:756} INFO - Processing file /home/airflow/.local/lib/python3.7/site-packages/airflow/example_dags/example_local_kubernetes_executor.py for tasks to queue
[2025-05-03T14:29:10.596+0000] {logging_mixin.py:120} INFO - [2025-05-03T14:29:10.596+0000] {dagbag.py:537} INFO - Filling up the DagBag from /home/airflow/.local/lib/python3.7/site-packages/airflow/example_dags/example_local_kubernetes_executor.py
[2025-05-03T14:29:10.608+0000] {processor.py:766} INFO - DAG(s) dict_keys(['example_local_kubernetes_executor']) retrieved from /home/airflow/.local/lib/python3.7/site-packages/airflow/example_dags/example_local_kubernetes_executor.py
[2025-05-03T14:29:10.630+0000] {logging_mixin.py:120} INFO - [2025-05-03T14:29:10.630+0000] {dag.py:2585} INFO - Sync 1 DAGs
[2025-05-03T14:29:10.642+0000] {logging_mixin.py:120} INFO - [2025-05-03T14:29:10.642+0000] {dag.py:3340} INFO - Setting next_dagrun for example_local_kubernetes_executor to None, run_after=None
[2025-05-03T14:29:10.654+0000] {processor.py:176} INFO - Processing /home/airflow/.local/lib/python3.7/site-packages/airflow/example_dags/example_local_kubernetes_executor.py took 0.062 seconds
[2025-05-03T15:07:53.718+0000] {processor.py:154} INFO - Started process (PID=43907) to work on /home/airflow/.local/lib/python3.7/site-packages/airflow/example_dags/example_local_kubernetes_executor.py
[2025-05-03T15:07:53.719+0000] {processor.py:756} INFO - Processing file /home/airflow/.local/lib/python3.7/site-packages/airflow/example_dags/example_local_kubernetes_executor.py for tasks to queue
[2025-05-03T15:07:53.720+0000] {logging_mixin.py:120} INFO - [2025-05-03T15:07:53.720+0000] {dagbag.py:537} INFO - Filling up the DagBag from /home/airflow/.local/lib/python3.7/site-packages/airflow/example_dags/example_local_kubernetes_executor.py
[2025-05-03T15:07:53.732+0000] {processor.py:766} INFO - DAG(s) dict_keys(['example_local_kubernetes_executor']) retrieved from /home/airflow/.local/lib/python3.7/site-packages/airflow/example_dags/example_local_kubernetes_executor.py
[2025-05-03T15:07:53.754+0000] {logging_mixin.py:120} INFO - [2025-05-03T15:07:53.754+0000] {dag.py:2585} INFO - Sync 1 DAGs
[2025-05-03T15:07:53.766+0000] {logging_mixin.py:120} INFO - [2025-05-03T15:07:53.766+0000] {dag.py:3340} INFO - Setting next_dagrun for example_local_kubernetes_executor to None, run_after=None
[2025-05-03T15:07:53.779+0000] {processor.py:176} INFO - Processing /home/airflow/.local/lib/python3.7/site-packages/airflow/example_dags/example_local_kubernetes_executor.py took 0.062 seconds
[2025-05-03T16:21:03.079+0000] {processor.py:154} INFO - Started process (PID=43970) to work on /home/airflow/.local/lib/python3.7/site-packages/airflow/example_dags/example_local_kubernetes_executor.py
[2025-05-03T16:21:03.080+0000] {processor.py:756} INFO - Processing file /home/airflow/.local/lib/python3.7/site-packages/airflow/example_dags/example_local_kubernetes_executor.py for tasks to queue
[2025-05-03T16:21:03.080+0000] {logging_mixin.py:120} INFO - [2025-05-03T16:21:03.080+0000] {dagbag.py:537} INFO - Filling up the DagBag from /home/airflow/.local/lib/python3.7/site-packages/airflow/example_dags/example_local_kubernetes_executor.py
[2025-05-03T16:21:03.092+0000] {processor.py:766} INFO - DAG(s) dict_keys(['example_local_kubernetes_executor']) retrieved from /home/airflow/.local/lib/python3.7/site-packages/airflow/example_dags/example_local_kubernetes_executor.py
[2025-05-03T16:21:03.115+0000] {logging_mixin.py:120} INFO - [2025-05-03T16:21:03.115+0000] {dag.py:2585} INFO - Sync 1 DAGs
[2025-05-03T16:21:03.129+0000] {logging_mixin.py:120} INFO - [2025-05-03T16:21:03.129+0000] {dag.py:3340} INFO - Setting next_dagrun for example_local_kubernetes_executor to None, run_after=None
[2025-05-03T16:21:03.139+0000] {processor.py:176} INFO - Processing /home/airflow/.local/lib/python3.7/site-packages/airflow/example_dags/example_local_kubernetes_executor.py took 0.062 seconds
[2025-05-03T16:48:05.422+0000] {processor.py:154} INFO - Started process (PID=44032) to work on /home/airflow/.local/lib/python3.7/site-packages/airflow/example_dags/example_local_kubernetes_executor.py
[2025-05-03T16:48:05.423+0000] {processor.py:756} INFO - Processing file /home/airflow/.local/lib/python3.7/site-packages/airflow/example_dags/example_local_kubernetes_executor.py for tasks to queue
[2025-05-03T16:48:05.423+0000] {logging_mixin.py:120} INFO - [2025-05-03T16:48:05.423+0000] {dagbag.py:537} INFO - Filling up the DagBag from /home/airflow/.local/lib/python3.7/site-packages/airflow/example_dags/example_local_kubernetes_executor.py
[2025-05-03T16:48:05.435+0000] {processor.py:766} INFO - DAG(s) dict_keys(['example_local_kubernetes_executor']) retrieved from /home/airflow/.local/lib/python3.7/site-packages/airflow/example_dags/example_local_kubernetes_executor.py
[2025-05-03T16:48:05.454+0000] {logging_mixin.py:120} INFO - [2025-05-03T16:48:05.454+0000] {dag.py:2585} INFO - Sync 1 DAGs
[2025-05-03T16:48:05.466+0000] {logging_mixin.py:120} INFO - [2025-05-03T16:48:05.466+0000] {dag.py:3340} INFO - Setting next_dagrun for example_local_kubernetes_executor to None, run_after=None
[2025-05-03T16:48:05.481+0000] {processor.py:176} INFO - Processing /home/airflow/.local/lib/python3.7/site-packages/airflow/example_dags/example_local_kubernetes_executor.py took 0.061 seconds
[2025-05-03T18:05:53.897+0000] {processor.py:154} INFO - Started process (PID=44095) to work on /home/airflow/.local/lib/python3.7/site-packages/airflow/example_dags/example_local_kubernetes_executor.py
[2025-05-03T18:05:53.898+0000] {processor.py:756} INFO - Processing file /home/airflow/.local/lib/python3.7/site-packages/airflow/example_dags/example_local_kubernetes_executor.py for tasks to queue
[2025-05-03T18:05:53.899+0000] {logging_mixin.py:120} INFO - [2025-05-03T18:05:53.899+0000] {dagbag.py:537} INFO - Filling up the DagBag from /home/airflow/.local/lib/python3.7/site-packages/airflow/example_dags/example_local_kubernetes_executor.py
[2025-05-03T18:05:53.911+0000] {processor.py:766} INFO - DAG(s) dict_keys(['example_local_kubernetes_executor']) retrieved from /home/airflow/.local/lib/python3.7/site-packages/airflow/example_dags/example_local_kubernetes_executor.py
[2025-05-03T18:05:53.935+0000] {logging_mixin.py:120} INFO - [2025-05-03T18:05:53.935+0000] {dag.py:2585} INFO - Sync 1 DAGs
[2025-05-03T18:05:53.946+0000] {logging_mixin.py:120} INFO - [2025-05-03T18:05:53.946+0000] {dag.py:3340} INFO - Setting next_dagrun for example_local_kubernetes_executor to None, run_after=None
[2025-05-03T18:05:53.962+0000] {processor.py:176} INFO - Processing /home/airflow/.local/lib/python3.7/site-packages/airflow/example_dags/example_local_kubernetes_executor.py took 0.067 seconds
[2025-05-03T19:25:57.434+0000] {processor.py:154} INFO - Started process (PID=44158) to work on /home/airflow/.local/lib/python3.7/site-packages/airflow/example_dags/example_local_kubernetes_executor.py
[2025-05-03T19:25:57.435+0000] {processor.py:756} INFO - Processing file /home/airflow/.local/lib/python3.7/site-packages/airflow/example_dags/example_local_kubernetes_executor.py for tasks to queue
[2025-05-03T19:25:57.435+0000] {logging_mixin.py:120} INFO - [2025-05-03T19:25:57.435+0000] {dagbag.py:537} INFO - Filling up the DagBag from /home/airflow/.local/lib/python3.7/site-packages/airflow/example_dags/example_local_kubernetes_executor.py
[2025-05-03T19:25:57.446+0000] {processor.py:766} INFO - DAG(s) dict_keys(['example_local_kubernetes_executor']) retrieved from /home/airflow/.local/lib/python3.7/site-packages/airflow/example_dags/example_local_kubernetes_executor.py
[2025-05-03T19:25:57.467+0000] {logging_mixin.py:120} INFO - [2025-05-03T19:25:57.467+0000] {dag.py:2585} INFO - Sync 1 DAGs
[2025-05-03T19:25:57.479+0000] {logging_mixin.py:120} INFO - [2025-05-03T19:25:57.479+0000] {dag.py:3340} INFO - Setting next_dagrun for example_local_kubernetes_executor to None, run_after=None
[2025-05-03T19:25:57.492+0000] {processor.py:176} INFO - Processing /home/airflow/.local/lib/python3.7/site-packages/airflow/example_dags/example_local_kubernetes_executor.py took 0.060 seconds
[2025-05-03T20:07:04.867+0000] {processor.py:154} INFO - Started process (PID=44220) to work on /home/airflow/.local/lib/python3.7/site-packages/airflow/example_dags/example_local_kubernetes_executor.py
[2025-05-03T20:07:04.868+0000] {processor.py:756} INFO - Processing file /home/airflow/.local/lib/python3.7/site-packages/airflow/example_dags/example_local_kubernetes_executor.py for tasks to queue
[2025-05-03T20:07:04.868+0000] {logging_mixin.py:120} INFO - [2025-05-03T20:07:04.868+0000] {dagbag.py:537} INFO - Filling up the DagBag from /home/airflow/.local/lib/python3.7/site-packages/airflow/example_dags/example_local_kubernetes_executor.py
[2025-05-03T20:07:04.881+0000] {processor.py:766} INFO - DAG(s) dict_keys(['example_local_kubernetes_executor']) retrieved from /home/airflow/.local/lib/python3.7/site-packages/airflow/example_dags/example_local_kubernetes_executor.py
[2025-05-03T20:07:04.901+0000] {logging_mixin.py:120} INFO - [2025-05-03T20:07:04.901+0000] {dag.py:2585} INFO - Sync 1 DAGs
[2025-05-03T20:07:04.917+0000] {logging_mixin.py:120} INFO - [2025-05-03T20:07:04.917+0000] {dag.py:3340} INFO - Setting next_dagrun for example_local_kubernetes_executor to None, run_after=None
[2025-05-03T20:07:04.928+0000] {processor.py:176} INFO - Processing /home/airflow/.local/lib/python3.7/site-packages/airflow/example_dags/example_local_kubernetes_executor.py took 0.064 seconds
[2025-05-03T21:36:13.278+0000] {processor.py:154} INFO - Started process (PID=44274) to work on /home/airflow/.local/lib/python3.7/site-packages/airflow/example_dags/example_local_kubernetes_executor.py
[2025-05-03T21:36:13.279+0000] {processor.py:756} INFO - Processing file /home/airflow/.local/lib/python3.7/site-packages/airflow/example_dags/example_local_kubernetes_executor.py for tasks to queue
[2025-05-03T21:36:13.279+0000] {logging_mixin.py:120} INFO - [2025-05-03T21:36:13.279+0000] {dagbag.py:537} INFO - Filling up the DagBag from /home/airflow/.local/lib/python3.7/site-packages/airflow/example_dags/example_local_kubernetes_executor.py
[2025-05-03T21:36:13.291+0000] {processor.py:766} INFO - DAG(s) dict_keys(['example_local_kubernetes_executor']) retrieved from /home/airflow/.local/lib/python3.7/site-packages/airflow/example_dags/example_local_kubernetes_executor.py
[2025-05-03T21:36:13.316+0000] {logging_mixin.py:120} INFO - [2025-05-03T21:36:13.316+0000] {dag.py:2585} INFO - Sync 1 DAGs
[2025-05-03T21:36:13.330+0000] {logging_mixin.py:120} INFO - [2025-05-03T21:36:13.330+0000] {dag.py:3340} INFO - Setting next_dagrun for example_local_kubernetes_executor to None, run_after=None
[2025-05-03T21:36:13.343+0000] {processor.py:176} INFO - Processing /home/airflow/.local/lib/python3.7/site-packages/airflow/example_dags/example_local_kubernetes_executor.py took 0.066 seconds
[2025-05-03T22:19:52.281+0000] {processor.py:154} INFO - Started process (PID=44337) to work on /home/airflow/.local/lib/python3.7/site-packages/airflow/example_dags/example_local_kubernetes_executor.py
[2025-05-03T22:19:52.281+0000] {processor.py:756} INFO - Processing file /home/airflow/.local/lib/python3.7/site-packages/airflow/example_dags/example_local_kubernetes_executor.py for tasks to queue
[2025-05-03T22:19:52.282+0000] {logging_mixin.py:120} INFO - [2025-05-03T22:19:52.282+0000] {dagbag.py:537} INFO - Filling up the DagBag from /home/airflow/.local/lib/python3.7/site-packages/airflow/example_dags/example_local_kubernetes_executor.py
[2025-05-03T22:19:52.292+0000] {processor.py:766} INFO - DAG(s) dict_keys(['example_local_kubernetes_executor']) retrieved from /home/airflow/.local/lib/python3.7/site-packages/airflow/example_dags/example_local_kubernetes_executor.py
[2025-05-03T22:19:52.311+0000] {logging_mixin.py:120} INFO - [2025-05-03T22:19:52.311+0000] {dag.py:2585} INFO - Sync 1 DAGs
[2025-05-03T22:19:52.321+0000] {logging_mixin.py:120} INFO - [2025-05-03T22:19:52.321+0000] {dag.py:3340} INFO - Setting next_dagrun for example_local_kubernetes_executor to None, run_after=None
[2025-05-03T22:19:52.328+0000] {processor.py:176} INFO - Processing /home/airflow/.local/lib/python3.7/site-packages/airflow/example_dags/example_local_kubernetes_executor.py took 0.049 seconds
[2025-05-03T23:04:45.395+0000] {processor.py:154} INFO - Started process (PID=44400) to work on /home/airflow/.local/lib/python3.7/site-packages/airflow/example_dags/example_local_kubernetes_executor.py
[2025-05-03T23:04:45.396+0000] {processor.py:756} INFO - Processing file /home/airflow/.local/lib/python3.7/site-packages/airflow/example_dags/example_local_kubernetes_executor.py for tasks to queue
[2025-05-03T23:04:45.397+0000] {logging_mixin.py:120} INFO - [2025-05-03T23:04:45.397+0000] {dagbag.py:537} INFO - Filling up the DagBag from /home/airflow/.local/lib/python3.7/site-packages/airflow/example_dags/example_local_kubernetes_executor.py
[2025-05-03T23:04:45.409+0000] {processor.py:766} INFO - DAG(s) dict_keys(['example_local_kubernetes_executor']) retrieved from /home/airflow/.local/lib/python3.7/site-packages/airflow/example_dags/example_local_kubernetes_executor.py
[2025-05-03T23:04:45.430+0000] {logging_mixin.py:120} INFO - [2025-05-03T23:04:45.430+0000] {dag.py:2585} INFO - Sync 1 DAGs
[2025-05-03T23:04:45.445+0000] {logging_mixin.py:120} INFO - [2025-05-03T23:04:45.445+0000] {dag.py:3340} INFO - Setting next_dagrun for example_local_kubernetes_executor to None, run_after=None
[2025-05-03T23:04:45.456+0000] {processor.py:176} INFO - Processing /home/airflow/.local/lib/python3.7/site-packages/airflow/example_dags/example_local_kubernetes_executor.py took 0.063 seconds
[2025-05-03T23:22:07.670+0000] {processor.py:154} INFO - Started process (PID=44462) to work on /home/airflow/.local/lib/python3.7/site-packages/airflow/example_dags/example_local_kubernetes_executor.py
[2025-05-03T23:22:07.670+0000] {processor.py:756} INFO - Processing file /home/airflow/.local/lib/python3.7/site-packages/airflow/example_dags/example_local_kubernetes_executor.py for tasks to queue
[2025-05-03T23:22:07.671+0000] {logging_mixin.py:120} INFO - [2025-05-03T23:22:07.671+0000] {dagbag.py:537} INFO - Filling up the DagBag from /home/airflow/.local/lib/python3.7/site-packages/airflow/example_dags/example_local_kubernetes_executor.py
[2025-05-03T23:22:07.680+0000] {processor.py:766} INFO - DAG(s) dict_keys(['example_local_kubernetes_executor']) retrieved from /home/airflow/.local/lib/python3.7/site-packages/airflow/example_dags/example_local_kubernetes_executor.py
[2025-05-03T23:22:07.698+0000] {logging_mixin.py:120} INFO - [2025-05-03T23:22:07.698+0000] {dag.py:2585} INFO - Sync 1 DAGs
[2025-05-03T23:22:07.709+0000] {logging_mixin.py:120} INFO - [2025-05-03T23:22:07.708+0000] {dag.py:3340} INFO - Setting next_dagrun for example_local_kubernetes_executor to None, run_after=None
[2025-05-03T23:22:07.718+0000] {processor.py:176} INFO - Processing /home/airflow/.local/lib/python3.7/site-packages/airflow/example_dags/example_local_kubernetes_executor.py took 0.050 seconds
[2025-05-03T23:38:28.885+0000] {processor.py:154} INFO - Started process (PID=44525) to work on /home/airflow/.local/lib/python3.7/site-packages/airflow/example_dags/example_local_kubernetes_executor.py
[2025-05-03T23:38:28.885+0000] {processor.py:756} INFO - Processing file /home/airflow/.local/lib/python3.7/site-packages/airflow/example_dags/example_local_kubernetes_executor.py for tasks to queue
[2025-05-03T23:38:28.886+0000] {logging_mixin.py:120} INFO - [2025-05-03T23:38:28.886+0000] {dagbag.py:537} INFO - Filling up the DagBag from /home/airflow/.local/lib/python3.7/site-packages/airflow/example_dags/example_local_kubernetes_executor.py
[2025-05-03T23:38:28.896+0000] {processor.py:766} INFO - DAG(s) dict_keys(['example_local_kubernetes_executor']) retrieved from /home/airflow/.local/lib/python3.7/site-packages/airflow/example_dags/example_local_kubernetes_executor.py
[2025-05-03T23:38:28.914+0000] {logging_mixin.py:120} INFO - [2025-05-03T23:38:28.914+0000] {dag.py:2585} INFO - Sync 1 DAGs
[2025-05-03T23:38:28.925+0000] {logging_mixin.py:120} INFO - [2025-05-03T23:38:28.925+0000] {dag.py:3340} INFO - Setting next_dagrun for example_local_kubernetes_executor to None, run_after=None
[2025-05-03T23:38:28.932+0000] {processor.py:176} INFO - Processing /home/airflow/.local/lib/python3.7/site-packages/airflow/example_dags/example_local_kubernetes_executor.py took 0.049 seconds
[2025-05-03T23:56:24.406+0000] {processor.py:154} INFO - Started process (PID=44588) to work on /home/airflow/.local/lib/python3.7/site-packages/airflow/example_dags/example_local_kubernetes_executor.py
[2025-05-03T23:56:24.411+0000] {processor.py:756} INFO - Processing file /home/airflow/.local/lib/python3.7/site-packages/airflow/example_dags/example_local_kubernetes_executor.py for tasks to queue
[2025-05-03T23:56:24.414+0000] {logging_mixin.py:120} INFO - [2025-05-03T23:56:24.414+0000] {dagbag.py:537} INFO - Filling up the DagBag from /home/airflow/.local/lib/python3.7/site-packages/airflow/example_dags/example_local_kubernetes_executor.py
[2025-05-03T23:56:24.434+0000] {processor.py:766} INFO - DAG(s) dict_keys(['example_local_kubernetes_executor']) retrieved from /home/airflow/.local/lib/python3.7/site-packages/airflow/example_dags/example_local_kubernetes_executor.py
[2025-05-03T23:56:24.462+0000] {logging_mixin.py:120} INFO - [2025-05-03T23:56:24.461+0000] {dag.py:2585} INFO - Sync 1 DAGs
[2025-05-03T23:56:24.473+0000] {logging_mixin.py:120} INFO - [2025-05-03T23:56:24.473+0000] {dag.py:3340} INFO - Setting next_dagrun for example_local_kubernetes_executor to None, run_after=None
[2025-05-03T23:56:24.539+0000] {processor.py:176} INFO - Processing /home/airflow/.local/lib/python3.7/site-packages/airflow/example_dags/example_local_kubernetes_executor.py took 0.138 seconds
