[2025-05-03T00:29:31.899+0000] {processor.py:154} INFO - Started process (PID=42638) to work on /home/airflow/.local/lib/python3.7/site-packages/airflow/example_dags/example_kubernetes_executor.py
[2025-05-03T00:29:31.900+0000] {processor.py:756} INFO - Processing file /home/airflow/.local/lib/python3.7/site-packages/airflow/example_dags/example_kubernetes_executor.py for tasks to queue
[2025-05-03T00:29:31.900+0000] {logging_mixin.py:120} INFO - [2025-05-03T00:29:31.900+0000] {dagbag.py:537} INFO - Filling up the DagBag from /home/airflow/.local/lib/python3.7/site-packages/airflow/example_dags/example_kubernetes_executor.py
[2025-05-03T00:29:31.913+0000] {processor.py:766} INFO - DAG(s) dict_keys(['example_kubernetes_executor']) retrieved from /home/airflow/.local/lib/python3.7/site-packages/airflow/example_dags/example_kubernetes_executor.py
[2025-05-03T00:29:31.932+0000] {logging_mixin.py:120} INFO - [2025-05-03T00:29:31.932+0000] {dag.py:2585} INFO - Sync 1 DAGs
[2025-05-03T00:29:31.942+0000] {logging_mixin.py:120} INFO - [2025-05-03T00:29:31.942+0000] {dag.py:3340} INFO - Setting next_dagrun for example_kubernetes_executor to None, run_after=None
[2025-05-03T00:29:31.950+0000] {processor.py:176} INFO - Processing /home/airflow/.local/lib/python3.7/site-packages/airflow/example_dags/example_kubernetes_executor.py took 0.053 seconds
[2025-05-03T00:52:40.318+0000] {processor.py:154} INFO - Started process (PID=42699) to work on /home/airflow/.local/lib/python3.7/site-packages/airflow/example_dags/example_kubernetes_executor.py
[2025-05-03T00:52:40.320+0000] {processor.py:756} INFO - Processing file /home/airflow/.local/lib/python3.7/site-packages/airflow/example_dags/example_kubernetes_executor.py for tasks to queue
[2025-05-03T00:52:40.323+0000] {logging_mixin.py:120} INFO - [2025-05-03T00:52:40.323+0000] {dagbag.py:537} INFO - Filling up the DagBag from /home/airflow/.local/lib/python3.7/site-packages/airflow/example_dags/example_kubernetes_executor.py
[2025-05-03T00:52:40.338+0000] {processor.py:766} INFO - DAG(s) dict_keys(['example_kubernetes_executor']) retrieved from /home/airflow/.local/lib/python3.7/site-packages/airflow/example_dags/example_kubernetes_executor.py
[2025-05-03T00:52:40.361+0000] {logging_mixin.py:120} INFO - [2025-05-03T00:52:40.361+0000] {dag.py:2585} INFO - Sync 1 DAGs
[2025-05-03T00:52:40.377+0000] {logging_mixin.py:120} INFO - [2025-05-03T00:52:40.377+0000] {dag.py:3340} INFO - Setting next_dagrun for example_kubernetes_executor to None, run_after=None
[2025-05-03T00:52:40.391+0000] {processor.py:176} INFO - Processing /home/airflow/.local/lib/python3.7/site-packages/airflow/example_dags/example_kubernetes_executor.py took 0.076 seconds
[2025-05-03T01:16:08.660+0000] {processor.py:154} INFO - Started process (PID=42755) to work on /home/airflow/.local/lib/python3.7/site-packages/airflow/example_dags/example_kubernetes_executor.py
[2025-05-03T01:16:08.662+0000] {processor.py:756} INFO - Processing file /home/airflow/.local/lib/python3.7/site-packages/airflow/example_dags/example_kubernetes_executor.py for tasks to queue
[2025-05-03T01:16:08.663+0000] {logging_mixin.py:120} INFO - [2025-05-03T01:16:08.663+0000] {dagbag.py:537} INFO - Filling up the DagBag from /home/airflow/.local/lib/python3.7/site-packages/airflow/example_dags/example_kubernetes_executor.py
[2025-05-03T01:16:08.675+0000] {processor.py:766} INFO - DAG(s) dict_keys(['example_kubernetes_executor']) retrieved from /home/airflow/.local/lib/python3.7/site-packages/airflow/example_dags/example_kubernetes_executor.py
[2025-05-03T01:16:08.697+0000] {logging_mixin.py:120} INFO - [2025-05-03T01:16:08.697+0000] {dag.py:2585} INFO - Sync 1 DAGs
[2025-05-03T01:16:08.708+0000] {logging_mixin.py:120} INFO - [2025-05-03T01:16:08.708+0000] {dag.py:3340} INFO - Setting next_dagrun for example_kubernetes_executor to None, run_after=None
[2025-05-03T01:16:08.718+0000] {processor.py:176} INFO - Processing /home/airflow/.local/lib/python3.7/site-packages/airflow/example_dags/example_kubernetes_executor.py took 0.060 seconds
[2025-05-03T01:19:53.185+0000] {processor.py:154} INFO - Started process (PID=42817) to work on /home/airflow/.local/lib/python3.7/site-packages/airflow/example_dags/example_kubernetes_executor.py
[2025-05-03T01:19:53.185+0000] {processor.py:756} INFO - Processing file /home/airflow/.local/lib/python3.7/site-packages/airflow/example_dags/example_kubernetes_executor.py for tasks to queue
[2025-05-03T01:19:53.186+0000] {logging_mixin.py:120} INFO - [2025-05-03T01:19:53.186+0000] {dagbag.py:537} INFO - Filling up the DagBag from /home/airflow/.local/lib/python3.7/site-packages/airflow/example_dags/example_kubernetes_executor.py
[2025-05-03T01:19:53.200+0000] {processor.py:766} INFO - DAG(s) dict_keys(['example_kubernetes_executor']) retrieved from /home/airflow/.local/lib/python3.7/site-packages/airflow/example_dags/example_kubernetes_executor.py
[2025-05-03T01:19:53.228+0000] {logging_mixin.py:120} INFO - [2025-05-03T01:19:53.228+0000] {dag.py:2585} INFO - Sync 1 DAGs
[2025-05-03T01:19:53.243+0000] {logging_mixin.py:120} INFO - [2025-05-03T01:19:53.242+0000] {dag.py:3340} INFO - Setting next_dagrun for example_kubernetes_executor to None, run_after=None
[2025-05-03T01:19:53.254+0000] {processor.py:176} INFO - Processing /home/airflow/.local/lib/python3.7/site-packages/airflow/example_dags/example_kubernetes_executor.py took 0.071 seconds
[2025-05-03T01:24:04.928+0000] {processor.py:154} INFO - Started process (PID=42879) to work on /home/airflow/.local/lib/python3.7/site-packages/airflow/example_dags/example_kubernetes_executor.py
[2025-05-03T01:24:04.928+0000] {processor.py:756} INFO - Processing file /home/airflow/.local/lib/python3.7/site-packages/airflow/example_dags/example_kubernetes_executor.py for tasks to queue
[2025-05-03T01:24:04.929+0000] {logging_mixin.py:120} INFO - [2025-05-03T01:24:04.929+0000] {dagbag.py:537} INFO - Filling up the DagBag from /home/airflow/.local/lib/python3.7/site-packages/airflow/example_dags/example_kubernetes_executor.py
[2025-05-03T01:24:04.943+0000] {processor.py:766} INFO - DAG(s) dict_keys(['example_kubernetes_executor']) retrieved from /home/airflow/.local/lib/python3.7/site-packages/airflow/example_dags/example_kubernetes_executor.py
[2025-05-03T01:24:04.967+0000] {logging_mixin.py:120} INFO - [2025-05-03T01:24:04.967+0000] {dag.py:2585} INFO - Sync 1 DAGs
[2025-05-03T01:24:04.978+0000] {logging_mixin.py:120} INFO - [2025-05-03T01:24:04.978+0000] {dag.py:3340} INFO - Setting next_dagrun for example_kubernetes_executor to None, run_after=None
[2025-05-03T01:24:04.987+0000] {processor.py:176} INFO - Processing /home/airflow/.local/lib/python3.7/site-packages/airflow/example_dags/example_kubernetes_executor.py took 0.061 seconds
[2025-05-03T02:06:32.909+0000] {processor.py:154} INFO - Started process (PID=42942) to work on /home/airflow/.local/lib/python3.7/site-packages/airflow/example_dags/example_kubernetes_executor.py
[2025-05-03T02:06:32.910+0000] {processor.py:756} INFO - Processing file /home/airflow/.local/lib/python3.7/site-packages/airflow/example_dags/example_kubernetes_executor.py for tasks to queue
[2025-05-03T02:06:32.911+0000] {logging_mixin.py:120} INFO - [2025-05-03T02:06:32.911+0000] {dagbag.py:537} INFO - Filling up the DagBag from /home/airflow/.local/lib/python3.7/site-packages/airflow/example_dags/example_kubernetes_executor.py
[2025-05-03T02:06:32.924+0000] {processor.py:766} INFO - DAG(s) dict_keys(['example_kubernetes_executor']) retrieved from /home/airflow/.local/lib/python3.7/site-packages/airflow/example_dags/example_kubernetes_executor.py
[2025-05-03T02:06:32.945+0000] {logging_mixin.py:120} INFO - [2025-05-03T02:06:32.945+0000] {dag.py:2585} INFO - Sync 1 DAGs
[2025-05-03T02:06:32.957+0000] {logging_mixin.py:120} INFO - [2025-05-03T02:06:32.957+0000] {dag.py:3340} INFO - Setting next_dagrun for example_kubernetes_executor to None, run_after=None
[2025-05-03T02:06:32.969+0000] {processor.py:176} INFO - Processing /home/airflow/.local/lib/python3.7/site-packages/airflow/example_dags/example_kubernetes_executor.py took 0.061 seconds
[2025-05-03T02:48:24.722+0000] {processor.py:154} INFO - Started process (PID=43005) to work on /home/airflow/.local/lib/python3.7/site-packages/airflow/example_dags/example_kubernetes_executor.py
[2025-05-03T02:48:24.723+0000] {processor.py:756} INFO - Processing file /home/airflow/.local/lib/python3.7/site-packages/airflow/example_dags/example_kubernetes_executor.py for tasks to queue
[2025-05-03T02:48:24.724+0000] {logging_mixin.py:120} INFO - [2025-05-03T02:48:24.724+0000] {dagbag.py:537} INFO - Filling up the DagBag from /home/airflow/.local/lib/python3.7/site-packages/airflow/example_dags/example_kubernetes_executor.py
[2025-05-03T02:48:24.738+0000] {processor.py:766} INFO - DAG(s) dict_keys(['example_kubernetes_executor']) retrieved from /home/airflow/.local/lib/python3.7/site-packages/airflow/example_dags/example_kubernetes_executor.py
[2025-05-03T02:48:24.762+0000] {logging_mixin.py:120} INFO - [2025-05-03T02:48:24.762+0000] {dag.py:2585} INFO - Sync 1 DAGs
[2025-05-03T02:48:24.775+0000] {logging_mixin.py:120} INFO - [2025-05-03T02:48:24.775+0000] {dag.py:3340} INFO - Setting next_dagrun for example_kubernetes_executor to None, run_after=None
[2025-05-03T02:48:24.785+0000] {processor.py:176} INFO - Processing /home/airflow/.local/lib/python3.7/site-packages/airflow/example_dags/example_kubernetes_executor.py took 0.065 seconds
[2025-05-03T03:21:20.559+0000] {processor.py:154} INFO - Started process (PID=43068) to work on /home/airflow/.local/lib/python3.7/site-packages/airflow/example_dags/example_kubernetes_executor.py
[2025-05-03T03:21:20.559+0000] {processor.py:756} INFO - Processing file /home/airflow/.local/lib/python3.7/site-packages/airflow/example_dags/example_kubernetes_executor.py for tasks to queue
[2025-05-03T03:21:20.559+0000] {logging_mixin.py:120} INFO - [2025-05-03T03:21:20.559+0000] {dagbag.py:537} INFO - Filling up the DagBag from /home/airflow/.local/lib/python3.7/site-packages/airflow/example_dags/example_kubernetes_executor.py
[2025-05-03T03:21:20.573+0000] {processor.py:766} INFO - DAG(s) dict_keys(['example_kubernetes_executor']) retrieved from /home/airflow/.local/lib/python3.7/site-packages/airflow/example_dags/example_kubernetes_executor.py
[2025-05-03T03:21:20.595+0000] {logging_mixin.py:120} INFO - [2025-05-03T03:21:20.595+0000] {dag.py:2585} INFO - Sync 1 DAGs
[2025-05-03T03:21:20.608+0000] {logging_mixin.py:120} INFO - [2025-05-03T03:21:20.608+0000] {dag.py:3340} INFO - Setting next_dagrun for example_kubernetes_executor to None, run_after=None
[2025-05-03T03:21:20.621+0000] {processor.py:176} INFO - Processing /home/airflow/.local/lib/python3.7/site-packages/airflow/example_dags/example_kubernetes_executor.py took 0.064 seconds
[2025-05-03T04:10:42.556+0000] {processor.py:154} INFO - Started process (PID=43122) to work on /home/airflow/.local/lib/python3.7/site-packages/airflow/example_dags/example_kubernetes_executor.py
[2025-05-03T04:10:42.557+0000] {processor.py:756} INFO - Processing file /home/airflow/.local/lib/python3.7/site-packages/airflow/example_dags/example_kubernetes_executor.py for tasks to queue
[2025-05-03T04:10:42.557+0000] {logging_mixin.py:120} INFO - [2025-05-03T04:10:42.557+0000] {dagbag.py:537} INFO - Filling up the DagBag from /home/airflow/.local/lib/python3.7/site-packages/airflow/example_dags/example_kubernetes_executor.py
[2025-05-03T04:10:42.570+0000] {processor.py:766} INFO - DAG(s) dict_keys(['example_kubernetes_executor']) retrieved from /home/airflow/.local/lib/python3.7/site-packages/airflow/example_dags/example_kubernetes_executor.py
[2025-05-03T04:10:42.591+0000] {logging_mixin.py:120} INFO - [2025-05-03T04:10:42.591+0000] {dag.py:2585} INFO - Sync 1 DAGs
[2025-05-03T04:10:42.603+0000] {logging_mixin.py:120} INFO - [2025-05-03T04:10:42.603+0000] {dag.py:3340} INFO - Setting next_dagrun for example_kubernetes_executor to None, run_after=None
[2025-05-03T04:10:42.614+0000] {processor.py:176} INFO - Processing /home/airflow/.local/lib/python3.7/site-packages/airflow/example_dags/example_kubernetes_executor.py took 0.059 seconds
[2025-05-03T04:54:16.584+0000] {processor.py:154} INFO - Started process (PID=43185) to work on /home/airflow/.local/lib/python3.7/site-packages/airflow/example_dags/example_kubernetes_executor.py
[2025-05-03T04:54:16.584+0000] {processor.py:756} INFO - Processing file /home/airflow/.local/lib/python3.7/site-packages/airflow/example_dags/example_kubernetes_executor.py for tasks to queue
[2025-05-03T04:54:16.585+0000] {logging_mixin.py:120} INFO - [2025-05-03T04:54:16.585+0000] {dagbag.py:537} INFO - Filling up the DagBag from /home/airflow/.local/lib/python3.7/site-packages/airflow/example_dags/example_kubernetes_executor.py
[2025-05-03T04:54:16.598+0000] {processor.py:766} INFO - DAG(s) dict_keys(['example_kubernetes_executor']) retrieved from /home/airflow/.local/lib/python3.7/site-packages/airflow/example_dags/example_kubernetes_executor.py
[2025-05-03T04:54:16.620+0000] {logging_mixin.py:120} INFO - [2025-05-03T04:54:16.620+0000] {dag.py:2585} INFO - Sync 1 DAGs
[2025-05-03T04:54:16.631+0000] {logging_mixin.py:120} INFO - [2025-05-03T04:54:16.631+0000] {dag.py:3340} INFO - Setting next_dagrun for example_kubernetes_executor to None, run_after=None
[2025-05-03T04:54:16.642+0000] {processor.py:176} INFO - Processing /home/airflow/.local/lib/python3.7/site-packages/airflow/example_dags/example_kubernetes_executor.py took 0.060 seconds
[2025-05-03T05:53:09.885+0000] {processor.py:154} INFO - Started process (PID=43248) to work on /home/airflow/.local/lib/python3.7/site-packages/airflow/example_dags/example_kubernetes_executor.py
[2025-05-03T05:53:09.886+0000] {processor.py:756} INFO - Processing file /home/airflow/.local/lib/python3.7/site-packages/airflow/example_dags/example_kubernetes_executor.py for tasks to queue
[2025-05-03T05:53:09.888+0000] {logging_mixin.py:120} INFO - [2025-05-03T05:53:09.887+0000] {dagbag.py:537} INFO - Filling up the DagBag from /home/airflow/.local/lib/python3.7/site-packages/airflow/example_dags/example_kubernetes_executor.py
[2025-05-03T05:53:09.901+0000] {processor.py:766} INFO - DAG(s) dict_keys(['example_kubernetes_executor']) retrieved from /home/airflow/.local/lib/python3.7/site-packages/airflow/example_dags/example_kubernetes_executor.py
[2025-05-03T05:53:09.925+0000] {logging_mixin.py:120} INFO - [2025-05-03T05:53:09.925+0000] {dag.py:2585} INFO - Sync 1 DAGs
[2025-05-03T05:53:09.938+0000] {logging_mixin.py:120} INFO - [2025-05-03T05:53:09.938+0000] {dag.py:3340} INFO - Setting next_dagrun for example_kubernetes_executor to None, run_after=None
[2025-05-03T05:53:09.949+0000] {processor.py:176} INFO - Processing /home/airflow/.local/lib/python3.7/site-packages/airflow/example_dags/example_kubernetes_executor.py took 0.065 seconds
[2025-05-03T06:30:38.815+0000] {processor.py:154} INFO - Started process (PID=43312) to work on /home/airflow/.local/lib/python3.7/site-packages/airflow/example_dags/example_kubernetes_executor.py
[2025-05-03T06:30:38.816+0000] {processor.py:756} INFO - Processing file /home/airflow/.local/lib/python3.7/site-packages/airflow/example_dags/example_kubernetes_executor.py for tasks to queue
[2025-05-03T06:30:38.816+0000] {logging_mixin.py:120} INFO - [2025-05-03T06:30:38.816+0000] {dagbag.py:537} INFO - Filling up the DagBag from /home/airflow/.local/lib/python3.7/site-packages/airflow/example_dags/example_kubernetes_executor.py
[2025-05-03T06:30:38.830+0000] {processor.py:766} INFO - DAG(s) dict_keys(['example_kubernetes_executor']) retrieved from /home/airflow/.local/lib/python3.7/site-packages/airflow/example_dags/example_kubernetes_executor.py
[2025-05-03T06:30:38.853+0000] {logging_mixin.py:120} INFO - [2025-05-03T06:30:38.853+0000] {dag.py:2585} INFO - Sync 1 DAGs
[2025-05-03T06:30:38.865+0000] {logging_mixin.py:120} INFO - [2025-05-03T06:30:38.865+0000] {dag.py:3340} INFO - Setting next_dagrun for example_kubernetes_executor to None, run_after=None
[2025-05-03T06:30:38.876+0000] {processor.py:176} INFO - Processing /home/airflow/.local/lib/python3.7/site-packages/airflow/example_dags/example_kubernetes_executor.py took 0.063 seconds
[2025-05-03T07:22:16.444+0000] {processor.py:154} INFO - Started process (PID=43375) to work on /home/airflow/.local/lib/python3.7/site-packages/airflow/example_dags/example_kubernetes_executor.py
[2025-05-03T07:22:16.445+0000] {processor.py:756} INFO - Processing file /home/airflow/.local/lib/python3.7/site-packages/airflow/example_dags/example_kubernetes_executor.py for tasks to queue
[2025-05-03T07:22:16.445+0000] {logging_mixin.py:120} INFO - [2025-05-03T07:22:16.445+0000] {dagbag.py:537} INFO - Filling up the DagBag from /home/airflow/.local/lib/python3.7/site-packages/airflow/example_dags/example_kubernetes_executor.py
[2025-05-03T07:22:16.459+0000] {processor.py:766} INFO - DAG(s) dict_keys(['example_kubernetes_executor']) retrieved from /home/airflow/.local/lib/python3.7/site-packages/airflow/example_dags/example_kubernetes_executor.py
[2025-05-03T07:22:16.484+0000] {logging_mixin.py:120} INFO - [2025-05-03T07:22:16.484+0000] {dag.py:2585} INFO - Sync 1 DAGs
[2025-05-03T07:22:16.495+0000] {logging_mixin.py:120} INFO - [2025-05-03T07:22:16.495+0000] {dag.py:3340} INFO - Setting next_dagrun for example_kubernetes_executor to None, run_after=None
[2025-05-03T07:22:16.504+0000] {processor.py:176} INFO - Processing /home/airflow/.local/lib/python3.7/site-packages/airflow/example_dags/example_kubernetes_executor.py took 0.062 seconds
[2025-05-03T08:23:11.282+0000] {processor.py:154} INFO - Started process (PID=43438) to work on /home/airflow/.local/lib/python3.7/site-packages/airflow/example_dags/example_kubernetes_executor.py
[2025-05-03T08:23:11.282+0000] {processor.py:756} INFO - Processing file /home/airflow/.local/lib/python3.7/site-packages/airflow/example_dags/example_kubernetes_executor.py for tasks to queue
[2025-05-03T08:23:11.283+0000] {logging_mixin.py:120} INFO - [2025-05-03T08:23:11.283+0000] {dagbag.py:537} INFO - Filling up the DagBag from /home/airflow/.local/lib/python3.7/site-packages/airflow/example_dags/example_kubernetes_executor.py
[2025-05-03T08:23:11.296+0000] {processor.py:766} INFO - DAG(s) dict_keys(['example_kubernetes_executor']) retrieved from /home/airflow/.local/lib/python3.7/site-packages/airflow/example_dags/example_kubernetes_executor.py
[2025-05-03T08:23:11.318+0000] {logging_mixin.py:120} INFO - [2025-05-03T08:23:11.318+0000] {dag.py:2585} INFO - Sync 1 DAGs
[2025-05-03T08:23:11.329+0000] {logging_mixin.py:120} INFO - [2025-05-03T08:23:11.329+0000] {dag.py:3340} INFO - Setting next_dagrun for example_kubernetes_executor to None, run_after=None
[2025-05-03T08:23:11.340+0000] {processor.py:176} INFO - Processing /home/airflow/.local/lib/python3.7/site-packages/airflow/example_dags/example_kubernetes_executor.py took 0.059 seconds
[2025-05-03T09:41:38.909+0000] {processor.py:154} INFO - Started process (PID=43491) to work on /home/airflow/.local/lib/python3.7/site-packages/airflow/example_dags/example_kubernetes_executor.py
[2025-05-03T09:41:38.913+0000] {processor.py:756} INFO - Processing file /home/airflow/.local/lib/python3.7/site-packages/airflow/example_dags/example_kubernetes_executor.py for tasks to queue
[2025-05-03T09:41:38.913+0000] {logging_mixin.py:120} INFO - [2025-05-03T09:41:38.913+0000] {dagbag.py:537} INFO - Filling up the DagBag from /home/airflow/.local/lib/python3.7/site-packages/airflow/example_dags/example_kubernetes_executor.py
[2025-05-03T09:41:38.928+0000] {processor.py:766} INFO - DAG(s) dict_keys(['example_kubernetes_executor']) retrieved from /home/airflow/.local/lib/python3.7/site-packages/airflow/example_dags/example_kubernetes_executor.py
[2025-05-03T09:41:38.951+0000] {logging_mixin.py:120} INFO - [2025-05-03T09:41:38.951+0000] {dag.py:2585} INFO - Sync 1 DAGs
[2025-05-03T09:41:38.962+0000] {logging_mixin.py:120} INFO - [2025-05-03T09:41:38.962+0000] {dag.py:3340} INFO - Setting next_dagrun for example_kubernetes_executor to None, run_after=None
[2025-05-03T09:41:38.972+0000] {processor.py:176} INFO - Processing /home/airflow/.local/lib/python3.7/site-packages/airflow/example_dags/example_kubernetes_executor.py took 0.065 seconds
[2025-05-03T10:58:28.399+0000] {processor.py:154} INFO - Started process (PID=43554) to work on /home/airflow/.local/lib/python3.7/site-packages/airflow/example_dags/example_kubernetes_executor.py
[2025-05-03T10:58:28.400+0000] {processor.py:756} INFO - Processing file /home/airflow/.local/lib/python3.7/site-packages/airflow/example_dags/example_kubernetes_executor.py for tasks to queue
[2025-05-03T10:58:28.401+0000] {logging_mixin.py:120} INFO - [2025-05-03T10:58:28.401+0000] {dagbag.py:537} INFO - Filling up the DagBag from /home/airflow/.local/lib/python3.7/site-packages/airflow/example_dags/example_kubernetes_executor.py
[2025-05-03T10:58:28.417+0000] {processor.py:766} INFO - DAG(s) dict_keys(['example_kubernetes_executor']) retrieved from /home/airflow/.local/lib/python3.7/site-packages/airflow/example_dags/example_kubernetes_executor.py
[2025-05-03T10:58:28.440+0000] {logging_mixin.py:120} INFO - [2025-05-03T10:58:28.440+0000] {dag.py:2585} INFO - Sync 1 DAGs
[2025-05-03T10:58:28.451+0000] {logging_mixin.py:120} INFO - [2025-05-03T10:58:28.450+0000] {dag.py:3340} INFO - Setting next_dagrun for example_kubernetes_executor to None, run_after=None
[2025-05-03T10:58:28.458+0000] {processor.py:176} INFO - Processing /home/airflow/.local/lib/python3.7/site-packages/airflow/example_dags/example_kubernetes_executor.py took 0.060 seconds
[2025-05-03T11:42:15.340+0000] {processor.py:154} INFO - Started process (PID=43617) to work on /home/airflow/.local/lib/python3.7/site-packages/airflow/example_dags/example_kubernetes_executor.py
[2025-05-03T11:42:15.342+0000] {processor.py:756} INFO - Processing file /home/airflow/.local/lib/python3.7/site-packages/airflow/example_dags/example_kubernetes_executor.py for tasks to queue
[2025-05-03T11:42:15.343+0000] {logging_mixin.py:120} INFO - [2025-05-03T11:42:15.343+0000] {dagbag.py:537} INFO - Filling up the DagBag from /home/airflow/.local/lib/python3.7/site-packages/airflow/example_dags/example_kubernetes_executor.py
[2025-05-03T11:42:15.359+0000] {processor.py:766} INFO - DAG(s) dict_keys(['example_kubernetes_executor']) retrieved from /home/airflow/.local/lib/python3.7/site-packages/airflow/example_dags/example_kubernetes_executor.py
[2025-05-03T11:42:15.384+0000] {logging_mixin.py:120} INFO - [2025-05-03T11:42:15.384+0000] {dag.py:2585} INFO - Sync 1 DAGs
[2025-05-03T11:42:15.397+0000] {logging_mixin.py:120} INFO - [2025-05-03T11:42:15.397+0000] {dag.py:3340} INFO - Setting next_dagrun for example_kubernetes_executor to None, run_after=None
[2025-05-03T11:42:15.407+0000] {processor.py:176} INFO - Processing /home/airflow/.local/lib/python3.7/site-packages/airflow/example_dags/example_kubernetes_executor.py took 0.068 seconds
[2025-05-03T12:59:20.722+0000] {processor.py:154} INFO - Started process (PID=43680) to work on /home/airflow/.local/lib/python3.7/site-packages/airflow/example_dags/example_kubernetes_executor.py
[2025-05-03T12:59:20.722+0000] {processor.py:756} INFO - Processing file /home/airflow/.local/lib/python3.7/site-packages/airflow/example_dags/example_kubernetes_executor.py for tasks to queue
[2025-05-03T12:59:20.723+0000] {logging_mixin.py:120} INFO - [2025-05-03T12:59:20.723+0000] {dagbag.py:537} INFO - Filling up the DagBag from /home/airflow/.local/lib/python3.7/site-packages/airflow/example_dags/example_kubernetes_executor.py
[2025-05-03T12:59:20.738+0000] {processor.py:766} INFO - DAG(s) dict_keys(['example_kubernetes_executor']) retrieved from /home/airflow/.local/lib/python3.7/site-packages/airflow/example_dags/example_kubernetes_executor.py
[2025-05-03T12:59:20.760+0000] {logging_mixin.py:120} INFO - [2025-05-03T12:59:20.760+0000] {dag.py:2585} INFO - Sync 1 DAGs
[2025-05-03T12:59:20.772+0000] {logging_mixin.py:120} INFO - [2025-05-03T12:59:20.772+0000] {dag.py:3340} INFO - Setting next_dagrun for example_kubernetes_executor to None, run_after=None
[2025-05-03T12:59:20.784+0000] {processor.py:176} INFO - Processing /home/airflow/.local/lib/python3.7/site-packages/airflow/example_dags/example_kubernetes_executor.py took 0.064 seconds
[2025-05-03T13:28:31.817+0000] {processor.py:154} INFO - Started process (PID=43743) to work on /home/airflow/.local/lib/python3.7/site-packages/airflow/example_dags/example_kubernetes_executor.py
[2025-05-03T13:28:31.818+0000] {processor.py:756} INFO - Processing file /home/airflow/.local/lib/python3.7/site-packages/airflow/example_dags/example_kubernetes_executor.py for tasks to queue
[2025-05-03T13:28:31.819+0000] {logging_mixin.py:120} INFO - [2025-05-03T13:28:31.818+0000] {dagbag.py:537} INFO - Filling up the DagBag from /home/airflow/.local/lib/python3.7/site-packages/airflow/example_dags/example_kubernetes_executor.py
[2025-05-03T13:28:31.833+0000] {processor.py:766} INFO - DAG(s) dict_keys(['example_kubernetes_executor']) retrieved from /home/airflow/.local/lib/python3.7/site-packages/airflow/example_dags/example_kubernetes_executor.py
[2025-05-03T13:28:31.853+0000] {logging_mixin.py:120} INFO - [2025-05-03T13:28:31.853+0000] {dag.py:2585} INFO - Sync 1 DAGs
[2025-05-03T13:28:31.864+0000] {logging_mixin.py:120} INFO - [2025-05-03T13:28:31.864+0000] {dag.py:3340} INFO - Setting next_dagrun for example_kubernetes_executor to None, run_after=None
[2025-05-03T13:28:31.872+0000] {processor.py:176} INFO - Processing /home/airflow/.local/lib/python3.7/site-packages/airflow/example_dags/example_kubernetes_executor.py took 0.057 seconds
[2025-05-03T13:29:08.722+0000] {processor.py:154} INFO - Started process (PID=43806) to work on /home/airflow/.local/lib/python3.7/site-packages/airflow/example_dags/example_kubernetes_executor.py
[2025-05-03T13:29:08.722+0000] {processor.py:756} INFO - Processing file /home/airflow/.local/lib/python3.7/site-packages/airflow/example_dags/example_kubernetes_executor.py for tasks to queue
[2025-05-03T13:29:08.723+0000] {logging_mixin.py:120} INFO - [2025-05-03T13:29:08.723+0000] {dagbag.py:537} INFO - Filling up the DagBag from /home/airflow/.local/lib/python3.7/site-packages/airflow/example_dags/example_kubernetes_executor.py
[2025-05-03T13:29:08.737+0000] {processor.py:766} INFO - DAG(s) dict_keys(['example_kubernetes_executor']) retrieved from /home/airflow/.local/lib/python3.7/site-packages/airflow/example_dags/example_kubernetes_executor.py
[2025-05-03T13:29:08.757+0000] {logging_mixin.py:120} INFO - [2025-05-03T13:29:08.757+0000] {dag.py:2585} INFO - Sync 1 DAGs
[2025-05-03T13:29:08.767+0000] {logging_mixin.py:120} INFO - [2025-05-03T13:29:08.767+0000] {dag.py:3340} INFO - Setting next_dagrun for example_kubernetes_executor to None, run_after=None
[2025-05-03T13:29:08.777+0000] {processor.py:176} INFO - Processing /home/airflow/.local/lib/python3.7/site-packages/airflow/example_dags/example_kubernetes_executor.py took 0.056 seconds
[2025-05-03T14:29:11.178+0000] {processor.py:154} INFO - Started process (PID=43867) to work on /home/airflow/.local/lib/python3.7/site-packages/airflow/example_dags/example_kubernetes_executor.py
[2025-05-03T14:29:11.178+0000] {processor.py:756} INFO - Processing file /home/airflow/.local/lib/python3.7/site-packages/airflow/example_dags/example_kubernetes_executor.py for tasks to queue
[2025-05-03T14:29:11.179+0000] {logging_mixin.py:120} INFO - [2025-05-03T14:29:11.179+0000] {dagbag.py:537} INFO - Filling up the DagBag from /home/airflow/.local/lib/python3.7/site-packages/airflow/example_dags/example_kubernetes_executor.py
[2025-05-03T14:29:11.195+0000] {processor.py:766} INFO - DAG(s) dict_keys(['example_kubernetes_executor']) retrieved from /home/airflow/.local/lib/python3.7/site-packages/airflow/example_dags/example_kubernetes_executor.py
[2025-05-03T14:29:11.217+0000] {logging_mixin.py:120} INFO - [2025-05-03T14:29:11.217+0000] {dag.py:2585} INFO - Sync 1 DAGs
[2025-05-03T14:29:11.232+0000] {logging_mixin.py:120} INFO - [2025-05-03T14:29:11.231+0000] {dag.py:3340} INFO - Setting next_dagrun for example_kubernetes_executor to None, run_after=None
[2025-05-03T14:29:11.244+0000] {processor.py:176} INFO - Processing /home/airflow/.local/lib/python3.7/site-packages/airflow/example_dags/example_kubernetes_executor.py took 0.068 seconds
[2025-05-03T15:07:54.269+0000] {processor.py:154} INFO - Started process (PID=43921) to work on /home/airflow/.local/lib/python3.7/site-packages/airflow/example_dags/example_kubernetes_executor.py
[2025-05-03T15:07:54.270+0000] {processor.py:756} INFO - Processing file /home/airflow/.local/lib/python3.7/site-packages/airflow/example_dags/example_kubernetes_executor.py for tasks to queue
[2025-05-03T15:07:54.270+0000] {logging_mixin.py:120} INFO - [2025-05-03T15:07:54.270+0000] {dagbag.py:537} INFO - Filling up the DagBag from /home/airflow/.local/lib/python3.7/site-packages/airflow/example_dags/example_kubernetes_executor.py
[2025-05-03T15:07:54.283+0000] {processor.py:766} INFO - DAG(s) dict_keys(['example_kubernetes_executor']) retrieved from /home/airflow/.local/lib/python3.7/site-packages/airflow/example_dags/example_kubernetes_executor.py
[2025-05-03T15:07:54.304+0000] {logging_mixin.py:120} INFO - [2025-05-03T15:07:54.304+0000] {dag.py:2585} INFO - Sync 1 DAGs
[2025-05-03T15:07:54.314+0000] {logging_mixin.py:120} INFO - [2025-05-03T15:07:54.314+0000] {dag.py:3340} INFO - Setting next_dagrun for example_kubernetes_executor to None, run_after=None
[2025-05-03T15:07:54.322+0000] {processor.py:176} INFO - Processing /home/airflow/.local/lib/python3.7/site-packages/airflow/example_dags/example_kubernetes_executor.py took 0.055 seconds
[2025-05-03T16:21:03.573+0000] {processor.py:154} INFO - Started process (PID=43984) to work on /home/airflow/.local/lib/python3.7/site-packages/airflow/example_dags/example_kubernetes_executor.py
[2025-05-03T16:21:03.573+0000] {processor.py:756} INFO - Processing file /home/airflow/.local/lib/python3.7/site-packages/airflow/example_dags/example_kubernetes_executor.py for tasks to queue
[2025-05-03T16:21:03.573+0000] {logging_mixin.py:120} INFO - [2025-05-03T16:21:03.573+0000] {dagbag.py:537} INFO - Filling up the DagBag from /home/airflow/.local/lib/python3.7/site-packages/airflow/example_dags/example_kubernetes_executor.py
[2025-05-03T16:21:03.587+0000] {processor.py:766} INFO - DAG(s) dict_keys(['example_kubernetes_executor']) retrieved from /home/airflow/.local/lib/python3.7/site-packages/airflow/example_dags/example_kubernetes_executor.py
[2025-05-03T16:21:03.608+0000] {logging_mixin.py:120} INFO - [2025-05-03T16:21:03.608+0000] {dag.py:2585} INFO - Sync 1 DAGs
[2025-05-03T16:21:03.620+0000] {logging_mixin.py:120} INFO - [2025-05-03T16:21:03.620+0000] {dag.py:3340} INFO - Setting next_dagrun for example_kubernetes_executor to None, run_after=None
[2025-05-03T16:21:03.631+0000] {processor.py:176} INFO - Processing /home/airflow/.local/lib/python3.7/site-packages/airflow/example_dags/example_kubernetes_executor.py took 0.060 seconds
[2025-05-03T16:48:05.933+0000] {processor.py:154} INFO - Started process (PID=44046) to work on /home/airflow/.local/lib/python3.7/site-packages/airflow/example_dags/example_kubernetes_executor.py
[2025-05-03T16:48:05.933+0000] {processor.py:756} INFO - Processing file /home/airflow/.local/lib/python3.7/site-packages/airflow/example_dags/example_kubernetes_executor.py for tasks to queue
[2025-05-03T16:48:05.934+0000] {logging_mixin.py:120} INFO - [2025-05-03T16:48:05.934+0000] {dagbag.py:537} INFO - Filling up the DagBag from /home/airflow/.local/lib/python3.7/site-packages/airflow/example_dags/example_kubernetes_executor.py
[2025-05-03T16:48:05.948+0000] {processor.py:766} INFO - DAG(s) dict_keys(['example_kubernetes_executor']) retrieved from /home/airflow/.local/lib/python3.7/site-packages/airflow/example_dags/example_kubernetes_executor.py
[2025-05-03T16:48:05.972+0000] {logging_mixin.py:120} INFO - [2025-05-03T16:48:05.972+0000] {dag.py:2585} INFO - Sync 1 DAGs
[2025-05-03T16:48:05.987+0000] {logging_mixin.py:120} INFO - [2025-05-03T16:48:05.987+0000] {dag.py:3340} INFO - Setting next_dagrun for example_kubernetes_executor to None, run_after=None
[2025-05-03T16:48:05.998+0000] {processor.py:176} INFO - Processing /home/airflow/.local/lib/python3.7/site-packages/airflow/example_dags/example_kubernetes_executor.py took 0.067 seconds
[2025-05-03T18:05:54.495+0000] {processor.py:154} INFO - Started process (PID=44109) to work on /home/airflow/.local/lib/python3.7/site-packages/airflow/example_dags/example_kubernetes_executor.py
[2025-05-03T18:05:54.496+0000] {processor.py:756} INFO - Processing file /home/airflow/.local/lib/python3.7/site-packages/airflow/example_dags/example_kubernetes_executor.py for tasks to queue
[2025-05-03T18:05:54.496+0000] {logging_mixin.py:120} INFO - [2025-05-03T18:05:54.496+0000] {dagbag.py:537} INFO - Filling up the DagBag from /home/airflow/.local/lib/python3.7/site-packages/airflow/example_dags/example_kubernetes_executor.py
[2025-05-03T18:05:54.509+0000] {processor.py:766} INFO - DAG(s) dict_keys(['example_kubernetes_executor']) retrieved from /home/airflow/.local/lib/python3.7/site-packages/airflow/example_dags/example_kubernetes_executor.py
[2025-05-03T18:05:54.528+0000] {logging_mixin.py:120} INFO - [2025-05-03T18:05:54.528+0000] {dag.py:2585} INFO - Sync 1 DAGs
[2025-05-03T18:05:54.539+0000] {logging_mixin.py:120} INFO - [2025-05-03T18:05:54.538+0000] {dag.py:3340} INFO - Setting next_dagrun for example_kubernetes_executor to None, run_after=None
[2025-05-03T18:05:54.547+0000] {processor.py:176} INFO - Processing /home/airflow/.local/lib/python3.7/site-packages/airflow/example_dags/example_kubernetes_executor.py took 0.053 seconds
[2025-05-03T19:25:58.004+0000] {processor.py:154} INFO - Started process (PID=44172) to work on /home/airflow/.local/lib/python3.7/site-packages/airflow/example_dags/example_kubernetes_executor.py
[2025-05-03T19:25:58.005+0000] {processor.py:756} INFO - Processing file /home/airflow/.local/lib/python3.7/site-packages/airflow/example_dags/example_kubernetes_executor.py for tasks to queue
[2025-05-03T19:25:58.005+0000] {logging_mixin.py:120} INFO - [2025-05-03T19:25:58.005+0000] {dagbag.py:537} INFO - Filling up the DagBag from /home/airflow/.local/lib/python3.7/site-packages/airflow/example_dags/example_kubernetes_executor.py
[2025-05-03T19:25:58.021+0000] {processor.py:766} INFO - DAG(s) dict_keys(['example_kubernetes_executor']) retrieved from /home/airflow/.local/lib/python3.7/site-packages/airflow/example_dags/example_kubernetes_executor.py
[2025-05-03T19:25:58.044+0000] {logging_mixin.py:120} INFO - [2025-05-03T19:25:58.043+0000] {dag.py:2585} INFO - Sync 1 DAGs
[2025-05-03T19:25:58.056+0000] {logging_mixin.py:120} INFO - [2025-05-03T19:25:58.056+0000] {dag.py:3340} INFO - Setting next_dagrun for example_kubernetes_executor to None, run_after=None
[2025-05-03T19:25:58.066+0000] {processor.py:176} INFO - Processing /home/airflow/.local/lib/python3.7/site-packages/airflow/example_dags/example_kubernetes_executor.py took 0.063 seconds
[2025-05-03T20:07:05.452+0000] {processor.py:154} INFO - Started process (PID=44234) to work on /home/airflow/.local/lib/python3.7/site-packages/airflow/example_dags/example_kubernetes_executor.py
[2025-05-03T20:07:05.452+0000] {processor.py:756} INFO - Processing file /home/airflow/.local/lib/python3.7/site-packages/airflow/example_dags/example_kubernetes_executor.py for tasks to queue
[2025-05-03T20:07:05.453+0000] {logging_mixin.py:120} INFO - [2025-05-03T20:07:05.452+0000] {dagbag.py:537} INFO - Filling up the DagBag from /home/airflow/.local/lib/python3.7/site-packages/airflow/example_dags/example_kubernetes_executor.py
[2025-05-03T20:07:05.467+0000] {processor.py:766} INFO - DAG(s) dict_keys(['example_kubernetes_executor']) retrieved from /home/airflow/.local/lib/python3.7/site-packages/airflow/example_dags/example_kubernetes_executor.py
[2025-05-03T20:07:05.488+0000] {logging_mixin.py:120} INFO - [2025-05-03T20:07:05.488+0000] {dag.py:2585} INFO - Sync 1 DAGs
[2025-05-03T20:07:05.499+0000] {logging_mixin.py:120} INFO - [2025-05-03T20:07:05.499+0000] {dag.py:3340} INFO - Setting next_dagrun for example_kubernetes_executor to None, run_after=None
[2025-05-03T20:07:05.509+0000] {processor.py:176} INFO - Processing /home/airflow/.local/lib/python3.7/site-packages/airflow/example_dags/example_kubernetes_executor.py took 0.059 seconds
[2025-05-03T21:36:13.825+0000] {processor.py:154} INFO - Started process (PID=44288) to work on /home/airflow/.local/lib/python3.7/site-packages/airflow/example_dags/example_kubernetes_executor.py
[2025-05-03T21:36:13.826+0000] {processor.py:756} INFO - Processing file /home/airflow/.local/lib/python3.7/site-packages/airflow/example_dags/example_kubernetes_executor.py for tasks to queue
[2025-05-03T21:36:13.827+0000] {logging_mixin.py:120} INFO - [2025-05-03T21:36:13.827+0000] {dagbag.py:537} INFO - Filling up the DagBag from /home/airflow/.local/lib/python3.7/site-packages/airflow/example_dags/example_kubernetes_executor.py
[2025-05-03T21:36:13.842+0000] {processor.py:766} INFO - DAG(s) dict_keys(['example_kubernetes_executor']) retrieved from /home/airflow/.local/lib/python3.7/site-packages/airflow/example_dags/example_kubernetes_executor.py
[2025-05-03T21:36:13.869+0000] {logging_mixin.py:120} INFO - [2025-05-03T21:36:13.869+0000] {dag.py:2585} INFO - Sync 1 DAGs
[2025-05-03T21:36:13.880+0000] {logging_mixin.py:120} INFO - [2025-05-03T21:36:13.880+0000] {dag.py:3340} INFO - Setting next_dagrun for example_kubernetes_executor to None, run_after=None
[2025-05-03T21:36:13.890+0000] {processor.py:176} INFO - Processing /home/airflow/.local/lib/python3.7/site-packages/airflow/example_dags/example_kubernetes_executor.py took 0.066 seconds
[2025-05-03T22:19:52.799+0000] {processor.py:154} INFO - Started process (PID=44351) to work on /home/airflow/.local/lib/python3.7/site-packages/airflow/example_dags/example_kubernetes_executor.py
[2025-05-03T22:19:52.800+0000] {processor.py:756} INFO - Processing file /home/airflow/.local/lib/python3.7/site-packages/airflow/example_dags/example_kubernetes_executor.py for tasks to queue
[2025-05-03T22:19:52.801+0000] {logging_mixin.py:120} INFO - [2025-05-03T22:19:52.801+0000] {dagbag.py:537} INFO - Filling up the DagBag from /home/airflow/.local/lib/python3.7/site-packages/airflow/example_dags/example_kubernetes_executor.py
[2025-05-03T22:19:52.816+0000] {processor.py:766} INFO - DAG(s) dict_keys(['example_kubernetes_executor']) retrieved from /home/airflow/.local/lib/python3.7/site-packages/airflow/example_dags/example_kubernetes_executor.py
[2025-05-03T22:19:52.839+0000] {logging_mixin.py:120} INFO - [2025-05-03T22:19:52.839+0000] {dag.py:2585} INFO - Sync 1 DAGs
[2025-05-03T22:19:52.852+0000] {logging_mixin.py:120} INFO - [2025-05-03T22:19:52.851+0000] {dag.py:3340} INFO - Setting next_dagrun for example_kubernetes_executor to None, run_after=None
[2025-05-03T22:19:52.860+0000] {processor.py:176} INFO - Processing /home/airflow/.local/lib/python3.7/site-packages/airflow/example_dags/example_kubernetes_executor.py took 0.063 seconds
[2025-05-03T23:04:45.944+0000] {processor.py:154} INFO - Started process (PID=44414) to work on /home/airflow/.local/lib/python3.7/site-packages/airflow/example_dags/example_kubernetes_executor.py
[2025-05-03T23:04:45.945+0000] {processor.py:756} INFO - Processing file /home/airflow/.local/lib/python3.7/site-packages/airflow/example_dags/example_kubernetes_executor.py for tasks to queue
[2025-05-03T23:04:45.945+0000] {logging_mixin.py:120} INFO - [2025-05-03T23:04:45.945+0000] {dagbag.py:537} INFO - Filling up the DagBag from /home/airflow/.local/lib/python3.7/site-packages/airflow/example_dags/example_kubernetes_executor.py
[2025-05-03T23:04:45.958+0000] {processor.py:766} INFO - DAG(s) dict_keys(['example_kubernetes_executor']) retrieved from /home/airflow/.local/lib/python3.7/site-packages/airflow/example_dags/example_kubernetes_executor.py
[2025-05-03T23:04:45.977+0000] {logging_mixin.py:120} INFO - [2025-05-03T23:04:45.977+0000] {dag.py:2585} INFO - Sync 1 DAGs
[2025-05-03T23:04:45.987+0000] {logging_mixin.py:120} INFO - [2025-05-03T23:04:45.987+0000] {dag.py:3340} INFO - Setting next_dagrun for example_kubernetes_executor to None, run_after=None
[2025-05-03T23:04:45.996+0000] {processor.py:176} INFO - Processing /home/airflow/.local/lib/python3.7/site-packages/airflow/example_dags/example_kubernetes_executor.py took 0.053 seconds
[2025-05-03T23:22:08.165+0000] {processor.py:154} INFO - Started process (PID=44476) to work on /home/airflow/.local/lib/python3.7/site-packages/airflow/example_dags/example_kubernetes_executor.py
[2025-05-03T23:22:08.165+0000] {processor.py:756} INFO - Processing file /home/airflow/.local/lib/python3.7/site-packages/airflow/example_dags/example_kubernetes_executor.py for tasks to queue
[2025-05-03T23:22:08.166+0000] {logging_mixin.py:120} INFO - [2025-05-03T23:22:08.166+0000] {dagbag.py:537} INFO - Filling up the DagBag from /home/airflow/.local/lib/python3.7/site-packages/airflow/example_dags/example_kubernetes_executor.py
[2025-05-03T23:22:08.179+0000] {processor.py:766} INFO - DAG(s) dict_keys(['example_kubernetes_executor']) retrieved from /home/airflow/.local/lib/python3.7/site-packages/airflow/example_dags/example_kubernetes_executor.py
[2025-05-03T23:22:08.199+0000] {logging_mixin.py:120} INFO - [2025-05-03T23:22:08.199+0000] {dag.py:2585} INFO - Sync 1 DAGs
[2025-05-03T23:22:08.211+0000] {logging_mixin.py:120} INFO - [2025-05-03T23:22:08.211+0000] {dag.py:3340} INFO - Setting next_dagrun for example_kubernetes_executor to None, run_after=None
[2025-05-03T23:22:08.222+0000] {processor.py:176} INFO - Processing /home/airflow/.local/lib/python3.7/site-packages/airflow/example_dags/example_kubernetes_executor.py took 0.058 seconds
[2025-05-03T23:38:29.325+0000] {processor.py:154} INFO - Started process (PID=44539) to work on /home/airflow/.local/lib/python3.7/site-packages/airflow/example_dags/example_kubernetes_executor.py
[2025-05-03T23:38:29.327+0000] {processor.py:756} INFO - Processing file /home/airflow/.local/lib/python3.7/site-packages/airflow/example_dags/example_kubernetes_executor.py for tasks to queue
[2025-05-03T23:38:29.328+0000] {logging_mixin.py:120} INFO - [2025-05-03T23:38:29.327+0000] {dagbag.py:537} INFO - Filling up the DagBag from /home/airflow/.local/lib/python3.7/site-packages/airflow/example_dags/example_kubernetes_executor.py
[2025-05-03T23:38:29.342+0000] {processor.py:766} INFO - DAG(s) dict_keys(['example_kubernetes_executor']) retrieved from /home/airflow/.local/lib/python3.7/site-packages/airflow/example_dags/example_kubernetes_executor.py
[2025-05-03T23:38:29.360+0000] {logging_mixin.py:120} INFO - [2025-05-03T23:38:29.360+0000] {dag.py:2585} INFO - Sync 1 DAGs
[2025-05-03T23:38:29.370+0000] {logging_mixin.py:120} INFO - [2025-05-03T23:38:29.370+0000] {dag.py:3340} INFO - Setting next_dagrun for example_kubernetes_executor to None, run_after=None
[2025-05-03T23:38:29.380+0000] {processor.py:176} INFO - Processing /home/airflow/.local/lib/python3.7/site-packages/airflow/example_dags/example_kubernetes_executor.py took 0.057 seconds
[2025-05-03T23:56:25.054+0000] {processor.py:154} INFO - Started process (PID=44602) to work on /home/airflow/.local/lib/python3.7/site-packages/airflow/example_dags/example_kubernetes_executor.py
[2025-05-03T23:56:25.055+0000] {processor.py:756} INFO - Processing file /home/airflow/.local/lib/python3.7/site-packages/airflow/example_dags/example_kubernetes_executor.py for tasks to queue
[2025-05-03T23:56:25.056+0000] {logging_mixin.py:120} INFO - [2025-05-03T23:56:25.056+0000] {dagbag.py:537} INFO - Filling up the DagBag from /home/airflow/.local/lib/python3.7/site-packages/airflow/example_dags/example_kubernetes_executor.py
[2025-05-03T23:56:25.069+0000] {processor.py:766} INFO - DAG(s) dict_keys(['example_kubernetes_executor']) retrieved from /home/airflow/.local/lib/python3.7/site-packages/airflow/example_dags/example_kubernetes_executor.py
[2025-05-03T23:56:25.092+0000] {logging_mixin.py:120} INFO - [2025-05-03T23:56:25.092+0000] {dag.py:2585} INFO - Sync 1 DAGs
[2025-05-03T23:56:25.102+0000] {logging_mixin.py:120} INFO - [2025-05-03T23:56:25.101+0000] {dag.py:3340} INFO - Setting next_dagrun for example_kubernetes_executor to None, run_after=None
[2025-05-03T23:56:25.111+0000] {processor.py:176} INFO - Processing /home/airflow/.local/lib/python3.7/site-packages/airflow/example_dags/example_kubernetes_executor.py took 0.058 seconds
