[2025-05-03T00:29:31.013+0000] {processor.py:154} INFO - Started process (PID=42613) to work on /home/airflow/.local/lib/python3.7/site-packages/airflow/example_dags/example_latest_only.py
[2025-05-03T00:29:31.014+0000] {processor.py:756} INFO - Processing file /home/airflow/.local/lib/python3.7/site-packages/airflow/example_dags/example_latest_only.py for tasks to queue
[2025-05-03T00:29:31.014+0000] {logging_mixin.py:120} INFO - [2025-05-03T00:29:31.014+0000] {dagbag.py:537} INFO - Filling up the DagBag from /home/airflow/.local/lib/python3.7/site-packages/airflow/example_dags/example_latest_only.py
[2025-05-03T00:29:31.022+0000] {processor.py:766} INFO - DAG(s) dict_keys(['latest_only']) retrieved from /home/airflow/.local/lib/python3.7/site-packages/airflow/example_dags/example_latest_only.py
[2025-05-03T00:29:31.045+0000] {logging_mixin.py:120} INFO - [2025-05-03T00:29:31.045+0000] {dag.py:2585} INFO - Sync 1 DAGs
[2025-05-03T00:29:31.057+0000] {logging_mixin.py:120} INFO - [2025-05-03T00:29:31.056+0000] {dag.py:3340} INFO - Setting next_dagrun for latest_only to 2025-05-02T20:29:31.056856+00:00, run_after=2025-05-03T00:29:31.056856+00:00
[2025-05-03T00:29:31.066+0000] {processor.py:176} INFO - Processing /home/airflow/.local/lib/python3.7/site-packages/airflow/example_dags/example_latest_only.py took 0.054 seconds
[2025-05-03T00:52:39.243+0000] {processor.py:154} INFO - Started process (PID=42667) to work on /home/airflow/.local/lib/python3.7/site-packages/airflow/example_dags/example_latest_only.py
[2025-05-03T00:52:39.245+0000] {processor.py:756} INFO - Processing file /home/airflow/.local/lib/python3.7/site-packages/airflow/example_dags/example_latest_only.py for tasks to queue
[2025-05-03T00:52:39.246+0000] {logging_mixin.py:120} INFO - [2025-05-03T00:52:39.246+0000] {dagbag.py:537} INFO - Filling up the DagBag from /home/airflow/.local/lib/python3.7/site-packages/airflow/example_dags/example_latest_only.py
[2025-05-03T00:52:39.252+0000] {processor.py:766} INFO - DAG(s) dict_keys(['latest_only']) retrieved from /home/airflow/.local/lib/python3.7/site-packages/airflow/example_dags/example_latest_only.py
[2025-05-03T00:52:39.273+0000] {logging_mixin.py:120} INFO - [2025-05-03T00:52:39.273+0000] {dag.py:2585} INFO - Sync 1 DAGs
[2025-05-03T00:52:39.285+0000] {logging_mixin.py:120} INFO - [2025-05-03T00:52:39.285+0000] {dag.py:3340} INFO - Setting next_dagrun for latest_only to 2025-05-02T20:52:39.285040+00:00, run_after=2025-05-03T00:52:39.285040+00:00
[2025-05-03T00:52:39.295+0000] {processor.py:176} INFO - Processing /home/airflow/.local/lib/python3.7/site-packages/airflow/example_dags/example_latest_only.py took 0.053 seconds
[2025-05-03T01:16:07.650+0000] {processor.py:154} INFO - Started process (PID=42730) to work on /home/airflow/.local/lib/python3.7/site-packages/airflow/example_dags/example_latest_only.py
[2025-05-03T01:16:07.651+0000] {processor.py:756} INFO - Processing file /home/airflow/.local/lib/python3.7/site-packages/airflow/example_dags/example_latest_only.py for tasks to queue
[2025-05-03T01:16:07.655+0000] {logging_mixin.py:120} INFO - [2025-05-03T01:16:07.655+0000] {dagbag.py:537} INFO - Filling up the DagBag from /home/airflow/.local/lib/python3.7/site-packages/airflow/example_dags/example_latest_only.py
[2025-05-03T01:16:07.661+0000] {processor.py:766} INFO - DAG(s) dict_keys(['latest_only']) retrieved from /home/airflow/.local/lib/python3.7/site-packages/airflow/example_dags/example_latest_only.py
[2025-05-03T01:16:07.681+0000] {logging_mixin.py:120} INFO - [2025-05-03T01:16:07.681+0000] {dag.py:2585} INFO - Sync 1 DAGs
[2025-05-03T01:16:07.691+0000] {logging_mixin.py:120} INFO - [2025-05-03T01:16:07.691+0000] {dag.py:3340} INFO - Setting next_dagrun for latest_only to 2025-05-02T21:16:07.691720+00:00, run_after=2025-05-03T01:16:07.691720+00:00
[2025-05-03T01:16:07.700+0000] {processor.py:176} INFO - Processing /home/airflow/.local/lib/python3.7/site-packages/airflow/example_dags/example_latest_only.py took 0.051 seconds
[2025-05-03T01:19:52.229+0000] {processor.py:154} INFO - Started process (PID=42792) to work on /home/airflow/.local/lib/python3.7/site-packages/airflow/example_dags/example_latest_only.py
[2025-05-03T01:19:52.230+0000] {processor.py:756} INFO - Processing file /home/airflow/.local/lib/python3.7/site-packages/airflow/example_dags/example_latest_only.py for tasks to queue
[2025-05-03T01:19:52.230+0000] {logging_mixin.py:120} INFO - [2025-05-03T01:19:52.230+0000] {dagbag.py:537} INFO - Filling up the DagBag from /home/airflow/.local/lib/python3.7/site-packages/airflow/example_dags/example_latest_only.py
[2025-05-03T01:19:52.237+0000] {processor.py:766} INFO - DAG(s) dict_keys(['latest_only']) retrieved from /home/airflow/.local/lib/python3.7/site-packages/airflow/example_dags/example_latest_only.py
[2025-05-03T01:19:52.254+0000] {logging_mixin.py:120} INFO - [2025-05-03T01:19:52.254+0000] {dag.py:2585} INFO - Sync 1 DAGs
[2025-05-03T01:19:52.263+0000] {logging_mixin.py:120} INFO - [2025-05-03T01:19:52.263+0000] {dag.py:3340} INFO - Setting next_dagrun for latest_only to 2025-05-02T21:19:52.263108+00:00, run_after=2025-05-03T01:19:52.263108+00:00
[2025-05-03T01:19:52.269+0000] {processor.py:176} INFO - Processing /home/airflow/.local/lib/python3.7/site-packages/airflow/example_dags/example_latest_only.py took 0.042 seconds
[2025-05-03T01:24:03.941+0000] {processor.py:154} INFO - Started process (PID=42854) to work on /home/airflow/.local/lib/python3.7/site-packages/airflow/example_dags/example_latest_only.py
[2025-05-03T01:24:03.942+0000] {processor.py:756} INFO - Processing file /home/airflow/.local/lib/python3.7/site-packages/airflow/example_dags/example_latest_only.py for tasks to queue
[2025-05-03T01:24:03.942+0000] {logging_mixin.py:120} INFO - [2025-05-03T01:24:03.942+0000] {dagbag.py:537} INFO - Filling up the DagBag from /home/airflow/.local/lib/python3.7/site-packages/airflow/example_dags/example_latest_only.py
[2025-05-03T01:24:03.951+0000] {processor.py:766} INFO - DAG(s) dict_keys(['latest_only']) retrieved from /home/airflow/.local/lib/python3.7/site-packages/airflow/example_dags/example_latest_only.py
[2025-05-03T01:24:03.974+0000] {logging_mixin.py:120} INFO - [2025-05-03T01:24:03.974+0000] {dag.py:2585} INFO - Sync 1 DAGs
[2025-05-03T01:24:03.987+0000] {logging_mixin.py:120} INFO - [2025-05-03T01:24:03.987+0000] {dag.py:3340} INFO - Setting next_dagrun for latest_only to 2025-05-02T21:24:03.987728+00:00, run_after=2025-05-03T01:24:03.987728+00:00
[2025-05-03T01:24:04.001+0000] {processor.py:176} INFO - Processing /home/airflow/.local/lib/python3.7/site-packages/airflow/example_dags/example_latest_only.py took 0.062 seconds
[2025-05-03T02:06:31.903+0000] {processor.py:154} INFO - Started process (PID=42917) to work on /home/airflow/.local/lib/python3.7/site-packages/airflow/example_dags/example_latest_only.py
[2025-05-03T02:06:31.904+0000] {processor.py:756} INFO - Processing file /home/airflow/.local/lib/python3.7/site-packages/airflow/example_dags/example_latest_only.py for tasks to queue
[2025-05-03T02:06:31.905+0000] {logging_mixin.py:120} INFO - [2025-05-03T02:06:31.905+0000] {dagbag.py:537} INFO - Filling up the DagBag from /home/airflow/.local/lib/python3.7/site-packages/airflow/example_dags/example_latest_only.py
[2025-05-03T02:06:31.913+0000] {processor.py:766} INFO - DAG(s) dict_keys(['latest_only']) retrieved from /home/airflow/.local/lib/python3.7/site-packages/airflow/example_dags/example_latest_only.py
[2025-05-03T02:06:31.933+0000] {logging_mixin.py:120} INFO - [2025-05-03T02:06:31.933+0000] {dag.py:2585} INFO - Sync 1 DAGs
[2025-05-03T02:06:31.943+0000] {logging_mixin.py:120} INFO - [2025-05-03T02:06:31.943+0000] {dag.py:3340} INFO - Setting next_dagrun for latest_only to 2025-05-02T22:06:31.943309+00:00, run_after=2025-05-03T02:06:31.943309+00:00
[2025-05-03T02:06:31.955+0000] {processor.py:176} INFO - Processing /home/airflow/.local/lib/python3.7/site-packages/airflow/example_dags/example_latest_only.py took 0.053 seconds
[2025-05-03T02:48:23.650+0000] {processor.py:154} INFO - Started process (PID=42980) to work on /home/airflow/.local/lib/python3.7/site-packages/airflow/example_dags/example_latest_only.py
[2025-05-03T02:48:23.651+0000] {processor.py:756} INFO - Processing file /home/airflow/.local/lib/python3.7/site-packages/airflow/example_dags/example_latest_only.py for tasks to queue
[2025-05-03T02:48:23.651+0000] {logging_mixin.py:120} INFO - [2025-05-03T02:48:23.651+0000] {dagbag.py:537} INFO - Filling up the DagBag from /home/airflow/.local/lib/python3.7/site-packages/airflow/example_dags/example_latest_only.py
[2025-05-03T02:48:23.660+0000] {processor.py:766} INFO - DAG(s) dict_keys(['latest_only']) retrieved from /home/airflow/.local/lib/python3.7/site-packages/airflow/example_dags/example_latest_only.py
[2025-05-03T02:48:23.686+0000] {logging_mixin.py:120} INFO - [2025-05-03T02:48:23.686+0000] {dag.py:2585} INFO - Sync 1 DAGs
[2025-05-03T02:48:23.699+0000] {logging_mixin.py:120} INFO - [2025-05-03T02:48:23.699+0000] {dag.py:3340} INFO - Setting next_dagrun for latest_only to 2025-05-02T22:48:23.699067+00:00, run_after=2025-05-03T02:48:23.699067+00:00
[2025-05-03T02:48:23.708+0000] {processor.py:176} INFO - Processing /home/airflow/.local/lib/python3.7/site-packages/airflow/example_dags/example_latest_only.py took 0.060 seconds
[2025-05-03T03:21:19.465+0000] {processor.py:154} INFO - Started process (PID=43034) to work on /home/airflow/.local/lib/python3.7/site-packages/airflow/example_dags/example_latest_only.py
[2025-05-03T03:21:19.466+0000] {processor.py:756} INFO - Processing file /home/airflow/.local/lib/python3.7/site-packages/airflow/example_dags/example_latest_only.py for tasks to queue
[2025-05-03T03:21:19.467+0000] {logging_mixin.py:120} INFO - [2025-05-03T03:21:19.467+0000] {dagbag.py:537} INFO - Filling up the DagBag from /home/airflow/.local/lib/python3.7/site-packages/airflow/example_dags/example_latest_only.py
[2025-05-03T03:21:19.474+0000] {processor.py:766} INFO - DAG(s) dict_keys(['latest_only']) retrieved from /home/airflow/.local/lib/python3.7/site-packages/airflow/example_dags/example_latest_only.py
[2025-05-03T03:21:19.494+0000] {logging_mixin.py:120} INFO - [2025-05-03T03:21:19.494+0000] {dag.py:2585} INFO - Sync 1 DAGs
[2025-05-03T03:21:19.502+0000] {logging_mixin.py:120} INFO - [2025-05-03T03:21:19.502+0000] {dag.py:3340} INFO - Setting next_dagrun for latest_only to 2025-05-02T23:21:19.502786+00:00, run_after=2025-05-03T03:21:19.502786+00:00
[2025-05-03T03:21:19.514+0000] {processor.py:176} INFO - Processing /home/airflow/.local/lib/python3.7/site-packages/airflow/example_dags/example_latest_only.py took 0.050 seconds
[2025-05-03T04:10:41.550+0000] {processor.py:154} INFO - Started process (PID=43097) to work on /home/airflow/.local/lib/python3.7/site-packages/airflow/example_dags/example_latest_only.py
[2025-05-03T04:10:41.551+0000] {processor.py:756} INFO - Processing file /home/airflow/.local/lib/python3.7/site-packages/airflow/example_dags/example_latest_only.py for tasks to queue
[2025-05-03T04:10:41.551+0000] {logging_mixin.py:120} INFO - [2025-05-03T04:10:41.551+0000] {dagbag.py:537} INFO - Filling up the DagBag from /home/airflow/.local/lib/python3.7/site-packages/airflow/example_dags/example_latest_only.py
[2025-05-03T04:10:41.558+0000] {processor.py:766} INFO - DAG(s) dict_keys(['latest_only']) retrieved from /home/airflow/.local/lib/python3.7/site-packages/airflow/example_dags/example_latest_only.py
[2025-05-03T04:10:41.578+0000] {logging_mixin.py:120} INFO - [2025-05-03T04:10:41.578+0000] {dag.py:2585} INFO - Sync 1 DAGs
[2025-05-03T04:10:41.589+0000] {logging_mixin.py:120} INFO - [2025-05-03T04:10:41.589+0000] {dag.py:3340} INFO - Setting next_dagrun for latest_only to 2025-05-03T00:10:41.589498+00:00, run_after=2025-05-03T04:10:41.589498+00:00
[2025-05-03T04:10:41.600+0000] {processor.py:176} INFO - Processing /home/airflow/.local/lib/python3.7/site-packages/airflow/example_dags/example_latest_only.py took 0.053 seconds
[2025-05-03T04:54:15.653+0000] {processor.py:154} INFO - Started process (PID=43160) to work on /home/airflow/.local/lib/python3.7/site-packages/airflow/example_dags/example_latest_only.py
[2025-05-03T04:54:15.654+0000] {processor.py:756} INFO - Processing file /home/airflow/.local/lib/python3.7/site-packages/airflow/example_dags/example_latest_only.py for tasks to queue
[2025-05-03T04:54:15.655+0000] {logging_mixin.py:120} INFO - [2025-05-03T04:54:15.655+0000] {dagbag.py:537} INFO - Filling up the DagBag from /home/airflow/.local/lib/python3.7/site-packages/airflow/example_dags/example_latest_only.py
[2025-05-03T04:54:15.663+0000] {processor.py:766} INFO - DAG(s) dict_keys(['latest_only']) retrieved from /home/airflow/.local/lib/python3.7/site-packages/airflow/example_dags/example_latest_only.py
[2025-05-03T04:54:15.685+0000] {logging_mixin.py:120} INFO - [2025-05-03T04:54:15.685+0000] {dag.py:2585} INFO - Sync 1 DAGs
[2025-05-03T04:54:15.695+0000] {logging_mixin.py:120} INFO - [2025-05-03T04:54:15.695+0000] {dag.py:3340} INFO - Setting next_dagrun for latest_only to 2025-05-03T00:54:15.695052+00:00, run_after=2025-05-03T04:54:15.695052+00:00
[2025-05-03T04:54:15.706+0000] {processor.py:176} INFO - Processing /home/airflow/.local/lib/python3.7/site-packages/airflow/example_dags/example_latest_only.py took 0.055 seconds
[2025-05-03T05:53:08.978+0000] {processor.py:154} INFO - Started process (PID=43223) to work on /home/airflow/.local/lib/python3.7/site-packages/airflow/example_dags/example_latest_only.py
[2025-05-03T05:53:08.978+0000] {processor.py:756} INFO - Processing file /home/airflow/.local/lib/python3.7/site-packages/airflow/example_dags/example_latest_only.py for tasks to queue
[2025-05-03T05:53:08.979+0000] {logging_mixin.py:120} INFO - [2025-05-03T05:53:08.979+0000] {dagbag.py:537} INFO - Filling up the DagBag from /home/airflow/.local/lib/python3.7/site-packages/airflow/example_dags/example_latest_only.py
[2025-05-03T05:53:08.986+0000] {processor.py:766} INFO - DAG(s) dict_keys(['latest_only']) retrieved from /home/airflow/.local/lib/python3.7/site-packages/airflow/example_dags/example_latest_only.py
[2025-05-03T05:53:09.009+0000] {logging_mixin.py:120} INFO - [2025-05-03T05:53:09.009+0000] {dag.py:2585} INFO - Sync 1 DAGs
[2025-05-03T05:53:09.019+0000] {logging_mixin.py:120} INFO - [2025-05-03T05:53:09.019+0000] {dag.py:3340} INFO - Setting next_dagrun for latest_only to 2025-05-03T01:53:09.019409+00:00, run_after=2025-05-03T05:53:09.019409+00:00
[2025-05-03T05:53:09.034+0000] {processor.py:176} INFO - Processing /home/airflow/.local/lib/python3.7/site-packages/airflow/example_dags/example_latest_only.py took 0.058 seconds
[2025-05-03T06:30:37.888+0000] {processor.py:154} INFO - Started process (PID=43287) to work on /home/airflow/.local/lib/python3.7/site-packages/airflow/example_dags/example_latest_only.py
[2025-05-03T06:30:37.889+0000] {processor.py:756} INFO - Processing file /home/airflow/.local/lib/python3.7/site-packages/airflow/example_dags/example_latest_only.py for tasks to queue
[2025-05-03T06:30:37.889+0000] {logging_mixin.py:120} INFO - [2025-05-03T06:30:37.889+0000] {dagbag.py:537} INFO - Filling up the DagBag from /home/airflow/.local/lib/python3.7/site-packages/airflow/example_dags/example_latest_only.py
[2025-05-03T06:30:37.897+0000] {processor.py:766} INFO - DAG(s) dict_keys(['latest_only']) retrieved from /home/airflow/.local/lib/python3.7/site-packages/airflow/example_dags/example_latest_only.py
[2025-05-03T06:30:37.918+0000] {logging_mixin.py:120} INFO - [2025-05-03T06:30:37.918+0000] {dag.py:2585} INFO - Sync 1 DAGs
[2025-05-03T06:30:37.928+0000] {logging_mixin.py:120} INFO - [2025-05-03T06:30:37.928+0000] {dag.py:3340} INFO - Setting next_dagrun for latest_only to 2025-05-03T02:30:37.928692+00:00, run_after=2025-05-03T06:30:37.928692+00:00
[2025-05-03T06:30:37.938+0000] {processor.py:176} INFO - Processing /home/airflow/.local/lib/python3.7/site-packages/airflow/example_dags/example_latest_only.py took 0.051 seconds
[2025-05-03T07:22:15.507+0000] {processor.py:154} INFO - Started process (PID=43350) to work on /home/airflow/.local/lib/python3.7/site-packages/airflow/example_dags/example_latest_only.py
[2025-05-03T07:22:15.508+0000] {processor.py:756} INFO - Processing file /home/airflow/.local/lib/python3.7/site-packages/airflow/example_dags/example_latest_only.py for tasks to queue
[2025-05-03T07:22:15.508+0000] {logging_mixin.py:120} INFO - [2025-05-03T07:22:15.508+0000] {dagbag.py:537} INFO - Filling up the DagBag from /home/airflow/.local/lib/python3.7/site-packages/airflow/example_dags/example_latest_only.py
[2025-05-03T07:22:15.515+0000] {processor.py:766} INFO - DAG(s) dict_keys(['latest_only']) retrieved from /home/airflow/.local/lib/python3.7/site-packages/airflow/example_dags/example_latest_only.py
[2025-05-03T07:22:15.534+0000] {logging_mixin.py:120} INFO - [2025-05-03T07:22:15.534+0000] {dag.py:2585} INFO - Sync 1 DAGs
[2025-05-03T07:22:15.547+0000] {logging_mixin.py:120} INFO - [2025-05-03T07:22:15.547+0000] {dag.py:3340} INFO - Setting next_dagrun for latest_only to 2025-05-03T03:22:15.547133+00:00, run_after=2025-05-03T07:22:15.547133+00:00
[2025-05-03T07:22:15.555+0000] {processor.py:176} INFO - Processing /home/airflow/.local/lib/python3.7/site-packages/airflow/example_dags/example_latest_only.py took 0.050 seconds
[2025-05-03T08:23:10.297+0000] {processor.py:154} INFO - Started process (PID=43413) to work on /home/airflow/.local/lib/python3.7/site-packages/airflow/example_dags/example_latest_only.py
[2025-05-03T08:23:10.298+0000] {processor.py:756} INFO - Processing file /home/airflow/.local/lib/python3.7/site-packages/airflow/example_dags/example_latest_only.py for tasks to queue
[2025-05-03T08:23:10.298+0000] {logging_mixin.py:120} INFO - [2025-05-03T08:23:10.298+0000] {dagbag.py:537} INFO - Filling up the DagBag from /home/airflow/.local/lib/python3.7/site-packages/airflow/example_dags/example_latest_only.py
[2025-05-03T08:23:10.306+0000] {processor.py:766} INFO - DAG(s) dict_keys(['latest_only']) retrieved from /home/airflow/.local/lib/python3.7/site-packages/airflow/example_dags/example_latest_only.py
[2025-05-03T08:23:10.329+0000] {logging_mixin.py:120} INFO - [2025-05-03T08:23:10.329+0000] {dag.py:2585} INFO - Sync 1 DAGs
[2025-05-03T08:23:10.343+0000] {logging_mixin.py:120} INFO - [2025-05-03T08:23:10.343+0000] {dag.py:3340} INFO - Setting next_dagrun for latest_only to 2025-05-03T04:23:10.343535+00:00, run_after=2025-05-03T08:23:10.343535+00:00
[2025-05-03T08:23:10.354+0000] {processor.py:176} INFO - Processing /home/airflow/.local/lib/python3.7/site-packages/airflow/example_dags/example_latest_only.py took 0.059 seconds
[2025-05-03T09:41:37.952+0000] {processor.py:154} INFO - Started process (PID=43466) to work on /home/airflow/.local/lib/python3.7/site-packages/airflow/example_dags/example_latest_only.py
[2025-05-03T09:41:37.952+0000] {processor.py:756} INFO - Processing file /home/airflow/.local/lib/python3.7/site-packages/airflow/example_dags/example_latest_only.py for tasks to queue
[2025-05-03T09:41:37.952+0000] {logging_mixin.py:120} INFO - [2025-05-03T09:41:37.952+0000] {dagbag.py:537} INFO - Filling up the DagBag from /home/airflow/.local/lib/python3.7/site-packages/airflow/example_dags/example_latest_only.py
[2025-05-03T09:41:37.959+0000] {processor.py:766} INFO - DAG(s) dict_keys(['latest_only']) retrieved from /home/airflow/.local/lib/python3.7/site-packages/airflow/example_dags/example_latest_only.py
[2025-05-03T09:41:37.977+0000] {logging_mixin.py:120} INFO - [2025-05-03T09:41:37.977+0000] {dag.py:2585} INFO - Sync 1 DAGs
[2025-05-03T09:41:37.986+0000] {logging_mixin.py:120} INFO - [2025-05-03T09:41:37.986+0000] {dag.py:3340} INFO - Setting next_dagrun for latest_only to 2025-05-03T05:41:37.986649+00:00, run_after=2025-05-03T09:41:37.986649+00:00
[2025-05-03T09:41:37.994+0000] {processor.py:176} INFO - Processing /home/airflow/.local/lib/python3.7/site-packages/airflow/example_dags/example_latest_only.py took 0.044 seconds
[2025-05-03T10:58:27.480+0000] {processor.py:154} INFO - Started process (PID=43529) to work on /home/airflow/.local/lib/python3.7/site-packages/airflow/example_dags/example_latest_only.py
[2025-05-03T10:58:27.482+0000] {processor.py:756} INFO - Processing file /home/airflow/.local/lib/python3.7/site-packages/airflow/example_dags/example_latest_only.py for tasks to queue
[2025-05-03T10:58:27.486+0000] {logging_mixin.py:120} INFO - [2025-05-03T10:58:27.485+0000] {dagbag.py:537} INFO - Filling up the DagBag from /home/airflow/.local/lib/python3.7/site-packages/airflow/example_dags/example_latest_only.py
[2025-05-03T10:58:27.494+0000] {processor.py:766} INFO - DAG(s) dict_keys(['latest_only']) retrieved from /home/airflow/.local/lib/python3.7/site-packages/airflow/example_dags/example_latest_only.py
[2025-05-03T10:58:27.513+0000] {logging_mixin.py:120} INFO - [2025-05-03T10:58:27.513+0000] {dag.py:2585} INFO - Sync 1 DAGs
[2025-05-03T10:58:27.524+0000] {logging_mixin.py:120} INFO - [2025-05-03T10:58:27.524+0000] {dag.py:3340} INFO - Setting next_dagrun for latest_only to 2025-05-03T06:58:27.524675+00:00, run_after=2025-05-03T10:58:27.524675+00:00
[2025-05-03T10:58:27.534+0000] {processor.py:176} INFO - Processing /home/airflow/.local/lib/python3.7/site-packages/airflow/example_dags/example_latest_only.py took 0.056 seconds
[2025-05-03T11:42:14.373+0000] {processor.py:154} INFO - Started process (PID=43592) to work on /home/airflow/.local/lib/python3.7/site-packages/airflow/example_dags/example_latest_only.py
[2025-05-03T11:42:14.373+0000] {processor.py:756} INFO - Processing file /home/airflow/.local/lib/python3.7/site-packages/airflow/example_dags/example_latest_only.py for tasks to queue
[2025-05-03T11:42:14.374+0000] {logging_mixin.py:120} INFO - [2025-05-03T11:42:14.374+0000] {dagbag.py:537} INFO - Filling up the DagBag from /home/airflow/.local/lib/python3.7/site-packages/airflow/example_dags/example_latest_only.py
[2025-05-03T11:42:14.381+0000] {processor.py:766} INFO - DAG(s) dict_keys(['latest_only']) retrieved from /home/airflow/.local/lib/python3.7/site-packages/airflow/example_dags/example_latest_only.py
[2025-05-03T11:42:14.404+0000] {logging_mixin.py:120} INFO - [2025-05-03T11:42:14.404+0000] {dag.py:2585} INFO - Sync 1 DAGs
[2025-05-03T11:42:14.416+0000] {logging_mixin.py:120} INFO - [2025-05-03T11:42:14.416+0000] {dag.py:3340} INFO - Setting next_dagrun for latest_only to 2025-05-03T07:42:14.416655+00:00, run_after=2025-05-03T11:42:14.416655+00:00
[2025-05-03T11:42:14.425+0000] {processor.py:176} INFO - Processing /home/airflow/.local/lib/python3.7/site-packages/airflow/example_dags/example_latest_only.py took 0.054 seconds
[2025-05-03T12:59:19.666+0000] {processor.py:154} INFO - Started process (PID=43655) to work on /home/airflow/.local/lib/python3.7/site-packages/airflow/example_dags/example_latest_only.py
[2025-05-03T12:59:19.667+0000] {processor.py:756} INFO - Processing file /home/airflow/.local/lib/python3.7/site-packages/airflow/example_dags/example_latest_only.py for tasks to queue
[2025-05-03T12:59:19.667+0000] {logging_mixin.py:120} INFO - [2025-05-03T12:59:19.667+0000] {dagbag.py:537} INFO - Filling up the DagBag from /home/airflow/.local/lib/python3.7/site-packages/airflow/example_dags/example_latest_only.py
[2025-05-03T12:59:19.677+0000] {processor.py:766} INFO - DAG(s) dict_keys(['latest_only']) retrieved from /home/airflow/.local/lib/python3.7/site-packages/airflow/example_dags/example_latest_only.py
[2025-05-03T12:59:19.697+0000] {logging_mixin.py:120} INFO - [2025-05-03T12:59:19.696+0000] {dag.py:2585} INFO - Sync 1 DAGs
[2025-05-03T12:59:19.707+0000] {logging_mixin.py:120} INFO - [2025-05-03T12:59:19.707+0000] {dag.py:3340} INFO - Setting next_dagrun for latest_only to 2025-05-03T08:59:19.707329+00:00, run_after=2025-05-03T12:59:19.707329+00:00
[2025-05-03T12:59:19.716+0000] {processor.py:176} INFO - Processing /home/airflow/.local/lib/python3.7/site-packages/airflow/example_dags/example_latest_only.py took 0.052 seconds
[2025-05-03T13:28:30.875+0000] {processor.py:154} INFO - Started process (PID=43718) to work on /home/airflow/.local/lib/python3.7/site-packages/airflow/example_dags/example_latest_only.py
[2025-05-03T13:28:30.875+0000] {processor.py:756} INFO - Processing file /home/airflow/.local/lib/python3.7/site-packages/airflow/example_dags/example_latest_only.py for tasks to queue
[2025-05-03T13:28:30.876+0000] {logging_mixin.py:120} INFO - [2025-05-03T13:28:30.876+0000] {dagbag.py:537} INFO - Filling up the DagBag from /home/airflow/.local/lib/python3.7/site-packages/airflow/example_dags/example_latest_only.py
[2025-05-03T13:28:30.885+0000] {processor.py:766} INFO - DAG(s) dict_keys(['latest_only']) retrieved from /home/airflow/.local/lib/python3.7/site-packages/airflow/example_dags/example_latest_only.py
[2025-05-03T13:28:30.907+0000] {logging_mixin.py:120} INFO - [2025-05-03T13:28:30.907+0000] {dag.py:2585} INFO - Sync 1 DAGs
[2025-05-03T13:28:30.920+0000] {logging_mixin.py:120} INFO - [2025-05-03T13:28:30.920+0000] {dag.py:3340} INFO - Setting next_dagrun for latest_only to 2025-05-03T09:28:30.920386+00:00, run_after=2025-05-03T13:28:30.920386+00:00
[2025-05-03T13:28:30.929+0000] {processor.py:176} INFO - Processing /home/airflow/.local/lib/python3.7/site-packages/airflow/example_dags/example_latest_only.py took 0.056 seconds
[2025-05-03T13:29:07.702+0000] {processor.py:154} INFO - Started process (PID=43781) to work on /home/airflow/.local/lib/python3.7/site-packages/airflow/example_dags/example_latest_only.py
[2025-05-03T13:29:07.703+0000] {processor.py:756} INFO - Processing file /home/airflow/.local/lib/python3.7/site-packages/airflow/example_dags/example_latest_only.py for tasks to queue
[2025-05-03T13:29:07.703+0000] {logging_mixin.py:120} INFO - [2025-05-03T13:29:07.703+0000] {dagbag.py:537} INFO - Filling up the DagBag from /home/airflow/.local/lib/python3.7/site-packages/airflow/example_dags/example_latest_only.py
[2025-05-03T13:29:07.713+0000] {processor.py:766} INFO - DAG(s) dict_keys(['latest_only']) retrieved from /home/airflow/.local/lib/python3.7/site-packages/airflow/example_dags/example_latest_only.py
[2025-05-03T13:29:07.736+0000] {logging_mixin.py:120} INFO - [2025-05-03T13:29:07.736+0000] {dag.py:2585} INFO - Sync 1 DAGs
[2025-05-03T13:29:07.748+0000] {logging_mixin.py:120} INFO - [2025-05-03T13:29:07.748+0000] {dag.py:3340} INFO - Setting next_dagrun for latest_only to 2025-05-03T09:29:07.747907+00:00, run_after=2025-05-03T13:29:07.747907+00:00
[2025-05-03T13:29:07.758+0000] {processor.py:176} INFO - Processing /home/airflow/.local/lib/python3.7/site-packages/airflow/example_dags/example_latest_only.py took 0.057 seconds
[2025-05-03T14:29:10.138+0000] {processor.py:154} INFO - Started process (PID=43834) to work on /home/airflow/.local/lib/python3.7/site-packages/airflow/example_dags/example_latest_only.py
[2025-05-03T14:29:10.139+0000] {processor.py:756} INFO - Processing file /home/airflow/.local/lib/python3.7/site-packages/airflow/example_dags/example_latest_only.py for tasks to queue
[2025-05-03T14:29:10.139+0000] {logging_mixin.py:120} INFO - [2025-05-03T14:29:10.139+0000] {dagbag.py:537} INFO - Filling up the DagBag from /home/airflow/.local/lib/python3.7/site-packages/airflow/example_dags/example_latest_only.py
[2025-05-03T14:29:10.148+0000] {processor.py:766} INFO - DAG(s) dict_keys(['latest_only']) retrieved from /home/airflow/.local/lib/python3.7/site-packages/airflow/example_dags/example_latest_only.py
[2025-05-03T14:29:10.175+0000] {logging_mixin.py:120} INFO - [2025-05-03T14:29:10.175+0000] {dag.py:2585} INFO - Sync 1 DAGs
[2025-05-03T14:29:10.187+0000] {logging_mixin.py:120} INFO - [2025-05-03T14:29:10.187+0000] {dag.py:3340} INFO - Setting next_dagrun for latest_only to 2025-05-03T10:29:10.187544+00:00, run_after=2025-05-03T14:29:10.187544+00:00
[2025-05-03T14:29:10.198+0000] {processor.py:176} INFO - Processing /home/airflow/.local/lib/python3.7/site-packages/airflow/example_dags/example_latest_only.py took 0.062 seconds
[2025-05-03T15:07:53.289+0000] {processor.py:154} INFO - Started process (PID=43896) to work on /home/airflow/.local/lib/python3.7/site-packages/airflow/example_dags/example_latest_only.py
[2025-05-03T15:07:53.290+0000] {processor.py:756} INFO - Processing file /home/airflow/.local/lib/python3.7/site-packages/airflow/example_dags/example_latest_only.py for tasks to queue
[2025-05-03T15:07:53.290+0000] {logging_mixin.py:120} INFO - [2025-05-03T15:07:53.290+0000] {dagbag.py:537} INFO - Filling up the DagBag from /home/airflow/.local/lib/python3.7/site-packages/airflow/example_dags/example_latest_only.py
[2025-05-03T15:07:53.299+0000] {processor.py:766} INFO - DAG(s) dict_keys(['latest_only']) retrieved from /home/airflow/.local/lib/python3.7/site-packages/airflow/example_dags/example_latest_only.py
[2025-05-03T15:07:53.319+0000] {logging_mixin.py:120} INFO - [2025-05-03T15:07:53.319+0000] {dag.py:2585} INFO - Sync 1 DAGs
[2025-05-03T15:07:53.333+0000] {logging_mixin.py:120} INFO - [2025-05-03T15:07:53.333+0000] {dag.py:3340} INFO - Setting next_dagrun for latest_only to 2025-05-03T11:07:53.333019+00:00, run_after=2025-05-03T15:07:53.333019+00:00
[2025-05-03T15:07:53.346+0000] {processor.py:176} INFO - Processing /home/airflow/.local/lib/python3.7/site-packages/airflow/example_dags/example_latest_only.py took 0.059 seconds
[2025-05-03T16:21:02.677+0000] {processor.py:154} INFO - Started process (PID=43959) to work on /home/airflow/.local/lib/python3.7/site-packages/airflow/example_dags/example_latest_only.py
[2025-05-03T16:21:02.678+0000] {processor.py:756} INFO - Processing file /home/airflow/.local/lib/python3.7/site-packages/airflow/example_dags/example_latest_only.py for tasks to queue
[2025-05-03T16:21:02.678+0000] {logging_mixin.py:120} INFO - [2025-05-03T16:21:02.678+0000] {dagbag.py:537} INFO - Filling up the DagBag from /home/airflow/.local/lib/python3.7/site-packages/airflow/example_dags/example_latest_only.py
[2025-05-03T16:21:02.686+0000] {processor.py:766} INFO - DAG(s) dict_keys(['latest_only']) retrieved from /home/airflow/.local/lib/python3.7/site-packages/airflow/example_dags/example_latest_only.py
[2025-05-03T16:21:02.709+0000] {logging_mixin.py:120} INFO - [2025-05-03T16:21:02.709+0000] {dag.py:2585} INFO - Sync 1 DAGs
[2025-05-03T16:21:02.722+0000] {logging_mixin.py:120} INFO - [2025-05-03T16:21:02.722+0000] {dag.py:3340} INFO - Setting next_dagrun for latest_only to 2025-05-03T12:21:02.722685+00:00, run_after=2025-05-03T16:21:02.722685+00:00
[2025-05-03T16:21:02.734+0000] {processor.py:176} INFO - Processing /home/airflow/.local/lib/python3.7/site-packages/airflow/example_dags/example_latest_only.py took 0.059 seconds
[2025-05-03T16:48:04.978+0000] {processor.py:154} INFO - Started process (PID=44021) to work on /home/airflow/.local/lib/python3.7/site-packages/airflow/example_dags/example_latest_only.py
[2025-05-03T16:48:04.979+0000] {processor.py:756} INFO - Processing file /home/airflow/.local/lib/python3.7/site-packages/airflow/example_dags/example_latest_only.py for tasks to queue
[2025-05-03T16:48:04.979+0000] {logging_mixin.py:120} INFO - [2025-05-03T16:48:04.979+0000] {dagbag.py:537} INFO - Filling up the DagBag from /home/airflow/.local/lib/python3.7/site-packages/airflow/example_dags/example_latest_only.py
[2025-05-03T16:48:04.986+0000] {processor.py:766} INFO - DAG(s) dict_keys(['latest_only']) retrieved from /home/airflow/.local/lib/python3.7/site-packages/airflow/example_dags/example_latest_only.py
[2025-05-03T16:48:05.006+0000] {logging_mixin.py:120} INFO - [2025-05-03T16:48:05.005+0000] {dag.py:2585} INFO - Sync 1 DAGs
[2025-05-03T16:48:05.015+0000] {logging_mixin.py:120} INFO - [2025-05-03T16:48:05.015+0000] {dag.py:3340} INFO - Setting next_dagrun for latest_only to 2025-05-03T12:48:05.015750+00:00, run_after=2025-05-03T16:48:05.015750+00:00
[2025-05-03T16:48:05.025+0000] {processor.py:176} INFO - Processing /home/airflow/.local/lib/python3.7/site-packages/airflow/example_dags/example_latest_only.py took 0.048 seconds
[2025-05-03T18:05:53.376+0000] {processor.py:154} INFO - Started process (PID=44084) to work on /home/airflow/.local/lib/python3.7/site-packages/airflow/example_dags/example_latest_only.py
[2025-05-03T18:05:53.376+0000] {processor.py:756} INFO - Processing file /home/airflow/.local/lib/python3.7/site-packages/airflow/example_dags/example_latest_only.py for tasks to queue
[2025-05-03T18:05:53.376+0000] {logging_mixin.py:120} INFO - [2025-05-03T18:05:53.376+0000] {dagbag.py:537} INFO - Filling up the DagBag from /home/airflow/.local/lib/python3.7/site-packages/airflow/example_dags/example_latest_only.py
[2025-05-03T18:05:53.383+0000] {processor.py:766} INFO - DAG(s) dict_keys(['latest_only']) retrieved from /home/airflow/.local/lib/python3.7/site-packages/airflow/example_dags/example_latest_only.py
[2025-05-03T18:05:53.402+0000] {logging_mixin.py:120} INFO - [2025-05-03T18:05:53.402+0000] {dag.py:2585} INFO - Sync 1 DAGs
[2025-05-03T18:05:53.429+0000] {logging_mixin.py:120} INFO - [2025-05-03T18:05:53.429+0000] {dag.py:3340} INFO - Setting next_dagrun for latest_only to 2025-05-03T14:05:53.429496+00:00, run_after=2025-05-03T18:05:53.429496+00:00
[2025-05-03T18:05:53.440+0000] {processor.py:176} INFO - Processing /home/airflow/.local/lib/python3.7/site-packages/airflow/example_dags/example_latest_only.py took 0.066 seconds
[2025-05-03T19:25:56.940+0000] {processor.py:154} INFO - Started process (PID=44147) to work on /home/airflow/.local/lib/python3.7/site-packages/airflow/example_dags/example_latest_only.py
[2025-05-03T19:25:56.940+0000] {processor.py:756} INFO - Processing file /home/airflow/.local/lib/python3.7/site-packages/airflow/example_dags/example_latest_only.py for tasks to queue
[2025-05-03T19:25:56.941+0000] {logging_mixin.py:120} INFO - [2025-05-03T19:25:56.941+0000] {dagbag.py:537} INFO - Filling up the DagBag from /home/airflow/.local/lib/python3.7/site-packages/airflow/example_dags/example_latest_only.py
[2025-05-03T19:25:56.948+0000] {processor.py:766} INFO - DAG(s) dict_keys(['latest_only']) retrieved from /home/airflow/.local/lib/python3.7/site-packages/airflow/example_dags/example_latest_only.py
[2025-05-03T19:25:56.971+0000] {logging_mixin.py:120} INFO - [2025-05-03T19:25:56.971+0000] {dag.py:2585} INFO - Sync 1 DAGs
[2025-05-03T19:25:56.983+0000] {logging_mixin.py:120} INFO - [2025-05-03T19:25:56.983+0000] {dag.py:3340} INFO - Setting next_dagrun for latest_only to 2025-05-03T15:25:56.983465+00:00, run_after=2025-05-03T19:25:56.983465+00:00
[2025-05-03T19:25:56.995+0000] {processor.py:176} INFO - Processing /home/airflow/.local/lib/python3.7/site-packages/airflow/example_dags/example_latest_only.py took 0.057 seconds
[2025-05-03T20:07:04.377+0000] {processor.py:154} INFO - Started process (PID=44209) to work on /home/airflow/.local/lib/python3.7/site-packages/airflow/example_dags/example_latest_only.py
[2025-05-03T20:07:04.377+0000] {processor.py:756} INFO - Processing file /home/airflow/.local/lib/python3.7/site-packages/airflow/example_dags/example_latest_only.py for tasks to queue
[2025-05-03T20:07:04.378+0000] {logging_mixin.py:120} INFO - [2025-05-03T20:07:04.378+0000] {dagbag.py:537} INFO - Filling up the DagBag from /home/airflow/.local/lib/python3.7/site-packages/airflow/example_dags/example_latest_only.py
[2025-05-03T20:07:04.386+0000] {processor.py:766} INFO - DAG(s) dict_keys(['latest_only']) retrieved from /home/airflow/.local/lib/python3.7/site-packages/airflow/example_dags/example_latest_only.py
[2025-05-03T20:07:04.405+0000] {logging_mixin.py:120} INFO - [2025-05-03T20:07:04.405+0000] {dag.py:2585} INFO - Sync 1 DAGs
[2025-05-03T20:07:04.417+0000] {logging_mixin.py:120} INFO - [2025-05-03T20:07:04.416+0000] {dag.py:3340} INFO - Setting next_dagrun for latest_only to 2025-05-03T16:07:04.416846+00:00, run_after=2025-05-03T20:07:04.416846+00:00
[2025-05-03T20:07:04.425+0000] {processor.py:176} INFO - Processing /home/airflow/.local/lib/python3.7/site-packages/airflow/example_dags/example_latest_only.py took 0.050 seconds
[2025-05-03T21:36:12.839+0000] {processor.py:154} INFO - Started process (PID=44263) to work on /home/airflow/.local/lib/python3.7/site-packages/airflow/example_dags/example_latest_only.py
[2025-05-03T21:36:12.840+0000] {processor.py:756} INFO - Processing file /home/airflow/.local/lib/python3.7/site-packages/airflow/example_dags/example_latest_only.py for tasks to queue
[2025-05-03T21:36:12.840+0000] {logging_mixin.py:120} INFO - [2025-05-03T21:36:12.840+0000] {dagbag.py:537} INFO - Filling up the DagBag from /home/airflow/.local/lib/python3.7/site-packages/airflow/example_dags/example_latest_only.py
[2025-05-03T21:36:12.847+0000] {processor.py:766} INFO - DAG(s) dict_keys(['latest_only']) retrieved from /home/airflow/.local/lib/python3.7/site-packages/airflow/example_dags/example_latest_only.py
[2025-05-03T21:36:12.868+0000] {logging_mixin.py:120} INFO - [2025-05-03T21:36:12.868+0000] {dag.py:2585} INFO - Sync 1 DAGs
[2025-05-03T21:36:12.878+0000] {logging_mixin.py:120} INFO - [2025-05-03T21:36:12.878+0000] {dag.py:3340} INFO - Setting next_dagrun for latest_only to 2025-05-03T17:36:12.878557+00:00, run_after=2025-05-03T21:36:12.878557+00:00
[2025-05-03T21:36:12.888+0000] {processor.py:176} INFO - Processing /home/airflow/.local/lib/python3.7/site-packages/airflow/example_dags/example_latest_only.py took 0.051 seconds
[2025-05-03T22:19:51.903+0000] {processor.py:154} INFO - Started process (PID=44326) to work on /home/airflow/.local/lib/python3.7/site-packages/airflow/example_dags/example_latest_only.py
[2025-05-03T22:19:51.904+0000] {processor.py:756} INFO - Processing file /home/airflow/.local/lib/python3.7/site-packages/airflow/example_dags/example_latest_only.py for tasks to queue
[2025-05-03T22:19:51.905+0000] {logging_mixin.py:120} INFO - [2025-05-03T22:19:51.905+0000] {dagbag.py:537} INFO - Filling up the DagBag from /home/airflow/.local/lib/python3.7/site-packages/airflow/example_dags/example_latest_only.py
[2025-05-03T22:19:51.912+0000] {processor.py:766} INFO - DAG(s) dict_keys(['latest_only']) retrieved from /home/airflow/.local/lib/python3.7/site-packages/airflow/example_dags/example_latest_only.py
[2025-05-03T22:19:51.936+0000] {logging_mixin.py:120} INFO - [2025-05-03T22:19:51.936+0000] {dag.py:2585} INFO - Sync 1 DAGs
[2025-05-03T22:19:51.946+0000] {logging_mixin.py:120} INFO - [2025-05-03T22:19:51.946+0000] {dag.py:3340} INFO - Setting next_dagrun for latest_only to 2025-05-03T18:19:51.946696+00:00, run_after=2025-05-03T22:19:51.946696+00:00
[2025-05-03T22:19:51.954+0000] {processor.py:176} INFO - Processing /home/airflow/.local/lib/python3.7/site-packages/airflow/example_dags/example_latest_only.py took 0.052 seconds
[2025-05-03T23:04:44.907+0000] {processor.py:154} INFO - Started process (PID=44389) to work on /home/airflow/.local/lib/python3.7/site-packages/airflow/example_dags/example_latest_only.py
[2025-05-03T23:04:44.909+0000] {processor.py:756} INFO - Processing file /home/airflow/.local/lib/python3.7/site-packages/airflow/example_dags/example_latest_only.py for tasks to queue
[2025-05-03T23:04:44.910+0000] {logging_mixin.py:120} INFO - [2025-05-03T23:04:44.909+0000] {dagbag.py:537} INFO - Filling up the DagBag from /home/airflow/.local/lib/python3.7/site-packages/airflow/example_dags/example_latest_only.py
[2025-05-03T23:04:44.918+0000] {processor.py:766} INFO - DAG(s) dict_keys(['latest_only']) retrieved from /home/airflow/.local/lib/python3.7/site-packages/airflow/example_dags/example_latest_only.py
[2025-05-03T23:04:44.940+0000] {logging_mixin.py:120} INFO - [2025-05-03T23:04:44.940+0000] {dag.py:2585} INFO - Sync 1 DAGs
[2025-05-03T23:04:44.954+0000] {logging_mixin.py:120} INFO - [2025-05-03T23:04:44.954+0000] {dag.py:3340} INFO - Setting next_dagrun for latest_only to 2025-05-03T19:04:44.954107+00:00, run_after=2025-05-03T23:04:44.954107+00:00
[2025-05-03T23:04:44.965+0000] {processor.py:176} INFO - Processing /home/airflow/.local/lib/python3.7/site-packages/airflow/example_dags/example_latest_only.py took 0.060 seconds
[2025-05-03T23:22:07.237+0000] {processor.py:154} INFO - Started process (PID=44451) to work on /home/airflow/.local/lib/python3.7/site-packages/airflow/example_dags/example_latest_only.py
[2025-05-03T23:22:07.237+0000] {processor.py:756} INFO - Processing file /home/airflow/.local/lib/python3.7/site-packages/airflow/example_dags/example_latest_only.py for tasks to queue
[2025-05-03T23:22:07.238+0000] {logging_mixin.py:120} INFO - [2025-05-03T23:22:07.238+0000] {dagbag.py:537} INFO - Filling up the DagBag from /home/airflow/.local/lib/python3.7/site-packages/airflow/example_dags/example_latest_only.py
[2025-05-03T23:22:07.246+0000] {processor.py:766} INFO - DAG(s) dict_keys(['latest_only']) retrieved from /home/airflow/.local/lib/python3.7/site-packages/airflow/example_dags/example_latest_only.py
[2025-05-03T23:22:07.264+0000] {logging_mixin.py:120} INFO - [2025-05-03T23:22:07.264+0000] {dag.py:2585} INFO - Sync 1 DAGs
[2025-05-03T23:22:07.273+0000] {logging_mixin.py:120} INFO - [2025-05-03T23:22:07.273+0000] {dag.py:3340} INFO - Setting next_dagrun for latest_only to 2025-05-03T19:22:07.273784+00:00, run_after=2025-05-03T23:22:07.273784+00:00
[2025-05-03T23:22:07.281+0000] {processor.py:176} INFO - Processing /home/airflow/.local/lib/python3.7/site-packages/airflow/example_dags/example_latest_only.py took 0.046 seconds
[2025-05-03T23:38:28.503+0000] {processor.py:154} INFO - Started process (PID=44514) to work on /home/airflow/.local/lib/python3.7/site-packages/airflow/example_dags/example_latest_only.py
[2025-05-03T23:38:28.503+0000] {processor.py:756} INFO - Processing file /home/airflow/.local/lib/python3.7/site-packages/airflow/example_dags/example_latest_only.py for tasks to queue
[2025-05-03T23:38:28.503+0000] {logging_mixin.py:120} INFO - [2025-05-03T23:38:28.503+0000] {dagbag.py:537} INFO - Filling up the DagBag from /home/airflow/.local/lib/python3.7/site-packages/airflow/example_dags/example_latest_only.py
[2025-05-03T23:38:28.509+0000] {processor.py:766} INFO - DAG(s) dict_keys(['latest_only']) retrieved from /home/airflow/.local/lib/python3.7/site-packages/airflow/example_dags/example_latest_only.py
[2025-05-03T23:38:28.526+0000] {logging_mixin.py:120} INFO - [2025-05-03T23:38:28.526+0000] {dag.py:2585} INFO - Sync 1 DAGs
[2025-05-03T23:38:28.536+0000] {logging_mixin.py:120} INFO - [2025-05-03T23:38:28.536+0000] {dag.py:3340} INFO - Setting next_dagrun for latest_only to 2025-05-03T19:38:28.536631+00:00, run_after=2025-05-03T23:38:28.536631+00:00
[2025-05-03T23:38:28.543+0000] {processor.py:176} INFO - Processing /home/airflow/.local/lib/python3.7/site-packages/airflow/example_dags/example_latest_only.py took 0.043 seconds
[2025-05-03T23:56:23.814+0000] {processor.py:154} INFO - Started process (PID=44577) to work on /home/airflow/.local/lib/python3.7/site-packages/airflow/example_dags/example_latest_only.py
[2025-05-03T23:56:23.815+0000] {processor.py:756} INFO - Processing file /home/airflow/.local/lib/python3.7/site-packages/airflow/example_dags/example_latest_only.py for tasks to queue
[2025-05-03T23:56:23.815+0000] {logging_mixin.py:120} INFO - [2025-05-03T23:56:23.815+0000] {dagbag.py:537} INFO - Filling up the DagBag from /home/airflow/.local/lib/python3.7/site-packages/airflow/example_dags/example_latest_only.py
[2025-05-03T23:56:23.822+0000] {processor.py:766} INFO - DAG(s) dict_keys(['latest_only']) retrieved from /home/airflow/.local/lib/python3.7/site-packages/airflow/example_dags/example_latest_only.py
[2025-05-03T23:56:23.842+0000] {logging_mixin.py:120} INFO - [2025-05-03T23:56:23.842+0000] {dag.py:2585} INFO - Sync 1 DAGs
[2025-05-03T23:56:23.855+0000] {logging_mixin.py:120} INFO - [2025-05-03T23:56:23.855+0000] {dag.py:3340} INFO - Setting next_dagrun for latest_only to 2025-05-03T19:56:23.855374+00:00, run_after=2025-05-03T23:56:23.855374+00:00
[2025-05-03T23:56:23.867+0000] {processor.py:176} INFO - Processing /home/airflow/.local/lib/python3.7/site-packages/airflow/example_dags/example_latest_only.py took 0.055 seconds
