[2025-05-03T00:29:31.005+0000] {processor.py:154} INFO - Started process (PID=42612) to work on /home/airflow/.local/lib/python3.7/site-packages/airflow/example_dags/example_branch_python_dop_operator_3.py
[2025-05-03T00:29:31.006+0000] {processor.py:756} INFO - Processing file /home/airflow/.local/lib/python3.7/site-packages/airflow/example_dags/example_branch_python_dop_operator_3.py for tasks to queue
[2025-05-03T00:29:31.006+0000] {logging_mixin.py:120} INFO - [2025-05-03T00:29:31.006+0000] {dagbag.py:537} INFO - Filling up the DagBag from /home/airflow/.local/lib/python3.7/site-packages/airflow/example_dags/example_branch_python_dop_operator_3.py
[2025-05-03T00:29:31.019+0000] {processor.py:766} INFO - DAG(s) dict_keys(['example_branch_dop_operator_v3']) retrieved from /home/airflow/.local/lib/python3.7/site-packages/airflow/example_dags/example_branch_python_dop_operator_3.py
[2025-05-03T00:29:31.039+0000] {logging_mixin.py:120} INFO - [2025-05-03T00:29:31.039+0000] {dag.py:2585} INFO - Sync 1 DAGs
[2025-05-03T00:29:31.051+0000] {logging_mixin.py:120} INFO - [2025-05-03T00:29:31.051+0000] {dag.py:3340} INFO - Setting next_dagrun for example_branch_dop_operator_v3 to 2025-05-03T00:28:00+00:00, run_after=2025-05-03T00:29:00+00:00
[2025-05-03T00:29:31.060+0000] {processor.py:176} INFO - Processing /home/airflow/.local/lib/python3.7/site-packages/airflow/example_dags/example_branch_python_dop_operator_3.py took 0.056 seconds
[2025-05-03T00:52:39.237+0000] {processor.py:154} INFO - Started process (PID=42666) to work on /home/airflow/.local/lib/python3.7/site-packages/airflow/example_dags/example_branch_python_dop_operator_3.py
[2025-05-03T00:52:39.237+0000] {processor.py:756} INFO - Processing file /home/airflow/.local/lib/python3.7/site-packages/airflow/example_dags/example_branch_python_dop_operator_3.py for tasks to queue
[2025-05-03T00:52:39.237+0000] {logging_mixin.py:120} INFO - [2025-05-03T00:52:39.237+0000] {dagbag.py:537} INFO - Filling up the DagBag from /home/airflow/.local/lib/python3.7/site-packages/airflow/example_dags/example_branch_python_dop_operator_3.py
[2025-05-03T00:52:39.249+0000] {processor.py:766} INFO - DAG(s) dict_keys(['example_branch_dop_operator_v3']) retrieved from /home/airflow/.local/lib/python3.7/site-packages/airflow/example_dags/example_branch_python_dop_operator_3.py
[2025-05-03T00:52:39.271+0000] {logging_mixin.py:120} INFO - [2025-05-03T00:52:39.270+0000] {dag.py:2585} INFO - Sync 1 DAGs
[2025-05-03T00:52:39.284+0000] {logging_mixin.py:120} INFO - [2025-05-03T00:52:39.283+0000] {dag.py:3340} INFO - Setting next_dagrun for example_branch_dop_operator_v3 to 2025-05-03T00:51:00+00:00, run_after=2025-05-03T00:52:00+00:00
[2025-05-03T00:52:39.295+0000] {processor.py:176} INFO - Processing /home/airflow/.local/lib/python3.7/site-packages/airflow/example_dags/example_branch_python_dop_operator_3.py took 0.060 seconds
[2025-05-03T01:16:07.640+0000] {processor.py:154} INFO - Started process (PID=42729) to work on /home/airflow/.local/lib/python3.7/site-packages/airflow/example_dags/example_branch_python_dop_operator_3.py
[2025-05-03T01:16:07.641+0000] {processor.py:756} INFO - Processing file /home/airflow/.local/lib/python3.7/site-packages/airflow/example_dags/example_branch_python_dop_operator_3.py for tasks to queue
[2025-05-03T01:16:07.641+0000] {logging_mixin.py:120} INFO - [2025-05-03T01:16:07.641+0000] {dagbag.py:537} INFO - Filling up the DagBag from /home/airflow/.local/lib/python3.7/site-packages/airflow/example_dags/example_branch_python_dop_operator_3.py
[2025-05-03T01:16:07.651+0000] {processor.py:766} INFO - DAG(s) dict_keys(['example_branch_dop_operator_v3']) retrieved from /home/airflow/.local/lib/python3.7/site-packages/airflow/example_dags/example_branch_python_dop_operator_3.py
[2025-05-03T01:16:07.669+0000] {logging_mixin.py:120} INFO - [2025-05-03T01:16:07.669+0000] {dag.py:2585} INFO - Sync 1 DAGs
[2025-05-03T01:16:07.681+0000] {logging_mixin.py:120} INFO - [2025-05-03T01:16:07.681+0000] {dag.py:3340} INFO - Setting next_dagrun for example_branch_dop_operator_v3 to 2025-05-03T01:15:00+00:00, run_after=2025-05-03T01:16:00+00:00
[2025-05-03T01:16:07.691+0000] {processor.py:176} INFO - Processing /home/airflow/.local/lib/python3.7/site-packages/airflow/example_dags/example_branch_python_dop_operator_3.py took 0.052 seconds
[2025-05-03T01:19:52.155+0000] {processor.py:154} INFO - Started process (PID=42791) to work on /home/airflow/.local/lib/python3.7/site-packages/airflow/example_dags/example_branch_python_dop_operator_3.py
[2025-05-03T01:19:52.161+0000] {processor.py:756} INFO - Processing file /home/airflow/.local/lib/python3.7/site-packages/airflow/example_dags/example_branch_python_dop_operator_3.py for tasks to queue
[2025-05-03T01:19:52.161+0000] {logging_mixin.py:120} INFO - [2025-05-03T01:19:52.161+0000] {dagbag.py:537} INFO - Filling up the DagBag from /home/airflow/.local/lib/python3.7/site-packages/airflow/example_dags/example_branch_python_dop_operator_3.py
[2025-05-03T01:19:52.173+0000] {processor.py:766} INFO - DAG(s) dict_keys(['example_branch_dop_operator_v3']) retrieved from /home/airflow/.local/lib/python3.7/site-packages/airflow/example_dags/example_branch_python_dop_operator_3.py
[2025-05-03T01:19:52.198+0000] {logging_mixin.py:120} INFO - [2025-05-03T01:19:52.198+0000] {dag.py:2585} INFO - Sync 1 DAGs
[2025-05-03T01:19:52.210+0000] {logging_mixin.py:120} INFO - [2025-05-03T01:19:52.210+0000] {dag.py:3340} INFO - Setting next_dagrun for example_branch_dop_operator_v3 to 2025-05-03T01:18:00+00:00, run_after=2025-05-03T01:19:00+00:00
[2025-05-03T01:19:52.222+0000] {processor.py:176} INFO - Processing /home/airflow/.local/lib/python3.7/site-packages/airflow/example_dags/example_branch_python_dop_operator_3.py took 0.068 seconds
[2025-05-03T01:24:03.869+0000] {processor.py:154} INFO - Started process (PID=42853) to work on /home/airflow/.local/lib/python3.7/site-packages/airflow/example_dags/example_branch_python_dop_operator_3.py
[2025-05-03T01:24:03.870+0000] {processor.py:756} INFO - Processing file /home/airflow/.local/lib/python3.7/site-packages/airflow/example_dags/example_branch_python_dop_operator_3.py for tasks to queue
[2025-05-03T01:24:03.871+0000] {logging_mixin.py:120} INFO - [2025-05-03T01:24:03.871+0000] {dagbag.py:537} INFO - Filling up the DagBag from /home/airflow/.local/lib/python3.7/site-packages/airflow/example_dags/example_branch_python_dop_operator_3.py
[2025-05-03T01:24:03.883+0000] {processor.py:766} INFO - DAG(s) dict_keys(['example_branch_dop_operator_v3']) retrieved from /home/airflow/.local/lib/python3.7/site-packages/airflow/example_dags/example_branch_python_dop_operator_3.py
[2025-05-03T01:24:03.905+0000] {logging_mixin.py:120} INFO - [2025-05-03T01:24:03.905+0000] {dag.py:2585} INFO - Sync 1 DAGs
[2025-05-03T01:24:03.918+0000] {logging_mixin.py:120} INFO - [2025-05-03T01:24:03.918+0000] {dag.py:3340} INFO - Setting next_dagrun for example_branch_dop_operator_v3 to 2025-05-03T01:23:00+00:00, run_after=2025-05-03T01:24:00+00:00
[2025-05-03T01:24:03.930+0000] {processor.py:176} INFO - Processing /home/airflow/.local/lib/python3.7/site-packages/airflow/example_dags/example_branch_python_dop_operator_3.py took 0.062 seconds
[2025-05-03T02:06:31.894+0000] {processor.py:154} INFO - Started process (PID=42916) to work on /home/airflow/.local/lib/python3.7/site-packages/airflow/example_dags/example_branch_python_dop_operator_3.py
[2025-05-03T02:06:31.896+0000] {processor.py:756} INFO - Processing file /home/airflow/.local/lib/python3.7/site-packages/airflow/example_dags/example_branch_python_dop_operator_3.py for tasks to queue
[2025-05-03T02:06:31.897+0000] {logging_mixin.py:120} INFO - [2025-05-03T02:06:31.897+0000] {dagbag.py:537} INFO - Filling up the DagBag from /home/airflow/.local/lib/python3.7/site-packages/airflow/example_dags/example_branch_python_dop_operator_3.py
[2025-05-03T02:06:31.908+0000] {processor.py:766} INFO - DAG(s) dict_keys(['example_branch_dop_operator_v3']) retrieved from /home/airflow/.local/lib/python3.7/site-packages/airflow/example_dags/example_branch_python_dop_operator_3.py
[2025-05-03T02:06:31.930+0000] {logging_mixin.py:120} INFO - [2025-05-03T02:06:31.930+0000] {dag.py:2585} INFO - Sync 1 DAGs
[2025-05-03T02:06:31.942+0000] {logging_mixin.py:120} INFO - [2025-05-03T02:06:31.942+0000] {dag.py:3340} INFO - Setting next_dagrun for example_branch_dop_operator_v3 to 2025-05-03T02:05:00+00:00, run_after=2025-05-03T02:06:00+00:00
[2025-05-03T02:06:31.953+0000] {processor.py:176} INFO - Processing /home/airflow/.local/lib/python3.7/site-packages/airflow/example_dags/example_branch_python_dop_operator_3.py took 0.060 seconds
[2025-05-03T02:48:23.370+0000] {processor.py:154} INFO - Started process (PID=42979) to work on /home/airflow/.local/lib/python3.7/site-packages/airflow/example_dags/example_branch_python_dop_operator_3.py
[2025-05-03T02:48:23.469+0000] {processor.py:756} INFO - Processing file /home/airflow/.local/lib/python3.7/site-packages/airflow/example_dags/example_branch_python_dop_operator_3.py for tasks to queue
[2025-05-03T02:48:23.479+0000] {logging_mixin.py:120} INFO - [2025-05-03T02:48:23.478+0000] {dagbag.py:537} INFO - Filling up the DagBag from /home/airflow/.local/lib/python3.7/site-packages/airflow/example_dags/example_branch_python_dop_operator_3.py
[2025-05-03T02:48:23.507+0000] {processor.py:766} INFO - DAG(s) dict_keys(['example_branch_dop_operator_v3']) retrieved from /home/airflow/.local/lib/python3.7/site-packages/airflow/example_dags/example_branch_python_dop_operator_3.py
[2025-05-03T02:48:23.539+0000] {logging_mixin.py:120} INFO - [2025-05-03T02:48:23.538+0000] {dag.py:2585} INFO - Sync 1 DAGs
[2025-05-03T02:48:23.551+0000] {logging_mixin.py:120} INFO - [2025-05-03T02:48:23.551+0000] {dag.py:3340} INFO - Setting next_dagrun for example_branch_dop_operator_v3 to 2025-05-03T02:47:00+00:00, run_after=2025-05-03T02:48:00+00:00
[2025-05-03T02:48:23.635+0000] {processor.py:176} INFO - Processing /home/airflow/.local/lib/python3.7/site-packages/airflow/example_dags/example_branch_python_dop_operator_3.py took 0.266 seconds
[2025-05-03T03:21:19.458+0000] {processor.py:154} INFO - Started process (PID=43033) to work on /home/airflow/.local/lib/python3.7/site-packages/airflow/example_dags/example_branch_python_dop_operator_3.py
[2025-05-03T03:21:19.459+0000] {processor.py:756} INFO - Processing file /home/airflow/.local/lib/python3.7/site-packages/airflow/example_dags/example_branch_python_dop_operator_3.py for tasks to queue
[2025-05-03T03:21:19.459+0000] {logging_mixin.py:120} INFO - [2025-05-03T03:21:19.459+0000] {dagbag.py:537} INFO - Filling up the DagBag from /home/airflow/.local/lib/python3.7/site-packages/airflow/example_dags/example_branch_python_dop_operator_3.py
[2025-05-03T03:21:19.470+0000] {processor.py:766} INFO - DAG(s) dict_keys(['example_branch_dop_operator_v3']) retrieved from /home/airflow/.local/lib/python3.7/site-packages/airflow/example_dags/example_branch_python_dop_operator_3.py
[2025-05-03T03:21:19.488+0000] {logging_mixin.py:120} INFO - [2025-05-03T03:21:19.488+0000] {dag.py:2585} INFO - Sync 1 DAGs
[2025-05-03T03:21:19.501+0000] {logging_mixin.py:120} INFO - [2025-05-03T03:21:19.501+0000] {dag.py:3340} INFO - Setting next_dagrun for example_branch_dop_operator_v3 to 2025-05-03T03:20:00+00:00, run_after=2025-05-03T03:21:00+00:00
[2025-05-03T03:21:19.511+0000] {processor.py:176} INFO - Processing /home/airflow/.local/lib/python3.7/site-packages/airflow/example_dags/example_branch_python_dop_operator_3.py took 0.054 seconds
[2025-05-03T04:10:41.539+0000] {processor.py:154} INFO - Started process (PID=43096) to work on /home/airflow/.local/lib/python3.7/site-packages/airflow/example_dags/example_branch_python_dop_operator_3.py
[2025-05-03T04:10:41.540+0000] {processor.py:756} INFO - Processing file /home/airflow/.local/lib/python3.7/site-packages/airflow/example_dags/example_branch_python_dop_operator_3.py for tasks to queue
[2025-05-03T04:10:41.541+0000] {logging_mixin.py:120} INFO - [2025-05-03T04:10:41.541+0000] {dagbag.py:537} INFO - Filling up the DagBag from /home/airflow/.local/lib/python3.7/site-packages/airflow/example_dags/example_branch_python_dop_operator_3.py
[2025-05-03T04:10:41.552+0000] {processor.py:766} INFO - DAG(s) dict_keys(['example_branch_dop_operator_v3']) retrieved from /home/airflow/.local/lib/python3.7/site-packages/airflow/example_dags/example_branch_python_dop_operator_3.py
[2025-05-03T04:10:41.572+0000] {logging_mixin.py:120} INFO - [2025-05-03T04:10:41.572+0000] {dag.py:2585} INFO - Sync 1 DAGs
[2025-05-03T04:10:41.585+0000] {logging_mixin.py:120} INFO - [2025-05-03T04:10:41.585+0000] {dag.py:3340} INFO - Setting next_dagrun for example_branch_dop_operator_v3 to 2025-05-03T04:09:00+00:00, run_after=2025-05-03T04:10:00+00:00
[2025-05-03T04:10:41.601+0000] {processor.py:176} INFO - Processing /home/airflow/.local/lib/python3.7/site-packages/airflow/example_dags/example_branch_python_dop_operator_3.py took 0.063 seconds
[2025-05-03T04:54:15.646+0000] {processor.py:154} INFO - Started process (PID=43159) to work on /home/airflow/.local/lib/python3.7/site-packages/airflow/example_dags/example_branch_python_dop_operator_3.py
[2025-05-03T04:54:15.647+0000] {processor.py:756} INFO - Processing file /home/airflow/.local/lib/python3.7/site-packages/airflow/example_dags/example_branch_python_dop_operator_3.py for tasks to queue
[2025-05-03T04:54:15.647+0000] {logging_mixin.py:120} INFO - [2025-05-03T04:54:15.647+0000] {dagbag.py:537} INFO - Filling up the DagBag from /home/airflow/.local/lib/python3.7/site-packages/airflow/example_dags/example_branch_python_dop_operator_3.py
[2025-05-03T04:54:15.658+0000] {processor.py:766} INFO - DAG(s) dict_keys(['example_branch_dop_operator_v3']) retrieved from /home/airflow/.local/lib/python3.7/site-packages/airflow/example_dags/example_branch_python_dop_operator_3.py
[2025-05-03T04:54:15.681+0000] {logging_mixin.py:120} INFO - [2025-05-03T04:54:15.681+0000] {dag.py:2585} INFO - Sync 1 DAGs
[2025-05-03T04:54:15.692+0000] {logging_mixin.py:120} INFO - [2025-05-03T04:54:15.692+0000] {dag.py:3340} INFO - Setting next_dagrun for example_branch_dop_operator_v3 to 2025-05-03T04:53:00+00:00, run_after=2025-05-03T04:54:00+00:00
[2025-05-03T04:54:15.702+0000] {processor.py:176} INFO - Processing /home/airflow/.local/lib/python3.7/site-packages/airflow/example_dags/example_branch_python_dop_operator_3.py took 0.057 seconds
[2025-05-03T05:53:08.922+0000] {processor.py:154} INFO - Started process (PID=43222) to work on /home/airflow/.local/lib/python3.7/site-packages/airflow/example_dags/example_branch_python_dop_operator_3.py
[2025-05-03T05:53:08.922+0000] {processor.py:756} INFO - Processing file /home/airflow/.local/lib/python3.7/site-packages/airflow/example_dags/example_branch_python_dop_operator_3.py for tasks to queue
[2025-05-03T05:53:08.923+0000] {logging_mixin.py:120} INFO - [2025-05-03T05:53:08.923+0000] {dagbag.py:537} INFO - Filling up the DagBag from /home/airflow/.local/lib/python3.7/site-packages/airflow/example_dags/example_branch_python_dop_operator_3.py
[2025-05-03T05:53:08.933+0000] {processor.py:766} INFO - DAG(s) dict_keys(['example_branch_dop_operator_v3']) retrieved from /home/airflow/.local/lib/python3.7/site-packages/airflow/example_dags/example_branch_python_dop_operator_3.py
[2025-05-03T05:53:08.952+0000] {logging_mixin.py:120} INFO - [2025-05-03T05:53:08.952+0000] {dag.py:2585} INFO - Sync 1 DAGs
[2025-05-03T05:53:08.962+0000] {logging_mixin.py:120} INFO - [2025-05-03T05:53:08.962+0000] {dag.py:3340} INFO - Setting next_dagrun for example_branch_dop_operator_v3 to 2025-05-03T05:52:00+00:00, run_after=2025-05-03T05:53:00+00:00
[2025-05-03T05:53:08.969+0000] {processor.py:176} INFO - Processing /home/airflow/.local/lib/python3.7/site-packages/airflow/example_dags/example_branch_python_dop_operator_3.py took 0.049 seconds
[2025-05-03T06:30:37.821+0000] {processor.py:154} INFO - Started process (PID=43286) to work on /home/airflow/.local/lib/python3.7/site-packages/airflow/example_dags/example_branch_python_dop_operator_3.py
[2025-05-03T06:30:37.822+0000] {processor.py:756} INFO - Processing file /home/airflow/.local/lib/python3.7/site-packages/airflow/example_dags/example_branch_python_dop_operator_3.py for tasks to queue
[2025-05-03T06:30:37.822+0000] {logging_mixin.py:120} INFO - [2025-05-03T06:30:37.822+0000] {dagbag.py:537} INFO - Filling up the DagBag from /home/airflow/.local/lib/python3.7/site-packages/airflow/example_dags/example_branch_python_dop_operator_3.py
[2025-05-03T06:30:37.834+0000] {processor.py:766} INFO - DAG(s) dict_keys(['example_branch_dop_operator_v3']) retrieved from /home/airflow/.local/lib/python3.7/site-packages/airflow/example_dags/example_branch_python_dop_operator_3.py
[2025-05-03T06:30:37.855+0000] {logging_mixin.py:120} INFO - [2025-05-03T06:30:37.855+0000] {dag.py:2585} INFO - Sync 1 DAGs
[2025-05-03T06:30:37.870+0000] {logging_mixin.py:120} INFO - [2025-05-03T06:30:37.870+0000] {dag.py:3340} INFO - Setting next_dagrun for example_branch_dop_operator_v3 to 2025-05-03T06:29:00+00:00, run_after=2025-05-03T06:30:00+00:00
[2025-05-03T06:30:37.883+0000] {processor.py:176} INFO - Processing /home/airflow/.local/lib/python3.7/site-packages/airflow/example_dags/example_branch_python_dop_operator_3.py took 0.063 seconds
[2025-05-03T07:22:15.482+0000] {processor.py:154} INFO - Started process (PID=43349) to work on /home/airflow/.local/lib/python3.7/site-packages/airflow/example_dags/example_branch_python_dop_operator_3.py
[2025-05-03T07:22:15.483+0000] {processor.py:756} INFO - Processing file /home/airflow/.local/lib/python3.7/site-packages/airflow/example_dags/example_branch_python_dop_operator_3.py for tasks to queue
[2025-05-03T07:22:15.485+0000] {logging_mixin.py:120} INFO - [2025-05-03T07:22:15.485+0000] {dagbag.py:537} INFO - Filling up the DagBag from /home/airflow/.local/lib/python3.7/site-packages/airflow/example_dags/example_branch_python_dop_operator_3.py
[2025-05-03T07:22:15.498+0000] {processor.py:766} INFO - DAG(s) dict_keys(['example_branch_dop_operator_v3']) retrieved from /home/airflow/.local/lib/python3.7/site-packages/airflow/example_dags/example_branch_python_dop_operator_3.py
[2025-05-03T07:22:15.520+0000] {logging_mixin.py:120} INFO - [2025-05-03T07:22:15.520+0000] {dag.py:2585} INFO - Sync 1 DAGs
[2025-05-03T07:22:15.536+0000] {logging_mixin.py:120} INFO - [2025-05-03T07:22:15.536+0000] {dag.py:3340} INFO - Setting next_dagrun for example_branch_dop_operator_v3 to 2025-05-03T07:21:00+00:00, run_after=2025-05-03T07:22:00+00:00
[2025-05-03T07:22:15.545+0000] {processor.py:176} INFO - Processing /home/airflow/.local/lib/python3.7/site-packages/airflow/example_dags/example_branch_python_dop_operator_3.py took 0.064 seconds
[2025-05-03T08:23:10.288+0000] {processor.py:154} INFO - Started process (PID=43412) to work on /home/airflow/.local/lib/python3.7/site-packages/airflow/example_dags/example_branch_python_dop_operator_3.py
[2025-05-03T08:23:10.289+0000] {processor.py:756} INFO - Processing file /home/airflow/.local/lib/python3.7/site-packages/airflow/example_dags/example_branch_python_dop_operator_3.py for tasks to queue
[2025-05-03T08:23:10.289+0000] {logging_mixin.py:120} INFO - [2025-05-03T08:23:10.289+0000] {dagbag.py:537} INFO - Filling up the DagBag from /home/airflow/.local/lib/python3.7/site-packages/airflow/example_dags/example_branch_python_dop_operator_3.py
[2025-05-03T08:23:10.301+0000] {processor.py:766} INFO - DAG(s) dict_keys(['example_branch_dop_operator_v3']) retrieved from /home/airflow/.local/lib/python3.7/site-packages/airflow/example_dags/example_branch_python_dop_operator_3.py
[2025-05-03T08:23:10.322+0000] {logging_mixin.py:120} INFO - [2025-05-03T08:23:10.322+0000] {dag.py:2585} INFO - Sync 1 DAGs
[2025-05-03T08:23:10.337+0000] {logging_mixin.py:120} INFO - [2025-05-03T08:23:10.337+0000] {dag.py:3340} INFO - Setting next_dagrun for example_branch_dop_operator_v3 to 2025-05-03T08:22:00+00:00, run_after=2025-05-03T08:23:00+00:00
[2025-05-03T08:23:10.347+0000] {processor.py:176} INFO - Processing /home/airflow/.local/lib/python3.7/site-packages/airflow/example_dags/example_branch_python_dop_operator_3.py took 0.061 seconds
[2025-05-03T09:41:37.888+0000] {processor.py:154} INFO - Started process (PID=43465) to work on /home/airflow/.local/lib/python3.7/site-packages/airflow/example_dags/example_branch_python_dop_operator_3.py
[2025-05-03T09:41:37.889+0000] {processor.py:756} INFO - Processing file /home/airflow/.local/lib/python3.7/site-packages/airflow/example_dags/example_branch_python_dop_operator_3.py for tasks to queue
[2025-05-03T09:41:37.889+0000] {logging_mixin.py:120} INFO - [2025-05-03T09:41:37.889+0000] {dagbag.py:537} INFO - Filling up the DagBag from /home/airflow/.local/lib/python3.7/site-packages/airflow/example_dags/example_branch_python_dop_operator_3.py
[2025-05-03T09:41:37.901+0000] {processor.py:766} INFO - DAG(s) dict_keys(['example_branch_dop_operator_v3']) retrieved from /home/airflow/.local/lib/python3.7/site-packages/airflow/example_dags/example_branch_python_dop_operator_3.py
[2025-05-03T09:41:37.920+0000] {logging_mixin.py:120} INFO - [2025-05-03T09:41:37.920+0000] {dag.py:2585} INFO - Sync 1 DAGs
[2025-05-03T09:41:37.932+0000] {logging_mixin.py:120} INFO - [2025-05-03T09:41:37.932+0000] {dag.py:3340} INFO - Setting next_dagrun for example_branch_dop_operator_v3 to 2025-05-03T09:40:00+00:00, run_after=2025-05-03T09:41:00+00:00
[2025-05-03T09:41:37.942+0000] {processor.py:176} INFO - Processing /home/airflow/.local/lib/python3.7/site-packages/airflow/example_dags/example_branch_python_dop_operator_3.py took 0.055 seconds
[2025-05-03T10:58:27.465+0000] {processor.py:154} INFO - Started process (PID=43528) to work on /home/airflow/.local/lib/python3.7/site-packages/airflow/example_dags/example_branch_python_dop_operator_3.py
[2025-05-03T10:58:27.465+0000] {processor.py:756} INFO - Processing file /home/airflow/.local/lib/python3.7/site-packages/airflow/example_dags/example_branch_python_dop_operator_3.py for tasks to queue
[2025-05-03T10:58:27.466+0000] {logging_mixin.py:120} INFO - [2025-05-03T10:58:27.466+0000] {dagbag.py:537} INFO - Filling up the DagBag from /home/airflow/.local/lib/python3.7/site-packages/airflow/example_dags/example_branch_python_dop_operator_3.py
[2025-05-03T10:58:27.478+0000] {processor.py:766} INFO - DAG(s) dict_keys(['example_branch_dop_operator_v3']) retrieved from /home/airflow/.local/lib/python3.7/site-packages/airflow/example_dags/example_branch_python_dop_operator_3.py
[2025-05-03T10:58:27.502+0000] {logging_mixin.py:120} INFO - [2025-05-03T10:58:27.502+0000] {dag.py:2585} INFO - Sync 1 DAGs
[2025-05-03T10:58:27.517+0000] {logging_mixin.py:120} INFO - [2025-05-03T10:58:27.517+0000] {dag.py:3340} INFO - Setting next_dagrun for example_branch_dop_operator_v3 to 2025-05-03T10:57:00+00:00, run_after=2025-05-03T10:58:00+00:00
[2025-05-03T10:58:27.526+0000] {processor.py:176} INFO - Processing /home/airflow/.local/lib/python3.7/site-packages/airflow/example_dags/example_branch_python_dop_operator_3.py took 0.063 seconds
[2025-05-03T11:42:14.299+0000] {processor.py:154} INFO - Started process (PID=43591) to work on /home/airflow/.local/lib/python3.7/site-packages/airflow/example_dags/example_branch_python_dop_operator_3.py
[2025-05-03T11:42:14.300+0000] {processor.py:756} INFO - Processing file /home/airflow/.local/lib/python3.7/site-packages/airflow/example_dags/example_branch_python_dop_operator_3.py for tasks to queue
[2025-05-03T11:42:14.300+0000] {logging_mixin.py:120} INFO - [2025-05-03T11:42:14.300+0000] {dagbag.py:537} INFO - Filling up the DagBag from /home/airflow/.local/lib/python3.7/site-packages/airflow/example_dags/example_branch_python_dop_operator_3.py
[2025-05-03T11:42:14.313+0000] {processor.py:766} INFO - DAG(s) dict_keys(['example_branch_dop_operator_v3']) retrieved from /home/airflow/.local/lib/python3.7/site-packages/airflow/example_dags/example_branch_python_dop_operator_3.py
[2025-05-03T11:42:14.334+0000] {logging_mixin.py:120} INFO - [2025-05-03T11:42:14.334+0000] {dag.py:2585} INFO - Sync 1 DAGs
[2025-05-03T11:42:14.347+0000] {logging_mixin.py:120} INFO - [2025-05-03T11:42:14.347+0000] {dag.py:3340} INFO - Setting next_dagrun for example_branch_dop_operator_v3 to 2025-05-03T11:41:00+00:00, run_after=2025-05-03T11:42:00+00:00
[2025-05-03T11:42:14.361+0000] {processor.py:176} INFO - Processing /home/airflow/.local/lib/python3.7/site-packages/airflow/example_dags/example_branch_python_dop_operator_3.py took 0.063 seconds
[2025-05-03T12:59:19.591+0000] {processor.py:154} INFO - Started process (PID=43654) to work on /home/airflow/.local/lib/python3.7/site-packages/airflow/example_dags/example_branch_python_dop_operator_3.py
[2025-05-03T12:59:19.591+0000] {processor.py:756} INFO - Processing file /home/airflow/.local/lib/python3.7/site-packages/airflow/example_dags/example_branch_python_dop_operator_3.py for tasks to queue
[2025-05-03T12:59:19.592+0000] {logging_mixin.py:120} INFO - [2025-05-03T12:59:19.592+0000] {dagbag.py:537} INFO - Filling up the DagBag from /home/airflow/.local/lib/python3.7/site-packages/airflow/example_dags/example_branch_python_dop_operator_3.py
[2025-05-03T12:59:19.605+0000] {processor.py:766} INFO - DAG(s) dict_keys(['example_branch_dop_operator_v3']) retrieved from /home/airflow/.local/lib/python3.7/site-packages/airflow/example_dags/example_branch_python_dop_operator_3.py
[2025-05-03T12:59:19.625+0000] {logging_mixin.py:120} INFO - [2025-05-03T12:59:19.625+0000] {dag.py:2585} INFO - Sync 1 DAGs
[2025-05-03T12:59:19.639+0000] {logging_mixin.py:120} INFO - [2025-05-03T12:59:19.639+0000] {dag.py:3340} INFO - Setting next_dagrun for example_branch_dop_operator_v3 to 2025-05-03T12:58:00+00:00, run_after=2025-05-03T12:59:00+00:00
[2025-05-03T12:59:19.653+0000] {processor.py:176} INFO - Processing /home/airflow/.local/lib/python3.7/site-packages/airflow/example_dags/example_branch_python_dop_operator_3.py took 0.064 seconds
[2025-05-03T13:28:30.803+0000] {processor.py:154} INFO - Started process (PID=43717) to work on /home/airflow/.local/lib/python3.7/site-packages/airflow/example_dags/example_branch_python_dop_operator_3.py
[2025-05-03T13:28:30.803+0000] {processor.py:756} INFO - Processing file /home/airflow/.local/lib/python3.7/site-packages/airflow/example_dags/example_branch_python_dop_operator_3.py for tasks to queue
[2025-05-03T13:28:30.804+0000] {logging_mixin.py:120} INFO - [2025-05-03T13:28:30.804+0000] {dagbag.py:537} INFO - Filling up the DagBag from /home/airflow/.local/lib/python3.7/site-packages/airflow/example_dags/example_branch_python_dop_operator_3.py
[2025-05-03T13:28:30.819+0000] {processor.py:766} INFO - DAG(s) dict_keys(['example_branch_dop_operator_v3']) retrieved from /home/airflow/.local/lib/python3.7/site-packages/airflow/example_dags/example_branch_python_dop_operator_3.py
[2025-05-03T13:28:30.839+0000] {logging_mixin.py:120} INFO - [2025-05-03T13:28:30.839+0000] {dag.py:2585} INFO - Sync 1 DAGs
[2025-05-03T13:28:30.856+0000] {logging_mixin.py:120} INFO - [2025-05-03T13:28:30.855+0000] {dag.py:3340} INFO - Setting next_dagrun for example_branch_dop_operator_v3 to 2025-05-03T13:27:00+00:00, run_after=2025-05-03T13:28:00+00:00
[2025-05-03T13:28:30.868+0000] {processor.py:176} INFO - Processing /home/airflow/.local/lib/python3.7/site-packages/airflow/example_dags/example_branch_python_dop_operator_3.py took 0.067 seconds
[2025-05-03T13:29:07.418+0000] {processor.py:154} INFO - Started process (PID=43780) to work on /home/airflow/.local/lib/python3.7/site-packages/airflow/example_dags/example_branch_python_dop_operator_3.py
[2025-05-03T13:29:07.424+0000] {processor.py:756} INFO - Processing file /home/airflow/.local/lib/python3.7/site-packages/airflow/example_dags/example_branch_python_dop_operator_3.py for tasks to queue
[2025-05-03T13:29:07.424+0000] {logging_mixin.py:120} INFO - [2025-05-03T13:29:07.424+0000] {dagbag.py:537} INFO - Filling up the DagBag from /home/airflow/.local/lib/python3.7/site-packages/airflow/example_dags/example_branch_python_dop_operator_3.py
[2025-05-03T13:29:07.563+0000] {processor.py:766} INFO - DAG(s) dict_keys(['example_branch_dop_operator_v3']) retrieved from /home/airflow/.local/lib/python3.7/site-packages/airflow/example_dags/example_branch_python_dop_operator_3.py
[2025-05-03T13:29:07.590+0000] {logging_mixin.py:120} INFO - [2025-05-03T13:29:07.590+0000] {dag.py:2585} INFO - Sync 1 DAGs
[2025-05-03T13:29:07.608+0000] {logging_mixin.py:120} INFO - [2025-05-03T13:29:07.607+0000] {dag.py:3340} INFO - Setting next_dagrun for example_branch_dop_operator_v3 to 2025-05-03T13:28:00+00:00, run_after=2025-05-03T13:29:00+00:00
[2025-05-03T13:29:07.687+0000] {processor.py:176} INFO - Processing /home/airflow/.local/lib/python3.7/site-packages/airflow/example_dags/example_branch_python_dop_operator_3.py took 0.271 seconds
[2025-05-03T14:29:10.131+0000] {processor.py:154} INFO - Started process (PID=43833) to work on /home/airflow/.local/lib/python3.7/site-packages/airflow/example_dags/example_branch_python_dop_operator_3.py
[2025-05-03T14:29:10.131+0000] {processor.py:756} INFO - Processing file /home/airflow/.local/lib/python3.7/site-packages/airflow/example_dags/example_branch_python_dop_operator_3.py for tasks to queue
[2025-05-03T14:29:10.132+0000] {logging_mixin.py:120} INFO - [2025-05-03T14:29:10.132+0000] {dagbag.py:537} INFO - Filling up the DagBag from /home/airflow/.local/lib/python3.7/site-packages/airflow/example_dags/example_branch_python_dop_operator_3.py
[2025-05-03T14:29:10.144+0000] {processor.py:766} INFO - DAG(s) dict_keys(['example_branch_dop_operator_v3']) retrieved from /home/airflow/.local/lib/python3.7/site-packages/airflow/example_dags/example_branch_python_dop_operator_3.py
[2025-05-03T14:29:10.167+0000] {logging_mixin.py:120} INFO - [2025-05-03T14:29:10.167+0000] {dag.py:2585} INFO - Sync 1 DAGs
[2025-05-03T14:29:10.181+0000] {logging_mixin.py:120} INFO - [2025-05-03T14:29:10.181+0000] {dag.py:3340} INFO - Setting next_dagrun for example_branch_dop_operator_v3 to 2025-05-03T14:28:00+00:00, run_after=2025-05-03T14:29:00+00:00
[2025-05-03T14:29:10.193+0000] {processor.py:176} INFO - Processing /home/airflow/.local/lib/python3.7/site-packages/airflow/example_dags/example_branch_python_dop_operator_3.py took 0.064 seconds
[2025-05-03T15:07:53.223+0000] {processor.py:154} INFO - Started process (PID=43895) to work on /home/airflow/.local/lib/python3.7/site-packages/airflow/example_dags/example_branch_python_dop_operator_3.py
[2025-05-03T15:07:53.223+0000] {processor.py:756} INFO - Processing file /home/airflow/.local/lib/python3.7/site-packages/airflow/example_dags/example_branch_python_dop_operator_3.py for tasks to queue
[2025-05-03T15:07:53.224+0000] {logging_mixin.py:120} INFO - [2025-05-03T15:07:53.224+0000] {dagbag.py:537} INFO - Filling up the DagBag from /home/airflow/.local/lib/python3.7/site-packages/airflow/example_dags/example_branch_python_dop_operator_3.py
[2025-05-03T15:07:53.235+0000] {processor.py:766} INFO - DAG(s) dict_keys(['example_branch_dop_operator_v3']) retrieved from /home/airflow/.local/lib/python3.7/site-packages/airflow/example_dags/example_branch_python_dop_operator_3.py
[2025-05-03T15:07:53.255+0000] {logging_mixin.py:120} INFO - [2025-05-03T15:07:53.255+0000] {dag.py:2585} INFO - Sync 1 DAGs
[2025-05-03T15:07:53.268+0000] {logging_mixin.py:120} INFO - [2025-05-03T15:07:53.268+0000] {dag.py:3340} INFO - Setting next_dagrun for example_branch_dop_operator_v3 to 2025-05-03T15:06:00+00:00, run_after=2025-05-03T15:07:00+00:00
[2025-05-03T15:07:53.278+0000] {processor.py:176} INFO - Processing /home/airflow/.local/lib/python3.7/site-packages/airflow/example_dags/example_branch_python_dop_operator_3.py took 0.056 seconds
[2025-05-03T16:21:02.614+0000] {processor.py:154} INFO - Started process (PID=43958) to work on /home/airflow/.local/lib/python3.7/site-packages/airflow/example_dags/example_branch_python_dop_operator_3.py
[2025-05-03T16:21:02.615+0000] {processor.py:756} INFO - Processing file /home/airflow/.local/lib/python3.7/site-packages/airflow/example_dags/example_branch_python_dop_operator_3.py for tasks to queue
[2025-05-03T16:21:02.615+0000] {logging_mixin.py:120} INFO - [2025-05-03T16:21:02.615+0000] {dagbag.py:537} INFO - Filling up the DagBag from /home/airflow/.local/lib/python3.7/site-packages/airflow/example_dags/example_branch_python_dop_operator_3.py
[2025-05-03T16:21:02.627+0000] {processor.py:766} INFO - DAG(s) dict_keys(['example_branch_dop_operator_v3']) retrieved from /home/airflow/.local/lib/python3.7/site-packages/airflow/example_dags/example_branch_python_dop_operator_3.py
[2025-05-03T16:21:02.649+0000] {logging_mixin.py:120} INFO - [2025-05-03T16:21:02.649+0000] {dag.py:2585} INFO - Sync 1 DAGs
[2025-05-03T16:21:02.660+0000] {logging_mixin.py:120} INFO - [2025-05-03T16:21:02.659+0000] {dag.py:3340} INFO - Setting next_dagrun for example_branch_dop_operator_v3 to 2025-05-03T16:20:00+00:00, run_after=2025-05-03T16:21:00+00:00
[2025-05-03T16:21:02.667+0000] {processor.py:176} INFO - Processing /home/airflow/.local/lib/python3.7/site-packages/airflow/example_dags/example_branch_python_dop_operator_3.py took 0.055 seconds
[2025-05-03T16:48:04.972+0000] {processor.py:154} INFO - Started process (PID=44020) to work on /home/airflow/.local/lib/python3.7/site-packages/airflow/example_dags/example_branch_python_dop_operator_3.py
[2025-05-03T16:48:04.972+0000] {processor.py:756} INFO - Processing file /home/airflow/.local/lib/python3.7/site-packages/airflow/example_dags/example_branch_python_dop_operator_3.py for tasks to queue
[2025-05-03T16:48:04.972+0000] {logging_mixin.py:120} INFO - [2025-05-03T16:48:04.972+0000] {dagbag.py:537} INFO - Filling up the DagBag from /home/airflow/.local/lib/python3.7/site-packages/airflow/example_dags/example_branch_python_dop_operator_3.py
[2025-05-03T16:48:04.984+0000] {processor.py:766} INFO - DAG(s) dict_keys(['example_branch_dop_operator_v3']) retrieved from /home/airflow/.local/lib/python3.7/site-packages/airflow/example_dags/example_branch_python_dop_operator_3.py
[2025-05-03T16:48:05.003+0000] {logging_mixin.py:120} INFO - [2025-05-03T16:48:05.003+0000] {dag.py:2585} INFO - Sync 1 DAGs
[2025-05-03T16:48:05.015+0000] {logging_mixin.py:120} INFO - [2025-05-03T16:48:05.015+0000] {dag.py:3340} INFO - Setting next_dagrun for example_branch_dop_operator_v3 to 2025-05-03T16:47:00+00:00, run_after=2025-05-03T16:48:00+00:00
[2025-05-03T16:48:05.027+0000] {processor.py:176} INFO - Processing /home/airflow/.local/lib/python3.7/site-packages/airflow/example_dags/example_branch_python_dop_operator_3.py took 0.057 seconds
[2025-05-03T18:05:53.366+0000] {processor.py:154} INFO - Started process (PID=44083) to work on /home/airflow/.local/lib/python3.7/site-packages/airflow/example_dags/example_branch_python_dop_operator_3.py
[2025-05-03T18:05:53.366+0000] {processor.py:756} INFO - Processing file /home/airflow/.local/lib/python3.7/site-packages/airflow/example_dags/example_branch_python_dop_operator_3.py for tasks to queue
[2025-05-03T18:05:53.367+0000] {logging_mixin.py:120} INFO - [2025-05-03T18:05:53.367+0000] {dagbag.py:537} INFO - Filling up the DagBag from /home/airflow/.local/lib/python3.7/site-packages/airflow/example_dags/example_branch_python_dop_operator_3.py
[2025-05-03T18:05:53.378+0000] {processor.py:766} INFO - DAG(s) dict_keys(['example_branch_dop_operator_v3']) retrieved from /home/airflow/.local/lib/python3.7/site-packages/airflow/example_dags/example_branch_python_dop_operator_3.py
[2025-05-03T18:05:53.401+0000] {logging_mixin.py:120} INFO - [2025-05-03T18:05:53.401+0000] {dag.py:2585} INFO - Sync 1 DAGs
[2025-05-03T18:05:53.425+0000] {logging_mixin.py:120} INFO - [2025-05-03T18:05:53.425+0000] {dag.py:3340} INFO - Setting next_dagrun for example_branch_dop_operator_v3 to 2025-05-03T18:04:00+00:00, run_after=2025-05-03T18:05:00+00:00
[2025-05-03T18:05:53.437+0000] {processor.py:176} INFO - Processing /home/airflow/.local/lib/python3.7/site-packages/airflow/example_dags/example_branch_python_dop_operator_3.py took 0.072 seconds
[2025-05-03T19:25:56.932+0000] {processor.py:154} INFO - Started process (PID=44146) to work on /home/airflow/.local/lib/python3.7/site-packages/airflow/example_dags/example_branch_python_dop_operator_3.py
[2025-05-03T19:25:56.933+0000] {processor.py:756} INFO - Processing file /home/airflow/.local/lib/python3.7/site-packages/airflow/example_dags/example_branch_python_dop_operator_3.py for tasks to queue
[2025-05-03T19:25:56.933+0000] {logging_mixin.py:120} INFO - [2025-05-03T19:25:56.933+0000] {dagbag.py:537} INFO - Filling up the DagBag from /home/airflow/.local/lib/python3.7/site-packages/airflow/example_dags/example_branch_python_dop_operator_3.py
[2025-05-03T19:25:56.945+0000] {processor.py:766} INFO - DAG(s) dict_keys(['example_branch_dop_operator_v3']) retrieved from /home/airflow/.local/lib/python3.7/site-packages/airflow/example_dags/example_branch_python_dop_operator_3.py
[2025-05-03T19:25:56.967+0000] {logging_mixin.py:120} INFO - [2025-05-03T19:25:56.966+0000] {dag.py:2585} INFO - Sync 1 DAGs
[2025-05-03T19:25:56.980+0000] {logging_mixin.py:120} INFO - [2025-05-03T19:25:56.979+0000] {dag.py:3340} INFO - Setting next_dagrun for example_branch_dop_operator_v3 to 2025-05-03T19:24:00+00:00, run_after=2025-05-03T19:25:00+00:00
[2025-05-03T19:25:56.992+0000] {processor.py:176} INFO - Processing /home/airflow/.local/lib/python3.7/site-packages/airflow/example_dags/example_branch_python_dop_operator_3.py took 0.061 seconds
[2025-05-03T20:07:04.298+0000] {processor.py:154} INFO - Started process (PID=44208) to work on /home/airflow/.local/lib/python3.7/site-packages/airflow/example_dags/example_branch_python_dop_operator_3.py
[2025-05-03T20:07:04.299+0000] {processor.py:756} INFO - Processing file /home/airflow/.local/lib/python3.7/site-packages/airflow/example_dags/example_branch_python_dop_operator_3.py for tasks to queue
[2025-05-03T20:07:04.299+0000] {logging_mixin.py:120} INFO - [2025-05-03T20:07:04.299+0000] {dagbag.py:537} INFO - Filling up the DagBag from /home/airflow/.local/lib/python3.7/site-packages/airflow/example_dags/example_branch_python_dop_operator_3.py
[2025-05-03T20:07:04.312+0000] {processor.py:766} INFO - DAG(s) dict_keys(['example_branch_dop_operator_v3']) retrieved from /home/airflow/.local/lib/python3.7/site-packages/airflow/example_dags/example_branch_python_dop_operator_3.py
[2025-05-03T20:07:04.336+0000] {logging_mixin.py:120} INFO - [2025-05-03T20:07:04.335+0000] {dag.py:2585} INFO - Sync 1 DAGs
[2025-05-03T20:07:04.350+0000] {logging_mixin.py:120} INFO - [2025-05-03T20:07:04.350+0000] {dag.py:3340} INFO - Setting next_dagrun for example_branch_dop_operator_v3 to 2025-05-03T20:06:00+00:00, run_after=2025-05-03T20:07:00+00:00
[2025-05-03T20:07:04.362+0000] {processor.py:176} INFO - Processing /home/airflow/.local/lib/python3.7/site-packages/airflow/example_dags/example_branch_python_dop_operator_3.py took 0.066 seconds
[2025-05-03T21:36:12.832+0000] {processor.py:154} INFO - Started process (PID=44262) to work on /home/airflow/.local/lib/python3.7/site-packages/airflow/example_dags/example_branch_python_dop_operator_3.py
[2025-05-03T21:36:12.833+0000] {processor.py:756} INFO - Processing file /home/airflow/.local/lib/python3.7/site-packages/airflow/example_dags/example_branch_python_dop_operator_3.py for tasks to queue
[2025-05-03T21:36:12.833+0000] {logging_mixin.py:120} INFO - [2025-05-03T21:36:12.833+0000] {dagbag.py:537} INFO - Filling up the DagBag from /home/airflow/.local/lib/python3.7/site-packages/airflow/example_dags/example_branch_python_dop_operator_3.py
[2025-05-03T21:36:12.844+0000] {processor.py:766} INFO - DAG(s) dict_keys(['example_branch_dop_operator_v3']) retrieved from /home/airflow/.local/lib/python3.7/site-packages/airflow/example_dags/example_branch_python_dop_operator_3.py
[2025-05-03T21:36:12.863+0000] {logging_mixin.py:120} INFO - [2025-05-03T21:36:12.862+0000] {dag.py:2585} INFO - Sync 1 DAGs
[2025-05-03T21:36:12.875+0000] {logging_mixin.py:120} INFO - [2025-05-03T21:36:12.875+0000] {dag.py:3340} INFO - Setting next_dagrun for example_branch_dop_operator_v3 to 2025-05-03T21:35:00+00:00, run_after=2025-05-03T21:36:00+00:00
[2025-05-03T21:36:12.886+0000] {processor.py:176} INFO - Processing /home/airflow/.local/lib/python3.7/site-packages/airflow/example_dags/example_branch_python_dop_operator_3.py took 0.055 seconds
[2025-05-03T22:19:51.896+0000] {processor.py:154} INFO - Started process (PID=44325) to work on /home/airflow/.local/lib/python3.7/site-packages/airflow/example_dags/example_branch_python_dop_operator_3.py
[2025-05-03T22:19:51.897+0000] {processor.py:756} INFO - Processing file /home/airflow/.local/lib/python3.7/site-packages/airflow/example_dags/example_branch_python_dop_operator_3.py for tasks to queue
[2025-05-03T22:19:51.897+0000] {logging_mixin.py:120} INFO - [2025-05-03T22:19:51.897+0000] {dagbag.py:537} INFO - Filling up the DagBag from /home/airflow/.local/lib/python3.7/site-packages/airflow/example_dags/example_branch_python_dop_operator_3.py
[2025-05-03T22:19:51.908+0000] {processor.py:766} INFO - DAG(s) dict_keys(['example_branch_dop_operator_v3']) retrieved from /home/airflow/.local/lib/python3.7/site-packages/airflow/example_dags/example_branch_python_dop_operator_3.py
[2025-05-03T22:19:51.927+0000] {logging_mixin.py:120} INFO - [2025-05-03T22:19:51.927+0000] {dag.py:2585} INFO - Sync 1 DAGs
[2025-05-03T22:19:51.940+0000] {logging_mixin.py:120} INFO - [2025-05-03T22:19:51.939+0000] {dag.py:3340} INFO - Setting next_dagrun for example_branch_dop_operator_v3 to 2025-05-03T22:18:00+00:00, run_after=2025-05-03T22:19:00+00:00
[2025-05-03T22:19:51.949+0000] {processor.py:176} INFO - Processing /home/airflow/.local/lib/python3.7/site-packages/airflow/example_dags/example_branch_python_dop_operator_3.py took 0.054 seconds
[2025-05-03T23:04:44.894+0000] {processor.py:154} INFO - Started process (PID=44388) to work on /home/airflow/.local/lib/python3.7/site-packages/airflow/example_dags/example_branch_python_dop_operator_3.py
[2025-05-03T23:04:44.896+0000] {processor.py:756} INFO - Processing file /home/airflow/.local/lib/python3.7/site-packages/airflow/example_dags/example_branch_python_dop_operator_3.py for tasks to queue
[2025-05-03T23:04:44.897+0000] {logging_mixin.py:120} INFO - [2025-05-03T23:04:44.897+0000] {dagbag.py:537} INFO - Filling up the DagBag from /home/airflow/.local/lib/python3.7/site-packages/airflow/example_dags/example_branch_python_dop_operator_3.py
[2025-05-03T23:04:44.910+0000] {processor.py:766} INFO - DAG(s) dict_keys(['example_branch_dop_operator_v3']) retrieved from /home/airflow/.local/lib/python3.7/site-packages/airflow/example_dags/example_branch_python_dop_operator_3.py
[2025-05-03T23:04:44.934+0000] {logging_mixin.py:120} INFO - [2025-05-03T23:04:44.934+0000] {dag.py:2585} INFO - Sync 1 DAGs
[2025-05-03T23:04:44.950+0000] {logging_mixin.py:120} INFO - [2025-05-03T23:04:44.950+0000] {dag.py:3340} INFO - Setting next_dagrun for example_branch_dop_operator_v3 to 2025-05-03T23:03:00+00:00, run_after=2025-05-03T23:04:00+00:00
[2025-05-03T23:04:44.961+0000] {processor.py:176} INFO - Processing /home/airflow/.local/lib/python3.7/site-packages/airflow/example_dags/example_branch_python_dop_operator_3.py took 0.069 seconds
[2025-05-03T23:22:07.163+0000] {processor.py:154} INFO - Started process (PID=44450) to work on /home/airflow/.local/lib/python3.7/site-packages/airflow/example_dags/example_branch_python_dop_operator_3.py
[2025-05-03T23:22:07.165+0000] {processor.py:756} INFO - Processing file /home/airflow/.local/lib/python3.7/site-packages/airflow/example_dags/example_branch_python_dop_operator_3.py for tasks to queue
[2025-05-03T23:22:07.166+0000] {logging_mixin.py:120} INFO - [2025-05-03T23:22:07.166+0000] {dagbag.py:537} INFO - Filling up the DagBag from /home/airflow/.local/lib/python3.7/site-packages/airflow/example_dags/example_branch_python_dop_operator_3.py
[2025-05-03T23:22:07.177+0000] {processor.py:766} INFO - DAG(s) dict_keys(['example_branch_dop_operator_v3']) retrieved from /home/airflow/.local/lib/python3.7/site-packages/airflow/example_dags/example_branch_python_dop_operator_3.py
[2025-05-03T23:22:07.196+0000] {logging_mixin.py:120} INFO - [2025-05-03T23:22:07.196+0000] {dag.py:2585} INFO - Sync 1 DAGs
[2025-05-03T23:22:07.209+0000] {logging_mixin.py:120} INFO - [2025-05-03T23:22:07.209+0000] {dag.py:3340} INFO - Setting next_dagrun for example_branch_dop_operator_v3 to 2025-05-03T23:21:00+00:00, run_after=2025-05-03T23:22:00+00:00
[2025-05-03T23:22:07.226+0000] {processor.py:176} INFO - Processing /home/airflow/.local/lib/python3.7/site-packages/airflow/example_dags/example_branch_python_dop_operator_3.py took 0.064 seconds
[2025-05-03T23:38:28.495+0000] {processor.py:154} INFO - Started process (PID=44513) to work on /home/airflow/.local/lib/python3.7/site-packages/airflow/example_dags/example_branch_python_dop_operator_3.py
[2025-05-03T23:38:28.496+0000] {processor.py:756} INFO - Processing file /home/airflow/.local/lib/python3.7/site-packages/airflow/example_dags/example_branch_python_dop_operator_3.py for tasks to queue
[2025-05-03T23:38:28.497+0000] {logging_mixin.py:120} INFO - [2025-05-03T23:38:28.496+0000] {dagbag.py:537} INFO - Filling up the DagBag from /home/airflow/.local/lib/python3.7/site-packages/airflow/example_dags/example_branch_python_dop_operator_3.py
[2025-05-03T23:38:28.507+0000] {processor.py:766} INFO - DAG(s) dict_keys(['example_branch_dop_operator_v3']) retrieved from /home/airflow/.local/lib/python3.7/site-packages/airflow/example_dags/example_branch_python_dop_operator_3.py
[2025-05-03T23:38:28.524+0000] {logging_mixin.py:120} INFO - [2025-05-03T23:38:28.524+0000] {dag.py:2585} INFO - Sync 1 DAGs
[2025-05-03T23:38:28.535+0000] {logging_mixin.py:120} INFO - [2025-05-03T23:38:28.535+0000] {dag.py:3340} INFO - Setting next_dagrun for example_branch_dop_operator_v3 to 2025-05-03T23:37:00+00:00, run_after=2025-05-03T23:38:00+00:00
[2025-05-03T23:38:28.542+0000] {processor.py:176} INFO - Processing /home/airflow/.local/lib/python3.7/site-packages/airflow/example_dags/example_branch_python_dop_operator_3.py took 0.049 seconds
[2025-05-03T23:56:23.807+0000] {processor.py:154} INFO - Started process (PID=44576) to work on /home/airflow/.local/lib/python3.7/site-packages/airflow/example_dags/example_branch_python_dop_operator_3.py
[2025-05-03T23:56:23.808+0000] {processor.py:756} INFO - Processing file /home/airflow/.local/lib/python3.7/site-packages/airflow/example_dags/example_branch_python_dop_operator_3.py for tasks to queue
[2025-05-03T23:56:23.808+0000] {logging_mixin.py:120} INFO - [2025-05-03T23:56:23.808+0000] {dagbag.py:537} INFO - Filling up the DagBag from /home/airflow/.local/lib/python3.7/site-packages/airflow/example_dags/example_branch_python_dop_operator_3.py
[2025-05-03T23:56:23.820+0000] {processor.py:766} INFO - DAG(s) dict_keys(['example_branch_dop_operator_v3']) retrieved from /home/airflow/.local/lib/python3.7/site-packages/airflow/example_dags/example_branch_python_dop_operator_3.py
[2025-05-03T23:56:23.840+0000] {logging_mixin.py:120} INFO - [2025-05-03T23:56:23.839+0000] {dag.py:2585} INFO - Sync 1 DAGs
[2025-05-03T23:56:23.852+0000] {logging_mixin.py:120} INFO - [2025-05-03T23:56:23.852+0000] {dag.py:3340} INFO - Setting next_dagrun for example_branch_dop_operator_v3 to 2025-05-03T23:55:00+00:00, run_after=2025-05-03T23:56:00+00:00
[2025-05-03T23:56:23.865+0000] {processor.py:176} INFO - Processing /home/airflow/.local/lib/python3.7/site-packages/airflow/example_dags/example_branch_python_dop_operator_3.py took 0.059 seconds
