[2025-05-03T00:29:30.941+0000] {processor.py:154} INFO - Started process (PID=42611) to work on /home/airflow/.local/lib/python3.7/site-packages/airflow/example_dags/example_bash_operator.py
[2025-05-03T00:29:30.942+0000] {processor.py:756} INFO - Processing file /home/airflow/.local/lib/python3.7/site-packages/airflow/example_dags/example_bash_operator.py for tasks to queue
[2025-05-03T00:29:30.943+0000] {logging_mixin.py:120} INFO - [2025-05-03T00:29:30.942+0000] {dagbag.py:537} INFO - Filling up the DagBag from /home/airflow/.local/lib/python3.7/site-packages/airflow/example_dags/example_bash_operator.py
[2025-05-03T00:29:30.954+0000] {processor.py:766} INFO - DAG(s) dict_keys(['example_bash_operator']) retrieved from /home/airflow/.local/lib/python3.7/site-packages/airflow/example_dags/example_bash_operator.py
[2025-05-03T00:29:30.977+0000] {logging_mixin.py:120} INFO - [2025-05-03T00:29:30.977+0000] {dag.py:2585} INFO - Sync 1 DAGs
[2025-05-03T00:29:30.988+0000] {logging_mixin.py:120} INFO - [2025-05-03T00:29:30.988+0000] {dag.py:3340} INFO - Setting next_dagrun for example_bash_operator to 2025-05-02T00:00:00+00:00, run_after=2025-05-03T00:00:00+00:00
[2025-05-03T00:29:30.999+0000] {processor.py:176} INFO - Processing /home/airflow/.local/lib/python3.7/site-packages/airflow/example_dags/example_bash_operator.py took 0.059 seconds
[2025-05-03T00:52:39.170+0000] {processor.py:154} INFO - Started process (PID=42665) to work on /home/airflow/.local/lib/python3.7/site-packages/airflow/example_dags/example_bash_operator.py
[2025-05-03T00:52:39.171+0000] {processor.py:756} INFO - Processing file /home/airflow/.local/lib/python3.7/site-packages/airflow/example_dags/example_bash_operator.py for tasks to queue
[2025-05-03T00:52:39.172+0000] {logging_mixin.py:120} INFO - [2025-05-03T00:52:39.172+0000] {dagbag.py:537} INFO - Filling up the DagBag from /home/airflow/.local/lib/python3.7/site-packages/airflow/example_dags/example_bash_operator.py
[2025-05-03T00:52:39.185+0000] {processor.py:766} INFO - DAG(s) dict_keys(['example_bash_operator']) retrieved from /home/airflow/.local/lib/python3.7/site-packages/airflow/example_dags/example_bash_operator.py
[2025-05-03T00:52:39.212+0000] {logging_mixin.py:120} INFO - [2025-05-03T00:52:39.212+0000] {dag.py:2585} INFO - Sync 1 DAGs
[2025-05-03T00:52:39.223+0000] {logging_mixin.py:120} INFO - [2025-05-03T00:52:39.223+0000] {dag.py:3340} INFO - Setting next_dagrun for example_bash_operator to 2025-05-02T00:00:00+00:00, run_after=2025-05-03T00:00:00+00:00
[2025-05-03T00:52:39.232+0000] {processor.py:176} INFO - Processing /home/airflow/.local/lib/python3.7/site-packages/airflow/example_dags/example_bash_operator.py took 0.064 seconds
[2025-05-03T01:16:07.579+0000] {processor.py:154} INFO - Started process (PID=42728) to work on /home/airflow/.local/lib/python3.7/site-packages/airflow/example_dags/example_bash_operator.py
[2025-05-03T01:16:07.580+0000] {processor.py:756} INFO - Processing file /home/airflow/.local/lib/python3.7/site-packages/airflow/example_dags/example_bash_operator.py for tasks to queue
[2025-05-03T01:16:07.582+0000] {logging_mixin.py:120} INFO - [2025-05-03T01:16:07.582+0000] {dagbag.py:537} INFO - Filling up the DagBag from /home/airflow/.local/lib/python3.7/site-packages/airflow/example_dags/example_bash_operator.py
[2025-05-03T01:16:07.592+0000] {processor.py:766} INFO - DAG(s) dict_keys(['example_bash_operator']) retrieved from /home/airflow/.local/lib/python3.7/site-packages/airflow/example_dags/example_bash_operator.py
[2025-05-03T01:16:07.618+0000] {logging_mixin.py:120} INFO - [2025-05-03T01:16:07.618+0000] {dag.py:2585} INFO - Sync 1 DAGs
[2025-05-03T01:16:07.629+0000] {logging_mixin.py:120} INFO - [2025-05-03T01:16:07.629+0000] {dag.py:3340} INFO - Setting next_dagrun for example_bash_operator to 2025-05-02T00:00:00+00:00, run_after=2025-05-03T00:00:00+00:00
[2025-05-03T01:16:07.638+0000] {processor.py:176} INFO - Processing /home/airflow/.local/lib/python3.7/site-packages/airflow/example_dags/example_bash_operator.py took 0.061 seconds
[2025-05-03T01:19:52.154+0000] {processor.py:154} INFO - Started process (PID=42790) to work on /home/airflow/.local/lib/python3.7/site-packages/airflow/example_dags/example_bash_operator.py
[2025-05-03T01:19:52.155+0000] {processor.py:756} INFO - Processing file /home/airflow/.local/lib/python3.7/site-packages/airflow/example_dags/example_bash_operator.py for tasks to queue
[2025-05-03T01:19:52.155+0000] {logging_mixin.py:120} INFO - [2025-05-03T01:19:52.155+0000] {dagbag.py:537} INFO - Filling up the DagBag from /home/airflow/.local/lib/python3.7/site-packages/airflow/example_dags/example_bash_operator.py
[2025-05-03T01:19:52.168+0000] {processor.py:766} INFO - DAG(s) dict_keys(['example_bash_operator']) retrieved from /home/airflow/.local/lib/python3.7/site-packages/airflow/example_dags/example_bash_operator.py
[2025-05-03T01:19:52.194+0000] {logging_mixin.py:120} INFO - [2025-05-03T01:19:52.194+0000] {dag.py:2585} INFO - Sync 1 DAGs
[2025-05-03T01:19:52.209+0000] {logging_mixin.py:120} INFO - [2025-05-03T01:19:52.209+0000] {dag.py:3340} INFO - Setting next_dagrun for example_bash_operator to 2025-05-02T00:00:00+00:00, run_after=2025-05-03T00:00:00+00:00
[2025-05-03T01:19:52.219+0000] {processor.py:176} INFO - Processing /home/airflow/.local/lib/python3.7/site-packages/airflow/example_dags/example_bash_operator.py took 0.067 seconds
[2025-05-03T01:24:03.868+0000] {processor.py:154} INFO - Started process (PID=42852) to work on /home/airflow/.local/lib/python3.7/site-packages/airflow/example_dags/example_bash_operator.py
[2025-05-03T01:24:03.870+0000] {processor.py:756} INFO - Processing file /home/airflow/.local/lib/python3.7/site-packages/airflow/example_dags/example_bash_operator.py for tasks to queue
[2025-05-03T01:24:03.871+0000] {logging_mixin.py:120} INFO - [2025-05-03T01:24:03.871+0000] {dagbag.py:537} INFO - Filling up the DagBag from /home/airflow/.local/lib/python3.7/site-packages/airflow/example_dags/example_bash_operator.py
[2025-05-03T01:24:03.884+0000] {processor.py:766} INFO - DAG(s) dict_keys(['example_bash_operator']) retrieved from /home/airflow/.local/lib/python3.7/site-packages/airflow/example_dags/example_bash_operator.py
[2025-05-03T01:24:03.911+0000] {logging_mixin.py:120} INFO - [2025-05-03T01:24:03.911+0000] {dag.py:2585} INFO - Sync 1 DAGs
[2025-05-03T01:24:03.926+0000] {logging_mixin.py:120} INFO - [2025-05-03T01:24:03.925+0000] {dag.py:3340} INFO - Setting next_dagrun for example_bash_operator to 2025-05-02T00:00:00+00:00, run_after=2025-05-03T00:00:00+00:00
[2025-05-03T01:24:03.935+0000] {processor.py:176} INFO - Processing /home/airflow/.local/lib/python3.7/site-packages/airflow/example_dags/example_bash_operator.py took 0.069 seconds
[2025-05-03T02:06:31.809+0000] {processor.py:154} INFO - Started process (PID=42915) to work on /home/airflow/.local/lib/python3.7/site-packages/airflow/example_dags/example_bash_operator.py
[2025-05-03T02:06:31.811+0000] {processor.py:756} INFO - Processing file /home/airflow/.local/lib/python3.7/site-packages/airflow/example_dags/example_bash_operator.py for tasks to queue
[2025-05-03T02:06:31.811+0000] {logging_mixin.py:120} INFO - [2025-05-03T02:06:31.811+0000] {dagbag.py:537} INFO - Filling up the DagBag from /home/airflow/.local/lib/python3.7/site-packages/airflow/example_dags/example_bash_operator.py
[2025-05-03T02:06:31.841+0000] {processor.py:766} INFO - DAG(s) dict_keys(['example_bash_operator']) retrieved from /home/airflow/.local/lib/python3.7/site-packages/airflow/example_dags/example_bash_operator.py
[2025-05-03T02:06:31.871+0000] {logging_mixin.py:120} INFO - [2025-05-03T02:06:31.871+0000] {dag.py:2585} INFO - Sync 1 DAGs
[2025-05-03T02:06:31.883+0000] {logging_mixin.py:120} INFO - [2025-05-03T02:06:31.882+0000] {dag.py:3340} INFO - Setting next_dagrun for example_bash_operator to 2025-05-02T00:00:00+00:00, run_after=2025-05-03T00:00:00+00:00
[2025-05-03T02:06:31.893+0000] {processor.py:176} INFO - Processing /home/airflow/.local/lib/python3.7/site-packages/airflow/example_dags/example_bash_operator.py took 0.086 seconds
[2025-05-03T02:48:23.369+0000] {processor.py:154} INFO - Started process (PID=42978) to work on /home/airflow/.local/lib/python3.7/site-packages/airflow/example_dags/example_bash_operator.py
[2025-05-03T02:48:23.370+0000] {processor.py:756} INFO - Processing file /home/airflow/.local/lib/python3.7/site-packages/airflow/example_dags/example_bash_operator.py for tasks to queue
[2025-05-03T02:48:23.370+0000] {logging_mixin.py:120} INFO - [2025-05-03T02:48:23.370+0000] {dagbag.py:537} INFO - Filling up the DagBag from /home/airflow/.local/lib/python3.7/site-packages/airflow/example_dags/example_bash_operator.py
[2025-05-03T02:48:23.493+0000] {processor.py:766} INFO - DAG(s) dict_keys(['example_bash_operator']) retrieved from /home/airflow/.local/lib/python3.7/site-packages/airflow/example_dags/example_bash_operator.py
[2025-05-03T02:48:23.532+0000] {logging_mixin.py:120} INFO - [2025-05-03T02:48:23.532+0000] {dag.py:2585} INFO - Sync 1 DAGs
[2025-05-03T02:48:23.546+0000] {logging_mixin.py:120} INFO - [2025-05-03T02:48:23.546+0000] {dag.py:3340} INFO - Setting next_dagrun for example_bash_operator to 2025-05-02T00:00:00+00:00, run_after=2025-05-03T00:00:00+00:00
[2025-05-03T02:48:23.634+0000] {processor.py:176} INFO - Processing /home/airflow/.local/lib/python3.7/site-packages/airflow/example_dags/example_bash_operator.py took 0.267 seconds
[2025-05-03T03:21:19.398+0000] {processor.py:154} INFO - Started process (PID=43032) to work on /home/airflow/.local/lib/python3.7/site-packages/airflow/example_dags/example_bash_operator.py
[2025-05-03T03:21:19.399+0000] {processor.py:756} INFO - Processing file /home/airflow/.local/lib/python3.7/site-packages/airflow/example_dags/example_bash_operator.py for tasks to queue
[2025-05-03T03:21:19.400+0000] {logging_mixin.py:120} INFO - [2025-05-03T03:21:19.400+0000] {dagbag.py:537} INFO - Filling up the DagBag from /home/airflow/.local/lib/python3.7/site-packages/airflow/example_dags/example_bash_operator.py
[2025-05-03T03:21:19.410+0000] {processor.py:766} INFO - DAG(s) dict_keys(['example_bash_operator']) retrieved from /home/airflow/.local/lib/python3.7/site-packages/airflow/example_dags/example_bash_operator.py
[2025-05-03T03:21:19.433+0000] {logging_mixin.py:120} INFO - [2025-05-03T03:21:19.433+0000] {dag.py:2585} INFO - Sync 1 DAGs
[2025-05-03T03:21:19.443+0000] {logging_mixin.py:120} INFO - [2025-05-03T03:21:19.443+0000] {dag.py:3340} INFO - Setting next_dagrun for example_bash_operator to 2025-05-02T00:00:00+00:00, run_after=2025-05-03T00:00:00+00:00
[2025-05-03T03:21:19.453+0000] {processor.py:176} INFO - Processing /home/airflow/.local/lib/python3.7/site-packages/airflow/example_dags/example_bash_operator.py took 0.057 seconds
[2025-05-03T04:10:41.480+0000] {processor.py:154} INFO - Started process (PID=43095) to work on /home/airflow/.local/lib/python3.7/site-packages/airflow/example_dags/example_bash_operator.py
[2025-05-03T04:10:41.481+0000] {processor.py:756} INFO - Processing file /home/airflow/.local/lib/python3.7/site-packages/airflow/example_dags/example_bash_operator.py for tasks to queue
[2025-05-03T04:10:41.483+0000] {logging_mixin.py:120} INFO - [2025-05-03T04:10:41.483+0000] {dagbag.py:537} INFO - Filling up the DagBag from /home/airflow/.local/lib/python3.7/site-packages/airflow/example_dags/example_bash_operator.py
[2025-05-03T04:10:41.493+0000] {processor.py:766} INFO - DAG(s) dict_keys(['example_bash_operator']) retrieved from /home/airflow/.local/lib/python3.7/site-packages/airflow/example_dags/example_bash_operator.py
[2025-05-03T04:10:41.516+0000] {logging_mixin.py:120} INFO - [2025-05-03T04:10:41.516+0000] {dag.py:2585} INFO - Sync 1 DAGs
[2025-05-03T04:10:41.528+0000] {logging_mixin.py:120} INFO - [2025-05-03T04:10:41.528+0000] {dag.py:3340} INFO - Setting next_dagrun for example_bash_operator to 2025-05-02T00:00:00+00:00, run_after=2025-05-03T00:00:00+00:00
[2025-05-03T04:10:41.537+0000] {processor.py:176} INFO - Processing /home/airflow/.local/lib/python3.7/site-packages/airflow/example_dags/example_bash_operator.py took 0.059 seconds
[2025-05-03T04:54:15.581+0000] {processor.py:154} INFO - Started process (PID=43158) to work on /home/airflow/.local/lib/python3.7/site-packages/airflow/example_dags/example_bash_operator.py
[2025-05-03T04:54:15.583+0000] {processor.py:756} INFO - Processing file /home/airflow/.local/lib/python3.7/site-packages/airflow/example_dags/example_bash_operator.py for tasks to queue
[2025-05-03T04:54:15.583+0000] {logging_mixin.py:120} INFO - [2025-05-03T04:54:15.583+0000] {dagbag.py:537} INFO - Filling up the DagBag from /home/airflow/.local/lib/python3.7/site-packages/airflow/example_dags/example_bash_operator.py
[2025-05-03T04:54:15.592+0000] {processor.py:766} INFO - DAG(s) dict_keys(['example_bash_operator']) retrieved from /home/airflow/.local/lib/python3.7/site-packages/airflow/example_dags/example_bash_operator.py
[2025-05-03T04:54:15.616+0000] {logging_mixin.py:120} INFO - [2025-05-03T04:54:15.616+0000] {dag.py:2585} INFO - Sync 1 DAGs
[2025-05-03T04:54:15.627+0000] {logging_mixin.py:120} INFO - [2025-05-03T04:54:15.627+0000] {dag.py:3340} INFO - Setting next_dagrun for example_bash_operator to 2025-05-02T00:00:00+00:00, run_after=2025-05-03T00:00:00+00:00
[2025-05-03T04:54:15.640+0000] {processor.py:176} INFO - Processing /home/airflow/.local/lib/python3.7/site-packages/airflow/example_dags/example_bash_operator.py took 0.060 seconds
[2025-05-03T05:53:08.858+0000] {processor.py:154} INFO - Started process (PID=43221) to work on /home/airflow/.local/lib/python3.7/site-packages/airflow/example_dags/example_bash_operator.py
[2025-05-03T05:53:08.860+0000] {processor.py:756} INFO - Processing file /home/airflow/.local/lib/python3.7/site-packages/airflow/example_dags/example_bash_operator.py for tasks to queue
[2025-05-03T05:53:08.860+0000] {logging_mixin.py:120} INFO - [2025-05-03T05:53:08.860+0000] {dagbag.py:537} INFO - Filling up the DagBag from /home/airflow/.local/lib/python3.7/site-packages/airflow/example_dags/example_bash_operator.py
[2025-05-03T05:53:08.870+0000] {processor.py:766} INFO - DAG(s) dict_keys(['example_bash_operator']) retrieved from /home/airflow/.local/lib/python3.7/site-packages/airflow/example_dags/example_bash_operator.py
[2025-05-03T05:53:08.894+0000] {logging_mixin.py:120} INFO - [2025-05-03T05:53:08.894+0000] {dag.py:2585} INFO - Sync 1 DAGs
[2025-05-03T05:53:08.905+0000] {logging_mixin.py:120} INFO - [2025-05-03T05:53:08.905+0000] {dag.py:3340} INFO - Setting next_dagrun for example_bash_operator to 2025-05-02T00:00:00+00:00, run_after=2025-05-03T00:00:00+00:00
[2025-05-03T05:53:08.915+0000] {processor.py:176} INFO - Processing /home/airflow/.local/lib/python3.7/site-packages/airflow/example_dags/example_bash_operator.py took 0.058 seconds
[2025-05-03T06:30:37.821+0000] {processor.py:154} INFO - Started process (PID=43285) to work on /home/airflow/.local/lib/python3.7/site-packages/airflow/example_dags/example_bash_operator.py
[2025-05-03T06:30:37.821+0000] {processor.py:756} INFO - Processing file /home/airflow/.local/lib/python3.7/site-packages/airflow/example_dags/example_bash_operator.py for tasks to queue
[2025-05-03T06:30:37.822+0000] {logging_mixin.py:120} INFO - [2025-05-03T06:30:37.822+0000] {dagbag.py:537} INFO - Filling up the DagBag from /home/airflow/.local/lib/python3.7/site-packages/airflow/example_dags/example_bash_operator.py
[2025-05-03T06:30:37.832+0000] {processor.py:766} INFO - DAG(s) dict_keys(['example_bash_operator']) retrieved from /home/airflow/.local/lib/python3.7/site-packages/airflow/example_dags/example_bash_operator.py
[2025-05-03T06:30:37.853+0000] {logging_mixin.py:120} INFO - [2025-05-03T06:30:37.853+0000] {dag.py:2585} INFO - Sync 1 DAGs
[2025-05-03T06:30:37.865+0000] {logging_mixin.py:120} INFO - [2025-05-03T06:30:37.865+0000] {dag.py:3340} INFO - Setting next_dagrun for example_bash_operator to 2025-05-02T00:00:00+00:00, run_after=2025-05-03T00:00:00+00:00
[2025-05-03T06:30:37.877+0000] {processor.py:176} INFO - Processing /home/airflow/.local/lib/python3.7/site-packages/airflow/example_dags/example_bash_operator.py took 0.058 seconds
[2025-05-03T07:22:15.433+0000] {processor.py:154} INFO - Started process (PID=43348) to work on /home/airflow/.local/lib/python3.7/site-packages/airflow/example_dags/example_bash_operator.py
[2025-05-03T07:22:15.433+0000] {processor.py:756} INFO - Processing file /home/airflow/.local/lib/python3.7/site-packages/airflow/example_dags/example_bash_operator.py for tasks to queue
[2025-05-03T07:22:15.434+0000] {logging_mixin.py:120} INFO - [2025-05-03T07:22:15.434+0000] {dagbag.py:537} INFO - Filling up the DagBag from /home/airflow/.local/lib/python3.7/site-packages/airflow/example_dags/example_bash_operator.py
[2025-05-03T07:22:15.445+0000] {processor.py:766} INFO - DAG(s) dict_keys(['example_bash_operator']) retrieved from /home/airflow/.local/lib/python3.7/site-packages/airflow/example_dags/example_bash_operator.py
[2025-05-03T07:22:15.469+0000] {logging_mixin.py:120} INFO - [2025-05-03T07:22:15.468+0000] {dag.py:2585} INFO - Sync 1 DAGs
[2025-05-03T07:22:15.481+0000] {logging_mixin.py:120} INFO - [2025-05-03T07:22:15.480+0000] {dag.py:3340} INFO - Setting next_dagrun for example_bash_operator to 2025-05-02T00:00:00+00:00, run_after=2025-05-03T00:00:00+00:00
[2025-05-03T07:22:15.491+0000] {processor.py:176} INFO - Processing /home/airflow/.local/lib/python3.7/site-packages/airflow/example_dags/example_bash_operator.py took 0.060 seconds
[2025-05-03T08:23:10.224+0000] {processor.py:154} INFO - Started process (PID=43411) to work on /home/airflow/.local/lib/python3.7/site-packages/airflow/example_dags/example_bash_operator.py
[2025-05-03T08:23:10.226+0000] {processor.py:756} INFO - Processing file /home/airflow/.local/lib/python3.7/site-packages/airflow/example_dags/example_bash_operator.py for tasks to queue
[2025-05-03T08:23:10.227+0000] {logging_mixin.py:120} INFO - [2025-05-03T08:23:10.226+0000] {dagbag.py:537} INFO - Filling up the DagBag from /home/airflow/.local/lib/python3.7/site-packages/airflow/example_dags/example_bash_operator.py
[2025-05-03T08:23:10.237+0000] {processor.py:766} INFO - DAG(s) dict_keys(['example_bash_operator']) retrieved from /home/airflow/.local/lib/python3.7/site-packages/airflow/example_dags/example_bash_operator.py
[2025-05-03T08:23:10.262+0000] {logging_mixin.py:120} INFO - [2025-05-03T08:23:10.262+0000] {dag.py:2585} INFO - Sync 1 DAGs
[2025-05-03T08:23:10.274+0000] {logging_mixin.py:120} INFO - [2025-05-03T08:23:10.274+0000] {dag.py:3340} INFO - Setting next_dagrun for example_bash_operator to 2025-05-02T00:00:00+00:00, run_after=2025-05-03T00:00:00+00:00
[2025-05-03T08:23:10.286+0000] {processor.py:176} INFO - Processing /home/airflow/.local/lib/python3.7/site-packages/airflow/example_dags/example_bash_operator.py took 0.063 seconds
[2025-05-03T09:41:37.888+0000] {processor.py:154} INFO - Started process (PID=43464) to work on /home/airflow/.local/lib/python3.7/site-packages/airflow/example_dags/example_bash_operator.py
[2025-05-03T09:41:37.889+0000] {processor.py:756} INFO - Processing file /home/airflow/.local/lib/python3.7/site-packages/airflow/example_dags/example_bash_operator.py for tasks to queue
[2025-05-03T09:41:37.889+0000] {logging_mixin.py:120} INFO - [2025-05-03T09:41:37.889+0000] {dagbag.py:537} INFO - Filling up the DagBag from /home/airflow/.local/lib/python3.7/site-packages/airflow/example_dags/example_bash_operator.py
[2025-05-03T09:41:37.900+0000] {processor.py:766} INFO - DAG(s) dict_keys(['example_bash_operator']) retrieved from /home/airflow/.local/lib/python3.7/site-packages/airflow/example_dags/example_bash_operator.py
[2025-05-03T09:41:37.922+0000] {logging_mixin.py:120} INFO - [2025-05-03T09:41:37.922+0000] {dag.py:2585} INFO - Sync 1 DAGs
[2025-05-03T09:41:37.935+0000] {logging_mixin.py:120} INFO - [2025-05-03T09:41:37.935+0000] {dag.py:3340} INFO - Setting next_dagrun for example_bash_operator to 2025-05-02T00:00:00+00:00, run_after=2025-05-03T00:00:00+00:00
[2025-05-03T09:41:37.946+0000] {processor.py:176} INFO - Processing /home/airflow/.local/lib/python3.7/site-packages/airflow/example_dags/example_bash_operator.py took 0.059 seconds
[2025-05-03T10:58:27.402+0000] {processor.py:154} INFO - Started process (PID=43527) to work on /home/airflow/.local/lib/python3.7/site-packages/airflow/example_dags/example_bash_operator.py
[2025-05-03T10:58:27.403+0000] {processor.py:756} INFO - Processing file /home/airflow/.local/lib/python3.7/site-packages/airflow/example_dags/example_bash_operator.py for tasks to queue
[2025-05-03T10:58:27.408+0000] {logging_mixin.py:120} INFO - [2025-05-03T10:58:27.408+0000] {dagbag.py:537} INFO - Filling up the DagBag from /home/airflow/.local/lib/python3.7/site-packages/airflow/example_dags/example_bash_operator.py
[2025-05-03T10:58:27.421+0000] {processor.py:766} INFO - DAG(s) dict_keys(['example_bash_operator']) retrieved from /home/airflow/.local/lib/python3.7/site-packages/airflow/example_dags/example_bash_operator.py
[2025-05-03T10:58:27.445+0000] {logging_mixin.py:120} INFO - [2025-05-03T10:58:27.445+0000] {dag.py:2585} INFO - Sync 1 DAGs
[2025-05-03T10:58:27.458+0000] {logging_mixin.py:120} INFO - [2025-05-03T10:58:27.458+0000] {dag.py:3340} INFO - Setting next_dagrun for example_bash_operator to 2025-05-02T00:00:00+00:00, run_after=2025-05-03T00:00:00+00:00
[2025-05-03T10:58:27.467+0000] {processor.py:176} INFO - Processing /home/airflow/.local/lib/python3.7/site-packages/airflow/example_dags/example_bash_operator.py took 0.067 seconds
[2025-05-03T11:42:14.299+0000] {processor.py:154} INFO - Started process (PID=43590) to work on /home/airflow/.local/lib/python3.7/site-packages/airflow/example_dags/example_bash_operator.py
[2025-05-03T11:42:14.300+0000] {processor.py:756} INFO - Processing file /home/airflow/.local/lib/python3.7/site-packages/airflow/example_dags/example_bash_operator.py for tasks to queue
[2025-05-03T11:42:14.300+0000] {logging_mixin.py:120} INFO - [2025-05-03T11:42:14.300+0000] {dagbag.py:537} INFO - Filling up the DagBag from /home/airflow/.local/lib/python3.7/site-packages/airflow/example_dags/example_bash_operator.py
[2025-05-03T11:42:14.313+0000] {processor.py:766} INFO - DAG(s) dict_keys(['example_bash_operator']) retrieved from /home/airflow/.local/lib/python3.7/site-packages/airflow/example_dags/example_bash_operator.py
[2025-05-03T11:42:14.337+0000] {logging_mixin.py:120} INFO - [2025-05-03T11:42:14.337+0000] {dag.py:2585} INFO - Sync 1 DAGs
[2025-05-03T11:42:14.351+0000] {logging_mixin.py:120} INFO - [2025-05-03T11:42:14.351+0000] {dag.py:3340} INFO - Setting next_dagrun for example_bash_operator to 2025-05-02T00:00:00+00:00, run_after=2025-05-03T00:00:00+00:00
[2025-05-03T11:42:14.363+0000] {processor.py:176} INFO - Processing /home/airflow/.local/lib/python3.7/site-packages/airflow/example_dags/example_bash_operator.py took 0.066 seconds
[2025-05-03T12:59:19.589+0000] {processor.py:154} INFO - Started process (PID=43653) to work on /home/airflow/.local/lib/python3.7/site-packages/airflow/example_dags/example_bash_operator.py
[2025-05-03T12:59:19.591+0000] {processor.py:756} INFO - Processing file /home/airflow/.local/lib/python3.7/site-packages/airflow/example_dags/example_bash_operator.py for tasks to queue
[2025-05-03T12:59:19.592+0000] {logging_mixin.py:120} INFO - [2025-05-03T12:59:19.592+0000] {dagbag.py:537} INFO - Filling up the DagBag from /home/airflow/.local/lib/python3.7/site-packages/airflow/example_dags/example_bash_operator.py
[2025-05-03T12:59:19.607+0000] {processor.py:766} INFO - DAG(s) dict_keys(['example_bash_operator']) retrieved from /home/airflow/.local/lib/python3.7/site-packages/airflow/example_dags/example_bash_operator.py
[2025-05-03T12:59:19.630+0000] {logging_mixin.py:120} INFO - [2025-05-03T12:59:19.630+0000] {dag.py:2585} INFO - Sync 1 DAGs
[2025-05-03T12:59:19.644+0000] {logging_mixin.py:120} INFO - [2025-05-03T12:59:19.644+0000] {dag.py:3340} INFO - Setting next_dagrun for example_bash_operator to 2025-05-02T00:00:00+00:00, run_after=2025-05-03T00:00:00+00:00
[2025-05-03T12:59:19.657+0000] {processor.py:176} INFO - Processing /home/airflow/.local/lib/python3.7/site-packages/airflow/example_dags/example_bash_operator.py took 0.070 seconds
[2025-05-03T13:28:30.803+0000] {processor.py:154} INFO - Started process (PID=43716) to work on /home/airflow/.local/lib/python3.7/site-packages/airflow/example_dags/example_bash_operator.py
[2025-05-03T13:28:30.803+0000] {processor.py:756} INFO - Processing file /home/airflow/.local/lib/python3.7/site-packages/airflow/example_dags/example_bash_operator.py for tasks to queue
[2025-05-03T13:28:30.804+0000] {logging_mixin.py:120} INFO - [2025-05-03T13:28:30.804+0000] {dagbag.py:537} INFO - Filling up the DagBag from /home/airflow/.local/lib/python3.7/site-packages/airflow/example_dags/example_bash_operator.py
[2025-05-03T13:28:30.816+0000] {processor.py:766} INFO - DAG(s) dict_keys(['example_bash_operator']) retrieved from /home/airflow/.local/lib/python3.7/site-packages/airflow/example_dags/example_bash_operator.py
[2025-05-03T13:28:30.838+0000] {logging_mixin.py:120} INFO - [2025-05-03T13:28:30.838+0000] {dag.py:2585} INFO - Sync 1 DAGs
[2025-05-03T13:28:30.853+0000] {logging_mixin.py:120} INFO - [2025-05-03T13:28:30.853+0000] {dag.py:3340} INFO - Setting next_dagrun for example_bash_operator to 2025-05-02T00:00:00+00:00, run_after=2025-05-03T00:00:00+00:00
[2025-05-03T13:28:30.865+0000] {processor.py:176} INFO - Processing /home/airflow/.local/lib/python3.7/site-packages/airflow/example_dags/example_bash_operator.py took 0.064 seconds
[2025-05-03T13:29:07.417+0000] {processor.py:154} INFO - Started process (PID=43779) to work on /home/airflow/.local/lib/python3.7/site-packages/airflow/example_dags/example_bash_operator.py
[2025-05-03T13:29:07.417+0000] {processor.py:756} INFO - Processing file /home/airflow/.local/lib/python3.7/site-packages/airflow/example_dags/example_bash_operator.py for tasks to queue
[2025-05-03T13:29:07.418+0000] {logging_mixin.py:120} INFO - [2025-05-03T13:29:07.418+0000] {dagbag.py:537} INFO - Filling up the DagBag from /home/airflow/.local/lib/python3.7/site-packages/airflow/example_dags/example_bash_operator.py
[2025-05-03T13:29:07.428+0000] {processor.py:766} INFO - DAG(s) dict_keys(['example_bash_operator']) retrieved from /home/airflow/.local/lib/python3.7/site-packages/airflow/example_dags/example_bash_operator.py
[2025-05-03T13:29:07.590+0000] {logging_mixin.py:120} INFO - [2025-05-03T13:29:07.589+0000] {dag.py:2585} INFO - Sync 1 DAGs
[2025-05-03T13:29:07.603+0000] {logging_mixin.py:120} INFO - [2025-05-03T13:29:07.603+0000] {dag.py:3340} INFO - Setting next_dagrun for example_bash_operator to 2025-05-02T00:00:00+00:00, run_after=2025-05-03T00:00:00+00:00
[2025-05-03T13:29:07.688+0000] {processor.py:176} INFO - Processing /home/airflow/.local/lib/python3.7/site-packages/airflow/example_dags/example_bash_operator.py took 0.272 seconds
[2025-05-03T14:29:10.068+0000] {processor.py:154} INFO - Started process (PID=43832) to work on /home/airflow/.local/lib/python3.7/site-packages/airflow/example_dags/example_bash_operator.py
[2025-05-03T14:29:10.070+0000] {processor.py:756} INFO - Processing file /home/airflow/.local/lib/python3.7/site-packages/airflow/example_dags/example_bash_operator.py for tasks to queue
[2025-05-03T14:29:10.070+0000] {logging_mixin.py:120} INFO - [2025-05-03T14:29:10.070+0000] {dagbag.py:537} INFO - Filling up the DagBag from /home/airflow/.local/lib/python3.7/site-packages/airflow/example_dags/example_bash_operator.py
[2025-05-03T14:29:10.082+0000] {processor.py:766} INFO - DAG(s) dict_keys(['example_bash_operator']) retrieved from /home/airflow/.local/lib/python3.7/site-packages/airflow/example_dags/example_bash_operator.py
[2025-05-03T14:29:10.102+0000] {logging_mixin.py:120} INFO - [2025-05-03T14:29:10.102+0000] {dag.py:2585} INFO - Sync 1 DAGs
[2025-05-03T14:29:10.111+0000] {logging_mixin.py:120} INFO - [2025-05-03T14:29:10.111+0000] {dag.py:3340} INFO - Setting next_dagrun for example_bash_operator to 2025-05-02T00:00:00+00:00, run_after=2025-05-03T00:00:00+00:00
[2025-05-03T14:29:10.126+0000] {processor.py:176} INFO - Processing /home/airflow/.local/lib/python3.7/site-packages/airflow/example_dags/example_bash_operator.py took 0.059 seconds
[2025-05-03T15:07:53.154+0000] {processor.py:154} INFO - Started process (PID=43894) to work on /home/airflow/.local/lib/python3.7/site-packages/airflow/example_dags/example_bash_operator.py
[2025-05-03T15:07:53.155+0000] {processor.py:756} INFO - Processing file /home/airflow/.local/lib/python3.7/site-packages/airflow/example_dags/example_bash_operator.py for tasks to queue
[2025-05-03T15:07:53.155+0000] {logging_mixin.py:120} INFO - [2025-05-03T15:07:53.155+0000] {dagbag.py:537} INFO - Filling up the DagBag from /home/airflow/.local/lib/python3.7/site-packages/airflow/example_dags/example_bash_operator.py
[2025-05-03T15:07:53.167+0000] {processor.py:766} INFO - DAG(s) dict_keys(['example_bash_operator']) retrieved from /home/airflow/.local/lib/python3.7/site-packages/airflow/example_dags/example_bash_operator.py
[2025-05-03T15:07:53.190+0000] {logging_mixin.py:120} INFO - [2025-05-03T15:07:53.190+0000] {dag.py:2585} INFO - Sync 1 DAGs
[2025-05-03T15:07:53.204+0000] {logging_mixin.py:120} INFO - [2025-05-03T15:07:53.204+0000] {dag.py:3340} INFO - Setting next_dagrun for example_bash_operator to 2025-05-02T00:00:00+00:00, run_after=2025-05-03T00:00:00+00:00
[2025-05-03T15:07:53.215+0000] {processor.py:176} INFO - Processing /home/airflow/.local/lib/python3.7/site-packages/airflow/example_dags/example_bash_operator.py took 0.063 seconds
[2025-05-03T16:21:02.541+0000] {processor.py:154} INFO - Started process (PID=43957) to work on /home/airflow/.local/lib/python3.7/site-packages/airflow/example_dags/example_bash_operator.py
[2025-05-03T16:21:02.543+0000] {processor.py:756} INFO - Processing file /home/airflow/.local/lib/python3.7/site-packages/airflow/example_dags/example_bash_operator.py for tasks to queue
[2025-05-03T16:21:02.545+0000] {logging_mixin.py:120} INFO - [2025-05-03T16:21:02.545+0000] {dagbag.py:537} INFO - Filling up the DagBag from /home/airflow/.local/lib/python3.7/site-packages/airflow/example_dags/example_bash_operator.py
[2025-05-03T16:21:02.558+0000] {processor.py:766} INFO - DAG(s) dict_keys(['example_bash_operator']) retrieved from /home/airflow/.local/lib/python3.7/site-packages/airflow/example_dags/example_bash_operator.py
[2025-05-03T16:21:02.583+0000] {logging_mixin.py:120} INFO - [2025-05-03T16:21:02.583+0000] {dag.py:2585} INFO - Sync 1 DAGs
[2025-05-03T16:21:02.596+0000] {logging_mixin.py:120} INFO - [2025-05-03T16:21:02.595+0000] {dag.py:3340} INFO - Setting next_dagrun for example_bash_operator to 2025-05-02T00:00:00+00:00, run_after=2025-05-03T00:00:00+00:00
[2025-05-03T16:21:02.606+0000] {processor.py:176} INFO - Processing /home/airflow/.local/lib/python3.7/site-packages/airflow/example_dags/example_bash_operator.py took 0.068 seconds
[2025-05-03T16:48:04.915+0000] {processor.py:154} INFO - Started process (PID=44019) to work on /home/airflow/.local/lib/python3.7/site-packages/airflow/example_dags/example_bash_operator.py
[2025-05-03T16:48:04.916+0000] {processor.py:756} INFO - Processing file /home/airflow/.local/lib/python3.7/site-packages/airflow/example_dags/example_bash_operator.py for tasks to queue
[2025-05-03T16:48:04.916+0000] {logging_mixin.py:120} INFO - [2025-05-03T16:48:04.916+0000] {dagbag.py:537} INFO - Filling up the DagBag from /home/airflow/.local/lib/python3.7/site-packages/airflow/example_dags/example_bash_operator.py
[2025-05-03T16:48:04.926+0000] {processor.py:766} INFO - DAG(s) dict_keys(['example_bash_operator']) retrieved from /home/airflow/.local/lib/python3.7/site-packages/airflow/example_dags/example_bash_operator.py
[2025-05-03T16:48:04.947+0000] {logging_mixin.py:120} INFO - [2025-05-03T16:48:04.947+0000] {dag.py:2585} INFO - Sync 1 DAGs
[2025-05-03T16:48:04.958+0000] {logging_mixin.py:120} INFO - [2025-05-03T16:48:04.957+0000] {dag.py:3340} INFO - Setting next_dagrun for example_bash_operator to 2025-05-02T00:00:00+00:00, run_after=2025-05-03T00:00:00+00:00
[2025-05-03T16:48:04.966+0000] {processor.py:176} INFO - Processing /home/airflow/.local/lib/python3.7/site-packages/airflow/example_dags/example_bash_operator.py took 0.053 seconds
[2025-05-03T18:05:53.309+0000] {processor.py:154} INFO - Started process (PID=44082) to work on /home/airflow/.local/lib/python3.7/site-packages/airflow/example_dags/example_bash_operator.py
[2025-05-03T18:05:53.314+0000] {processor.py:756} INFO - Processing file /home/airflow/.local/lib/python3.7/site-packages/airflow/example_dags/example_bash_operator.py for tasks to queue
[2025-05-03T18:05:53.315+0000] {logging_mixin.py:120} INFO - [2025-05-03T18:05:53.315+0000] {dagbag.py:537} INFO - Filling up the DagBag from /home/airflow/.local/lib/python3.7/site-packages/airflow/example_dags/example_bash_operator.py
[2025-05-03T18:05:53.324+0000] {processor.py:766} INFO - DAG(s) dict_keys(['example_bash_operator']) retrieved from /home/airflow/.local/lib/python3.7/site-packages/airflow/example_dags/example_bash_operator.py
[2025-05-03T18:05:53.344+0000] {logging_mixin.py:120} INFO - [2025-05-03T18:05:53.344+0000] {dag.py:2585} INFO - Sync 1 DAGs
[2025-05-03T18:05:53.358+0000] {logging_mixin.py:120} INFO - [2025-05-03T18:05:53.358+0000] {dag.py:3340} INFO - Setting next_dagrun for example_bash_operator to 2025-05-02T00:00:00+00:00, run_after=2025-05-03T00:00:00+00:00
[2025-05-03T18:05:53.366+0000] {processor.py:176} INFO - Processing /home/airflow/.local/lib/python3.7/site-packages/airflow/example_dags/example_bash_operator.py took 0.058 seconds
[2025-05-03T19:25:56.864+0000] {processor.py:154} INFO - Started process (PID=44145) to work on /home/airflow/.local/lib/python3.7/site-packages/airflow/example_dags/example_bash_operator.py
[2025-05-03T19:25:56.865+0000] {processor.py:756} INFO - Processing file /home/airflow/.local/lib/python3.7/site-packages/airflow/example_dags/example_bash_operator.py for tasks to queue
[2025-05-03T19:25:56.867+0000] {logging_mixin.py:120} INFO - [2025-05-03T19:25:56.867+0000] {dagbag.py:537} INFO - Filling up the DagBag from /home/airflow/.local/lib/python3.7/site-packages/airflow/example_dags/example_bash_operator.py
[2025-05-03T19:25:56.878+0000] {processor.py:766} INFO - DAG(s) dict_keys(['example_bash_operator']) retrieved from /home/airflow/.local/lib/python3.7/site-packages/airflow/example_dags/example_bash_operator.py
[2025-05-03T19:25:56.903+0000] {logging_mixin.py:120} INFO - [2025-05-03T19:25:56.903+0000] {dag.py:2585} INFO - Sync 1 DAGs
[2025-05-03T19:25:56.915+0000] {logging_mixin.py:120} INFO - [2025-05-03T19:25:56.915+0000] {dag.py:3340} INFO - Setting next_dagrun for example_bash_operator to 2025-05-02T00:00:00+00:00, run_after=2025-05-03T00:00:00+00:00
[2025-05-03T19:25:56.927+0000] {processor.py:176} INFO - Processing /home/airflow/.local/lib/python3.7/site-packages/airflow/example_dags/example_bash_operator.py took 0.064 seconds
[2025-05-03T20:07:04.298+0000] {processor.py:154} INFO - Started process (PID=44207) to work on /home/airflow/.local/lib/python3.7/site-packages/airflow/example_dags/example_bash_operator.py
[2025-05-03T20:07:04.299+0000] {processor.py:756} INFO - Processing file /home/airflow/.local/lib/python3.7/site-packages/airflow/example_dags/example_bash_operator.py for tasks to queue
[2025-05-03T20:07:04.299+0000] {logging_mixin.py:120} INFO - [2025-05-03T20:07:04.299+0000] {dagbag.py:537} INFO - Filling up the DagBag from /home/airflow/.local/lib/python3.7/site-packages/airflow/example_dags/example_bash_operator.py
[2025-05-03T20:07:04.312+0000] {processor.py:766} INFO - DAG(s) dict_keys(['example_bash_operator']) retrieved from /home/airflow/.local/lib/python3.7/site-packages/airflow/example_dags/example_bash_operator.py
[2025-05-03T20:07:04.343+0000] {logging_mixin.py:120} INFO - [2025-05-03T20:07:04.343+0000] {dag.py:2585} INFO - Sync 1 DAGs
[2025-05-03T20:07:04.358+0000] {logging_mixin.py:120} INFO - [2025-05-03T20:07:04.358+0000] {dag.py:3340} INFO - Setting next_dagrun for example_bash_operator to 2025-05-02T00:00:00+00:00, run_after=2025-05-03T00:00:00+00:00
[2025-05-03T20:07:04.369+0000] {processor.py:176} INFO - Processing /home/airflow/.local/lib/python3.7/site-packages/airflow/example_dags/example_bash_operator.py took 0.073 seconds
[2025-05-03T21:36:12.773+0000] {processor.py:154} INFO - Started process (PID=44261) to work on /home/airflow/.local/lib/python3.7/site-packages/airflow/example_dags/example_bash_operator.py
[2025-05-03T21:36:12.773+0000] {processor.py:756} INFO - Processing file /home/airflow/.local/lib/python3.7/site-packages/airflow/example_dags/example_bash_operator.py for tasks to queue
[2025-05-03T21:36:12.776+0000] {logging_mixin.py:120} INFO - [2025-05-03T21:36:12.776+0000] {dagbag.py:537} INFO - Filling up the DagBag from /home/airflow/.local/lib/python3.7/site-packages/airflow/example_dags/example_bash_operator.py
[2025-05-03T21:36:12.786+0000] {processor.py:766} INFO - DAG(s) dict_keys(['example_bash_operator']) retrieved from /home/airflow/.local/lib/python3.7/site-packages/airflow/example_dags/example_bash_operator.py
[2025-05-03T21:36:12.807+0000] {logging_mixin.py:120} INFO - [2025-05-03T21:36:12.807+0000] {dag.py:2585} INFO - Sync 1 DAGs
[2025-05-03T21:36:12.817+0000] {logging_mixin.py:120} INFO - [2025-05-03T21:36:12.817+0000] {dag.py:3340} INFO - Setting next_dagrun for example_bash_operator to 2025-05-02T00:00:00+00:00, run_after=2025-05-03T00:00:00+00:00
[2025-05-03T21:36:12.827+0000] {processor.py:176} INFO - Processing /home/airflow/.local/lib/python3.7/site-packages/airflow/example_dags/example_bash_operator.py took 0.055 seconds
[2025-05-03T22:19:51.838+0000] {processor.py:154} INFO - Started process (PID=44324) to work on /home/airflow/.local/lib/python3.7/site-packages/airflow/example_dags/example_bash_operator.py
[2025-05-03T22:19:51.840+0000] {processor.py:756} INFO - Processing file /home/airflow/.local/lib/python3.7/site-packages/airflow/example_dags/example_bash_operator.py for tasks to queue
[2025-05-03T22:19:51.841+0000] {logging_mixin.py:120} INFO - [2025-05-03T22:19:51.841+0000] {dagbag.py:537} INFO - Filling up the DagBag from /home/airflow/.local/lib/python3.7/site-packages/airflow/example_dags/example_bash_operator.py
[2025-05-03T22:19:51.853+0000] {processor.py:766} INFO - DAG(s) dict_keys(['example_bash_operator']) retrieved from /home/airflow/.local/lib/python3.7/site-packages/airflow/example_dags/example_bash_operator.py
[2025-05-03T22:19:51.874+0000] {logging_mixin.py:120} INFO - [2025-05-03T22:19:51.874+0000] {dag.py:2585} INFO - Sync 1 DAGs
[2025-05-03T22:19:51.886+0000] {logging_mixin.py:120} INFO - [2025-05-03T22:19:51.886+0000] {dag.py:3340} INFO - Setting next_dagrun for example_bash_operator to 2025-05-02T00:00:00+00:00, run_after=2025-05-03T00:00:00+00:00
[2025-05-03T22:19:51.894+0000] {processor.py:176} INFO - Processing /home/airflow/.local/lib/python3.7/site-packages/airflow/example_dags/example_bash_operator.py took 0.057 seconds
[2025-05-03T23:04:44.832+0000] {processor.py:154} INFO - Started process (PID=44387) to work on /home/airflow/.local/lib/python3.7/site-packages/airflow/example_dags/example_bash_operator.py
[2025-05-03T23:04:44.833+0000] {processor.py:756} INFO - Processing file /home/airflow/.local/lib/python3.7/site-packages/airflow/example_dags/example_bash_operator.py for tasks to queue
[2025-05-03T23:04:44.833+0000] {logging_mixin.py:120} INFO - [2025-05-03T23:04:44.833+0000] {dagbag.py:537} INFO - Filling up the DagBag from /home/airflow/.local/lib/python3.7/site-packages/airflow/example_dags/example_bash_operator.py
[2025-05-03T23:04:44.846+0000] {processor.py:766} INFO - DAG(s) dict_keys(['example_bash_operator']) retrieved from /home/airflow/.local/lib/python3.7/site-packages/airflow/example_dags/example_bash_operator.py
[2025-05-03T23:04:44.870+0000] {logging_mixin.py:120} INFO - [2025-05-03T23:04:44.870+0000] {dag.py:2585} INFO - Sync 1 DAGs
[2025-05-03T23:04:44.882+0000] {logging_mixin.py:120} INFO - [2025-05-03T23:04:44.882+0000] {dag.py:3340} INFO - Setting next_dagrun for example_bash_operator to 2025-05-02T00:00:00+00:00, run_after=2025-05-03T00:00:00+00:00
[2025-05-03T23:04:44.892+0000] {processor.py:176} INFO - Processing /home/airflow/.local/lib/python3.7/site-packages/airflow/example_dags/example_bash_operator.py took 0.062 seconds
[2025-05-03T23:22:07.160+0000] {processor.py:154} INFO - Started process (PID=44449) to work on /home/airflow/.local/lib/python3.7/site-packages/airflow/example_dags/example_bash_operator.py
[2025-05-03T23:22:07.161+0000] {processor.py:756} INFO - Processing file /home/airflow/.local/lib/python3.7/site-packages/airflow/example_dags/example_bash_operator.py for tasks to queue
[2025-05-03T23:22:07.161+0000] {logging_mixin.py:120} INFO - [2025-05-03T23:22:07.161+0000] {dagbag.py:537} INFO - Filling up the DagBag from /home/airflow/.local/lib/python3.7/site-packages/airflow/example_dags/example_bash_operator.py
[2025-05-03T23:22:07.174+0000] {processor.py:766} INFO - DAG(s) dict_keys(['example_bash_operator']) retrieved from /home/airflow/.local/lib/python3.7/site-packages/airflow/example_dags/example_bash_operator.py
[2025-05-03T23:22:07.196+0000] {logging_mixin.py:120} INFO - [2025-05-03T23:22:07.196+0000] {dag.py:2585} INFO - Sync 1 DAGs
[2025-05-03T23:22:07.209+0000] {logging_mixin.py:120} INFO - [2025-05-03T23:22:07.209+0000] {dag.py:3340} INFO - Setting next_dagrun for example_bash_operator to 2025-05-02T00:00:00+00:00, run_after=2025-05-03T00:00:00+00:00
[2025-05-03T23:22:07.227+0000] {processor.py:176} INFO - Processing /home/airflow/.local/lib/python3.7/site-packages/airflow/example_dags/example_bash_operator.py took 0.068 seconds
[2025-05-03T23:38:28.441+0000] {processor.py:154} INFO - Started process (PID=44512) to work on /home/airflow/.local/lib/python3.7/site-packages/airflow/example_dags/example_bash_operator.py
[2025-05-03T23:38:28.444+0000] {processor.py:756} INFO - Processing file /home/airflow/.local/lib/python3.7/site-packages/airflow/example_dags/example_bash_operator.py for tasks to queue
[2025-05-03T23:38:28.445+0000] {logging_mixin.py:120} INFO - [2025-05-03T23:38:28.445+0000] {dagbag.py:537} INFO - Filling up the DagBag from /home/airflow/.local/lib/python3.7/site-packages/airflow/example_dags/example_bash_operator.py
[2025-05-03T23:38:28.453+0000] {processor.py:766} INFO - DAG(s) dict_keys(['example_bash_operator']) retrieved from /home/airflow/.local/lib/python3.7/site-packages/airflow/example_dags/example_bash_operator.py
[2025-05-03T23:38:28.472+0000] {logging_mixin.py:120} INFO - [2025-05-03T23:38:28.472+0000] {dag.py:2585} INFO - Sync 1 DAGs
[2025-05-03T23:38:28.483+0000] {logging_mixin.py:120} INFO - [2025-05-03T23:38:28.482+0000] {dag.py:3340} INFO - Setting next_dagrun for example_bash_operator to 2025-05-02T00:00:00+00:00, run_after=2025-05-03T00:00:00+00:00
[2025-05-03T23:38:28.490+0000] {processor.py:176} INFO - Processing /home/airflow/.local/lib/python3.7/site-packages/airflow/example_dags/example_bash_operator.py took 0.050 seconds
[2025-05-03T23:56:23.732+0000] {processor.py:154} INFO - Started process (PID=44573) to work on /home/airflow/.local/lib/python3.7/site-packages/airflow/example_dags/example_bash_operator.py
[2025-05-03T23:56:23.733+0000] {processor.py:756} INFO - Processing file /home/airflow/.local/lib/python3.7/site-packages/airflow/example_dags/example_bash_operator.py for tasks to queue
[2025-05-03T23:56:23.733+0000] {logging_mixin.py:120} INFO - [2025-05-03T23:56:23.733+0000] {dagbag.py:537} INFO - Filling up the DagBag from /home/airflow/.local/lib/python3.7/site-packages/airflow/example_dags/example_bash_operator.py
[2025-05-03T23:56:23.744+0000] {processor.py:766} INFO - DAG(s) dict_keys(['example_bash_operator']) retrieved from /home/airflow/.local/lib/python3.7/site-packages/airflow/example_dags/example_bash_operator.py
[2025-05-03T23:56:23.772+0000] {logging_mixin.py:120} INFO - [2025-05-03T23:56:23.772+0000] {dag.py:2585} INFO - Sync 1 DAGs
[2025-05-03T23:56:23.790+0000] {logging_mixin.py:120} INFO - [2025-05-03T23:56:23.790+0000] {dag.py:3340} INFO - Setting next_dagrun for example_bash_operator to 2025-05-02T00:00:00+00:00, run_after=2025-05-03T00:00:00+00:00
[2025-05-03T23:56:23.801+0000] {processor.py:176} INFO - Processing /home/airflow/.local/lib/python3.7/site-packages/airflow/example_dags/example_bash_operator.py took 0.071 seconds
