[2025-05-03T00:29:31.377+0000] {processor.py:154} INFO - Started process (PID=42623) to work on /home/airflow/.local/lib/python3.7/site-packages/airflow/example_dags/example_datasets.py
[2025-05-03T00:29:31.378+0000] {processor.py:756} INFO - Processing file /home/airflow/.local/lib/python3.7/site-packages/airflow/example_dags/example_datasets.py for tasks to queue
[2025-05-03T00:29:31.378+0000] {logging_mixin.py:120} INFO - [2025-05-03T00:29:31.378+0000] {dagbag.py:537} INFO - Filling up the DagBag from /home/airflow/.local/lib/python3.7/site-packages/airflow/example_dags/example_datasets.py
[2025-05-03T00:29:31.387+0000] {processor.py:766} INFO - DAG(s) dict_keys(['dataset_produces_1', 'dataset_consumes_unknown_never_scheduled', 'dataset_consumes_1_and_2', 'dataset_consumes_1_never_scheduled', 'dataset_consumes_1', 'dataset_produces_2']) retrieved from /home/airflow/.local/lib/python3.7/site-packages/airflow/example_dags/example_datasets.py
[2025-05-03T00:29:31.416+0000] {logging_mixin.py:120} INFO - [2025-05-03T00:29:31.416+0000] {dag.py:2585} INFO - Sync 6 DAGs
[2025-05-03T00:29:31.429+0000] {logging_mixin.py:120} INFO - [2025-05-03T00:29:31.429+0000] {dag.py:3340} INFO - Setting next_dagrun for dataset_consumes_1 to None, run_after=None
[2025-05-03T00:29:31.430+0000] {logging_mixin.py:120} INFO - [2025-05-03T00:29:31.430+0000] {dag.py:3340} INFO - Setting next_dagrun for dataset_consumes_1_and_2 to None, run_after=None
[2025-05-03T00:29:31.431+0000] {logging_mixin.py:120} INFO - [2025-05-03T00:29:31.431+0000] {dag.py:3340} INFO - Setting next_dagrun for dataset_consumes_1_never_scheduled to None, run_after=None
[2025-05-03T00:29:31.432+0000] {logging_mixin.py:120} INFO - [2025-05-03T00:29:31.431+0000] {dag.py:3340} INFO - Setting next_dagrun for dataset_consumes_unknown_never_scheduled to None, run_after=None
[2025-05-03T00:29:31.433+0000] {logging_mixin.py:120} INFO - [2025-05-03T00:29:31.433+0000] {dag.py:3340} INFO - Setting next_dagrun for dataset_produces_1 to 2025-05-02T00:00:00+00:00, run_after=2025-05-03T00:00:00+00:00
[2025-05-03T00:29:31.433+0000] {logging_mixin.py:120} INFO - [2025-05-03T00:29:31.433+0000] {dag.py:3340} INFO - Setting next_dagrun for dataset_produces_2 to None, run_after=None
[2025-05-03T00:29:31.446+0000] {processor.py:176} INFO - Processing /home/airflow/.local/lib/python3.7/site-packages/airflow/example_dags/example_datasets.py took 0.070 seconds
[2025-05-03T00:52:39.636+0000] {processor.py:154} INFO - Started process (PID=42677) to work on /home/airflow/.local/lib/python3.7/site-packages/airflow/example_dags/example_datasets.py
[2025-05-03T00:52:39.637+0000] {processor.py:756} INFO - Processing file /home/airflow/.local/lib/python3.7/site-packages/airflow/example_dags/example_datasets.py for tasks to queue
[2025-05-03T00:52:39.638+0000] {logging_mixin.py:120} INFO - [2025-05-03T00:52:39.638+0000] {dagbag.py:537} INFO - Filling up the DagBag from /home/airflow/.local/lib/python3.7/site-packages/airflow/example_dags/example_datasets.py
[2025-05-03T00:52:39.653+0000] {processor.py:766} INFO - DAG(s) dict_keys(['dataset_consumes_unknown_never_scheduled', 'dataset_consumes_1', 'dataset_produces_1', 'dataset_consumes_1_never_scheduled', 'dataset_produces_2', 'dataset_consumes_1_and_2']) retrieved from /home/airflow/.local/lib/python3.7/site-packages/airflow/example_dags/example_datasets.py
[2025-05-03T00:52:39.686+0000] {logging_mixin.py:120} INFO - [2025-05-03T00:52:39.686+0000] {dag.py:2585} INFO - Sync 6 DAGs
[2025-05-03T00:52:39.698+0000] {logging_mixin.py:120} INFO - [2025-05-03T00:52:39.698+0000] {dag.py:3340} INFO - Setting next_dagrun for dataset_consumes_1 to None, run_after=None
[2025-05-03T00:52:39.702+0000] {logging_mixin.py:120} INFO - [2025-05-03T00:52:39.702+0000] {dag.py:3340} INFO - Setting next_dagrun for dataset_consumes_1_and_2 to None, run_after=None
[2025-05-03T00:52:39.705+0000] {logging_mixin.py:120} INFO - [2025-05-03T00:52:39.705+0000] {dag.py:3340} INFO - Setting next_dagrun for dataset_consumes_1_never_scheduled to None, run_after=None
[2025-05-03T00:52:39.707+0000] {logging_mixin.py:120} INFO - [2025-05-03T00:52:39.707+0000] {dag.py:3340} INFO - Setting next_dagrun for dataset_consumes_unknown_never_scheduled to None, run_after=None
[2025-05-03T00:52:39.709+0000] {logging_mixin.py:120} INFO - [2025-05-03T00:52:39.708+0000] {dag.py:3340} INFO - Setting next_dagrun for dataset_produces_1 to 2025-05-02T00:00:00+00:00, run_after=2025-05-03T00:00:00+00:00
[2025-05-03T00:52:39.709+0000] {logging_mixin.py:120} INFO - [2025-05-03T00:52:39.709+0000] {dag.py:3340} INFO - Setting next_dagrun for dataset_produces_2 to None, run_after=None
[2025-05-03T00:52:39.730+0000] {processor.py:176} INFO - Processing /home/airflow/.local/lib/python3.7/site-packages/airflow/example_dags/example_datasets.py took 0.096 seconds
[2025-05-03T01:16:08.014+0000] {processor.py:154} INFO - Started process (PID=42740) to work on /home/airflow/.local/lib/python3.7/site-packages/airflow/example_dags/example_datasets.py
[2025-05-03T01:16:08.014+0000] {processor.py:756} INFO - Processing file /home/airflow/.local/lib/python3.7/site-packages/airflow/example_dags/example_datasets.py for tasks to queue
[2025-05-03T01:16:08.018+0000] {logging_mixin.py:120} INFO - [2025-05-03T01:16:08.018+0000] {dagbag.py:537} INFO - Filling up the DagBag from /home/airflow/.local/lib/python3.7/site-packages/airflow/example_dags/example_datasets.py
[2025-05-03T01:16:08.025+0000] {processor.py:766} INFO - DAG(s) dict_keys(['dataset_consumes_1_and_2', 'dataset_produces_2', 'dataset_produces_1', 'dataset_consumes_unknown_never_scheduled', 'dataset_consumes_1_never_scheduled', 'dataset_consumes_1']) retrieved from /home/airflow/.local/lib/python3.7/site-packages/airflow/example_dags/example_datasets.py
[2025-05-03T01:16:08.054+0000] {logging_mixin.py:120} INFO - [2025-05-03T01:16:08.054+0000] {dag.py:2585} INFO - Sync 6 DAGs
[2025-05-03T01:16:08.070+0000] {logging_mixin.py:120} INFO - [2025-05-03T01:16:08.070+0000] {dag.py:3340} INFO - Setting next_dagrun for dataset_consumes_1 to None, run_after=None
[2025-05-03T01:16:08.073+0000] {logging_mixin.py:120} INFO - [2025-05-03T01:16:08.073+0000] {dag.py:3340} INFO - Setting next_dagrun for dataset_consumes_1_and_2 to None, run_after=None
[2025-05-03T01:16:08.074+0000] {logging_mixin.py:120} INFO - [2025-05-03T01:16:08.074+0000] {dag.py:3340} INFO - Setting next_dagrun for dataset_consumes_1_never_scheduled to None, run_after=None
[2025-05-03T01:16:08.075+0000] {logging_mixin.py:120} INFO - [2025-05-03T01:16:08.075+0000] {dag.py:3340} INFO - Setting next_dagrun for dataset_consumes_unknown_never_scheduled to None, run_after=None
[2025-05-03T01:16:08.076+0000] {logging_mixin.py:120} INFO - [2025-05-03T01:16:08.076+0000] {dag.py:3340} INFO - Setting next_dagrun for dataset_produces_1 to 2025-05-02T00:00:00+00:00, run_after=2025-05-03T00:00:00+00:00
[2025-05-03T01:16:08.076+0000] {logging_mixin.py:120} INFO - [2025-05-03T01:16:08.076+0000] {dag.py:3340} INFO - Setting next_dagrun for dataset_produces_2 to None, run_after=None
[2025-05-03T01:16:08.089+0000] {processor.py:176} INFO - Processing /home/airflow/.local/lib/python3.7/site-packages/airflow/example_dags/example_datasets.py took 0.077 seconds
[2025-05-03T01:19:52.586+0000] {processor.py:154} INFO - Started process (PID=42802) to work on /home/airflow/.local/lib/python3.7/site-packages/airflow/example_dags/example_datasets.py
[2025-05-03T01:19:52.587+0000] {processor.py:756} INFO - Processing file /home/airflow/.local/lib/python3.7/site-packages/airflow/example_dags/example_datasets.py for tasks to queue
[2025-05-03T01:19:52.588+0000] {logging_mixin.py:120} INFO - [2025-05-03T01:19:52.588+0000] {dagbag.py:537} INFO - Filling up the DagBag from /home/airflow/.local/lib/python3.7/site-packages/airflow/example_dags/example_datasets.py
[2025-05-03T01:19:52.597+0000] {processor.py:766} INFO - DAG(s) dict_keys(['dataset_consumes_1_and_2', 'dataset_consumes_1_never_scheduled', 'dataset_produces_2', 'dataset_consumes_1', 'dataset_produces_1', 'dataset_consumes_unknown_never_scheduled']) retrieved from /home/airflow/.local/lib/python3.7/site-packages/airflow/example_dags/example_datasets.py
[2025-05-03T01:19:52.623+0000] {logging_mixin.py:120} INFO - [2025-05-03T01:19:52.623+0000] {dag.py:2585} INFO - Sync 6 DAGs
[2025-05-03T01:19:52.633+0000] {logging_mixin.py:120} INFO - [2025-05-03T01:19:52.633+0000] {dag.py:3340} INFO - Setting next_dagrun for dataset_consumes_1 to None, run_after=None
[2025-05-03T01:19:52.636+0000] {logging_mixin.py:120} INFO - [2025-05-03T01:19:52.636+0000] {dag.py:3340} INFO - Setting next_dagrun for dataset_consumes_1_and_2 to None, run_after=None
[2025-05-03T01:19:52.636+0000] {logging_mixin.py:120} INFO - [2025-05-03T01:19:52.636+0000] {dag.py:3340} INFO - Setting next_dagrun for dataset_consumes_1_never_scheduled to None, run_after=None
[2025-05-03T01:19:52.637+0000] {logging_mixin.py:120} INFO - [2025-05-03T01:19:52.637+0000] {dag.py:3340} INFO - Setting next_dagrun for dataset_consumes_unknown_never_scheduled to None, run_after=None
[2025-05-03T01:19:52.640+0000] {logging_mixin.py:120} INFO - [2025-05-03T01:19:52.640+0000] {dag.py:3340} INFO - Setting next_dagrun for dataset_produces_1 to 2025-05-02T00:00:00+00:00, run_after=2025-05-03T00:00:00+00:00
[2025-05-03T01:19:52.640+0000] {logging_mixin.py:120} INFO - [2025-05-03T01:19:52.640+0000] {dag.py:3340} INFO - Setting next_dagrun for dataset_produces_2 to None, run_after=None
[2025-05-03T01:19:52.651+0000] {processor.py:176} INFO - Processing /home/airflow/.local/lib/python3.7/site-packages/airflow/example_dags/example_datasets.py took 0.067 seconds
[2025-05-03T01:24:04.339+0000] {processor.py:154} INFO - Started process (PID=42864) to work on /home/airflow/.local/lib/python3.7/site-packages/airflow/example_dags/example_datasets.py
[2025-05-03T01:24:04.341+0000] {processor.py:756} INFO - Processing file /home/airflow/.local/lib/python3.7/site-packages/airflow/example_dags/example_datasets.py for tasks to queue
[2025-05-03T01:24:04.342+0000] {logging_mixin.py:120} INFO - [2025-05-03T01:24:04.342+0000] {dagbag.py:537} INFO - Filling up the DagBag from /home/airflow/.local/lib/python3.7/site-packages/airflow/example_dags/example_datasets.py
[2025-05-03T01:24:04.350+0000] {processor.py:766} INFO - DAG(s) dict_keys(['dataset_consumes_1_never_scheduled', 'dataset_consumes_unknown_never_scheduled', 'dataset_consumes_1_and_2', 'dataset_consumes_1', 'dataset_produces_2', 'dataset_produces_1']) retrieved from /home/airflow/.local/lib/python3.7/site-packages/airflow/example_dags/example_datasets.py
[2025-05-03T01:24:04.375+0000] {logging_mixin.py:120} INFO - [2025-05-03T01:24:04.375+0000] {dag.py:2585} INFO - Sync 6 DAGs
[2025-05-03T01:24:04.387+0000] {logging_mixin.py:120} INFO - [2025-05-03T01:24:04.387+0000] {dag.py:3340} INFO - Setting next_dagrun for dataset_consumes_1 to None, run_after=None
[2025-05-03T01:24:04.390+0000] {logging_mixin.py:120} INFO - [2025-05-03T01:24:04.390+0000] {dag.py:3340} INFO - Setting next_dagrun for dataset_consumes_1_and_2 to None, run_after=None
[2025-05-03T01:24:04.391+0000] {logging_mixin.py:120} INFO - [2025-05-03T01:24:04.391+0000] {dag.py:3340} INFO - Setting next_dagrun for dataset_consumes_1_never_scheduled to None, run_after=None
[2025-05-03T01:24:04.392+0000] {logging_mixin.py:120} INFO - [2025-05-03T01:24:04.392+0000] {dag.py:3340} INFO - Setting next_dagrun for dataset_consumes_unknown_never_scheduled to None, run_after=None
[2025-05-03T01:24:04.394+0000] {logging_mixin.py:120} INFO - [2025-05-03T01:24:04.394+0000] {dag.py:3340} INFO - Setting next_dagrun for dataset_produces_1 to 2025-05-02T00:00:00+00:00, run_after=2025-05-03T00:00:00+00:00
[2025-05-03T01:24:04.396+0000] {logging_mixin.py:120} INFO - [2025-05-03T01:24:04.396+0000] {dag.py:3340} INFO - Setting next_dagrun for dataset_produces_2 to None, run_after=None
[2025-05-03T01:24:04.409+0000] {processor.py:176} INFO - Processing /home/airflow/.local/lib/python3.7/site-packages/airflow/example_dags/example_datasets.py took 0.071 seconds
[2025-05-03T02:06:32.332+0000] {processor.py:154} INFO - Started process (PID=42927) to work on /home/airflow/.local/lib/python3.7/site-packages/airflow/example_dags/example_datasets.py
[2025-05-03T02:06:32.336+0000] {processor.py:756} INFO - Processing file /home/airflow/.local/lib/python3.7/site-packages/airflow/example_dags/example_datasets.py for tasks to queue
[2025-05-03T02:06:32.337+0000] {logging_mixin.py:120} INFO - [2025-05-03T02:06:32.337+0000] {dagbag.py:537} INFO - Filling up the DagBag from /home/airflow/.local/lib/python3.7/site-packages/airflow/example_dags/example_datasets.py
[2025-05-03T02:06:32.347+0000] {processor.py:766} INFO - DAG(s) dict_keys(['dataset_consumes_1_never_scheduled', 'dataset_produces_2', 'dataset_consumes_1', 'dataset_consumes_unknown_never_scheduled', 'dataset_produces_1', 'dataset_consumes_1_and_2']) retrieved from /home/airflow/.local/lib/python3.7/site-packages/airflow/example_dags/example_datasets.py
[2025-05-03T02:06:32.378+0000] {logging_mixin.py:120} INFO - [2025-05-03T02:06:32.378+0000] {dag.py:2585} INFO - Sync 6 DAGs
[2025-05-03T02:06:32.391+0000] {logging_mixin.py:120} INFO - [2025-05-03T02:06:32.390+0000] {dag.py:3340} INFO - Setting next_dagrun for dataset_consumes_1 to None, run_after=None
[2025-05-03T02:06:32.392+0000] {logging_mixin.py:120} INFO - [2025-05-03T02:06:32.392+0000] {dag.py:3340} INFO - Setting next_dagrun for dataset_consumes_1_and_2 to None, run_after=None
[2025-05-03T02:06:32.393+0000] {logging_mixin.py:120} INFO - [2025-05-03T02:06:32.393+0000] {dag.py:3340} INFO - Setting next_dagrun for dataset_consumes_1_never_scheduled to None, run_after=None
[2025-05-03T02:06:32.394+0000] {logging_mixin.py:120} INFO - [2025-05-03T02:06:32.394+0000] {dag.py:3340} INFO - Setting next_dagrun for dataset_consumes_unknown_never_scheduled to None, run_after=None
[2025-05-03T02:06:32.395+0000] {logging_mixin.py:120} INFO - [2025-05-03T02:06:32.395+0000] {dag.py:3340} INFO - Setting next_dagrun for dataset_produces_1 to 2025-05-02T00:00:00+00:00, run_after=2025-05-03T00:00:00+00:00
[2025-05-03T02:06:32.396+0000] {logging_mixin.py:120} INFO - [2025-05-03T02:06:32.396+0000] {dag.py:3340} INFO - Setting next_dagrun for dataset_produces_2 to None, run_after=None
[2025-05-03T02:06:32.418+0000] {processor.py:176} INFO - Processing /home/airflow/.local/lib/python3.7/site-packages/airflow/example_dags/example_datasets.py took 0.087 seconds
[2025-05-03T02:48:24.104+0000] {processor.py:154} INFO - Started process (PID=42990) to work on /home/airflow/.local/lib/python3.7/site-packages/airflow/example_dags/example_datasets.py
[2025-05-03T02:48:24.105+0000] {processor.py:756} INFO - Processing file /home/airflow/.local/lib/python3.7/site-packages/airflow/example_dags/example_datasets.py for tasks to queue
[2025-05-03T02:48:24.105+0000] {logging_mixin.py:120} INFO - [2025-05-03T02:48:24.105+0000] {dagbag.py:537} INFO - Filling up the DagBag from /home/airflow/.local/lib/python3.7/site-packages/airflow/example_dags/example_datasets.py
[2025-05-03T02:48:24.116+0000] {processor.py:766} INFO - DAG(s) dict_keys(['dataset_consumes_1_and_2', 'dataset_produces_1', 'dataset_produces_2', 'dataset_consumes_unknown_never_scheduled', 'dataset_consumes_1', 'dataset_consumes_1_never_scheduled']) retrieved from /home/airflow/.local/lib/python3.7/site-packages/airflow/example_dags/example_datasets.py
[2025-05-03T02:48:24.149+0000] {logging_mixin.py:120} INFO - [2025-05-03T02:48:24.148+0000] {dag.py:2585} INFO - Sync 6 DAGs
[2025-05-03T02:48:24.162+0000] {logging_mixin.py:120} INFO - [2025-05-03T02:48:24.162+0000] {dag.py:3340} INFO - Setting next_dagrun for dataset_consumes_1 to None, run_after=None
[2025-05-03T02:48:24.164+0000] {logging_mixin.py:120} INFO - [2025-05-03T02:48:24.164+0000] {dag.py:3340} INFO - Setting next_dagrun for dataset_consumes_1_and_2 to None, run_after=None
[2025-05-03T02:48:24.164+0000] {logging_mixin.py:120} INFO - [2025-05-03T02:48:24.164+0000] {dag.py:3340} INFO - Setting next_dagrun for dataset_consumes_1_never_scheduled to None, run_after=None
[2025-05-03T02:48:24.165+0000] {logging_mixin.py:120} INFO - [2025-05-03T02:48:24.165+0000] {dag.py:3340} INFO - Setting next_dagrun for dataset_consumes_unknown_never_scheduled to None, run_after=None
[2025-05-03T02:48:24.166+0000] {logging_mixin.py:120} INFO - [2025-05-03T02:48:24.166+0000] {dag.py:3340} INFO - Setting next_dagrun for dataset_produces_1 to 2025-05-02T00:00:00+00:00, run_after=2025-05-03T00:00:00+00:00
[2025-05-03T02:48:24.167+0000] {logging_mixin.py:120} INFO - [2025-05-03T02:48:24.166+0000] {dag.py:3340} INFO - Setting next_dagrun for dataset_produces_2 to None, run_after=None
[2025-05-03T02:48:24.180+0000] {processor.py:176} INFO - Processing /home/airflow/.local/lib/python3.7/site-packages/airflow/example_dags/example_datasets.py took 0.078 seconds
[2025-05-03T03:21:19.860+0000] {processor.py:154} INFO - Started process (PID=43053) to work on /home/airflow/.local/lib/python3.7/site-packages/airflow/example_dags/example_datasets.py
[2025-05-03T03:21:19.864+0000] {processor.py:756} INFO - Processing file /home/airflow/.local/lib/python3.7/site-packages/airflow/example_dags/example_datasets.py for tasks to queue
[2025-05-03T03:21:19.864+0000] {logging_mixin.py:120} INFO - [2025-05-03T03:21:19.864+0000] {dagbag.py:537} INFO - Filling up the DagBag from /home/airflow/.local/lib/python3.7/site-packages/airflow/example_dags/example_datasets.py
[2025-05-03T03:21:19.873+0000] {processor.py:766} INFO - DAG(s) dict_keys(['dataset_consumes_1', 'dataset_consumes_1_and_2', 'dataset_produces_1', 'dataset_consumes_unknown_never_scheduled', 'dataset_produces_2', 'dataset_consumes_1_never_scheduled']) retrieved from /home/airflow/.local/lib/python3.7/site-packages/airflow/example_dags/example_datasets.py
[2025-05-03T03:21:19.907+0000] {logging_mixin.py:120} INFO - [2025-05-03T03:21:19.907+0000] {dag.py:2585} INFO - Sync 6 DAGs
[2025-05-03T03:21:19.919+0000] {logging_mixin.py:120} INFO - [2025-05-03T03:21:19.919+0000] {dag.py:3340} INFO - Setting next_dagrun for dataset_consumes_1 to None, run_after=None
[2025-05-03T03:21:19.925+0000] {logging_mixin.py:120} INFO - [2025-05-03T03:21:19.924+0000] {dag.py:3340} INFO - Setting next_dagrun for dataset_consumes_1_and_2 to None, run_after=None
[2025-05-03T03:21:19.928+0000] {logging_mixin.py:120} INFO - [2025-05-03T03:21:19.928+0000] {dag.py:3340} INFO - Setting next_dagrun for dataset_consumes_1_never_scheduled to None, run_after=None
[2025-05-03T03:21:19.929+0000] {logging_mixin.py:120} INFO - [2025-05-03T03:21:19.929+0000] {dag.py:3340} INFO - Setting next_dagrun for dataset_consumes_unknown_never_scheduled to None, run_after=None
[2025-05-03T03:21:19.930+0000] {logging_mixin.py:120} INFO - [2025-05-03T03:21:19.930+0000] {dag.py:3340} INFO - Setting next_dagrun for dataset_produces_1 to 2025-05-02T00:00:00+00:00, run_after=2025-05-03T00:00:00+00:00
[2025-05-03T03:21:19.932+0000] {logging_mixin.py:120} INFO - [2025-05-03T03:21:19.932+0000] {dag.py:3340} INFO - Setting next_dagrun for dataset_produces_2 to None, run_after=None
[2025-05-03T03:21:19.949+0000] {processor.py:176} INFO - Processing /home/airflow/.local/lib/python3.7/site-packages/airflow/example_dags/example_datasets.py took 0.090 seconds
[2025-05-03T04:10:41.941+0000] {processor.py:154} INFO - Started process (PID=43107) to work on /home/airflow/.local/lib/python3.7/site-packages/airflow/example_dags/example_datasets.py
[2025-05-03T04:10:41.941+0000] {processor.py:756} INFO - Processing file /home/airflow/.local/lib/python3.7/site-packages/airflow/example_dags/example_datasets.py for tasks to queue
[2025-05-03T04:10:41.942+0000] {logging_mixin.py:120} INFO - [2025-05-03T04:10:41.942+0000] {dagbag.py:537} INFO - Filling up the DagBag from /home/airflow/.local/lib/python3.7/site-packages/airflow/example_dags/example_datasets.py
[2025-05-03T04:10:41.949+0000] {processor.py:766} INFO - DAG(s) dict_keys(['dataset_consumes_1', 'dataset_produces_1', 'dataset_consumes_1_never_scheduled', 'dataset_produces_2', 'dataset_consumes_unknown_never_scheduled', 'dataset_consumes_1_and_2']) retrieved from /home/airflow/.local/lib/python3.7/site-packages/airflow/example_dags/example_datasets.py
[2025-05-03T04:10:41.977+0000] {logging_mixin.py:120} INFO - [2025-05-03T04:10:41.976+0000] {dag.py:2585} INFO - Sync 6 DAGs
[2025-05-03T04:10:41.989+0000] {logging_mixin.py:120} INFO - [2025-05-03T04:10:41.988+0000] {dag.py:3340} INFO - Setting next_dagrun for dataset_consumes_1 to None, run_after=None
[2025-05-03T04:10:41.990+0000] {logging_mixin.py:120} INFO - [2025-05-03T04:10:41.990+0000] {dag.py:3340} INFO - Setting next_dagrun for dataset_consumes_1_and_2 to None, run_after=None
[2025-05-03T04:10:41.992+0000] {logging_mixin.py:120} INFO - [2025-05-03T04:10:41.992+0000] {dag.py:3340} INFO - Setting next_dagrun for dataset_consumes_1_never_scheduled to None, run_after=None
[2025-05-03T04:10:41.993+0000] {logging_mixin.py:120} INFO - [2025-05-03T04:10:41.993+0000] {dag.py:3340} INFO - Setting next_dagrun for dataset_consumes_unknown_never_scheduled to None, run_after=None
[2025-05-03T04:10:41.994+0000] {logging_mixin.py:120} INFO - [2025-05-03T04:10:41.994+0000] {dag.py:3340} INFO - Setting next_dagrun for dataset_produces_1 to 2025-05-02T00:00:00+00:00, run_after=2025-05-03T00:00:00+00:00
[2025-05-03T04:10:41.995+0000] {logging_mixin.py:120} INFO - [2025-05-03T04:10:41.995+0000] {dag.py:3340} INFO - Setting next_dagrun for dataset_produces_2 to None, run_after=None
[2025-05-03T04:10:42.008+0000] {processor.py:176} INFO - Processing /home/airflow/.local/lib/python3.7/site-packages/airflow/example_dags/example_datasets.py took 0.068 seconds
[2025-05-03T04:54:16.053+0000] {processor.py:154} INFO - Started process (PID=43170) to work on /home/airflow/.local/lib/python3.7/site-packages/airflow/example_dags/example_datasets.py
[2025-05-03T04:54:16.055+0000] {processor.py:756} INFO - Processing file /home/airflow/.local/lib/python3.7/site-packages/airflow/example_dags/example_datasets.py for tasks to queue
[2025-05-03T04:54:16.056+0000] {logging_mixin.py:120} INFO - [2025-05-03T04:54:16.056+0000] {dagbag.py:537} INFO - Filling up the DagBag from /home/airflow/.local/lib/python3.7/site-packages/airflow/example_dags/example_datasets.py
[2025-05-03T04:54:16.064+0000] {processor.py:766} INFO - DAG(s) dict_keys(['dataset_consumes_unknown_never_scheduled', 'dataset_consumes_1_and_2', 'dataset_produces_2', 'dataset_produces_1', 'dataset_consumes_1', 'dataset_consumes_1_never_scheduled']) retrieved from /home/airflow/.local/lib/python3.7/site-packages/airflow/example_dags/example_datasets.py
[2025-05-03T04:54:16.090+0000] {logging_mixin.py:120} INFO - [2025-05-03T04:54:16.090+0000] {dag.py:2585} INFO - Sync 6 DAGs
[2025-05-03T04:54:16.103+0000] {logging_mixin.py:120} INFO - [2025-05-03T04:54:16.103+0000] {dag.py:3340} INFO - Setting next_dagrun for dataset_consumes_1 to None, run_after=None
[2025-05-03T04:54:16.105+0000] {logging_mixin.py:120} INFO - [2025-05-03T04:54:16.105+0000] {dag.py:3340} INFO - Setting next_dagrun for dataset_consumes_1_and_2 to None, run_after=None
[2025-05-03T04:54:16.105+0000] {logging_mixin.py:120} INFO - [2025-05-03T04:54:16.105+0000] {dag.py:3340} INFO - Setting next_dagrun for dataset_consumes_1_never_scheduled to None, run_after=None
[2025-05-03T04:54:16.106+0000] {logging_mixin.py:120} INFO - [2025-05-03T04:54:16.106+0000] {dag.py:3340} INFO - Setting next_dagrun for dataset_consumes_unknown_never_scheduled to None, run_after=None
[2025-05-03T04:54:16.107+0000] {logging_mixin.py:120} INFO - [2025-05-03T04:54:16.107+0000] {dag.py:3340} INFO - Setting next_dagrun for dataset_produces_1 to 2025-05-02T00:00:00+00:00, run_after=2025-05-03T00:00:00+00:00
[2025-05-03T04:54:16.108+0000] {logging_mixin.py:120} INFO - [2025-05-03T04:54:16.108+0000] {dag.py:3340} INFO - Setting next_dagrun for dataset_produces_2 to None, run_after=None
[2025-05-03T04:54:16.120+0000] {processor.py:176} INFO - Processing /home/airflow/.local/lib/python3.7/site-packages/airflow/example_dags/example_datasets.py took 0.069 seconds
[2025-05-03T05:53:09.321+0000] {processor.py:154} INFO - Started process (PID=43233) to work on /home/airflow/.local/lib/python3.7/site-packages/airflow/example_dags/example_datasets.py
[2025-05-03T05:53:09.321+0000] {processor.py:756} INFO - Processing file /home/airflow/.local/lib/python3.7/site-packages/airflow/example_dags/example_datasets.py for tasks to queue
[2025-05-03T05:53:09.322+0000] {logging_mixin.py:120} INFO - [2025-05-03T05:53:09.322+0000] {dagbag.py:537} INFO - Filling up the DagBag from /home/airflow/.local/lib/python3.7/site-packages/airflow/example_dags/example_datasets.py
[2025-05-03T05:53:09.332+0000] {processor.py:766} INFO - DAG(s) dict_keys(['dataset_consumes_unknown_never_scheduled', 'dataset_consumes_1', 'dataset_consumes_1_and_2', 'dataset_produces_2', 'dataset_produces_1', 'dataset_consumes_1_never_scheduled']) retrieved from /home/airflow/.local/lib/python3.7/site-packages/airflow/example_dags/example_datasets.py
[2025-05-03T05:53:09.359+0000] {logging_mixin.py:120} INFO - [2025-05-03T05:53:09.359+0000] {dag.py:2585} INFO - Sync 6 DAGs
[2025-05-03T05:53:09.370+0000] {logging_mixin.py:120} INFO - [2025-05-03T05:53:09.370+0000] {dag.py:3340} INFO - Setting next_dagrun for dataset_consumes_1 to None, run_after=None
[2025-05-03T05:53:09.372+0000] {logging_mixin.py:120} INFO - [2025-05-03T05:53:09.372+0000] {dag.py:3340} INFO - Setting next_dagrun for dataset_consumes_1_and_2 to None, run_after=None
[2025-05-03T05:53:09.374+0000] {logging_mixin.py:120} INFO - [2025-05-03T05:53:09.374+0000] {dag.py:3340} INFO - Setting next_dagrun for dataset_consumes_1_never_scheduled to None, run_after=None
[2025-05-03T05:53:09.376+0000] {logging_mixin.py:120} INFO - [2025-05-03T05:53:09.376+0000] {dag.py:3340} INFO - Setting next_dagrun for dataset_consumes_unknown_never_scheduled to None, run_after=None
[2025-05-03T05:53:09.378+0000] {logging_mixin.py:120} INFO - [2025-05-03T05:53:09.378+0000] {dag.py:3340} INFO - Setting next_dagrun for dataset_produces_1 to 2025-05-02T00:00:00+00:00, run_after=2025-05-03T00:00:00+00:00
[2025-05-03T05:53:09.379+0000] {logging_mixin.py:120} INFO - [2025-05-03T05:53:09.379+0000] {dag.py:3340} INFO - Setting next_dagrun for dataset_produces_2 to None, run_after=None
[2025-05-03T05:53:09.392+0000] {processor.py:176} INFO - Processing /home/airflow/.local/lib/python3.7/site-packages/airflow/example_dags/example_datasets.py took 0.073 seconds
[2025-05-03T06:30:38.255+0000] {processor.py:154} INFO - Started process (PID=43297) to work on /home/airflow/.local/lib/python3.7/site-packages/airflow/example_dags/example_datasets.py
[2025-05-03T06:30:38.255+0000] {processor.py:756} INFO - Processing file /home/airflow/.local/lib/python3.7/site-packages/airflow/example_dags/example_datasets.py for tasks to queue
[2025-05-03T06:30:38.256+0000] {logging_mixin.py:120} INFO - [2025-05-03T06:30:38.256+0000] {dagbag.py:537} INFO - Filling up the DagBag from /home/airflow/.local/lib/python3.7/site-packages/airflow/example_dags/example_datasets.py
[2025-05-03T06:30:38.263+0000] {processor.py:766} INFO - DAG(s) dict_keys(['dataset_consumes_1_never_scheduled', 'dataset_produces_2', 'dataset_produces_1', 'dataset_consumes_1', 'dataset_consumes_unknown_never_scheduled', 'dataset_consumes_1_and_2']) retrieved from /home/airflow/.local/lib/python3.7/site-packages/airflow/example_dags/example_datasets.py
[2025-05-03T06:30:38.297+0000] {logging_mixin.py:120} INFO - [2025-05-03T06:30:38.297+0000] {dag.py:2585} INFO - Sync 6 DAGs
[2025-05-03T06:30:38.312+0000] {logging_mixin.py:120} INFO - [2025-05-03T06:30:38.312+0000] {dag.py:3340} INFO - Setting next_dagrun for dataset_consumes_1 to None, run_after=None
[2025-05-03T06:30:38.317+0000] {logging_mixin.py:120} INFO - [2025-05-03T06:30:38.317+0000] {dag.py:3340} INFO - Setting next_dagrun for dataset_consumes_1_and_2 to None, run_after=None
[2025-05-03T06:30:38.318+0000] {logging_mixin.py:120} INFO - [2025-05-03T06:30:38.318+0000] {dag.py:3340} INFO - Setting next_dagrun for dataset_consumes_1_never_scheduled to None, run_after=None
[2025-05-03T06:30:38.319+0000] {logging_mixin.py:120} INFO - [2025-05-03T06:30:38.319+0000] {dag.py:3340} INFO - Setting next_dagrun for dataset_consumes_unknown_never_scheduled to None, run_after=None
[2025-05-03T06:30:38.321+0000] {logging_mixin.py:120} INFO - [2025-05-03T06:30:38.321+0000] {dag.py:3340} INFO - Setting next_dagrun for dataset_produces_1 to 2025-05-02T00:00:00+00:00, run_after=2025-05-03T00:00:00+00:00
[2025-05-03T06:30:38.324+0000] {logging_mixin.py:120} INFO - [2025-05-03T06:30:38.324+0000] {dag.py:3340} INFO - Setting next_dagrun for dataset_produces_2 to None, run_after=None
[2025-05-03T06:30:38.339+0000] {processor.py:176} INFO - Processing /home/airflow/.local/lib/python3.7/site-packages/airflow/example_dags/example_datasets.py took 0.086 seconds
[2025-05-03T07:22:15.906+0000] {processor.py:154} INFO - Started process (PID=43360) to work on /home/airflow/.local/lib/python3.7/site-packages/airflow/example_dags/example_datasets.py
[2025-05-03T07:22:15.907+0000] {processor.py:756} INFO - Processing file /home/airflow/.local/lib/python3.7/site-packages/airflow/example_dags/example_datasets.py for tasks to queue
[2025-05-03T07:22:15.908+0000] {logging_mixin.py:120} INFO - [2025-05-03T07:22:15.907+0000] {dagbag.py:537} INFO - Filling up the DagBag from /home/airflow/.local/lib/python3.7/site-packages/airflow/example_dags/example_datasets.py
[2025-05-03T07:22:15.917+0000] {processor.py:766} INFO - DAG(s) dict_keys(['dataset_consumes_1_and_2', 'dataset_consumes_1_never_scheduled', 'dataset_consumes_1', 'dataset_produces_2', 'dataset_produces_1', 'dataset_consumes_unknown_never_scheduled']) retrieved from /home/airflow/.local/lib/python3.7/site-packages/airflow/example_dags/example_datasets.py
[2025-05-03T07:22:15.943+0000] {logging_mixin.py:120} INFO - [2025-05-03T07:22:15.943+0000] {dag.py:2585} INFO - Sync 6 DAGs
[2025-05-03T07:22:15.955+0000] {logging_mixin.py:120} INFO - [2025-05-03T07:22:15.955+0000] {dag.py:3340} INFO - Setting next_dagrun for dataset_consumes_1 to None, run_after=None
[2025-05-03T07:22:15.957+0000] {logging_mixin.py:120} INFO - [2025-05-03T07:22:15.957+0000] {dag.py:3340} INFO - Setting next_dagrun for dataset_consumes_1_and_2 to None, run_after=None
[2025-05-03T07:22:15.957+0000] {logging_mixin.py:120} INFO - [2025-05-03T07:22:15.957+0000] {dag.py:3340} INFO - Setting next_dagrun for dataset_consumes_1_never_scheduled to None, run_after=None
[2025-05-03T07:22:15.958+0000] {logging_mixin.py:120} INFO - [2025-05-03T07:22:15.958+0000] {dag.py:3340} INFO - Setting next_dagrun for dataset_consumes_unknown_never_scheduled to None, run_after=None
[2025-05-03T07:22:15.959+0000] {logging_mixin.py:120} INFO - [2025-05-03T07:22:15.959+0000] {dag.py:3340} INFO - Setting next_dagrun for dataset_produces_1 to 2025-05-02T00:00:00+00:00, run_after=2025-05-03T00:00:00+00:00
[2025-05-03T07:22:15.961+0000] {logging_mixin.py:120} INFO - [2025-05-03T07:22:15.961+0000] {dag.py:3340} INFO - Setting next_dagrun for dataset_produces_2 to None, run_after=None
[2025-05-03T07:22:15.978+0000] {processor.py:176} INFO - Processing /home/airflow/.local/lib/python3.7/site-packages/airflow/example_dags/example_datasets.py took 0.074 seconds
[2025-05-03T08:23:10.719+0000] {processor.py:154} INFO - Started process (PID=43423) to work on /home/airflow/.local/lib/python3.7/site-packages/airflow/example_dags/example_datasets.py
[2025-05-03T08:23:10.720+0000] {processor.py:756} INFO - Processing file /home/airflow/.local/lib/python3.7/site-packages/airflow/example_dags/example_datasets.py for tasks to queue
[2025-05-03T08:23:10.720+0000] {logging_mixin.py:120} INFO - [2025-05-03T08:23:10.720+0000] {dagbag.py:537} INFO - Filling up the DagBag from /home/airflow/.local/lib/python3.7/site-packages/airflow/example_dags/example_datasets.py
[2025-05-03T08:23:10.729+0000] {processor.py:766} INFO - DAG(s) dict_keys(['dataset_consumes_1_and_2', 'dataset_consumes_unknown_never_scheduled', 'dataset_consumes_1', 'dataset_produces_2', 'dataset_consumes_1_never_scheduled', 'dataset_produces_1']) retrieved from /home/airflow/.local/lib/python3.7/site-packages/airflow/example_dags/example_datasets.py
[2025-05-03T08:23:10.758+0000] {logging_mixin.py:120} INFO - [2025-05-03T08:23:10.758+0000] {dag.py:2585} INFO - Sync 6 DAGs
[2025-05-03T08:23:10.772+0000] {logging_mixin.py:120} INFO - [2025-05-03T08:23:10.772+0000] {dag.py:3340} INFO - Setting next_dagrun for dataset_consumes_1 to None, run_after=None
[2025-05-03T08:23:10.774+0000] {logging_mixin.py:120} INFO - [2025-05-03T08:23:10.774+0000] {dag.py:3340} INFO - Setting next_dagrun for dataset_consumes_1_and_2 to None, run_after=None
[2025-05-03T08:23:10.774+0000] {logging_mixin.py:120} INFO - [2025-05-03T08:23:10.774+0000] {dag.py:3340} INFO - Setting next_dagrun for dataset_consumes_1_never_scheduled to None, run_after=None
[2025-05-03T08:23:10.775+0000] {logging_mixin.py:120} INFO - [2025-05-03T08:23:10.775+0000] {dag.py:3340} INFO - Setting next_dagrun for dataset_consumes_unknown_never_scheduled to None, run_after=None
[2025-05-03T08:23:10.778+0000] {logging_mixin.py:120} INFO - [2025-05-03T08:23:10.777+0000] {dag.py:3340} INFO - Setting next_dagrun for dataset_produces_1 to 2025-05-02T00:00:00+00:00, run_after=2025-05-03T00:00:00+00:00
[2025-05-03T08:23:10.780+0000] {logging_mixin.py:120} INFO - [2025-05-03T08:23:10.780+0000] {dag.py:3340} INFO - Setting next_dagrun for dataset_produces_2 to None, run_after=None
[2025-05-03T08:23:10.795+0000] {processor.py:176} INFO - Processing /home/airflow/.local/lib/python3.7/site-packages/airflow/example_dags/example_datasets.py took 0.078 seconds
[2025-05-03T09:41:38.330+0000] {processor.py:154} INFO - Started process (PID=43476) to work on /home/airflow/.local/lib/python3.7/site-packages/airflow/example_dags/example_datasets.py
[2025-05-03T09:41:38.331+0000] {processor.py:756} INFO - Processing file /home/airflow/.local/lib/python3.7/site-packages/airflow/example_dags/example_datasets.py for tasks to queue
[2025-05-03T09:41:38.332+0000] {logging_mixin.py:120} INFO - [2025-05-03T09:41:38.332+0000] {dagbag.py:537} INFO - Filling up the DagBag from /home/airflow/.local/lib/python3.7/site-packages/airflow/example_dags/example_datasets.py
[2025-05-03T09:41:38.340+0000] {processor.py:766} INFO - DAG(s) dict_keys(['dataset_consumes_unknown_never_scheduled', 'dataset_consumes_1_and_2', 'dataset_consumes_1_never_scheduled', 'dataset_produces_1', 'dataset_produces_2', 'dataset_consumes_1']) retrieved from /home/airflow/.local/lib/python3.7/site-packages/airflow/example_dags/example_datasets.py
[2025-05-03T09:41:38.371+0000] {logging_mixin.py:120} INFO - [2025-05-03T09:41:38.371+0000] {dag.py:2585} INFO - Sync 6 DAGs
[2025-05-03T09:41:38.383+0000] {logging_mixin.py:120} INFO - [2025-05-03T09:41:38.383+0000] {dag.py:3340} INFO - Setting next_dagrun for dataset_consumes_1 to None, run_after=None
[2025-05-03T09:41:38.388+0000] {logging_mixin.py:120} INFO - [2025-05-03T09:41:38.388+0000] {dag.py:3340} INFO - Setting next_dagrun for dataset_consumes_1_and_2 to None, run_after=None
[2025-05-03T09:41:38.389+0000] {logging_mixin.py:120} INFO - [2025-05-03T09:41:38.389+0000] {dag.py:3340} INFO - Setting next_dagrun for dataset_consumes_1_never_scheduled to None, run_after=None
[2025-05-03T09:41:38.389+0000] {logging_mixin.py:120} INFO - [2025-05-03T09:41:38.389+0000] {dag.py:3340} INFO - Setting next_dagrun for dataset_consumes_unknown_never_scheduled to None, run_after=None
[2025-05-03T09:41:38.390+0000] {logging_mixin.py:120} INFO - [2025-05-03T09:41:38.390+0000] {dag.py:3340} INFO - Setting next_dagrun for dataset_produces_1 to 2025-05-02T00:00:00+00:00, run_after=2025-05-03T00:00:00+00:00
[2025-05-03T09:41:38.391+0000] {logging_mixin.py:120} INFO - [2025-05-03T09:41:38.391+0000] {dag.py:3340} INFO - Setting next_dagrun for dataset_produces_2 to None, run_after=None
[2025-05-03T09:41:38.404+0000] {processor.py:176} INFO - Processing /home/airflow/.local/lib/python3.7/site-packages/airflow/example_dags/example_datasets.py took 0.075 seconds
[2025-05-03T10:58:27.859+0000] {processor.py:154} INFO - Started process (PID=43539) to work on /home/airflow/.local/lib/python3.7/site-packages/airflow/example_dags/example_datasets.py
[2025-05-03T10:58:27.860+0000] {processor.py:756} INFO - Processing file /home/airflow/.local/lib/python3.7/site-packages/airflow/example_dags/example_datasets.py for tasks to queue
[2025-05-03T10:58:27.861+0000] {logging_mixin.py:120} INFO - [2025-05-03T10:58:27.861+0000] {dagbag.py:537} INFO - Filling up the DagBag from /home/airflow/.local/lib/python3.7/site-packages/airflow/example_dags/example_datasets.py
[2025-05-03T10:58:27.870+0000] {processor.py:766} INFO - DAG(s) dict_keys(['dataset_consumes_1_and_2', 'dataset_produces_2', 'dataset_consumes_1', 'dataset_consumes_1_never_scheduled', 'dataset_consumes_unknown_never_scheduled', 'dataset_produces_1']) retrieved from /home/airflow/.local/lib/python3.7/site-packages/airflow/example_dags/example_datasets.py
[2025-05-03T10:58:27.899+0000] {logging_mixin.py:120} INFO - [2025-05-03T10:58:27.899+0000] {dag.py:2585} INFO - Sync 6 DAGs
[2025-05-03T10:58:27.913+0000] {logging_mixin.py:120} INFO - [2025-05-03T10:58:27.913+0000] {dag.py:3340} INFO - Setting next_dagrun for dataset_consumes_1 to None, run_after=None
[2025-05-03T10:58:27.915+0000] {logging_mixin.py:120} INFO - [2025-05-03T10:58:27.915+0000] {dag.py:3340} INFO - Setting next_dagrun for dataset_consumes_1_and_2 to None, run_after=None
[2025-05-03T10:58:27.916+0000] {logging_mixin.py:120} INFO - [2025-05-03T10:58:27.916+0000] {dag.py:3340} INFO - Setting next_dagrun for dataset_consumes_1_never_scheduled to None, run_after=None
[2025-05-03T10:58:27.916+0000] {logging_mixin.py:120} INFO - [2025-05-03T10:58:27.916+0000] {dag.py:3340} INFO - Setting next_dagrun for dataset_consumes_unknown_never_scheduled to None, run_after=None
[2025-05-03T10:58:27.918+0000] {logging_mixin.py:120} INFO - [2025-05-03T10:58:27.918+0000] {dag.py:3340} INFO - Setting next_dagrun for dataset_produces_1 to 2025-05-02T00:00:00+00:00, run_after=2025-05-03T00:00:00+00:00
[2025-05-03T10:58:27.919+0000] {logging_mixin.py:120} INFO - [2025-05-03T10:58:27.919+0000] {dag.py:3340} INFO - Setting next_dagrun for dataset_produces_2 to None, run_after=None
[2025-05-03T10:58:27.932+0000] {processor.py:176} INFO - Processing /home/airflow/.local/lib/python3.7/site-packages/airflow/example_dags/example_datasets.py took 0.074 seconds
[2025-05-03T11:42:14.779+0000] {processor.py:154} INFO - Started process (PID=43602) to work on /home/airflow/.local/lib/python3.7/site-packages/airflow/example_dags/example_datasets.py
[2025-05-03T11:42:14.782+0000] {processor.py:756} INFO - Processing file /home/airflow/.local/lib/python3.7/site-packages/airflow/example_dags/example_datasets.py for tasks to queue
[2025-05-03T11:42:14.783+0000] {logging_mixin.py:120} INFO - [2025-05-03T11:42:14.783+0000] {dagbag.py:537} INFO - Filling up the DagBag from /home/airflow/.local/lib/python3.7/site-packages/airflow/example_dags/example_datasets.py
[2025-05-03T11:42:14.794+0000] {processor.py:766} INFO - DAG(s) dict_keys(['dataset_produces_2', 'dataset_consumes_1', 'dataset_consumes_1_never_scheduled', 'dataset_produces_1', 'dataset_consumes_unknown_never_scheduled', 'dataset_consumes_1_and_2']) retrieved from /home/airflow/.local/lib/python3.7/site-packages/airflow/example_dags/example_datasets.py
[2025-05-03T11:42:14.824+0000] {logging_mixin.py:120} INFO - [2025-05-03T11:42:14.824+0000] {dag.py:2585} INFO - Sync 6 DAGs
[2025-05-03T11:42:14.836+0000] {logging_mixin.py:120} INFO - [2025-05-03T11:42:14.836+0000] {dag.py:3340} INFO - Setting next_dagrun for dataset_consumes_1 to None, run_after=None
[2025-05-03T11:42:14.837+0000] {logging_mixin.py:120} INFO - [2025-05-03T11:42:14.837+0000] {dag.py:3340} INFO - Setting next_dagrun for dataset_consumes_1_and_2 to None, run_after=None
[2025-05-03T11:42:14.838+0000] {logging_mixin.py:120} INFO - [2025-05-03T11:42:14.838+0000] {dag.py:3340} INFO - Setting next_dagrun for dataset_consumes_1_never_scheduled to None, run_after=None
[2025-05-03T11:42:14.839+0000] {logging_mixin.py:120} INFO - [2025-05-03T11:42:14.839+0000] {dag.py:3340} INFO - Setting next_dagrun for dataset_consumes_unknown_never_scheduled to None, run_after=None
[2025-05-03T11:42:14.840+0000] {logging_mixin.py:120} INFO - [2025-05-03T11:42:14.840+0000] {dag.py:3340} INFO - Setting next_dagrun for dataset_produces_1 to 2025-05-02T00:00:00+00:00, run_after=2025-05-03T00:00:00+00:00
[2025-05-03T11:42:14.840+0000] {logging_mixin.py:120} INFO - [2025-05-03T11:42:14.840+0000] {dag.py:3340} INFO - Setting next_dagrun for dataset_produces_2 to None, run_after=None
[2025-05-03T11:42:14.853+0000] {processor.py:176} INFO - Processing /home/airflow/.local/lib/python3.7/site-packages/airflow/example_dags/example_datasets.py took 0.076 seconds
[2025-05-03T12:59:20.088+0000] {processor.py:154} INFO - Started process (PID=43665) to work on /home/airflow/.local/lib/python3.7/site-packages/airflow/example_dags/example_datasets.py
[2025-05-03T12:59:20.089+0000] {processor.py:756} INFO - Processing file /home/airflow/.local/lib/python3.7/site-packages/airflow/example_dags/example_datasets.py for tasks to queue
[2025-05-03T12:59:20.090+0000] {logging_mixin.py:120} INFO - [2025-05-03T12:59:20.090+0000] {dagbag.py:537} INFO - Filling up the DagBag from /home/airflow/.local/lib/python3.7/site-packages/airflow/example_dags/example_datasets.py
[2025-05-03T12:59:20.100+0000] {processor.py:766} INFO - DAG(s) dict_keys(['dataset_consumes_1_and_2', 'dataset_consumes_1_never_scheduled', 'dataset_produces_1', 'dataset_consumes_1', 'dataset_consumes_unknown_never_scheduled', 'dataset_produces_2']) retrieved from /home/airflow/.local/lib/python3.7/site-packages/airflow/example_dags/example_datasets.py
[2025-05-03T12:59:20.130+0000] {logging_mixin.py:120} INFO - [2025-05-03T12:59:20.130+0000] {dag.py:2585} INFO - Sync 6 DAGs
[2025-05-03T12:59:20.142+0000] {logging_mixin.py:120} INFO - [2025-05-03T12:59:20.142+0000] {dag.py:3340} INFO - Setting next_dagrun for dataset_consumes_1 to None, run_after=None
[2025-05-03T12:59:20.144+0000] {logging_mixin.py:120} INFO - [2025-05-03T12:59:20.144+0000] {dag.py:3340} INFO - Setting next_dagrun for dataset_consumes_1_and_2 to None, run_after=None
[2025-05-03T12:59:20.145+0000] {logging_mixin.py:120} INFO - [2025-05-03T12:59:20.145+0000] {dag.py:3340} INFO - Setting next_dagrun for dataset_consumes_1_never_scheduled to None, run_after=None
[2025-05-03T12:59:20.145+0000] {logging_mixin.py:120} INFO - [2025-05-03T12:59:20.145+0000] {dag.py:3340} INFO - Setting next_dagrun for dataset_consumes_unknown_never_scheduled to None, run_after=None
[2025-05-03T12:59:20.147+0000] {logging_mixin.py:120} INFO - [2025-05-03T12:59:20.147+0000] {dag.py:3340} INFO - Setting next_dagrun for dataset_produces_1 to 2025-05-02T00:00:00+00:00, run_after=2025-05-03T00:00:00+00:00
[2025-05-03T12:59:20.147+0000] {logging_mixin.py:120} INFO - [2025-05-03T12:59:20.147+0000] {dag.py:3340} INFO - Setting next_dagrun for dataset_produces_2 to None, run_after=None
[2025-05-03T12:59:20.160+0000] {processor.py:176} INFO - Processing /home/airflow/.local/lib/python3.7/site-packages/airflow/example_dags/example_datasets.py took 0.074 seconds
[2025-05-03T13:28:31.282+0000] {processor.py:154} INFO - Started process (PID=43728) to work on /home/airflow/.local/lib/python3.7/site-packages/airflow/example_dags/example_datasets.py
[2025-05-03T13:28:31.283+0000] {processor.py:756} INFO - Processing file /home/airflow/.local/lib/python3.7/site-packages/airflow/example_dags/example_datasets.py for tasks to queue
[2025-05-03T13:28:31.285+0000] {logging_mixin.py:120} INFO - [2025-05-03T13:28:31.285+0000] {dagbag.py:537} INFO - Filling up the DagBag from /home/airflow/.local/lib/python3.7/site-packages/airflow/example_dags/example_datasets.py
[2025-05-03T13:28:31.295+0000] {processor.py:766} INFO - DAG(s) dict_keys(['dataset_produces_1', 'dataset_consumes_1_never_scheduled', 'dataset_consumes_unknown_never_scheduled', 'dataset_produces_2', 'dataset_consumes_1_and_2', 'dataset_consumes_1']) retrieved from /home/airflow/.local/lib/python3.7/site-packages/airflow/example_dags/example_datasets.py
[2025-05-03T13:28:31.320+0000] {logging_mixin.py:120} INFO - [2025-05-03T13:28:31.320+0000] {dag.py:2585} INFO - Sync 6 DAGs
[2025-05-03T13:28:31.332+0000] {logging_mixin.py:120} INFO - [2025-05-03T13:28:31.332+0000] {dag.py:3340} INFO - Setting next_dagrun for dataset_consumes_1 to None, run_after=None
[2025-05-03T13:28:31.334+0000] {logging_mixin.py:120} INFO - [2025-05-03T13:28:31.334+0000] {dag.py:3340} INFO - Setting next_dagrun for dataset_consumes_1_and_2 to None, run_after=None
[2025-05-03T13:28:31.335+0000] {logging_mixin.py:120} INFO - [2025-05-03T13:28:31.335+0000] {dag.py:3340} INFO - Setting next_dagrun for dataset_consumes_1_never_scheduled to None, run_after=None
[2025-05-03T13:28:31.336+0000] {logging_mixin.py:120} INFO - [2025-05-03T13:28:31.336+0000] {dag.py:3340} INFO - Setting next_dagrun for dataset_consumes_unknown_never_scheduled to None, run_after=None
[2025-05-03T13:28:31.337+0000] {logging_mixin.py:120} INFO - [2025-05-03T13:28:31.337+0000] {dag.py:3340} INFO - Setting next_dagrun for dataset_produces_1 to 2025-05-02T00:00:00+00:00, run_after=2025-05-03T00:00:00+00:00
[2025-05-03T13:28:31.338+0000] {logging_mixin.py:120} INFO - [2025-05-03T13:28:31.338+0000] {dag.py:3340} INFO - Setting next_dagrun for dataset_produces_2 to None, run_after=None
[2025-05-03T13:28:31.351+0000] {processor.py:176} INFO - Processing /home/airflow/.local/lib/python3.7/site-packages/airflow/example_dags/example_datasets.py took 0.071 seconds
[2025-05-03T13:29:08.178+0000] {processor.py:154} INFO - Started process (PID=43791) to work on /home/airflow/.local/lib/python3.7/site-packages/airflow/example_dags/example_datasets.py
[2025-05-03T13:29:08.179+0000] {processor.py:756} INFO - Processing file /home/airflow/.local/lib/python3.7/site-packages/airflow/example_dags/example_datasets.py for tasks to queue
[2025-05-03T13:29:08.179+0000] {logging_mixin.py:120} INFO - [2025-05-03T13:29:08.179+0000] {dagbag.py:537} INFO - Filling up the DagBag from /home/airflow/.local/lib/python3.7/site-packages/airflow/example_dags/example_datasets.py
[2025-05-03T13:29:08.189+0000] {processor.py:766} INFO - DAG(s) dict_keys(['dataset_produces_1', 'dataset_produces_2', 'dataset_consumes_unknown_never_scheduled', 'dataset_consumes_1_never_scheduled', 'dataset_consumes_1', 'dataset_consumes_1_and_2']) retrieved from /home/airflow/.local/lib/python3.7/site-packages/airflow/example_dags/example_datasets.py
[2025-05-03T13:29:08.214+0000] {logging_mixin.py:120} INFO - [2025-05-03T13:29:08.214+0000] {dag.py:2585} INFO - Sync 6 DAGs
[2025-05-03T13:29:08.223+0000] {logging_mixin.py:120} INFO - [2025-05-03T13:29:08.223+0000] {dag.py:3340} INFO - Setting next_dagrun for dataset_consumes_1 to None, run_after=None
[2025-05-03T13:29:08.224+0000] {logging_mixin.py:120} INFO - [2025-05-03T13:29:08.224+0000] {dag.py:3340} INFO - Setting next_dagrun for dataset_consumes_1_and_2 to None, run_after=None
[2025-05-03T13:29:08.225+0000] {logging_mixin.py:120} INFO - [2025-05-03T13:29:08.225+0000] {dag.py:3340} INFO - Setting next_dagrun for dataset_consumes_1_never_scheduled to None, run_after=None
[2025-05-03T13:29:08.226+0000] {logging_mixin.py:120} INFO - [2025-05-03T13:29:08.226+0000] {dag.py:3340} INFO - Setting next_dagrun for dataset_consumes_unknown_never_scheduled to None, run_after=None
[2025-05-03T13:29:08.228+0000] {logging_mixin.py:120} INFO - [2025-05-03T13:29:08.228+0000] {dag.py:3340} INFO - Setting next_dagrun for dataset_produces_1 to 2025-05-02T00:00:00+00:00, run_after=2025-05-03T00:00:00+00:00
[2025-05-03T13:29:08.229+0000] {logging_mixin.py:120} INFO - [2025-05-03T13:29:08.229+0000] {dag.py:3340} INFO - Setting next_dagrun for dataset_produces_2 to None, run_after=None
[2025-05-03T13:29:08.239+0000] {processor.py:176} INFO - Processing /home/airflow/.local/lib/python3.7/site-packages/airflow/example_dags/example_datasets.py took 0.063 seconds
[2025-05-03T14:29:10.547+0000] {processor.py:154} INFO - Started process (PID=43852) to work on /home/airflow/.local/lib/python3.7/site-packages/airflow/example_dags/example_datasets.py
[2025-05-03T14:29:10.548+0000] {processor.py:756} INFO - Processing file /home/airflow/.local/lib/python3.7/site-packages/airflow/example_dags/example_datasets.py for tasks to queue
[2025-05-03T14:29:10.548+0000] {logging_mixin.py:120} INFO - [2025-05-03T14:29:10.548+0000] {dagbag.py:537} INFO - Filling up the DagBag from /home/airflow/.local/lib/python3.7/site-packages/airflow/example_dags/example_datasets.py
[2025-05-03T14:29:10.557+0000] {processor.py:766} INFO - DAG(s) dict_keys(['dataset_consumes_1', 'dataset_consumes_unknown_never_scheduled', 'dataset_produces_2', 'dataset_consumes_1_never_scheduled', 'dataset_consumes_1_and_2', 'dataset_produces_1']) retrieved from /home/airflow/.local/lib/python3.7/site-packages/airflow/example_dags/example_datasets.py
[2025-05-03T14:29:10.586+0000] {logging_mixin.py:120} INFO - [2025-05-03T14:29:10.586+0000] {dag.py:2585} INFO - Sync 6 DAGs
[2025-05-03T14:29:10.598+0000] {logging_mixin.py:120} INFO - [2025-05-03T14:29:10.598+0000] {dag.py:3340} INFO - Setting next_dagrun for dataset_consumes_1 to None, run_after=None
[2025-05-03T14:29:10.601+0000] {logging_mixin.py:120} INFO - [2025-05-03T14:29:10.601+0000] {dag.py:3340} INFO - Setting next_dagrun for dataset_consumes_1_and_2 to None, run_after=None
[2025-05-03T14:29:10.602+0000] {logging_mixin.py:120} INFO - [2025-05-03T14:29:10.602+0000] {dag.py:3340} INFO - Setting next_dagrun for dataset_consumes_1_never_scheduled to None, run_after=None
[2025-05-03T14:29:10.603+0000] {logging_mixin.py:120} INFO - [2025-05-03T14:29:10.603+0000] {dag.py:3340} INFO - Setting next_dagrun for dataset_consumes_unknown_never_scheduled to None, run_after=None
[2025-05-03T14:29:10.605+0000] {logging_mixin.py:120} INFO - [2025-05-03T14:29:10.605+0000] {dag.py:3340} INFO - Setting next_dagrun for dataset_produces_1 to 2025-05-02T00:00:00+00:00, run_after=2025-05-03T00:00:00+00:00
[2025-05-03T14:29:10.606+0000] {logging_mixin.py:120} INFO - [2025-05-03T14:29:10.606+0000] {dag.py:3340} INFO - Setting next_dagrun for dataset_produces_2 to None, run_after=None
[2025-05-03T14:29:10.622+0000] {processor.py:176} INFO - Processing /home/airflow/.local/lib/python3.7/site-packages/airflow/example_dags/example_datasets.py took 0.076 seconds
[2025-05-03T15:07:53.667+0000] {processor.py:154} INFO - Started process (PID=43906) to work on /home/airflow/.local/lib/python3.7/site-packages/airflow/example_dags/example_datasets.py
[2025-05-03T15:07:53.667+0000] {processor.py:756} INFO - Processing file /home/airflow/.local/lib/python3.7/site-packages/airflow/example_dags/example_datasets.py for tasks to queue
[2025-05-03T15:07:53.668+0000] {logging_mixin.py:120} INFO - [2025-05-03T15:07:53.668+0000] {dagbag.py:537} INFO - Filling up the DagBag from /home/airflow/.local/lib/python3.7/site-packages/airflow/example_dags/example_datasets.py
[2025-05-03T15:07:53.677+0000] {processor.py:766} INFO - DAG(s) dict_keys(['dataset_consumes_1_never_scheduled', 'dataset_produces_1', 'dataset_produces_2', 'dataset_consumes_1_and_2', 'dataset_consumes_unknown_never_scheduled', 'dataset_consumes_1']) retrieved from /home/airflow/.local/lib/python3.7/site-packages/airflow/example_dags/example_datasets.py
[2025-05-03T15:07:53.706+0000] {logging_mixin.py:120} INFO - [2025-05-03T15:07:53.706+0000] {dag.py:2585} INFO - Sync 6 DAGs
[2025-05-03T15:07:53.719+0000] {logging_mixin.py:120} INFO - [2025-05-03T15:07:53.719+0000] {dag.py:3340} INFO - Setting next_dagrun for dataset_consumes_1 to None, run_after=None
[2025-05-03T15:07:53.721+0000] {logging_mixin.py:120} INFO - [2025-05-03T15:07:53.721+0000] {dag.py:3340} INFO - Setting next_dagrun for dataset_consumes_1_and_2 to None, run_after=None
[2025-05-03T15:07:53.722+0000] {logging_mixin.py:120} INFO - [2025-05-03T15:07:53.722+0000] {dag.py:3340} INFO - Setting next_dagrun for dataset_consumes_1_never_scheduled to None, run_after=None
[2025-05-03T15:07:53.723+0000] {logging_mixin.py:120} INFO - [2025-05-03T15:07:53.722+0000] {dag.py:3340} INFO - Setting next_dagrun for dataset_consumes_unknown_never_scheduled to None, run_after=None
[2025-05-03T15:07:53.725+0000] {logging_mixin.py:120} INFO - [2025-05-03T15:07:53.725+0000] {dag.py:3340} INFO - Setting next_dagrun for dataset_produces_1 to 2025-05-02T00:00:00+00:00, run_after=2025-05-03T00:00:00+00:00
[2025-05-03T15:07:53.726+0000] {logging_mixin.py:120} INFO - [2025-05-03T15:07:53.726+0000] {dag.py:3340} INFO - Setting next_dagrun for dataset_produces_2 to None, run_after=None
[2025-05-03T15:07:53.741+0000] {processor.py:176} INFO - Processing /home/airflow/.local/lib/python3.7/site-packages/airflow/example_dags/example_datasets.py took 0.076 seconds
[2025-05-03T16:21:03.016+0000] {processor.py:154} INFO - Started process (PID=43969) to work on /home/airflow/.local/lib/python3.7/site-packages/airflow/example_dags/example_datasets.py
[2025-05-03T16:21:03.017+0000] {processor.py:756} INFO - Processing file /home/airflow/.local/lib/python3.7/site-packages/airflow/example_dags/example_datasets.py for tasks to queue
[2025-05-03T16:21:03.017+0000] {logging_mixin.py:120} INFO - [2025-05-03T16:21:03.017+0000] {dagbag.py:537} INFO - Filling up the DagBag from /home/airflow/.local/lib/python3.7/site-packages/airflow/example_dags/example_datasets.py
[2025-05-03T16:21:03.025+0000] {processor.py:766} INFO - DAG(s) dict_keys(['dataset_produces_1', 'dataset_produces_2', 'dataset_consumes_1_never_scheduled', 'dataset_consumes_1', 'dataset_consumes_unknown_never_scheduled', 'dataset_consumes_1_and_2']) retrieved from /home/airflow/.local/lib/python3.7/site-packages/airflow/example_dags/example_datasets.py
[2025-05-03T16:21:03.055+0000] {logging_mixin.py:120} INFO - [2025-05-03T16:21:03.055+0000] {dag.py:2585} INFO - Sync 6 DAGs
[2025-05-03T16:21:03.067+0000] {logging_mixin.py:120} INFO - [2025-05-03T16:21:03.067+0000] {dag.py:3340} INFO - Setting next_dagrun for dataset_consumes_1 to None, run_after=None
[2025-05-03T16:21:03.070+0000] {logging_mixin.py:120} INFO - [2025-05-03T16:21:03.070+0000] {dag.py:3340} INFO - Setting next_dagrun for dataset_consumes_1_and_2 to None, run_after=None
[2025-05-03T16:21:03.071+0000] {logging_mixin.py:120} INFO - [2025-05-03T16:21:03.071+0000] {dag.py:3340} INFO - Setting next_dagrun for dataset_consumes_1_never_scheduled to None, run_after=None
[2025-05-03T16:21:03.072+0000] {logging_mixin.py:120} INFO - [2025-05-03T16:21:03.072+0000] {dag.py:3340} INFO - Setting next_dagrun for dataset_consumes_unknown_never_scheduled to None, run_after=None
[2025-05-03T16:21:03.073+0000] {logging_mixin.py:120} INFO - [2025-05-03T16:21:03.073+0000] {dag.py:3340} INFO - Setting next_dagrun for dataset_produces_1 to 2025-05-02T00:00:00+00:00, run_after=2025-05-03T00:00:00+00:00
[2025-05-03T16:21:03.073+0000] {logging_mixin.py:120} INFO - [2025-05-03T16:21:03.073+0000] {dag.py:3340} INFO - Setting next_dagrun for dataset_produces_2 to None, run_after=None
[2025-05-03T16:21:03.085+0000] {processor.py:176} INFO - Processing /home/airflow/.local/lib/python3.7/site-packages/airflow/example_dags/example_datasets.py took 0.071 seconds
[2025-05-03T16:48:05.371+0000] {processor.py:154} INFO - Started process (PID=44031) to work on /home/airflow/.local/lib/python3.7/site-packages/airflow/example_dags/example_datasets.py
[2025-05-03T16:48:05.372+0000] {processor.py:756} INFO - Processing file /home/airflow/.local/lib/python3.7/site-packages/airflow/example_dags/example_datasets.py for tasks to queue
[2025-05-03T16:48:05.372+0000] {logging_mixin.py:120} INFO - [2025-05-03T16:48:05.372+0000] {dagbag.py:537} INFO - Filling up the DagBag from /home/airflow/.local/lib/python3.7/site-packages/airflow/example_dags/example_datasets.py
[2025-05-03T16:48:05.381+0000] {processor.py:766} INFO - DAG(s) dict_keys(['dataset_consumes_unknown_never_scheduled', 'dataset_produces_2', 'dataset_consumes_1_and_2', 'dataset_consumes_1', 'dataset_produces_1', 'dataset_consumes_1_never_scheduled']) retrieved from /home/airflow/.local/lib/python3.7/site-packages/airflow/example_dags/example_datasets.py
[2025-05-03T16:48:05.407+0000] {logging_mixin.py:120} INFO - [2025-05-03T16:48:05.407+0000] {dag.py:2585} INFO - Sync 6 DAGs
[2025-05-03T16:48:05.419+0000] {logging_mixin.py:120} INFO - [2025-05-03T16:48:05.419+0000] {dag.py:3340} INFO - Setting next_dagrun for dataset_consumes_1 to None, run_after=None
[2025-05-03T16:48:05.420+0000] {logging_mixin.py:120} INFO - [2025-05-03T16:48:05.420+0000] {dag.py:3340} INFO - Setting next_dagrun for dataset_consumes_1_and_2 to None, run_after=None
[2025-05-03T16:48:05.421+0000] {logging_mixin.py:120} INFO - [2025-05-03T16:48:05.421+0000] {dag.py:3340} INFO - Setting next_dagrun for dataset_consumes_1_never_scheduled to None, run_after=None
[2025-05-03T16:48:05.421+0000] {logging_mixin.py:120} INFO - [2025-05-03T16:48:05.421+0000] {dag.py:3340} INFO - Setting next_dagrun for dataset_consumes_unknown_never_scheduled to None, run_after=None
[2025-05-03T16:48:05.422+0000] {logging_mixin.py:120} INFO - [2025-05-03T16:48:05.422+0000] {dag.py:3340} INFO - Setting next_dagrun for dataset_produces_1 to 2025-05-02T00:00:00+00:00, run_after=2025-05-03T00:00:00+00:00
[2025-05-03T16:48:05.423+0000] {logging_mixin.py:120} INFO - [2025-05-03T16:48:05.423+0000] {dag.py:3340} INFO - Setting next_dagrun for dataset_produces_2 to None, run_after=None
[2025-05-03T16:48:05.438+0000] {processor.py:176} INFO - Processing /home/airflow/.local/lib/python3.7/site-packages/airflow/example_dags/example_datasets.py took 0.068 seconds
[2025-05-03T18:05:53.830+0000] {processor.py:154} INFO - Started process (PID=44094) to work on /home/airflow/.local/lib/python3.7/site-packages/airflow/example_dags/example_datasets.py
[2025-05-03T18:05:53.830+0000] {processor.py:756} INFO - Processing file /home/airflow/.local/lib/python3.7/site-packages/airflow/example_dags/example_datasets.py for tasks to queue
[2025-05-03T18:05:53.832+0000] {logging_mixin.py:120} INFO - [2025-05-03T18:05:53.832+0000] {dagbag.py:537} INFO - Filling up the DagBag from /home/airflow/.local/lib/python3.7/site-packages/airflow/example_dags/example_datasets.py
[2025-05-03T18:05:53.841+0000] {processor.py:766} INFO - DAG(s) dict_keys(['dataset_produces_2', 'dataset_consumes_1', 'dataset_consumes_1_and_2', 'dataset_consumes_unknown_never_scheduled', 'dataset_produces_1', 'dataset_consumes_1_never_scheduled']) retrieved from /home/airflow/.local/lib/python3.7/site-packages/airflow/example_dags/example_datasets.py
[2025-05-03T18:05:53.881+0000] {logging_mixin.py:120} INFO - [2025-05-03T18:05:53.881+0000] {dag.py:2585} INFO - Sync 6 DAGs
[2025-05-03T18:05:53.895+0000] {logging_mixin.py:120} INFO - [2025-05-03T18:05:53.895+0000] {dag.py:3340} INFO - Setting next_dagrun for dataset_consumes_1 to None, run_after=None
[2025-05-03T18:05:53.896+0000] {logging_mixin.py:120} INFO - [2025-05-03T18:05:53.896+0000] {dag.py:3340} INFO - Setting next_dagrun for dataset_consumes_1_and_2 to None, run_after=None
[2025-05-03T18:05:53.896+0000] {logging_mixin.py:120} INFO - [2025-05-03T18:05:53.896+0000] {dag.py:3340} INFO - Setting next_dagrun for dataset_consumes_1_never_scheduled to None, run_after=None
[2025-05-03T18:05:53.897+0000] {logging_mixin.py:120} INFO - [2025-05-03T18:05:53.897+0000] {dag.py:3340} INFO - Setting next_dagrun for dataset_consumes_unknown_never_scheduled to None, run_after=None
[2025-05-03T18:05:53.898+0000] {logging_mixin.py:120} INFO - [2025-05-03T18:05:53.898+0000] {dag.py:3340} INFO - Setting next_dagrun for dataset_produces_1 to 2025-05-02T00:00:00+00:00, run_after=2025-05-03T00:00:00+00:00
[2025-05-03T18:05:53.898+0000] {logging_mixin.py:120} INFO - [2025-05-03T18:05:53.898+0000] {dag.py:3340} INFO - Setting next_dagrun for dataset_produces_2 to None, run_after=None
[2025-05-03T18:05:53.923+0000] {processor.py:176} INFO - Processing /home/airflow/.local/lib/python3.7/site-packages/airflow/example_dags/example_datasets.py took 0.095 seconds
[2025-05-03T19:25:57.369+0000] {processor.py:154} INFO - Started process (PID=44157) to work on /home/airflow/.local/lib/python3.7/site-packages/airflow/example_dags/example_datasets.py
[2025-05-03T19:25:57.369+0000] {processor.py:756} INFO - Processing file /home/airflow/.local/lib/python3.7/site-packages/airflow/example_dags/example_datasets.py for tasks to queue
[2025-05-03T19:25:57.369+0000] {logging_mixin.py:120} INFO - [2025-05-03T19:25:57.369+0000] {dagbag.py:537} INFO - Filling up the DagBag from /home/airflow/.local/lib/python3.7/site-packages/airflow/example_dags/example_datasets.py
[2025-05-03T19:25:57.378+0000] {processor.py:766} INFO - DAG(s) dict_keys(['dataset_consumes_1_and_2', 'dataset_consumes_1', 'dataset_produces_1', 'dataset_consumes_unknown_never_scheduled', 'dataset_produces_2', 'dataset_consumes_1_never_scheduled']) retrieved from /home/airflow/.local/lib/python3.7/site-packages/airflow/example_dags/example_datasets.py
[2025-05-03T19:25:57.410+0000] {logging_mixin.py:120} INFO - [2025-05-03T19:25:57.410+0000] {dag.py:2585} INFO - Sync 6 DAGs
[2025-05-03T19:25:57.424+0000] {logging_mixin.py:120} INFO - [2025-05-03T19:25:57.424+0000] {dag.py:3340} INFO - Setting next_dagrun for dataset_consumes_1 to None, run_after=None
[2025-05-03T19:25:57.425+0000] {logging_mixin.py:120} INFO - [2025-05-03T19:25:57.425+0000] {dag.py:3340} INFO - Setting next_dagrun for dataset_consumes_1_and_2 to None, run_after=None
[2025-05-03T19:25:57.426+0000] {logging_mixin.py:120} INFO - [2025-05-03T19:25:57.426+0000] {dag.py:3340} INFO - Setting next_dagrun for dataset_consumes_1_never_scheduled to None, run_after=None
[2025-05-03T19:25:57.426+0000] {logging_mixin.py:120} INFO - [2025-05-03T19:25:57.426+0000] {dag.py:3340} INFO - Setting next_dagrun for dataset_consumes_unknown_never_scheduled to None, run_after=None
[2025-05-03T19:25:57.428+0000] {logging_mixin.py:120} INFO - [2025-05-03T19:25:57.428+0000] {dag.py:3340} INFO - Setting next_dagrun for dataset_produces_1 to 2025-05-02T00:00:00+00:00, run_after=2025-05-03T00:00:00+00:00
[2025-05-03T19:25:57.428+0000] {logging_mixin.py:120} INFO - [2025-05-03T19:25:57.428+0000] {dag.py:3340} INFO - Setting next_dagrun for dataset_produces_2 to None, run_after=None
[2025-05-03T19:25:57.442+0000] {processor.py:176} INFO - Processing /home/airflow/.local/lib/python3.7/site-packages/airflow/example_dags/example_datasets.py took 0.075 seconds
[2025-05-03T20:07:04.844+0000] {processor.py:154} INFO - Started process (PID=44219) to work on /home/airflow/.local/lib/python3.7/site-packages/airflow/example_dags/example_datasets.py
[2025-05-03T20:07:04.844+0000] {processor.py:756} INFO - Processing file /home/airflow/.local/lib/python3.7/site-packages/airflow/example_dags/example_datasets.py for tasks to queue
[2025-05-03T20:07:04.846+0000] {logging_mixin.py:120} INFO - [2025-05-03T20:07:04.846+0000] {dagbag.py:537} INFO - Filling up the DagBag from /home/airflow/.local/lib/python3.7/site-packages/airflow/example_dags/example_datasets.py
[2025-05-03T20:07:04.856+0000] {processor.py:766} INFO - DAG(s) dict_keys(['dataset_consumes_1_never_scheduled', 'dataset_produces_2', 'dataset_consumes_1', 'dataset_produces_1', 'dataset_consumes_unknown_never_scheduled', 'dataset_consumes_1_and_2']) retrieved from /home/airflow/.local/lib/python3.7/site-packages/airflow/example_dags/example_datasets.py
[2025-05-03T20:07:04.887+0000] {logging_mixin.py:120} INFO - [2025-05-03T20:07:04.887+0000] {dag.py:2585} INFO - Sync 6 DAGs
[2025-05-03T20:07:04.900+0000] {logging_mixin.py:120} INFO - [2025-05-03T20:07:04.900+0000] {dag.py:3340} INFO - Setting next_dagrun for dataset_consumes_1 to None, run_after=None
[2025-05-03T20:07:04.902+0000] {logging_mixin.py:120} INFO - [2025-05-03T20:07:04.902+0000] {dag.py:3340} INFO - Setting next_dagrun for dataset_consumes_1_and_2 to None, run_after=None
[2025-05-03T20:07:04.906+0000] {logging_mixin.py:120} INFO - [2025-05-03T20:07:04.906+0000] {dag.py:3340} INFO - Setting next_dagrun for dataset_consumes_1_never_scheduled to None, run_after=None
[2025-05-03T20:07:04.906+0000] {logging_mixin.py:120} INFO - [2025-05-03T20:07:04.906+0000] {dag.py:3340} INFO - Setting next_dagrun for dataset_consumes_unknown_never_scheduled to None, run_after=None
[2025-05-03T20:07:04.907+0000] {logging_mixin.py:120} INFO - [2025-05-03T20:07:04.907+0000] {dag.py:3340} INFO - Setting next_dagrun for dataset_produces_1 to 2025-05-02T00:00:00+00:00, run_after=2025-05-03T00:00:00+00:00
[2025-05-03T20:07:04.908+0000] {logging_mixin.py:120} INFO - [2025-05-03T20:07:04.908+0000] {dag.py:3340} INFO - Setting next_dagrun for dataset_produces_2 to None, run_after=None
[2025-05-03T20:07:04.926+0000] {processor.py:176} INFO - Processing /home/airflow/.local/lib/python3.7/site-packages/airflow/example_dags/example_datasets.py took 0.084 seconds
[2025-05-03T21:36:13.232+0000] {processor.py:154} INFO - Started process (PID=44273) to work on /home/airflow/.local/lib/python3.7/site-packages/airflow/example_dags/example_datasets.py
[2025-05-03T21:36:13.240+0000] {processor.py:756} INFO - Processing file /home/airflow/.local/lib/python3.7/site-packages/airflow/example_dags/example_datasets.py for tasks to queue
[2025-05-03T21:36:13.241+0000] {logging_mixin.py:120} INFO - [2025-05-03T21:36:13.240+0000] {dagbag.py:537} INFO - Filling up the DagBag from /home/airflow/.local/lib/python3.7/site-packages/airflow/example_dags/example_datasets.py
[2025-05-03T21:36:13.250+0000] {processor.py:766} INFO - DAG(s) dict_keys(['dataset_consumes_1_and_2', 'dataset_consumes_unknown_never_scheduled', 'dataset_consumes_1_never_scheduled', 'dataset_produces_2', 'dataset_produces_1', 'dataset_consumes_1']) retrieved from /home/airflow/.local/lib/python3.7/site-packages/airflow/example_dags/example_datasets.py
[2025-05-03T21:36:13.284+0000] {logging_mixin.py:120} INFO - [2025-05-03T21:36:13.284+0000] {dag.py:2585} INFO - Sync 6 DAGs
[2025-05-03T21:36:13.299+0000] {logging_mixin.py:120} INFO - [2025-05-03T21:36:13.299+0000] {dag.py:3340} INFO - Setting next_dagrun for dataset_consumes_1 to None, run_after=None
[2025-05-03T21:36:13.302+0000] {logging_mixin.py:120} INFO - [2025-05-03T21:36:13.302+0000] {dag.py:3340} INFO - Setting next_dagrun for dataset_consumes_1_and_2 to None, run_after=None
[2025-05-03T21:36:13.303+0000] {logging_mixin.py:120} INFO - [2025-05-03T21:36:13.303+0000] {dag.py:3340} INFO - Setting next_dagrun for dataset_consumes_1_never_scheduled to None, run_after=None
[2025-05-03T21:36:13.304+0000] {logging_mixin.py:120} INFO - [2025-05-03T21:36:13.304+0000] {dag.py:3340} INFO - Setting next_dagrun for dataset_consumes_unknown_never_scheduled to None, run_after=None
[2025-05-03T21:36:13.305+0000] {logging_mixin.py:120} INFO - [2025-05-03T21:36:13.305+0000] {dag.py:3340} INFO - Setting next_dagrun for dataset_produces_1 to 2025-05-02T00:00:00+00:00, run_after=2025-05-03T00:00:00+00:00
[2025-05-03T21:36:13.306+0000] {logging_mixin.py:120} INFO - [2025-05-03T21:36:13.306+0000] {dag.py:3340} INFO - Setting next_dagrun for dataset_produces_2 to None, run_after=None
[2025-05-03T21:36:13.325+0000] {processor.py:176} INFO - Processing /home/airflow/.local/lib/python3.7/site-packages/airflow/example_dags/example_datasets.py took 0.095 seconds
[2025-05-03T22:19:52.253+0000] {processor.py:154} INFO - Started process (PID=44336) to work on /home/airflow/.local/lib/python3.7/site-packages/airflow/example_dags/example_datasets.py
[2025-05-03T22:19:52.255+0000] {processor.py:756} INFO - Processing file /home/airflow/.local/lib/python3.7/site-packages/airflow/example_dags/example_datasets.py for tasks to queue
[2025-05-03T22:19:52.256+0000] {logging_mixin.py:120} INFO - [2025-05-03T22:19:52.256+0000] {dagbag.py:537} INFO - Filling up the DagBag from /home/airflow/.local/lib/python3.7/site-packages/airflow/example_dags/example_datasets.py
[2025-05-03T22:19:52.264+0000] {processor.py:766} INFO - DAG(s) dict_keys(['dataset_consumes_unknown_never_scheduled', 'dataset_produces_2', 'dataset_consumes_1_and_2', 'dataset_consumes_1_never_scheduled', 'dataset_produces_1', 'dataset_consumes_1']) retrieved from /home/airflow/.local/lib/python3.7/site-packages/airflow/example_dags/example_datasets.py
[2025-05-03T22:19:52.287+0000] {logging_mixin.py:120} INFO - [2025-05-03T22:19:52.287+0000] {dag.py:2585} INFO - Sync 6 DAGs
[2025-05-03T22:19:52.298+0000] {logging_mixin.py:120} INFO - [2025-05-03T22:19:52.298+0000] {dag.py:3340} INFO - Setting next_dagrun for dataset_consumes_1 to None, run_after=None
[2025-05-03T22:19:52.300+0000] {logging_mixin.py:120} INFO - [2025-05-03T22:19:52.300+0000] {dag.py:3340} INFO - Setting next_dagrun for dataset_consumes_1_and_2 to None, run_after=None
[2025-05-03T22:19:52.301+0000] {logging_mixin.py:120} INFO - [2025-05-03T22:19:52.300+0000] {dag.py:3340} INFO - Setting next_dagrun for dataset_consumes_1_never_scheduled to None, run_after=None
[2025-05-03T22:19:52.301+0000] {logging_mixin.py:120} INFO - [2025-05-03T22:19:52.301+0000] {dag.py:3340} INFO - Setting next_dagrun for dataset_consumes_unknown_never_scheduled to None, run_after=None
[2025-05-03T22:19:52.302+0000] {logging_mixin.py:120} INFO - [2025-05-03T22:19:52.302+0000] {dag.py:3340} INFO - Setting next_dagrun for dataset_produces_1 to 2025-05-02T00:00:00+00:00, run_after=2025-05-03T00:00:00+00:00
[2025-05-03T22:19:52.303+0000] {logging_mixin.py:120} INFO - [2025-05-03T22:19:52.303+0000] {dag.py:3340} INFO - Setting next_dagrun for dataset_produces_2 to None, run_after=None
[2025-05-03T22:19:52.314+0000] {processor.py:176} INFO - Processing /home/airflow/.local/lib/python3.7/site-packages/airflow/example_dags/example_datasets.py took 0.062 seconds
[2025-05-03T23:04:45.342+0000] {processor.py:154} INFO - Started process (PID=44399) to work on /home/airflow/.local/lib/python3.7/site-packages/airflow/example_dags/example_datasets.py
[2025-05-03T23:04:45.344+0000] {processor.py:756} INFO - Processing file /home/airflow/.local/lib/python3.7/site-packages/airflow/example_dags/example_datasets.py for tasks to queue
[2025-05-03T23:04:45.345+0000] {logging_mixin.py:120} INFO - [2025-05-03T23:04:45.345+0000] {dagbag.py:537} INFO - Filling up the DagBag from /home/airflow/.local/lib/python3.7/site-packages/airflow/example_dags/example_datasets.py
[2025-05-03T23:04:45.352+0000] {processor.py:766} INFO - DAG(s) dict_keys(['dataset_produces_1', 'dataset_produces_2', 'dataset_consumes_1_never_scheduled', 'dataset_consumes_unknown_never_scheduled', 'dataset_consumes_1_and_2', 'dataset_consumes_1']) retrieved from /home/airflow/.local/lib/python3.7/site-packages/airflow/example_dags/example_datasets.py
[2025-05-03T23:04:45.381+0000] {logging_mixin.py:120} INFO - [2025-05-03T23:04:45.380+0000] {dag.py:2585} INFO - Sync 6 DAGs
[2025-05-03T23:04:45.393+0000] {logging_mixin.py:120} INFO - [2025-05-03T23:04:45.393+0000] {dag.py:3340} INFO - Setting next_dagrun for dataset_consumes_1 to None, run_after=None
[2025-05-03T23:04:45.395+0000] {logging_mixin.py:120} INFO - [2025-05-03T23:04:45.395+0000] {dag.py:3340} INFO - Setting next_dagrun for dataset_consumes_1_and_2 to None, run_after=None
[2025-05-03T23:04:45.395+0000] {logging_mixin.py:120} INFO - [2025-05-03T23:04:45.395+0000] {dag.py:3340} INFO - Setting next_dagrun for dataset_consumes_1_never_scheduled to None, run_after=None
[2025-05-03T23:04:45.396+0000] {logging_mixin.py:120} INFO - [2025-05-03T23:04:45.396+0000] {dag.py:3340} INFO - Setting next_dagrun for dataset_consumes_unknown_never_scheduled to None, run_after=None
[2025-05-03T23:04:45.397+0000] {logging_mixin.py:120} INFO - [2025-05-03T23:04:45.397+0000] {dag.py:3340} INFO - Setting next_dagrun for dataset_produces_1 to 2025-05-02T00:00:00+00:00, run_after=2025-05-03T00:00:00+00:00
[2025-05-03T23:04:45.399+0000] {logging_mixin.py:120} INFO - [2025-05-03T23:04:45.399+0000] {dag.py:3340} INFO - Setting next_dagrun for dataset_produces_2 to None, run_after=None
[2025-05-03T23:04:45.414+0000] {processor.py:176} INFO - Processing /home/airflow/.local/lib/python3.7/site-packages/airflow/example_dags/example_datasets.py took 0.073 seconds
[2025-05-03T23:22:07.613+0000] {processor.py:154} INFO - Started process (PID=44461) to work on /home/airflow/.local/lib/python3.7/site-packages/airflow/example_dags/example_datasets.py
[2025-05-03T23:22:07.613+0000] {processor.py:756} INFO - Processing file /home/airflow/.local/lib/python3.7/site-packages/airflow/example_dags/example_datasets.py for tasks to queue
[2025-05-03T23:22:07.614+0000] {logging_mixin.py:120} INFO - [2025-05-03T23:22:07.614+0000] {dagbag.py:537} INFO - Filling up the DagBag from /home/airflow/.local/lib/python3.7/site-packages/airflow/example_dags/example_datasets.py
[2025-05-03T23:22:07.622+0000] {processor.py:766} INFO - DAG(s) dict_keys(['dataset_consumes_1_and_2', 'dataset_consumes_1', 'dataset_consumes_1_never_scheduled', 'dataset_produces_1', 'dataset_produces_2', 'dataset_consumes_unknown_never_scheduled']) retrieved from /home/airflow/.local/lib/python3.7/site-packages/airflow/example_dags/example_datasets.py
[2025-05-03T23:22:07.653+0000] {logging_mixin.py:120} INFO - [2025-05-03T23:22:07.652+0000] {dag.py:2585} INFO - Sync 6 DAGs
[2025-05-03T23:22:07.665+0000] {logging_mixin.py:120} INFO - [2025-05-03T23:22:07.665+0000] {dag.py:3340} INFO - Setting next_dagrun for dataset_consumes_1 to None, run_after=None
[2025-05-03T23:22:07.667+0000] {logging_mixin.py:120} INFO - [2025-05-03T23:22:07.666+0000] {dag.py:3340} INFO - Setting next_dagrun for dataset_consumes_1_and_2 to None, run_after=None
[2025-05-03T23:22:07.667+0000] {logging_mixin.py:120} INFO - [2025-05-03T23:22:07.667+0000] {dag.py:3340} INFO - Setting next_dagrun for dataset_consumes_1_never_scheduled to None, run_after=None
[2025-05-03T23:22:07.668+0000] {logging_mixin.py:120} INFO - [2025-05-03T23:22:07.667+0000] {dag.py:3340} INFO - Setting next_dagrun for dataset_consumes_unknown_never_scheduled to None, run_after=None
[2025-05-03T23:22:07.669+0000] {logging_mixin.py:120} INFO - [2025-05-03T23:22:07.669+0000] {dag.py:3340} INFO - Setting next_dagrun for dataset_produces_1 to 2025-05-02T00:00:00+00:00, run_after=2025-05-03T00:00:00+00:00
[2025-05-03T23:22:07.669+0000] {logging_mixin.py:120} INFO - [2025-05-03T23:22:07.669+0000] {dag.py:3340} INFO - Setting next_dagrun for dataset_produces_2 to None, run_after=None
[2025-05-03T23:22:07.681+0000] {processor.py:176} INFO - Processing /home/airflow/.local/lib/python3.7/site-packages/airflow/example_dags/example_datasets.py took 0.071 seconds
[2025-05-03T23:38:28.844+0000] {processor.py:154} INFO - Started process (PID=44524) to work on /home/airflow/.local/lib/python3.7/site-packages/airflow/example_dags/example_datasets.py
[2025-05-03T23:38:28.845+0000] {processor.py:756} INFO - Processing file /home/airflow/.local/lib/python3.7/site-packages/airflow/example_dags/example_datasets.py for tasks to queue
[2025-05-03T23:38:28.845+0000] {logging_mixin.py:120} INFO - [2025-05-03T23:38:28.845+0000] {dagbag.py:537} INFO - Filling up the DagBag from /home/airflow/.local/lib/python3.7/site-packages/airflow/example_dags/example_datasets.py
[2025-05-03T23:38:28.853+0000] {processor.py:766} INFO - DAG(s) dict_keys(['dataset_produces_2', 'dataset_consumes_1_never_scheduled', 'dataset_consumes_1_and_2', 'dataset_consumes_unknown_never_scheduled', 'dataset_produces_1', 'dataset_consumes_1']) retrieved from /home/airflow/.local/lib/python3.7/site-packages/airflow/example_dags/example_datasets.py
[2025-05-03T23:38:28.877+0000] {logging_mixin.py:120} INFO - [2025-05-03T23:38:28.876+0000] {dag.py:2585} INFO - Sync 6 DAGs
[2025-05-03T23:38:28.890+0000] {logging_mixin.py:120} INFO - [2025-05-03T23:38:28.890+0000] {dag.py:3340} INFO - Setting next_dagrun for dataset_consumes_1 to None, run_after=None
[2025-05-03T23:38:28.895+0000] {logging_mixin.py:120} INFO - [2025-05-03T23:38:28.895+0000] {dag.py:3340} INFO - Setting next_dagrun for dataset_consumes_1_and_2 to None, run_after=None
[2025-05-03T23:38:28.895+0000] {logging_mixin.py:120} INFO - [2025-05-03T23:38:28.895+0000] {dag.py:3340} INFO - Setting next_dagrun for dataset_consumes_1_never_scheduled to None, run_after=None
[2025-05-03T23:38:28.896+0000] {logging_mixin.py:120} INFO - [2025-05-03T23:38:28.896+0000] {dag.py:3340} INFO - Setting next_dagrun for dataset_consumes_unknown_never_scheduled to None, run_after=None
[2025-05-03T23:38:28.897+0000] {logging_mixin.py:120} INFO - [2025-05-03T23:38:28.897+0000] {dag.py:3340} INFO - Setting next_dagrun for dataset_produces_1 to 2025-05-02T00:00:00+00:00, run_after=2025-05-03T00:00:00+00:00
[2025-05-03T23:38:28.901+0000] {logging_mixin.py:120} INFO - [2025-05-03T23:38:28.901+0000] {dag.py:3340} INFO - Setting next_dagrun for dataset_produces_2 to None, run_after=None
[2025-05-03T23:38:28.913+0000] {processor.py:176} INFO - Processing /home/airflow/.local/lib/python3.7/site-packages/airflow/example_dags/example_datasets.py took 0.070 seconds
[2025-05-03T23:56:24.401+0000] {processor.py:154} INFO - Started process (PID=44587) to work on /home/airflow/.local/lib/python3.7/site-packages/airflow/example_dags/example_datasets.py
[2025-05-03T23:56:24.402+0000] {processor.py:756} INFO - Processing file /home/airflow/.local/lib/python3.7/site-packages/airflow/example_dags/example_datasets.py for tasks to queue
[2025-05-03T23:56:24.402+0000] {logging_mixin.py:120} INFO - [2025-05-03T23:56:24.402+0000] {dagbag.py:537} INFO - Filling up the DagBag from /home/airflow/.local/lib/python3.7/site-packages/airflow/example_dags/example_datasets.py
[2025-05-03T23:56:24.424+0000] {processor.py:766} INFO - DAG(s) dict_keys(['dataset_produces_2', 'dataset_consumes_unknown_never_scheduled', 'dataset_consumes_1', 'dataset_consumes_1_never_scheduled', 'dataset_produces_1', 'dataset_consumes_1_and_2']) retrieved from /home/airflow/.local/lib/python3.7/site-packages/airflow/example_dags/example_datasets.py
[2025-05-03T23:56:24.462+0000] {logging_mixin.py:120} INFO - [2025-05-03T23:56:24.462+0000] {dag.py:2585} INFO - Sync 6 DAGs
[2025-05-03T23:56:24.478+0000] {logging_mixin.py:120} INFO - [2025-05-03T23:56:24.478+0000] {dag.py:3340} INFO - Setting next_dagrun for dataset_consumes_1 to None, run_after=None
[2025-05-03T23:56:24.479+0000] {logging_mixin.py:120} INFO - [2025-05-03T23:56:24.479+0000] {dag.py:3340} INFO - Setting next_dagrun for dataset_consumes_1_and_2 to None, run_after=None
[2025-05-03T23:56:24.479+0000] {logging_mixin.py:120} INFO - [2025-05-03T23:56:24.479+0000] {dag.py:3340} INFO - Setting next_dagrun for dataset_consumes_1_never_scheduled to None, run_after=None
[2025-05-03T23:56:24.480+0000] {logging_mixin.py:120} INFO - [2025-05-03T23:56:24.480+0000] {dag.py:3340} INFO - Setting next_dagrun for dataset_consumes_unknown_never_scheduled to None, run_after=None
[2025-05-03T23:56:24.481+0000] {logging_mixin.py:120} INFO - [2025-05-03T23:56:24.481+0000] {dag.py:3340} INFO - Setting next_dagrun for dataset_produces_1 to 2025-05-02T00:00:00+00:00, run_after=2025-05-03T00:00:00+00:00
[2025-05-03T23:56:24.482+0000] {logging_mixin.py:120} INFO - [2025-05-03T23:56:24.481+0000] {dag.py:3340} INFO - Setting next_dagrun for dataset_produces_2 to None, run_after=None
[2025-05-03T23:56:24.537+0000] {processor.py:176} INFO - Processing /home/airflow/.local/lib/python3.7/site-packages/airflow/example_dags/example_datasets.py took 0.256 seconds
