[2025-05-03T00:29:31.072+0000] {processor.py:154} INFO - Started process (PID=42614) to work on /home/airflow/.local/lib/python3.7/site-packages/airflow/example_dags/example_task_group_decorator.py
[2025-05-03T00:29:31.072+0000] {processor.py:756} INFO - Processing file /home/airflow/.local/lib/python3.7/site-packages/airflow/example_dags/example_task_group_decorator.py for tasks to queue
[2025-05-03T00:29:31.073+0000] {logging_mixin.py:120} INFO - [2025-05-03T00:29:31.072+0000] {dagbag.py:537} INFO - Filling up the DagBag from /home/airflow/.local/lib/python3.7/site-packages/airflow/example_dags/example_task_group_decorator.py
[2025-05-03T00:29:31.085+0000] {processor.py:766} INFO - DAG(s) dict_keys(['example_task_group_decorator']) retrieved from /home/airflow/.local/lib/python3.7/site-packages/airflow/example_dags/example_task_group_decorator.py
[2025-05-03T00:29:31.105+0000] {logging_mixin.py:120} INFO - [2025-05-03T00:29:31.105+0000] {dag.py:2585} INFO - Sync 1 DAGs
[2025-05-03T00:29:31.115+0000] {logging_mixin.py:120} INFO - [2025-05-03T00:29:31.115+0000] {dag.py:3340} INFO - Setting next_dagrun for example_task_group_decorator to 2025-05-02T00:29:31.115732+00:00, run_after=2025-05-03T00:29:31.115732+00:00
[2025-05-03T00:29:31.126+0000] {processor.py:176} INFO - Processing /home/airflow/.local/lib/python3.7/site-packages/airflow/example_dags/example_task_group_decorator.py took 0.055 seconds
[2025-05-03T00:52:39.304+0000] {processor.py:154} INFO - Started process (PID=42668) to work on /home/airflow/.local/lib/python3.7/site-packages/airflow/example_dags/example_task_group_decorator.py
[2025-05-03T00:52:39.305+0000] {processor.py:756} INFO - Processing file /home/airflow/.local/lib/python3.7/site-packages/airflow/example_dags/example_task_group_decorator.py for tasks to queue
[2025-05-03T00:52:39.305+0000] {logging_mixin.py:120} INFO - [2025-05-03T00:52:39.305+0000] {dagbag.py:537} INFO - Filling up the DagBag from /home/airflow/.local/lib/python3.7/site-packages/airflow/example_dags/example_task_group_decorator.py
[2025-05-03T00:52:39.316+0000] {processor.py:766} INFO - DAG(s) dict_keys(['example_task_group_decorator']) retrieved from /home/airflow/.local/lib/python3.7/site-packages/airflow/example_dags/example_task_group_decorator.py
[2025-05-03T00:52:39.332+0000] {logging_mixin.py:120} INFO - [2025-05-03T00:52:39.332+0000] {dag.py:2585} INFO - Sync 1 DAGs
[2025-05-03T00:52:39.341+0000] {logging_mixin.py:120} INFO - [2025-05-03T00:52:39.341+0000] {dag.py:3340} INFO - Setting next_dagrun for example_task_group_decorator to 2025-05-02T00:52:39.341264+00:00, run_after=2025-05-03T00:52:39.341264+00:00
[2025-05-03T00:52:39.347+0000] {processor.py:176} INFO - Processing /home/airflow/.local/lib/python3.7/site-packages/airflow/example_dags/example_task_group_decorator.py took 0.044 seconds
[2025-05-03T01:16:07.704+0000] {processor.py:154} INFO - Started process (PID=42731) to work on /home/airflow/.local/lib/python3.7/site-packages/airflow/example_dags/example_task_group_decorator.py
[2025-05-03T01:16:07.704+0000] {processor.py:756} INFO - Processing file /home/airflow/.local/lib/python3.7/site-packages/airflow/example_dags/example_task_group_decorator.py for tasks to queue
[2025-05-03T01:16:07.705+0000] {logging_mixin.py:120} INFO - [2025-05-03T01:16:07.705+0000] {dagbag.py:537} INFO - Filling up the DagBag from /home/airflow/.local/lib/python3.7/site-packages/airflow/example_dags/example_task_group_decorator.py
[2025-05-03T01:16:07.717+0000] {processor.py:766} INFO - DAG(s) dict_keys(['example_task_group_decorator']) retrieved from /home/airflow/.local/lib/python3.7/site-packages/airflow/example_dags/example_task_group_decorator.py
[2025-05-03T01:16:07.737+0000] {logging_mixin.py:120} INFO - [2025-05-03T01:16:07.737+0000] {dag.py:2585} INFO - Sync 1 DAGs
[2025-05-03T01:16:07.749+0000] {logging_mixin.py:120} INFO - [2025-05-03T01:16:07.749+0000] {dag.py:3340} INFO - Setting next_dagrun for example_task_group_decorator to 2025-05-02T01:16:07.748993+00:00, run_after=2025-05-03T01:16:07.748993+00:00
[2025-05-03T01:16:07.759+0000] {processor.py:176} INFO - Processing /home/airflow/.local/lib/python3.7/site-packages/airflow/example_dags/example_task_group_decorator.py took 0.056 seconds
[2025-05-03T01:19:52.278+0000] {processor.py:154} INFO - Started process (PID=42793) to work on /home/airflow/.local/lib/python3.7/site-packages/airflow/example_dags/example_task_group_decorator.py
[2025-05-03T01:19:52.278+0000] {processor.py:756} INFO - Processing file /home/airflow/.local/lib/python3.7/site-packages/airflow/example_dags/example_task_group_decorator.py for tasks to queue
[2025-05-03T01:19:52.278+0000] {logging_mixin.py:120} INFO - [2025-05-03T01:19:52.278+0000] {dagbag.py:537} INFO - Filling up the DagBag from /home/airflow/.local/lib/python3.7/site-packages/airflow/example_dags/example_task_group_decorator.py
[2025-05-03T01:19:52.292+0000] {processor.py:766} INFO - DAG(s) dict_keys(['example_task_group_decorator']) retrieved from /home/airflow/.local/lib/python3.7/site-packages/airflow/example_dags/example_task_group_decorator.py
[2025-05-03T01:19:52.311+0000] {logging_mixin.py:120} INFO - [2025-05-03T01:19:52.311+0000] {dag.py:2585} INFO - Sync 1 DAGs
[2025-05-03T01:19:52.321+0000] {logging_mixin.py:120} INFO - [2025-05-03T01:19:52.320+0000] {dag.py:3340} INFO - Setting next_dagrun for example_task_group_decorator to 2025-05-02T01:19:52.320877+00:00, run_after=2025-05-03T01:19:52.320877+00:00
[2025-05-03T01:19:52.331+0000] {processor.py:176} INFO - Processing /home/airflow/.local/lib/python3.7/site-packages/airflow/example_dags/example_task_group_decorator.py took 0.055 seconds
[2025-05-03T01:24:03.949+0000] {processor.py:154} INFO - Started process (PID=42855) to work on /home/airflow/.local/lib/python3.7/site-packages/airflow/example_dags/example_task_group_decorator.py
[2025-05-03T01:24:03.951+0000] {processor.py:756} INFO - Processing file /home/airflow/.local/lib/python3.7/site-packages/airflow/example_dags/example_task_group_decorator.py for tasks to queue
[2025-05-03T01:24:03.951+0000] {logging_mixin.py:120} INFO - [2025-05-03T01:24:03.951+0000] {dagbag.py:537} INFO - Filling up the DagBag from /home/airflow/.local/lib/python3.7/site-packages/airflow/example_dags/example_task_group_decorator.py
[2025-05-03T01:24:03.967+0000] {processor.py:766} INFO - DAG(s) dict_keys(['example_task_group_decorator']) retrieved from /home/airflow/.local/lib/python3.7/site-packages/airflow/example_dags/example_task_group_decorator.py
[2025-05-03T01:24:03.995+0000] {logging_mixin.py:120} INFO - [2025-05-03T01:24:03.995+0000] {dag.py:2585} INFO - Sync 1 DAGs
[2025-05-03T01:24:04.009+0000] {logging_mixin.py:120} INFO - [2025-05-03T01:24:04.008+0000] {dag.py:3340} INFO - Setting next_dagrun for example_task_group_decorator to 2025-05-02T01:24:04.008816+00:00, run_after=2025-05-03T01:24:04.008816+00:00
[2025-05-03T01:24:04.017+0000] {processor.py:176} INFO - Processing /home/airflow/.local/lib/python3.7/site-packages/airflow/example_dags/example_task_group_decorator.py took 0.070 seconds
[2025-05-03T02:06:31.962+0000] {processor.py:154} INFO - Started process (PID=42918) to work on /home/airflow/.local/lib/python3.7/site-packages/airflow/example_dags/example_task_group_decorator.py
[2025-05-03T02:06:31.962+0000] {processor.py:756} INFO - Processing file /home/airflow/.local/lib/python3.7/site-packages/airflow/example_dags/example_task_group_decorator.py for tasks to queue
[2025-05-03T02:06:31.962+0000] {logging_mixin.py:120} INFO - [2025-05-03T02:06:31.962+0000] {dagbag.py:537} INFO - Filling up the DagBag from /home/airflow/.local/lib/python3.7/site-packages/airflow/example_dags/example_task_group_decorator.py
[2025-05-03T02:06:31.973+0000] {processor.py:766} INFO - DAG(s) dict_keys(['example_task_group_decorator']) retrieved from /home/airflow/.local/lib/python3.7/site-packages/airflow/example_dags/example_task_group_decorator.py
[2025-05-03T02:06:31.989+0000] {logging_mixin.py:120} INFO - [2025-05-03T02:06:31.989+0000] {dag.py:2585} INFO - Sync 1 DAGs
[2025-05-03T02:06:31.998+0000] {logging_mixin.py:120} INFO - [2025-05-03T02:06:31.998+0000] {dag.py:3340} INFO - Setting next_dagrun for example_task_group_decorator to 2025-05-02T02:06:31.998725+00:00, run_after=2025-05-03T02:06:31.998725+00:00
[2025-05-03T02:06:32.008+0000] {processor.py:176} INFO - Processing /home/airflow/.local/lib/python3.7/site-packages/airflow/example_dags/example_task_group_decorator.py took 0.047 seconds
[2025-05-03T02:48:23.721+0000] {processor.py:154} INFO - Started process (PID=42981) to work on /home/airflow/.local/lib/python3.7/site-packages/airflow/example_dags/example_task_group_decorator.py
[2025-05-03T02:48:23.721+0000] {processor.py:756} INFO - Processing file /home/airflow/.local/lib/python3.7/site-packages/airflow/example_dags/example_task_group_decorator.py for tasks to queue
[2025-05-03T02:48:23.722+0000] {logging_mixin.py:120} INFO - [2025-05-03T02:48:23.722+0000] {dagbag.py:537} INFO - Filling up the DagBag from /home/airflow/.local/lib/python3.7/site-packages/airflow/example_dags/example_task_group_decorator.py
[2025-05-03T02:48:23.736+0000] {processor.py:766} INFO - DAG(s) dict_keys(['example_task_group_decorator']) retrieved from /home/airflow/.local/lib/python3.7/site-packages/airflow/example_dags/example_task_group_decorator.py
[2025-05-03T02:48:23.763+0000] {logging_mixin.py:120} INFO - [2025-05-03T02:48:23.762+0000] {dag.py:2585} INFO - Sync 1 DAGs
[2025-05-03T02:48:23.775+0000] {logging_mixin.py:120} INFO - [2025-05-03T02:48:23.774+0000] {dag.py:3340} INFO - Setting next_dagrun for example_task_group_decorator to 2025-05-02T02:48:23.774796+00:00, run_after=2025-05-03T02:48:23.774796+00:00
[2025-05-03T02:48:23.786+0000] {processor.py:176} INFO - Processing /home/airflow/.local/lib/python3.7/site-packages/airflow/example_dags/example_task_group_decorator.py took 0.067 seconds
[2025-05-03T03:21:19.521+0000] {processor.py:154} INFO - Started process (PID=43035) to work on /home/airflow/.local/lib/python3.7/site-packages/airflow/example_dags/example_task_group_decorator.py
[2025-05-03T03:21:19.521+0000] {processor.py:756} INFO - Processing file /home/airflow/.local/lib/python3.7/site-packages/airflow/example_dags/example_task_group_decorator.py for tasks to queue
[2025-05-03T03:21:19.521+0000] {logging_mixin.py:120} INFO - [2025-05-03T03:21:19.521+0000] {dagbag.py:537} INFO - Filling up the DagBag from /home/airflow/.local/lib/python3.7/site-packages/airflow/example_dags/example_task_group_decorator.py
[2025-05-03T03:21:19.532+0000] {processor.py:766} INFO - DAG(s) dict_keys(['example_task_group_decorator']) retrieved from /home/airflow/.local/lib/python3.7/site-packages/airflow/example_dags/example_task_group_decorator.py
[2025-05-03T03:21:19.549+0000] {logging_mixin.py:120} INFO - [2025-05-03T03:21:19.549+0000] {dag.py:2585} INFO - Sync 1 DAGs
[2025-05-03T03:21:19.558+0000] {logging_mixin.py:120} INFO - [2025-05-03T03:21:19.558+0000] {dag.py:3340} INFO - Setting next_dagrun for example_task_group_decorator to 2025-05-02T03:21:19.557954+00:00, run_after=2025-05-03T03:21:19.557954+00:00
[2025-05-03T03:21:19.564+0000] {processor.py:176} INFO - Processing /home/airflow/.local/lib/python3.7/site-packages/airflow/example_dags/example_task_group_decorator.py took 0.045 seconds
[2025-05-03T04:10:41.609+0000] {processor.py:154} INFO - Started process (PID=43098) to work on /home/airflow/.local/lib/python3.7/site-packages/airflow/example_dags/example_task_group_decorator.py
[2025-05-03T04:10:41.610+0000] {processor.py:756} INFO - Processing file /home/airflow/.local/lib/python3.7/site-packages/airflow/example_dags/example_task_group_decorator.py for tasks to queue
[2025-05-03T04:10:41.610+0000] {logging_mixin.py:120} INFO - [2025-05-03T04:10:41.610+0000] {dagbag.py:537} INFO - Filling up the DagBag from /home/airflow/.local/lib/python3.7/site-packages/airflow/example_dags/example_task_group_decorator.py
[2025-05-03T04:10:41.622+0000] {processor.py:766} INFO - DAG(s) dict_keys(['example_task_group_decorator']) retrieved from /home/airflow/.local/lib/python3.7/site-packages/airflow/example_dags/example_task_group_decorator.py
[2025-05-03T04:10:41.639+0000] {logging_mixin.py:120} INFO - [2025-05-03T04:10:41.639+0000] {dag.py:2585} INFO - Sync 1 DAGs
[2025-05-03T04:10:41.649+0000] {logging_mixin.py:120} INFO - [2025-05-03T04:10:41.649+0000] {dag.py:3340} INFO - Setting next_dagrun for example_task_group_decorator to 2025-05-02T04:10:41.648989+00:00, run_after=2025-05-03T04:10:41.648989+00:00
[2025-05-03T04:10:41.655+0000] {processor.py:176} INFO - Processing /home/airflow/.local/lib/python3.7/site-packages/airflow/example_dags/example_task_group_decorator.py took 0.047 seconds
[2025-05-03T04:54:15.713+0000] {processor.py:154} INFO - Started process (PID=43161) to work on /home/airflow/.local/lib/python3.7/site-packages/airflow/example_dags/example_task_group_decorator.py
[2025-05-03T04:54:15.714+0000] {processor.py:756} INFO - Processing file /home/airflow/.local/lib/python3.7/site-packages/airflow/example_dags/example_task_group_decorator.py for tasks to queue
[2025-05-03T04:54:15.714+0000] {logging_mixin.py:120} INFO - [2025-05-03T04:54:15.714+0000] {dagbag.py:537} INFO - Filling up the DagBag from /home/airflow/.local/lib/python3.7/site-packages/airflow/example_dags/example_task_group_decorator.py
[2025-05-03T04:54:15.727+0000] {processor.py:766} INFO - DAG(s) dict_keys(['example_task_group_decorator']) retrieved from /home/airflow/.local/lib/python3.7/site-packages/airflow/example_dags/example_task_group_decorator.py
[2025-05-03T04:54:15.750+0000] {logging_mixin.py:120} INFO - [2025-05-03T04:54:15.749+0000] {dag.py:2585} INFO - Sync 1 DAGs
[2025-05-03T04:54:15.762+0000] {logging_mixin.py:120} INFO - [2025-05-03T04:54:15.762+0000] {dag.py:3340} INFO - Setting next_dagrun for example_task_group_decorator to 2025-05-02T04:54:15.762248+00:00, run_after=2025-05-03T04:54:15.762248+00:00
[2025-05-03T04:54:15.771+0000] {processor.py:176} INFO - Processing /home/airflow/.local/lib/python3.7/site-packages/airflow/example_dags/example_task_group_decorator.py took 0.059 seconds
[2025-05-03T05:53:08.979+0000] {processor.py:154} INFO - Started process (PID=43224) to work on /home/airflow/.local/lib/python3.7/site-packages/airflow/example_dags/example_task_group_decorator.py
[2025-05-03T05:53:08.984+0000] {processor.py:756} INFO - Processing file /home/airflow/.local/lib/python3.7/site-packages/airflow/example_dags/example_task_group_decorator.py for tasks to queue
[2025-05-03T05:53:08.985+0000] {logging_mixin.py:120} INFO - [2025-05-03T05:53:08.985+0000] {dagbag.py:537} INFO - Filling up the DagBag from /home/airflow/.local/lib/python3.7/site-packages/airflow/example_dags/example_task_group_decorator.py
[2025-05-03T05:53:08.997+0000] {processor.py:766} INFO - DAG(s) dict_keys(['example_task_group_decorator']) retrieved from /home/airflow/.local/lib/python3.7/site-packages/airflow/example_dags/example_task_group_decorator.py
[2025-05-03T05:53:09.019+0000] {logging_mixin.py:120} INFO - [2025-05-03T05:53:09.019+0000] {dag.py:2585} INFO - Sync 1 DAGs
[2025-05-03T05:53:09.028+0000] {logging_mixin.py:120} INFO - [2025-05-03T05:53:09.028+0000] {dag.py:3340} INFO - Setting next_dagrun for example_task_group_decorator to 2025-05-02T05:53:09.028521+00:00, run_after=2025-05-03T05:53:09.028521+00:00
[2025-05-03T05:53:09.038+0000] {processor.py:176} INFO - Processing /home/airflow/.local/lib/python3.7/site-packages/airflow/example_dags/example_task_group_decorator.py took 0.061 seconds
[2025-05-03T06:30:37.897+0000] {processor.py:154} INFO - Started process (PID=43288) to work on /home/airflow/.local/lib/python3.7/site-packages/airflow/example_dags/example_task_group_decorator.py
[2025-05-03T06:30:37.898+0000] {processor.py:756} INFO - Processing file /home/airflow/.local/lib/python3.7/site-packages/airflow/example_dags/example_task_group_decorator.py for tasks to queue
[2025-05-03T06:30:37.902+0000] {logging_mixin.py:120} INFO - [2025-05-03T06:30:37.902+0000] {dagbag.py:537} INFO - Filling up the DagBag from /home/airflow/.local/lib/python3.7/site-packages/airflow/example_dags/example_task_group_decorator.py
[2025-05-03T06:30:37.916+0000] {processor.py:766} INFO - DAG(s) dict_keys(['example_task_group_decorator']) retrieved from /home/airflow/.local/lib/python3.7/site-packages/airflow/example_dags/example_task_group_decorator.py
[2025-05-03T06:30:37.939+0000] {logging_mixin.py:120} INFO - [2025-05-03T06:30:37.939+0000] {dag.py:2585} INFO - Sync 1 DAGs
[2025-05-03T06:30:37.952+0000] {logging_mixin.py:120} INFO - [2025-05-03T06:30:37.952+0000] {dag.py:3340} INFO - Setting next_dagrun for example_task_group_decorator to 2025-05-02T06:30:37.952176+00:00, run_after=2025-05-03T06:30:37.952176+00:00
[2025-05-03T06:30:37.960+0000] {processor.py:176} INFO - Processing /home/airflow/.local/lib/python3.7/site-packages/airflow/example_dags/example_task_group_decorator.py took 0.066 seconds
[2025-05-03T07:22:15.556+0000] {processor.py:154} INFO - Started process (PID=43351) to work on /home/airflow/.local/lib/python3.7/site-packages/airflow/example_dags/example_task_group_decorator.py
[2025-05-03T07:22:15.559+0000] {processor.py:756} INFO - Processing file /home/airflow/.local/lib/python3.7/site-packages/airflow/example_dags/example_task_group_decorator.py for tasks to queue
[2025-05-03T07:22:15.559+0000] {logging_mixin.py:120} INFO - [2025-05-03T07:22:15.559+0000] {dagbag.py:537} INFO - Filling up the DagBag from /home/airflow/.local/lib/python3.7/site-packages/airflow/example_dags/example_task_group_decorator.py
[2025-05-03T07:22:15.574+0000] {processor.py:766} INFO - DAG(s) dict_keys(['example_task_group_decorator']) retrieved from /home/airflow/.local/lib/python3.7/site-packages/airflow/example_dags/example_task_group_decorator.py
[2025-05-03T07:22:15.596+0000] {logging_mixin.py:120} INFO - [2025-05-03T07:22:15.596+0000] {dag.py:2585} INFO - Sync 1 DAGs
[2025-05-03T07:22:15.609+0000] {logging_mixin.py:120} INFO - [2025-05-03T07:22:15.608+0000] {dag.py:3340} INFO - Setting next_dagrun for example_task_group_decorator to 2025-05-02T07:22:15.608753+00:00, run_after=2025-05-03T07:22:15.608753+00:00
[2025-05-03T07:22:15.620+0000] {processor.py:176} INFO - Processing /home/airflow/.local/lib/python3.7/site-packages/airflow/example_dags/example_task_group_decorator.py took 0.066 seconds
[2025-05-03T08:23:10.359+0000] {processor.py:154} INFO - Started process (PID=43414) to work on /home/airflow/.local/lib/python3.7/site-packages/airflow/example_dags/example_task_group_decorator.py
[2025-05-03T08:23:10.360+0000] {processor.py:756} INFO - Processing file /home/airflow/.local/lib/python3.7/site-packages/airflow/example_dags/example_task_group_decorator.py for tasks to queue
[2025-05-03T08:23:10.360+0000] {logging_mixin.py:120} INFO - [2025-05-03T08:23:10.360+0000] {dagbag.py:537} INFO - Filling up the DagBag from /home/airflow/.local/lib/python3.7/site-packages/airflow/example_dags/example_task_group_decorator.py
[2025-05-03T08:23:10.373+0000] {processor.py:766} INFO - DAG(s) dict_keys(['example_task_group_decorator']) retrieved from /home/airflow/.local/lib/python3.7/site-packages/airflow/example_dags/example_task_group_decorator.py
[2025-05-03T08:23:10.398+0000] {logging_mixin.py:120} INFO - [2025-05-03T08:23:10.398+0000] {dag.py:2585} INFO - Sync 1 DAGs
[2025-05-03T08:23:10.412+0000] {logging_mixin.py:120} INFO - [2025-05-03T08:23:10.412+0000] {dag.py:3340} INFO - Setting next_dagrun for example_task_group_decorator to 2025-05-02T08:23:10.412170+00:00, run_after=2025-05-03T08:23:10.412170+00:00
[2025-05-03T08:23:10.425+0000] {processor.py:176} INFO - Processing /home/airflow/.local/lib/python3.7/site-packages/airflow/example_dags/example_task_group_decorator.py took 0.068 seconds
[2025-05-03T09:41:38.004+0000] {processor.py:154} INFO - Started process (PID=43467) to work on /home/airflow/.local/lib/python3.7/site-packages/airflow/example_dags/example_task_group_decorator.py
[2025-05-03T09:41:38.005+0000] {processor.py:756} INFO - Processing file /home/airflow/.local/lib/python3.7/site-packages/airflow/example_dags/example_task_group_decorator.py for tasks to queue
[2025-05-03T09:41:38.005+0000] {logging_mixin.py:120} INFO - [2025-05-03T09:41:38.005+0000] {dagbag.py:537} INFO - Filling up the DagBag from /home/airflow/.local/lib/python3.7/site-packages/airflow/example_dags/example_task_group_decorator.py
[2025-05-03T09:41:38.018+0000] {processor.py:766} INFO - DAG(s) dict_keys(['example_task_group_decorator']) retrieved from /home/airflow/.local/lib/python3.7/site-packages/airflow/example_dags/example_task_group_decorator.py
[2025-05-03T09:41:38.038+0000] {logging_mixin.py:120} INFO - [2025-05-03T09:41:38.038+0000] {dag.py:2585} INFO - Sync 1 DAGs
[2025-05-03T09:41:38.053+0000] {logging_mixin.py:120} INFO - [2025-05-03T09:41:38.053+0000] {dag.py:3340} INFO - Setting next_dagrun for example_task_group_decorator to 2025-05-02T09:41:38.053782+00:00, run_after=2025-05-03T09:41:38.053782+00:00
[2025-05-03T09:41:38.063+0000] {processor.py:176} INFO - Processing /home/airflow/.local/lib/python3.7/site-packages/airflow/example_dags/example_task_group_decorator.py took 0.061 seconds
[2025-05-03T10:58:27.536+0000] {processor.py:154} INFO - Started process (PID=43530) to work on /home/airflow/.local/lib/python3.7/site-packages/airflow/example_dags/example_task_group_decorator.py
[2025-05-03T10:58:27.537+0000] {processor.py:756} INFO - Processing file /home/airflow/.local/lib/python3.7/site-packages/airflow/example_dags/example_task_group_decorator.py for tasks to queue
[2025-05-03T10:58:27.538+0000] {logging_mixin.py:120} INFO - [2025-05-03T10:58:27.538+0000] {dagbag.py:537} INFO - Filling up the DagBag from /home/airflow/.local/lib/python3.7/site-packages/airflow/example_dags/example_task_group_decorator.py
[2025-05-03T10:58:27.551+0000] {processor.py:766} INFO - DAG(s) dict_keys(['example_task_group_decorator']) retrieved from /home/airflow/.local/lib/python3.7/site-packages/airflow/example_dags/example_task_group_decorator.py
[2025-05-03T10:58:27.571+0000] {logging_mixin.py:120} INFO - [2025-05-03T10:58:27.571+0000] {dag.py:2585} INFO - Sync 1 DAGs
[2025-05-03T10:58:27.580+0000] {logging_mixin.py:120} INFO - [2025-05-03T10:58:27.580+0000] {dag.py:3340} INFO - Setting next_dagrun for example_task_group_decorator to 2025-05-02T10:58:27.580656+00:00, run_after=2025-05-03T10:58:27.580656+00:00
[2025-05-03T10:58:27.590+0000] {processor.py:176} INFO - Processing /home/airflow/.local/lib/python3.7/site-packages/airflow/example_dags/example_task_group_decorator.py took 0.056 seconds
[2025-05-03T11:42:14.439+0000] {processor.py:154} INFO - Started process (PID=43593) to work on /home/airflow/.local/lib/python3.7/site-packages/airflow/example_dags/example_task_group_decorator.py
[2025-05-03T11:42:14.439+0000] {processor.py:756} INFO - Processing file /home/airflow/.local/lib/python3.7/site-packages/airflow/example_dags/example_task_group_decorator.py for tasks to queue
[2025-05-03T11:42:14.440+0000] {logging_mixin.py:120} INFO - [2025-05-03T11:42:14.440+0000] {dagbag.py:537} INFO - Filling up the DagBag from /home/airflow/.local/lib/python3.7/site-packages/airflow/example_dags/example_task_group_decorator.py
[2025-05-03T11:42:14.455+0000] {processor.py:766} INFO - DAG(s) dict_keys(['example_task_group_decorator']) retrieved from /home/airflow/.local/lib/python3.7/site-packages/airflow/example_dags/example_task_group_decorator.py
[2025-05-03T11:42:14.476+0000] {logging_mixin.py:120} INFO - [2025-05-03T11:42:14.476+0000] {dag.py:2585} INFO - Sync 1 DAGs
[2025-05-03T11:42:14.487+0000] {logging_mixin.py:120} INFO - [2025-05-03T11:42:14.487+0000] {dag.py:3340} INFO - Setting next_dagrun for example_task_group_decorator to 2025-05-02T11:42:14.487829+00:00, run_after=2025-05-03T11:42:14.487829+00:00
[2025-05-03T11:42:14.497+0000] {processor.py:176} INFO - Processing /home/airflow/.local/lib/python3.7/site-packages/airflow/example_dags/example_task_group_decorator.py took 0.060 seconds
[2025-05-03T12:59:19.729+0000] {processor.py:154} INFO - Started process (PID=43656) to work on /home/airflow/.local/lib/python3.7/site-packages/airflow/example_dags/example_task_group_decorator.py
[2025-05-03T12:59:19.730+0000] {processor.py:756} INFO - Processing file /home/airflow/.local/lib/python3.7/site-packages/airflow/example_dags/example_task_group_decorator.py for tasks to queue
[2025-05-03T12:59:19.730+0000] {logging_mixin.py:120} INFO - [2025-05-03T12:59:19.730+0000] {dagbag.py:537} INFO - Filling up the DagBag from /home/airflow/.local/lib/python3.7/site-packages/airflow/example_dags/example_task_group_decorator.py
[2025-05-03T12:59:19.747+0000] {processor.py:766} INFO - DAG(s) dict_keys(['example_task_group_decorator']) retrieved from /home/airflow/.local/lib/python3.7/site-packages/airflow/example_dags/example_task_group_decorator.py
[2025-05-03T12:59:19.768+0000] {logging_mixin.py:120} INFO - [2025-05-03T12:59:19.768+0000] {dag.py:2585} INFO - Sync 1 DAGs
[2025-05-03T12:59:19.781+0000] {logging_mixin.py:120} INFO - [2025-05-03T12:59:19.781+0000] {dag.py:3340} INFO - Setting next_dagrun for example_task_group_decorator to 2025-05-02T12:59:19.781098+00:00, run_after=2025-05-03T12:59:19.781098+00:00
[2025-05-03T12:59:19.793+0000] {processor.py:176} INFO - Processing /home/airflow/.local/lib/python3.7/site-packages/airflow/example_dags/example_task_group_decorator.py took 0.066 seconds
[2025-05-03T13:28:30.942+0000] {processor.py:154} INFO - Started process (PID=43719) to work on /home/airflow/.local/lib/python3.7/site-packages/airflow/example_dags/example_task_group_decorator.py
[2025-05-03T13:28:30.943+0000] {processor.py:756} INFO - Processing file /home/airflow/.local/lib/python3.7/site-packages/airflow/example_dags/example_task_group_decorator.py for tasks to queue
[2025-05-03T13:28:30.943+0000] {logging_mixin.py:120} INFO - [2025-05-03T13:28:30.943+0000] {dagbag.py:537} INFO - Filling up the DagBag from /home/airflow/.local/lib/python3.7/site-packages/airflow/example_dags/example_task_group_decorator.py
[2025-05-03T13:28:30.958+0000] {processor.py:766} INFO - DAG(s) dict_keys(['example_task_group_decorator']) retrieved from /home/airflow/.local/lib/python3.7/site-packages/airflow/example_dags/example_task_group_decorator.py
[2025-05-03T13:28:30.988+0000] {logging_mixin.py:120} INFO - [2025-05-03T13:28:30.988+0000] {dag.py:2585} INFO - Sync 1 DAGs
[2025-05-03T13:28:31.001+0000] {logging_mixin.py:120} INFO - [2025-05-03T13:28:31.001+0000] {dag.py:3340} INFO - Setting next_dagrun for example_task_group_decorator to 2025-05-02T13:28:31.000891+00:00, run_after=2025-05-03T13:28:31.000891+00:00
[2025-05-03T13:28:31.012+0000] {processor.py:176} INFO - Processing /home/airflow/.local/lib/python3.7/site-packages/airflow/example_dags/example_task_group_decorator.py took 0.072 seconds
[2025-05-03T13:29:07.771+0000] {processor.py:154} INFO - Started process (PID=43782) to work on /home/airflow/.local/lib/python3.7/site-packages/airflow/example_dags/example_task_group_decorator.py
[2025-05-03T13:29:07.772+0000] {processor.py:756} INFO - Processing file /home/airflow/.local/lib/python3.7/site-packages/airflow/example_dags/example_task_group_decorator.py for tasks to queue
[2025-05-03T13:29:07.772+0000] {logging_mixin.py:120} INFO - [2025-05-03T13:29:07.772+0000] {dagbag.py:537} INFO - Filling up the DagBag from /home/airflow/.local/lib/python3.7/site-packages/airflow/example_dags/example_task_group_decorator.py
[2025-05-03T13:29:07.788+0000] {processor.py:766} INFO - DAG(s) dict_keys(['example_task_group_decorator']) retrieved from /home/airflow/.local/lib/python3.7/site-packages/airflow/example_dags/example_task_group_decorator.py
[2025-05-03T13:29:07.811+0000] {logging_mixin.py:120} INFO - [2025-05-03T13:29:07.811+0000] {dag.py:2585} INFO - Sync 1 DAGs
[2025-05-03T13:29:07.825+0000] {logging_mixin.py:120} INFO - [2025-05-03T13:29:07.825+0000] {dag.py:3340} INFO - Setting next_dagrun for example_task_group_decorator to 2025-05-02T13:29:07.825376+00:00, run_after=2025-05-03T13:29:07.825376+00:00
[2025-05-03T13:29:07.836+0000] {processor.py:176} INFO - Processing /home/airflow/.local/lib/python3.7/site-packages/airflow/example_dags/example_task_group_decorator.py took 0.067 seconds
[2025-05-03T14:29:10.205+0000] {processor.py:154} INFO - Started process (PID=43835) to work on /home/airflow/.local/lib/python3.7/site-packages/airflow/example_dags/example_task_group_decorator.py
[2025-05-03T14:29:10.206+0000] {processor.py:756} INFO - Processing file /home/airflow/.local/lib/python3.7/site-packages/airflow/example_dags/example_task_group_decorator.py for tasks to queue
[2025-05-03T14:29:10.206+0000] {logging_mixin.py:120} INFO - [2025-05-03T14:29:10.206+0000] {dagbag.py:537} INFO - Filling up the DagBag from /home/airflow/.local/lib/python3.7/site-packages/airflow/example_dags/example_task_group_decorator.py
[2025-05-03T14:29:10.222+0000] {processor.py:766} INFO - DAG(s) dict_keys(['example_task_group_decorator']) retrieved from /home/airflow/.local/lib/python3.7/site-packages/airflow/example_dags/example_task_group_decorator.py
[2025-05-03T14:29:10.242+0000] {logging_mixin.py:120} INFO - [2025-05-03T14:29:10.242+0000] {dag.py:2585} INFO - Sync 1 DAGs
[2025-05-03T14:29:10.253+0000] {logging_mixin.py:120} INFO - [2025-05-03T14:29:10.253+0000] {dag.py:3340} INFO - Setting next_dagrun for example_task_group_decorator to 2025-05-02T14:29:10.253576+00:00, run_after=2025-05-03T14:29:10.253576+00:00
[2025-05-03T14:29:10.267+0000] {processor.py:176} INFO - Processing /home/airflow/.local/lib/python3.7/site-packages/airflow/example_dags/example_task_group_decorator.py took 0.064 seconds
[2025-05-03T15:07:53.290+0000] {processor.py:154} INFO - Started process (PID=43897) to work on /home/airflow/.local/lib/python3.7/site-packages/airflow/example_dags/example_task_group_decorator.py
[2025-05-03T15:07:53.290+0000] {processor.py:756} INFO - Processing file /home/airflow/.local/lib/python3.7/site-packages/airflow/example_dags/example_task_group_decorator.py for tasks to queue
[2025-05-03T15:07:53.291+0000] {logging_mixin.py:120} INFO - [2025-05-03T15:07:53.291+0000] {dagbag.py:537} INFO - Filling up the DagBag from /home/airflow/.local/lib/python3.7/site-packages/airflow/example_dags/example_task_group_decorator.py
[2025-05-03T15:07:53.305+0000] {processor.py:766} INFO - DAG(s) dict_keys(['example_task_group_decorator']) retrieved from /home/airflow/.local/lib/python3.7/site-packages/airflow/example_dags/example_task_group_decorator.py
[2025-05-03T15:07:53.325+0000] {logging_mixin.py:120} INFO - [2025-05-03T15:07:53.325+0000] {dag.py:2585} INFO - Sync 1 DAGs
[2025-05-03T15:07:53.336+0000] {logging_mixin.py:120} INFO - [2025-05-03T15:07:53.336+0000] {dag.py:3340} INFO - Setting next_dagrun for example_task_group_decorator to 2025-05-02T15:07:53.336205+00:00, run_after=2025-05-03T15:07:53.336205+00:00
[2025-05-03T15:07:53.349+0000] {processor.py:176} INFO - Processing /home/airflow/.local/lib/python3.7/site-packages/airflow/example_dags/example_task_group_decorator.py took 0.061 seconds
[2025-05-03T16:21:02.680+0000] {processor.py:154} INFO - Started process (PID=43960) to work on /home/airflow/.local/lib/python3.7/site-packages/airflow/example_dags/example_task_group_decorator.py
[2025-05-03T16:21:02.682+0000] {processor.py:756} INFO - Processing file /home/airflow/.local/lib/python3.7/site-packages/airflow/example_dags/example_task_group_decorator.py for tasks to queue
[2025-05-03T16:21:02.682+0000] {logging_mixin.py:120} INFO - [2025-05-03T16:21:02.682+0000] {dagbag.py:537} INFO - Filling up the DagBag from /home/airflow/.local/lib/python3.7/site-packages/airflow/example_dags/example_task_group_decorator.py
[2025-05-03T16:21:02.695+0000] {processor.py:766} INFO - DAG(s) dict_keys(['example_task_group_decorator']) retrieved from /home/airflow/.local/lib/python3.7/site-packages/airflow/example_dags/example_task_group_decorator.py
[2025-05-03T16:21:02.719+0000] {logging_mixin.py:120} INFO - [2025-05-03T16:21:02.719+0000] {dag.py:2585} INFO - Sync 1 DAGs
[2025-05-03T16:21:02.733+0000] {logging_mixin.py:120} INFO - [2025-05-03T16:21:02.732+0000] {dag.py:3340} INFO - Setting next_dagrun for example_task_group_decorator to 2025-05-02T16:21:02.732791+00:00, run_after=2025-05-03T16:21:02.732791+00:00
[2025-05-03T16:21:02.742+0000] {processor.py:176} INFO - Processing /home/airflow/.local/lib/python3.7/site-packages/airflow/example_dags/example_task_group_decorator.py took 0.063 seconds
[2025-05-03T16:48:05.035+0000] {processor.py:154} INFO - Started process (PID=44022) to work on /home/airflow/.local/lib/python3.7/site-packages/airflow/example_dags/example_task_group_decorator.py
[2025-05-03T16:48:05.036+0000] {processor.py:756} INFO - Processing file /home/airflow/.local/lib/python3.7/site-packages/airflow/example_dags/example_task_group_decorator.py for tasks to queue
[2025-05-03T16:48:05.036+0000] {logging_mixin.py:120} INFO - [2025-05-03T16:48:05.036+0000] {dagbag.py:537} INFO - Filling up the DagBag from /home/airflow/.local/lib/python3.7/site-packages/airflow/example_dags/example_task_group_decorator.py
[2025-05-03T16:48:05.049+0000] {processor.py:766} INFO - DAG(s) dict_keys(['example_task_group_decorator']) retrieved from /home/airflow/.local/lib/python3.7/site-packages/airflow/example_dags/example_task_group_decorator.py
[2025-05-03T16:48:05.069+0000] {logging_mixin.py:120} INFO - [2025-05-03T16:48:05.069+0000] {dag.py:2585} INFO - Sync 1 DAGs
[2025-05-03T16:48:05.079+0000] {logging_mixin.py:120} INFO - [2025-05-03T16:48:05.079+0000] {dag.py:3340} INFO - Setting next_dagrun for example_task_group_decorator to 2025-05-02T16:48:05.079659+00:00, run_after=2025-05-03T16:48:05.079659+00:00
[2025-05-03T16:48:05.088+0000] {processor.py:176} INFO - Processing /home/airflow/.local/lib/python3.7/site-packages/airflow/example_dags/example_task_group_decorator.py took 0.054 seconds
[2025-05-03T18:05:53.447+0000] {processor.py:154} INFO - Started process (PID=44085) to work on /home/airflow/.local/lib/python3.7/site-packages/airflow/example_dags/example_task_group_decorator.py
[2025-05-03T18:05:53.447+0000] {processor.py:756} INFO - Processing file /home/airflow/.local/lib/python3.7/site-packages/airflow/example_dags/example_task_group_decorator.py for tasks to queue
[2025-05-03T18:05:53.447+0000] {logging_mixin.py:120} INFO - [2025-05-03T18:05:53.447+0000] {dagbag.py:537} INFO - Filling up the DagBag from /home/airflow/.local/lib/python3.7/site-packages/airflow/example_dags/example_task_group_decorator.py
[2025-05-03T18:05:53.459+0000] {processor.py:766} INFO - DAG(s) dict_keys(['example_task_group_decorator']) retrieved from /home/airflow/.local/lib/python3.7/site-packages/airflow/example_dags/example_task_group_decorator.py
[2025-05-03T18:05:53.476+0000] {logging_mixin.py:120} INFO - [2025-05-03T18:05:53.476+0000] {dag.py:2585} INFO - Sync 1 DAGs
[2025-05-03T18:05:53.487+0000] {logging_mixin.py:120} INFO - [2025-05-03T18:05:53.487+0000] {dag.py:3340} INFO - Setting next_dagrun for example_task_group_decorator to 2025-05-02T18:05:53.486978+00:00, run_after=2025-05-03T18:05:53.486978+00:00
[2025-05-03T18:05:53.494+0000] {processor.py:176} INFO - Processing /home/airflow/.local/lib/python3.7/site-packages/airflow/example_dags/example_task_group_decorator.py took 0.048 seconds
[2025-05-03T19:25:57.006+0000] {processor.py:154} INFO - Started process (PID=44148) to work on /home/airflow/.local/lib/python3.7/site-packages/airflow/example_dags/example_task_group_decorator.py
[2025-05-03T19:25:57.006+0000] {processor.py:756} INFO - Processing file /home/airflow/.local/lib/python3.7/site-packages/airflow/example_dags/example_task_group_decorator.py for tasks to queue
[2025-05-03T19:25:57.007+0000] {logging_mixin.py:120} INFO - [2025-05-03T19:25:57.006+0000] {dagbag.py:537} INFO - Filling up the DagBag from /home/airflow/.local/lib/python3.7/site-packages/airflow/example_dags/example_task_group_decorator.py
[2025-05-03T19:25:57.021+0000] {processor.py:766} INFO - DAG(s) dict_keys(['example_task_group_decorator']) retrieved from /home/airflow/.local/lib/python3.7/site-packages/airflow/example_dags/example_task_group_decorator.py
[2025-05-03T19:25:57.043+0000] {logging_mixin.py:120} INFO - [2025-05-03T19:25:57.043+0000] {dag.py:2585} INFO - Sync 1 DAGs
[2025-05-03T19:25:57.055+0000] {logging_mixin.py:120} INFO - [2025-05-03T19:25:57.055+0000] {dag.py:3340} INFO - Setting next_dagrun for example_task_group_decorator to 2025-05-02T19:25:57.055495+00:00, run_after=2025-05-03T19:25:57.055495+00:00
[2025-05-03T19:25:57.064+0000] {processor.py:176} INFO - Processing /home/airflow/.local/lib/python3.7/site-packages/airflow/example_dags/example_task_group_decorator.py took 0.061 seconds
[2025-05-03T20:07:04.436+0000] {processor.py:154} INFO - Started process (PID=44210) to work on /home/airflow/.local/lib/python3.7/site-packages/airflow/example_dags/example_task_group_decorator.py
[2025-05-03T20:07:04.437+0000] {processor.py:756} INFO - Processing file /home/airflow/.local/lib/python3.7/site-packages/airflow/example_dags/example_task_group_decorator.py for tasks to queue
[2025-05-03T20:07:04.437+0000] {logging_mixin.py:120} INFO - [2025-05-03T20:07:04.437+0000] {dagbag.py:537} INFO - Filling up the DagBag from /home/airflow/.local/lib/python3.7/site-packages/airflow/example_dags/example_task_group_decorator.py
[2025-05-03T20:07:04.450+0000] {processor.py:766} INFO - DAG(s) dict_keys(['example_task_group_decorator']) retrieved from /home/airflow/.local/lib/python3.7/site-packages/airflow/example_dags/example_task_group_decorator.py
[2025-05-03T20:07:04.477+0000] {logging_mixin.py:120} INFO - [2025-05-03T20:07:04.477+0000] {dag.py:2585} INFO - Sync 1 DAGs
[2025-05-03T20:07:04.486+0000] {logging_mixin.py:120} INFO - [2025-05-03T20:07:04.486+0000] {dag.py:3340} INFO - Setting next_dagrun for example_task_group_decorator to 2025-05-02T20:07:04.486326+00:00, run_after=2025-05-03T20:07:04.486326+00:00
[2025-05-03T20:07:04.497+0000] {processor.py:176} INFO - Processing /home/airflow/.local/lib/python3.7/site-packages/airflow/example_dags/example_task_group_decorator.py took 0.062 seconds
[2025-05-03T21:36:12.895+0000] {processor.py:154} INFO - Started process (PID=44264) to work on /home/airflow/.local/lib/python3.7/site-packages/airflow/example_dags/example_task_group_decorator.py
[2025-05-03T21:36:12.896+0000] {processor.py:756} INFO - Processing file /home/airflow/.local/lib/python3.7/site-packages/airflow/example_dags/example_task_group_decorator.py for tasks to queue
[2025-05-03T21:36:12.896+0000] {logging_mixin.py:120} INFO - [2025-05-03T21:36:12.896+0000] {dagbag.py:537} INFO - Filling up the DagBag from /home/airflow/.local/lib/python3.7/site-packages/airflow/example_dags/example_task_group_decorator.py
[2025-05-03T21:36:12.907+0000] {processor.py:766} INFO - DAG(s) dict_keys(['example_task_group_decorator']) retrieved from /home/airflow/.local/lib/python3.7/site-packages/airflow/example_dags/example_task_group_decorator.py
[2025-05-03T21:36:12.923+0000] {logging_mixin.py:120} INFO - [2025-05-03T21:36:12.923+0000] {dag.py:2585} INFO - Sync 1 DAGs
[2025-05-03T21:36:12.932+0000] {logging_mixin.py:120} INFO - [2025-05-03T21:36:12.932+0000] {dag.py:3340} INFO - Setting next_dagrun for example_task_group_decorator to 2025-05-02T21:36:12.932839+00:00, run_after=2025-05-03T21:36:12.932839+00:00
[2025-05-03T21:36:12.939+0000] {processor.py:176} INFO - Processing /home/airflow/.local/lib/python3.7/site-packages/airflow/example_dags/example_task_group_decorator.py took 0.045 seconds
[2025-05-03T22:19:51.959+0000] {processor.py:154} INFO - Started process (PID=44327) to work on /home/airflow/.local/lib/python3.7/site-packages/airflow/example_dags/example_task_group_decorator.py
[2025-05-03T22:19:51.959+0000] {processor.py:756} INFO - Processing file /home/airflow/.local/lib/python3.7/site-packages/airflow/example_dags/example_task_group_decorator.py for tasks to queue
[2025-05-03T22:19:51.959+0000] {logging_mixin.py:120} INFO - [2025-05-03T22:19:51.959+0000] {dagbag.py:537} INFO - Filling up the DagBag from /home/airflow/.local/lib/python3.7/site-packages/airflow/example_dags/example_task_group_decorator.py
[2025-05-03T22:19:51.972+0000] {processor.py:766} INFO - DAG(s) dict_keys(['example_task_group_decorator']) retrieved from /home/airflow/.local/lib/python3.7/site-packages/airflow/example_dags/example_task_group_decorator.py
[2025-05-03T22:19:51.989+0000] {logging_mixin.py:120} INFO - [2025-05-03T22:19:51.989+0000] {dag.py:2585} INFO - Sync 1 DAGs
[2025-05-03T22:19:51.999+0000] {logging_mixin.py:120} INFO - [2025-05-03T22:19:51.999+0000] {dag.py:3340} INFO - Setting next_dagrun for example_task_group_decorator to 2025-05-02T22:19:51.999276+00:00, run_after=2025-05-03T22:19:51.999276+00:00
[2025-05-03T22:19:52.010+0000] {processor.py:176} INFO - Processing /home/airflow/.local/lib/python3.7/site-packages/airflow/example_dags/example_task_group_decorator.py took 0.053 seconds
[2025-05-03T23:04:44.973+0000] {processor.py:154} INFO - Started process (PID=44390) to work on /home/airflow/.local/lib/python3.7/site-packages/airflow/example_dags/example_task_group_decorator.py
[2025-05-03T23:04:44.973+0000] {processor.py:756} INFO - Processing file /home/airflow/.local/lib/python3.7/site-packages/airflow/example_dags/example_task_group_decorator.py for tasks to queue
[2025-05-03T23:04:44.973+0000] {logging_mixin.py:120} INFO - [2025-05-03T23:04:44.973+0000] {dagbag.py:537} INFO - Filling up the DagBag from /home/airflow/.local/lib/python3.7/site-packages/airflow/example_dags/example_task_group_decorator.py
[2025-05-03T23:04:44.986+0000] {processor.py:766} INFO - DAG(s) dict_keys(['example_task_group_decorator']) retrieved from /home/airflow/.local/lib/python3.7/site-packages/airflow/example_dags/example_task_group_decorator.py
[2025-05-03T23:04:45.007+0000] {logging_mixin.py:120} INFO - [2025-05-03T23:04:45.007+0000] {dag.py:2585} INFO - Sync 1 DAGs
[2025-05-03T23:04:45.018+0000] {logging_mixin.py:120} INFO - [2025-05-03T23:04:45.018+0000] {dag.py:3340} INFO - Setting next_dagrun for example_task_group_decorator to 2025-05-02T23:04:45.018595+00:00, run_after=2025-05-03T23:04:45.018595+00:00
[2025-05-03T23:04:45.026+0000] {processor.py:176} INFO - Processing /home/airflow/.local/lib/python3.7/site-packages/airflow/example_dags/example_task_group_decorator.py took 0.055 seconds
[2025-05-03T23:22:07.291+0000] {processor.py:154} INFO - Started process (PID=44452) to work on /home/airflow/.local/lib/python3.7/site-packages/airflow/example_dags/example_task_group_decorator.py
[2025-05-03T23:22:07.292+0000] {processor.py:756} INFO - Processing file /home/airflow/.local/lib/python3.7/site-packages/airflow/example_dags/example_task_group_decorator.py for tasks to queue
[2025-05-03T23:22:07.292+0000] {logging_mixin.py:120} INFO - [2025-05-03T23:22:07.292+0000] {dagbag.py:537} INFO - Filling up the DagBag from /home/airflow/.local/lib/python3.7/site-packages/airflow/example_dags/example_task_group_decorator.py
[2025-05-03T23:22:07.306+0000] {processor.py:766} INFO - DAG(s) dict_keys(['example_task_group_decorator']) retrieved from /home/airflow/.local/lib/python3.7/site-packages/airflow/example_dags/example_task_group_decorator.py
[2025-05-03T23:22:07.327+0000] {logging_mixin.py:120} INFO - [2025-05-03T23:22:07.327+0000] {dag.py:2585} INFO - Sync 1 DAGs
[2025-05-03T23:22:07.341+0000] {logging_mixin.py:120} INFO - [2025-05-03T23:22:07.341+0000] {dag.py:3340} INFO - Setting next_dagrun for example_task_group_decorator to 2025-05-02T23:22:07.340865+00:00, run_after=2025-05-03T23:22:07.340865+00:00
[2025-05-03T23:22:07.352+0000] {processor.py:176} INFO - Processing /home/airflow/.local/lib/python3.7/site-packages/airflow/example_dags/example_task_group_decorator.py took 0.063 seconds
[2025-05-03T23:38:28.550+0000] {processor.py:154} INFO - Started process (PID=44515) to work on /home/airflow/.local/lib/python3.7/site-packages/airflow/example_dags/example_task_group_decorator.py
[2025-05-03T23:38:28.551+0000] {processor.py:756} INFO - Processing file /home/airflow/.local/lib/python3.7/site-packages/airflow/example_dags/example_task_group_decorator.py for tasks to queue
[2025-05-03T23:38:28.551+0000] {logging_mixin.py:120} INFO - [2025-05-03T23:38:28.551+0000] {dagbag.py:537} INFO - Filling up the DagBag from /home/airflow/.local/lib/python3.7/site-packages/airflow/example_dags/example_task_group_decorator.py
[2025-05-03T23:38:28.563+0000] {processor.py:766} INFO - DAG(s) dict_keys(['example_task_group_decorator']) retrieved from /home/airflow/.local/lib/python3.7/site-packages/airflow/example_dags/example_task_group_decorator.py
[2025-05-03T23:38:28.579+0000] {logging_mixin.py:120} INFO - [2025-05-03T23:38:28.579+0000] {dag.py:2585} INFO - Sync 1 DAGs
[2025-05-03T23:38:28.588+0000] {logging_mixin.py:120} INFO - [2025-05-03T23:38:28.588+0000] {dag.py:3340} INFO - Setting next_dagrun for example_task_group_decorator to 2025-05-02T23:38:28.588406+00:00, run_after=2025-05-03T23:38:28.588406+00:00
[2025-05-03T23:38:28.594+0000] {processor.py:176} INFO - Processing /home/airflow/.local/lib/python3.7/site-packages/airflow/example_dags/example_task_group_decorator.py took 0.045 seconds
[2025-05-03T23:56:23.876+0000] {processor.py:154} INFO - Started process (PID=44578) to work on /home/airflow/.local/lib/python3.7/site-packages/airflow/example_dags/example_task_group_decorator.py
[2025-05-03T23:56:23.877+0000] {processor.py:756} INFO - Processing file /home/airflow/.local/lib/python3.7/site-packages/airflow/example_dags/example_task_group_decorator.py for tasks to queue
[2025-05-03T23:56:23.877+0000] {logging_mixin.py:120} INFO - [2025-05-03T23:56:23.877+0000] {dagbag.py:537} INFO - Filling up the DagBag from /home/airflow/.local/lib/python3.7/site-packages/airflow/example_dags/example_task_group_decorator.py
[2025-05-03T23:56:23.890+0000] {processor.py:766} INFO - DAG(s) dict_keys(['example_task_group_decorator']) retrieved from /home/airflow/.local/lib/python3.7/site-packages/airflow/example_dags/example_task_group_decorator.py
[2025-05-03T23:56:23.910+0000] {logging_mixin.py:120} INFO - [2025-05-03T23:56:23.910+0000] {dag.py:2585} INFO - Sync 1 DAGs
[2025-05-03T23:56:23.921+0000] {logging_mixin.py:120} INFO - [2025-05-03T23:56:23.921+0000] {dag.py:3340} INFO - Setting next_dagrun for example_task_group_decorator to 2025-05-02T23:56:23.921379+00:00, run_after=2025-05-03T23:56:23.921379+00:00
[2025-05-03T23:56:23.929+0000] {processor.py:176} INFO - Processing /home/airflow/.local/lib/python3.7/site-packages/airflow/example_dags/example_task_group_decorator.py took 0.055 seconds
