[2025-05-03T00:29:31.840+0000] {processor.py:154} INFO - Started process (PID=42636) to work on /home/airflow/.local/lib/python3.7/site-packages/airflow/example_dags/example_branch_day_of_week_operator.py
[2025-05-03T00:29:31.841+0000] {processor.py:756} INFO - Processing file /home/airflow/.local/lib/python3.7/site-packages/airflow/example_dags/example_branch_day_of_week_operator.py for tasks to queue
[2025-05-03T00:29:31.841+0000] {logging_mixin.py:120} INFO - [2025-05-03T00:29:31.841+0000] {dagbag.py:537} INFO - Filling up the DagBag from /home/airflow/.local/lib/python3.7/site-packages/airflow/example_dags/example_branch_day_of_week_operator.py
[2025-05-03T00:29:31.849+0000] {processor.py:766} INFO - DAG(s) dict_keys(['example_weekday_branch_operator']) retrieved from /home/airflow/.local/lib/python3.7/site-packages/airflow/example_dags/example_branch_day_of_week_operator.py
[2025-05-03T00:29:31.867+0000] {logging_mixin.py:120} INFO - [2025-05-03T00:29:31.867+0000] {dag.py:2585} INFO - Sync 1 DAGs
[2025-05-03T00:29:31.877+0000] {logging_mixin.py:120} INFO - [2025-05-03T00:29:31.877+0000] {dag.py:3340} INFO - Setting next_dagrun for example_weekday_branch_operator to 2025-05-02T00:00:00+00:00, run_after=2025-05-03T00:00:00+00:00
[2025-05-03T00:29:31.886+0000] {processor.py:176} INFO - Processing /home/airflow/.local/lib/python3.7/site-packages/airflow/example_dags/example_branch_day_of_week_operator.py took 0.048 seconds
[2025-05-03T00:52:40.183+0000] {processor.py:154} INFO - Started process (PID=42690) to work on /home/airflow/.local/lib/python3.7/site-packages/airflow/example_dags/example_branch_day_of_week_operator.py
[2025-05-03T00:52:40.184+0000] {processor.py:756} INFO - Processing file /home/airflow/.local/lib/python3.7/site-packages/airflow/example_dags/example_branch_day_of_week_operator.py for tasks to queue
[2025-05-03T00:52:40.185+0000] {logging_mixin.py:120} INFO - [2025-05-03T00:52:40.185+0000] {dagbag.py:537} INFO - Filling up the DagBag from /home/airflow/.local/lib/python3.7/site-packages/airflow/example_dags/example_branch_day_of_week_operator.py
[2025-05-03T00:52:40.196+0000] {processor.py:766} INFO - DAG(s) dict_keys(['example_weekday_branch_operator']) retrieved from /home/airflow/.local/lib/python3.7/site-packages/airflow/example_dags/example_branch_day_of_week_operator.py
[2025-05-03T00:52:40.214+0000] {logging_mixin.py:120} INFO - [2025-05-03T00:52:40.214+0000] {dag.py:2585} INFO - Sync 1 DAGs
[2025-05-03T00:52:40.225+0000] {logging_mixin.py:120} INFO - [2025-05-03T00:52:40.225+0000] {dag.py:3340} INFO - Setting next_dagrun for example_weekday_branch_operator to 2025-05-02T00:00:00+00:00, run_after=2025-05-03T00:00:00+00:00
[2025-05-03T00:52:40.237+0000] {processor.py:176} INFO - Processing /home/airflow/.local/lib/python3.7/site-packages/airflow/example_dags/example_branch_day_of_week_operator.py took 0.056 seconds
[2025-05-03T01:16:08.601+0000] {processor.py:154} INFO - Started process (PID=42753) to work on /home/airflow/.local/lib/python3.7/site-packages/airflow/example_dags/example_branch_day_of_week_operator.py
[2025-05-03T01:16:08.602+0000] {processor.py:756} INFO - Processing file /home/airflow/.local/lib/python3.7/site-packages/airflow/example_dags/example_branch_day_of_week_operator.py for tasks to queue
[2025-05-03T01:16:08.602+0000] {logging_mixin.py:120} INFO - [2025-05-03T01:16:08.602+0000] {dagbag.py:537} INFO - Filling up the DagBag from /home/airflow/.local/lib/python3.7/site-packages/airflow/example_dags/example_branch_day_of_week_operator.py
[2025-05-03T01:16:08.610+0000] {processor.py:766} INFO - DAG(s) dict_keys(['example_weekday_branch_operator']) retrieved from /home/airflow/.local/lib/python3.7/site-packages/airflow/example_dags/example_branch_day_of_week_operator.py
[2025-05-03T01:16:08.628+0000] {logging_mixin.py:120} INFO - [2025-05-03T01:16:08.628+0000] {dag.py:2585} INFO - Sync 1 DAGs
[2025-05-03T01:16:08.640+0000] {logging_mixin.py:120} INFO - [2025-05-03T01:16:08.640+0000] {dag.py:3340} INFO - Setting next_dagrun for example_weekday_branch_operator to 2025-05-02T00:00:00+00:00, run_after=2025-05-03T00:00:00+00:00
[2025-05-03T01:16:08.648+0000] {processor.py:176} INFO - Processing /home/airflow/.local/lib/python3.7/site-packages/airflow/example_dags/example_branch_day_of_week_operator.py took 0.048 seconds
[2025-05-03T01:19:53.117+0000] {processor.py:154} INFO - Started process (PID=42815) to work on /home/airflow/.local/lib/python3.7/site-packages/airflow/example_dags/example_branch_day_of_week_operator.py
[2025-05-03T01:19:53.118+0000] {processor.py:756} INFO - Processing file /home/airflow/.local/lib/python3.7/site-packages/airflow/example_dags/example_branch_day_of_week_operator.py for tasks to queue
[2025-05-03T01:19:53.119+0000] {logging_mixin.py:120} INFO - [2025-05-03T01:19:53.118+0000] {dagbag.py:537} INFO - Filling up the DagBag from /home/airflow/.local/lib/python3.7/site-packages/airflow/example_dags/example_branch_day_of_week_operator.py
[2025-05-03T01:19:53.128+0000] {processor.py:766} INFO - DAG(s) dict_keys(['example_weekday_branch_operator']) retrieved from /home/airflow/.local/lib/python3.7/site-packages/airflow/example_dags/example_branch_day_of_week_operator.py
[2025-05-03T01:19:53.152+0000] {logging_mixin.py:120} INFO - [2025-05-03T01:19:53.152+0000] {dag.py:2585} INFO - Sync 1 DAGs
[2025-05-03T01:19:53.164+0000] {logging_mixin.py:120} INFO - [2025-05-03T01:19:53.164+0000] {dag.py:3340} INFO - Setting next_dagrun for example_weekday_branch_operator to 2025-05-02T00:00:00+00:00, run_after=2025-05-03T00:00:00+00:00
[2025-05-03T01:19:53.174+0000] {processor.py:176} INFO - Processing /home/airflow/.local/lib/python3.7/site-packages/airflow/example_dags/example_branch_day_of_week_operator.py took 0.059 seconds
[2025-05-03T01:24:04.862+0000] {processor.py:154} INFO - Started process (PID=42877) to work on /home/airflow/.local/lib/python3.7/site-packages/airflow/example_dags/example_branch_day_of_week_operator.py
[2025-05-03T01:24:04.863+0000] {processor.py:756} INFO - Processing file /home/airflow/.local/lib/python3.7/site-packages/airflow/example_dags/example_branch_day_of_week_operator.py for tasks to queue
[2025-05-03T01:24:04.863+0000] {logging_mixin.py:120} INFO - [2025-05-03T01:24:04.863+0000] {dagbag.py:537} INFO - Filling up the DagBag from /home/airflow/.local/lib/python3.7/site-packages/airflow/example_dags/example_branch_day_of_week_operator.py
[2025-05-03T01:24:04.870+0000] {processor.py:766} INFO - DAG(s) dict_keys(['example_weekday_branch_operator']) retrieved from /home/airflow/.local/lib/python3.7/site-packages/airflow/example_dags/example_branch_day_of_week_operator.py
[2025-05-03T01:24:04.890+0000] {logging_mixin.py:120} INFO - [2025-05-03T01:24:04.890+0000] {dag.py:2585} INFO - Sync 1 DAGs
[2025-05-03T01:24:04.900+0000] {logging_mixin.py:120} INFO - [2025-05-03T01:24:04.900+0000] {dag.py:3340} INFO - Setting next_dagrun for example_weekday_branch_operator to 2025-05-02T00:00:00+00:00, run_after=2025-05-03T00:00:00+00:00
[2025-05-03T01:24:04.910+0000] {processor.py:176} INFO - Processing /home/airflow/.local/lib/python3.7/site-packages/airflow/example_dags/example_branch_day_of_week_operator.py took 0.049 seconds
[2025-05-03T02:06:32.840+0000] {processor.py:154} INFO - Started process (PID=42940) to work on /home/airflow/.local/lib/python3.7/site-packages/airflow/example_dags/example_branch_day_of_week_operator.py
[2025-05-03T02:06:32.844+0000] {processor.py:756} INFO - Processing file /home/airflow/.local/lib/python3.7/site-packages/airflow/example_dags/example_branch_day_of_week_operator.py for tasks to queue
[2025-05-03T02:06:32.844+0000] {logging_mixin.py:120} INFO - [2025-05-03T02:06:32.844+0000] {dagbag.py:537} INFO - Filling up the DagBag from /home/airflow/.local/lib/python3.7/site-packages/airflow/example_dags/example_branch_day_of_week_operator.py
[2025-05-03T02:06:32.852+0000] {processor.py:766} INFO - DAG(s) dict_keys(['example_weekday_branch_operator']) retrieved from /home/airflow/.local/lib/python3.7/site-packages/airflow/example_dags/example_branch_day_of_week_operator.py
[2025-05-03T02:06:32.873+0000] {logging_mixin.py:120} INFO - [2025-05-03T02:06:32.873+0000] {dag.py:2585} INFO - Sync 1 DAGs
[2025-05-03T02:06:32.886+0000] {logging_mixin.py:120} INFO - [2025-05-03T02:06:32.886+0000] {dag.py:3340} INFO - Setting next_dagrun for example_weekday_branch_operator to 2025-05-02T00:00:00+00:00, run_after=2025-05-03T00:00:00+00:00
[2025-05-03T02:06:32.898+0000] {processor.py:176} INFO - Processing /home/airflow/.local/lib/python3.7/site-packages/airflow/example_dags/example_branch_day_of_week_operator.py took 0.060 seconds
[2025-05-03T02:48:24.659+0000] {processor.py:154} INFO - Started process (PID=43003) to work on /home/airflow/.local/lib/python3.7/site-packages/airflow/example_dags/example_branch_day_of_week_operator.py
[2025-05-03T02:48:24.659+0000] {processor.py:756} INFO - Processing file /home/airflow/.local/lib/python3.7/site-packages/airflow/example_dags/example_branch_day_of_week_operator.py for tasks to queue
[2025-05-03T02:48:24.659+0000] {logging_mixin.py:120} INFO - [2025-05-03T02:48:24.659+0000] {dagbag.py:537} INFO - Filling up the DagBag from /home/airflow/.local/lib/python3.7/site-packages/airflow/example_dags/example_branch_day_of_week_operator.py
[2025-05-03T02:48:24.668+0000] {processor.py:766} INFO - DAG(s) dict_keys(['example_weekday_branch_operator']) retrieved from /home/airflow/.local/lib/python3.7/site-packages/airflow/example_dags/example_branch_day_of_week_operator.py
[2025-05-03T02:48:24.689+0000] {logging_mixin.py:120} INFO - [2025-05-03T02:48:24.688+0000] {dag.py:2585} INFO - Sync 1 DAGs
[2025-05-03T02:48:24.702+0000] {logging_mixin.py:120} INFO - [2025-05-03T02:48:24.702+0000] {dag.py:3340} INFO - Setting next_dagrun for example_weekday_branch_operator to 2025-05-02T00:00:00+00:00, run_after=2025-05-03T00:00:00+00:00
[2025-05-03T02:48:24.710+0000] {processor.py:176} INFO - Processing /home/airflow/.local/lib/python3.7/site-packages/airflow/example_dags/example_branch_day_of_week_operator.py took 0.053 seconds
[2025-05-03T03:21:20.489+0000] {processor.py:154} INFO - Started process (PID=43066) to work on /home/airflow/.local/lib/python3.7/site-packages/airflow/example_dags/example_branch_day_of_week_operator.py
[2025-05-03T03:21:20.489+0000] {processor.py:756} INFO - Processing file /home/airflow/.local/lib/python3.7/site-packages/airflow/example_dags/example_branch_day_of_week_operator.py for tasks to queue
[2025-05-03T03:21:20.490+0000] {logging_mixin.py:120} INFO - [2025-05-03T03:21:20.490+0000] {dagbag.py:537} INFO - Filling up the DagBag from /home/airflow/.local/lib/python3.7/site-packages/airflow/example_dags/example_branch_day_of_week_operator.py
[2025-05-03T03:21:20.499+0000] {processor.py:766} INFO - DAG(s) dict_keys(['example_weekday_branch_operator']) retrieved from /home/airflow/.local/lib/python3.7/site-packages/airflow/example_dags/example_branch_day_of_week_operator.py
[2025-05-03T03:21:20.523+0000] {logging_mixin.py:120} INFO - [2025-05-03T03:21:20.523+0000] {dag.py:2585} INFO - Sync 1 DAGs
[2025-05-03T03:21:20.534+0000] {logging_mixin.py:120} INFO - [2025-05-03T03:21:20.534+0000] {dag.py:3340} INFO - Setting next_dagrun for example_weekday_branch_operator to 2025-05-02T00:00:00+00:00, run_after=2025-05-03T00:00:00+00:00
[2025-05-03T03:21:20.547+0000] {processor.py:176} INFO - Processing /home/airflow/.local/lib/python3.7/site-packages/airflow/example_dags/example_branch_day_of_week_operator.py took 0.060 seconds
[2025-05-03T04:10:42.496+0000] {processor.py:154} INFO - Started process (PID=43120) to work on /home/airflow/.local/lib/python3.7/site-packages/airflow/example_dags/example_branch_day_of_week_operator.py
[2025-05-03T04:10:42.496+0000] {processor.py:756} INFO - Processing file /home/airflow/.local/lib/python3.7/site-packages/airflow/example_dags/example_branch_day_of_week_operator.py for tasks to queue
[2025-05-03T04:10:42.496+0000] {logging_mixin.py:120} INFO - [2025-05-03T04:10:42.496+0000] {dagbag.py:537} INFO - Filling up the DagBag from /home/airflow/.local/lib/python3.7/site-packages/airflow/example_dags/example_branch_day_of_week_operator.py
[2025-05-03T04:10:42.504+0000] {processor.py:766} INFO - DAG(s) dict_keys(['example_weekday_branch_operator']) retrieved from /home/airflow/.local/lib/python3.7/site-packages/airflow/example_dags/example_branch_day_of_week_operator.py
[2025-05-03T04:10:42.525+0000] {logging_mixin.py:120} INFO - [2025-05-03T04:10:42.525+0000] {dag.py:2585} INFO - Sync 1 DAGs
[2025-05-03T04:10:42.536+0000] {logging_mixin.py:120} INFO - [2025-05-03T04:10:42.536+0000] {dag.py:3340} INFO - Setting next_dagrun for example_weekday_branch_operator to 2025-05-02T00:00:00+00:00, run_after=2025-05-03T00:00:00+00:00
[2025-05-03T04:10:42.546+0000] {processor.py:176} INFO - Processing /home/airflow/.local/lib/python3.7/site-packages/airflow/example_dags/example_branch_day_of_week_operator.py took 0.052 seconds
[2025-05-03T04:54:16.522+0000] {processor.py:154} INFO - Started process (PID=43183) to work on /home/airflow/.local/lib/python3.7/site-packages/airflow/example_dags/example_branch_day_of_week_operator.py
[2025-05-03T04:54:16.522+0000] {processor.py:756} INFO - Processing file /home/airflow/.local/lib/python3.7/site-packages/airflow/example_dags/example_branch_day_of_week_operator.py for tasks to queue
[2025-05-03T04:54:16.523+0000] {logging_mixin.py:120} INFO - [2025-05-03T04:54:16.523+0000] {dagbag.py:537} INFO - Filling up the DagBag from /home/airflow/.local/lib/python3.7/site-packages/airflow/example_dags/example_branch_day_of_week_operator.py
[2025-05-03T04:54:16.531+0000] {processor.py:766} INFO - DAG(s) dict_keys(['example_weekday_branch_operator']) retrieved from /home/airflow/.local/lib/python3.7/site-packages/airflow/example_dags/example_branch_day_of_week_operator.py
[2025-05-03T04:54:16.551+0000] {logging_mixin.py:120} INFO - [2025-05-03T04:54:16.551+0000] {dag.py:2585} INFO - Sync 1 DAGs
[2025-05-03T04:54:16.563+0000] {logging_mixin.py:120} INFO - [2025-05-03T04:54:16.563+0000] {dag.py:3340} INFO - Setting next_dagrun for example_weekday_branch_operator to 2025-05-02T00:00:00+00:00, run_after=2025-05-03T00:00:00+00:00
[2025-05-03T04:54:16.573+0000] {processor.py:176} INFO - Processing /home/airflow/.local/lib/python3.7/site-packages/airflow/example_dags/example_branch_day_of_week_operator.py took 0.053 seconds
[2025-05-03T05:53:09.817+0000] {processor.py:154} INFO - Started process (PID=43246) to work on /home/airflow/.local/lib/python3.7/site-packages/airflow/example_dags/example_branch_day_of_week_operator.py
[2025-05-03T05:53:09.818+0000] {processor.py:756} INFO - Processing file /home/airflow/.local/lib/python3.7/site-packages/airflow/example_dags/example_branch_day_of_week_operator.py for tasks to queue
[2025-05-03T05:53:09.818+0000] {logging_mixin.py:120} INFO - [2025-05-03T05:53:09.818+0000] {dagbag.py:537} INFO - Filling up the DagBag from /home/airflow/.local/lib/python3.7/site-packages/airflow/example_dags/example_branch_day_of_week_operator.py
[2025-05-03T05:53:09.827+0000] {processor.py:766} INFO - DAG(s) dict_keys(['example_weekday_branch_operator']) retrieved from /home/airflow/.local/lib/python3.7/site-packages/airflow/example_dags/example_branch_day_of_week_operator.py
[2025-05-03T05:53:09.849+0000] {logging_mixin.py:120} INFO - [2025-05-03T05:53:09.849+0000] {dag.py:2585} INFO - Sync 1 DAGs
[2025-05-03T05:53:09.862+0000] {logging_mixin.py:120} INFO - [2025-05-03T05:53:09.862+0000] {dag.py:3340} INFO - Setting next_dagrun for example_weekday_branch_operator to 2025-05-02T00:00:00+00:00, run_after=2025-05-03T00:00:00+00:00
[2025-05-03T05:53:09.874+0000] {processor.py:176} INFO - Processing /home/airflow/.local/lib/python3.7/site-packages/airflow/example_dags/example_branch_day_of_week_operator.py took 0.058 seconds
[2025-05-03T06:30:38.745+0000] {processor.py:154} INFO - Started process (PID=43310) to work on /home/airflow/.local/lib/python3.7/site-packages/airflow/example_dags/example_branch_day_of_week_operator.py
[2025-05-03T06:30:38.748+0000] {processor.py:756} INFO - Processing file /home/airflow/.local/lib/python3.7/site-packages/airflow/example_dags/example_branch_day_of_week_operator.py for tasks to queue
[2025-05-03T06:30:38.748+0000] {logging_mixin.py:120} INFO - [2025-05-03T06:30:38.748+0000] {dagbag.py:537} INFO - Filling up the DagBag from /home/airflow/.local/lib/python3.7/site-packages/airflow/example_dags/example_branch_day_of_week_operator.py
[2025-05-03T06:30:38.756+0000] {processor.py:766} INFO - DAG(s) dict_keys(['example_weekday_branch_operator']) retrieved from /home/airflow/.local/lib/python3.7/site-packages/airflow/example_dags/example_branch_day_of_week_operator.py
[2025-05-03T06:30:38.779+0000] {logging_mixin.py:120} INFO - [2025-05-03T06:30:38.779+0000] {dag.py:2585} INFO - Sync 1 DAGs
[2025-05-03T06:30:38.791+0000] {logging_mixin.py:120} INFO - [2025-05-03T06:30:38.791+0000] {dag.py:3340} INFO - Setting next_dagrun for example_weekday_branch_operator to 2025-05-02T00:00:00+00:00, run_after=2025-05-03T00:00:00+00:00
[2025-05-03T06:30:38.802+0000] {processor.py:176} INFO - Processing /home/airflow/.local/lib/python3.7/site-packages/airflow/example_dags/example_branch_day_of_week_operator.py took 0.058 seconds
[2025-05-03T07:22:16.381+0000] {processor.py:154} INFO - Started process (PID=43373) to work on /home/airflow/.local/lib/python3.7/site-packages/airflow/example_dags/example_branch_day_of_week_operator.py
[2025-05-03T07:22:16.382+0000] {processor.py:756} INFO - Processing file /home/airflow/.local/lib/python3.7/site-packages/airflow/example_dags/example_branch_day_of_week_operator.py for tasks to queue
[2025-05-03T07:22:16.383+0000] {logging_mixin.py:120} INFO - [2025-05-03T07:22:16.383+0000] {dagbag.py:537} INFO - Filling up the DagBag from /home/airflow/.local/lib/python3.7/site-packages/airflow/example_dags/example_branch_day_of_week_operator.py
[2025-05-03T07:22:16.390+0000] {processor.py:766} INFO - DAG(s) dict_keys(['example_weekday_branch_operator']) retrieved from /home/airflow/.local/lib/python3.7/site-packages/airflow/example_dags/example_branch_day_of_week_operator.py
[2025-05-03T07:22:16.409+0000] {logging_mixin.py:120} INFO - [2025-05-03T07:22:16.409+0000] {dag.py:2585} INFO - Sync 1 DAGs
[2025-05-03T07:22:16.422+0000] {logging_mixin.py:120} INFO - [2025-05-03T07:22:16.422+0000] {dag.py:3340} INFO - Setting next_dagrun for example_weekday_branch_operator to 2025-05-02T00:00:00+00:00, run_after=2025-05-03T00:00:00+00:00
[2025-05-03T07:22:16.432+0000] {processor.py:176} INFO - Processing /home/airflow/.local/lib/python3.7/site-packages/airflow/example_dags/example_branch_day_of_week_operator.py took 0.052 seconds
[2025-05-03T08:23:11.220+0000] {processor.py:154} INFO - Started process (PID=43436) to work on /home/airflow/.local/lib/python3.7/site-packages/airflow/example_dags/example_branch_day_of_week_operator.py
[2025-05-03T08:23:11.220+0000] {processor.py:756} INFO - Processing file /home/airflow/.local/lib/python3.7/site-packages/airflow/example_dags/example_branch_day_of_week_operator.py for tasks to queue
[2025-05-03T08:23:11.221+0000] {logging_mixin.py:120} INFO - [2025-05-03T08:23:11.220+0000] {dagbag.py:537} INFO - Filling up the DagBag from /home/airflow/.local/lib/python3.7/site-packages/airflow/example_dags/example_branch_day_of_week_operator.py
[2025-05-03T08:23:11.228+0000] {processor.py:766} INFO - DAG(s) dict_keys(['example_weekday_branch_operator']) retrieved from /home/airflow/.local/lib/python3.7/site-packages/airflow/example_dags/example_branch_day_of_week_operator.py
[2025-05-03T08:23:11.250+0000] {logging_mixin.py:120} INFO - [2025-05-03T08:23:11.250+0000] {dag.py:2585} INFO - Sync 1 DAGs
[2025-05-03T08:23:11.262+0000] {logging_mixin.py:120} INFO - [2025-05-03T08:23:11.262+0000] {dag.py:3340} INFO - Setting next_dagrun for example_weekday_branch_operator to 2025-05-02T00:00:00+00:00, run_after=2025-05-03T00:00:00+00:00
[2025-05-03T08:23:11.271+0000] {processor.py:176} INFO - Processing /home/airflow/.local/lib/python3.7/site-packages/airflow/example_dags/example_branch_day_of_week_operator.py took 0.054 seconds
[2025-05-03T09:41:38.837+0000] {processor.py:154} INFO - Started process (PID=43489) to work on /home/airflow/.local/lib/python3.7/site-packages/airflow/example_dags/example_branch_day_of_week_operator.py
[2025-05-03T09:41:38.838+0000] {processor.py:756} INFO - Processing file /home/airflow/.local/lib/python3.7/site-packages/airflow/example_dags/example_branch_day_of_week_operator.py for tasks to queue
[2025-05-03T09:41:38.839+0000] {logging_mixin.py:120} INFO - [2025-05-03T09:41:38.839+0000] {dagbag.py:537} INFO - Filling up the DagBag from /home/airflow/.local/lib/python3.7/site-packages/airflow/example_dags/example_branch_day_of_week_operator.py
[2025-05-03T09:41:38.850+0000] {processor.py:766} INFO - DAG(s) dict_keys(['example_weekday_branch_operator']) retrieved from /home/airflow/.local/lib/python3.7/site-packages/airflow/example_dags/example_branch_day_of_week_operator.py
[2025-05-03T09:41:38.873+0000] {logging_mixin.py:120} INFO - [2025-05-03T09:41:38.872+0000] {dag.py:2585} INFO - Sync 1 DAGs
[2025-05-03T09:41:38.885+0000] {logging_mixin.py:120} INFO - [2025-05-03T09:41:38.885+0000] {dag.py:3340} INFO - Setting next_dagrun for example_weekday_branch_operator to 2025-05-02T00:00:00+00:00, run_after=2025-05-03T00:00:00+00:00
[2025-05-03T09:41:38.895+0000] {processor.py:176} INFO - Processing /home/airflow/.local/lib/python3.7/site-packages/airflow/example_dags/example_branch_day_of_week_operator.py took 0.060 seconds
[2025-05-03T10:58:28.334+0000] {processor.py:154} INFO - Started process (PID=43552) to work on /home/airflow/.local/lib/python3.7/site-packages/airflow/example_dags/example_branch_day_of_week_operator.py
[2025-05-03T10:58:28.335+0000] {processor.py:756} INFO - Processing file /home/airflow/.local/lib/python3.7/site-packages/airflow/example_dags/example_branch_day_of_week_operator.py for tasks to queue
[2025-05-03T10:58:28.336+0000] {logging_mixin.py:120} INFO - [2025-05-03T10:58:28.335+0000] {dagbag.py:537} INFO - Filling up the DagBag from /home/airflow/.local/lib/python3.7/site-packages/airflow/example_dags/example_branch_day_of_week_operator.py
[2025-05-03T10:58:28.343+0000] {processor.py:766} INFO - DAG(s) dict_keys(['example_weekday_branch_operator']) retrieved from /home/airflow/.local/lib/python3.7/site-packages/airflow/example_dags/example_branch_day_of_week_operator.py
[2025-05-03T10:58:28.364+0000] {logging_mixin.py:120} INFO - [2025-05-03T10:58:28.364+0000] {dag.py:2585} INFO - Sync 1 DAGs
[2025-05-03T10:58:28.377+0000] {logging_mixin.py:120} INFO - [2025-05-03T10:58:28.377+0000] {dag.py:3340} INFO - Setting next_dagrun for example_weekday_branch_operator to 2025-05-02T00:00:00+00:00, run_after=2025-05-03T00:00:00+00:00
[2025-05-03T10:58:28.386+0000] {processor.py:176} INFO - Processing /home/airflow/.local/lib/python3.7/site-packages/airflow/example_dags/example_branch_day_of_week_operator.py took 0.053 seconds
[2025-05-03T11:42:15.268+0000] {processor.py:154} INFO - Started process (PID=43615) to work on /home/airflow/.local/lib/python3.7/site-packages/airflow/example_dags/example_branch_day_of_week_operator.py
[2025-05-03T11:42:15.274+0000] {processor.py:756} INFO - Processing file /home/airflow/.local/lib/python3.7/site-packages/airflow/example_dags/example_branch_day_of_week_operator.py for tasks to queue
[2025-05-03T11:42:15.274+0000] {logging_mixin.py:120} INFO - [2025-05-03T11:42:15.274+0000] {dagbag.py:537} INFO - Filling up the DagBag from /home/airflow/.local/lib/python3.7/site-packages/airflow/example_dags/example_branch_day_of_week_operator.py
[2025-05-03T11:42:15.282+0000] {processor.py:766} INFO - DAG(s) dict_keys(['example_weekday_branch_operator']) retrieved from /home/airflow/.local/lib/python3.7/site-packages/airflow/example_dags/example_branch_day_of_week_operator.py
[2025-05-03T11:42:15.305+0000] {logging_mixin.py:120} INFO - [2025-05-03T11:42:15.305+0000] {dag.py:2585} INFO - Sync 1 DAGs
[2025-05-03T11:42:15.317+0000] {logging_mixin.py:120} INFO - [2025-05-03T11:42:15.317+0000] {dag.py:3340} INFO - Setting next_dagrun for example_weekday_branch_operator to 2025-05-02T00:00:00+00:00, run_after=2025-05-03T00:00:00+00:00
[2025-05-03T11:42:15.326+0000] {processor.py:176} INFO - Processing /home/airflow/.local/lib/python3.7/site-packages/airflow/example_dags/example_branch_day_of_week_operator.py took 0.059 seconds
[2025-05-03T12:59:20.656+0000] {processor.py:154} INFO - Started process (PID=43678) to work on /home/airflow/.local/lib/python3.7/site-packages/airflow/example_dags/example_branch_day_of_week_operator.py
[2025-05-03T12:59:20.656+0000] {processor.py:756} INFO - Processing file /home/airflow/.local/lib/python3.7/site-packages/airflow/example_dags/example_branch_day_of_week_operator.py for tasks to queue
[2025-05-03T12:59:20.656+0000] {logging_mixin.py:120} INFO - [2025-05-03T12:59:20.656+0000] {dagbag.py:537} INFO - Filling up the DagBag from /home/airflow/.local/lib/python3.7/site-packages/airflow/example_dags/example_branch_day_of_week_operator.py
[2025-05-03T12:59:20.667+0000] {processor.py:766} INFO - DAG(s) dict_keys(['example_weekday_branch_operator']) retrieved from /home/airflow/.local/lib/python3.7/site-packages/airflow/example_dags/example_branch_day_of_week_operator.py
[2025-05-03T12:59:20.688+0000] {logging_mixin.py:120} INFO - [2025-05-03T12:59:20.688+0000] {dag.py:2585} INFO - Sync 1 DAGs
[2025-05-03T12:59:20.700+0000] {logging_mixin.py:120} INFO - [2025-05-03T12:59:20.700+0000] {dag.py:3340} INFO - Setting next_dagrun for example_weekday_branch_operator to 2025-05-02T00:00:00+00:00, run_after=2025-05-03T00:00:00+00:00
[2025-05-03T12:59:20.711+0000] {processor.py:176} INFO - Processing /home/airflow/.local/lib/python3.7/site-packages/airflow/example_dags/example_branch_day_of_week_operator.py took 0.057 seconds
[2025-05-03T13:28:31.755+0000] {processor.py:154} INFO - Started process (PID=43741) to work on /home/airflow/.local/lib/python3.7/site-packages/airflow/example_dags/example_branch_day_of_week_operator.py
[2025-05-03T13:28:31.755+0000] {processor.py:756} INFO - Processing file /home/airflow/.local/lib/python3.7/site-packages/airflow/example_dags/example_branch_day_of_week_operator.py for tasks to queue
[2025-05-03T13:28:31.756+0000] {logging_mixin.py:120} INFO - [2025-05-03T13:28:31.756+0000] {dagbag.py:537} INFO - Filling up the DagBag from /home/airflow/.local/lib/python3.7/site-packages/airflow/example_dags/example_branch_day_of_week_operator.py
[2025-05-03T13:28:31.765+0000] {processor.py:766} INFO - DAG(s) dict_keys(['example_weekday_branch_operator']) retrieved from /home/airflow/.local/lib/python3.7/site-packages/airflow/example_dags/example_branch_day_of_week_operator.py
[2025-05-03T13:28:31.784+0000] {logging_mixin.py:120} INFO - [2025-05-03T13:28:31.784+0000] {dag.py:2585} INFO - Sync 1 DAGs
[2025-05-03T13:28:31.797+0000] {logging_mixin.py:120} INFO - [2025-05-03T13:28:31.797+0000] {dag.py:3340} INFO - Setting next_dagrun for example_weekday_branch_operator to 2025-05-02T00:00:00+00:00, run_after=2025-05-03T00:00:00+00:00
[2025-05-03T13:28:31.807+0000] {processor.py:176} INFO - Processing /home/airflow/.local/lib/python3.7/site-packages/airflow/example_dags/example_branch_day_of_week_operator.py took 0.054 seconds
[2025-05-03T13:29:08.609+0000] {processor.py:154} INFO - Started process (PID=43804) to work on /home/airflow/.local/lib/python3.7/site-packages/airflow/example_dags/example_branch_day_of_week_operator.py
[2025-05-03T13:29:08.609+0000] {processor.py:756} INFO - Processing file /home/airflow/.local/lib/python3.7/site-packages/airflow/example_dags/example_branch_day_of_week_operator.py for tasks to queue
[2025-05-03T13:29:08.610+0000] {logging_mixin.py:120} INFO - [2025-05-03T13:29:08.610+0000] {dagbag.py:537} INFO - Filling up the DagBag from /home/airflow/.local/lib/python3.7/site-packages/airflow/example_dags/example_branch_day_of_week_operator.py
[2025-05-03T13:29:08.620+0000] {processor.py:766} INFO - DAG(s) dict_keys(['example_weekday_branch_operator']) retrieved from /home/airflow/.local/lib/python3.7/site-packages/airflow/example_dags/example_branch_day_of_week_operator.py
[2025-05-03T13:29:08.639+0000] {logging_mixin.py:120} INFO - [2025-05-03T13:29:08.639+0000] {dag.py:2585} INFO - Sync 1 DAGs
[2025-05-03T13:29:08.650+0000] {logging_mixin.py:120} INFO - [2025-05-03T13:29:08.650+0000] {dag.py:3340} INFO - Setting next_dagrun for example_weekday_branch_operator to 2025-05-02T00:00:00+00:00, run_after=2025-05-03T00:00:00+00:00
[2025-05-03T13:29:08.661+0000] {processor.py:176} INFO - Processing /home/airflow/.local/lib/python3.7/site-packages/airflow/example_dags/example_branch_day_of_week_operator.py took 0.054 seconds
[2025-05-03T14:29:11.050+0000] {processor.py:154} INFO - Started process (PID=43865) to work on /home/airflow/.local/lib/python3.7/site-packages/airflow/example_dags/example_branch_day_of_week_operator.py
[2025-05-03T14:29:11.051+0000] {processor.py:756} INFO - Processing file /home/airflow/.local/lib/python3.7/site-packages/airflow/example_dags/example_branch_day_of_week_operator.py for tasks to queue
[2025-05-03T14:29:11.051+0000] {logging_mixin.py:120} INFO - [2025-05-03T14:29:11.051+0000] {dagbag.py:537} INFO - Filling up the DagBag from /home/airflow/.local/lib/python3.7/site-packages/airflow/example_dags/example_branch_day_of_week_operator.py
[2025-05-03T14:29:11.060+0000] {processor.py:766} INFO - DAG(s) dict_keys(['example_weekday_branch_operator']) retrieved from /home/airflow/.local/lib/python3.7/site-packages/airflow/example_dags/example_branch_day_of_week_operator.py
[2025-05-03T14:29:11.081+0000] {logging_mixin.py:120} INFO - [2025-05-03T14:29:11.081+0000] {dag.py:2585} INFO - Sync 1 DAGs
[2025-05-03T14:29:11.094+0000] {logging_mixin.py:120} INFO - [2025-05-03T14:29:11.094+0000] {dag.py:3340} INFO - Setting next_dagrun for example_weekday_branch_operator to 2025-05-02T00:00:00+00:00, run_after=2025-05-03T00:00:00+00:00
[2025-05-03T14:29:11.107+0000] {processor.py:176} INFO - Processing /home/airflow/.local/lib/python3.7/site-packages/airflow/example_dags/example_branch_day_of_week_operator.py took 0.058 seconds
[2025-05-03T15:07:54.201+0000] {processor.py:154} INFO - Started process (PID=43919) to work on /home/airflow/.local/lib/python3.7/site-packages/airflow/example_dags/example_branch_day_of_week_operator.py
[2025-05-03T15:07:54.202+0000] {processor.py:756} INFO - Processing file /home/airflow/.local/lib/python3.7/site-packages/airflow/example_dags/example_branch_day_of_week_operator.py for tasks to queue
[2025-05-03T15:07:54.202+0000] {logging_mixin.py:120} INFO - [2025-05-03T15:07:54.202+0000] {dagbag.py:537} INFO - Filling up the DagBag from /home/airflow/.local/lib/python3.7/site-packages/airflow/example_dags/example_branch_day_of_week_operator.py
[2025-05-03T15:07:54.211+0000] {processor.py:766} INFO - DAG(s) dict_keys(['example_weekday_branch_operator']) retrieved from /home/airflow/.local/lib/python3.7/site-packages/airflow/example_dags/example_branch_day_of_week_operator.py
[2025-05-03T15:07:54.231+0000] {logging_mixin.py:120} INFO - [2025-05-03T15:07:54.231+0000] {dag.py:2585} INFO - Sync 1 DAGs
[2025-05-03T15:07:54.244+0000] {logging_mixin.py:120} INFO - [2025-05-03T15:07:54.244+0000] {dag.py:3340} INFO - Setting next_dagrun for example_weekday_branch_operator to 2025-05-02T00:00:00+00:00, run_after=2025-05-03T00:00:00+00:00
[2025-05-03T15:07:54.259+0000] {processor.py:176} INFO - Processing /home/airflow/.local/lib/python3.7/site-packages/airflow/example_dags/example_branch_day_of_week_operator.py took 0.059 seconds
[2025-05-03T16:21:03.505+0000] {processor.py:154} INFO - Started process (PID=43982) to work on /home/airflow/.local/lib/python3.7/site-packages/airflow/example_dags/example_branch_day_of_week_operator.py
[2025-05-03T16:21:03.506+0000] {processor.py:756} INFO - Processing file /home/airflow/.local/lib/python3.7/site-packages/airflow/example_dags/example_branch_day_of_week_operator.py for tasks to queue
[2025-05-03T16:21:03.507+0000] {logging_mixin.py:120} INFO - [2025-05-03T16:21:03.506+0000] {dagbag.py:537} INFO - Filling up the DagBag from /home/airflow/.local/lib/python3.7/site-packages/airflow/example_dags/example_branch_day_of_week_operator.py
[2025-05-03T16:21:03.515+0000] {processor.py:766} INFO - DAG(s) dict_keys(['example_weekday_branch_operator']) retrieved from /home/airflow/.local/lib/python3.7/site-packages/airflow/example_dags/example_branch_day_of_week_operator.py
[2025-05-03T16:21:03.537+0000] {logging_mixin.py:120} INFO - [2025-05-03T16:21:03.536+0000] {dag.py:2585} INFO - Sync 1 DAGs
[2025-05-03T16:21:03.550+0000] {logging_mixin.py:120} INFO - [2025-05-03T16:21:03.550+0000] {dag.py:3340} INFO - Setting next_dagrun for example_weekday_branch_operator to 2025-05-02T00:00:00+00:00, run_after=2025-05-03T00:00:00+00:00
[2025-05-03T16:21:03.561+0000] {processor.py:176} INFO - Processing /home/airflow/.local/lib/python3.7/site-packages/airflow/example_dags/example_branch_day_of_week_operator.py took 0.058 seconds
[2025-05-03T16:48:05.864+0000] {processor.py:154} INFO - Started process (PID=44044) to work on /home/airflow/.local/lib/python3.7/site-packages/airflow/example_dags/example_branch_day_of_week_operator.py
[2025-05-03T16:48:05.865+0000] {processor.py:756} INFO - Processing file /home/airflow/.local/lib/python3.7/site-packages/airflow/example_dags/example_branch_day_of_week_operator.py for tasks to queue
[2025-05-03T16:48:05.865+0000] {logging_mixin.py:120} INFO - [2025-05-03T16:48:05.865+0000] {dagbag.py:537} INFO - Filling up the DagBag from /home/airflow/.local/lib/python3.7/site-packages/airflow/example_dags/example_branch_day_of_week_operator.py
[2025-05-03T16:48:05.874+0000] {processor.py:766} INFO - DAG(s) dict_keys(['example_weekday_branch_operator']) retrieved from /home/airflow/.local/lib/python3.7/site-packages/airflow/example_dags/example_branch_day_of_week_operator.py
[2025-05-03T16:48:05.895+0000] {logging_mixin.py:120} INFO - [2025-05-03T16:48:05.895+0000] {dag.py:2585} INFO - Sync 1 DAGs
[2025-05-03T16:48:05.907+0000] {logging_mixin.py:120} INFO - [2025-05-03T16:48:05.907+0000] {dag.py:3340} INFO - Setting next_dagrun for example_weekday_branch_operator to 2025-05-02T00:00:00+00:00, run_after=2025-05-03T00:00:00+00:00
[2025-05-03T16:48:05.918+0000] {processor.py:176} INFO - Processing /home/airflow/.local/lib/python3.7/site-packages/airflow/example_dags/example_branch_day_of_week_operator.py took 0.055 seconds
[2025-05-03T18:05:54.425+0000] {processor.py:154} INFO - Started process (PID=44107) to work on /home/airflow/.local/lib/python3.7/site-packages/airflow/example_dags/example_branch_day_of_week_operator.py
[2025-05-03T18:05:54.426+0000] {processor.py:756} INFO - Processing file /home/airflow/.local/lib/python3.7/site-packages/airflow/example_dags/example_branch_day_of_week_operator.py for tasks to queue
[2025-05-03T18:05:54.427+0000] {logging_mixin.py:120} INFO - [2025-05-03T18:05:54.427+0000] {dagbag.py:537} INFO - Filling up the DagBag from /home/airflow/.local/lib/python3.7/site-packages/airflow/example_dags/example_branch_day_of_week_operator.py
[2025-05-03T18:05:54.437+0000] {processor.py:766} INFO - DAG(s) dict_keys(['example_weekday_branch_operator']) retrieved from /home/airflow/.local/lib/python3.7/site-packages/airflow/example_dags/example_branch_day_of_week_operator.py
[2025-05-03T18:05:54.462+0000] {logging_mixin.py:120} INFO - [2025-05-03T18:05:54.462+0000] {dag.py:2585} INFO - Sync 1 DAGs
[2025-05-03T18:05:54.473+0000] {logging_mixin.py:120} INFO - [2025-05-03T18:05:54.473+0000] {dag.py:3340} INFO - Setting next_dagrun for example_weekday_branch_operator to 2025-05-02T00:00:00+00:00, run_after=2025-05-03T00:00:00+00:00
[2025-05-03T18:05:54.486+0000] {processor.py:176} INFO - Processing /home/airflow/.local/lib/python3.7/site-packages/airflow/example_dags/example_branch_day_of_week_operator.py took 0.062 seconds
[2025-05-03T19:25:57.926+0000] {processor.py:154} INFO - Started process (PID=44170) to work on /home/airflow/.local/lib/python3.7/site-packages/airflow/example_dags/example_branch_day_of_week_operator.py
[2025-05-03T19:25:57.926+0000] {processor.py:756} INFO - Processing file /home/airflow/.local/lib/python3.7/site-packages/airflow/example_dags/example_branch_day_of_week_operator.py for tasks to queue
[2025-05-03T19:25:57.927+0000] {logging_mixin.py:120} INFO - [2025-05-03T19:25:57.926+0000] {dagbag.py:537} INFO - Filling up the DagBag from /home/airflow/.local/lib/python3.7/site-packages/airflow/example_dags/example_branch_day_of_week_operator.py
[2025-05-03T19:25:57.936+0000] {processor.py:766} INFO - DAG(s) dict_keys(['example_weekday_branch_operator']) retrieved from /home/airflow/.local/lib/python3.7/site-packages/airflow/example_dags/example_branch_day_of_week_operator.py
[2025-05-03T19:25:57.960+0000] {logging_mixin.py:120} INFO - [2025-05-03T19:25:57.960+0000] {dag.py:2585} INFO - Sync 1 DAGs
[2025-05-03T19:25:57.978+0000] {logging_mixin.py:120} INFO - [2025-05-03T19:25:57.978+0000] {dag.py:3340} INFO - Setting next_dagrun for example_weekday_branch_operator to 2025-05-02T00:00:00+00:00, run_after=2025-05-03T00:00:00+00:00
[2025-05-03T19:25:57.993+0000] {processor.py:176} INFO - Processing /home/airflow/.local/lib/python3.7/site-packages/airflow/example_dags/example_branch_day_of_week_operator.py took 0.069 seconds
[2025-05-03T20:07:05.386+0000] {processor.py:154} INFO - Started process (PID=44232) to work on /home/airflow/.local/lib/python3.7/site-packages/airflow/example_dags/example_branch_day_of_week_operator.py
[2025-05-03T20:07:05.386+0000] {processor.py:756} INFO - Processing file /home/airflow/.local/lib/python3.7/site-packages/airflow/example_dags/example_branch_day_of_week_operator.py for tasks to queue
[2025-05-03T20:07:05.387+0000] {logging_mixin.py:120} INFO - [2025-05-03T20:07:05.387+0000] {dagbag.py:537} INFO - Filling up the DagBag from /home/airflow/.local/lib/python3.7/site-packages/airflow/example_dags/example_branch_day_of_week_operator.py
[2025-05-03T20:07:05.395+0000] {processor.py:766} INFO - DAG(s) dict_keys(['example_weekday_branch_operator']) retrieved from /home/airflow/.local/lib/python3.7/site-packages/airflow/example_dags/example_branch_day_of_week_operator.py
[2025-05-03T20:07:05.418+0000] {logging_mixin.py:120} INFO - [2025-05-03T20:07:05.417+0000] {dag.py:2585} INFO - Sync 1 DAGs
[2025-05-03T20:07:05.429+0000] {logging_mixin.py:120} INFO - [2025-05-03T20:07:05.429+0000] {dag.py:3340} INFO - Setting next_dagrun for example_weekday_branch_operator to 2025-05-02T00:00:00+00:00, run_after=2025-05-03T00:00:00+00:00
[2025-05-03T20:07:05.440+0000] {processor.py:176} INFO - Processing /home/airflow/.local/lib/python3.7/site-packages/airflow/example_dags/example_branch_day_of_week_operator.py took 0.056 seconds
[2025-05-03T21:36:13.749+0000] {processor.py:154} INFO - Started process (PID=44286) to work on /home/airflow/.local/lib/python3.7/site-packages/airflow/example_dags/example_branch_day_of_week_operator.py
[2025-05-03T21:36:13.753+0000] {processor.py:756} INFO - Processing file /home/airflow/.local/lib/python3.7/site-packages/airflow/example_dags/example_branch_day_of_week_operator.py for tasks to queue
[2025-05-03T21:36:13.754+0000] {logging_mixin.py:120} INFO - [2025-05-03T21:36:13.754+0000] {dagbag.py:537} INFO - Filling up the DagBag from /home/airflow/.local/lib/python3.7/site-packages/airflow/example_dags/example_branch_day_of_week_operator.py
[2025-05-03T21:36:13.764+0000] {processor.py:766} INFO - DAG(s) dict_keys(['example_weekday_branch_operator']) retrieved from /home/airflow/.local/lib/python3.7/site-packages/airflow/example_dags/example_branch_day_of_week_operator.py
[2025-05-03T21:36:13.787+0000] {logging_mixin.py:120} INFO - [2025-05-03T21:36:13.787+0000] {dag.py:2585} INFO - Sync 1 DAGs
[2025-05-03T21:36:13.799+0000] {logging_mixin.py:120} INFO - [2025-05-03T21:36:13.799+0000] {dag.py:3340} INFO - Setting next_dagrun for example_weekday_branch_operator to 2025-05-02T00:00:00+00:00, run_after=2025-05-03T00:00:00+00:00
[2025-05-03T21:36:13.809+0000] {processor.py:176} INFO - Processing /home/airflow/.local/lib/python3.7/site-packages/airflow/example_dags/example_branch_day_of_week_operator.py took 0.062 seconds
[2025-05-03T22:19:52.728+0000] {processor.py:154} INFO - Started process (PID=44349) to work on /home/airflow/.local/lib/python3.7/site-packages/airflow/example_dags/example_branch_day_of_week_operator.py
[2025-05-03T22:19:52.729+0000] {processor.py:756} INFO - Processing file /home/airflow/.local/lib/python3.7/site-packages/airflow/example_dags/example_branch_day_of_week_operator.py for tasks to queue
[2025-05-03T22:19:52.729+0000] {logging_mixin.py:120} INFO - [2025-05-03T22:19:52.729+0000] {dagbag.py:537} INFO - Filling up the DagBag from /home/airflow/.local/lib/python3.7/site-packages/airflow/example_dags/example_branch_day_of_week_operator.py
[2025-05-03T22:19:52.739+0000] {processor.py:766} INFO - DAG(s) dict_keys(['example_weekday_branch_operator']) retrieved from /home/airflow/.local/lib/python3.7/site-packages/airflow/example_dags/example_branch_day_of_week_operator.py
[2025-05-03T22:19:52.763+0000] {logging_mixin.py:120} INFO - [2025-05-03T22:19:52.763+0000] {dag.py:2585} INFO - Sync 1 DAGs
[2025-05-03T22:19:52.777+0000] {logging_mixin.py:120} INFO - [2025-05-03T22:19:52.777+0000] {dag.py:3340} INFO - Setting next_dagrun for example_weekday_branch_operator to 2025-05-02T00:00:00+00:00, run_after=2025-05-03T00:00:00+00:00
[2025-05-03T22:19:52.786+0000] {processor.py:176} INFO - Processing /home/airflow/.local/lib/python3.7/site-packages/airflow/example_dags/example_branch_day_of_week_operator.py took 0.060 seconds
[2025-05-03T23:04:45.879+0000] {processor.py:154} INFO - Started process (PID=44412) to work on /home/airflow/.local/lib/python3.7/site-packages/airflow/example_dags/example_branch_day_of_week_operator.py
[2025-05-03T23:04:45.879+0000] {processor.py:756} INFO - Processing file /home/airflow/.local/lib/python3.7/site-packages/airflow/example_dags/example_branch_day_of_week_operator.py for tasks to queue
[2025-05-03T23:04:45.880+0000] {logging_mixin.py:120} INFO - [2025-05-03T23:04:45.880+0000] {dagbag.py:537} INFO - Filling up the DagBag from /home/airflow/.local/lib/python3.7/site-packages/airflow/example_dags/example_branch_day_of_week_operator.py
[2025-05-03T23:04:45.888+0000] {processor.py:766} INFO - DAG(s) dict_keys(['example_weekday_branch_operator']) retrieved from /home/airflow/.local/lib/python3.7/site-packages/airflow/example_dags/example_branch_day_of_week_operator.py
[2025-05-03T23:04:45.911+0000] {logging_mixin.py:120} INFO - [2025-05-03T23:04:45.911+0000] {dag.py:2585} INFO - Sync 1 DAGs
[2025-05-03T23:04:45.923+0000] {logging_mixin.py:120} INFO - [2025-05-03T23:04:45.923+0000] {dag.py:3340} INFO - Setting next_dagrun for example_weekday_branch_operator to 2025-05-02T00:00:00+00:00, run_after=2025-05-03T00:00:00+00:00
[2025-05-03T23:04:45.935+0000] {processor.py:176} INFO - Processing /home/airflow/.local/lib/python3.7/site-packages/airflow/example_dags/example_branch_day_of_week_operator.py took 0.057 seconds
[2025-05-03T23:22:08.099+0000] {processor.py:154} INFO - Started process (PID=44474) to work on /home/airflow/.local/lib/python3.7/site-packages/airflow/example_dags/example_branch_day_of_week_operator.py
[2025-05-03T23:22:08.103+0000] {processor.py:756} INFO - Processing file /home/airflow/.local/lib/python3.7/site-packages/airflow/example_dags/example_branch_day_of_week_operator.py for tasks to queue
[2025-05-03T23:22:08.104+0000] {logging_mixin.py:120} INFO - [2025-05-03T23:22:08.104+0000] {dagbag.py:537} INFO - Filling up the DagBag from /home/airflow/.local/lib/python3.7/site-packages/airflow/example_dags/example_branch_day_of_week_operator.py
[2025-05-03T23:22:08.112+0000] {processor.py:766} INFO - DAG(s) dict_keys(['example_weekday_branch_operator']) retrieved from /home/airflow/.local/lib/python3.7/site-packages/airflow/example_dags/example_branch_day_of_week_operator.py
[2025-05-03T23:22:08.131+0000] {logging_mixin.py:120} INFO - [2025-05-03T23:22:08.131+0000] {dag.py:2585} INFO - Sync 1 DAGs
[2025-05-03T23:22:08.142+0000] {logging_mixin.py:120} INFO - [2025-05-03T23:22:08.142+0000] {dag.py:3340} INFO - Setting next_dagrun for example_weekday_branch_operator to 2025-05-02T00:00:00+00:00, run_after=2025-05-03T00:00:00+00:00
[2025-05-03T23:22:08.152+0000] {processor.py:176} INFO - Processing /home/airflow/.local/lib/python3.7/site-packages/airflow/example_dags/example_branch_day_of_week_operator.py took 0.054 seconds
[2025-05-03T23:38:29.271+0000] {processor.py:154} INFO - Started process (PID=44537) to work on /home/airflow/.local/lib/python3.7/site-packages/airflow/example_dags/example_branch_day_of_week_operator.py
[2025-05-03T23:38:29.272+0000] {processor.py:756} INFO - Processing file /home/airflow/.local/lib/python3.7/site-packages/airflow/example_dags/example_branch_day_of_week_operator.py for tasks to queue
[2025-05-03T23:38:29.272+0000] {logging_mixin.py:120} INFO - [2025-05-03T23:38:29.272+0000] {dagbag.py:537} INFO - Filling up the DagBag from /home/airflow/.local/lib/python3.7/site-packages/airflow/example_dags/example_branch_day_of_week_operator.py
[2025-05-03T23:38:29.279+0000] {processor.py:766} INFO - DAG(s) dict_keys(['example_weekday_branch_operator']) retrieved from /home/airflow/.local/lib/python3.7/site-packages/airflow/example_dags/example_branch_day_of_week_operator.py
[2025-05-03T23:38:29.297+0000] {logging_mixin.py:120} INFO - [2025-05-03T23:38:29.297+0000] {dag.py:2585} INFO - Sync 1 DAGs
[2025-05-03T23:38:29.308+0000] {logging_mixin.py:120} INFO - [2025-05-03T23:38:29.308+0000] {dag.py:3340} INFO - Setting next_dagrun for example_weekday_branch_operator to 2025-05-02T00:00:00+00:00, run_after=2025-05-03T00:00:00+00:00
[2025-05-03T23:38:29.316+0000] {processor.py:176} INFO - Processing /home/airflow/.local/lib/python3.7/site-packages/airflow/example_dags/example_branch_day_of_week_operator.py took 0.047 seconds
[2025-05-03T23:56:24.988+0000] {processor.py:154} INFO - Started process (PID=44600) to work on /home/airflow/.local/lib/python3.7/site-packages/airflow/example_dags/example_branch_day_of_week_operator.py
[2025-05-03T23:56:24.989+0000] {processor.py:756} INFO - Processing file /home/airflow/.local/lib/python3.7/site-packages/airflow/example_dags/example_branch_day_of_week_operator.py for tasks to queue
[2025-05-03T23:56:24.990+0000] {logging_mixin.py:120} INFO - [2025-05-03T23:56:24.989+0000] {dagbag.py:537} INFO - Filling up the DagBag from /home/airflow/.local/lib/python3.7/site-packages/airflow/example_dags/example_branch_day_of_week_operator.py
[2025-05-03T23:56:24.998+0000] {processor.py:766} INFO - DAG(s) dict_keys(['example_weekday_branch_operator']) retrieved from /home/airflow/.local/lib/python3.7/site-packages/airflow/example_dags/example_branch_day_of_week_operator.py
[2025-05-03T23:56:25.019+0000] {logging_mixin.py:120} INFO - [2025-05-03T23:56:25.019+0000] {dag.py:2585} INFO - Sync 1 DAGs
[2025-05-03T23:56:25.034+0000] {logging_mixin.py:120} INFO - [2025-05-03T23:56:25.034+0000] {dag.py:3340} INFO - Setting next_dagrun for example_weekday_branch_operator to 2025-05-02T00:00:00+00:00, run_after=2025-05-03T00:00:00+00:00
[2025-05-03T23:56:25.042+0000] {processor.py:176} INFO - Processing /home/airflow/.local/lib/python3.7/site-packages/airflow/example_dags/example_branch_day_of_week_operator.py took 0.056 seconds
