[2025-05-03T00:29:31.658+0000] {processor.py:154} INFO - Started process (PID=42631) to work on /home/airflow/.local/lib/python3.7/site-packages/airflow/example_dags/example_external_task_marker_dag.py
[2025-05-03T00:29:31.659+0000] {processor.py:756} INFO - Processing file /home/airflow/.local/lib/python3.7/site-packages/airflow/example_dags/example_external_task_marker_dag.py for tasks to queue
[2025-05-03T00:29:31.659+0000] {logging_mixin.py:120} INFO - [2025-05-03T00:29:31.659+0000] {dagbag.py:537} INFO - Filling up the DagBag from /home/airflow/.local/lib/python3.7/site-packages/airflow/example_dags/example_external_task_marker_dag.py
[2025-05-03T00:29:31.665+0000] {processor.py:766} INFO - DAG(s) dict_keys(['example_external_task_marker_child', 'example_external_task_marker_parent']) retrieved from /home/airflow/.local/lib/python3.7/site-packages/airflow/example_dags/example_external_task_marker_dag.py
[2025-05-03T00:29:31.744+0000] {logging_mixin.py:120} INFO - [2025-05-03T00:29:31.743+0000] {dag.py:2585} INFO - Sync 2 DAGs
[2025-05-03T00:29:31.754+0000] {logging_mixin.py:120} INFO - [2025-05-03T00:29:31.754+0000] {dag.py:3340} INFO - Setting next_dagrun for example_external_task_marker_child to None, run_after=None
[2025-05-03T00:29:31.755+0000] {logging_mixin.py:120} INFO - [2025-05-03T00:29:31.755+0000] {dag.py:3340} INFO - Setting next_dagrun for example_external_task_marker_parent to None, run_after=None
[2025-05-03T00:29:31.763+0000] {processor.py:176} INFO - Processing /home/airflow/.local/lib/python3.7/site-packages/airflow/example_dags/example_external_task_marker_dag.py took 0.106 seconds
[2025-05-03T00:52:39.979+0000] {processor.py:154} INFO - Started process (PID=42685) to work on /home/airflow/.local/lib/python3.7/site-packages/airflow/example_dags/example_external_task_marker_dag.py
[2025-05-03T00:52:39.979+0000] {processor.py:756} INFO - Processing file /home/airflow/.local/lib/python3.7/site-packages/airflow/example_dags/example_external_task_marker_dag.py for tasks to queue
[2025-05-03T00:52:39.980+0000] {logging_mixin.py:120} INFO - [2025-05-03T00:52:39.980+0000] {dagbag.py:537} INFO - Filling up the DagBag from /home/airflow/.local/lib/python3.7/site-packages/airflow/example_dags/example_external_task_marker_dag.py
[2025-05-03T00:52:39.988+0000] {processor.py:766} INFO - DAG(s) dict_keys(['example_external_task_marker_parent', 'example_external_task_marker_child']) retrieved from /home/airflow/.local/lib/python3.7/site-packages/airflow/example_dags/example_external_task_marker_dag.py
[2025-05-03T00:52:40.070+0000] {logging_mixin.py:120} INFO - [2025-05-03T00:52:40.070+0000] {dag.py:2585} INFO - Sync 2 DAGs
[2025-05-03T00:52:40.086+0000] {logging_mixin.py:120} INFO - [2025-05-03T00:52:40.086+0000] {dag.py:3340} INFO - Setting next_dagrun for example_external_task_marker_child to None, run_after=None
[2025-05-03T00:52:40.088+0000] {logging_mixin.py:120} INFO - [2025-05-03T00:52:40.088+0000] {dag.py:3340} INFO - Setting next_dagrun for example_external_task_marker_parent to None, run_after=None
[2025-05-03T00:52:40.097+0000] {processor.py:176} INFO - Processing /home/airflow/.local/lib/python3.7/site-packages/airflow/example_dags/example_external_task_marker_dag.py took 0.121 seconds
[2025-05-03T01:16:08.338+0000] {processor.py:154} INFO - Started process (PID=42748) to work on /home/airflow/.local/lib/python3.7/site-packages/airflow/example_dags/example_external_task_marker_dag.py
[2025-05-03T01:16:08.339+0000] {processor.py:756} INFO - Processing file /home/airflow/.local/lib/python3.7/site-packages/airflow/example_dags/example_external_task_marker_dag.py for tasks to queue
[2025-05-03T01:16:08.340+0000] {logging_mixin.py:120} INFO - [2025-05-03T01:16:08.340+0000] {dagbag.py:537} INFO - Filling up the DagBag from /home/airflow/.local/lib/python3.7/site-packages/airflow/example_dags/example_external_task_marker_dag.py
[2025-05-03T01:16:08.348+0000] {processor.py:766} INFO - DAG(s) dict_keys(['example_external_task_marker_parent', 'example_external_task_marker_child']) retrieved from /home/airflow/.local/lib/python3.7/site-packages/airflow/example_dags/example_external_task_marker_dag.py
[2025-05-03T01:16:08.435+0000] {logging_mixin.py:120} INFO - [2025-05-03T01:16:08.435+0000] {dag.py:2585} INFO - Sync 2 DAGs
[2025-05-03T01:16:08.446+0000] {logging_mixin.py:120} INFO - [2025-05-03T01:16:08.446+0000] {dag.py:3340} INFO - Setting next_dagrun for example_external_task_marker_child to None, run_after=None
[2025-05-03T01:16:08.448+0000] {logging_mixin.py:120} INFO - [2025-05-03T01:16:08.448+0000] {dag.py:3340} INFO - Setting next_dagrun for example_external_task_marker_parent to None, run_after=None
[2025-05-03T01:16:08.459+0000] {processor.py:176} INFO - Processing /home/airflow/.local/lib/python3.7/site-packages/airflow/example_dags/example_external_task_marker_dag.py took 0.123 seconds
[2025-05-03T01:19:52.873+0000] {processor.py:154} INFO - Started process (PID=42810) to work on /home/airflow/.local/lib/python3.7/site-packages/airflow/example_dags/example_external_task_marker_dag.py
[2025-05-03T01:19:52.874+0000] {processor.py:756} INFO - Processing file /home/airflow/.local/lib/python3.7/site-packages/airflow/example_dags/example_external_task_marker_dag.py for tasks to queue
[2025-05-03T01:19:52.875+0000] {logging_mixin.py:120} INFO - [2025-05-03T01:19:52.875+0000] {dagbag.py:537} INFO - Filling up the DagBag from /home/airflow/.local/lib/python3.7/site-packages/airflow/example_dags/example_external_task_marker_dag.py
[2025-05-03T01:19:52.884+0000] {processor.py:766} INFO - DAG(s) dict_keys(['example_external_task_marker_child', 'example_external_task_marker_parent']) retrieved from /home/airflow/.local/lib/python3.7/site-packages/airflow/example_dags/example_external_task_marker_dag.py
[2025-05-03T01:19:52.974+0000] {logging_mixin.py:120} INFO - [2025-05-03T01:19:52.974+0000] {dag.py:2585} INFO - Sync 2 DAGs
[2025-05-03T01:19:52.989+0000] {logging_mixin.py:120} INFO - [2025-05-03T01:19:52.989+0000] {dag.py:3340} INFO - Setting next_dagrun for example_external_task_marker_child to None, run_after=None
[2025-05-03T01:19:52.993+0000] {logging_mixin.py:120} INFO - [2025-05-03T01:19:52.993+0000] {dag.py:3340} INFO - Setting next_dagrun for example_external_task_marker_parent to None, run_after=None
[2025-05-03T01:19:53.007+0000] {processor.py:176} INFO - Processing /home/airflow/.local/lib/python3.7/site-packages/airflow/example_dags/example_external_task_marker_dag.py took 0.135 seconds
[2025-05-03T01:24:04.684+0000] {processor.py:154} INFO - Started process (PID=42872) to work on /home/airflow/.local/lib/python3.7/site-packages/airflow/example_dags/example_external_task_marker_dag.py
[2025-05-03T01:24:04.684+0000] {processor.py:756} INFO - Processing file /home/airflow/.local/lib/python3.7/site-packages/airflow/example_dags/example_external_task_marker_dag.py for tasks to queue
[2025-05-03T01:24:04.684+0000] {logging_mixin.py:120} INFO - [2025-05-03T01:24:04.684+0000] {dagbag.py:537} INFO - Filling up the DagBag from /home/airflow/.local/lib/python3.7/site-packages/airflow/example_dags/example_external_task_marker_dag.py
[2025-05-03T01:24:04.690+0000] {processor.py:766} INFO - DAG(s) dict_keys(['example_external_task_marker_parent', 'example_external_task_marker_child']) retrieved from /home/airflow/.local/lib/python3.7/site-packages/airflow/example_dags/example_external_task_marker_dag.py
[2025-05-03T01:24:04.770+0000] {logging_mixin.py:120} INFO - [2025-05-03T01:24:04.770+0000] {dag.py:2585} INFO - Sync 2 DAGs
[2025-05-03T01:24:04.784+0000] {logging_mixin.py:120} INFO - [2025-05-03T01:24:04.784+0000] {dag.py:3340} INFO - Setting next_dagrun for example_external_task_marker_child to None, run_after=None
[2025-05-03T01:24:04.786+0000] {logging_mixin.py:120} INFO - [2025-05-03T01:24:04.786+0000] {dag.py:3340} INFO - Setting next_dagrun for example_external_task_marker_parent to None, run_after=None
[2025-05-03T01:24:04.798+0000] {processor.py:176} INFO - Processing /home/airflow/.local/lib/python3.7/site-packages/airflow/example_dags/example_external_task_marker_dag.py took 0.117 seconds
[2025-05-03T02:06:32.640+0000] {processor.py:154} INFO - Started process (PID=42935) to work on /home/airflow/.local/lib/python3.7/site-packages/airflow/example_dags/example_external_task_marker_dag.py
[2025-05-03T02:06:32.641+0000] {processor.py:756} INFO - Processing file /home/airflow/.local/lib/python3.7/site-packages/airflow/example_dags/example_external_task_marker_dag.py for tasks to queue
[2025-05-03T02:06:32.641+0000] {logging_mixin.py:120} INFO - [2025-05-03T02:06:32.641+0000] {dagbag.py:537} INFO - Filling up the DagBag from /home/airflow/.local/lib/python3.7/site-packages/airflow/example_dags/example_external_task_marker_dag.py
[2025-05-03T02:06:32.648+0000] {processor.py:766} INFO - DAG(s) dict_keys(['example_external_task_marker_parent', 'example_external_task_marker_child']) retrieved from /home/airflow/.local/lib/python3.7/site-packages/airflow/example_dags/example_external_task_marker_dag.py
[2025-05-03T02:06:32.732+0000] {logging_mixin.py:120} INFO - [2025-05-03T02:06:32.732+0000] {dag.py:2585} INFO - Sync 2 DAGs
[2025-05-03T02:06:32.745+0000] {logging_mixin.py:120} INFO - [2025-05-03T02:06:32.745+0000] {dag.py:3340} INFO - Setting next_dagrun for example_external_task_marker_child to None, run_after=None
[2025-05-03T02:06:32.747+0000] {logging_mixin.py:120} INFO - [2025-05-03T02:06:32.747+0000] {dag.py:3340} INFO - Setting next_dagrun for example_external_task_marker_parent to None, run_after=None
[2025-05-03T02:06:32.758+0000] {processor.py:176} INFO - Processing /home/airflow/.local/lib/python3.7/site-packages/airflow/example_dags/example_external_task_marker_dag.py took 0.120 seconds
[2025-05-03T02:48:24.463+0000] {processor.py:154} INFO - Started process (PID=42998) to work on /home/airflow/.local/lib/python3.7/site-packages/airflow/example_dags/example_external_task_marker_dag.py
[2025-05-03T02:48:24.463+0000] {processor.py:756} INFO - Processing file /home/airflow/.local/lib/python3.7/site-packages/airflow/example_dags/example_external_task_marker_dag.py for tasks to queue
[2025-05-03T02:48:24.463+0000] {logging_mixin.py:120} INFO - [2025-05-03T02:48:24.463+0000] {dagbag.py:537} INFO - Filling up the DagBag from /home/airflow/.local/lib/python3.7/site-packages/airflow/example_dags/example_external_task_marker_dag.py
[2025-05-03T02:48:24.472+0000] {processor.py:766} INFO - DAG(s) dict_keys(['example_external_task_marker_child', 'example_external_task_marker_parent']) retrieved from /home/airflow/.local/lib/python3.7/site-packages/airflow/example_dags/example_external_task_marker_dag.py
[2025-05-03T02:48:24.552+0000] {logging_mixin.py:120} INFO - [2025-05-03T02:48:24.551+0000] {dag.py:2585} INFO - Sync 2 DAGs
[2025-05-03T02:48:24.562+0000] {logging_mixin.py:120} INFO - [2025-05-03T02:48:24.562+0000] {dag.py:3340} INFO - Setting next_dagrun for example_external_task_marker_child to None, run_after=None
[2025-05-03T02:48:24.564+0000] {logging_mixin.py:120} INFO - [2025-05-03T02:48:24.564+0000] {dag.py:3340} INFO - Setting next_dagrun for example_external_task_marker_parent to None, run_after=None
[2025-05-03T02:48:24.574+0000] {processor.py:176} INFO - Processing /home/airflow/.local/lib/python3.7/site-packages/airflow/example_dags/example_external_task_marker_dag.py took 0.113 seconds
[2025-05-03T03:21:20.203+0000] {processor.py:154} INFO - Started process (PID=43061) to work on /home/airflow/.local/lib/python3.7/site-packages/airflow/example_dags/example_external_task_marker_dag.py
[2025-05-03T03:21:20.204+0000] {processor.py:756} INFO - Processing file /home/airflow/.local/lib/python3.7/site-packages/airflow/example_dags/example_external_task_marker_dag.py for tasks to queue
[2025-05-03T03:21:20.204+0000] {logging_mixin.py:120} INFO - [2025-05-03T03:21:20.204+0000] {dagbag.py:537} INFO - Filling up the DagBag from /home/airflow/.local/lib/python3.7/site-packages/airflow/example_dags/example_external_task_marker_dag.py
[2025-05-03T03:21:20.216+0000] {processor.py:766} INFO - DAG(s) dict_keys(['example_external_task_marker_parent', 'example_external_task_marker_child']) retrieved from /home/airflow/.local/lib/python3.7/site-packages/airflow/example_dags/example_external_task_marker_dag.py
[2025-05-03T03:21:20.307+0000] {logging_mixin.py:120} INFO - [2025-05-03T03:21:20.307+0000] {dag.py:2585} INFO - Sync 2 DAGs
[2025-05-03T03:21:20.321+0000] {logging_mixin.py:120} INFO - [2025-05-03T03:21:20.321+0000] {dag.py:3340} INFO - Setting next_dagrun for example_external_task_marker_child to None, run_after=None
[2025-05-03T03:21:20.326+0000] {logging_mixin.py:120} INFO - [2025-05-03T03:21:20.325+0000] {dag.py:3340} INFO - Setting next_dagrun for example_external_task_marker_parent to None, run_after=None
[2025-05-03T03:21:20.339+0000] {processor.py:176} INFO - Processing /home/airflow/.local/lib/python3.7/site-packages/airflow/example_dags/example_external_task_marker_dag.py took 0.138 seconds
[2025-05-03T04:10:42.233+0000] {processor.py:154} INFO - Started process (PID=43115) to work on /home/airflow/.local/lib/python3.7/site-packages/airflow/example_dags/example_external_task_marker_dag.py
[2025-05-03T04:10:42.236+0000] {processor.py:756} INFO - Processing file /home/airflow/.local/lib/python3.7/site-packages/airflow/example_dags/example_external_task_marker_dag.py for tasks to queue
[2025-05-03T04:10:42.236+0000] {logging_mixin.py:120} INFO - [2025-05-03T04:10:42.236+0000] {dagbag.py:537} INFO - Filling up the DagBag from /home/airflow/.local/lib/python3.7/site-packages/airflow/example_dags/example_external_task_marker_dag.py
[2025-05-03T04:10:42.244+0000] {processor.py:766} INFO - DAG(s) dict_keys(['example_external_task_marker_child', 'example_external_task_marker_parent']) retrieved from /home/airflow/.local/lib/python3.7/site-packages/airflow/example_dags/example_external_task_marker_dag.py
[2025-05-03T04:10:42.319+0000] {logging_mixin.py:120} INFO - [2025-05-03T04:10:42.319+0000] {dag.py:2585} INFO - Sync 2 DAGs
[2025-05-03T04:10:42.333+0000] {logging_mixin.py:120} INFO - [2025-05-03T04:10:42.333+0000] {dag.py:3340} INFO - Setting next_dagrun for example_external_task_marker_child to None, run_after=None
[2025-05-03T04:10:42.337+0000] {logging_mixin.py:120} INFO - [2025-05-03T04:10:42.337+0000] {dag.py:3340} INFO - Setting next_dagrun for example_external_task_marker_parent to None, run_after=None
[2025-05-03T04:10:42.351+0000] {processor.py:176} INFO - Processing /home/airflow/.local/lib/python3.7/site-packages/airflow/example_dags/example_external_task_marker_dag.py took 0.121 seconds
[2025-05-03T04:54:16.343+0000] {processor.py:154} INFO - Started process (PID=43178) to work on /home/airflow/.local/lib/python3.7/site-packages/airflow/example_dags/example_external_task_marker_dag.py
[2025-05-03T04:54:16.344+0000] {processor.py:756} INFO - Processing file /home/airflow/.local/lib/python3.7/site-packages/airflow/example_dags/example_external_task_marker_dag.py for tasks to queue
[2025-05-03T04:54:16.344+0000] {logging_mixin.py:120} INFO - [2025-05-03T04:54:16.344+0000] {dagbag.py:537} INFO - Filling up the DagBag from /home/airflow/.local/lib/python3.7/site-packages/airflow/example_dags/example_external_task_marker_dag.py
[2025-05-03T04:54:16.351+0000] {processor.py:766} INFO - DAG(s) dict_keys(['example_external_task_marker_child', 'example_external_task_marker_parent']) retrieved from /home/airflow/.local/lib/python3.7/site-packages/airflow/example_dags/example_external_task_marker_dag.py
[2025-05-03T04:54:16.426+0000] {logging_mixin.py:120} INFO - [2025-05-03T04:54:16.426+0000] {dag.py:2585} INFO - Sync 2 DAGs
[2025-05-03T04:54:16.439+0000] {logging_mixin.py:120} INFO - [2025-05-03T04:54:16.439+0000] {dag.py:3340} INFO - Setting next_dagrun for example_external_task_marker_child to None, run_after=None
[2025-05-03T04:54:16.441+0000] {logging_mixin.py:120} INFO - [2025-05-03T04:54:16.441+0000] {dag.py:3340} INFO - Setting next_dagrun for example_external_task_marker_parent to None, run_after=None
[2025-05-03T04:54:16.449+0000] {processor.py:176} INFO - Processing /home/airflow/.local/lib/python3.7/site-packages/airflow/example_dags/example_external_task_marker_dag.py took 0.108 seconds
[2025-05-03T05:53:09.623+0000] {processor.py:154} INFO - Started process (PID=43241) to work on /home/airflow/.local/lib/python3.7/site-packages/airflow/example_dags/example_external_task_marker_dag.py
[2025-05-03T05:53:09.626+0000] {processor.py:756} INFO - Processing file /home/airflow/.local/lib/python3.7/site-packages/airflow/example_dags/example_external_task_marker_dag.py for tasks to queue
[2025-05-03T05:53:09.627+0000] {logging_mixin.py:120} INFO - [2025-05-03T05:53:09.627+0000] {dagbag.py:537} INFO - Filling up the DagBag from /home/airflow/.local/lib/python3.7/site-packages/airflow/example_dags/example_external_task_marker_dag.py
[2025-05-03T05:53:09.634+0000] {processor.py:766} INFO - DAG(s) dict_keys(['example_external_task_marker_parent', 'example_external_task_marker_child']) retrieved from /home/airflow/.local/lib/python3.7/site-packages/airflow/example_dags/example_external_task_marker_dag.py
[2025-05-03T05:53:09.711+0000] {logging_mixin.py:120} INFO - [2025-05-03T05:53:09.711+0000] {dag.py:2585} INFO - Sync 2 DAGs
[2025-05-03T05:53:09.722+0000] {logging_mixin.py:120} INFO - [2025-05-03T05:53:09.722+0000] {dag.py:3340} INFO - Setting next_dagrun for example_external_task_marker_child to None, run_after=None
[2025-05-03T05:53:09.724+0000] {logging_mixin.py:120} INFO - [2025-05-03T05:53:09.723+0000] {dag.py:3340} INFO - Setting next_dagrun for example_external_task_marker_parent to None, run_after=None
[2025-05-03T05:53:09.733+0000] {processor.py:176} INFO - Processing /home/airflow/.local/lib/python3.7/site-packages/airflow/example_dags/example_external_task_marker_dag.py took 0.113 seconds
[2025-05-03T06:30:38.558+0000] {processor.py:154} INFO - Started process (PID=43305) to work on /home/airflow/.local/lib/python3.7/site-packages/airflow/example_dags/example_external_task_marker_dag.py
[2025-05-03T06:30:38.558+0000] {processor.py:756} INFO - Processing file /home/airflow/.local/lib/python3.7/site-packages/airflow/example_dags/example_external_task_marker_dag.py for tasks to queue
[2025-05-03T06:30:38.559+0000] {logging_mixin.py:120} INFO - [2025-05-03T06:30:38.559+0000] {dagbag.py:537} INFO - Filling up the DagBag from /home/airflow/.local/lib/python3.7/site-packages/airflow/example_dags/example_external_task_marker_dag.py
[2025-05-03T06:30:38.566+0000] {processor.py:766} INFO - DAG(s) dict_keys(['example_external_task_marker_child', 'example_external_task_marker_parent']) retrieved from /home/airflow/.local/lib/python3.7/site-packages/airflow/example_dags/example_external_task_marker_dag.py
[2025-05-03T06:30:38.644+0000] {logging_mixin.py:120} INFO - [2025-05-03T06:30:38.644+0000] {dag.py:2585} INFO - Sync 2 DAGs
[2025-05-03T06:30:38.657+0000] {logging_mixin.py:120} INFO - [2025-05-03T06:30:38.657+0000] {dag.py:3340} INFO - Setting next_dagrun for example_external_task_marker_child to None, run_after=None
[2025-05-03T06:30:38.658+0000] {logging_mixin.py:120} INFO - [2025-05-03T06:30:38.658+0000] {dag.py:3340} INFO - Setting next_dagrun for example_external_task_marker_parent to None, run_after=None
[2025-05-03T06:30:38.667+0000] {processor.py:176} INFO - Processing /home/airflow/.local/lib/python3.7/site-packages/airflow/example_dags/example_external_task_marker_dag.py took 0.111 seconds
[2025-05-03T07:22:16.195+0000] {processor.py:154} INFO - Started process (PID=43368) to work on /home/airflow/.local/lib/python3.7/site-packages/airflow/example_dags/example_external_task_marker_dag.py
[2025-05-03T07:22:16.195+0000] {processor.py:756} INFO - Processing file /home/airflow/.local/lib/python3.7/site-packages/airflow/example_dags/example_external_task_marker_dag.py for tasks to queue
[2025-05-03T07:22:16.196+0000] {logging_mixin.py:120} INFO - [2025-05-03T07:22:16.195+0000] {dagbag.py:537} INFO - Filling up the DagBag from /home/airflow/.local/lib/python3.7/site-packages/airflow/example_dags/example_external_task_marker_dag.py
[2025-05-03T07:22:16.202+0000] {processor.py:766} INFO - DAG(s) dict_keys(['example_external_task_marker_child', 'example_external_task_marker_parent']) retrieved from /home/airflow/.local/lib/python3.7/site-packages/airflow/example_dags/example_external_task_marker_dag.py
[2025-05-03T07:22:16.280+0000] {logging_mixin.py:120} INFO - [2025-05-03T07:22:16.279+0000] {dag.py:2585} INFO - Sync 2 DAGs
[2025-05-03T07:22:16.290+0000] {logging_mixin.py:120} INFO - [2025-05-03T07:22:16.290+0000] {dag.py:3340} INFO - Setting next_dagrun for example_external_task_marker_child to None, run_after=None
[2025-05-03T07:22:16.293+0000] {logging_mixin.py:120} INFO - [2025-05-03T07:22:16.293+0000] {dag.py:3340} INFO - Setting next_dagrun for example_external_task_marker_parent to None, run_after=None
[2025-05-03T07:22:16.303+0000] {processor.py:176} INFO - Processing /home/airflow/.local/lib/python3.7/site-packages/airflow/example_dags/example_external_task_marker_dag.py took 0.110 seconds
[2025-05-03T08:23:11.018+0000] {processor.py:154} INFO - Started process (PID=43431) to work on /home/airflow/.local/lib/python3.7/site-packages/airflow/example_dags/example_external_task_marker_dag.py
[2025-05-03T08:23:11.019+0000] {processor.py:756} INFO - Processing file /home/airflow/.local/lib/python3.7/site-packages/airflow/example_dags/example_external_task_marker_dag.py for tasks to queue
[2025-05-03T08:23:11.019+0000] {logging_mixin.py:120} INFO - [2025-05-03T08:23:11.019+0000] {dagbag.py:537} INFO - Filling up the DagBag from /home/airflow/.local/lib/python3.7/site-packages/airflow/example_dags/example_external_task_marker_dag.py
[2025-05-03T08:23:11.027+0000] {processor.py:766} INFO - DAG(s) dict_keys(['example_external_task_marker_parent', 'example_external_task_marker_child']) retrieved from /home/airflow/.local/lib/python3.7/site-packages/airflow/example_dags/example_external_task_marker_dag.py
[2025-05-03T08:23:11.107+0000] {logging_mixin.py:120} INFO - [2025-05-03T08:23:11.107+0000] {dag.py:2585} INFO - Sync 2 DAGs
[2025-05-03T08:23:11.118+0000] {logging_mixin.py:120} INFO - [2025-05-03T08:23:11.118+0000] {dag.py:3340} INFO - Setting next_dagrun for example_external_task_marker_child to None, run_after=None
[2025-05-03T08:23:11.119+0000] {logging_mixin.py:120} INFO - [2025-05-03T08:23:11.119+0000] {dag.py:3340} INFO - Setting next_dagrun for example_external_task_marker_parent to None, run_after=None
[2025-05-03T08:23:11.130+0000] {processor.py:176} INFO - Processing /home/airflow/.local/lib/python3.7/site-packages/airflow/example_dags/example_external_task_marker_dag.py took 0.114 seconds
[2025-05-03T09:41:38.635+0000] {processor.py:154} INFO - Started process (PID=43484) to work on /home/airflow/.local/lib/python3.7/site-packages/airflow/example_dags/example_external_task_marker_dag.py
[2025-05-03T09:41:38.636+0000] {processor.py:756} INFO - Processing file /home/airflow/.local/lib/python3.7/site-packages/airflow/example_dags/example_external_task_marker_dag.py for tasks to queue
[2025-05-03T09:41:38.638+0000] {logging_mixin.py:120} INFO - [2025-05-03T09:41:38.637+0000] {dagbag.py:537} INFO - Filling up the DagBag from /home/airflow/.local/lib/python3.7/site-packages/airflow/example_dags/example_external_task_marker_dag.py
[2025-05-03T09:41:38.644+0000] {processor.py:766} INFO - DAG(s) dict_keys(['example_external_task_marker_parent', 'example_external_task_marker_child']) retrieved from /home/airflow/.local/lib/python3.7/site-packages/airflow/example_dags/example_external_task_marker_dag.py
[2025-05-03T09:41:38.724+0000] {logging_mixin.py:120} INFO - [2025-05-03T09:41:38.724+0000] {dag.py:2585} INFO - Sync 2 DAGs
[2025-05-03T09:41:38.737+0000] {logging_mixin.py:120} INFO - [2025-05-03T09:41:38.737+0000] {dag.py:3340} INFO - Setting next_dagrun for example_external_task_marker_child to None, run_after=None
[2025-05-03T09:41:38.741+0000] {logging_mixin.py:120} INFO - [2025-05-03T09:41:38.741+0000] {dag.py:3340} INFO - Setting next_dagrun for example_external_task_marker_parent to None, run_after=None
[2025-05-03T09:41:38.752+0000] {processor.py:176} INFO - Processing /home/airflow/.local/lib/python3.7/site-packages/airflow/example_dags/example_external_task_marker_dag.py took 0.118 seconds
[2025-05-03T10:58:28.140+0000] {processor.py:154} INFO - Started process (PID=43547) to work on /home/airflow/.local/lib/python3.7/site-packages/airflow/example_dags/example_external_task_marker_dag.py
[2025-05-03T10:58:28.141+0000] {processor.py:756} INFO - Processing file /home/airflow/.local/lib/python3.7/site-packages/airflow/example_dags/example_external_task_marker_dag.py for tasks to queue
[2025-05-03T10:58:28.142+0000] {logging_mixin.py:120} INFO - [2025-05-03T10:58:28.142+0000] {dagbag.py:537} INFO - Filling up the DagBag from /home/airflow/.local/lib/python3.7/site-packages/airflow/example_dags/example_external_task_marker_dag.py
[2025-05-03T10:58:28.149+0000] {processor.py:766} INFO - DAG(s) dict_keys(['example_external_task_marker_child', 'example_external_task_marker_parent']) retrieved from /home/airflow/.local/lib/python3.7/site-packages/airflow/example_dags/example_external_task_marker_dag.py
[2025-05-03T10:58:28.230+0000] {logging_mixin.py:120} INFO - [2025-05-03T10:58:28.230+0000] {dag.py:2585} INFO - Sync 2 DAGs
[2025-05-03T10:58:28.244+0000] {logging_mixin.py:120} INFO - [2025-05-03T10:58:28.244+0000] {dag.py:3340} INFO - Setting next_dagrun for example_external_task_marker_child to None, run_after=None
[2025-05-03T10:58:28.247+0000] {logging_mixin.py:120} INFO - [2025-05-03T10:58:28.246+0000] {dag.py:3340} INFO - Setting next_dagrun for example_external_task_marker_parent to None, run_after=None
[2025-05-03T10:58:28.260+0000] {processor.py:176} INFO - Processing /home/airflow/.local/lib/python3.7/site-packages/airflow/example_dags/example_external_task_marker_dag.py took 0.122 seconds
[2025-05-03T11:42:15.068+0000] {processor.py:154} INFO - Started process (PID=43610) to work on /home/airflow/.local/lib/python3.7/site-packages/airflow/example_dags/example_external_task_marker_dag.py
[2025-05-03T11:42:15.069+0000] {processor.py:756} INFO - Processing file /home/airflow/.local/lib/python3.7/site-packages/airflow/example_dags/example_external_task_marker_dag.py for tasks to queue
[2025-05-03T11:42:15.069+0000] {logging_mixin.py:120} INFO - [2025-05-03T11:42:15.069+0000] {dagbag.py:537} INFO - Filling up the DagBag from /home/airflow/.local/lib/python3.7/site-packages/airflow/example_dags/example_external_task_marker_dag.py
[2025-05-03T11:42:15.077+0000] {processor.py:766} INFO - DAG(s) dict_keys(['example_external_task_marker_parent', 'example_external_task_marker_child']) retrieved from /home/airflow/.local/lib/python3.7/site-packages/airflow/example_dags/example_external_task_marker_dag.py
[2025-05-03T11:42:15.161+0000] {logging_mixin.py:120} INFO - [2025-05-03T11:42:15.161+0000] {dag.py:2585} INFO - Sync 2 DAGs
[2025-05-03T11:42:15.174+0000] {logging_mixin.py:120} INFO - [2025-05-03T11:42:15.174+0000] {dag.py:3340} INFO - Setting next_dagrun for example_external_task_marker_child to None, run_after=None
[2025-05-03T11:42:15.178+0000] {logging_mixin.py:120} INFO - [2025-05-03T11:42:15.178+0000] {dag.py:3340} INFO - Setting next_dagrun for example_external_task_marker_parent to None, run_after=None
[2025-05-03T11:42:15.188+0000] {processor.py:176} INFO - Processing /home/airflow/.local/lib/python3.7/site-packages/airflow/example_dags/example_external_task_marker_dag.py took 0.122 seconds
[2025-05-03T12:59:20.399+0000] {processor.py:154} INFO - Started process (PID=43673) to work on /home/airflow/.local/lib/python3.7/site-packages/airflow/example_dags/example_external_task_marker_dag.py
[2025-05-03T12:59:20.400+0000] {processor.py:756} INFO - Processing file /home/airflow/.local/lib/python3.7/site-packages/airflow/example_dags/example_external_task_marker_dag.py for tasks to queue
[2025-05-03T12:59:20.401+0000] {logging_mixin.py:120} INFO - [2025-05-03T12:59:20.400+0000] {dagbag.py:537} INFO - Filling up the DagBag from /home/airflow/.local/lib/python3.7/site-packages/airflow/example_dags/example_external_task_marker_dag.py
[2025-05-03T12:59:20.409+0000] {processor.py:766} INFO - DAG(s) dict_keys(['example_external_task_marker_child', 'example_external_task_marker_parent']) retrieved from /home/airflow/.local/lib/python3.7/site-packages/airflow/example_dags/example_external_task_marker_dag.py
[2025-05-03T12:59:20.486+0000] {logging_mixin.py:120} INFO - [2025-05-03T12:59:20.486+0000] {dag.py:2585} INFO - Sync 2 DAGs
[2025-05-03T12:59:20.498+0000] {logging_mixin.py:120} INFO - [2025-05-03T12:59:20.498+0000] {dag.py:3340} INFO - Setting next_dagrun for example_external_task_marker_child to None, run_after=None
[2025-05-03T12:59:20.500+0000] {logging_mixin.py:120} INFO - [2025-05-03T12:59:20.500+0000] {dag.py:3340} INFO - Setting next_dagrun for example_external_task_marker_parent to None, run_after=None
[2025-05-03T12:59:20.510+0000] {processor.py:176} INFO - Processing /home/airflow/.local/lib/python3.7/site-packages/airflow/example_dags/example_external_task_marker_dag.py took 0.113 seconds
[2025-05-03T13:28:31.569+0000] {processor.py:154} INFO - Started process (PID=43736) to work on /home/airflow/.local/lib/python3.7/site-packages/airflow/example_dags/example_external_task_marker_dag.py
[2025-05-03T13:28:31.569+0000] {processor.py:756} INFO - Processing file /home/airflow/.local/lib/python3.7/site-packages/airflow/example_dags/example_external_task_marker_dag.py for tasks to queue
[2025-05-03T13:28:31.570+0000] {logging_mixin.py:120} INFO - [2025-05-03T13:28:31.570+0000] {dagbag.py:537} INFO - Filling up the DagBag from /home/airflow/.local/lib/python3.7/site-packages/airflow/example_dags/example_external_task_marker_dag.py
[2025-05-03T13:28:31.578+0000] {processor.py:766} INFO - DAG(s) dict_keys(['example_external_task_marker_parent', 'example_external_task_marker_child']) retrieved from /home/airflow/.local/lib/python3.7/site-packages/airflow/example_dags/example_external_task_marker_dag.py
[2025-05-03T13:28:31.654+0000] {logging_mixin.py:120} INFO - [2025-05-03T13:28:31.654+0000] {dag.py:2585} INFO - Sync 2 DAGs
[2025-05-03T13:28:31.665+0000] {logging_mixin.py:120} INFO - [2025-05-03T13:28:31.665+0000] {dag.py:3340} INFO - Setting next_dagrun for example_external_task_marker_child to None, run_after=None
[2025-05-03T13:28:31.669+0000] {logging_mixin.py:120} INFO - [2025-05-03T13:28:31.669+0000] {dag.py:3340} INFO - Setting next_dagrun for example_external_task_marker_parent to None, run_after=None
[2025-05-03T13:28:31.677+0000] {processor.py:176} INFO - Processing /home/airflow/.local/lib/python3.7/site-packages/airflow/example_dags/example_external_task_marker_dag.py took 0.110 seconds
[2025-05-03T13:29:08.427+0000] {processor.py:154} INFO - Started process (PID=43799) to work on /home/airflow/.local/lib/python3.7/site-packages/airflow/example_dags/example_external_task_marker_dag.py
[2025-05-03T13:29:08.428+0000] {processor.py:756} INFO - Processing file /home/airflow/.local/lib/python3.7/site-packages/airflow/example_dags/example_external_task_marker_dag.py for tasks to queue
[2025-05-03T13:29:08.428+0000] {logging_mixin.py:120} INFO - [2025-05-03T13:29:08.428+0000] {dagbag.py:537} INFO - Filling up the DagBag from /home/airflow/.local/lib/python3.7/site-packages/airflow/example_dags/example_external_task_marker_dag.py
[2025-05-03T13:29:08.436+0000] {processor.py:766} INFO - DAG(s) dict_keys(['example_external_task_marker_child', 'example_external_task_marker_parent']) retrieved from /home/airflow/.local/lib/python3.7/site-packages/airflow/example_dags/example_external_task_marker_dag.py
[2025-05-03T13:29:08.511+0000] {logging_mixin.py:120} INFO - [2025-05-03T13:29:08.511+0000] {dag.py:2585} INFO - Sync 2 DAGs
[2025-05-03T13:29:08.523+0000] {logging_mixin.py:120} INFO - [2025-05-03T13:29:08.523+0000] {dag.py:3340} INFO - Setting next_dagrun for example_external_task_marker_child to None, run_after=None
[2025-05-03T13:29:08.525+0000] {logging_mixin.py:120} INFO - [2025-05-03T13:29:08.525+0000] {dag.py:3340} INFO - Setting next_dagrun for example_external_task_marker_parent to None, run_after=None
[2025-05-03T13:29:08.532+0000] {processor.py:176} INFO - Processing /home/airflow/.local/lib/python3.7/site-packages/airflow/example_dags/example_external_task_marker_dag.py took 0.106 seconds
[2025-05-03T14:29:10.855+0000] {processor.py:154} INFO - Started process (PID=43860) to work on /home/airflow/.local/lib/python3.7/site-packages/airflow/example_dags/example_external_task_marker_dag.py
[2025-05-03T14:29:10.856+0000] {processor.py:756} INFO - Processing file /home/airflow/.local/lib/python3.7/site-packages/airflow/example_dags/example_external_task_marker_dag.py for tasks to queue
[2025-05-03T14:29:10.857+0000] {logging_mixin.py:120} INFO - [2025-05-03T14:29:10.857+0000] {dagbag.py:537} INFO - Filling up the DagBag from /home/airflow/.local/lib/python3.7/site-packages/airflow/example_dags/example_external_task_marker_dag.py
[2025-05-03T14:29:10.865+0000] {processor.py:766} INFO - DAG(s) dict_keys(['example_external_task_marker_child', 'example_external_task_marker_parent']) retrieved from /home/airflow/.local/lib/python3.7/site-packages/airflow/example_dags/example_external_task_marker_dag.py
[2025-05-03T14:29:10.947+0000] {logging_mixin.py:120} INFO - [2025-05-03T14:29:10.947+0000] {dag.py:2585} INFO - Sync 2 DAGs
[2025-05-03T14:29:10.959+0000] {logging_mixin.py:120} INFO - [2025-05-03T14:29:10.959+0000] {dag.py:3340} INFO - Setting next_dagrun for example_external_task_marker_child to None, run_after=None
[2025-05-03T14:29:10.960+0000] {logging_mixin.py:120} INFO - [2025-05-03T14:29:10.960+0000] {dag.py:3340} INFO - Setting next_dagrun for example_external_task_marker_parent to None, run_after=None
[2025-05-03T14:29:10.967+0000] {processor.py:176} INFO - Processing /home/airflow/.local/lib/python3.7/site-packages/airflow/example_dags/example_external_task_marker_dag.py took 0.115 seconds
[2025-05-03T15:07:53.956+0000] {processor.py:154} INFO - Started process (PID=43914) to work on /home/airflow/.local/lib/python3.7/site-packages/airflow/example_dags/example_external_task_marker_dag.py
[2025-05-03T15:07:53.956+0000] {processor.py:756} INFO - Processing file /home/airflow/.local/lib/python3.7/site-packages/airflow/example_dags/example_external_task_marker_dag.py for tasks to queue
[2025-05-03T15:07:53.957+0000] {logging_mixin.py:120} INFO - [2025-05-03T15:07:53.956+0000] {dagbag.py:537} INFO - Filling up the DagBag from /home/airflow/.local/lib/python3.7/site-packages/airflow/example_dags/example_external_task_marker_dag.py
[2025-05-03T15:07:53.963+0000] {processor.py:766} INFO - DAG(s) dict_keys(['example_external_task_marker_parent', 'example_external_task_marker_child']) retrieved from /home/airflow/.local/lib/python3.7/site-packages/airflow/example_dags/example_external_task_marker_dag.py
[2025-05-03T15:07:54.041+0000] {logging_mixin.py:120} INFO - [2025-05-03T15:07:54.041+0000] {dag.py:2585} INFO - Sync 2 DAGs
[2025-05-03T15:07:54.052+0000] {logging_mixin.py:120} INFO - [2025-05-03T15:07:54.052+0000] {dag.py:3340} INFO - Setting next_dagrun for example_external_task_marker_child to None, run_after=None
[2025-05-03T15:07:54.055+0000] {logging_mixin.py:120} INFO - [2025-05-03T15:07:54.054+0000] {dag.py:3340} INFO - Setting next_dagrun for example_external_task_marker_parent to None, run_after=None
[2025-05-03T15:07:54.062+0000] {processor.py:176} INFO - Processing /home/airflow/.local/lib/python3.7/site-packages/airflow/example_dags/example_external_task_marker_dag.py took 0.108 seconds
[2025-05-03T16:21:03.311+0000] {processor.py:154} INFO - Started process (PID=43977) to work on /home/airflow/.local/lib/python3.7/site-packages/airflow/example_dags/example_external_task_marker_dag.py
[2025-05-03T16:21:03.312+0000] {processor.py:756} INFO - Processing file /home/airflow/.local/lib/python3.7/site-packages/airflow/example_dags/example_external_task_marker_dag.py for tasks to queue
[2025-05-03T16:21:03.312+0000] {logging_mixin.py:120} INFO - [2025-05-03T16:21:03.312+0000] {dagbag.py:537} INFO - Filling up the DagBag from /home/airflow/.local/lib/python3.7/site-packages/airflow/example_dags/example_external_task_marker_dag.py
[2025-05-03T16:21:03.323+0000] {processor.py:766} INFO - DAG(s) dict_keys(['example_external_task_marker_child', 'example_external_task_marker_parent']) retrieved from /home/airflow/.local/lib/python3.7/site-packages/airflow/example_dags/example_external_task_marker_dag.py
[2025-05-03T16:21:03.402+0000] {logging_mixin.py:120} INFO - [2025-05-03T16:21:03.402+0000] {dag.py:2585} INFO - Sync 2 DAGs
[2025-05-03T16:21:03.413+0000] {logging_mixin.py:120} INFO - [2025-05-03T16:21:03.413+0000] {dag.py:3340} INFO - Setting next_dagrun for example_external_task_marker_child to None, run_after=None
[2025-05-03T16:21:03.415+0000] {logging_mixin.py:120} INFO - [2025-05-03T16:21:03.415+0000] {dag.py:3340} INFO - Setting next_dagrun for example_external_task_marker_parent to None, run_after=None
[2025-05-03T16:21:03.423+0000] {processor.py:176} INFO - Processing /home/airflow/.local/lib/python3.7/site-packages/airflow/example_dags/example_external_task_marker_dag.py took 0.114 seconds
[2025-05-03T16:48:05.662+0000] {processor.py:154} INFO - Started process (PID=44039) to work on /home/airflow/.local/lib/python3.7/site-packages/airflow/example_dags/example_external_task_marker_dag.py
[2025-05-03T16:48:05.662+0000] {processor.py:756} INFO - Processing file /home/airflow/.local/lib/python3.7/site-packages/airflow/example_dags/example_external_task_marker_dag.py for tasks to queue
[2025-05-03T16:48:05.663+0000] {logging_mixin.py:120} INFO - [2025-05-03T16:48:05.663+0000] {dagbag.py:537} INFO - Filling up the DagBag from /home/airflow/.local/lib/python3.7/site-packages/airflow/example_dags/example_external_task_marker_dag.py
[2025-05-03T16:48:05.669+0000] {processor.py:766} INFO - DAG(s) dict_keys(['example_external_task_marker_child', 'example_external_task_marker_parent']) retrieved from /home/airflow/.local/lib/python3.7/site-packages/airflow/example_dags/example_external_task_marker_dag.py
[2025-05-03T16:48:05.755+0000] {logging_mixin.py:120} INFO - [2025-05-03T16:48:05.755+0000] {dag.py:2585} INFO - Sync 2 DAGs
[2025-05-03T16:48:05.769+0000] {logging_mixin.py:120} INFO - [2025-05-03T16:48:05.769+0000] {dag.py:3340} INFO - Setting next_dagrun for example_external_task_marker_child to None, run_after=None
[2025-05-03T16:48:05.770+0000] {logging_mixin.py:120} INFO - [2025-05-03T16:48:05.770+0000] {dag.py:3340} INFO - Setting next_dagrun for example_external_task_marker_parent to None, run_after=None
[2025-05-03T16:48:05.780+0000] {processor.py:176} INFO - Processing /home/airflow/.local/lib/python3.7/site-packages/airflow/example_dags/example_external_task_marker_dag.py took 0.120 seconds
[2025-05-03T18:05:54.166+0000] {processor.py:154} INFO - Started process (PID=44102) to work on /home/airflow/.local/lib/python3.7/site-packages/airflow/example_dags/example_external_task_marker_dag.py
[2025-05-03T18:05:54.167+0000] {processor.py:756} INFO - Processing file /home/airflow/.local/lib/python3.7/site-packages/airflow/example_dags/example_external_task_marker_dag.py for tasks to queue
[2025-05-03T18:05:54.168+0000] {logging_mixin.py:120} INFO - [2025-05-03T18:05:54.168+0000] {dagbag.py:537} INFO - Filling up the DagBag from /home/airflow/.local/lib/python3.7/site-packages/airflow/example_dags/example_external_task_marker_dag.py
[2025-05-03T18:05:54.175+0000] {processor.py:766} INFO - DAG(s) dict_keys(['example_external_task_marker_child', 'example_external_task_marker_parent']) retrieved from /home/airflow/.local/lib/python3.7/site-packages/airflow/example_dags/example_external_task_marker_dag.py
[2025-05-03T18:05:54.252+0000] {logging_mixin.py:120} INFO - [2025-05-03T18:05:54.252+0000] {dag.py:2585} INFO - Sync 2 DAGs
[2025-05-03T18:05:54.264+0000] {logging_mixin.py:120} INFO - [2025-05-03T18:05:54.264+0000] {dag.py:3340} INFO - Setting next_dagrun for example_external_task_marker_child to None, run_after=None
[2025-05-03T18:05:54.266+0000] {logging_mixin.py:120} INFO - [2025-05-03T18:05:54.266+0000] {dag.py:3340} INFO - Setting next_dagrun for example_external_task_marker_parent to None, run_after=None
[2025-05-03T18:05:54.277+0000] {processor.py:176} INFO - Processing /home/airflow/.local/lib/python3.7/site-packages/airflow/example_dags/example_external_task_marker_dag.py took 0.112 seconds
[2025-05-03T19:25:57.669+0000] {processor.py:154} INFO - Started process (PID=44165) to work on /home/airflow/.local/lib/python3.7/site-packages/airflow/example_dags/example_external_task_marker_dag.py
[2025-05-03T19:25:57.670+0000] {processor.py:756} INFO - Processing file /home/airflow/.local/lib/python3.7/site-packages/airflow/example_dags/example_external_task_marker_dag.py for tasks to queue
[2025-05-03T19:25:57.671+0000] {logging_mixin.py:120} INFO - [2025-05-03T19:25:57.671+0000] {dagbag.py:537} INFO - Filling up the DagBag from /home/airflow/.local/lib/python3.7/site-packages/airflow/example_dags/example_external_task_marker_dag.py
[2025-05-03T19:25:57.678+0000] {processor.py:766} INFO - DAG(s) dict_keys(['example_external_task_marker_child', 'example_external_task_marker_parent']) retrieved from /home/airflow/.local/lib/python3.7/site-packages/airflow/example_dags/example_external_task_marker_dag.py
[2025-05-03T19:25:57.761+0000] {logging_mixin.py:120} INFO - [2025-05-03T19:25:57.761+0000] {dag.py:2585} INFO - Sync 2 DAGs
[2025-05-03T19:25:57.772+0000] {logging_mixin.py:120} INFO - [2025-05-03T19:25:57.772+0000] {dag.py:3340} INFO - Setting next_dagrun for example_external_task_marker_child to None, run_after=None
[2025-05-03T19:25:57.774+0000] {logging_mixin.py:120} INFO - [2025-05-03T19:25:57.774+0000] {dag.py:3340} INFO - Setting next_dagrun for example_external_task_marker_parent to None, run_after=None
[2025-05-03T19:25:57.781+0000] {processor.py:176} INFO - Processing /home/airflow/.local/lib/python3.7/site-packages/airflow/example_dags/example_external_task_marker_dag.py took 0.114 seconds
[2025-05-03T20:07:05.133+0000] {processor.py:154} INFO - Started process (PID=44227) to work on /home/airflow/.local/lib/python3.7/site-packages/airflow/example_dags/example_external_task_marker_dag.py
[2025-05-03T20:07:05.134+0000] {processor.py:756} INFO - Processing file /home/airflow/.local/lib/python3.7/site-packages/airflow/example_dags/example_external_task_marker_dag.py for tasks to queue
[2025-05-03T20:07:05.135+0000] {logging_mixin.py:120} INFO - [2025-05-03T20:07:05.135+0000] {dagbag.py:537} INFO - Filling up the DagBag from /home/airflow/.local/lib/python3.7/site-packages/airflow/example_dags/example_external_task_marker_dag.py
[2025-05-03T20:07:05.141+0000] {processor.py:766} INFO - DAG(s) dict_keys(['example_external_task_marker_child', 'example_external_task_marker_parent']) retrieved from /home/airflow/.local/lib/python3.7/site-packages/airflow/example_dags/example_external_task_marker_dag.py
[2025-05-03T20:07:05.222+0000] {logging_mixin.py:120} INFO - [2025-05-03T20:07:05.222+0000] {dag.py:2585} INFO - Sync 2 DAGs
[2025-05-03T20:07:05.233+0000] {logging_mixin.py:120} INFO - [2025-05-03T20:07:05.233+0000] {dag.py:3340} INFO - Setting next_dagrun for example_external_task_marker_child to None, run_after=None
[2025-05-03T20:07:05.235+0000] {logging_mixin.py:120} INFO - [2025-05-03T20:07:05.235+0000] {dag.py:3340} INFO - Setting next_dagrun for example_external_task_marker_parent to None, run_after=None
[2025-05-03T20:07:05.245+0000] {processor.py:176} INFO - Processing /home/airflow/.local/lib/python3.7/site-packages/airflow/example_dags/example_external_task_marker_dag.py took 0.113 seconds
[2025-05-03T21:36:13.552+0000] {processor.py:154} INFO - Started process (PID=44281) to work on /home/airflow/.local/lib/python3.7/site-packages/airflow/example_dags/example_external_task_marker_dag.py
[2025-05-03T21:36:13.554+0000] {processor.py:756} INFO - Processing file /home/airflow/.local/lib/python3.7/site-packages/airflow/example_dags/example_external_task_marker_dag.py for tasks to queue
[2025-05-03T21:36:13.554+0000] {logging_mixin.py:120} INFO - [2025-05-03T21:36:13.554+0000] {dagbag.py:537} INFO - Filling up the DagBag from /home/airflow/.local/lib/python3.7/site-packages/airflow/example_dags/example_external_task_marker_dag.py
[2025-05-03T21:36:13.562+0000] {processor.py:766} INFO - DAG(s) dict_keys(['example_external_task_marker_parent', 'example_external_task_marker_child']) retrieved from /home/airflow/.local/lib/python3.7/site-packages/airflow/example_dags/example_external_task_marker_dag.py
[2025-05-03T21:36:13.644+0000] {logging_mixin.py:120} INFO - [2025-05-03T21:36:13.644+0000] {dag.py:2585} INFO - Sync 2 DAGs
[2025-05-03T21:36:13.657+0000] {logging_mixin.py:120} INFO - [2025-05-03T21:36:13.657+0000] {dag.py:3340} INFO - Setting next_dagrun for example_external_task_marker_child to None, run_after=None
[2025-05-03T21:36:13.659+0000] {logging_mixin.py:120} INFO - [2025-05-03T21:36:13.659+0000] {dag.py:3340} INFO - Setting next_dagrun for example_external_task_marker_parent to None, run_after=None
[2025-05-03T21:36:13.667+0000] {processor.py:176} INFO - Processing /home/airflow/.local/lib/python3.7/site-packages/airflow/example_dags/example_external_task_marker_dag.py took 0.117 seconds
[2025-05-03T22:19:52.519+0000] {processor.py:154} INFO - Started process (PID=44344) to work on /home/airflow/.local/lib/python3.7/site-packages/airflow/example_dags/example_external_task_marker_dag.py
[2025-05-03T22:19:52.522+0000] {processor.py:756} INFO - Processing file /home/airflow/.local/lib/python3.7/site-packages/airflow/example_dags/example_external_task_marker_dag.py for tasks to queue
[2025-05-03T22:19:52.523+0000] {logging_mixin.py:120} INFO - [2025-05-03T22:19:52.523+0000] {dagbag.py:537} INFO - Filling up the DagBag from /home/airflow/.local/lib/python3.7/site-packages/airflow/example_dags/example_external_task_marker_dag.py
[2025-05-03T22:19:52.530+0000] {processor.py:766} INFO - DAG(s) dict_keys(['example_external_task_marker_parent', 'example_external_task_marker_child']) retrieved from /home/airflow/.local/lib/python3.7/site-packages/airflow/example_dags/example_external_task_marker_dag.py
[2025-05-03T22:19:52.616+0000] {logging_mixin.py:120} INFO - [2025-05-03T22:19:52.616+0000] {dag.py:2585} INFO - Sync 2 DAGs
[2025-05-03T22:19:52.627+0000] {logging_mixin.py:120} INFO - [2025-05-03T22:19:52.627+0000] {dag.py:3340} INFO - Setting next_dagrun for example_external_task_marker_child to None, run_after=None
[2025-05-03T22:19:52.629+0000] {logging_mixin.py:120} INFO - [2025-05-03T22:19:52.629+0000] {dag.py:3340} INFO - Setting next_dagrun for example_external_task_marker_parent to None, run_after=None
[2025-05-03T22:19:52.640+0000] {processor.py:176} INFO - Processing /home/airflow/.local/lib/python3.7/site-packages/airflow/example_dags/example_external_task_marker_dag.py took 0.123 seconds
[2025-05-03T23:04:45.640+0000] {processor.py:154} INFO - Started process (PID=44407) to work on /home/airflow/.local/lib/python3.7/site-packages/airflow/example_dags/example_external_task_marker_dag.py
[2025-05-03T23:04:45.641+0000] {processor.py:756} INFO - Processing file /home/airflow/.local/lib/python3.7/site-packages/airflow/example_dags/example_external_task_marker_dag.py for tasks to queue
[2025-05-03T23:04:45.641+0000] {logging_mixin.py:120} INFO - [2025-05-03T23:04:45.641+0000] {dagbag.py:537} INFO - Filling up the DagBag from /home/airflow/.local/lib/python3.7/site-packages/airflow/example_dags/example_external_task_marker_dag.py
[2025-05-03T23:04:45.648+0000] {processor.py:766} INFO - DAG(s) dict_keys(['example_external_task_marker_child', 'example_external_task_marker_parent']) retrieved from /home/airflow/.local/lib/python3.7/site-packages/airflow/example_dags/example_external_task_marker_dag.py
[2025-05-03T23:04:45.723+0000] {logging_mixin.py:120} INFO - [2025-05-03T23:04:45.723+0000] {dag.py:2585} INFO - Sync 2 DAGs
[2025-05-03T23:04:45.736+0000] {logging_mixin.py:120} INFO - [2025-05-03T23:04:45.736+0000] {dag.py:3340} INFO - Setting next_dagrun for example_external_task_marker_child to None, run_after=None
[2025-05-03T23:04:45.739+0000] {logging_mixin.py:120} INFO - [2025-05-03T23:04:45.739+0000] {dag.py:3340} INFO - Setting next_dagrun for example_external_task_marker_parent to None, run_after=None
[2025-05-03T23:04:45.747+0000] {processor.py:176} INFO - Processing /home/airflow/.local/lib/python3.7/site-packages/airflow/example_dags/example_external_task_marker_dag.py took 0.109 seconds
[2025-05-03T23:22:07.904+0000] {processor.py:154} INFO - Started process (PID=44469) to work on /home/airflow/.local/lib/python3.7/site-packages/airflow/example_dags/example_external_task_marker_dag.py
[2025-05-03T23:22:07.905+0000] {processor.py:756} INFO - Processing file /home/airflow/.local/lib/python3.7/site-packages/airflow/example_dags/example_external_task_marker_dag.py for tasks to queue
[2025-05-03T23:22:07.906+0000] {logging_mixin.py:120} INFO - [2025-05-03T23:22:07.906+0000] {dagbag.py:537} INFO - Filling up the DagBag from /home/airflow/.local/lib/python3.7/site-packages/airflow/example_dags/example_external_task_marker_dag.py
[2025-05-03T23:22:07.913+0000] {processor.py:766} INFO - DAG(s) dict_keys(['example_external_task_marker_parent', 'example_external_task_marker_child']) retrieved from /home/airflow/.local/lib/python3.7/site-packages/airflow/example_dags/example_external_task_marker_dag.py
[2025-05-03T23:22:07.994+0000] {logging_mixin.py:120} INFO - [2025-05-03T23:22:07.994+0000] {dag.py:2585} INFO - Sync 2 DAGs
[2025-05-03T23:22:08.006+0000] {logging_mixin.py:120} INFO - [2025-05-03T23:22:08.006+0000] {dag.py:3340} INFO - Setting next_dagrun for example_external_task_marker_child to None, run_after=None
[2025-05-03T23:22:08.007+0000] {logging_mixin.py:120} INFO - [2025-05-03T23:22:08.007+0000] {dag.py:3340} INFO - Setting next_dagrun for example_external_task_marker_parent to None, run_after=None
[2025-05-03T23:22:08.016+0000] {processor.py:176} INFO - Processing /home/airflow/.local/lib/python3.7/site-packages/airflow/example_dags/example_external_task_marker_dag.py took 0.113 seconds
[2025-05-03T23:38:29.104+0000] {processor.py:154} INFO - Started process (PID=44532) to work on /home/airflow/.local/lib/python3.7/site-packages/airflow/example_dags/example_external_task_marker_dag.py
[2025-05-03T23:38:29.104+0000] {processor.py:756} INFO - Processing file /home/airflow/.local/lib/python3.7/site-packages/airflow/example_dags/example_external_task_marker_dag.py for tasks to queue
[2025-05-03T23:38:29.106+0000] {logging_mixin.py:120} INFO - [2025-05-03T23:38:29.106+0000] {dagbag.py:537} INFO - Filling up the DagBag from /home/airflow/.local/lib/python3.7/site-packages/airflow/example_dags/example_external_task_marker_dag.py
[2025-05-03T23:38:29.112+0000] {processor.py:766} INFO - DAG(s) dict_keys(['example_external_task_marker_child', 'example_external_task_marker_parent']) retrieved from /home/airflow/.local/lib/python3.7/site-packages/airflow/example_dags/example_external_task_marker_dag.py
[2025-05-03T23:38:29.182+0000] {logging_mixin.py:120} INFO - [2025-05-03T23:38:29.182+0000] {dag.py:2585} INFO - Sync 2 DAGs
[2025-05-03T23:38:29.195+0000] {logging_mixin.py:120} INFO - [2025-05-03T23:38:29.195+0000] {dag.py:3340} INFO - Setting next_dagrun for example_external_task_marker_child to None, run_after=None
[2025-05-03T23:38:29.196+0000] {logging_mixin.py:120} INFO - [2025-05-03T23:38:29.196+0000] {dag.py:3340} INFO - Setting next_dagrun for example_external_task_marker_parent to None, run_after=None
[2025-05-03T23:38:29.202+0000] {processor.py:176} INFO - Processing /home/airflow/.local/lib/python3.7/site-packages/airflow/example_dags/example_external_task_marker_dag.py took 0.100 seconds
[2025-05-03T23:56:24.790+0000] {processor.py:154} INFO - Started process (PID=44595) to work on /home/airflow/.local/lib/python3.7/site-packages/airflow/example_dags/example_external_task_marker_dag.py
[2025-05-03T23:56:24.790+0000] {processor.py:756} INFO - Processing file /home/airflow/.local/lib/python3.7/site-packages/airflow/example_dags/example_external_task_marker_dag.py for tasks to queue
[2025-05-03T23:56:24.791+0000] {logging_mixin.py:120} INFO - [2025-05-03T23:56:24.791+0000] {dagbag.py:537} INFO - Filling up the DagBag from /home/airflow/.local/lib/python3.7/site-packages/airflow/example_dags/example_external_task_marker_dag.py
[2025-05-03T23:56:24.797+0000] {processor.py:766} INFO - DAG(s) dict_keys(['example_external_task_marker_parent', 'example_external_task_marker_child']) retrieved from /home/airflow/.local/lib/python3.7/site-packages/airflow/example_dags/example_external_task_marker_dag.py
[2025-05-03T23:56:24.877+0000] {logging_mixin.py:120} INFO - [2025-05-03T23:56:24.877+0000] {dag.py:2585} INFO - Sync 2 DAGs
[2025-05-03T23:56:24.888+0000] {logging_mixin.py:120} INFO - [2025-05-03T23:56:24.888+0000] {dag.py:3340} INFO - Setting next_dagrun for example_external_task_marker_child to None, run_after=None
[2025-05-03T23:56:24.889+0000] {logging_mixin.py:120} INFO - [2025-05-03T23:56:24.889+0000] {dag.py:3340} INFO - Setting next_dagrun for example_external_task_marker_parent to None, run_after=None
[2025-05-03T23:56:24.898+0000] {processor.py:176} INFO - Processing /home/airflow/.local/lib/python3.7/site-packages/airflow/example_dags/example_external_task_marker_dag.py took 0.110 seconds
