[2025-05-03T00:29:31.892+0000] {processor.py:154} INFO - Started process (PID=42637) to work on /home/airflow/.local/lib/python3.7/site-packages/airflow/example_dags/example_nested_branch_dag.py
[2025-05-03T00:29:31.892+0000] {processor.py:756} INFO - Processing file /home/airflow/.local/lib/python3.7/site-packages/airflow/example_dags/example_nested_branch_dag.py for tasks to queue
[2025-05-03T00:29:31.893+0000] {logging_mixin.py:120} INFO - [2025-05-03T00:29:31.893+0000] {dagbag.py:537} INFO - Filling up the DagBag from /home/airflow/.local/lib/python3.7/site-packages/airflow/example_dags/example_nested_branch_dag.py
[2025-05-03T00:29:31.905+0000] {processor.py:766} INFO - DAG(s) dict_keys(['example_nested_branch_dag']) retrieved from /home/airflow/.local/lib/python3.7/site-packages/airflow/example_dags/example_nested_branch_dag.py
[2025-05-03T00:29:31.924+0000] {logging_mixin.py:120} INFO - [2025-05-03T00:29:31.924+0000] {dag.py:2585} INFO - Sync 1 DAGs
[2025-05-03T00:29:31.935+0000] {logging_mixin.py:120} INFO - [2025-05-03T00:29:31.934+0000] {dag.py:3340} INFO - Setting next_dagrun for example_nested_branch_dag to 2025-05-02T00:00:00+00:00, run_after=2025-05-03T00:00:00+00:00
[2025-05-03T00:29:31.945+0000] {processor.py:176} INFO - Processing /home/airflow/.local/lib/python3.7/site-packages/airflow/example_dags/example_nested_branch_dag.py took 0.054 seconds
[2025-05-03T00:52:40.248+0000] {processor.py:154} INFO - Started process (PID=42691) to work on /home/airflow/.local/lib/python3.7/site-packages/airflow/example_dags/example_nested_branch_dag.py
[2025-05-03T00:52:40.249+0000] {processor.py:756} INFO - Processing file /home/airflow/.local/lib/python3.7/site-packages/airflow/example_dags/example_nested_branch_dag.py for tasks to queue
[2025-05-03T00:52:40.249+0000] {logging_mixin.py:120} INFO - [2025-05-03T00:52:40.249+0000] {dagbag.py:537} INFO - Filling up the DagBag from /home/airflow/.local/lib/python3.7/site-packages/airflow/example_dags/example_nested_branch_dag.py
[2025-05-03T00:52:40.261+0000] {processor.py:766} INFO - DAG(s) dict_keys(['example_nested_branch_dag']) retrieved from /home/airflow/.local/lib/python3.7/site-packages/airflow/example_dags/example_nested_branch_dag.py
[2025-05-03T00:52:40.280+0000] {logging_mixin.py:120} INFO - [2025-05-03T00:52:40.280+0000] {dag.py:2585} INFO - Sync 1 DAGs
[2025-05-03T00:52:40.294+0000] {logging_mixin.py:120} INFO - [2025-05-03T00:52:40.294+0000] {dag.py:3340} INFO - Setting next_dagrun for example_nested_branch_dag to 2025-05-02T00:00:00+00:00, run_after=2025-05-03T00:00:00+00:00
[2025-05-03T00:52:40.305+0000] {processor.py:176} INFO - Processing /home/airflow/.local/lib/python3.7/site-packages/airflow/example_dags/example_nested_branch_dag.py took 0.058 seconds
[2025-05-03T01:16:08.657+0000] {processor.py:154} INFO - Started process (PID=42754) to work on /home/airflow/.local/lib/python3.7/site-packages/airflow/example_dags/example_nested_branch_dag.py
[2025-05-03T01:16:08.658+0000] {processor.py:756} INFO - Processing file /home/airflow/.local/lib/python3.7/site-packages/airflow/example_dags/example_nested_branch_dag.py for tasks to queue
[2025-05-03T01:16:08.658+0000] {logging_mixin.py:120} INFO - [2025-05-03T01:16:08.658+0000] {dagbag.py:537} INFO - Filling up the DagBag from /home/airflow/.local/lib/python3.7/site-packages/airflow/example_dags/example_nested_branch_dag.py
[2025-05-03T01:16:08.671+0000] {processor.py:766} INFO - DAG(s) dict_keys(['example_nested_branch_dag']) retrieved from /home/airflow/.local/lib/python3.7/site-packages/airflow/example_dags/example_nested_branch_dag.py
[2025-05-03T01:16:08.695+0000] {logging_mixin.py:120} INFO - [2025-05-03T01:16:08.694+0000] {dag.py:2585} INFO - Sync 1 DAGs
[2025-05-03T01:16:08.708+0000] {logging_mixin.py:120} INFO - [2025-05-03T01:16:08.708+0000] {dag.py:3340} INFO - Setting next_dagrun for example_nested_branch_dag to 2025-05-02T00:00:00+00:00, run_after=2025-05-03T00:00:00+00:00
[2025-05-03T01:16:08.721+0000] {processor.py:176} INFO - Processing /home/airflow/.local/lib/python3.7/site-packages/airflow/example_dags/example_nested_branch_dag.py took 0.065 seconds
[2025-05-03T01:19:53.173+0000] {processor.py:154} INFO - Started process (PID=42816) to work on /home/airflow/.local/lib/python3.7/site-packages/airflow/example_dags/example_nested_branch_dag.py
[2025-05-03T01:19:53.173+0000] {processor.py:756} INFO - Processing file /home/airflow/.local/lib/python3.7/site-packages/airflow/example_dags/example_nested_branch_dag.py for tasks to queue
[2025-05-03T01:19:53.174+0000] {logging_mixin.py:120} INFO - [2025-05-03T01:19:53.174+0000] {dagbag.py:537} INFO - Filling up the DagBag from /home/airflow/.local/lib/python3.7/site-packages/airflow/example_dags/example_nested_branch_dag.py
[2025-05-03T01:19:53.187+0000] {processor.py:766} INFO - DAG(s) dict_keys(['example_nested_branch_dag']) retrieved from /home/airflow/.local/lib/python3.7/site-packages/airflow/example_dags/example_nested_branch_dag.py
[2025-05-03T01:19:53.221+0000] {logging_mixin.py:120} INFO - [2025-05-03T01:19:53.221+0000] {dag.py:2585} INFO - Sync 1 DAGs
[2025-05-03T01:19:53.234+0000] {logging_mixin.py:120} INFO - [2025-05-03T01:19:53.234+0000] {dag.py:3340} INFO - Setting next_dagrun for example_nested_branch_dag to 2025-05-02T00:00:00+00:00, run_after=2025-05-03T00:00:00+00:00
[2025-05-03T01:19:53.245+0000] {processor.py:176} INFO - Processing /home/airflow/.local/lib/python3.7/site-packages/airflow/example_dags/example_nested_branch_dag.py took 0.074 seconds
[2025-05-03T01:24:04.921+0000] {processor.py:154} INFO - Started process (PID=42878) to work on /home/airflow/.local/lib/python3.7/site-packages/airflow/example_dags/example_nested_branch_dag.py
[2025-05-03T01:24:04.922+0000] {processor.py:756} INFO - Processing file /home/airflow/.local/lib/python3.7/site-packages/airflow/example_dags/example_nested_branch_dag.py for tasks to queue
[2025-05-03T01:24:04.922+0000] {logging_mixin.py:120} INFO - [2025-05-03T01:24:04.922+0000] {dagbag.py:537} INFO - Filling up the DagBag from /home/airflow/.local/lib/python3.7/site-packages/airflow/example_dags/example_nested_branch_dag.py
[2025-05-03T01:24:04.934+0000] {processor.py:766} INFO - DAG(s) dict_keys(['example_nested_branch_dag']) retrieved from /home/airflow/.local/lib/python3.7/site-packages/airflow/example_dags/example_nested_branch_dag.py
[2025-05-03T01:24:04.953+0000] {logging_mixin.py:120} INFO - [2025-05-03T01:24:04.953+0000] {dag.py:2585} INFO - Sync 1 DAGs
[2025-05-03T01:24:04.965+0000] {logging_mixin.py:120} INFO - [2025-05-03T01:24:04.965+0000] {dag.py:3340} INFO - Setting next_dagrun for example_nested_branch_dag to 2025-05-02T00:00:00+00:00, run_after=2025-05-03T00:00:00+00:00
[2025-05-03T01:24:04.976+0000] {processor.py:176} INFO - Processing /home/airflow/.local/lib/python3.7/site-packages/airflow/example_dags/example_nested_branch_dag.py took 0.056 seconds
[2025-05-03T02:06:32.852+0000] {processor.py:154} INFO - Started process (PID=42941) to work on /home/airflow/.local/lib/python3.7/site-packages/airflow/example_dags/example_nested_branch_dag.py
[2025-05-03T02:06:32.852+0000] {processor.py:756} INFO - Processing file /home/airflow/.local/lib/python3.7/site-packages/airflow/example_dags/example_nested_branch_dag.py for tasks to queue
[2025-05-03T02:06:32.853+0000] {logging_mixin.py:120} INFO - [2025-05-03T02:06:32.853+0000] {dagbag.py:537} INFO - Filling up the DagBag from /home/airflow/.local/lib/python3.7/site-packages/airflow/example_dags/example_nested_branch_dag.py
[2025-05-03T02:06:32.869+0000] {processor.py:766} INFO - DAG(s) dict_keys(['example_nested_branch_dag']) retrieved from /home/airflow/.local/lib/python3.7/site-packages/airflow/example_dags/example_nested_branch_dag.py
[2025-05-03T02:06:32.889+0000] {logging_mixin.py:120} INFO - [2025-05-03T02:06:32.889+0000] {dag.py:2585} INFO - Sync 1 DAGs
[2025-05-03T02:06:32.902+0000] {logging_mixin.py:120} INFO - [2025-05-03T02:06:32.902+0000] {dag.py:3340} INFO - Setting next_dagrun for example_nested_branch_dag to 2025-05-02T00:00:00+00:00, run_after=2025-05-03T00:00:00+00:00
[2025-05-03T02:06:32.910+0000] {processor.py:176} INFO - Processing /home/airflow/.local/lib/python3.7/site-packages/airflow/example_dags/example_nested_branch_dag.py took 0.061 seconds
[2025-05-03T02:48:24.678+0000] {processor.py:154} INFO - Started process (PID=43004) to work on /home/airflow/.local/lib/python3.7/site-packages/airflow/example_dags/example_nested_branch_dag.py
[2025-05-03T02:48:24.678+0000] {processor.py:756} INFO - Processing file /home/airflow/.local/lib/python3.7/site-packages/airflow/example_dags/example_nested_branch_dag.py for tasks to queue
[2025-05-03T02:48:24.681+0000] {logging_mixin.py:120} INFO - [2025-05-03T02:48:24.680+0000] {dagbag.py:537} INFO - Filling up the DagBag from /home/airflow/.local/lib/python3.7/site-packages/airflow/example_dags/example_nested_branch_dag.py
[2025-05-03T02:48:24.693+0000] {processor.py:766} INFO - DAG(s) dict_keys(['example_nested_branch_dag']) retrieved from /home/airflow/.local/lib/python3.7/site-packages/airflow/example_dags/example_nested_branch_dag.py
[2025-05-03T02:48:24.716+0000] {logging_mixin.py:120} INFO - [2025-05-03T02:48:24.716+0000] {dag.py:2585} INFO - Sync 1 DAGs
[2025-05-03T02:48:24.728+0000] {logging_mixin.py:120} INFO - [2025-05-03T02:48:24.727+0000] {dag.py:3340} INFO - Setting next_dagrun for example_nested_branch_dag to 2025-05-02T00:00:00+00:00, run_after=2025-05-03T00:00:00+00:00
[2025-05-03T02:48:24.736+0000] {processor.py:176} INFO - Processing /home/airflow/.local/lib/python3.7/site-packages/airflow/example_dags/example_nested_branch_dag.py took 0.060 seconds
[2025-05-03T03:21:20.490+0000] {processor.py:154} INFO - Started process (PID=43067) to work on /home/airflow/.local/lib/python3.7/site-packages/airflow/example_dags/example_nested_branch_dag.py
[2025-05-03T03:21:20.494+0000] {processor.py:756} INFO - Processing file /home/airflow/.local/lib/python3.7/site-packages/airflow/example_dags/example_nested_branch_dag.py for tasks to queue
[2025-05-03T03:21:20.495+0000] {logging_mixin.py:120} INFO - [2025-05-03T03:21:20.495+0000] {dagbag.py:537} INFO - Filling up the DagBag from /home/airflow/.local/lib/python3.7/site-packages/airflow/example_dags/example_nested_branch_dag.py
[2025-05-03T03:21:20.507+0000] {processor.py:766} INFO - DAG(s) dict_keys(['example_nested_branch_dag']) retrieved from /home/airflow/.local/lib/python3.7/site-packages/airflow/example_dags/example_nested_branch_dag.py
[2025-05-03T03:21:20.529+0000] {logging_mixin.py:120} INFO - [2025-05-03T03:21:20.529+0000] {dag.py:2585} INFO - Sync 1 DAGs
[2025-05-03T03:21:20.541+0000] {logging_mixin.py:120} INFO - [2025-05-03T03:21:20.541+0000] {dag.py:3340} INFO - Setting next_dagrun for example_nested_branch_dag to 2025-05-02T00:00:00+00:00, run_after=2025-05-03T00:00:00+00:00
[2025-05-03T03:21:20.552+0000] {processor.py:176} INFO - Processing /home/airflow/.local/lib/python3.7/site-packages/airflow/example_dags/example_nested_branch_dag.py took 0.063 seconds
[2025-05-03T04:10:42.502+0000] {processor.py:154} INFO - Started process (PID=43121) to work on /home/airflow/.local/lib/python3.7/site-packages/airflow/example_dags/example_nested_branch_dag.py
[2025-05-03T04:10:42.504+0000] {processor.py:756} INFO - Processing file /home/airflow/.local/lib/python3.7/site-packages/airflow/example_dags/example_nested_branch_dag.py for tasks to queue
[2025-05-03T04:10:42.504+0000] {logging_mixin.py:120} INFO - [2025-05-03T04:10:42.504+0000] {dagbag.py:537} INFO - Filling up the DagBag from /home/airflow/.local/lib/python3.7/site-packages/airflow/example_dags/example_nested_branch_dag.py
[2025-05-03T04:10:42.516+0000] {processor.py:766} INFO - DAG(s) dict_keys(['example_nested_branch_dag']) retrieved from /home/airflow/.local/lib/python3.7/site-packages/airflow/example_dags/example_nested_branch_dag.py
[2025-05-03T04:10:42.536+0000] {logging_mixin.py:120} INFO - [2025-05-03T04:10:42.536+0000] {dag.py:2585} INFO - Sync 1 DAGs
[2025-05-03T04:10:42.548+0000] {logging_mixin.py:120} INFO - [2025-05-03T04:10:42.548+0000] {dag.py:3340} INFO - Setting next_dagrun for example_nested_branch_dag to 2025-05-02T00:00:00+00:00, run_after=2025-05-03T00:00:00+00:00
[2025-05-03T04:10:42.557+0000] {processor.py:176} INFO - Processing /home/airflow/.local/lib/python3.7/site-packages/airflow/example_dags/example_nested_branch_dag.py took 0.056 seconds
[2025-05-03T04:54:16.545+0000] {processor.py:154} INFO - Started process (PID=43184) to work on /home/airflow/.local/lib/python3.7/site-packages/airflow/example_dags/example_nested_branch_dag.py
[2025-05-03T04:54:16.546+0000] {processor.py:756} INFO - Processing file /home/airflow/.local/lib/python3.7/site-packages/airflow/example_dags/example_nested_branch_dag.py for tasks to queue
[2025-05-03T04:54:16.547+0000] {logging_mixin.py:120} INFO - [2025-05-03T04:54:16.546+0000] {dagbag.py:537} INFO - Filling up the DagBag from /home/airflow/.local/lib/python3.7/site-packages/airflow/example_dags/example_nested_branch_dag.py
[2025-05-03T04:54:16.557+0000] {processor.py:766} INFO - DAG(s) dict_keys(['example_nested_branch_dag']) retrieved from /home/airflow/.local/lib/python3.7/site-packages/airflow/example_dags/example_nested_branch_dag.py
[2025-05-03T04:54:16.582+0000] {logging_mixin.py:120} INFO - [2025-05-03T04:54:16.582+0000] {dag.py:2585} INFO - Sync 1 DAGs
[2025-05-03T04:54:16.594+0000] {logging_mixin.py:120} INFO - [2025-05-03T04:54:16.594+0000] {dag.py:3340} INFO - Setting next_dagrun for example_nested_branch_dag to 2025-05-02T00:00:00+00:00, run_after=2025-05-03T00:00:00+00:00
[2025-05-03T04:54:16.603+0000] {processor.py:176} INFO - Processing /home/airflow/.local/lib/python3.7/site-packages/airflow/example_dags/example_nested_branch_dag.py took 0.059 seconds
[2025-05-03T05:53:09.879+0000] {processor.py:154} INFO - Started process (PID=43247) to work on /home/airflow/.local/lib/python3.7/site-packages/airflow/example_dags/example_nested_branch_dag.py
[2025-05-03T05:53:09.879+0000] {processor.py:756} INFO - Processing file /home/airflow/.local/lib/python3.7/site-packages/airflow/example_dags/example_nested_branch_dag.py for tasks to queue
[2025-05-03T05:53:09.880+0000] {logging_mixin.py:120} INFO - [2025-05-03T05:53:09.880+0000] {dagbag.py:537} INFO - Filling up the DagBag from /home/airflow/.local/lib/python3.7/site-packages/airflow/example_dags/example_nested_branch_dag.py
[2025-05-03T05:53:09.890+0000] {processor.py:766} INFO - DAG(s) dict_keys(['example_nested_branch_dag']) retrieved from /home/airflow/.local/lib/python3.7/site-packages/airflow/example_dags/example_nested_branch_dag.py
[2025-05-03T05:53:09.912+0000] {logging_mixin.py:120} INFO - [2025-05-03T05:53:09.912+0000] {dag.py:2585} INFO - Sync 1 DAGs
[2025-05-03T05:53:09.925+0000] {logging_mixin.py:120} INFO - [2025-05-03T05:53:09.925+0000] {dag.py:3340} INFO - Setting next_dagrun for example_nested_branch_dag to 2025-05-02T00:00:00+00:00, run_after=2025-05-03T00:00:00+00:00
[2025-05-03T05:53:09.937+0000] {processor.py:176} INFO - Processing /home/airflow/.local/lib/python3.7/site-packages/airflow/example_dags/example_nested_branch_dag.py took 0.059 seconds
[2025-05-03T06:30:38.780+0000] {processor.py:154} INFO - Started process (PID=43311) to work on /home/airflow/.local/lib/python3.7/site-packages/airflow/example_dags/example_nested_branch_dag.py
[2025-05-03T06:30:38.783+0000] {processor.py:756} INFO - Processing file /home/airflow/.local/lib/python3.7/site-packages/airflow/example_dags/example_nested_branch_dag.py for tasks to queue
[2025-05-03T06:30:38.784+0000] {logging_mixin.py:120} INFO - [2025-05-03T06:30:38.784+0000] {dagbag.py:537} INFO - Filling up the DagBag from /home/airflow/.local/lib/python3.7/site-packages/airflow/example_dags/example_nested_branch_dag.py
[2025-05-03T06:30:38.795+0000] {processor.py:766} INFO - DAG(s) dict_keys(['example_nested_branch_dag']) retrieved from /home/airflow/.local/lib/python3.7/site-packages/airflow/example_dags/example_nested_branch_dag.py
[2025-05-03T06:30:38.817+0000] {logging_mixin.py:120} INFO - [2025-05-03T06:30:38.817+0000] {dag.py:2585} INFO - Sync 1 DAGs
[2025-05-03T06:30:38.830+0000] {logging_mixin.py:120} INFO - [2025-05-03T06:30:38.829+0000] {dag.py:3340} INFO - Setting next_dagrun for example_nested_branch_dag to 2025-05-02T00:00:00+00:00, run_after=2025-05-03T00:00:00+00:00
[2025-05-03T06:30:38.843+0000] {processor.py:176} INFO - Processing /home/airflow/.local/lib/python3.7/site-packages/airflow/example_dags/example_nested_branch_dag.py took 0.065 seconds
[2025-05-03T07:22:16.424+0000] {processor.py:154} INFO - Started process (PID=43374) to work on /home/airflow/.local/lib/python3.7/site-packages/airflow/example_dags/example_nested_branch_dag.py
[2025-05-03T07:22:16.425+0000] {processor.py:756} INFO - Processing file /home/airflow/.local/lib/python3.7/site-packages/airflow/example_dags/example_nested_branch_dag.py for tasks to queue
[2025-05-03T07:22:16.426+0000] {logging_mixin.py:120} INFO - [2025-05-03T07:22:16.425+0000] {dagbag.py:537} INFO - Filling up the DagBag from /home/airflow/.local/lib/python3.7/site-packages/airflow/example_dags/example_nested_branch_dag.py
[2025-05-03T07:22:16.438+0000] {processor.py:766} INFO - DAG(s) dict_keys(['example_nested_branch_dag']) retrieved from /home/airflow/.local/lib/python3.7/site-packages/airflow/example_dags/example_nested_branch_dag.py
[2025-05-03T07:22:16.459+0000] {logging_mixin.py:120} INFO - [2025-05-03T07:22:16.459+0000] {dag.py:2585} INFO - Sync 1 DAGs
[2025-05-03T07:22:16.470+0000] {logging_mixin.py:120} INFO - [2025-05-03T07:22:16.470+0000] {dag.py:3340} INFO - Setting next_dagrun for example_nested_branch_dag to 2025-05-02T00:00:00+00:00, run_after=2025-05-03T00:00:00+00:00
[2025-05-03T07:22:16.479+0000] {processor.py:176} INFO - Processing /home/airflow/.local/lib/python3.7/site-packages/airflow/example_dags/example_nested_branch_dag.py took 0.057 seconds
[2025-05-03T08:23:11.252+0000] {processor.py:154} INFO - Started process (PID=43437) to work on /home/airflow/.local/lib/python3.7/site-packages/airflow/example_dags/example_nested_branch_dag.py
[2025-05-03T08:23:11.252+0000] {processor.py:756} INFO - Processing file /home/airflow/.local/lib/python3.7/site-packages/airflow/example_dags/example_nested_branch_dag.py for tasks to queue
[2025-05-03T08:23:11.253+0000] {logging_mixin.py:120} INFO - [2025-05-03T08:23:11.253+0000] {dagbag.py:537} INFO - Filling up the DagBag from /home/airflow/.local/lib/python3.7/site-packages/airflow/example_dags/example_nested_branch_dag.py
[2025-05-03T08:23:11.264+0000] {processor.py:766} INFO - DAG(s) dict_keys(['example_nested_branch_dag']) retrieved from /home/airflow/.local/lib/python3.7/site-packages/airflow/example_dags/example_nested_branch_dag.py
[2025-05-03T08:23:11.286+0000] {logging_mixin.py:120} INFO - [2025-05-03T08:23:11.286+0000] {dag.py:2585} INFO - Sync 1 DAGs
[2025-05-03T08:23:11.298+0000] {logging_mixin.py:120} INFO - [2025-05-03T08:23:11.298+0000] {dag.py:3340} INFO - Setting next_dagrun for example_nested_branch_dag to 2025-05-02T00:00:00+00:00, run_after=2025-05-03T00:00:00+00:00
[2025-05-03T08:23:11.307+0000] {processor.py:176} INFO - Processing /home/airflow/.local/lib/python3.7/site-packages/airflow/example_dags/example_nested_branch_dag.py took 0.056 seconds
[2025-05-03T09:41:38.873+0000] {processor.py:154} INFO - Started process (PID=43490) to work on /home/airflow/.local/lib/python3.7/site-packages/airflow/example_dags/example_nested_branch_dag.py
[2025-05-03T09:41:38.873+0000] {processor.py:756} INFO - Processing file /home/airflow/.local/lib/python3.7/site-packages/airflow/example_dags/example_nested_branch_dag.py for tasks to queue
[2025-05-03T09:41:38.874+0000] {logging_mixin.py:120} INFO - [2025-05-03T09:41:38.874+0000] {dagbag.py:537} INFO - Filling up the DagBag from /home/airflow/.local/lib/python3.7/site-packages/airflow/example_dags/example_nested_branch_dag.py
[2025-05-03T09:41:38.886+0000] {processor.py:766} INFO - DAG(s) dict_keys(['example_nested_branch_dag']) retrieved from /home/airflow/.local/lib/python3.7/site-packages/airflow/example_dags/example_nested_branch_dag.py
[2025-05-03T09:41:38.908+0000] {logging_mixin.py:120} INFO - [2025-05-03T09:41:38.908+0000] {dag.py:2585} INFO - Sync 1 DAGs
[2025-05-03T09:41:38.921+0000] {logging_mixin.py:120} INFO - [2025-05-03T09:41:38.921+0000] {dag.py:3340} INFO - Setting next_dagrun for example_nested_branch_dag to 2025-05-02T00:00:00+00:00, run_after=2025-05-03T00:00:00+00:00
[2025-05-03T09:41:38.932+0000] {processor.py:176} INFO - Processing /home/airflow/.local/lib/python3.7/site-packages/airflow/example_dags/example_nested_branch_dag.py took 0.061 seconds
[2025-05-03T10:58:28.380+0000] {processor.py:154} INFO - Started process (PID=43553) to work on /home/airflow/.local/lib/python3.7/site-packages/airflow/example_dags/example_nested_branch_dag.py
[2025-05-03T10:58:28.380+0000] {processor.py:756} INFO - Processing file /home/airflow/.local/lib/python3.7/site-packages/airflow/example_dags/example_nested_branch_dag.py for tasks to queue
[2025-05-03T10:58:28.381+0000] {logging_mixin.py:120} INFO - [2025-05-03T10:58:28.381+0000] {dagbag.py:537} INFO - Filling up the DagBag from /home/airflow/.local/lib/python3.7/site-packages/airflow/example_dags/example_nested_branch_dag.py
[2025-05-03T10:58:28.393+0000] {processor.py:766} INFO - DAG(s) dict_keys(['example_nested_branch_dag']) retrieved from /home/airflow/.local/lib/python3.7/site-packages/airflow/example_dags/example_nested_branch_dag.py
[2025-05-03T10:58:28.413+0000] {logging_mixin.py:120} INFO - [2025-05-03T10:58:28.413+0000] {dag.py:2585} INFO - Sync 1 DAGs
[2025-05-03T10:58:28.425+0000] {logging_mixin.py:120} INFO - [2025-05-03T10:58:28.425+0000] {dag.py:3340} INFO - Setting next_dagrun for example_nested_branch_dag to 2025-05-02T00:00:00+00:00, run_after=2025-05-03T00:00:00+00:00
[2025-05-03T10:58:28.439+0000] {processor.py:176} INFO - Processing /home/airflow/.local/lib/python3.7/site-packages/airflow/example_dags/example_nested_branch_dag.py took 0.061 seconds
[2025-05-03T11:42:15.319+0000] {processor.py:154} INFO - Started process (PID=43616) to work on /home/airflow/.local/lib/python3.7/site-packages/airflow/example_dags/example_nested_branch_dag.py
[2025-05-03T11:42:15.320+0000] {processor.py:756} INFO - Processing file /home/airflow/.local/lib/python3.7/site-packages/airflow/example_dags/example_nested_branch_dag.py for tasks to queue
[2025-05-03T11:42:15.320+0000] {logging_mixin.py:120} INFO - [2025-05-03T11:42:15.320+0000] {dagbag.py:537} INFO - Filling up the DagBag from /home/airflow/.local/lib/python3.7/site-packages/airflow/example_dags/example_nested_branch_dag.py
[2025-05-03T11:42:15.335+0000] {processor.py:766} INFO - DAG(s) dict_keys(['example_nested_branch_dag']) retrieved from /home/airflow/.local/lib/python3.7/site-packages/airflow/example_dags/example_nested_branch_dag.py
[2025-05-03T11:42:15.357+0000] {logging_mixin.py:120} INFO - [2025-05-03T11:42:15.357+0000] {dag.py:2585} INFO - Sync 1 DAGs
[2025-05-03T11:42:15.369+0000] {logging_mixin.py:120} INFO - [2025-05-03T11:42:15.369+0000] {dag.py:3340} INFO - Setting next_dagrun for example_nested_branch_dag to 2025-05-02T00:00:00+00:00, run_after=2025-05-03T00:00:00+00:00
[2025-05-03T11:42:15.379+0000] {processor.py:176} INFO - Processing /home/airflow/.local/lib/python3.7/site-packages/airflow/example_dags/example_nested_branch_dag.py took 0.061 seconds
[2025-05-03T12:59:20.663+0000] {processor.py:154} INFO - Started process (PID=43679) to work on /home/airflow/.local/lib/python3.7/site-packages/airflow/example_dags/example_nested_branch_dag.py
[2025-05-03T12:59:20.664+0000] {processor.py:756} INFO - Processing file /home/airflow/.local/lib/python3.7/site-packages/airflow/example_dags/example_nested_branch_dag.py for tasks to queue
[2025-05-03T12:59:20.664+0000] {logging_mixin.py:120} INFO - [2025-05-03T12:59:20.664+0000] {dagbag.py:537} INFO - Filling up the DagBag from /home/airflow/.local/lib/python3.7/site-packages/airflow/example_dags/example_nested_branch_dag.py
[2025-05-03T12:59:20.678+0000] {processor.py:766} INFO - DAG(s) dict_keys(['example_nested_branch_dag']) retrieved from /home/airflow/.local/lib/python3.7/site-packages/airflow/example_dags/example_nested_branch_dag.py
[2025-05-03T12:59:20.701+0000] {logging_mixin.py:120} INFO - [2025-05-03T12:59:20.701+0000] {dag.py:2585} INFO - Sync 1 DAGs
[2025-05-03T12:59:20.715+0000] {logging_mixin.py:120} INFO - [2025-05-03T12:59:20.715+0000] {dag.py:3340} INFO - Setting next_dagrun for example_nested_branch_dag to 2025-05-02T00:00:00+00:00, run_after=2025-05-03T00:00:00+00:00
[2025-05-03T12:59:20.725+0000] {processor.py:176} INFO - Processing /home/airflow/.local/lib/python3.7/site-packages/airflow/example_dags/example_nested_branch_dag.py took 0.064 seconds
[2025-05-03T13:28:31.805+0000] {processor.py:154} INFO - Started process (PID=43742) to work on /home/airflow/.local/lib/python3.7/site-packages/airflow/example_dags/example_nested_branch_dag.py
[2025-05-03T13:28:31.806+0000] {processor.py:756} INFO - Processing file /home/airflow/.local/lib/python3.7/site-packages/airflow/example_dags/example_nested_branch_dag.py for tasks to queue
[2025-05-03T13:28:31.807+0000] {logging_mixin.py:120} INFO - [2025-05-03T13:28:31.806+0000] {dagbag.py:537} INFO - Filling up the DagBag from /home/airflow/.local/lib/python3.7/site-packages/airflow/example_dags/example_nested_branch_dag.py
[2025-05-03T13:28:31.820+0000] {processor.py:766} INFO - DAG(s) dict_keys(['example_nested_branch_dag']) retrieved from /home/airflow/.local/lib/python3.7/site-packages/airflow/example_dags/example_nested_branch_dag.py
[2025-05-03T13:28:31.839+0000] {logging_mixin.py:120} INFO - [2025-05-03T13:28:31.839+0000] {dag.py:2585} INFO - Sync 1 DAGs
[2025-05-03T13:28:31.850+0000] {logging_mixin.py:120} INFO - [2025-05-03T13:28:31.850+0000] {dag.py:3340} INFO - Setting next_dagrun for example_nested_branch_dag to 2025-05-02T00:00:00+00:00, run_after=2025-05-03T00:00:00+00:00
[2025-05-03T13:28:31.859+0000] {processor.py:176} INFO - Processing /home/airflow/.local/lib/python3.7/site-packages/airflow/example_dags/example_nested_branch_dag.py took 0.056 seconds
[2025-05-03T13:29:08.668+0000] {processor.py:154} INFO - Started process (PID=43805) to work on /home/airflow/.local/lib/python3.7/site-packages/airflow/example_dags/example_nested_branch_dag.py
[2025-05-03T13:29:08.668+0000] {processor.py:756} INFO - Processing file /home/airflow/.local/lib/python3.7/site-packages/airflow/example_dags/example_nested_branch_dag.py for tasks to queue
[2025-05-03T13:29:08.668+0000] {logging_mixin.py:120} INFO - [2025-05-03T13:29:08.668+0000] {dagbag.py:537} INFO - Filling up the DagBag from /home/airflow/.local/lib/python3.7/site-packages/airflow/example_dags/example_nested_branch_dag.py
[2025-05-03T13:29:08.680+0000] {processor.py:766} INFO - DAG(s) dict_keys(['example_nested_branch_dag']) retrieved from /home/airflow/.local/lib/python3.7/site-packages/airflow/example_dags/example_nested_branch_dag.py
[2025-05-03T13:29:08.697+0000] {logging_mixin.py:120} INFO - [2025-05-03T13:29:08.697+0000] {dag.py:2585} INFO - Sync 1 DAGs
[2025-05-03T13:29:08.706+0000] {logging_mixin.py:120} INFO - [2025-05-03T13:29:08.706+0000] {dag.py:3340} INFO - Setting next_dagrun for example_nested_branch_dag to 2025-05-02T00:00:00+00:00, run_after=2025-05-03T00:00:00+00:00
[2025-05-03T13:29:08.713+0000] {processor.py:176} INFO - Processing /home/airflow/.local/lib/python3.7/site-packages/airflow/example_dags/example_nested_branch_dag.py took 0.046 seconds
[2025-05-03T14:29:11.113+0000] {processor.py:154} INFO - Started process (PID=43866) to work on /home/airflow/.local/lib/python3.7/site-packages/airflow/example_dags/example_nested_branch_dag.py
[2025-05-03T14:29:11.113+0000] {processor.py:756} INFO - Processing file /home/airflow/.local/lib/python3.7/site-packages/airflow/example_dags/example_nested_branch_dag.py for tasks to queue
[2025-05-03T14:29:11.114+0000] {logging_mixin.py:120} INFO - [2025-05-03T14:29:11.114+0000] {dagbag.py:537} INFO - Filling up the DagBag from /home/airflow/.local/lib/python3.7/site-packages/airflow/example_dags/example_nested_branch_dag.py
[2025-05-03T14:29:11.127+0000] {processor.py:766} INFO - DAG(s) dict_keys(['example_nested_branch_dag']) retrieved from /home/airflow/.local/lib/python3.7/site-packages/airflow/example_dags/example_nested_branch_dag.py
[2025-05-03T14:29:11.147+0000] {logging_mixin.py:120} INFO - [2025-05-03T14:29:11.147+0000] {dag.py:2585} INFO - Sync 1 DAGs
[2025-05-03T14:29:11.159+0000] {logging_mixin.py:120} INFO - [2025-05-03T14:29:11.159+0000] {dag.py:3340} INFO - Setting next_dagrun for example_nested_branch_dag to 2025-05-02T00:00:00+00:00, run_after=2025-05-03T00:00:00+00:00
[2025-05-03T14:29:11.168+0000] {processor.py:176} INFO - Processing /home/airflow/.local/lib/python3.7/site-packages/airflow/example_dags/example_nested_branch_dag.py took 0.056 seconds
[2025-05-03T15:07:54.204+0000] {processor.py:154} INFO - Started process (PID=43920) to work on /home/airflow/.local/lib/python3.7/site-packages/airflow/example_dags/example_nested_branch_dag.py
[2025-05-03T15:07:54.205+0000] {processor.py:756} INFO - Processing file /home/airflow/.local/lib/python3.7/site-packages/airflow/example_dags/example_nested_branch_dag.py for tasks to queue
[2025-05-03T15:07:54.205+0000] {logging_mixin.py:120} INFO - [2025-05-03T15:07:54.205+0000] {dagbag.py:537} INFO - Filling up the DagBag from /home/airflow/.local/lib/python3.7/site-packages/airflow/example_dags/example_nested_branch_dag.py
[2025-05-03T15:07:54.217+0000] {processor.py:766} INFO - DAG(s) dict_keys(['example_nested_branch_dag']) retrieved from /home/airflow/.local/lib/python3.7/site-packages/airflow/example_dags/example_nested_branch_dag.py
[2025-05-03T15:07:54.236+0000] {logging_mixin.py:120} INFO - [2025-05-03T15:07:54.236+0000] {dag.py:2585} INFO - Sync 1 DAGs
[2025-05-03T15:07:54.249+0000] {logging_mixin.py:120} INFO - [2025-05-03T15:07:54.249+0000] {dag.py:3340} INFO - Setting next_dagrun for example_nested_branch_dag to 2025-05-02T00:00:00+00:00, run_after=2025-05-03T00:00:00+00:00
[2025-05-03T15:07:54.262+0000] {processor.py:176} INFO - Processing /home/airflow/.local/lib/python3.7/site-packages/airflow/example_dags/example_nested_branch_dag.py took 0.059 seconds
[2025-05-03T16:21:03.561+0000] {processor.py:154} INFO - Started process (PID=43983) to work on /home/airflow/.local/lib/python3.7/site-packages/airflow/example_dags/example_nested_branch_dag.py
[2025-05-03T16:21:03.562+0000] {processor.py:756} INFO - Processing file /home/airflow/.local/lib/python3.7/site-packages/airflow/example_dags/example_nested_branch_dag.py for tasks to queue
[2025-05-03T16:21:03.563+0000] {logging_mixin.py:120} INFO - [2025-05-03T16:21:03.563+0000] {dagbag.py:537} INFO - Filling up the DagBag from /home/airflow/.local/lib/python3.7/site-packages/airflow/example_dags/example_nested_branch_dag.py
[2025-05-03T16:21:03.575+0000] {processor.py:766} INFO - DAG(s) dict_keys(['example_nested_branch_dag']) retrieved from /home/airflow/.local/lib/python3.7/site-packages/airflow/example_dags/example_nested_branch_dag.py
[2025-05-03T16:21:03.597+0000] {logging_mixin.py:120} INFO - [2025-05-03T16:21:03.597+0000] {dag.py:2585} INFO - Sync 1 DAGs
[2025-05-03T16:21:03.609+0000] {logging_mixin.py:120} INFO - [2025-05-03T16:21:03.609+0000] {dag.py:3340} INFO - Setting next_dagrun for example_nested_branch_dag to 2025-05-02T00:00:00+00:00, run_after=2025-05-03T00:00:00+00:00
[2025-05-03T16:21:03.619+0000] {processor.py:176} INFO - Processing /home/airflow/.local/lib/python3.7/site-packages/airflow/example_dags/example_nested_branch_dag.py took 0.059 seconds
[2025-05-03T16:48:05.930+0000] {processor.py:154} INFO - Started process (PID=44045) to work on /home/airflow/.local/lib/python3.7/site-packages/airflow/example_dags/example_nested_branch_dag.py
[2025-05-03T16:48:05.930+0000] {processor.py:756} INFO - Processing file /home/airflow/.local/lib/python3.7/site-packages/airflow/example_dags/example_nested_branch_dag.py for tasks to queue
[2025-05-03T16:48:05.931+0000] {logging_mixin.py:120} INFO - [2025-05-03T16:48:05.931+0000] {dagbag.py:537} INFO - Filling up the DagBag from /home/airflow/.local/lib/python3.7/site-packages/airflow/example_dags/example_nested_branch_dag.py
[2025-05-03T16:48:05.943+0000] {processor.py:766} INFO - DAG(s) dict_keys(['example_nested_branch_dag']) retrieved from /home/airflow/.local/lib/python3.7/site-packages/airflow/example_dags/example_nested_branch_dag.py
[2025-05-03T16:48:05.965+0000] {logging_mixin.py:120} INFO - [2025-05-03T16:48:05.965+0000] {dag.py:2585} INFO - Sync 1 DAGs
[2025-05-03T16:48:05.978+0000] {logging_mixin.py:120} INFO - [2025-05-03T16:48:05.978+0000] {dag.py:3340} INFO - Setting next_dagrun for example_nested_branch_dag to 2025-05-02T00:00:00+00:00, run_after=2025-05-03T00:00:00+00:00
[2025-05-03T16:48:05.989+0000] {processor.py:176} INFO - Processing /home/airflow/.local/lib/python3.7/site-packages/airflow/example_dags/example_nested_branch_dag.py took 0.061 seconds
[2025-05-03T18:05:54.425+0000] {processor.py:154} INFO - Started process (PID=44108) to work on /home/airflow/.local/lib/python3.7/site-packages/airflow/example_dags/example_nested_branch_dag.py
[2025-05-03T18:05:54.426+0000] {processor.py:756} INFO - Processing file /home/airflow/.local/lib/python3.7/site-packages/airflow/example_dags/example_nested_branch_dag.py for tasks to queue
[2025-05-03T18:05:54.426+0000] {logging_mixin.py:120} INFO - [2025-05-03T18:05:54.426+0000] {dagbag.py:537} INFO - Filling up the DagBag from /home/airflow/.local/lib/python3.7/site-packages/airflow/example_dags/example_nested_branch_dag.py
[2025-05-03T18:05:54.439+0000] {processor.py:766} INFO - DAG(s) dict_keys(['example_nested_branch_dag']) retrieved from /home/airflow/.local/lib/python3.7/site-packages/airflow/example_dags/example_nested_branch_dag.py
[2025-05-03T18:05:54.464+0000] {logging_mixin.py:120} INFO - [2025-05-03T18:05:54.464+0000] {dag.py:2585} INFO - Sync 1 DAGs
[2025-05-03T18:05:54.477+0000] {logging_mixin.py:120} INFO - [2025-05-03T18:05:54.477+0000] {dag.py:3340} INFO - Setting next_dagrun for example_nested_branch_dag to 2025-05-02T00:00:00+00:00, run_after=2025-05-03T00:00:00+00:00
[2025-05-03T18:05:54.489+0000] {processor.py:176} INFO - Processing /home/airflow/.local/lib/python3.7/site-packages/airflow/example_dags/example_nested_branch_dag.py took 0.065 seconds
[2025-05-03T19:25:57.928+0000] {processor.py:154} INFO - Started process (PID=44171) to work on /home/airflow/.local/lib/python3.7/site-packages/airflow/example_dags/example_nested_branch_dag.py
[2025-05-03T19:25:57.930+0000] {processor.py:756} INFO - Processing file /home/airflow/.local/lib/python3.7/site-packages/airflow/example_dags/example_nested_branch_dag.py for tasks to queue
[2025-05-03T19:25:57.930+0000] {logging_mixin.py:120} INFO - [2025-05-03T19:25:57.930+0000] {dagbag.py:537} INFO - Filling up the DagBag from /home/airflow/.local/lib/python3.7/site-packages/airflow/example_dags/example_nested_branch_dag.py
[2025-05-03T19:25:57.942+0000] {processor.py:766} INFO - DAG(s) dict_keys(['example_nested_branch_dag']) retrieved from /home/airflow/.local/lib/python3.7/site-packages/airflow/example_dags/example_nested_branch_dag.py
[2025-05-03T19:25:57.964+0000] {logging_mixin.py:120} INFO - [2025-05-03T19:25:57.964+0000] {dag.py:2585} INFO - Sync 1 DAGs
[2025-05-03T19:25:57.979+0000] {logging_mixin.py:120} INFO - [2025-05-03T19:25:57.979+0000] {dag.py:3340} INFO - Setting next_dagrun for example_nested_branch_dag to 2025-05-02T00:00:00+00:00, run_after=2025-05-03T00:00:00+00:00
[2025-05-03T19:25:57.993+0000] {processor.py:176} INFO - Processing /home/airflow/.local/lib/python3.7/site-packages/airflow/example_dags/example_nested_branch_dag.py took 0.066 seconds
[2025-05-03T20:07:05.396+0000] {processor.py:154} INFO - Started process (PID=44233) to work on /home/airflow/.local/lib/python3.7/site-packages/airflow/example_dags/example_nested_branch_dag.py
[2025-05-03T20:07:05.396+0000] {processor.py:756} INFO - Processing file /home/airflow/.local/lib/python3.7/site-packages/airflow/example_dags/example_nested_branch_dag.py for tasks to queue
[2025-05-03T20:07:05.397+0000] {logging_mixin.py:120} INFO - [2025-05-03T20:07:05.397+0000] {dagbag.py:537} INFO - Filling up the DagBag from /home/airflow/.local/lib/python3.7/site-packages/airflow/example_dags/example_nested_branch_dag.py
[2025-05-03T20:07:05.408+0000] {processor.py:766} INFO - DAG(s) dict_keys(['example_nested_branch_dag']) retrieved from /home/airflow/.local/lib/python3.7/site-packages/airflow/example_dags/example_nested_branch_dag.py
[2025-05-03T20:07:05.428+0000] {logging_mixin.py:120} INFO - [2025-05-03T20:07:05.428+0000] {dag.py:2585} INFO - Sync 1 DAGs
[2025-05-03T20:07:05.443+0000] {logging_mixin.py:120} INFO - [2025-05-03T20:07:05.443+0000] {dag.py:3340} INFO - Setting next_dagrun for example_nested_branch_dag to 2025-05-02T00:00:00+00:00, run_after=2025-05-03T00:00:00+00:00
[2025-05-03T20:07:05.453+0000] {processor.py:176} INFO - Processing /home/airflow/.local/lib/python3.7/site-packages/airflow/example_dags/example_nested_branch_dag.py took 0.059 seconds
[2025-05-03T21:36:13.804+0000] {processor.py:154} INFO - Started process (PID=44287) to work on /home/airflow/.local/lib/python3.7/site-packages/airflow/example_dags/example_nested_branch_dag.py
[2025-05-03T21:36:13.805+0000] {processor.py:756} INFO - Processing file /home/airflow/.local/lib/python3.7/site-packages/airflow/example_dags/example_nested_branch_dag.py for tasks to queue
[2025-05-03T21:36:13.805+0000] {logging_mixin.py:120} INFO - [2025-05-03T21:36:13.805+0000] {dagbag.py:537} INFO - Filling up the DagBag from /home/airflow/.local/lib/python3.7/site-packages/airflow/example_dags/example_nested_branch_dag.py
[2025-05-03T21:36:13.818+0000] {processor.py:766} INFO - DAG(s) dict_keys(['example_nested_branch_dag']) retrieved from /home/airflow/.local/lib/python3.7/site-packages/airflow/example_dags/example_nested_branch_dag.py
[2025-05-03T21:36:13.839+0000] {logging_mixin.py:120} INFO - [2025-05-03T21:36:13.839+0000] {dag.py:2585} INFO - Sync 1 DAGs
[2025-05-03T21:36:13.853+0000] {logging_mixin.py:120} INFO - [2025-05-03T21:36:13.853+0000] {dag.py:3340} INFO - Setting next_dagrun for example_nested_branch_dag to 2025-05-02T00:00:00+00:00, run_after=2025-05-03T00:00:00+00:00
[2025-05-03T21:36:13.864+0000] {processor.py:176} INFO - Processing /home/airflow/.local/lib/python3.7/site-packages/airflow/example_dags/example_nested_branch_dag.py took 0.062 seconds
[2025-05-03T22:19:52.789+0000] {processor.py:154} INFO - Started process (PID=44350) to work on /home/airflow/.local/lib/python3.7/site-packages/airflow/example_dags/example_nested_branch_dag.py
[2025-05-03T22:19:52.790+0000] {processor.py:756} INFO - Processing file /home/airflow/.local/lib/python3.7/site-packages/airflow/example_dags/example_nested_branch_dag.py for tasks to queue
[2025-05-03T22:19:52.790+0000] {logging_mixin.py:120} INFO - [2025-05-03T22:19:52.790+0000] {dagbag.py:537} INFO - Filling up the DagBag from /home/airflow/.local/lib/python3.7/site-packages/airflow/example_dags/example_nested_branch_dag.py
[2025-05-03T22:19:52.806+0000] {processor.py:766} INFO - DAG(s) dict_keys(['example_nested_branch_dag']) retrieved from /home/airflow/.local/lib/python3.7/site-packages/airflow/example_dags/example_nested_branch_dag.py
[2025-05-03T22:19:52.826+0000] {logging_mixin.py:120} INFO - [2025-05-03T22:19:52.826+0000] {dag.py:2585} INFO - Sync 1 DAGs
[2025-05-03T22:19:52.837+0000] {logging_mixin.py:120} INFO - [2025-05-03T22:19:52.837+0000] {dag.py:3340} INFO - Setting next_dagrun for example_nested_branch_dag to 2025-05-02T00:00:00+00:00, run_after=2025-05-03T00:00:00+00:00
[2025-05-03T22:19:52.846+0000] {processor.py:176} INFO - Processing /home/airflow/.local/lib/python3.7/site-packages/airflow/example_dags/example_nested_branch_dag.py took 0.059 seconds
[2025-05-03T23:04:45.879+0000] {processor.py:154} INFO - Started process (PID=44413) to work on /home/airflow/.local/lib/python3.7/site-packages/airflow/example_dags/example_nested_branch_dag.py
[2025-05-03T23:04:45.879+0000] {processor.py:756} INFO - Processing file /home/airflow/.local/lib/python3.7/site-packages/airflow/example_dags/example_nested_branch_dag.py for tasks to queue
[2025-05-03T23:04:45.880+0000] {logging_mixin.py:120} INFO - [2025-05-03T23:04:45.880+0000] {dagbag.py:537} INFO - Filling up the DagBag from /home/airflow/.local/lib/python3.7/site-packages/airflow/example_dags/example_nested_branch_dag.py
[2025-05-03T23:04:45.891+0000] {processor.py:766} INFO - DAG(s) dict_keys(['example_nested_branch_dag']) retrieved from /home/airflow/.local/lib/python3.7/site-packages/airflow/example_dags/example_nested_branch_dag.py
[2025-05-03T23:04:45.911+0000] {logging_mixin.py:120} INFO - [2025-05-03T23:04:45.911+0000] {dag.py:2585} INFO - Sync 1 DAGs
[2025-05-03T23:04:45.922+0000] {logging_mixin.py:120} INFO - [2025-05-03T23:04:45.922+0000] {dag.py:3340} INFO - Setting next_dagrun for example_nested_branch_dag to 2025-05-02T00:00:00+00:00, run_after=2025-05-03T00:00:00+00:00
[2025-05-03T23:04:45.933+0000] {processor.py:176} INFO - Processing /home/airflow/.local/lib/python3.7/site-packages/airflow/example_dags/example_nested_branch_dag.py took 0.056 seconds
[2025-05-03T23:22:08.129+0000] {processor.py:154} INFO - Started process (PID=44475) to work on /home/airflow/.local/lib/python3.7/site-packages/airflow/example_dags/example_nested_branch_dag.py
[2025-05-03T23:22:08.130+0000] {processor.py:756} INFO - Processing file /home/airflow/.local/lib/python3.7/site-packages/airflow/example_dags/example_nested_branch_dag.py for tasks to queue
[2025-05-03T23:22:08.130+0000] {logging_mixin.py:120} INFO - [2025-05-03T23:22:08.130+0000] {dagbag.py:537} INFO - Filling up the DagBag from /home/airflow/.local/lib/python3.7/site-packages/airflow/example_dags/example_nested_branch_dag.py
[2025-05-03T23:22:08.142+0000] {processor.py:766} INFO - DAG(s) dict_keys(['example_nested_branch_dag']) retrieved from /home/airflow/.local/lib/python3.7/site-packages/airflow/example_dags/example_nested_branch_dag.py
[2025-05-03T23:22:08.162+0000] {logging_mixin.py:120} INFO - [2025-05-03T23:22:08.162+0000] {dag.py:2585} INFO - Sync 1 DAGs
[2025-05-03T23:22:08.174+0000] {logging_mixin.py:120} INFO - [2025-05-03T23:22:08.174+0000] {dag.py:3340} INFO - Setting next_dagrun for example_nested_branch_dag to 2025-05-02T00:00:00+00:00, run_after=2025-05-03T00:00:00+00:00
[2025-05-03T23:22:08.184+0000] {processor.py:176} INFO - Processing /home/airflow/.local/lib/python3.7/site-packages/airflow/example_dags/example_nested_branch_dag.py took 0.056 seconds
[2025-05-03T23:38:29.288+0000] {processor.py:154} INFO - Started process (PID=44538) to work on /home/airflow/.local/lib/python3.7/site-packages/airflow/example_dags/example_nested_branch_dag.py
[2025-05-03T23:38:29.288+0000] {processor.py:756} INFO - Processing file /home/airflow/.local/lib/python3.7/site-packages/airflow/example_dags/example_nested_branch_dag.py for tasks to queue
[2025-05-03T23:38:29.289+0000] {logging_mixin.py:120} INFO - [2025-05-03T23:38:29.289+0000] {dagbag.py:537} INFO - Filling up the DagBag from /home/airflow/.local/lib/python3.7/site-packages/airflow/example_dags/example_nested_branch_dag.py
[2025-05-03T23:38:29.299+0000] {processor.py:766} INFO - DAG(s) dict_keys(['example_nested_branch_dag']) retrieved from /home/airflow/.local/lib/python3.7/site-packages/airflow/example_dags/example_nested_branch_dag.py
[2025-05-03T23:38:29.318+0000] {logging_mixin.py:120} INFO - [2025-05-03T23:38:29.318+0000] {dag.py:2585} INFO - Sync 1 DAGs
[2025-05-03T23:38:29.330+0000] {logging_mixin.py:120} INFO - [2025-05-03T23:38:29.330+0000] {dag.py:3340} INFO - Setting next_dagrun for example_nested_branch_dag to 2025-05-02T00:00:00+00:00, run_after=2025-05-03T00:00:00+00:00
[2025-05-03T23:38:29.338+0000] {processor.py:176} INFO - Processing /home/airflow/.local/lib/python3.7/site-packages/airflow/example_dags/example_nested_branch_dag.py took 0.052 seconds
[2025-05-03T23:56:25.048+0000] {processor.py:154} INFO - Started process (PID=44601) to work on /home/airflow/.local/lib/python3.7/site-packages/airflow/example_dags/example_nested_branch_dag.py
[2025-05-03T23:56:25.048+0000] {processor.py:756} INFO - Processing file /home/airflow/.local/lib/python3.7/site-packages/airflow/example_dags/example_nested_branch_dag.py for tasks to queue
[2025-05-03T23:56:25.049+0000] {logging_mixin.py:120} INFO - [2025-05-03T23:56:25.049+0000] {dagbag.py:537} INFO - Filling up the DagBag from /home/airflow/.local/lib/python3.7/site-packages/airflow/example_dags/example_nested_branch_dag.py
[2025-05-03T23:56:25.060+0000] {processor.py:766} INFO - DAG(s) dict_keys(['example_nested_branch_dag']) retrieved from /home/airflow/.local/lib/python3.7/site-packages/airflow/example_dags/example_nested_branch_dag.py
[2025-05-03T23:56:25.081+0000] {logging_mixin.py:120} INFO - [2025-05-03T23:56:25.080+0000] {dag.py:2585} INFO - Sync 1 DAGs
[2025-05-03T23:56:25.095+0000] {logging_mixin.py:120} INFO - [2025-05-03T23:56:25.095+0000] {dag.py:3340} INFO - Setting next_dagrun for example_nested_branch_dag to 2025-05-02T00:00:00+00:00, run_after=2025-05-03T00:00:00+00:00
[2025-05-03T23:56:25.105+0000] {processor.py:176} INFO - Processing /home/airflow/.local/lib/python3.7/site-packages/airflow/example_dags/example_nested_branch_dag.py took 0.059 seconds
