[2025-05-03T00:29:31.625+0000] {processor.py:154} INFO - Started process (PID=42630) to work on /home/airflow/.local/lib/python3.7/site-packages/airflow/example_dags/example_branch_datetime_operator.py
[2025-05-03T00:29:31.626+0000] {processor.py:756} INFO - Processing file /home/airflow/.local/lib/python3.7/site-packages/airflow/example_dags/example_branch_datetime_operator.py for tasks to queue
[2025-05-03T00:29:31.626+0000] {logging_mixin.py:120} INFO - [2025-05-03T00:29:31.626+0000] {dagbag.py:537} INFO - Filling up the DagBag from /home/airflow/.local/lib/python3.7/site-packages/airflow/example_dags/example_branch_datetime_operator.py
[2025-05-03T00:29:31.635+0000] {processor.py:766} INFO - DAG(s) dict_keys(['example_branch_datetime_operator_2', 'example_branch_datetime_operator_3', 'example_branch_datetime_operator']) retrieved from /home/airflow/.local/lib/python3.7/site-packages/airflow/example_dags/example_branch_datetime_operator.py
[2025-05-03T00:29:31.656+0000] {logging_mixin.py:120} INFO - [2025-05-03T00:29:31.656+0000] {dag.py:2585} INFO - Sync 3 DAGs
[2025-05-03T00:29:31.669+0000] {logging_mixin.py:120} INFO - [2025-05-03T00:29:31.668+0000] {dag.py:3340} INFO - Setting next_dagrun for example_branch_datetime_operator to 2025-05-02T00:00:00+00:00, run_after=2025-05-03T00:00:00+00:00
[2025-05-03T00:29:31.674+0000] {logging_mixin.py:120} INFO - [2025-05-03T00:29:31.674+0000] {dag.py:3340} INFO - Setting next_dagrun for example_branch_datetime_operator_2 to 2025-05-02T00:00:00+00:00, run_after=2025-05-03T00:00:00+00:00
[2025-05-03T00:29:31.675+0000] {logging_mixin.py:120} INFO - [2025-05-03T00:29:31.675+0000] {dag.py:3340} INFO - Setting next_dagrun for example_branch_datetime_operator_3 to 2025-05-02T00:00:00+00:00, run_after=2025-05-03T00:00:00+00:00
[2025-05-03T00:29:31.682+0000] {processor.py:176} INFO - Processing /home/airflow/.local/lib/python3.7/site-packages/airflow/example_dags/example_branch_datetime_operator.py took 0.059 seconds
[2025-05-03T00:52:39.956+0000] {processor.py:154} INFO - Started process (PID=42684) to work on /home/airflow/.local/lib/python3.7/site-packages/airflow/example_dags/example_branch_datetime_operator.py
[2025-05-03T00:52:39.957+0000] {processor.py:756} INFO - Processing file /home/airflow/.local/lib/python3.7/site-packages/airflow/example_dags/example_branch_datetime_operator.py for tasks to queue
[2025-05-03T00:52:39.957+0000] {logging_mixin.py:120} INFO - [2025-05-03T00:52:39.957+0000] {dagbag.py:537} INFO - Filling up the DagBag from /home/airflow/.local/lib/python3.7/site-packages/airflow/example_dags/example_branch_datetime_operator.py
[2025-05-03T00:52:39.967+0000] {processor.py:766} INFO - DAG(s) dict_keys(['example_branch_datetime_operator_2', 'example_branch_datetime_operator', 'example_branch_datetime_operator_3']) retrieved from /home/airflow/.local/lib/python3.7/site-packages/airflow/example_dags/example_branch_datetime_operator.py
[2025-05-03T00:52:39.993+0000] {logging_mixin.py:120} INFO - [2025-05-03T00:52:39.993+0000] {dag.py:2585} INFO - Sync 3 DAGs
[2025-05-03T00:52:40.006+0000] {logging_mixin.py:120} INFO - [2025-05-03T00:52:40.006+0000] {dag.py:3340} INFO - Setting next_dagrun for example_branch_datetime_operator to 2025-05-02T00:00:00+00:00, run_after=2025-05-03T00:00:00+00:00
[2025-05-03T00:52:40.010+0000] {logging_mixin.py:120} INFO - [2025-05-03T00:52:40.010+0000] {dag.py:3340} INFO - Setting next_dagrun for example_branch_datetime_operator_2 to 2025-05-02T00:00:00+00:00, run_after=2025-05-03T00:00:00+00:00
[2025-05-03T00:52:40.012+0000] {logging_mixin.py:120} INFO - [2025-05-03T00:52:40.012+0000] {dag.py:3340} INFO - Setting next_dagrun for example_branch_datetime_operator_3 to 2025-05-02T00:00:00+00:00, run_after=2025-05-03T00:00:00+00:00
[2025-05-03T00:52:40.021+0000] {processor.py:176} INFO - Processing /home/airflow/.local/lib/python3.7/site-packages/airflow/example_dags/example_branch_datetime_operator.py took 0.067 seconds
[2025-05-03T01:16:08.330+0000] {processor.py:154} INFO - Started process (PID=42747) to work on /home/airflow/.local/lib/python3.7/site-packages/airflow/example_dags/example_branch_datetime_operator.py
[2025-05-03T01:16:08.331+0000] {processor.py:756} INFO - Processing file /home/airflow/.local/lib/python3.7/site-packages/airflow/example_dags/example_branch_datetime_operator.py for tasks to queue
[2025-05-03T01:16:08.331+0000] {logging_mixin.py:120} INFO - [2025-05-03T01:16:08.331+0000] {dagbag.py:537} INFO - Filling up the DagBag from /home/airflow/.local/lib/python3.7/site-packages/airflow/example_dags/example_branch_datetime_operator.py
[2025-05-03T01:16:08.341+0000] {processor.py:766} INFO - DAG(s) dict_keys(['example_branch_datetime_operator', 'example_branch_datetime_operator_2', 'example_branch_datetime_operator_3']) retrieved from /home/airflow/.local/lib/python3.7/site-packages/airflow/example_dags/example_branch_datetime_operator.py
[2025-05-03T01:16:08.372+0000] {logging_mixin.py:120} INFO - [2025-05-03T01:16:08.372+0000] {dag.py:2585} INFO - Sync 3 DAGs
[2025-05-03T01:16:08.385+0000] {logging_mixin.py:120} INFO - [2025-05-03T01:16:08.385+0000] {dag.py:3340} INFO - Setting next_dagrun for example_branch_datetime_operator to 2025-05-02T00:00:00+00:00, run_after=2025-05-03T00:00:00+00:00
[2025-05-03T01:16:08.390+0000] {logging_mixin.py:120} INFO - [2025-05-03T01:16:08.390+0000] {dag.py:3340} INFO - Setting next_dagrun for example_branch_datetime_operator_2 to 2025-05-02T00:00:00+00:00, run_after=2025-05-03T00:00:00+00:00
[2025-05-03T01:16:08.391+0000] {logging_mixin.py:120} INFO - [2025-05-03T01:16:08.391+0000] {dag.py:3340} INFO - Setting next_dagrun for example_branch_datetime_operator_3 to 2025-05-02T00:00:00+00:00, run_after=2025-05-03T00:00:00+00:00
[2025-05-03T01:16:08.402+0000] {processor.py:176} INFO - Processing /home/airflow/.local/lib/python3.7/site-packages/airflow/example_dags/example_branch_datetime_operator.py took 0.074 seconds
[2025-05-03T01:19:52.865+0000] {processor.py:154} INFO - Started process (PID=42809) to work on /home/airflow/.local/lib/python3.7/site-packages/airflow/example_dags/example_branch_datetime_operator.py
[2025-05-03T01:19:52.866+0000] {processor.py:756} INFO - Processing file /home/airflow/.local/lib/python3.7/site-packages/airflow/example_dags/example_branch_datetime_operator.py for tasks to queue
[2025-05-03T01:19:52.866+0000] {logging_mixin.py:120} INFO - [2025-05-03T01:19:52.866+0000] {dagbag.py:537} INFO - Filling up the DagBag from /home/airflow/.local/lib/python3.7/site-packages/airflow/example_dags/example_branch_datetime_operator.py
[2025-05-03T01:19:52.876+0000] {processor.py:766} INFO - DAG(s) dict_keys(['example_branch_datetime_operator', 'example_branch_datetime_operator_2', 'example_branch_datetime_operator_3']) retrieved from /home/airflow/.local/lib/python3.7/site-packages/airflow/example_dags/example_branch_datetime_operator.py
[2025-05-03T01:19:52.913+0000] {logging_mixin.py:120} INFO - [2025-05-03T01:19:52.913+0000] {dag.py:2585} INFO - Sync 3 DAGs
[2025-05-03T01:19:52.929+0000] {logging_mixin.py:120} INFO - [2025-05-03T01:19:52.929+0000] {dag.py:3340} INFO - Setting next_dagrun for example_branch_datetime_operator to 2025-05-02T00:00:00+00:00, run_after=2025-05-03T00:00:00+00:00
[2025-05-03T01:19:52.933+0000] {logging_mixin.py:120} INFO - [2025-05-03T01:19:52.933+0000] {dag.py:3340} INFO - Setting next_dagrun for example_branch_datetime_operator_2 to 2025-05-02T00:00:00+00:00, run_after=2025-05-03T00:00:00+00:00
[2025-05-03T01:19:52.938+0000] {logging_mixin.py:120} INFO - [2025-05-03T01:19:52.938+0000] {dag.py:3340} INFO - Setting next_dagrun for example_branch_datetime_operator_3 to 2025-05-02T00:00:00+00:00, run_after=2025-05-03T00:00:00+00:00
[2025-05-03T01:19:52.948+0000] {processor.py:176} INFO - Processing /home/airflow/.local/lib/python3.7/site-packages/airflow/example_dags/example_branch_datetime_operator.py took 0.084 seconds
[2025-05-03T01:24:04.620+0000] {processor.py:154} INFO - Started process (PID=42871) to work on /home/airflow/.local/lib/python3.7/site-packages/airflow/example_dags/example_branch_datetime_operator.py
[2025-05-03T01:24:04.621+0000] {processor.py:756} INFO - Processing file /home/airflow/.local/lib/python3.7/site-packages/airflow/example_dags/example_branch_datetime_operator.py for tasks to queue
[2025-05-03T01:24:04.622+0000] {logging_mixin.py:120} INFO - [2025-05-03T01:24:04.622+0000] {dagbag.py:537} INFO - Filling up the DagBag from /home/airflow/.local/lib/python3.7/site-packages/airflow/example_dags/example_branch_datetime_operator.py
[2025-05-03T01:24:04.629+0000] {processor.py:766} INFO - DAG(s) dict_keys(['example_branch_datetime_operator_3', 'example_branch_datetime_operator_2', 'example_branch_datetime_operator']) retrieved from /home/airflow/.local/lib/python3.7/site-packages/airflow/example_dags/example_branch_datetime_operator.py
[2025-05-03T01:24:04.650+0000] {logging_mixin.py:120} INFO - [2025-05-03T01:24:04.650+0000] {dag.py:2585} INFO - Sync 3 DAGs
[2025-05-03T01:24:04.661+0000] {logging_mixin.py:120} INFO - [2025-05-03T01:24:04.661+0000] {dag.py:3340} INFO - Setting next_dagrun for example_branch_datetime_operator to 2025-05-02T00:00:00+00:00, run_after=2025-05-03T00:00:00+00:00
[2025-05-03T01:24:04.663+0000] {logging_mixin.py:120} INFO - [2025-05-03T01:24:04.663+0000] {dag.py:3340} INFO - Setting next_dagrun for example_branch_datetime_operator_2 to 2025-05-02T00:00:00+00:00, run_after=2025-05-03T00:00:00+00:00
[2025-05-03T01:24:04.664+0000] {logging_mixin.py:120} INFO - [2025-05-03T01:24:04.664+0000] {dag.py:3340} INFO - Setting next_dagrun for example_branch_datetime_operator_3 to 2025-05-02T00:00:00+00:00, run_after=2025-05-03T00:00:00+00:00
[2025-05-03T01:24:04.673+0000] {processor.py:176} INFO - Processing /home/airflow/.local/lib/python3.7/site-packages/airflow/example_dags/example_branch_datetime_operator.py took 0.055 seconds
[2025-05-03T02:06:32.595+0000] {processor.py:154} INFO - Started process (PID=42934) to work on /home/airflow/.local/lib/python3.7/site-packages/airflow/example_dags/example_branch_datetime_operator.py
[2025-05-03T02:06:32.595+0000] {processor.py:756} INFO - Processing file /home/airflow/.local/lib/python3.7/site-packages/airflow/example_dags/example_branch_datetime_operator.py for tasks to queue
[2025-05-03T02:06:32.596+0000] {logging_mixin.py:120} INFO - [2025-05-03T02:06:32.596+0000] {dagbag.py:537} INFO - Filling up the DagBag from /home/airflow/.local/lib/python3.7/site-packages/airflow/example_dags/example_branch_datetime_operator.py
[2025-05-03T02:06:32.604+0000] {processor.py:766} INFO - DAG(s) dict_keys(['example_branch_datetime_operator_3', 'example_branch_datetime_operator', 'example_branch_datetime_operator_2']) retrieved from /home/airflow/.local/lib/python3.7/site-packages/airflow/example_dags/example_branch_datetime_operator.py
[2025-05-03T02:06:32.625+0000] {logging_mixin.py:120} INFO - [2025-05-03T02:06:32.624+0000] {dag.py:2585} INFO - Sync 3 DAGs
[2025-05-03T02:06:32.637+0000] {logging_mixin.py:120} INFO - [2025-05-03T02:06:32.637+0000] {dag.py:3340} INFO - Setting next_dagrun for example_branch_datetime_operator to 2025-05-02T00:00:00+00:00, run_after=2025-05-03T00:00:00+00:00
[2025-05-03T02:06:32.639+0000] {logging_mixin.py:120} INFO - [2025-05-03T02:06:32.639+0000] {dag.py:3340} INFO - Setting next_dagrun for example_branch_datetime_operator_2 to 2025-05-02T00:00:00+00:00, run_after=2025-05-03T00:00:00+00:00
[2025-05-03T02:06:32.640+0000] {logging_mixin.py:120} INFO - [2025-05-03T02:06:32.640+0000] {dag.py:3340} INFO - Setting next_dagrun for example_branch_datetime_operator_3 to 2025-05-02T00:00:00+00:00, run_after=2025-05-03T00:00:00+00:00
[2025-05-03T02:06:32.648+0000] {processor.py:176} INFO - Processing /home/airflow/.local/lib/python3.7/site-packages/airflow/example_dags/example_branch_datetime_operator.py took 0.055 seconds
[2025-05-03T02:48:24.400+0000] {processor.py:154} INFO - Started process (PID=42997) to work on /home/airflow/.local/lib/python3.7/site-packages/airflow/example_dags/example_branch_datetime_operator.py
[2025-05-03T02:48:24.401+0000] {processor.py:756} INFO - Processing file /home/airflow/.local/lib/python3.7/site-packages/airflow/example_dags/example_branch_datetime_operator.py for tasks to queue
[2025-05-03T02:48:24.401+0000] {logging_mixin.py:120} INFO - [2025-05-03T02:48:24.401+0000] {dagbag.py:537} INFO - Filling up the DagBag from /home/airflow/.local/lib/python3.7/site-packages/airflow/example_dags/example_branch_datetime_operator.py
[2025-05-03T02:48:24.410+0000] {processor.py:766} INFO - DAG(s) dict_keys(['example_branch_datetime_operator_2', 'example_branch_datetime_operator_3', 'example_branch_datetime_operator']) retrieved from /home/airflow/.local/lib/python3.7/site-packages/airflow/example_dags/example_branch_datetime_operator.py
[2025-05-03T02:48:24.433+0000] {logging_mixin.py:120} INFO - [2025-05-03T02:48:24.432+0000] {dag.py:2585} INFO - Sync 3 DAGs
[2025-05-03T02:48:24.444+0000] {logging_mixin.py:120} INFO - [2025-05-03T02:48:24.444+0000] {dag.py:3340} INFO - Setting next_dagrun for example_branch_datetime_operator to 2025-05-02T00:00:00+00:00, run_after=2025-05-03T00:00:00+00:00
[2025-05-03T02:48:24.446+0000] {logging_mixin.py:120} INFO - [2025-05-03T02:48:24.446+0000] {dag.py:3340} INFO - Setting next_dagrun for example_branch_datetime_operator_2 to 2025-05-02T00:00:00+00:00, run_after=2025-05-03T00:00:00+00:00
[2025-05-03T02:48:24.447+0000] {logging_mixin.py:120} INFO - [2025-05-03T02:48:24.447+0000] {dag.py:3340} INFO - Setting next_dagrun for example_branch_datetime_operator_3 to 2025-05-02T00:00:00+00:00, run_after=2025-05-03T00:00:00+00:00
[2025-05-03T02:48:24.454+0000] {processor.py:176} INFO - Processing /home/airflow/.local/lib/python3.7/site-packages/airflow/example_dags/example_branch_datetime_operator.py took 0.055 seconds
[2025-05-03T03:21:20.179+0000] {processor.py:154} INFO - Started process (PID=43060) to work on /home/airflow/.local/lib/python3.7/site-packages/airflow/example_dags/example_branch_datetime_operator.py
[2025-05-03T03:21:20.180+0000] {processor.py:756} INFO - Processing file /home/airflow/.local/lib/python3.7/site-packages/airflow/example_dags/example_branch_datetime_operator.py for tasks to queue
[2025-05-03T03:21:20.181+0000] {logging_mixin.py:120} INFO - [2025-05-03T03:21:20.181+0000] {dagbag.py:537} INFO - Filling up the DagBag from /home/airflow/.local/lib/python3.7/site-packages/airflow/example_dags/example_branch_datetime_operator.py
[2025-05-03T03:21:20.192+0000] {processor.py:766} INFO - DAG(s) dict_keys(['example_branch_datetime_operator', 'example_branch_datetime_operator_2', 'example_branch_datetime_operator_3']) retrieved from /home/airflow/.local/lib/python3.7/site-packages/airflow/example_dags/example_branch_datetime_operator.py
[2025-05-03T03:21:20.226+0000] {logging_mixin.py:120} INFO - [2025-05-03T03:21:20.226+0000] {dag.py:2585} INFO - Sync 3 DAGs
[2025-05-03T03:21:20.243+0000] {logging_mixin.py:120} INFO - [2025-05-03T03:21:20.243+0000] {dag.py:3340} INFO - Setting next_dagrun for example_branch_datetime_operator to 2025-05-02T00:00:00+00:00, run_after=2025-05-03T00:00:00+00:00
[2025-05-03T03:21:20.249+0000] {logging_mixin.py:120} INFO - [2025-05-03T03:21:20.249+0000] {dag.py:3340} INFO - Setting next_dagrun for example_branch_datetime_operator_2 to 2025-05-02T00:00:00+00:00, run_after=2025-05-03T00:00:00+00:00
[2025-05-03T03:21:20.253+0000] {logging_mixin.py:120} INFO - [2025-05-03T03:21:20.253+0000] {dag.py:3340} INFO - Setting next_dagrun for example_branch_datetime_operator_3 to 2025-05-02T00:00:00+00:00, run_after=2025-05-03T00:00:00+00:00
[2025-05-03T03:21:20.273+0000] {processor.py:176} INFO - Processing /home/airflow/.local/lib/python3.7/site-packages/airflow/example_dags/example_branch_datetime_operator.py took 0.096 seconds
[2025-05-03T04:10:42.220+0000] {processor.py:154} INFO - Started process (PID=43114) to work on /home/airflow/.local/lib/python3.7/site-packages/airflow/example_dags/example_branch_datetime_operator.py
[2025-05-03T04:10:42.221+0000] {processor.py:756} INFO - Processing file /home/airflow/.local/lib/python3.7/site-packages/airflow/example_dags/example_branch_datetime_operator.py for tasks to queue
[2025-05-03T04:10:42.221+0000] {logging_mixin.py:120} INFO - [2025-05-03T04:10:42.221+0000] {dagbag.py:537} INFO - Filling up the DagBag from /home/airflow/.local/lib/python3.7/site-packages/airflow/example_dags/example_branch_datetime_operator.py
[2025-05-03T04:10:42.231+0000] {processor.py:766} INFO - DAG(s) dict_keys(['example_branch_datetime_operator', 'example_branch_datetime_operator_3', 'example_branch_datetime_operator_2']) retrieved from /home/airflow/.local/lib/python3.7/site-packages/airflow/example_dags/example_branch_datetime_operator.py
[2025-05-03T04:10:42.256+0000] {logging_mixin.py:120} INFO - [2025-05-03T04:10:42.256+0000] {dag.py:2585} INFO - Sync 3 DAGs
[2025-05-03T04:10:42.268+0000] {logging_mixin.py:120} INFO - [2025-05-03T04:10:42.268+0000] {dag.py:3340} INFO - Setting next_dagrun for example_branch_datetime_operator to 2025-05-02T00:00:00+00:00, run_after=2025-05-03T00:00:00+00:00
[2025-05-03T04:10:42.270+0000] {logging_mixin.py:120} INFO - [2025-05-03T04:10:42.270+0000] {dag.py:3340} INFO - Setting next_dagrun for example_branch_datetime_operator_2 to 2025-05-02T00:00:00+00:00, run_after=2025-05-03T00:00:00+00:00
[2025-05-03T04:10:42.272+0000] {logging_mixin.py:120} INFO - [2025-05-03T04:10:42.271+0000] {dag.py:3340} INFO - Setting next_dagrun for example_branch_datetime_operator_3 to 2025-05-02T00:00:00+00:00, run_after=2025-05-03T00:00:00+00:00
[2025-05-03T04:10:42.281+0000] {processor.py:176} INFO - Processing /home/airflow/.local/lib/python3.7/site-packages/airflow/example_dags/example_branch_datetime_operator.py took 0.063 seconds
[2025-05-03T04:54:16.284+0000] {processor.py:154} INFO - Started process (PID=43177) to work on /home/airflow/.local/lib/python3.7/site-packages/airflow/example_dags/example_branch_datetime_operator.py
[2025-05-03T04:54:16.285+0000] {processor.py:756} INFO - Processing file /home/airflow/.local/lib/python3.7/site-packages/airflow/example_dags/example_branch_datetime_operator.py for tasks to queue
[2025-05-03T04:54:16.286+0000] {logging_mixin.py:120} INFO - [2025-05-03T04:54:16.286+0000] {dagbag.py:537} INFO - Filling up the DagBag from /home/airflow/.local/lib/python3.7/site-packages/airflow/example_dags/example_branch_datetime_operator.py
[2025-05-03T04:54:16.294+0000] {processor.py:766} INFO - DAG(s) dict_keys(['example_branch_datetime_operator_3', 'example_branch_datetime_operator_2', 'example_branch_datetime_operator']) retrieved from /home/airflow/.local/lib/python3.7/site-packages/airflow/example_dags/example_branch_datetime_operator.py
[2025-05-03T04:54:16.317+0000] {logging_mixin.py:120} INFO - [2025-05-03T04:54:16.317+0000] {dag.py:2585} INFO - Sync 3 DAGs
[2025-05-03T04:54:16.329+0000] {logging_mixin.py:120} INFO - [2025-05-03T04:54:16.329+0000] {dag.py:3340} INFO - Setting next_dagrun for example_branch_datetime_operator to 2025-05-02T00:00:00+00:00, run_after=2025-05-03T00:00:00+00:00
[2025-05-03T04:54:16.332+0000] {logging_mixin.py:120} INFO - [2025-05-03T04:54:16.332+0000] {dag.py:3340} INFO - Setting next_dagrun for example_branch_datetime_operator_2 to 2025-05-02T00:00:00+00:00, run_after=2025-05-03T00:00:00+00:00
[2025-05-03T04:54:16.333+0000] {logging_mixin.py:120} INFO - [2025-05-03T04:54:16.333+0000] {dag.py:3340} INFO - Setting next_dagrun for example_branch_datetime_operator_3 to 2025-05-02T00:00:00+00:00, run_after=2025-05-03T00:00:00+00:00
[2025-05-03T04:54:16.341+0000] {processor.py:176} INFO - Processing /home/airflow/.local/lib/python3.7/site-packages/airflow/example_dags/example_branch_datetime_operator.py took 0.059 seconds
[2025-05-03T05:53:09.610+0000] {processor.py:154} INFO - Started process (PID=43240) to work on /home/airflow/.local/lib/python3.7/site-packages/airflow/example_dags/example_branch_datetime_operator.py
[2025-05-03T05:53:09.611+0000] {processor.py:756} INFO - Processing file /home/airflow/.local/lib/python3.7/site-packages/airflow/example_dags/example_branch_datetime_operator.py for tasks to queue
[2025-05-03T05:53:09.611+0000] {logging_mixin.py:120} INFO - [2025-05-03T05:53:09.611+0000] {dagbag.py:537} INFO - Filling up the DagBag from /home/airflow/.local/lib/python3.7/site-packages/airflow/example_dags/example_branch_datetime_operator.py
[2025-05-03T05:53:09.622+0000] {processor.py:766} INFO - DAG(s) dict_keys(['example_branch_datetime_operator_2', 'example_branch_datetime_operator_3', 'example_branch_datetime_operator']) retrieved from /home/airflow/.local/lib/python3.7/site-packages/airflow/example_dags/example_branch_datetime_operator.py
[2025-05-03T05:53:09.648+0000] {logging_mixin.py:120} INFO - [2025-05-03T05:53:09.648+0000] {dag.py:2585} INFO - Sync 3 DAGs
[2025-05-03T05:53:09.660+0000] {logging_mixin.py:120} INFO - [2025-05-03T05:53:09.660+0000] {dag.py:3340} INFO - Setting next_dagrun for example_branch_datetime_operator to 2025-05-02T00:00:00+00:00, run_after=2025-05-03T00:00:00+00:00
[2025-05-03T05:53:09.669+0000] {logging_mixin.py:120} INFO - [2025-05-03T05:53:09.669+0000] {dag.py:3340} INFO - Setting next_dagrun for example_branch_datetime_operator_2 to 2025-05-02T00:00:00+00:00, run_after=2025-05-03T00:00:00+00:00
[2025-05-03T05:53:09.671+0000] {logging_mixin.py:120} INFO - [2025-05-03T05:53:09.671+0000] {dag.py:3340} INFO - Setting next_dagrun for example_branch_datetime_operator_3 to 2025-05-02T00:00:00+00:00, run_after=2025-05-03T00:00:00+00:00
[2025-05-03T05:53:09.679+0000] {processor.py:176} INFO - Processing /home/airflow/.local/lib/python3.7/site-packages/airflow/example_dags/example_branch_datetime_operator.py took 0.070 seconds
[2025-05-03T06:30:38.508+0000] {processor.py:154} INFO - Started process (PID=43304) to work on /home/airflow/.local/lib/python3.7/site-packages/airflow/example_dags/example_branch_datetime_operator.py
[2025-05-03T06:30:38.508+0000] {processor.py:756} INFO - Processing file /home/airflow/.local/lib/python3.7/site-packages/airflow/example_dags/example_branch_datetime_operator.py for tasks to queue
[2025-05-03T06:30:38.509+0000] {logging_mixin.py:120} INFO - [2025-05-03T06:30:38.509+0000] {dagbag.py:537} INFO - Filling up the DagBag from /home/airflow/.local/lib/python3.7/site-packages/airflow/example_dags/example_branch_datetime_operator.py
[2025-05-03T06:30:38.518+0000] {processor.py:766} INFO - DAG(s) dict_keys(['example_branch_datetime_operator_2', 'example_branch_datetime_operator', 'example_branch_datetime_operator_3']) retrieved from /home/airflow/.local/lib/python3.7/site-packages/airflow/example_dags/example_branch_datetime_operator.py
[2025-05-03T06:30:38.542+0000] {logging_mixin.py:120} INFO - [2025-05-03T06:30:38.542+0000] {dag.py:2585} INFO - Sync 3 DAGs
[2025-05-03T06:30:38.554+0000] {logging_mixin.py:120} INFO - [2025-05-03T06:30:38.554+0000] {dag.py:3340} INFO - Setting next_dagrun for example_branch_datetime_operator to 2025-05-02T00:00:00+00:00, run_after=2025-05-03T00:00:00+00:00
[2025-05-03T06:30:38.557+0000] {logging_mixin.py:120} INFO - [2025-05-03T06:30:38.557+0000] {dag.py:3340} INFO - Setting next_dagrun for example_branch_datetime_operator_2 to 2025-05-02T00:00:00+00:00, run_after=2025-05-03T00:00:00+00:00
[2025-05-03T06:30:38.558+0000] {logging_mixin.py:120} INFO - [2025-05-03T06:30:38.558+0000] {dag.py:3340} INFO - Setting next_dagrun for example_branch_datetime_operator_3 to 2025-05-02T00:00:00+00:00, run_after=2025-05-03T00:00:00+00:00
[2025-05-03T06:30:38.568+0000] {processor.py:176} INFO - Processing /home/airflow/.local/lib/python3.7/site-packages/airflow/example_dags/example_branch_datetime_operator.py took 0.063 seconds
[2025-05-03T07:22:16.154+0000] {processor.py:154} INFO - Started process (PID=43367) to work on /home/airflow/.local/lib/python3.7/site-packages/airflow/example_dags/example_branch_datetime_operator.py
[2025-05-03T07:22:16.157+0000] {processor.py:756} INFO - Processing file /home/airflow/.local/lib/python3.7/site-packages/airflow/example_dags/example_branch_datetime_operator.py for tasks to queue
[2025-05-03T07:22:16.158+0000] {logging_mixin.py:120} INFO - [2025-05-03T07:22:16.158+0000] {dagbag.py:537} INFO - Filling up the DagBag from /home/airflow/.local/lib/python3.7/site-packages/airflow/example_dags/example_branch_datetime_operator.py
[2025-05-03T07:22:16.166+0000] {processor.py:766} INFO - DAG(s) dict_keys(['example_branch_datetime_operator_2', 'example_branch_datetime_operator_3', 'example_branch_datetime_operator']) retrieved from /home/airflow/.local/lib/python3.7/site-packages/airflow/example_dags/example_branch_datetime_operator.py
[2025-05-03T07:22:16.188+0000] {logging_mixin.py:120} INFO - [2025-05-03T07:22:16.188+0000] {dag.py:2585} INFO - Sync 3 DAGs
[2025-05-03T07:22:16.201+0000] {logging_mixin.py:120} INFO - [2025-05-03T07:22:16.200+0000] {dag.py:3340} INFO - Setting next_dagrun for example_branch_datetime_operator to 2025-05-02T00:00:00+00:00, run_after=2025-05-03T00:00:00+00:00
[2025-05-03T07:22:16.203+0000] {logging_mixin.py:120} INFO - [2025-05-03T07:22:16.203+0000] {dag.py:3340} INFO - Setting next_dagrun for example_branch_datetime_operator_2 to 2025-05-02T00:00:00+00:00, run_after=2025-05-03T00:00:00+00:00
[2025-05-03T07:22:16.207+0000] {logging_mixin.py:120} INFO - [2025-05-03T07:22:16.207+0000] {dag.py:3340} INFO - Setting next_dagrun for example_branch_datetime_operator_3 to 2025-05-02T00:00:00+00:00, run_after=2025-05-03T00:00:00+00:00
[2025-05-03T07:22:16.217+0000] {processor.py:176} INFO - Processing /home/airflow/.local/lib/python3.7/site-packages/airflow/example_dags/example_branch_datetime_operator.py took 0.065 seconds
[2025-05-03T08:23:10.965+0000] {processor.py:154} INFO - Started process (PID=43430) to work on /home/airflow/.local/lib/python3.7/site-packages/airflow/example_dags/example_branch_datetime_operator.py
[2025-05-03T08:23:10.966+0000] {processor.py:756} INFO - Processing file /home/airflow/.local/lib/python3.7/site-packages/airflow/example_dags/example_branch_datetime_operator.py for tasks to queue
[2025-05-03T08:23:10.966+0000] {logging_mixin.py:120} INFO - [2025-05-03T08:23:10.966+0000] {dagbag.py:537} INFO - Filling up the DagBag from /home/airflow/.local/lib/python3.7/site-packages/airflow/example_dags/example_branch_datetime_operator.py
[2025-05-03T08:23:10.975+0000] {processor.py:766} INFO - DAG(s) dict_keys(['example_branch_datetime_operator', 'example_branch_datetime_operator_3', 'example_branch_datetime_operator_2']) retrieved from /home/airflow/.local/lib/python3.7/site-packages/airflow/example_dags/example_branch_datetime_operator.py
[2025-05-03T08:23:11.002+0000] {logging_mixin.py:120} INFO - [2025-05-03T08:23:11.002+0000] {dag.py:2585} INFO - Sync 3 DAGs
[2025-05-03T08:23:11.014+0000] {logging_mixin.py:120} INFO - [2025-05-03T08:23:11.014+0000] {dag.py:3340} INFO - Setting next_dagrun for example_branch_datetime_operator to 2025-05-02T00:00:00+00:00, run_after=2025-05-03T00:00:00+00:00
[2025-05-03T08:23:11.017+0000] {logging_mixin.py:120} INFO - [2025-05-03T08:23:11.017+0000] {dag.py:3340} INFO - Setting next_dagrun for example_branch_datetime_operator_2 to 2025-05-02T00:00:00+00:00, run_after=2025-05-03T00:00:00+00:00
[2025-05-03T08:23:11.018+0000] {logging_mixin.py:120} INFO - [2025-05-03T08:23:11.018+0000] {dag.py:3340} INFO - Setting next_dagrun for example_branch_datetime_operator_3 to 2025-05-02T00:00:00+00:00, run_after=2025-05-03T00:00:00+00:00
[2025-05-03T08:23:11.026+0000] {processor.py:176} INFO - Processing /home/airflow/.local/lib/python3.7/site-packages/airflow/example_dags/example_branch_datetime_operator.py took 0.063 seconds
[2025-05-03T09:41:38.589+0000] {processor.py:154} INFO - Started process (PID=43483) to work on /home/airflow/.local/lib/python3.7/site-packages/airflow/example_dags/example_branch_datetime_operator.py
[2025-05-03T09:41:38.590+0000] {processor.py:756} INFO - Processing file /home/airflow/.local/lib/python3.7/site-packages/airflow/example_dags/example_branch_datetime_operator.py for tasks to queue
[2025-05-03T09:41:38.591+0000] {logging_mixin.py:120} INFO - [2025-05-03T09:41:38.591+0000] {dagbag.py:537} INFO - Filling up the DagBag from /home/airflow/.local/lib/python3.7/site-packages/airflow/example_dags/example_branch_datetime_operator.py
[2025-05-03T09:41:38.599+0000] {processor.py:766} INFO - DAG(s) dict_keys(['example_branch_datetime_operator', 'example_branch_datetime_operator_3', 'example_branch_datetime_operator_2']) retrieved from /home/airflow/.local/lib/python3.7/site-packages/airflow/example_dags/example_branch_datetime_operator.py
[2025-05-03T09:41:38.621+0000] {logging_mixin.py:120} INFO - [2025-05-03T09:41:38.621+0000] {dag.py:2585} INFO - Sync 3 DAGs
[2025-05-03T09:41:38.633+0000] {logging_mixin.py:120} INFO - [2025-05-03T09:41:38.632+0000] {dag.py:3340} INFO - Setting next_dagrun for example_branch_datetime_operator to 2025-05-02T00:00:00+00:00, run_after=2025-05-03T00:00:00+00:00
[2025-05-03T09:41:38.634+0000] {logging_mixin.py:120} INFO - [2025-05-03T09:41:38.634+0000] {dag.py:3340} INFO - Setting next_dagrun for example_branch_datetime_operator_2 to 2025-05-02T00:00:00+00:00, run_after=2025-05-03T00:00:00+00:00
[2025-05-03T09:41:38.635+0000] {logging_mixin.py:120} INFO - [2025-05-03T09:41:38.635+0000] {dag.py:3340} INFO - Setting next_dagrun for example_branch_datetime_operator_3 to 2025-05-02T00:00:00+00:00, run_after=2025-05-03T00:00:00+00:00
[2025-05-03T09:41:38.647+0000] {processor.py:176} INFO - Processing /home/airflow/.local/lib/python3.7/site-packages/airflow/example_dags/example_branch_datetime_operator.py took 0.060 seconds
[2025-05-03T10:58:28.092+0000] {processor.py:154} INFO - Started process (PID=43546) to work on /home/airflow/.local/lib/python3.7/site-packages/airflow/example_dags/example_branch_datetime_operator.py
[2025-05-03T10:58:28.094+0000] {processor.py:756} INFO - Processing file /home/airflow/.local/lib/python3.7/site-packages/airflow/example_dags/example_branch_datetime_operator.py for tasks to queue
[2025-05-03T10:58:28.095+0000] {logging_mixin.py:120} INFO - [2025-05-03T10:58:28.095+0000] {dagbag.py:537} INFO - Filling up the DagBag from /home/airflow/.local/lib/python3.7/site-packages/airflow/example_dags/example_branch_datetime_operator.py
[2025-05-03T10:58:28.104+0000] {processor.py:766} INFO - DAG(s) dict_keys(['example_branch_datetime_operator_2', 'example_branch_datetime_operator', 'example_branch_datetime_operator_3']) retrieved from /home/airflow/.local/lib/python3.7/site-packages/airflow/example_dags/example_branch_datetime_operator.py
[2025-05-03T10:58:28.126+0000] {logging_mixin.py:120} INFO - [2025-05-03T10:58:28.126+0000] {dag.py:2585} INFO - Sync 3 DAGs
[2025-05-03T10:58:28.139+0000] {logging_mixin.py:120} INFO - [2025-05-03T10:58:28.139+0000] {dag.py:3340} INFO - Setting next_dagrun for example_branch_datetime_operator to 2025-05-02T00:00:00+00:00, run_after=2025-05-03T00:00:00+00:00
[2025-05-03T10:58:28.141+0000] {logging_mixin.py:120} INFO - [2025-05-03T10:58:28.141+0000] {dag.py:3340} INFO - Setting next_dagrun for example_branch_datetime_operator_2 to 2025-05-02T00:00:00+00:00, run_after=2025-05-03T00:00:00+00:00
[2025-05-03T10:58:28.143+0000] {logging_mixin.py:120} INFO - [2025-05-03T10:58:28.142+0000] {dag.py:3340} INFO - Setting next_dagrun for example_branch_datetime_operator_3 to 2025-05-02T00:00:00+00:00, run_after=2025-05-03T00:00:00+00:00
[2025-05-03T10:58:28.155+0000] {processor.py:176} INFO - Processing /home/airflow/.local/lib/python3.7/site-packages/airflow/example_dags/example_branch_datetime_operator.py took 0.065 seconds
[2025-05-03T11:42:15.037+0000] {processor.py:154} INFO - Started process (PID=43609) to work on /home/airflow/.local/lib/python3.7/site-packages/airflow/example_dags/example_branch_datetime_operator.py
[2025-05-03T11:42:15.038+0000] {processor.py:756} INFO - Processing file /home/airflow/.local/lib/python3.7/site-packages/airflow/example_dags/example_branch_datetime_operator.py for tasks to queue
[2025-05-03T11:42:15.038+0000] {logging_mixin.py:120} INFO - [2025-05-03T11:42:15.038+0000] {dagbag.py:537} INFO - Filling up the DagBag from /home/airflow/.local/lib/python3.7/site-packages/airflow/example_dags/example_branch_datetime_operator.py
[2025-05-03T11:42:15.047+0000] {processor.py:766} INFO - DAG(s) dict_keys(['example_branch_datetime_operator_2', 'example_branch_datetime_operator', 'example_branch_datetime_operator_3']) retrieved from /home/airflow/.local/lib/python3.7/site-packages/airflow/example_dags/example_branch_datetime_operator.py
[2025-05-03T11:42:15.072+0000] {logging_mixin.py:120} INFO - [2025-05-03T11:42:15.072+0000] {dag.py:2585} INFO - Sync 3 DAGs
[2025-05-03T11:42:15.084+0000] {logging_mixin.py:120} INFO - [2025-05-03T11:42:15.084+0000] {dag.py:3340} INFO - Setting next_dagrun for example_branch_datetime_operator to 2025-05-02T00:00:00+00:00, run_after=2025-05-03T00:00:00+00:00
[2025-05-03T11:42:15.087+0000] {logging_mixin.py:120} INFO - [2025-05-03T11:42:15.087+0000] {dag.py:3340} INFO - Setting next_dagrun for example_branch_datetime_operator_2 to 2025-05-02T00:00:00+00:00, run_after=2025-05-03T00:00:00+00:00
[2025-05-03T11:42:15.088+0000] {logging_mixin.py:120} INFO - [2025-05-03T11:42:15.088+0000] {dag.py:3340} INFO - Setting next_dagrun for example_branch_datetime_operator_3 to 2025-05-02T00:00:00+00:00, run_after=2025-05-03T00:00:00+00:00
[2025-05-03T11:42:15.097+0000] {processor.py:176} INFO - Processing /home/airflow/.local/lib/python3.7/site-packages/airflow/example_dags/example_branch_datetime_operator.py took 0.063 seconds
[2025-05-03T12:59:20.389+0000] {processor.py:154} INFO - Started process (PID=43672) to work on /home/airflow/.local/lib/python3.7/site-packages/airflow/example_dags/example_branch_datetime_operator.py
[2025-05-03T12:59:20.391+0000] {processor.py:756} INFO - Processing file /home/airflow/.local/lib/python3.7/site-packages/airflow/example_dags/example_branch_datetime_operator.py for tasks to queue
[2025-05-03T12:59:20.392+0000] {logging_mixin.py:120} INFO - [2025-05-03T12:59:20.392+0000] {dagbag.py:537} INFO - Filling up the DagBag from /home/airflow/.local/lib/python3.7/site-packages/airflow/example_dags/example_branch_datetime_operator.py
[2025-05-03T12:59:20.402+0000] {processor.py:766} INFO - DAG(s) dict_keys(['example_branch_datetime_operator_3', 'example_branch_datetime_operator', 'example_branch_datetime_operator_2']) retrieved from /home/airflow/.local/lib/python3.7/site-packages/airflow/example_dags/example_branch_datetime_operator.py
[2025-05-03T12:59:20.424+0000] {logging_mixin.py:120} INFO - [2025-05-03T12:59:20.424+0000] {dag.py:2585} INFO - Sync 3 DAGs
[2025-05-03T12:59:20.436+0000] {logging_mixin.py:120} INFO - [2025-05-03T12:59:20.436+0000] {dag.py:3340} INFO - Setting next_dagrun for example_branch_datetime_operator to 2025-05-02T00:00:00+00:00, run_after=2025-05-03T00:00:00+00:00
[2025-05-03T12:59:20.438+0000] {logging_mixin.py:120} INFO - [2025-05-03T12:59:20.438+0000] {dag.py:3340} INFO - Setting next_dagrun for example_branch_datetime_operator_2 to 2025-05-02T00:00:00+00:00, run_after=2025-05-03T00:00:00+00:00
[2025-05-03T12:59:20.440+0000] {logging_mixin.py:120} INFO - [2025-05-03T12:59:20.439+0000] {dag.py:3340} INFO - Setting next_dagrun for example_branch_datetime_operator_3 to 2025-05-02T00:00:00+00:00, run_after=2025-05-03T00:00:00+00:00
[2025-05-03T12:59:20.448+0000] {processor.py:176} INFO - Processing /home/airflow/.local/lib/python3.7/site-packages/airflow/example_dags/example_branch_datetime_operator.py took 0.061 seconds
[2025-05-03T13:28:31.527+0000] {processor.py:154} INFO - Started process (PID=43735) to work on /home/airflow/.local/lib/python3.7/site-packages/airflow/example_dags/example_branch_datetime_operator.py
[2025-05-03T13:28:31.528+0000] {processor.py:756} INFO - Processing file /home/airflow/.local/lib/python3.7/site-packages/airflow/example_dags/example_branch_datetime_operator.py for tasks to queue
[2025-05-03T13:28:31.529+0000] {logging_mixin.py:120} INFO - [2025-05-03T13:28:31.529+0000] {dagbag.py:537} INFO - Filling up the DagBag from /home/airflow/.local/lib/python3.7/site-packages/airflow/example_dags/example_branch_datetime_operator.py
[2025-05-03T13:28:31.539+0000] {processor.py:766} INFO - DAG(s) dict_keys(['example_branch_datetime_operator', 'example_branch_datetime_operator_2', 'example_branch_datetime_operator_3']) retrieved from /home/airflow/.local/lib/python3.7/site-packages/airflow/example_dags/example_branch_datetime_operator.py
[2025-05-03T13:28:31.562+0000] {logging_mixin.py:120} INFO - [2025-05-03T13:28:31.562+0000] {dag.py:2585} INFO - Sync 3 DAGs
[2025-05-03T13:28:31.575+0000] {logging_mixin.py:120} INFO - [2025-05-03T13:28:31.575+0000] {dag.py:3340} INFO - Setting next_dagrun for example_branch_datetime_operator to 2025-05-02T00:00:00+00:00, run_after=2025-05-03T00:00:00+00:00
[2025-05-03T13:28:31.577+0000] {logging_mixin.py:120} INFO - [2025-05-03T13:28:31.577+0000] {dag.py:3340} INFO - Setting next_dagrun for example_branch_datetime_operator_2 to 2025-05-02T00:00:00+00:00, run_after=2025-05-03T00:00:00+00:00
[2025-05-03T13:28:31.578+0000] {logging_mixin.py:120} INFO - [2025-05-03T13:28:31.578+0000] {dag.py:3340} INFO - Setting next_dagrun for example_branch_datetime_operator_3 to 2025-05-02T00:00:00+00:00, run_after=2025-05-03T00:00:00+00:00
[2025-05-03T13:28:31.588+0000] {processor.py:176} INFO - Processing /home/airflow/.local/lib/python3.7/site-packages/airflow/example_dags/example_branch_datetime_operator.py took 0.062 seconds
[2025-05-03T13:29:08.392+0000] {processor.py:154} INFO - Started process (PID=43798) to work on /home/airflow/.local/lib/python3.7/site-packages/airflow/example_dags/example_branch_datetime_operator.py
[2025-05-03T13:29:08.393+0000] {processor.py:756} INFO - Processing file /home/airflow/.local/lib/python3.7/site-packages/airflow/example_dags/example_branch_datetime_operator.py for tasks to queue
[2025-05-03T13:29:08.393+0000] {logging_mixin.py:120} INFO - [2025-05-03T13:29:08.393+0000] {dagbag.py:537} INFO - Filling up the DagBag from /home/airflow/.local/lib/python3.7/site-packages/airflow/example_dags/example_branch_datetime_operator.py
[2025-05-03T13:29:08.404+0000] {processor.py:766} INFO - DAG(s) dict_keys(['example_branch_datetime_operator_2', 'example_branch_datetime_operator_3', 'example_branch_datetime_operator']) retrieved from /home/airflow/.local/lib/python3.7/site-packages/airflow/example_dags/example_branch_datetime_operator.py
[2025-05-03T13:29:08.429+0000] {logging_mixin.py:120} INFO - [2025-05-03T13:29:08.429+0000] {dag.py:2585} INFO - Sync 3 DAGs
[2025-05-03T13:29:08.443+0000] {logging_mixin.py:120} INFO - [2025-05-03T13:29:08.443+0000] {dag.py:3340} INFO - Setting next_dagrun for example_branch_datetime_operator to 2025-05-02T00:00:00+00:00, run_after=2025-05-03T00:00:00+00:00
[2025-05-03T13:29:08.445+0000] {logging_mixin.py:120} INFO - [2025-05-03T13:29:08.445+0000] {dag.py:3340} INFO - Setting next_dagrun for example_branch_datetime_operator_2 to 2025-05-02T00:00:00+00:00, run_after=2025-05-03T00:00:00+00:00
[2025-05-03T13:29:08.446+0000] {logging_mixin.py:120} INFO - [2025-05-03T13:29:08.446+0000] {dag.py:3340} INFO - Setting next_dagrun for example_branch_datetime_operator_3 to 2025-05-02T00:00:00+00:00, run_after=2025-05-03T00:00:00+00:00
[2025-05-03T13:29:08.454+0000] {processor.py:176} INFO - Processing /home/airflow/.local/lib/python3.7/site-packages/airflow/example_dags/example_branch_datetime_operator.py took 0.064 seconds
[2025-05-03T14:29:10.819+0000] {processor.py:154} INFO - Started process (PID=43859) to work on /home/airflow/.local/lib/python3.7/site-packages/airflow/example_dags/example_branch_datetime_operator.py
[2025-05-03T14:29:10.820+0000] {processor.py:756} INFO - Processing file /home/airflow/.local/lib/python3.7/site-packages/airflow/example_dags/example_branch_datetime_operator.py for tasks to queue
[2025-05-03T14:29:10.821+0000] {logging_mixin.py:120} INFO - [2025-05-03T14:29:10.821+0000] {dagbag.py:537} INFO - Filling up the DagBag from /home/airflow/.local/lib/python3.7/site-packages/airflow/example_dags/example_branch_datetime_operator.py
[2025-05-03T14:29:10.832+0000] {processor.py:766} INFO - DAG(s) dict_keys(['example_branch_datetime_operator_3', 'example_branch_datetime_operator_2', 'example_branch_datetime_operator']) retrieved from /home/airflow/.local/lib/python3.7/site-packages/airflow/example_dags/example_branch_datetime_operator.py
[2025-05-03T14:29:10.863+0000] {logging_mixin.py:120} INFO - [2025-05-03T14:29:10.862+0000] {dag.py:2585} INFO - Sync 3 DAGs
[2025-05-03T14:29:10.875+0000] {logging_mixin.py:120} INFO - [2025-05-03T14:29:10.875+0000] {dag.py:3340} INFO - Setting next_dagrun for example_branch_datetime_operator to 2025-05-02T00:00:00+00:00, run_after=2025-05-03T00:00:00+00:00
[2025-05-03T14:29:10.878+0000] {logging_mixin.py:120} INFO - [2025-05-03T14:29:10.878+0000] {dag.py:3340} INFO - Setting next_dagrun for example_branch_datetime_operator_2 to 2025-05-02T00:00:00+00:00, run_after=2025-05-03T00:00:00+00:00
[2025-05-03T14:29:10.879+0000] {logging_mixin.py:120} INFO - [2025-05-03T14:29:10.879+0000] {dag.py:3340} INFO - Setting next_dagrun for example_branch_datetime_operator_3 to 2025-05-02T00:00:00+00:00, run_after=2025-05-03T00:00:00+00:00
[2025-05-03T14:29:10.891+0000] {processor.py:176} INFO - Processing /home/airflow/.local/lib/python3.7/site-packages/airflow/example_dags/example_branch_datetime_operator.py took 0.074 seconds
[2025-05-03T15:07:53.936+0000] {processor.py:154} INFO - Started process (PID=43913) to work on /home/airflow/.local/lib/python3.7/site-packages/airflow/example_dags/example_branch_datetime_operator.py
[2025-05-03T15:07:53.937+0000] {processor.py:756} INFO - Processing file /home/airflow/.local/lib/python3.7/site-packages/airflow/example_dags/example_branch_datetime_operator.py for tasks to queue
[2025-05-03T15:07:53.938+0000] {logging_mixin.py:120} INFO - [2025-05-03T15:07:53.938+0000] {dagbag.py:537} INFO - Filling up the DagBag from /home/airflow/.local/lib/python3.7/site-packages/airflow/example_dags/example_branch_datetime_operator.py
[2025-05-03T15:07:53.947+0000] {processor.py:766} INFO - DAG(s) dict_keys(['example_branch_datetime_operator_2', 'example_branch_datetime_operator_3', 'example_branch_datetime_operator']) retrieved from /home/airflow/.local/lib/python3.7/site-packages/airflow/example_dags/example_branch_datetime_operator.py
[2025-05-03T15:07:53.969+0000] {logging_mixin.py:120} INFO - [2025-05-03T15:07:53.969+0000] {dag.py:2585} INFO - Sync 3 DAGs
[2025-05-03T15:07:53.983+0000] {logging_mixin.py:120} INFO - [2025-05-03T15:07:53.982+0000] {dag.py:3340} INFO - Setting next_dagrun for example_branch_datetime_operator to 2025-05-02T00:00:00+00:00, run_after=2025-05-03T00:00:00+00:00
[2025-05-03T15:07:53.985+0000] {logging_mixin.py:120} INFO - [2025-05-03T15:07:53.985+0000] {dag.py:3340} INFO - Setting next_dagrun for example_branch_datetime_operator_2 to 2025-05-02T00:00:00+00:00, run_after=2025-05-03T00:00:00+00:00
[2025-05-03T15:07:53.986+0000] {logging_mixin.py:120} INFO - [2025-05-03T15:07:53.986+0000] {dag.py:3340} INFO - Setting next_dagrun for example_branch_datetime_operator_3 to 2025-05-02T00:00:00+00:00, run_after=2025-05-03T00:00:00+00:00
[2025-05-03T15:07:53.994+0000] {processor.py:176} INFO - Processing /home/airflow/.local/lib/python3.7/site-packages/airflow/example_dags/example_branch_datetime_operator.py took 0.060 seconds
[2025-05-03T16:21:03.290+0000] {processor.py:154} INFO - Started process (PID=43976) to work on /home/airflow/.local/lib/python3.7/site-packages/airflow/example_dags/example_branch_datetime_operator.py
[2025-05-03T16:21:03.290+0000] {processor.py:756} INFO - Processing file /home/airflow/.local/lib/python3.7/site-packages/airflow/example_dags/example_branch_datetime_operator.py for tasks to queue
[2025-05-03T16:21:03.291+0000] {logging_mixin.py:120} INFO - [2025-05-03T16:21:03.290+0000] {dagbag.py:537} INFO - Filling up the DagBag from /home/airflow/.local/lib/python3.7/site-packages/airflow/example_dags/example_branch_datetime_operator.py
[2025-05-03T16:21:03.299+0000] {processor.py:766} INFO - DAG(s) dict_keys(['example_branch_datetime_operator_3', 'example_branch_datetime_operator_2', 'example_branch_datetime_operator']) retrieved from /home/airflow/.local/lib/python3.7/site-packages/airflow/example_dags/example_branch_datetime_operator.py
[2025-05-03T16:21:03.323+0000] {logging_mixin.py:120} INFO - [2025-05-03T16:21:03.323+0000] {dag.py:2585} INFO - Sync 3 DAGs
[2025-05-03T16:21:03.336+0000] {logging_mixin.py:120} INFO - [2025-05-03T16:21:03.336+0000] {dag.py:3340} INFO - Setting next_dagrun for example_branch_datetime_operator to 2025-05-02T00:00:00+00:00, run_after=2025-05-03T00:00:00+00:00
[2025-05-03T16:21:03.340+0000] {logging_mixin.py:120} INFO - [2025-05-03T16:21:03.340+0000] {dag.py:3340} INFO - Setting next_dagrun for example_branch_datetime_operator_2 to 2025-05-02T00:00:00+00:00, run_after=2025-05-03T00:00:00+00:00
[2025-05-03T16:21:03.342+0000] {logging_mixin.py:120} INFO - [2025-05-03T16:21:03.341+0000] {dag.py:3340} INFO - Setting next_dagrun for example_branch_datetime_operator_3 to 2025-05-02T00:00:00+00:00, run_after=2025-05-03T00:00:00+00:00
[2025-05-03T16:21:03.349+0000] {processor.py:176} INFO - Processing /home/airflow/.local/lib/python3.7/site-packages/airflow/example_dags/example_branch_datetime_operator.py took 0.062 seconds
[2025-05-03T16:48:05.646+0000] {processor.py:154} INFO - Started process (PID=44038) to work on /home/airflow/.local/lib/python3.7/site-packages/airflow/example_dags/example_branch_datetime_operator.py
[2025-05-03T16:48:05.646+0000] {processor.py:756} INFO - Processing file /home/airflow/.local/lib/python3.7/site-packages/airflow/example_dags/example_branch_datetime_operator.py for tasks to queue
[2025-05-03T16:48:05.647+0000] {logging_mixin.py:120} INFO - [2025-05-03T16:48:05.647+0000] {dagbag.py:537} INFO - Filling up the DagBag from /home/airflow/.local/lib/python3.7/site-packages/airflow/example_dags/example_branch_datetime_operator.py
[2025-05-03T16:48:05.656+0000] {processor.py:766} INFO - DAG(s) dict_keys(['example_branch_datetime_operator', 'example_branch_datetime_operator_2', 'example_branch_datetime_operator_3']) retrieved from /home/airflow/.local/lib/python3.7/site-packages/airflow/example_dags/example_branch_datetime_operator.py
[2025-05-03T16:48:05.678+0000] {logging_mixin.py:120} INFO - [2025-05-03T16:48:05.678+0000] {dag.py:2585} INFO - Sync 3 DAGs
[2025-05-03T16:48:05.691+0000] {logging_mixin.py:120} INFO - [2025-05-03T16:48:05.691+0000] {dag.py:3340} INFO - Setting next_dagrun for example_branch_datetime_operator to 2025-05-02T00:00:00+00:00, run_after=2025-05-03T00:00:00+00:00
[2025-05-03T16:48:05.696+0000] {logging_mixin.py:120} INFO - [2025-05-03T16:48:05.696+0000] {dag.py:3340} INFO - Setting next_dagrun for example_branch_datetime_operator_2 to 2025-05-02T00:00:00+00:00, run_after=2025-05-03T00:00:00+00:00
[2025-05-03T16:48:05.697+0000] {logging_mixin.py:120} INFO - [2025-05-03T16:48:05.697+0000] {dag.py:3340} INFO - Setting next_dagrun for example_branch_datetime_operator_3 to 2025-05-02T00:00:00+00:00, run_after=2025-05-03T00:00:00+00:00
[2025-05-03T16:48:05.705+0000] {processor.py:176} INFO - Processing /home/airflow/.local/lib/python3.7/site-packages/airflow/example_dags/example_branch_datetime_operator.py took 0.061 seconds
[2025-05-03T18:05:54.147+0000] {processor.py:154} INFO - Started process (PID=44101) to work on /home/airflow/.local/lib/python3.7/site-packages/airflow/example_dags/example_branch_datetime_operator.py
[2025-05-03T18:05:54.148+0000] {processor.py:756} INFO - Processing file /home/airflow/.local/lib/python3.7/site-packages/airflow/example_dags/example_branch_datetime_operator.py for tasks to queue
[2025-05-03T18:05:54.149+0000] {logging_mixin.py:120} INFO - [2025-05-03T18:05:54.149+0000] {dagbag.py:537} INFO - Filling up the DagBag from /home/airflow/.local/lib/python3.7/site-packages/airflow/example_dags/example_branch_datetime_operator.py
[2025-05-03T18:05:54.160+0000] {processor.py:766} INFO - DAG(s) dict_keys(['example_branch_datetime_operator', 'example_branch_datetime_operator_2', 'example_branch_datetime_operator_3']) retrieved from /home/airflow/.local/lib/python3.7/site-packages/airflow/example_dags/example_branch_datetime_operator.py
[2025-05-03T18:05:54.182+0000] {logging_mixin.py:120} INFO - [2025-05-03T18:05:54.182+0000] {dag.py:2585} INFO - Sync 3 DAGs
[2025-05-03T18:05:54.194+0000] {logging_mixin.py:120} INFO - [2025-05-03T18:05:54.194+0000] {dag.py:3340} INFO - Setting next_dagrun for example_branch_datetime_operator to 2025-05-02T00:00:00+00:00, run_after=2025-05-03T00:00:00+00:00
[2025-05-03T18:05:54.197+0000] {logging_mixin.py:120} INFO - [2025-05-03T18:05:54.197+0000] {dag.py:3340} INFO - Setting next_dagrun for example_branch_datetime_operator_2 to 2025-05-02T00:00:00+00:00, run_after=2025-05-03T00:00:00+00:00
[2025-05-03T18:05:54.198+0000] {logging_mixin.py:120} INFO - [2025-05-03T18:05:54.198+0000] {dag.py:3340} INFO - Setting next_dagrun for example_branch_datetime_operator_3 to 2025-05-02T00:00:00+00:00, run_after=2025-05-03T00:00:00+00:00
[2025-05-03T18:05:54.206+0000] {processor.py:176} INFO - Processing /home/airflow/.local/lib/python3.7/site-packages/airflow/example_dags/example_branch_datetime_operator.py took 0.060 seconds
[2025-05-03T19:25:57.650+0000] {processor.py:154} INFO - Started process (PID=44164) to work on /home/airflow/.local/lib/python3.7/site-packages/airflow/example_dags/example_branch_datetime_operator.py
[2025-05-03T19:25:57.651+0000] {processor.py:756} INFO - Processing file /home/airflow/.local/lib/python3.7/site-packages/airflow/example_dags/example_branch_datetime_operator.py for tasks to queue
[2025-05-03T19:25:57.651+0000] {logging_mixin.py:120} INFO - [2025-05-03T19:25:57.651+0000] {dagbag.py:537} INFO - Filling up the DagBag from /home/airflow/.local/lib/python3.7/site-packages/airflow/example_dags/example_branch_datetime_operator.py
[2025-05-03T19:25:57.662+0000] {processor.py:766} INFO - DAG(s) dict_keys(['example_branch_datetime_operator', 'example_branch_datetime_operator_3', 'example_branch_datetime_operator_2']) retrieved from /home/airflow/.local/lib/python3.7/site-packages/airflow/example_dags/example_branch_datetime_operator.py
[2025-05-03T19:25:57.686+0000] {logging_mixin.py:120} INFO - [2025-05-03T19:25:57.686+0000] {dag.py:2585} INFO - Sync 3 DAGs
[2025-05-03T19:25:57.699+0000] {logging_mixin.py:120} INFO - [2025-05-03T19:25:57.699+0000] {dag.py:3340} INFO - Setting next_dagrun for example_branch_datetime_operator to 2025-05-02T00:00:00+00:00, run_after=2025-05-03T00:00:00+00:00
[2025-05-03T19:25:57.701+0000] {logging_mixin.py:120} INFO - [2025-05-03T19:25:57.701+0000] {dag.py:3340} INFO - Setting next_dagrun for example_branch_datetime_operator_2 to 2025-05-02T00:00:00+00:00, run_after=2025-05-03T00:00:00+00:00
[2025-05-03T19:25:57.702+0000] {logging_mixin.py:120} INFO - [2025-05-03T19:25:57.702+0000] {dag.py:3340} INFO - Setting next_dagrun for example_branch_datetime_operator_3 to 2025-05-02T00:00:00+00:00, run_after=2025-05-03T00:00:00+00:00
[2025-05-03T19:25:57.711+0000] {processor.py:176} INFO - Processing /home/airflow/.local/lib/python3.7/site-packages/airflow/example_dags/example_branch_datetime_operator.py took 0.064 seconds
[2025-05-03T20:07:05.127+0000] {processor.py:154} INFO - Started process (PID=44226) to work on /home/airflow/.local/lib/python3.7/site-packages/airflow/example_dags/example_branch_datetime_operator.py
[2025-05-03T20:07:05.128+0000] {processor.py:756} INFO - Processing file /home/airflow/.local/lib/python3.7/site-packages/airflow/example_dags/example_branch_datetime_operator.py for tasks to queue
[2025-05-03T20:07:05.128+0000] {logging_mixin.py:120} INFO - [2025-05-03T20:07:05.128+0000] {dagbag.py:537} INFO - Filling up the DagBag from /home/airflow/.local/lib/python3.7/site-packages/airflow/example_dags/example_branch_datetime_operator.py
[2025-05-03T20:07:05.138+0000] {processor.py:766} INFO - DAG(s) dict_keys(['example_branch_datetime_operator', 'example_branch_datetime_operator_3', 'example_branch_datetime_operator_2']) retrieved from /home/airflow/.local/lib/python3.7/site-packages/airflow/example_dags/example_branch_datetime_operator.py
[2025-05-03T20:07:05.165+0000] {logging_mixin.py:120} INFO - [2025-05-03T20:07:05.165+0000] {dag.py:2585} INFO - Sync 3 DAGs
[2025-05-03T20:07:05.177+0000] {logging_mixin.py:120} INFO - [2025-05-03T20:07:05.177+0000] {dag.py:3340} INFO - Setting next_dagrun for example_branch_datetime_operator to 2025-05-02T00:00:00+00:00, run_after=2025-05-03T00:00:00+00:00
[2025-05-03T20:07:05.179+0000] {logging_mixin.py:120} INFO - [2025-05-03T20:07:05.179+0000] {dag.py:3340} INFO - Setting next_dagrun for example_branch_datetime_operator_2 to 2025-05-02T00:00:00+00:00, run_after=2025-05-03T00:00:00+00:00
[2025-05-03T20:07:05.180+0000] {logging_mixin.py:120} INFO - [2025-05-03T20:07:05.180+0000] {dag.py:3340} INFO - Setting next_dagrun for example_branch_datetime_operator_3 to 2025-05-02T00:00:00+00:00, run_after=2025-05-03T00:00:00+00:00
[2025-05-03T20:07:05.187+0000] {processor.py:176} INFO - Processing /home/airflow/.local/lib/python3.7/site-packages/airflow/example_dags/example_branch_datetime_operator.py took 0.061 seconds
[2025-05-03T21:36:13.509+0000] {processor.py:154} INFO - Started process (PID=44280) to work on /home/airflow/.local/lib/python3.7/site-packages/airflow/example_dags/example_branch_datetime_operator.py
[2025-05-03T21:36:13.509+0000] {processor.py:756} INFO - Processing file /home/airflow/.local/lib/python3.7/site-packages/airflow/example_dags/example_branch_datetime_operator.py for tasks to queue
[2025-05-03T21:36:13.510+0000] {logging_mixin.py:120} INFO - [2025-05-03T21:36:13.510+0000] {dagbag.py:537} INFO - Filling up the DagBag from /home/airflow/.local/lib/python3.7/site-packages/airflow/example_dags/example_branch_datetime_operator.py
[2025-05-03T21:36:13.518+0000] {processor.py:766} INFO - DAG(s) dict_keys(['example_branch_datetime_operator_2', 'example_branch_datetime_operator', 'example_branch_datetime_operator_3']) retrieved from /home/airflow/.local/lib/python3.7/site-packages/airflow/example_dags/example_branch_datetime_operator.py
[2025-05-03T21:36:13.542+0000] {logging_mixin.py:120} INFO - [2025-05-03T21:36:13.542+0000] {dag.py:2585} INFO - Sync 3 DAGs
[2025-05-03T21:36:13.556+0000] {logging_mixin.py:120} INFO - [2025-05-03T21:36:13.556+0000] {dag.py:3340} INFO - Setting next_dagrun for example_branch_datetime_operator to 2025-05-02T00:00:00+00:00, run_after=2025-05-03T00:00:00+00:00
[2025-05-03T21:36:13.562+0000] {logging_mixin.py:120} INFO - [2025-05-03T21:36:13.562+0000] {dag.py:3340} INFO - Setting next_dagrun for example_branch_datetime_operator_2 to 2025-05-02T00:00:00+00:00, run_after=2025-05-03T00:00:00+00:00
[2025-05-03T21:36:13.565+0000] {logging_mixin.py:120} INFO - [2025-05-03T21:36:13.565+0000] {dag.py:3340} INFO - Setting next_dagrun for example_branch_datetime_operator_3 to 2025-05-02T00:00:00+00:00, run_after=2025-05-03T00:00:00+00:00
[2025-05-03T21:36:13.578+0000] {processor.py:176} INFO - Processing /home/airflow/.local/lib/python3.7/site-packages/airflow/example_dags/example_branch_datetime_operator.py took 0.072 seconds
[2025-05-03T22:19:52.481+0000] {processor.py:154} INFO - Started process (PID=44343) to work on /home/airflow/.local/lib/python3.7/site-packages/airflow/example_dags/example_branch_datetime_operator.py
[2025-05-03T22:19:52.482+0000] {processor.py:756} INFO - Processing file /home/airflow/.local/lib/python3.7/site-packages/airflow/example_dags/example_branch_datetime_operator.py for tasks to queue
[2025-05-03T22:19:52.482+0000] {logging_mixin.py:120} INFO - [2025-05-03T22:19:52.482+0000] {dagbag.py:537} INFO - Filling up the DagBag from /home/airflow/.local/lib/python3.7/site-packages/airflow/example_dags/example_branch_datetime_operator.py
[2025-05-03T22:19:52.490+0000] {processor.py:766} INFO - DAG(s) dict_keys(['example_branch_datetime_operator_3', 'example_branch_datetime_operator', 'example_branch_datetime_operator_2']) retrieved from /home/airflow/.local/lib/python3.7/site-packages/airflow/example_dags/example_branch_datetime_operator.py
[2025-05-03T22:19:52.512+0000] {logging_mixin.py:120} INFO - [2025-05-03T22:19:52.512+0000] {dag.py:2585} INFO - Sync 3 DAGs
[2025-05-03T22:19:52.526+0000] {logging_mixin.py:120} INFO - [2025-05-03T22:19:52.525+0000] {dag.py:3340} INFO - Setting next_dagrun for example_branch_datetime_operator to 2025-05-02T00:00:00+00:00, run_after=2025-05-03T00:00:00+00:00
[2025-05-03T22:19:52.529+0000] {logging_mixin.py:120} INFO - [2025-05-03T22:19:52.529+0000] {dag.py:3340} INFO - Setting next_dagrun for example_branch_datetime_operator_2 to 2025-05-02T00:00:00+00:00, run_after=2025-05-03T00:00:00+00:00
[2025-05-03T22:19:52.531+0000] {logging_mixin.py:120} INFO - [2025-05-03T22:19:52.531+0000] {dag.py:3340} INFO - Setting next_dagrun for example_branch_datetime_operator_3 to 2025-05-02T00:00:00+00:00, run_after=2025-05-03T00:00:00+00:00
[2025-05-03T22:19:52.553+0000] {processor.py:176} INFO - Processing /home/airflow/.local/lib/python3.7/site-packages/airflow/example_dags/example_branch_datetime_operator.py took 0.074 seconds
[2025-05-03T23:04:45.618+0000] {processor.py:154} INFO - Started process (PID=44406) to work on /home/airflow/.local/lib/python3.7/site-packages/airflow/example_dags/example_branch_datetime_operator.py
[2025-05-03T23:04:45.619+0000] {processor.py:756} INFO - Processing file /home/airflow/.local/lib/python3.7/site-packages/airflow/example_dags/example_branch_datetime_operator.py for tasks to queue
[2025-05-03T23:04:45.619+0000] {logging_mixin.py:120} INFO - [2025-05-03T23:04:45.619+0000] {dagbag.py:537} INFO - Filling up the DagBag from /home/airflow/.local/lib/python3.7/site-packages/airflow/example_dags/example_branch_datetime_operator.py
[2025-05-03T23:04:45.628+0000] {processor.py:766} INFO - DAG(s) dict_keys(['example_branch_datetime_operator', 'example_branch_datetime_operator_3', 'example_branch_datetime_operator_2']) retrieved from /home/airflow/.local/lib/python3.7/site-packages/airflow/example_dags/example_branch_datetime_operator.py
[2025-05-03T23:04:45.651+0000] {logging_mixin.py:120} INFO - [2025-05-03T23:04:45.650+0000] {dag.py:2585} INFO - Sync 3 DAGs
[2025-05-03T23:04:45.664+0000] {logging_mixin.py:120} INFO - [2025-05-03T23:04:45.664+0000] {dag.py:3340} INFO - Setting next_dagrun for example_branch_datetime_operator to 2025-05-02T00:00:00+00:00, run_after=2025-05-03T00:00:00+00:00
[2025-05-03T23:04:45.666+0000] {logging_mixin.py:120} INFO - [2025-05-03T23:04:45.666+0000] {dag.py:3340} INFO - Setting next_dagrun for example_branch_datetime_operator_2 to 2025-05-02T00:00:00+00:00, run_after=2025-05-03T00:00:00+00:00
[2025-05-03T23:04:45.667+0000] {logging_mixin.py:120} INFO - [2025-05-03T23:04:45.667+0000] {dag.py:3340} INFO - Setting next_dagrun for example_branch_datetime_operator_3 to 2025-05-02T00:00:00+00:00, run_after=2025-05-03T00:00:00+00:00
[2025-05-03T23:04:45.675+0000] {processor.py:176} INFO - Processing /home/airflow/.local/lib/python3.7/site-packages/airflow/example_dags/example_branch_datetime_operator.py took 0.059 seconds
[2025-05-03T23:22:07.875+0000] {processor.py:154} INFO - Started process (PID=44468) to work on /home/airflow/.local/lib/python3.7/site-packages/airflow/example_dags/example_branch_datetime_operator.py
[2025-05-03T23:22:07.875+0000] {processor.py:756} INFO - Processing file /home/airflow/.local/lib/python3.7/site-packages/airflow/example_dags/example_branch_datetime_operator.py for tasks to queue
[2025-05-03T23:22:07.876+0000] {logging_mixin.py:120} INFO - [2025-05-03T23:22:07.876+0000] {dagbag.py:537} INFO - Filling up the DagBag from /home/airflow/.local/lib/python3.7/site-packages/airflow/example_dags/example_branch_datetime_operator.py
[2025-05-03T23:22:07.885+0000] {processor.py:766} INFO - DAG(s) dict_keys(['example_branch_datetime_operator', 'example_branch_datetime_operator_3', 'example_branch_datetime_operator_2']) retrieved from /home/airflow/.local/lib/python3.7/site-packages/airflow/example_dags/example_branch_datetime_operator.py
[2025-05-03T23:22:07.909+0000] {logging_mixin.py:120} INFO - [2025-05-03T23:22:07.909+0000] {dag.py:2585} INFO - Sync 3 DAGs
[2025-05-03T23:22:07.921+0000] {logging_mixin.py:120} INFO - [2025-05-03T23:22:07.921+0000] {dag.py:3340} INFO - Setting next_dagrun for example_branch_datetime_operator to 2025-05-02T00:00:00+00:00, run_after=2025-05-03T00:00:00+00:00
[2025-05-03T23:22:07.923+0000] {logging_mixin.py:120} INFO - [2025-05-03T23:22:07.923+0000] {dag.py:3340} INFO - Setting next_dagrun for example_branch_datetime_operator_2 to 2025-05-02T00:00:00+00:00, run_after=2025-05-03T00:00:00+00:00
[2025-05-03T23:22:07.925+0000] {logging_mixin.py:120} INFO - [2025-05-03T23:22:07.925+0000] {dag.py:3340} INFO - Setting next_dagrun for example_branch_datetime_operator_3 to 2025-05-02T00:00:00+00:00, run_after=2025-05-03T00:00:00+00:00
[2025-05-03T23:22:07.933+0000] {processor.py:176} INFO - Processing /home/airflow/.local/lib/python3.7/site-packages/airflow/example_dags/example_branch_datetime_operator.py took 0.060 seconds
[2025-05-03T23:38:29.059+0000] {processor.py:154} INFO - Started process (PID=44531) to work on /home/airflow/.local/lib/python3.7/site-packages/airflow/example_dags/example_branch_datetime_operator.py
[2025-05-03T23:38:29.061+0000] {processor.py:756} INFO - Processing file /home/airflow/.local/lib/python3.7/site-packages/airflow/example_dags/example_branch_datetime_operator.py for tasks to queue
[2025-05-03T23:38:29.062+0000] {logging_mixin.py:120} INFO - [2025-05-03T23:38:29.062+0000] {dagbag.py:537} INFO - Filling up the DagBag from /home/airflow/.local/lib/python3.7/site-packages/airflow/example_dags/example_branch_datetime_operator.py
[2025-05-03T23:38:29.070+0000] {processor.py:766} INFO - DAG(s) dict_keys(['example_branch_datetime_operator_2', 'example_branch_datetime_operator', 'example_branch_datetime_operator_3']) retrieved from /home/airflow/.local/lib/python3.7/site-packages/airflow/example_dags/example_branch_datetime_operator.py
[2025-05-03T23:38:29.089+0000] {logging_mixin.py:120} INFO - [2025-05-03T23:38:29.089+0000] {dag.py:2585} INFO - Sync 3 DAGs
[2025-05-03T23:38:29.101+0000] {logging_mixin.py:120} INFO - [2025-05-03T23:38:29.101+0000] {dag.py:3340} INFO - Setting next_dagrun for example_branch_datetime_operator to 2025-05-02T00:00:00+00:00, run_after=2025-05-03T00:00:00+00:00
[2025-05-03T23:38:29.103+0000] {logging_mixin.py:120} INFO - [2025-05-03T23:38:29.102+0000] {dag.py:3340} INFO - Setting next_dagrun for example_branch_datetime_operator_2 to 2025-05-02T00:00:00+00:00, run_after=2025-05-03T00:00:00+00:00
[2025-05-03T23:38:29.103+0000] {logging_mixin.py:120} INFO - [2025-05-03T23:38:29.103+0000] {dag.py:3340} INFO - Setting next_dagrun for example_branch_datetime_operator_3 to 2025-05-02T00:00:00+00:00, run_after=2025-05-03T00:00:00+00:00
[2025-05-03T23:38:29.110+0000] {processor.py:176} INFO - Processing /home/airflow/.local/lib/python3.7/site-packages/airflow/example_dags/example_branch_datetime_operator.py took 0.053 seconds
[2025-05-03T23:56:24.784+0000] {processor.py:154} INFO - Started process (PID=44594) to work on /home/airflow/.local/lib/python3.7/site-packages/airflow/example_dags/example_branch_datetime_operator.py
[2025-05-03T23:56:24.785+0000] {processor.py:756} INFO - Processing file /home/airflow/.local/lib/python3.7/site-packages/airflow/example_dags/example_branch_datetime_operator.py for tasks to queue
[2025-05-03T23:56:24.785+0000] {logging_mixin.py:120} INFO - [2025-05-03T23:56:24.785+0000] {dagbag.py:537} INFO - Filling up the DagBag from /home/airflow/.local/lib/python3.7/site-packages/airflow/example_dags/example_branch_datetime_operator.py
[2025-05-03T23:56:24.793+0000] {processor.py:766} INFO - DAG(s) dict_keys(['example_branch_datetime_operator', 'example_branch_datetime_operator_2', 'example_branch_datetime_operator_3']) retrieved from /home/airflow/.local/lib/python3.7/site-packages/airflow/example_dags/example_branch_datetime_operator.py
[2025-05-03T23:56:24.815+0000] {logging_mixin.py:120} INFO - [2025-05-03T23:56:24.815+0000] {dag.py:2585} INFO - Sync 3 DAGs
[2025-05-03T23:56:24.827+0000] {logging_mixin.py:120} INFO - [2025-05-03T23:56:24.827+0000] {dag.py:3340} INFO - Setting next_dagrun for example_branch_datetime_operator to 2025-05-02T00:00:00+00:00, run_after=2025-05-03T00:00:00+00:00
[2025-05-03T23:56:24.835+0000] {logging_mixin.py:120} INFO - [2025-05-03T23:56:24.835+0000] {dag.py:3340} INFO - Setting next_dagrun for example_branch_datetime_operator_2 to 2025-05-02T00:00:00+00:00, run_after=2025-05-03T00:00:00+00:00
[2025-05-03T23:56:24.838+0000] {logging_mixin.py:120} INFO - [2025-05-03T23:56:24.838+0000] {dag.py:3340} INFO - Setting next_dagrun for example_branch_datetime_operator_3 to 2025-05-02T00:00:00+00:00, run_after=2025-05-03T00:00:00+00:00
[2025-05-03T23:56:24.847+0000] {processor.py:176} INFO - Processing /home/airflow/.local/lib/python3.7/site-packages/airflow/example_dags/example_branch_datetime_operator.py took 0.064 seconds
