[2025-05-03T00:29:31.821+0000] {processor.py:154} INFO - Started process (PID=42635) to work on /home/airflow/.local/lib/python3.7/site-packages/airflow/example_dags/example_xcomargs.py
[2025-05-03T00:29:31.822+0000] {processor.py:756} INFO - Processing file /home/airflow/.local/lib/python3.7/site-packages/airflow/example_dags/example_xcomargs.py for tasks to queue
[2025-05-03T00:29:31.822+0000] {logging_mixin.py:120} INFO - [2025-05-03T00:29:31.822+0000] {dagbag.py:537} INFO - Filling up the DagBag from /home/airflow/.local/lib/python3.7/site-packages/airflow/example_dags/example_xcomargs.py
[2025-05-03T00:29:31.833+0000] {processor.py:766} INFO - DAG(s) dict_keys(['example_xcom_args', 'example_xcom_args_with_operators']) retrieved from /home/airflow/.local/lib/python3.7/site-packages/airflow/example_dags/example_xcomargs.py
[2025-05-03T00:29:31.854+0000] {logging_mixin.py:120} INFO - [2025-05-03T00:29:31.854+0000] {dag.py:2585} INFO - Sync 2 DAGs
[2025-05-03T00:29:31.866+0000] {logging_mixin.py:120} INFO - [2025-05-03T00:29:31.866+0000] {dag.py:3340} INFO - Setting next_dagrun for example_xcom_args to None, run_after=None
[2025-05-03T00:29:31.867+0000] {logging_mixin.py:120} INFO - [2025-05-03T00:29:31.867+0000] {dag.py:3340} INFO - Setting next_dagrun for example_xcom_args_with_operators to None, run_after=None
[2025-05-03T00:29:31.880+0000] {processor.py:176} INFO - Processing /home/airflow/.local/lib/python3.7/site-packages/airflow/example_dags/example_xcomargs.py took 0.060 seconds
[2025-05-03T00:52:40.170+0000] {processor.py:154} INFO - Started process (PID=42689) to work on /home/airflow/.local/lib/python3.7/site-packages/airflow/example_dags/example_xcomargs.py
[2025-05-03T00:52:40.173+0000] {processor.py:756} INFO - Processing file /home/airflow/.local/lib/python3.7/site-packages/airflow/example_dags/example_xcomargs.py for tasks to queue
[2025-05-03T00:52:40.174+0000] {logging_mixin.py:120} INFO - [2025-05-03T00:52:40.174+0000] {dagbag.py:537} INFO - Filling up the DagBag from /home/airflow/.local/lib/python3.7/site-packages/airflow/example_dags/example_xcomargs.py
[2025-05-03T00:52:40.188+0000] {processor.py:766} INFO - DAG(s) dict_keys(['example_xcom_args', 'example_xcom_args_with_operators']) retrieved from /home/airflow/.local/lib/python3.7/site-packages/airflow/example_dags/example_xcomargs.py
[2025-05-03T00:52:40.211+0000] {logging_mixin.py:120} INFO - [2025-05-03T00:52:40.211+0000] {dag.py:2585} INFO - Sync 2 DAGs
[2025-05-03T00:52:40.223+0000] {logging_mixin.py:120} INFO - [2025-05-03T00:52:40.223+0000] {dag.py:3340} INFO - Setting next_dagrun for example_xcom_args to None, run_after=None
[2025-05-03T00:52:40.225+0000] {logging_mixin.py:120} INFO - [2025-05-03T00:52:40.225+0000] {dag.py:3340} INFO - Setting next_dagrun for example_xcom_args_with_operators to None, run_after=None
[2025-05-03T00:52:40.237+0000] {processor.py:176} INFO - Processing /home/airflow/.local/lib/python3.7/site-packages/airflow/example_dags/example_xcomargs.py took 0.069 seconds
[2025-05-03T01:16:08.534+0000] {processor.py:154} INFO - Started process (PID=42752) to work on /home/airflow/.local/lib/python3.7/site-packages/airflow/example_dags/example_xcomargs.py
[2025-05-03T01:16:08.539+0000] {processor.py:756} INFO - Processing file /home/airflow/.local/lib/python3.7/site-packages/airflow/example_dags/example_xcomargs.py for tasks to queue
[2025-05-03T01:16:08.539+0000] {logging_mixin.py:120} INFO - [2025-05-03T01:16:08.539+0000] {dagbag.py:537} INFO - Filling up the DagBag from /home/airflow/.local/lib/python3.7/site-packages/airflow/example_dags/example_xcomargs.py
[2025-05-03T01:16:08.550+0000] {processor.py:766} INFO - DAG(s) dict_keys(['example_xcom_args_with_operators', 'example_xcom_args']) retrieved from /home/airflow/.local/lib/python3.7/site-packages/airflow/example_dags/example_xcomargs.py
[2025-05-03T01:16:08.572+0000] {logging_mixin.py:120} INFO - [2025-05-03T01:16:08.572+0000] {dag.py:2585} INFO - Sync 2 DAGs
[2025-05-03T01:16:08.583+0000] {logging_mixin.py:120} INFO - [2025-05-03T01:16:08.583+0000] {dag.py:3340} INFO - Setting next_dagrun for example_xcom_args to None, run_after=None
[2025-05-03T01:16:08.586+0000] {logging_mixin.py:120} INFO - [2025-05-03T01:16:08.585+0000] {dag.py:3340} INFO - Setting next_dagrun for example_xcom_args_with_operators to None, run_after=None
[2025-05-03T01:16:08.595+0000] {processor.py:176} INFO - Processing /home/airflow/.local/lib/python3.7/site-packages/airflow/example_dags/example_xcomargs.py took 0.062 seconds
[2025-05-03T01:19:53.093+0000] {processor.py:154} INFO - Started process (PID=42814) to work on /home/airflow/.local/lib/python3.7/site-packages/airflow/example_dags/example_xcomargs.py
[2025-05-03T01:19:53.093+0000] {processor.py:756} INFO - Processing file /home/airflow/.local/lib/python3.7/site-packages/airflow/example_dags/example_xcomargs.py for tasks to queue
[2025-05-03T01:19:53.094+0000] {logging_mixin.py:120} INFO - [2025-05-03T01:19:53.094+0000] {dagbag.py:537} INFO - Filling up the DagBag from /home/airflow/.local/lib/python3.7/site-packages/airflow/example_dags/example_xcomargs.py
[2025-05-03T01:19:53.110+0000] {processor.py:766} INFO - DAG(s) dict_keys(['example_xcom_args', 'example_xcom_args_with_operators']) retrieved from /home/airflow/.local/lib/python3.7/site-packages/airflow/example_dags/example_xcomargs.py
[2025-05-03T01:19:53.136+0000] {logging_mixin.py:120} INFO - [2025-05-03T01:19:53.135+0000] {dag.py:2585} INFO - Sync 2 DAGs
[2025-05-03T01:19:53.149+0000] {logging_mixin.py:120} INFO - [2025-05-03T01:19:53.149+0000] {dag.py:3340} INFO - Setting next_dagrun for example_xcom_args to None, run_after=None
[2025-05-03T01:19:53.151+0000] {logging_mixin.py:120} INFO - [2025-05-03T01:19:53.151+0000] {dag.py:3340} INFO - Setting next_dagrun for example_xcom_args_with_operators to None, run_after=None
[2025-05-03T01:19:53.160+0000] {processor.py:176} INFO - Processing /home/airflow/.local/lib/python3.7/site-packages/airflow/example_dags/example_xcomargs.py took 0.069 seconds
[2025-05-03T01:24:04.860+0000] {processor.py:154} INFO - Started process (PID=42876) to work on /home/airflow/.local/lib/python3.7/site-packages/airflow/example_dags/example_xcomargs.py
[2025-05-03T01:24:04.860+0000] {processor.py:756} INFO - Processing file /home/airflow/.local/lib/python3.7/site-packages/airflow/example_dags/example_xcomargs.py for tasks to queue
[2025-05-03T01:24:04.861+0000] {logging_mixin.py:120} INFO - [2025-05-03T01:24:04.860+0000] {dagbag.py:537} INFO - Filling up the DagBag from /home/airflow/.local/lib/python3.7/site-packages/airflow/example_dags/example_xcomargs.py
[2025-05-03T01:24:04.872+0000] {processor.py:766} INFO - DAG(s) dict_keys(['example_xcom_args', 'example_xcom_args_with_operators']) retrieved from /home/airflow/.local/lib/python3.7/site-packages/airflow/example_dags/example_xcomargs.py
[2025-05-03T01:24:04.892+0000] {logging_mixin.py:120} INFO - [2025-05-03T01:24:04.892+0000] {dag.py:2585} INFO - Sync 2 DAGs
[2025-05-03T01:24:04.903+0000] {logging_mixin.py:120} INFO - [2025-05-03T01:24:04.903+0000] {dag.py:3340} INFO - Setting next_dagrun for example_xcom_args to None, run_after=None
[2025-05-03T01:24:04.905+0000] {logging_mixin.py:120} INFO - [2025-05-03T01:24:04.905+0000] {dag.py:3340} INFO - Setting next_dagrun for example_xcom_args_with_operators to None, run_after=None
[2025-05-03T01:24:04.916+0000] {processor.py:176} INFO - Processing /home/airflow/.local/lib/python3.7/site-packages/airflow/example_dags/example_xcomargs.py took 0.057 seconds
[2025-05-03T02:06:32.782+0000] {processor.py:154} INFO - Started process (PID=42939) to work on /home/airflow/.local/lib/python3.7/site-packages/airflow/example_dags/example_xcomargs.py
[2025-05-03T02:06:32.783+0000] {processor.py:756} INFO - Processing file /home/airflow/.local/lib/python3.7/site-packages/airflow/example_dags/example_xcomargs.py for tasks to queue
[2025-05-03T02:06:32.783+0000] {logging_mixin.py:120} INFO - [2025-05-03T02:06:32.783+0000] {dagbag.py:537} INFO - Filling up the DagBag from /home/airflow/.local/lib/python3.7/site-packages/airflow/example_dags/example_xcomargs.py
[2025-05-03T02:06:32.795+0000] {processor.py:766} INFO - DAG(s) dict_keys(['example_xcom_args_with_operators', 'example_xcom_args']) retrieved from /home/airflow/.local/lib/python3.7/site-packages/airflow/example_dags/example_xcomargs.py
[2025-05-03T02:06:32.818+0000] {logging_mixin.py:120} INFO - [2025-05-03T02:06:32.818+0000] {dag.py:2585} INFO - Sync 2 DAGs
[2025-05-03T02:06:32.830+0000] {logging_mixin.py:120} INFO - [2025-05-03T02:06:32.830+0000] {dag.py:3340} INFO - Setting next_dagrun for example_xcom_args to None, run_after=None
[2025-05-03T02:06:32.832+0000] {logging_mixin.py:120} INFO - [2025-05-03T02:06:32.832+0000] {dag.py:3340} INFO - Setting next_dagrun for example_xcom_args_with_operators to None, run_after=None
[2025-05-03T02:06:32.840+0000] {processor.py:176} INFO - Processing /home/airflow/.local/lib/python3.7/site-packages/airflow/example_dags/example_xcomargs.py took 0.059 seconds
[2025-05-03T02:48:24.600+0000] {processor.py:154} INFO - Started process (PID=43002) to work on /home/airflow/.local/lib/python3.7/site-packages/airflow/example_dags/example_xcomargs.py
[2025-05-03T02:48:24.601+0000] {processor.py:756} INFO - Processing file /home/airflow/.local/lib/python3.7/site-packages/airflow/example_dags/example_xcomargs.py for tasks to queue
[2025-05-03T02:48:24.602+0000] {logging_mixin.py:120} INFO - [2025-05-03T02:48:24.602+0000] {dagbag.py:537} INFO - Filling up the DagBag from /home/airflow/.local/lib/python3.7/site-packages/airflow/example_dags/example_xcomargs.py
[2025-05-03T02:48:24.614+0000] {processor.py:766} INFO - DAG(s) dict_keys(['example_xcom_args_with_operators', 'example_xcom_args']) retrieved from /home/airflow/.local/lib/python3.7/site-packages/airflow/example_dags/example_xcomargs.py
[2025-05-03T02:48:24.639+0000] {logging_mixin.py:120} INFO - [2025-05-03T02:48:24.639+0000] {dag.py:2585} INFO - Sync 2 DAGs
[2025-05-03T02:48:24.650+0000] {logging_mixin.py:120} INFO - [2025-05-03T02:48:24.650+0000] {dag.py:3340} INFO - Setting next_dagrun for example_xcom_args to None, run_after=None
[2025-05-03T02:48:24.652+0000] {logging_mixin.py:120} INFO - [2025-05-03T02:48:24.652+0000] {dag.py:3340} INFO - Setting next_dagrun for example_xcom_args_with_operators to None, run_after=None
[2025-05-03T02:48:24.660+0000] {processor.py:176} INFO - Processing /home/airflow/.local/lib/python3.7/site-packages/airflow/example_dags/example_xcomargs.py took 0.062 seconds
[2025-05-03T03:21:20.423+0000] {processor.py:154} INFO - Started process (PID=43065) to work on /home/airflow/.local/lib/python3.7/site-packages/airflow/example_dags/example_xcomargs.py
[2025-05-03T03:21:20.424+0000] {processor.py:756} INFO - Processing file /home/airflow/.local/lib/python3.7/site-packages/airflow/example_dags/example_xcomargs.py for tasks to queue
[2025-05-03T03:21:20.424+0000] {logging_mixin.py:120} INFO - [2025-05-03T03:21:20.424+0000] {dagbag.py:537} INFO - Filling up the DagBag from /home/airflow/.local/lib/python3.7/site-packages/airflow/example_dags/example_xcomargs.py
[2025-05-03T03:21:20.435+0000] {processor.py:766} INFO - DAG(s) dict_keys(['example_xcom_args', 'example_xcom_args_with_operators']) retrieved from /home/airflow/.local/lib/python3.7/site-packages/airflow/example_dags/example_xcomargs.py
[2025-05-03T03:21:20.459+0000] {logging_mixin.py:120} INFO - [2025-05-03T03:21:20.458+0000] {dag.py:2585} INFO - Sync 2 DAGs
[2025-05-03T03:21:20.470+0000] {logging_mixin.py:120} INFO - [2025-05-03T03:21:20.470+0000] {dag.py:3340} INFO - Setting next_dagrun for example_xcom_args to None, run_after=None
[2025-05-03T03:21:20.472+0000] {logging_mixin.py:120} INFO - [2025-05-03T03:21:20.472+0000] {dag.py:3340} INFO - Setting next_dagrun for example_xcom_args_with_operators to None, run_after=None
[2025-05-03T03:21:20.479+0000] {processor.py:176} INFO - Processing /home/airflow/.local/lib/python3.7/site-packages/airflow/example_dags/example_xcomargs.py took 0.057 seconds
[2025-05-03T04:10:42.425+0000] {processor.py:154} INFO - Started process (PID=43119) to work on /home/airflow/.local/lib/python3.7/site-packages/airflow/example_dags/example_xcomargs.py
[2025-05-03T04:10:42.426+0000] {processor.py:756} INFO - Processing file /home/airflow/.local/lib/python3.7/site-packages/airflow/example_dags/example_xcomargs.py for tasks to queue
[2025-05-03T04:10:42.427+0000] {logging_mixin.py:120} INFO - [2025-05-03T04:10:42.427+0000] {dagbag.py:537} INFO - Filling up the DagBag from /home/airflow/.local/lib/python3.7/site-packages/airflow/example_dags/example_xcomargs.py
[2025-05-03T04:10:42.438+0000] {processor.py:766} INFO - DAG(s) dict_keys(['example_xcom_args_with_operators', 'example_xcom_args']) retrieved from /home/airflow/.local/lib/python3.7/site-packages/airflow/example_dags/example_xcomargs.py
[2025-05-03T04:10:42.465+0000] {logging_mixin.py:120} INFO - [2025-05-03T04:10:42.465+0000] {dag.py:2585} INFO - Sync 2 DAGs
[2025-05-03T04:10:42.477+0000] {logging_mixin.py:120} INFO - [2025-05-03T04:10:42.477+0000] {dag.py:3340} INFO - Setting next_dagrun for example_xcom_args to None, run_after=None
[2025-05-03T04:10:42.479+0000] {logging_mixin.py:120} INFO - [2025-05-03T04:10:42.479+0000] {dag.py:3340} INFO - Setting next_dagrun for example_xcom_args_with_operators to None, run_after=None
[2025-05-03T04:10:42.490+0000] {processor.py:176} INFO - Processing /home/airflow/.local/lib/python3.7/site-packages/airflow/example_dags/example_xcomargs.py took 0.066 seconds
[2025-05-03T04:54:16.474+0000] {processor.py:154} INFO - Started process (PID=43182) to work on /home/airflow/.local/lib/python3.7/site-packages/airflow/example_dags/example_xcomargs.py
[2025-05-03T04:54:16.476+0000] {processor.py:756} INFO - Processing file /home/airflow/.local/lib/python3.7/site-packages/airflow/example_dags/example_xcomargs.py for tasks to queue
[2025-05-03T04:54:16.477+0000] {logging_mixin.py:120} INFO - [2025-05-03T04:54:16.477+0000] {dagbag.py:537} INFO - Filling up the DagBag from /home/airflow/.local/lib/python3.7/site-packages/airflow/example_dags/example_xcomargs.py
[2025-05-03T04:54:16.488+0000] {processor.py:766} INFO - DAG(s) dict_keys(['example_xcom_args', 'example_xcom_args_with_operators']) retrieved from /home/airflow/.local/lib/python3.7/site-packages/airflow/example_dags/example_xcomargs.py
[2025-05-03T04:54:16.510+0000] {logging_mixin.py:120} INFO - [2025-05-03T04:54:16.509+0000] {dag.py:2585} INFO - Sync 2 DAGs
[2025-05-03T04:54:16.521+0000] {logging_mixin.py:120} INFO - [2025-05-03T04:54:16.521+0000] {dag.py:3340} INFO - Setting next_dagrun for example_xcom_args to None, run_after=None
[2025-05-03T04:54:16.522+0000] {logging_mixin.py:120} INFO - [2025-05-03T04:54:16.522+0000] {dag.py:3340} INFO - Setting next_dagrun for example_xcom_args_with_operators to None, run_after=None
[2025-05-03T04:54:16.532+0000] {processor.py:176} INFO - Processing /home/airflow/.local/lib/python3.7/site-packages/airflow/example_dags/example_xcomargs.py took 0.059 seconds
[2025-05-03T05:53:09.811+0000] {processor.py:154} INFO - Started process (PID=43245) to work on /home/airflow/.local/lib/python3.7/site-packages/airflow/example_dags/example_xcomargs.py
[2025-05-03T05:53:09.811+0000] {processor.py:756} INFO - Processing file /home/airflow/.local/lib/python3.7/site-packages/airflow/example_dags/example_xcomargs.py for tasks to queue
[2025-05-03T05:53:09.811+0000] {logging_mixin.py:120} INFO - [2025-05-03T05:53:09.811+0000] {dagbag.py:537} INFO - Filling up the DagBag from /home/airflow/.local/lib/python3.7/site-packages/airflow/example_dags/example_xcomargs.py
[2025-05-03T05:53:09.823+0000] {processor.py:766} INFO - DAG(s) dict_keys(['example_xcom_args_with_operators', 'example_xcom_args']) retrieved from /home/airflow/.local/lib/python3.7/site-packages/airflow/example_dags/example_xcomargs.py
[2025-05-03T05:53:09.845+0000] {logging_mixin.py:120} INFO - [2025-05-03T05:53:09.845+0000] {dag.py:2585} INFO - Sync 2 DAGs
[2025-05-03T05:53:09.858+0000] {logging_mixin.py:120} INFO - [2025-05-03T05:53:09.858+0000] {dag.py:3340} INFO - Setting next_dagrun for example_xcom_args to None, run_after=None
[2025-05-03T05:53:09.859+0000] {logging_mixin.py:120} INFO - [2025-05-03T05:53:09.859+0000] {dag.py:3340} INFO - Setting next_dagrun for example_xcom_args_with_operators to None, run_after=None
[2025-05-03T05:53:09.869+0000] {processor.py:176} INFO - Processing /home/airflow/.local/lib/python3.7/site-packages/airflow/example_dags/example_xcomargs.py took 0.059 seconds
[2025-05-03T06:30:38.706+0000] {processor.py:154} INFO - Started process (PID=43309) to work on /home/airflow/.local/lib/python3.7/site-packages/airflow/example_dags/example_xcomargs.py
[2025-05-03T06:30:38.707+0000] {processor.py:756} INFO - Processing file /home/airflow/.local/lib/python3.7/site-packages/airflow/example_dags/example_xcomargs.py for tasks to queue
[2025-05-03T06:30:38.708+0000] {logging_mixin.py:120} INFO - [2025-05-03T06:30:38.708+0000] {dagbag.py:537} INFO - Filling up the DagBag from /home/airflow/.local/lib/python3.7/site-packages/airflow/example_dags/example_xcomargs.py
[2025-05-03T06:30:38.719+0000] {processor.py:766} INFO - DAG(s) dict_keys(['example_xcom_args', 'example_xcom_args_with_operators']) retrieved from /home/airflow/.local/lib/python3.7/site-packages/airflow/example_dags/example_xcomargs.py
[2025-05-03T06:30:38.743+0000] {logging_mixin.py:120} INFO - [2025-05-03T06:30:38.743+0000] {dag.py:2585} INFO - Sync 2 DAGs
[2025-05-03T06:30:38.755+0000] {logging_mixin.py:120} INFO - [2025-05-03T06:30:38.755+0000] {dag.py:3340} INFO - Setting next_dagrun for example_xcom_args to None, run_after=None
[2025-05-03T06:30:38.757+0000] {logging_mixin.py:120} INFO - [2025-05-03T06:30:38.757+0000] {dag.py:3340} INFO - Setting next_dagrun for example_xcom_args_with_operators to None, run_after=None
[2025-05-03T06:30:38.769+0000] {processor.py:176} INFO - Processing /home/airflow/.local/lib/python3.7/site-packages/airflow/example_dags/example_xcomargs.py took 0.065 seconds
[2025-05-03T07:22:16.358+0000] {processor.py:154} INFO - Started process (PID=43372) to work on /home/airflow/.local/lib/python3.7/site-packages/airflow/example_dags/example_xcomargs.py
[2025-05-03T07:22:16.358+0000] {processor.py:756} INFO - Processing file /home/airflow/.local/lib/python3.7/site-packages/airflow/example_dags/example_xcomargs.py for tasks to queue
[2025-05-03T07:22:16.359+0000] {logging_mixin.py:120} INFO - [2025-05-03T07:22:16.359+0000] {dagbag.py:537} INFO - Filling up the DagBag from /home/airflow/.local/lib/python3.7/site-packages/airflow/example_dags/example_xcomargs.py
[2025-05-03T07:22:16.370+0000] {processor.py:766} INFO - DAG(s) dict_keys(['example_xcom_args', 'example_xcom_args_with_operators']) retrieved from /home/airflow/.local/lib/python3.7/site-packages/airflow/example_dags/example_xcomargs.py
[2025-05-03T07:22:16.392+0000] {logging_mixin.py:120} INFO - [2025-05-03T07:22:16.392+0000] {dag.py:2585} INFO - Sync 2 DAGs
[2025-05-03T07:22:16.404+0000] {logging_mixin.py:120} INFO - [2025-05-03T07:22:16.404+0000] {dag.py:3340} INFO - Setting next_dagrun for example_xcom_args to None, run_after=None
[2025-05-03T07:22:16.406+0000] {logging_mixin.py:120} INFO - [2025-05-03T07:22:16.406+0000] {dag.py:3340} INFO - Setting next_dagrun for example_xcom_args_with_operators to None, run_after=None
[2025-05-03T07:22:16.414+0000] {processor.py:176} INFO - Processing /home/airflow/.local/lib/python3.7/site-packages/airflow/example_dags/example_xcomargs.py took 0.057 seconds
[2025-05-03T08:23:11.176+0000] {processor.py:154} INFO - Started process (PID=43435) to work on /home/airflow/.local/lib/python3.7/site-packages/airflow/example_dags/example_xcomargs.py
[2025-05-03T08:23:11.177+0000] {processor.py:756} INFO - Processing file /home/airflow/.local/lib/python3.7/site-packages/airflow/example_dags/example_xcomargs.py for tasks to queue
[2025-05-03T08:23:11.178+0000] {logging_mixin.py:120} INFO - [2025-05-03T08:23:11.178+0000] {dagbag.py:537} INFO - Filling up the DagBag from /home/airflow/.local/lib/python3.7/site-packages/airflow/example_dags/example_xcomargs.py
[2025-05-03T08:23:11.189+0000] {processor.py:766} INFO - DAG(s) dict_keys(['example_xcom_args', 'example_xcom_args_with_operators']) retrieved from /home/airflow/.local/lib/python3.7/site-packages/airflow/example_dags/example_xcomargs.py
[2025-05-03T08:23:11.216+0000] {logging_mixin.py:120} INFO - [2025-05-03T08:23:11.216+0000] {dag.py:2585} INFO - Sync 2 DAGs
[2025-05-03T08:23:11.228+0000] {logging_mixin.py:120} INFO - [2025-05-03T08:23:11.228+0000] {dag.py:3340} INFO - Setting next_dagrun for example_xcom_args to None, run_after=None
[2025-05-03T08:23:11.230+0000] {logging_mixin.py:120} INFO - [2025-05-03T08:23:11.230+0000] {dag.py:3340} INFO - Setting next_dagrun for example_xcom_args_with_operators to None, run_after=None
[2025-05-03T08:23:11.238+0000] {processor.py:176} INFO - Processing /home/airflow/.local/lib/python3.7/site-packages/airflow/example_dags/example_xcomargs.py took 0.064 seconds
[2025-05-03T09:41:38.794+0000] {processor.py:154} INFO - Started process (PID=43488) to work on /home/airflow/.local/lib/python3.7/site-packages/airflow/example_dags/example_xcomargs.py
[2025-05-03T09:41:38.798+0000] {processor.py:756} INFO - Processing file /home/airflow/.local/lib/python3.7/site-packages/airflow/example_dags/example_xcomargs.py for tasks to queue
[2025-05-03T09:41:38.799+0000] {logging_mixin.py:120} INFO - [2025-05-03T09:41:38.798+0000] {dagbag.py:537} INFO - Filling up the DagBag from /home/airflow/.local/lib/python3.7/site-packages/airflow/example_dags/example_xcomargs.py
[2025-05-03T09:41:38.812+0000] {processor.py:766} INFO - DAG(s) dict_keys(['example_xcom_args', 'example_xcom_args_with_operators']) retrieved from /home/airflow/.local/lib/python3.7/site-packages/airflow/example_dags/example_xcomargs.py
[2025-05-03T09:41:38.838+0000] {logging_mixin.py:120} INFO - [2025-05-03T09:41:38.838+0000] {dag.py:2585} INFO - Sync 2 DAGs
[2025-05-03T09:41:38.851+0000] {logging_mixin.py:120} INFO - [2025-05-03T09:41:38.851+0000] {dag.py:3340} INFO - Setting next_dagrun for example_xcom_args to None, run_after=None
[2025-05-03T09:41:38.853+0000] {logging_mixin.py:120} INFO - [2025-05-03T09:41:38.853+0000] {dag.py:3340} INFO - Setting next_dagrun for example_xcom_args_with_operators to None, run_after=None
[2025-05-03T09:41:38.861+0000] {processor.py:176} INFO - Processing /home/airflow/.local/lib/python3.7/site-packages/airflow/example_dags/example_xcomargs.py took 0.069 seconds
[2025-05-03T10:58:28.300+0000] {processor.py:154} INFO - Started process (PID=43551) to work on /home/airflow/.local/lib/python3.7/site-packages/airflow/example_dags/example_xcomargs.py
[2025-05-03T10:58:28.302+0000] {processor.py:756} INFO - Processing file /home/airflow/.local/lib/python3.7/site-packages/airflow/example_dags/example_xcomargs.py for tasks to queue
[2025-05-03T10:58:28.303+0000] {logging_mixin.py:120} INFO - [2025-05-03T10:58:28.303+0000] {dagbag.py:537} INFO - Filling up the DagBag from /home/airflow/.local/lib/python3.7/site-packages/airflow/example_dags/example_xcomargs.py
[2025-05-03T10:58:28.315+0000] {processor.py:766} INFO - DAG(s) dict_keys(['example_xcom_args_with_operators', 'example_xcom_args']) retrieved from /home/airflow/.local/lib/python3.7/site-packages/airflow/example_dags/example_xcomargs.py
[2025-05-03T10:58:28.339+0000] {logging_mixin.py:120} INFO - [2025-05-03T10:58:28.339+0000] {dag.py:2585} INFO - Sync 2 DAGs
[2025-05-03T10:58:28.350+0000] {logging_mixin.py:120} INFO - [2025-05-03T10:58:28.350+0000] {dag.py:3340} INFO - Setting next_dagrun for example_xcom_args to None, run_after=None
[2025-05-03T10:58:28.352+0000] {logging_mixin.py:120} INFO - [2025-05-03T10:58:28.352+0000] {dag.py:3340} INFO - Setting next_dagrun for example_xcom_args_with_operators to None, run_after=None
[2025-05-03T10:58:28.367+0000] {processor.py:176} INFO - Processing /home/airflow/.local/lib/python3.7/site-packages/airflow/example_dags/example_xcomargs.py took 0.068 seconds
[2025-05-03T11:42:15.240+0000] {processor.py:154} INFO - Started process (PID=43614) to work on /home/airflow/.local/lib/python3.7/site-packages/airflow/example_dags/example_xcomargs.py
[2025-05-03T11:42:15.241+0000] {processor.py:756} INFO - Processing file /home/airflow/.local/lib/python3.7/site-packages/airflow/example_dags/example_xcomargs.py for tasks to queue
[2025-05-03T11:42:15.243+0000] {logging_mixin.py:120} INFO - [2025-05-03T11:42:15.243+0000] {dagbag.py:537} INFO - Filling up the DagBag from /home/airflow/.local/lib/python3.7/site-packages/airflow/example_dags/example_xcomargs.py
[2025-05-03T11:42:15.256+0000] {processor.py:766} INFO - DAG(s) dict_keys(['example_xcom_args', 'example_xcom_args_with_operators']) retrieved from /home/airflow/.local/lib/python3.7/site-packages/airflow/example_dags/example_xcomargs.py
[2025-05-03T11:42:15.278+0000] {logging_mixin.py:120} INFO - [2025-05-03T11:42:15.277+0000] {dag.py:2585} INFO - Sync 2 DAGs
[2025-05-03T11:42:15.293+0000] {logging_mixin.py:120} INFO - [2025-05-03T11:42:15.293+0000] {dag.py:3340} INFO - Setting next_dagrun for example_xcom_args to None, run_after=None
[2025-05-03T11:42:15.294+0000] {logging_mixin.py:120} INFO - [2025-05-03T11:42:15.294+0000] {dag.py:3340} INFO - Setting next_dagrun for example_xcom_args_with_operators to None, run_after=None
[2025-05-03T11:42:15.303+0000] {processor.py:176} INFO - Processing /home/airflow/.local/lib/python3.7/site-packages/airflow/example_dags/example_xcomargs.py took 0.065 seconds
[2025-05-03T12:59:20.587+0000] {processor.py:154} INFO - Started process (PID=43677) to work on /home/airflow/.local/lib/python3.7/site-packages/airflow/example_dags/example_xcomargs.py
[2025-05-03T12:59:20.587+0000] {processor.py:756} INFO - Processing file /home/airflow/.local/lib/python3.7/site-packages/airflow/example_dags/example_xcomargs.py for tasks to queue
[2025-05-03T12:59:20.588+0000] {logging_mixin.py:120} INFO - [2025-05-03T12:59:20.588+0000] {dagbag.py:537} INFO - Filling up the DagBag from /home/airflow/.local/lib/python3.7/site-packages/airflow/example_dags/example_xcomargs.py
[2025-05-03T12:59:20.600+0000] {processor.py:766} INFO - DAG(s) dict_keys(['example_xcom_args_with_operators', 'example_xcom_args']) retrieved from /home/airflow/.local/lib/python3.7/site-packages/airflow/example_dags/example_xcomargs.py
[2025-05-03T12:59:20.622+0000] {logging_mixin.py:120} INFO - [2025-05-03T12:59:20.622+0000] {dag.py:2585} INFO - Sync 2 DAGs
[2025-05-03T12:59:20.637+0000] {logging_mixin.py:120} INFO - [2025-05-03T12:59:20.636+0000] {dag.py:3340} INFO - Setting next_dagrun for example_xcom_args to None, run_after=None
[2025-05-03T12:59:20.638+0000] {logging_mixin.py:120} INFO - [2025-05-03T12:59:20.638+0000] {dag.py:3340} INFO - Setting next_dagrun for example_xcom_args_with_operators to None, run_after=None
[2025-05-03T12:59:20.648+0000] {processor.py:176} INFO - Processing /home/airflow/.local/lib/python3.7/site-packages/airflow/example_dags/example_xcomargs.py took 0.062 seconds
[2025-05-03T13:28:31.730+0000] {processor.py:154} INFO - Started process (PID=43740) to work on /home/airflow/.local/lib/python3.7/site-packages/airflow/example_dags/example_xcomargs.py
[2025-05-03T13:28:31.730+0000] {processor.py:756} INFO - Processing file /home/airflow/.local/lib/python3.7/site-packages/airflow/example_dags/example_xcomargs.py for tasks to queue
[2025-05-03T13:28:31.731+0000] {logging_mixin.py:120} INFO - [2025-05-03T13:28:31.731+0000] {dagbag.py:537} INFO - Filling up the DagBag from /home/airflow/.local/lib/python3.7/site-packages/airflow/example_dags/example_xcomargs.py
[2025-05-03T13:28:31.743+0000] {processor.py:766} INFO - DAG(s) dict_keys(['example_xcom_args_with_operators', 'example_xcom_args']) retrieved from /home/airflow/.local/lib/python3.7/site-packages/airflow/example_dags/example_xcomargs.py
[2025-05-03T13:28:31.769+0000] {logging_mixin.py:120} INFO - [2025-05-03T13:28:31.769+0000] {dag.py:2585} INFO - Sync 2 DAGs
[2025-05-03T13:28:31.783+0000] {logging_mixin.py:120} INFO - [2025-05-03T13:28:31.783+0000] {dag.py:3340} INFO - Setting next_dagrun for example_xcom_args to None, run_after=None
[2025-05-03T13:28:31.784+0000] {logging_mixin.py:120} INFO - [2025-05-03T13:28:31.784+0000] {dag.py:3340} INFO - Setting next_dagrun for example_xcom_args_with_operators to None, run_after=None
[2025-05-03T13:28:31.794+0000] {processor.py:176} INFO - Processing /home/airflow/.local/lib/python3.7/site-packages/airflow/example_dags/example_xcomargs.py took 0.066 seconds
[2025-05-03T13:29:08.602+0000] {processor.py:154} INFO - Started process (PID=43803) to work on /home/airflow/.local/lib/python3.7/site-packages/airflow/example_dags/example_xcomargs.py
[2025-05-03T13:29:08.602+0000] {processor.py:756} INFO - Processing file /home/airflow/.local/lib/python3.7/site-packages/airflow/example_dags/example_xcomargs.py for tasks to queue
[2025-05-03T13:29:08.603+0000] {logging_mixin.py:120} INFO - [2025-05-03T13:29:08.602+0000] {dagbag.py:537} INFO - Filling up the DagBag from /home/airflow/.local/lib/python3.7/site-packages/airflow/example_dags/example_xcomargs.py
[2025-05-03T13:29:08.615+0000] {processor.py:766} INFO - DAG(s) dict_keys(['example_xcom_args_with_operators', 'example_xcom_args']) retrieved from /home/airflow/.local/lib/python3.7/site-packages/airflow/example_dags/example_xcomargs.py
[2025-05-03T13:29:08.636+0000] {logging_mixin.py:120} INFO - [2025-05-03T13:29:08.636+0000] {dag.py:2585} INFO - Sync 2 DAGs
[2025-05-03T13:29:08.647+0000] {logging_mixin.py:120} INFO - [2025-05-03T13:29:08.647+0000] {dag.py:3340} INFO - Setting next_dagrun for example_xcom_args to None, run_after=None
[2025-05-03T13:29:08.649+0000] {logging_mixin.py:120} INFO - [2025-05-03T13:29:08.649+0000] {dag.py:3340} INFO - Setting next_dagrun for example_xcom_args_with_operators to None, run_after=None
[2025-05-03T13:29:08.659+0000] {processor.py:176} INFO - Processing /home/airflow/.local/lib/python3.7/site-packages/airflow/example_dags/example_xcomargs.py took 0.058 seconds
[2025-05-03T14:29:11.037+0000] {processor.py:154} INFO - Started process (PID=43864) to work on /home/airflow/.local/lib/python3.7/site-packages/airflow/example_dags/example_xcomargs.py
[2025-05-03T14:29:11.038+0000] {processor.py:756} INFO - Processing file /home/airflow/.local/lib/python3.7/site-packages/airflow/example_dags/example_xcomargs.py for tasks to queue
[2025-05-03T14:29:11.038+0000] {logging_mixin.py:120} INFO - [2025-05-03T14:29:11.038+0000] {dagbag.py:537} INFO - Filling up the DagBag from /home/airflow/.local/lib/python3.7/site-packages/airflow/example_dags/example_xcomargs.py
[2025-05-03T14:29:11.053+0000] {processor.py:766} INFO - DAG(s) dict_keys(['example_xcom_args', 'example_xcom_args_with_operators']) retrieved from /home/airflow/.local/lib/python3.7/site-packages/airflow/example_dags/example_xcomargs.py
[2025-05-03T14:29:11.079+0000] {logging_mixin.py:120} INFO - [2025-05-03T14:29:11.079+0000] {dag.py:2585} INFO - Sync 2 DAGs
[2025-05-03T14:29:11.090+0000] {logging_mixin.py:120} INFO - [2025-05-03T14:29:11.090+0000] {dag.py:3340} INFO - Setting next_dagrun for example_xcom_args to None, run_after=None
[2025-05-03T14:29:11.093+0000] {logging_mixin.py:120} INFO - [2025-05-03T14:29:11.093+0000] {dag.py:3340} INFO - Setting next_dagrun for example_xcom_args_with_operators to None, run_after=None
[2025-05-03T14:29:11.104+0000] {processor.py:176} INFO - Processing /home/airflow/.local/lib/python3.7/site-packages/airflow/example_dags/example_xcomargs.py took 0.068 seconds
[2025-05-03T15:07:54.138+0000] {processor.py:154} INFO - Started process (PID=43918) to work on /home/airflow/.local/lib/python3.7/site-packages/airflow/example_dags/example_xcomargs.py
[2025-05-03T15:07:54.138+0000] {processor.py:756} INFO - Processing file /home/airflow/.local/lib/python3.7/site-packages/airflow/example_dags/example_xcomargs.py for tasks to queue
[2025-05-03T15:07:54.139+0000] {logging_mixin.py:120} INFO - [2025-05-03T15:07:54.138+0000] {dagbag.py:537} INFO - Filling up the DagBag from /home/airflow/.local/lib/python3.7/site-packages/airflow/example_dags/example_xcomargs.py
[2025-05-03T15:07:54.150+0000] {processor.py:766} INFO - DAG(s) dict_keys(['example_xcom_args', 'example_xcom_args_with_operators']) retrieved from /home/airflow/.local/lib/python3.7/site-packages/airflow/example_dags/example_xcomargs.py
[2025-05-03T15:07:54.170+0000] {logging_mixin.py:120} INFO - [2025-05-03T15:07:54.170+0000] {dag.py:2585} INFO - Sync 2 DAGs
[2025-05-03T15:07:54.182+0000] {logging_mixin.py:120} INFO - [2025-05-03T15:07:54.182+0000] {dag.py:3340} INFO - Setting next_dagrun for example_xcom_args to None, run_after=None
[2025-05-03T15:07:54.184+0000] {logging_mixin.py:120} INFO - [2025-05-03T15:07:54.184+0000] {dag.py:3340} INFO - Setting next_dagrun for example_xcom_args_with_operators to None, run_after=None
[2025-05-03T15:07:54.192+0000] {processor.py:176} INFO - Processing /home/airflow/.local/lib/python3.7/site-packages/airflow/example_dags/example_xcomargs.py took 0.056 seconds
[2025-05-03T16:21:03.490+0000] {processor.py:154} INFO - Started process (PID=43981) to work on /home/airflow/.local/lib/python3.7/site-packages/airflow/example_dags/example_xcomargs.py
[2025-05-03T16:21:03.491+0000] {processor.py:756} INFO - Processing file /home/airflow/.local/lib/python3.7/site-packages/airflow/example_dags/example_xcomargs.py for tasks to queue
[2025-05-03T16:21:03.491+0000] {logging_mixin.py:120} INFO - [2025-05-03T16:21:03.491+0000] {dagbag.py:537} INFO - Filling up the DagBag from /home/airflow/.local/lib/python3.7/site-packages/airflow/example_dags/example_xcomargs.py
[2025-05-03T16:21:03.504+0000] {processor.py:766} INFO - DAG(s) dict_keys(['example_xcom_args', 'example_xcom_args_with_operators']) retrieved from /home/airflow/.local/lib/python3.7/site-packages/airflow/example_dags/example_xcomargs.py
[2025-05-03T16:21:03.526+0000] {logging_mixin.py:120} INFO - [2025-05-03T16:21:03.526+0000] {dag.py:2585} INFO - Sync 2 DAGs
[2025-05-03T16:21:03.538+0000] {logging_mixin.py:120} INFO - [2025-05-03T16:21:03.538+0000] {dag.py:3340} INFO - Setting next_dagrun for example_xcom_args to None, run_after=None
[2025-05-03T16:21:03.540+0000] {logging_mixin.py:120} INFO - [2025-05-03T16:21:03.540+0000] {dag.py:3340} INFO - Setting next_dagrun for example_xcom_args_with_operators to None, run_after=None
[2025-05-03T16:21:03.550+0000] {processor.py:176} INFO - Processing /home/airflow/.local/lib/python3.7/site-packages/airflow/example_dags/example_xcomargs.py took 0.062 seconds
[2025-05-03T16:48:05.851+0000] {processor.py:154} INFO - Started process (PID=44043) to work on /home/airflow/.local/lib/python3.7/site-packages/airflow/example_dags/example_xcomargs.py
[2025-05-03T16:48:05.852+0000] {processor.py:756} INFO - Processing file /home/airflow/.local/lib/python3.7/site-packages/airflow/example_dags/example_xcomargs.py for tasks to queue
[2025-05-03T16:48:05.853+0000] {logging_mixin.py:120} INFO - [2025-05-03T16:48:05.853+0000] {dagbag.py:537} INFO - Filling up the DagBag from /home/airflow/.local/lib/python3.7/site-packages/airflow/example_dags/example_xcomargs.py
[2025-05-03T16:48:05.866+0000] {processor.py:766} INFO - DAG(s) dict_keys(['example_xcom_args_with_operators', 'example_xcom_args']) retrieved from /home/airflow/.local/lib/python3.7/site-packages/airflow/example_dags/example_xcomargs.py
[2025-05-03T16:48:05.891+0000] {logging_mixin.py:120} INFO - [2025-05-03T16:48:05.891+0000] {dag.py:2585} INFO - Sync 2 DAGs
[2025-05-03T16:48:05.906+0000] {logging_mixin.py:120} INFO - [2025-05-03T16:48:05.906+0000] {dag.py:3340} INFO - Setting next_dagrun for example_xcom_args to None, run_after=None
[2025-05-03T16:48:05.908+0000] {logging_mixin.py:120} INFO - [2025-05-03T16:48:05.908+0000] {dag.py:3340} INFO - Setting next_dagrun for example_xcom_args_with_operators to None, run_after=None
[2025-05-03T16:48:05.918+0000] {processor.py:176} INFO - Processing /home/airflow/.local/lib/python3.7/site-packages/airflow/example_dags/example_xcomargs.py took 0.069 seconds
[2025-05-03T18:05:54.360+0000] {processor.py:154} INFO - Started process (PID=44106) to work on /home/airflow/.local/lib/python3.7/site-packages/airflow/example_dags/example_xcomargs.py
[2025-05-03T18:05:54.360+0000] {processor.py:756} INFO - Processing file /home/airflow/.local/lib/python3.7/site-packages/airflow/example_dags/example_xcomargs.py for tasks to queue
[2025-05-03T18:05:54.361+0000] {logging_mixin.py:120} INFO - [2025-05-03T18:05:54.361+0000] {dagbag.py:537} INFO - Filling up the DagBag from /home/airflow/.local/lib/python3.7/site-packages/airflow/example_dags/example_xcomargs.py
[2025-05-03T18:05:54.372+0000] {processor.py:766} INFO - DAG(s) dict_keys(['example_xcom_args_with_operators', 'example_xcom_args']) retrieved from /home/airflow/.local/lib/python3.7/site-packages/airflow/example_dags/example_xcomargs.py
[2025-05-03T18:05:54.393+0000] {logging_mixin.py:120} INFO - [2025-05-03T18:05:54.393+0000] {dag.py:2585} INFO - Sync 2 DAGs
[2025-05-03T18:05:54.404+0000] {logging_mixin.py:120} INFO - [2025-05-03T18:05:54.404+0000] {dag.py:3340} INFO - Setting next_dagrun for example_xcom_args to None, run_after=None
[2025-05-03T18:05:54.406+0000] {logging_mixin.py:120} INFO - [2025-05-03T18:05:54.406+0000] {dag.py:3340} INFO - Setting next_dagrun for example_xcom_args_with_operators to None, run_after=None
[2025-05-03T18:05:54.414+0000] {processor.py:176} INFO - Processing /home/airflow/.local/lib/python3.7/site-packages/airflow/example_dags/example_xcomargs.py took 0.056 seconds
[2025-05-03T19:25:57.857+0000] {processor.py:154} INFO - Started process (PID=44169) to work on /home/airflow/.local/lib/python3.7/site-packages/airflow/example_dags/example_xcomargs.py
[2025-05-03T19:25:57.858+0000] {processor.py:756} INFO - Processing file /home/airflow/.local/lib/python3.7/site-packages/airflow/example_dags/example_xcomargs.py for tasks to queue
[2025-05-03T19:25:57.858+0000] {logging_mixin.py:120} INFO - [2025-05-03T19:25:57.858+0000] {dagbag.py:537} INFO - Filling up the DagBag from /home/airflow/.local/lib/python3.7/site-packages/airflow/example_dags/example_xcomargs.py
[2025-05-03T19:25:57.871+0000] {processor.py:766} INFO - DAG(s) dict_keys(['example_xcom_args_with_operators', 'example_xcom_args']) retrieved from /home/airflow/.local/lib/python3.7/site-packages/airflow/example_dags/example_xcomargs.py
[2025-05-03T19:25:57.894+0000] {logging_mixin.py:120} INFO - [2025-05-03T19:25:57.894+0000] {dag.py:2585} INFO - Sync 2 DAGs
[2025-05-03T19:25:57.905+0000] {logging_mixin.py:120} INFO - [2025-05-03T19:25:57.905+0000] {dag.py:3340} INFO - Setting next_dagrun for example_xcom_args to None, run_after=None
[2025-05-03T19:25:57.907+0000] {logging_mixin.py:120} INFO - [2025-05-03T19:25:57.907+0000] {dag.py:3340} INFO - Setting next_dagrun for example_xcom_args_with_operators to None, run_after=None
[2025-05-03T19:25:57.915+0000] {processor.py:176} INFO - Processing /home/airflow/.local/lib/python3.7/site-packages/airflow/example_dags/example_xcomargs.py took 0.060 seconds
[2025-05-03T20:07:05.318+0000] {processor.py:154} INFO - Started process (PID=44231) to work on /home/airflow/.local/lib/python3.7/site-packages/airflow/example_dags/example_xcomargs.py
[2025-05-03T20:07:05.321+0000] {processor.py:756} INFO - Processing file /home/airflow/.local/lib/python3.7/site-packages/airflow/example_dags/example_xcomargs.py for tasks to queue
[2025-05-03T20:07:05.322+0000] {logging_mixin.py:120} INFO - [2025-05-03T20:07:05.322+0000] {dagbag.py:537} INFO - Filling up the DagBag from /home/airflow/.local/lib/python3.7/site-packages/airflow/example_dags/example_xcomargs.py
[2025-05-03T20:07:05.333+0000] {processor.py:766} INFO - DAG(s) dict_keys(['example_xcom_args', 'example_xcom_args_with_operators']) retrieved from /home/airflow/.local/lib/python3.7/site-packages/airflow/example_dags/example_xcomargs.py
[2025-05-03T20:07:05.359+0000] {logging_mixin.py:120} INFO - [2025-05-03T20:07:05.359+0000] {dag.py:2585} INFO - Sync 2 DAGs
[2025-05-03T20:07:05.370+0000] {logging_mixin.py:120} INFO - [2025-05-03T20:07:05.370+0000] {dag.py:3340} INFO - Setting next_dagrun for example_xcom_args to None, run_after=None
[2025-05-03T20:07:05.373+0000] {logging_mixin.py:120} INFO - [2025-05-03T20:07:05.373+0000] {dag.py:3340} INFO - Setting next_dagrun for example_xcom_args_with_operators to None, run_after=None
[2025-05-03T20:07:05.383+0000] {processor.py:176} INFO - Processing /home/airflow/.local/lib/python3.7/site-packages/airflow/example_dags/example_xcomargs.py took 0.067 seconds
[2025-05-03T21:36:13.735+0000] {processor.py:154} INFO - Started process (PID=44285) to work on /home/airflow/.local/lib/python3.7/site-packages/airflow/example_dags/example_xcomargs.py
[2025-05-03T21:36:13.736+0000] {processor.py:756} INFO - Processing file /home/airflow/.local/lib/python3.7/site-packages/airflow/example_dags/example_xcomargs.py for tasks to queue
[2025-05-03T21:36:13.736+0000] {logging_mixin.py:120} INFO - [2025-05-03T21:36:13.736+0000] {dagbag.py:537} INFO - Filling up the DagBag from /home/airflow/.local/lib/python3.7/site-packages/airflow/example_dags/example_xcomargs.py
[2025-05-03T21:36:13.749+0000] {processor.py:766} INFO - DAG(s) dict_keys(['example_xcom_args', 'example_xcom_args_with_operators']) retrieved from /home/airflow/.local/lib/python3.7/site-packages/airflow/example_dags/example_xcomargs.py
[2025-05-03T21:36:13.770+0000] {logging_mixin.py:120} INFO - [2025-05-03T21:36:13.770+0000] {dag.py:2585} INFO - Sync 2 DAGs
[2025-05-03T21:36:13.781+0000] {logging_mixin.py:120} INFO - [2025-05-03T21:36:13.781+0000] {dag.py:3340} INFO - Setting next_dagrun for example_xcom_args to None, run_after=None
[2025-05-03T21:36:13.783+0000] {logging_mixin.py:120} INFO - [2025-05-03T21:36:13.783+0000] {dag.py:3340} INFO - Setting next_dagrun for example_xcom_args_with_operators to None, run_after=None
[2025-05-03T21:36:13.792+0000] {processor.py:176} INFO - Processing /home/airflow/.local/lib/python3.7/site-packages/airflow/example_dags/example_xcomargs.py took 0.058 seconds
[2025-05-03T22:19:52.708+0000] {processor.py:154} INFO - Started process (PID=44348) to work on /home/airflow/.local/lib/python3.7/site-packages/airflow/example_dags/example_xcomargs.py
[2025-05-03T22:19:52.709+0000] {processor.py:756} INFO - Processing file /home/airflow/.local/lib/python3.7/site-packages/airflow/example_dags/example_xcomargs.py for tasks to queue
[2025-05-03T22:19:52.709+0000] {logging_mixin.py:120} INFO - [2025-05-03T22:19:52.709+0000] {dagbag.py:537} INFO - Filling up the DagBag from /home/airflow/.local/lib/python3.7/site-packages/airflow/example_dags/example_xcomargs.py
[2025-05-03T22:19:52.722+0000] {processor.py:766} INFO - DAG(s) dict_keys(['example_xcom_args_with_operators', 'example_xcom_args']) retrieved from /home/airflow/.local/lib/python3.7/site-packages/airflow/example_dags/example_xcomargs.py
[2025-05-03T22:19:52.747+0000] {logging_mixin.py:120} INFO - [2025-05-03T22:19:52.746+0000] {dag.py:2585} INFO - Sync 2 DAGs
[2025-05-03T22:19:52.760+0000] {logging_mixin.py:120} INFO - [2025-05-03T22:19:52.759+0000] {dag.py:3340} INFO - Setting next_dagrun for example_xcom_args to None, run_after=None
[2025-05-03T22:19:52.765+0000] {logging_mixin.py:120} INFO - [2025-05-03T22:19:52.765+0000] {dag.py:3340} INFO - Setting next_dagrun for example_xcom_args_with_operators to None, run_after=None
[2025-05-03T22:19:52.775+0000] {processor.py:176} INFO - Processing /home/airflow/.local/lib/python3.7/site-packages/airflow/example_dags/example_xcomargs.py took 0.069 seconds
[2025-05-03T23:04:45.817+0000] {processor.py:154} INFO - Started process (PID=44411) to work on /home/airflow/.local/lib/python3.7/site-packages/airflow/example_dags/example_xcomargs.py
[2025-05-03T23:04:45.817+0000] {processor.py:756} INFO - Processing file /home/airflow/.local/lib/python3.7/site-packages/airflow/example_dags/example_xcomargs.py for tasks to queue
[2025-05-03T23:04:45.817+0000] {logging_mixin.py:120} INFO - [2025-05-03T23:04:45.817+0000] {dagbag.py:537} INFO - Filling up the DagBag from /home/airflow/.local/lib/python3.7/site-packages/airflow/example_dags/example_xcomargs.py
[2025-05-03T23:04:45.829+0000] {processor.py:766} INFO - DAG(s) dict_keys(['example_xcom_args', 'example_xcom_args_with_operators']) retrieved from /home/airflow/.local/lib/python3.7/site-packages/airflow/example_dags/example_xcomargs.py
[2025-05-03T23:04:45.849+0000] {logging_mixin.py:120} INFO - [2025-05-03T23:04:45.849+0000] {dag.py:2585} INFO - Sync 2 DAGs
[2025-05-03T23:04:45.859+0000] {logging_mixin.py:120} INFO - [2025-05-03T23:04:45.859+0000] {dag.py:3340} INFO - Setting next_dagrun for example_xcom_args to None, run_after=None
[2025-05-03T23:04:45.861+0000] {logging_mixin.py:120} INFO - [2025-05-03T23:04:45.861+0000] {dag.py:3340} INFO - Setting next_dagrun for example_xcom_args_with_operators to None, run_after=None
[2025-05-03T23:04:45.868+0000] {processor.py:176} INFO - Processing /home/airflow/.local/lib/python3.7/site-packages/airflow/example_dags/example_xcomargs.py took 0.053 seconds
[2025-05-03T23:22:08.065+0000] {processor.py:154} INFO - Started process (PID=44473) to work on /home/airflow/.local/lib/python3.7/site-packages/airflow/example_dags/example_xcomargs.py
[2025-05-03T23:22:08.065+0000] {processor.py:756} INFO - Processing file /home/airflow/.local/lib/python3.7/site-packages/airflow/example_dags/example_xcomargs.py for tasks to queue
[2025-05-03T23:22:08.065+0000] {logging_mixin.py:120} INFO - [2025-05-03T23:22:08.065+0000] {dagbag.py:537} INFO - Filling up the DagBag from /home/airflow/.local/lib/python3.7/site-packages/airflow/example_dags/example_xcomargs.py
[2025-05-03T23:22:08.078+0000] {processor.py:766} INFO - DAG(s) dict_keys(['example_xcom_args_with_operators', 'example_xcom_args']) retrieved from /home/airflow/.local/lib/python3.7/site-packages/airflow/example_dags/example_xcomargs.py
[2025-05-03T23:22:08.099+0000] {logging_mixin.py:120} INFO - [2025-05-03T23:22:08.099+0000] {dag.py:2585} INFO - Sync 2 DAGs
[2025-05-03T23:22:08.110+0000] {logging_mixin.py:120} INFO - [2025-05-03T23:22:08.110+0000] {dag.py:3340} INFO - Setting next_dagrun for example_xcom_args to None, run_after=None
[2025-05-03T23:22:08.112+0000] {logging_mixin.py:120} INFO - [2025-05-03T23:22:08.112+0000] {dag.py:3340} INFO - Setting next_dagrun for example_xcom_args_with_operators to None, run_after=None
[2025-05-03T23:22:08.119+0000] {processor.py:176} INFO - Processing /home/airflow/.local/lib/python3.7/site-packages/airflow/example_dags/example_xcomargs.py took 0.056 seconds
[2025-05-03T23:38:29.228+0000] {processor.py:154} INFO - Started process (PID=44536) to work on /home/airflow/.local/lib/python3.7/site-packages/airflow/example_dags/example_xcomargs.py
[2025-05-03T23:38:29.230+0000] {processor.py:756} INFO - Processing file /home/airflow/.local/lib/python3.7/site-packages/airflow/example_dags/example_xcomargs.py for tasks to queue
[2025-05-03T23:38:29.231+0000] {logging_mixin.py:120} INFO - [2025-05-03T23:38:29.231+0000] {dagbag.py:537} INFO - Filling up the DagBag from /home/airflow/.local/lib/python3.7/site-packages/airflow/example_dags/example_xcomargs.py
[2025-05-03T23:38:29.242+0000] {processor.py:766} INFO - DAG(s) dict_keys(['example_xcom_args', 'example_xcom_args_with_operators']) retrieved from /home/airflow/.local/lib/python3.7/site-packages/airflow/example_dags/example_xcomargs.py
[2025-05-03T23:38:29.260+0000] {logging_mixin.py:120} INFO - [2025-05-03T23:38:29.260+0000] {dag.py:2585} INFO - Sync 2 DAGs
[2025-05-03T23:38:29.270+0000] {logging_mixin.py:120} INFO - [2025-05-03T23:38:29.270+0000] {dag.py:3340} INFO - Setting next_dagrun for example_xcom_args to None, run_after=None
[2025-05-03T23:38:29.272+0000] {logging_mixin.py:120} INFO - [2025-05-03T23:38:29.272+0000] {dag.py:3340} INFO - Setting next_dagrun for example_xcom_args_with_operators to None, run_after=None
[2025-05-03T23:38:29.278+0000] {processor.py:176} INFO - Processing /home/airflow/.local/lib/python3.7/site-packages/airflow/example_dags/example_xcomargs.py took 0.052 seconds
[2025-05-03T23:56:24.980+0000] {processor.py:154} INFO - Started process (PID=44599) to work on /home/airflow/.local/lib/python3.7/site-packages/airflow/example_dags/example_xcomargs.py
[2025-05-03T23:56:24.981+0000] {processor.py:756} INFO - Processing file /home/airflow/.local/lib/python3.7/site-packages/airflow/example_dags/example_xcomargs.py for tasks to queue
[2025-05-03T23:56:24.981+0000] {logging_mixin.py:120} INFO - [2025-05-03T23:56:24.981+0000] {dagbag.py:537} INFO - Filling up the DagBag from /home/airflow/.local/lib/python3.7/site-packages/airflow/example_dags/example_xcomargs.py
[2025-05-03T23:56:24.992+0000] {processor.py:766} INFO - DAG(s) dict_keys(['example_xcom_args', 'example_xcom_args_with_operators']) retrieved from /home/airflow/.local/lib/python3.7/site-packages/airflow/example_dags/example_xcomargs.py
[2025-05-03T23:56:25.013+0000] {logging_mixin.py:120} INFO - [2025-05-03T23:56:25.013+0000] {dag.py:2585} INFO - Sync 2 DAGs
[2025-05-03T23:56:25.024+0000] {logging_mixin.py:120} INFO - [2025-05-03T23:56:25.024+0000] {dag.py:3340} INFO - Setting next_dagrun for example_xcom_args to None, run_after=None
[2025-05-03T23:56:25.026+0000] {logging_mixin.py:120} INFO - [2025-05-03T23:56:25.026+0000] {dag.py:3340} INFO - Setting next_dagrun for example_xcom_args_with_operators to None, run_after=None
[2025-05-03T23:56:25.037+0000] {processor.py:176} INFO - Processing /home/airflow/.local/lib/python3.7/site-packages/airflow/example_dags/example_xcomargs.py took 0.058 seconds
