[2025-05-03T00:29:31.259+0000] {processor.py:154} INFO - Started process (PID=42620) to work on /home/airflow/.local/lib/python3.7/site-packages/airflow/example_dags/example_time_delta_sensor_async.py
[2025-05-03T00:29:31.260+0000] {processor.py:756} INFO - Processing file /home/airflow/.local/lib/python3.7/site-packages/airflow/example_dags/example_time_delta_sensor_async.py for tasks to queue
[2025-05-03T00:29:31.260+0000] {logging_mixin.py:120} INFO - [2025-05-03T00:29:31.260+0000] {dagbag.py:537} INFO - Filling up the DagBag from /home/airflow/.local/lib/python3.7/site-packages/airflow/example_dags/example_time_delta_sensor_async.py
[2025-05-03T00:29:31.266+0000] {processor.py:766} INFO - DAG(s) dict_keys(['example_time_delta_sensor_async']) retrieved from /home/airflow/.local/lib/python3.7/site-packages/airflow/example_dags/example_time_delta_sensor_async.py
[2025-05-03T00:29:31.343+0000] {logging_mixin.py:120} INFO - [2025-05-03T00:29:31.343+0000] {dag.py:2585} INFO - Sync 1 DAGs
[2025-05-03T00:29:31.354+0000] {logging_mixin.py:120} INFO - [2025-05-03T00:29:31.354+0000] {dag.py:3340} INFO - Setting next_dagrun for example_time_delta_sensor_async to None, run_after=None
[2025-05-03T00:29:31.362+0000] {processor.py:176} INFO - Processing /home/airflow/.local/lib/python3.7/site-packages/airflow/example_dags/example_time_delta_sensor_async.py took 0.105 seconds
[2025-05-03T00:52:39.513+0000] {processor.py:154} INFO - Started process (PID=42674) to work on /home/airflow/.local/lib/python3.7/site-packages/airflow/example_dags/example_time_delta_sensor_async.py
[2025-05-03T00:52:39.514+0000] {processor.py:756} INFO - Processing file /home/airflow/.local/lib/python3.7/site-packages/airflow/example_dags/example_time_delta_sensor_async.py for tasks to queue
[2025-05-03T00:52:39.514+0000] {logging_mixin.py:120} INFO - [2025-05-03T00:52:39.514+0000] {dagbag.py:537} INFO - Filling up the DagBag from /home/airflow/.local/lib/python3.7/site-packages/airflow/example_dags/example_time_delta_sensor_async.py
[2025-05-03T00:52:39.520+0000] {processor.py:766} INFO - DAG(s) dict_keys(['example_time_delta_sensor_async']) retrieved from /home/airflow/.local/lib/python3.7/site-packages/airflow/example_dags/example_time_delta_sensor_async.py
[2025-05-03T00:52:39.592+0000] {logging_mixin.py:120} INFO - [2025-05-03T00:52:39.592+0000] {dag.py:2585} INFO - Sync 1 DAGs
[2025-05-03T00:52:39.603+0000] {logging_mixin.py:120} INFO - [2025-05-03T00:52:39.603+0000] {dag.py:3340} INFO - Setting next_dagrun for example_time_delta_sensor_async to None, run_after=None
[2025-05-03T00:52:39.620+0000] {processor.py:176} INFO - Processing /home/airflow/.local/lib/python3.7/site-packages/airflow/example_dags/example_time_delta_sensor_async.py took 0.108 seconds
[2025-05-03T01:16:07.897+0000] {processor.py:154} INFO - Started process (PID=42737) to work on /home/airflow/.local/lib/python3.7/site-packages/airflow/example_dags/example_time_delta_sensor_async.py
[2025-05-03T01:16:07.898+0000] {processor.py:756} INFO - Processing file /home/airflow/.local/lib/python3.7/site-packages/airflow/example_dags/example_time_delta_sensor_async.py for tasks to queue
[2025-05-03T01:16:07.898+0000] {logging_mixin.py:120} INFO - [2025-05-03T01:16:07.898+0000] {dagbag.py:537} INFO - Filling up the DagBag from /home/airflow/.local/lib/python3.7/site-packages/airflow/example_dags/example_time_delta_sensor_async.py
[2025-05-03T01:16:07.903+0000] {processor.py:766} INFO - DAG(s) dict_keys(['example_time_delta_sensor_async']) retrieved from /home/airflow/.local/lib/python3.7/site-packages/airflow/example_dags/example_time_delta_sensor_async.py
[2025-05-03T01:16:07.982+0000] {logging_mixin.py:120} INFO - [2025-05-03T01:16:07.982+0000] {dag.py:2585} INFO - Sync 1 DAGs
[2025-05-03T01:16:07.993+0000] {logging_mixin.py:120} INFO - [2025-05-03T01:16:07.993+0000] {dag.py:3340} INFO - Setting next_dagrun for example_time_delta_sensor_async to None, run_after=None
[2025-05-03T01:16:08.001+0000] {processor.py:176} INFO - Processing /home/airflow/.local/lib/python3.7/site-packages/airflow/example_dags/example_time_delta_sensor_async.py took 0.105 seconds
[2025-05-03T01:19:52.463+0000] {processor.py:154} INFO - Started process (PID=42799) to work on /home/airflow/.local/lib/python3.7/site-packages/airflow/example_dags/example_time_delta_sensor_async.py
[2025-05-03T01:19:52.469+0000] {processor.py:756} INFO - Processing file /home/airflow/.local/lib/python3.7/site-packages/airflow/example_dags/example_time_delta_sensor_async.py for tasks to queue
[2025-05-03T01:19:52.471+0000] {logging_mixin.py:120} INFO - [2025-05-03T01:19:52.471+0000] {dagbag.py:537} INFO - Filling up the DagBag from /home/airflow/.local/lib/python3.7/site-packages/airflow/example_dags/example_time_delta_sensor_async.py
[2025-05-03T01:19:52.478+0000] {processor.py:766} INFO - DAG(s) dict_keys(['example_time_delta_sensor_async']) retrieved from /home/airflow/.local/lib/python3.7/site-packages/airflow/example_dags/example_time_delta_sensor_async.py
[2025-05-03T01:19:52.557+0000] {logging_mixin.py:120} INFO - [2025-05-03T01:19:52.557+0000] {dag.py:2585} INFO - Sync 1 DAGs
[2025-05-03T01:19:52.567+0000] {logging_mixin.py:120} INFO - [2025-05-03T01:19:52.567+0000] {dag.py:3340} INFO - Setting next_dagrun for example_time_delta_sensor_async to None, run_after=None
[2025-05-03T01:19:52.575+0000] {processor.py:176} INFO - Processing /home/airflow/.local/lib/python3.7/site-packages/airflow/example_dags/example_time_delta_sensor_async.py took 0.113 seconds
[2025-05-03T01:24:04.215+0000] {processor.py:154} INFO - Started process (PID=42861) to work on /home/airflow/.local/lib/python3.7/site-packages/airflow/example_dags/example_time_delta_sensor_async.py
[2025-05-03T01:24:04.217+0000] {processor.py:756} INFO - Processing file /home/airflow/.local/lib/python3.7/site-packages/airflow/example_dags/example_time_delta_sensor_async.py for tasks to queue
[2025-05-03T01:24:04.217+0000] {logging_mixin.py:120} INFO - [2025-05-03T01:24:04.217+0000] {dagbag.py:537} INFO - Filling up the DagBag from /home/airflow/.local/lib/python3.7/site-packages/airflow/example_dags/example_time_delta_sensor_async.py
[2025-05-03T01:24:04.225+0000] {processor.py:766} INFO - DAG(s) dict_keys(['example_time_delta_sensor_async']) retrieved from /home/airflow/.local/lib/python3.7/site-packages/airflow/example_dags/example_time_delta_sensor_async.py
[2025-05-03T01:24:04.298+0000] {logging_mixin.py:120} INFO - [2025-05-03T01:24:04.298+0000] {dag.py:2585} INFO - Sync 1 DAGs
[2025-05-03T01:24:04.310+0000] {logging_mixin.py:120} INFO - [2025-05-03T01:24:04.309+0000] {dag.py:3340} INFO - Setting next_dagrun for example_time_delta_sensor_async to None, run_after=None
[2025-05-03T01:24:04.329+0000] {processor.py:176} INFO - Processing /home/airflow/.local/lib/python3.7/site-packages/airflow/example_dags/example_time_delta_sensor_async.py took 0.115 seconds
[2025-05-03T02:06:32.205+0000] {processor.py:154} INFO - Started process (PID=42924) to work on /home/airflow/.local/lib/python3.7/site-packages/airflow/example_dags/example_time_delta_sensor_async.py
[2025-05-03T02:06:32.206+0000] {processor.py:756} INFO - Processing file /home/airflow/.local/lib/python3.7/site-packages/airflow/example_dags/example_time_delta_sensor_async.py for tasks to queue
[2025-05-03T02:06:32.206+0000] {logging_mixin.py:120} INFO - [2025-05-03T02:06:32.206+0000] {dagbag.py:537} INFO - Filling up the DagBag from /home/airflow/.local/lib/python3.7/site-packages/airflow/example_dags/example_time_delta_sensor_async.py
[2025-05-03T02:06:32.214+0000] {processor.py:766} INFO - DAG(s) dict_keys(['example_time_delta_sensor_async']) retrieved from /home/airflow/.local/lib/python3.7/site-packages/airflow/example_dags/example_time_delta_sensor_async.py
[2025-05-03T02:06:32.292+0000] {logging_mixin.py:120} INFO - [2025-05-03T02:06:32.292+0000] {dag.py:2585} INFO - Sync 1 DAGs
[2025-05-03T02:06:32.308+0000] {logging_mixin.py:120} INFO - [2025-05-03T02:06:32.308+0000] {dag.py:3340} INFO - Setting next_dagrun for example_time_delta_sensor_async to None, run_after=None
[2025-05-03T02:06:32.318+0000] {processor.py:176} INFO - Processing /home/airflow/.local/lib/python3.7/site-packages/airflow/example_dags/example_time_delta_sensor_async.py took 0.115 seconds
[2025-05-03T02:48:23.939+0000] {processor.py:154} INFO - Started process (PID=42987) to work on /home/airflow/.local/lib/python3.7/site-packages/airflow/example_dags/example_time_delta_sensor_async.py
[2025-05-03T02:48:23.941+0000] {processor.py:756} INFO - Processing file /home/airflow/.local/lib/python3.7/site-packages/airflow/example_dags/example_time_delta_sensor_async.py for tasks to queue
[2025-05-03T02:48:23.942+0000] {logging_mixin.py:120} INFO - [2025-05-03T02:48:23.942+0000] {dagbag.py:537} INFO - Filling up the DagBag from /home/airflow/.local/lib/python3.7/site-packages/airflow/example_dags/example_time_delta_sensor_async.py
[2025-05-03T02:48:23.949+0000] {processor.py:766} INFO - DAG(s) dict_keys(['example_time_delta_sensor_async']) retrieved from /home/airflow/.local/lib/python3.7/site-packages/airflow/example_dags/example_time_delta_sensor_async.py
[2025-05-03T02:48:24.039+0000] {logging_mixin.py:120} INFO - [2025-05-03T02:48:24.039+0000] {dag.py:2585} INFO - Sync 1 DAGs
[2025-05-03T02:48:24.052+0000] {logging_mixin.py:120} INFO - [2025-05-03T02:48:24.052+0000] {dag.py:3340} INFO - Setting next_dagrun for example_time_delta_sensor_async to None, run_after=None
[2025-05-03T02:48:24.066+0000] {processor.py:176} INFO - Processing /home/airflow/.local/lib/python3.7/site-packages/airflow/example_dags/example_time_delta_sensor_async.py took 0.129 seconds
[2025-05-03T03:21:19.743+0000] {processor.py:154} INFO - Started process (PID=43048) to work on /home/airflow/.local/lib/python3.7/site-packages/airflow/example_dags/example_time_delta_sensor_async.py
[2025-05-03T03:21:19.744+0000] {processor.py:756} INFO - Processing file /home/airflow/.local/lib/python3.7/site-packages/airflow/example_dags/example_time_delta_sensor_async.py for tasks to queue
[2025-05-03T03:21:19.744+0000] {logging_mixin.py:120} INFO - [2025-05-03T03:21:19.744+0000] {dagbag.py:537} INFO - Filling up the DagBag from /home/airflow/.local/lib/python3.7/site-packages/airflow/example_dags/example_time_delta_sensor_async.py
[2025-05-03T03:21:19.751+0000] {processor.py:766} INFO - DAG(s) dict_keys(['example_time_delta_sensor_async']) retrieved from /home/airflow/.local/lib/python3.7/site-packages/airflow/example_dags/example_time_delta_sensor_async.py
[2025-05-03T03:21:19.828+0000] {logging_mixin.py:120} INFO - [2025-05-03T03:21:19.828+0000] {dag.py:2585} INFO - Sync 1 DAGs
[2025-05-03T03:21:19.838+0000] {logging_mixin.py:120} INFO - [2025-05-03T03:21:19.838+0000] {dag.py:3340} INFO - Setting next_dagrun for example_time_delta_sensor_async to None, run_after=None
[2025-05-03T03:21:19.846+0000] {processor.py:176} INFO - Processing /home/airflow/.local/lib/python3.7/site-packages/airflow/example_dags/example_time_delta_sensor_async.py took 0.105 seconds
[2025-05-03T04:10:41.827+0000] {processor.py:154} INFO - Started process (PID=43104) to work on /home/airflow/.local/lib/python3.7/site-packages/airflow/example_dags/example_time_delta_sensor_async.py
[2025-05-03T04:10:41.828+0000] {processor.py:756} INFO - Processing file /home/airflow/.local/lib/python3.7/site-packages/airflow/example_dags/example_time_delta_sensor_async.py for tasks to queue
[2025-05-03T04:10:41.828+0000] {logging_mixin.py:120} INFO - [2025-05-03T04:10:41.828+0000] {dagbag.py:537} INFO - Filling up the DagBag from /home/airflow/.local/lib/python3.7/site-packages/airflow/example_dags/example_time_delta_sensor_async.py
[2025-05-03T04:10:41.835+0000] {processor.py:766} INFO - DAG(s) dict_keys(['example_time_delta_sensor_async']) retrieved from /home/airflow/.local/lib/python3.7/site-packages/airflow/example_dags/example_time_delta_sensor_async.py
[2025-05-03T04:10:41.910+0000] {logging_mixin.py:120} INFO - [2025-05-03T04:10:41.910+0000] {dag.py:2585} INFO - Sync 1 DAGs
[2025-05-03T04:10:41.920+0000] {logging_mixin.py:120} INFO - [2025-05-03T04:10:41.920+0000] {dag.py:3340} INFO - Setting next_dagrun for example_time_delta_sensor_async to None, run_after=None
[2025-05-03T04:10:41.927+0000] {processor.py:176} INFO - Processing /home/airflow/.local/lib/python3.7/site-packages/airflow/example_dags/example_time_delta_sensor_async.py took 0.101 seconds
[2025-05-03T04:54:15.928+0000] {processor.py:154} INFO - Started process (PID=43167) to work on /home/airflow/.local/lib/python3.7/site-packages/airflow/example_dags/example_time_delta_sensor_async.py
[2025-05-03T04:54:15.929+0000] {processor.py:756} INFO - Processing file /home/airflow/.local/lib/python3.7/site-packages/airflow/example_dags/example_time_delta_sensor_async.py for tasks to queue
[2025-05-03T04:54:15.929+0000] {logging_mixin.py:120} INFO - [2025-05-03T04:54:15.929+0000] {dagbag.py:537} INFO - Filling up the DagBag from /home/airflow/.local/lib/python3.7/site-packages/airflow/example_dags/example_time_delta_sensor_async.py
[2025-05-03T04:54:15.937+0000] {processor.py:766} INFO - DAG(s) dict_keys(['example_time_delta_sensor_async']) retrieved from /home/airflow/.local/lib/python3.7/site-packages/airflow/example_dags/example_time_delta_sensor_async.py
[2025-05-03T04:54:16.016+0000] {logging_mixin.py:120} INFO - [2025-05-03T04:54:16.016+0000] {dag.py:2585} INFO - Sync 1 DAGs
[2025-05-03T04:54:16.027+0000] {logging_mixin.py:120} INFO - [2025-05-03T04:54:16.027+0000] {dag.py:3340} INFO - Setting next_dagrun for example_time_delta_sensor_async to None, run_after=None
[2025-05-03T04:54:16.037+0000] {processor.py:176} INFO - Processing /home/airflow/.local/lib/python3.7/site-packages/airflow/example_dags/example_time_delta_sensor_async.py took 0.111 seconds
[2025-05-03T05:53:09.199+0000] {processor.py:154} INFO - Started process (PID=43230) to work on /home/airflow/.local/lib/python3.7/site-packages/airflow/example_dags/example_time_delta_sensor_async.py
[2025-05-03T05:53:09.199+0000] {processor.py:756} INFO - Processing file /home/airflow/.local/lib/python3.7/site-packages/airflow/example_dags/example_time_delta_sensor_async.py for tasks to queue
[2025-05-03T05:53:09.200+0000] {logging_mixin.py:120} INFO - [2025-05-03T05:53:09.200+0000] {dagbag.py:537} INFO - Filling up the DagBag from /home/airflow/.local/lib/python3.7/site-packages/airflow/example_dags/example_time_delta_sensor_async.py
[2025-05-03T05:53:09.207+0000] {processor.py:766} INFO - DAG(s) dict_keys(['example_time_delta_sensor_async']) retrieved from /home/airflow/.local/lib/python3.7/site-packages/airflow/example_dags/example_time_delta_sensor_async.py
[2025-05-03T05:53:09.282+0000] {logging_mixin.py:120} INFO - [2025-05-03T05:53:09.282+0000] {dag.py:2585} INFO - Sync 1 DAGs
[2025-05-03T05:53:09.294+0000] {logging_mixin.py:120} INFO - [2025-05-03T05:53:09.293+0000] {dag.py:3340} INFO - Setting next_dagrun for example_time_delta_sensor_async to None, run_after=None
[2025-05-03T05:53:09.306+0000] {processor.py:176} INFO - Processing /home/airflow/.local/lib/python3.7/site-packages/airflow/example_dags/example_time_delta_sensor_async.py took 0.109 seconds
[2025-05-03T06:30:38.127+0000] {processor.py:154} INFO - Started process (PID=43294) to work on /home/airflow/.local/lib/python3.7/site-packages/airflow/example_dags/example_time_delta_sensor_async.py
[2025-05-03T06:30:38.128+0000] {processor.py:756} INFO - Processing file /home/airflow/.local/lib/python3.7/site-packages/airflow/example_dags/example_time_delta_sensor_async.py for tasks to queue
[2025-05-03T06:30:38.129+0000] {logging_mixin.py:120} INFO - [2025-05-03T06:30:38.129+0000] {dagbag.py:537} INFO - Filling up the DagBag from /home/airflow/.local/lib/python3.7/site-packages/airflow/example_dags/example_time_delta_sensor_async.py
[2025-05-03T06:30:38.135+0000] {processor.py:766} INFO - DAG(s) dict_keys(['example_time_delta_sensor_async']) retrieved from /home/airflow/.local/lib/python3.7/site-packages/airflow/example_dags/example_time_delta_sensor_async.py
[2025-05-03T06:30:38.213+0000] {logging_mixin.py:120} INFO - [2025-05-03T06:30:38.213+0000] {dag.py:2585} INFO - Sync 1 DAGs
[2025-05-03T06:30:38.225+0000] {logging_mixin.py:120} INFO - [2025-05-03T06:30:38.225+0000] {dag.py:3340} INFO - Setting next_dagrun for example_time_delta_sensor_async to None, run_after=None
[2025-05-03T06:30:38.237+0000] {processor.py:176} INFO - Processing /home/airflow/.local/lib/python3.7/site-packages/airflow/example_dags/example_time_delta_sensor_async.py took 0.112 seconds
[2025-05-03T07:22:15.779+0000] {processor.py:154} INFO - Started process (PID=43357) to work on /home/airflow/.local/lib/python3.7/site-packages/airflow/example_dags/example_time_delta_sensor_async.py
[2025-05-03T07:22:15.780+0000] {processor.py:756} INFO - Processing file /home/airflow/.local/lib/python3.7/site-packages/airflow/example_dags/example_time_delta_sensor_async.py for tasks to queue
[2025-05-03T07:22:15.780+0000] {logging_mixin.py:120} INFO - [2025-05-03T07:22:15.780+0000] {dagbag.py:537} INFO - Filling up the DagBag from /home/airflow/.local/lib/python3.7/site-packages/airflow/example_dags/example_time_delta_sensor_async.py
[2025-05-03T07:22:15.787+0000] {processor.py:766} INFO - DAG(s) dict_keys(['example_time_delta_sensor_async']) retrieved from /home/airflow/.local/lib/python3.7/site-packages/airflow/example_dags/example_time_delta_sensor_async.py
[2025-05-03T07:22:15.867+0000] {logging_mixin.py:120} INFO - [2025-05-03T07:22:15.867+0000] {dag.py:2585} INFO - Sync 1 DAGs
[2025-05-03T07:22:15.880+0000] {logging_mixin.py:120} INFO - [2025-05-03T07:22:15.879+0000] {dag.py:3340} INFO - Setting next_dagrun for example_time_delta_sensor_async to None, run_after=None
[2025-05-03T07:22:15.893+0000] {processor.py:176} INFO - Processing /home/airflow/.local/lib/python3.7/site-packages/airflow/example_dags/example_time_delta_sensor_async.py took 0.117 seconds
[2025-05-03T08:23:10.591+0000] {processor.py:154} INFO - Started process (PID=43420) to work on /home/airflow/.local/lib/python3.7/site-packages/airflow/example_dags/example_time_delta_sensor_async.py
[2025-05-03T08:23:10.593+0000] {processor.py:756} INFO - Processing file /home/airflow/.local/lib/python3.7/site-packages/airflow/example_dags/example_time_delta_sensor_async.py for tasks to queue
[2025-05-03T08:23:10.593+0000] {logging_mixin.py:120} INFO - [2025-05-03T08:23:10.593+0000] {dagbag.py:537} INFO - Filling up the DagBag from /home/airflow/.local/lib/python3.7/site-packages/airflow/example_dags/example_time_delta_sensor_async.py
[2025-05-03T08:23:10.601+0000] {processor.py:766} INFO - DAG(s) dict_keys(['example_time_delta_sensor_async']) retrieved from /home/airflow/.local/lib/python3.7/site-packages/airflow/example_dags/example_time_delta_sensor_async.py
[2025-05-03T08:23:10.680+0000] {logging_mixin.py:120} INFO - [2025-05-03T08:23:10.680+0000] {dag.py:2585} INFO - Sync 1 DAGs
[2025-05-03T08:23:10.692+0000] {logging_mixin.py:120} INFO - [2025-05-03T08:23:10.692+0000] {dag.py:3340} INFO - Setting next_dagrun for example_time_delta_sensor_async to None, run_after=None
[2025-05-03T08:23:10.708+0000] {processor.py:176} INFO - Processing /home/airflow/.local/lib/python3.7/site-packages/airflow/example_dags/example_time_delta_sensor_async.py took 0.118 seconds
[2025-05-03T09:41:38.203+0000] {processor.py:154} INFO - Started process (PID=43473) to work on /home/airflow/.local/lib/python3.7/site-packages/airflow/example_dags/example_time_delta_sensor_async.py
[2025-05-03T09:41:38.206+0000] {processor.py:756} INFO - Processing file /home/airflow/.local/lib/python3.7/site-packages/airflow/example_dags/example_time_delta_sensor_async.py for tasks to queue
[2025-05-03T09:41:38.206+0000] {logging_mixin.py:120} INFO - [2025-05-03T09:41:38.206+0000] {dagbag.py:537} INFO - Filling up the DagBag from /home/airflow/.local/lib/python3.7/site-packages/airflow/example_dags/example_time_delta_sensor_async.py
[2025-05-03T09:41:38.213+0000] {processor.py:766} INFO - DAG(s) dict_keys(['example_time_delta_sensor_async']) retrieved from /home/airflow/.local/lib/python3.7/site-packages/airflow/example_dags/example_time_delta_sensor_async.py
[2025-05-03T09:41:38.290+0000] {logging_mixin.py:120} INFO - [2025-05-03T09:41:38.290+0000] {dag.py:2585} INFO - Sync 1 DAGs
[2025-05-03T09:41:38.305+0000] {logging_mixin.py:120} INFO - [2025-05-03T09:41:38.305+0000] {dag.py:3340} INFO - Setting next_dagrun for example_time_delta_sensor_async to None, run_after=None
[2025-05-03T09:41:38.315+0000] {processor.py:176} INFO - Processing /home/airflow/.local/lib/python3.7/site-packages/airflow/example_dags/example_time_delta_sensor_async.py took 0.114 seconds
[2025-05-03T10:58:27.743+0000] {processor.py:154} INFO - Started process (PID=43536) to work on /home/airflow/.local/lib/python3.7/site-packages/airflow/example_dags/example_time_delta_sensor_async.py
[2025-05-03T10:58:27.744+0000] {processor.py:756} INFO - Processing file /home/airflow/.local/lib/python3.7/site-packages/airflow/example_dags/example_time_delta_sensor_async.py for tasks to queue
[2025-05-03T10:58:27.744+0000] {logging_mixin.py:120} INFO - [2025-05-03T10:58:27.744+0000] {dagbag.py:537} INFO - Filling up the DagBag from /home/airflow/.local/lib/python3.7/site-packages/airflow/example_dags/example_time_delta_sensor_async.py
[2025-05-03T10:58:27.751+0000] {processor.py:766} INFO - DAG(s) dict_keys(['example_time_delta_sensor_async']) retrieved from /home/airflow/.local/lib/python3.7/site-packages/airflow/example_dags/example_time_delta_sensor_async.py
[2025-05-03T10:58:27.827+0000] {logging_mixin.py:120} INFO - [2025-05-03T10:58:27.827+0000] {dag.py:2585} INFO - Sync 1 DAGs
[2025-05-03T10:58:27.839+0000] {logging_mixin.py:120} INFO - [2025-05-03T10:58:27.839+0000] {dag.py:3340} INFO - Setting next_dagrun for example_time_delta_sensor_async to None, run_after=None
[2025-05-03T10:58:27.848+0000] {processor.py:176} INFO - Processing /home/airflow/.local/lib/python3.7/site-packages/airflow/example_dags/example_time_delta_sensor_async.py took 0.107 seconds
[2025-05-03T11:42:14.653+0000] {processor.py:154} INFO - Started process (PID=43599) to work on /home/airflow/.local/lib/python3.7/site-packages/airflow/example_dags/example_time_delta_sensor_async.py
[2025-05-03T11:42:14.653+0000] {processor.py:756} INFO - Processing file /home/airflow/.local/lib/python3.7/site-packages/airflow/example_dags/example_time_delta_sensor_async.py for tasks to queue
[2025-05-03T11:42:14.655+0000] {logging_mixin.py:120} INFO - [2025-05-03T11:42:14.654+0000] {dagbag.py:537} INFO - Filling up the DagBag from /home/airflow/.local/lib/python3.7/site-packages/airflow/example_dags/example_time_delta_sensor_async.py
[2025-05-03T11:42:14.662+0000] {processor.py:766} INFO - DAG(s) dict_keys(['example_time_delta_sensor_async']) retrieved from /home/airflow/.local/lib/python3.7/site-packages/airflow/example_dags/example_time_delta_sensor_async.py
[2025-05-03T11:42:14.740+0000] {logging_mixin.py:120} INFO - [2025-05-03T11:42:14.740+0000] {dag.py:2585} INFO - Sync 1 DAGs
[2025-05-03T11:42:14.754+0000] {logging_mixin.py:120} INFO - [2025-05-03T11:42:14.754+0000] {dag.py:3340} INFO - Setting next_dagrun for example_time_delta_sensor_async to None, run_after=None
[2025-05-03T11:42:14.766+0000] {processor.py:176} INFO - Processing /home/airflow/.local/lib/python3.7/site-packages/airflow/example_dags/example_time_delta_sensor_async.py took 0.115 seconds
[2025-05-03T12:59:19.957+0000] {processor.py:154} INFO - Started process (PID=43662) to work on /home/airflow/.local/lib/python3.7/site-packages/airflow/example_dags/example_time_delta_sensor_async.py
[2025-05-03T12:59:19.958+0000] {processor.py:756} INFO - Processing file /home/airflow/.local/lib/python3.7/site-packages/airflow/example_dags/example_time_delta_sensor_async.py for tasks to queue
[2025-05-03T12:59:19.959+0000] {logging_mixin.py:120} INFO - [2025-05-03T12:59:19.959+0000] {dagbag.py:537} INFO - Filling up the DagBag from /home/airflow/.local/lib/python3.7/site-packages/airflow/example_dags/example_time_delta_sensor_async.py
[2025-05-03T12:59:19.966+0000] {processor.py:766} INFO - DAG(s) dict_keys(['example_time_delta_sensor_async']) retrieved from /home/airflow/.local/lib/python3.7/site-packages/airflow/example_dags/example_time_delta_sensor_async.py
[2025-05-03T12:59:20.048+0000] {logging_mixin.py:120} INFO - [2025-05-03T12:59:20.048+0000] {dag.py:2585} INFO - Sync 1 DAGs
[2025-05-03T12:59:20.062+0000] {logging_mixin.py:120} INFO - [2025-05-03T12:59:20.062+0000] {dag.py:3340} INFO - Setting next_dagrun for example_time_delta_sensor_async to None, run_after=None
[2025-05-03T12:59:20.075+0000] {processor.py:176} INFO - Processing /home/airflow/.local/lib/python3.7/site-packages/airflow/example_dags/example_time_delta_sensor_async.py took 0.120 seconds
[2025-05-03T13:28:31.163+0000] {processor.py:154} INFO - Started process (PID=43725) to work on /home/airflow/.local/lib/python3.7/site-packages/airflow/example_dags/example_time_delta_sensor_async.py
[2025-05-03T13:28:31.163+0000] {processor.py:756} INFO - Processing file /home/airflow/.local/lib/python3.7/site-packages/airflow/example_dags/example_time_delta_sensor_async.py for tasks to queue
[2025-05-03T13:28:31.164+0000] {logging_mixin.py:120} INFO - [2025-05-03T13:28:31.164+0000] {dagbag.py:537} INFO - Filling up the DagBag from /home/airflow/.local/lib/python3.7/site-packages/airflow/example_dags/example_time_delta_sensor_async.py
[2025-05-03T13:28:31.171+0000] {processor.py:766} INFO - DAG(s) dict_keys(['example_time_delta_sensor_async']) retrieved from /home/airflow/.local/lib/python3.7/site-packages/airflow/example_dags/example_time_delta_sensor_async.py
[2025-05-03T13:28:31.248+0000] {logging_mixin.py:120} INFO - [2025-05-03T13:28:31.248+0000] {dag.py:2585} INFO - Sync 1 DAGs
[2025-05-03T13:28:31.258+0000] {logging_mixin.py:120} INFO - [2025-05-03T13:28:31.258+0000] {dag.py:3340} INFO - Setting next_dagrun for example_time_delta_sensor_async to None, run_after=None
[2025-05-03T13:28:31.266+0000] {processor.py:176} INFO - Processing /home/airflow/.local/lib/python3.7/site-packages/airflow/example_dags/example_time_delta_sensor_async.py took 0.105 seconds
[2025-05-03T13:29:08.004+0000] {processor.py:154} INFO - Started process (PID=43788) to work on /home/airflow/.local/lib/python3.7/site-packages/airflow/example_dags/example_time_delta_sensor_async.py
[2025-05-03T13:29:08.004+0000] {processor.py:756} INFO - Processing file /home/airflow/.local/lib/python3.7/site-packages/airflow/example_dags/example_time_delta_sensor_async.py for tasks to queue
[2025-05-03T13:29:08.005+0000] {logging_mixin.py:120} INFO - [2025-05-03T13:29:08.005+0000] {dagbag.py:537} INFO - Filling up the DagBag from /home/airflow/.local/lib/python3.7/site-packages/airflow/example_dags/example_time_delta_sensor_async.py
[2025-05-03T13:29:08.012+0000] {processor.py:766} INFO - DAG(s) dict_keys(['example_time_delta_sensor_async']) retrieved from /home/airflow/.local/lib/python3.7/site-packages/airflow/example_dags/example_time_delta_sensor_async.py
[2025-05-03T13:29:08.090+0000] {logging_mixin.py:120} INFO - [2025-05-03T13:29:08.090+0000] {dag.py:2585} INFO - Sync 1 DAGs
[2025-05-03T13:29:08.102+0000] {logging_mixin.py:120} INFO - [2025-05-03T13:29:08.102+0000] {dag.py:3340} INFO - Setting next_dagrun for example_time_delta_sensor_async to None, run_after=None
[2025-05-03T13:29:08.114+0000] {processor.py:176} INFO - Processing /home/airflow/.local/lib/python3.7/site-packages/airflow/example_dags/example_time_delta_sensor_async.py took 0.112 seconds
[2025-05-03T14:29:10.423+0000] {processor.py:154} INFO - Started process (PID=43849) to work on /home/airflow/.local/lib/python3.7/site-packages/airflow/example_dags/example_time_delta_sensor_async.py
[2025-05-03T14:29:10.424+0000] {processor.py:756} INFO - Processing file /home/airflow/.local/lib/python3.7/site-packages/airflow/example_dags/example_time_delta_sensor_async.py for tasks to queue
[2025-05-03T14:29:10.424+0000] {logging_mixin.py:120} INFO - [2025-05-03T14:29:10.424+0000] {dagbag.py:537} INFO - Filling up the DagBag from /home/airflow/.local/lib/python3.7/site-packages/airflow/example_dags/example_time_delta_sensor_async.py
[2025-05-03T14:29:10.432+0000] {processor.py:766} INFO - DAG(s) dict_keys(['example_time_delta_sensor_async']) retrieved from /home/airflow/.local/lib/python3.7/site-packages/airflow/example_dags/example_time_delta_sensor_async.py
[2025-05-03T14:29:10.509+0000] {logging_mixin.py:120} INFO - [2025-05-03T14:29:10.508+0000] {dag.py:2585} INFO - Sync 1 DAGs
[2025-05-03T14:29:10.520+0000] {logging_mixin.py:120} INFO - [2025-05-03T14:29:10.520+0000] {dag.py:3340} INFO - Setting next_dagrun for example_time_delta_sensor_async to None, run_after=None
[2025-05-03T14:29:10.536+0000] {processor.py:176} INFO - Processing /home/airflow/.local/lib/python3.7/site-packages/airflow/example_dags/example_time_delta_sensor_async.py took 0.115 seconds
[2025-05-03T15:07:53.547+0000] {processor.py:154} INFO - Started process (PID=43903) to work on /home/airflow/.local/lib/python3.7/site-packages/airflow/example_dags/example_time_delta_sensor_async.py
[2025-05-03T15:07:53.548+0000] {processor.py:756} INFO - Processing file /home/airflow/.local/lib/python3.7/site-packages/airflow/example_dags/example_time_delta_sensor_async.py for tasks to queue
[2025-05-03T15:07:53.549+0000] {logging_mixin.py:120} INFO - [2025-05-03T15:07:53.549+0000] {dagbag.py:537} INFO - Filling up the DagBag from /home/airflow/.local/lib/python3.7/site-packages/airflow/example_dags/example_time_delta_sensor_async.py
[2025-05-03T15:07:53.555+0000] {processor.py:766} INFO - DAG(s) dict_keys(['example_time_delta_sensor_async']) retrieved from /home/airflow/.local/lib/python3.7/site-packages/airflow/example_dags/example_time_delta_sensor_async.py
[2025-05-03T15:07:53.633+0000] {logging_mixin.py:120} INFO - [2025-05-03T15:07:53.633+0000] {dag.py:2585} INFO - Sync 1 DAGs
[2025-05-03T15:07:53.645+0000] {logging_mixin.py:120} INFO - [2025-05-03T15:07:53.645+0000] {dag.py:3340} INFO - Setting next_dagrun for example_time_delta_sensor_async to None, run_after=None
[2025-05-03T15:07:53.655+0000] {processor.py:176} INFO - Processing /home/airflow/.local/lib/python3.7/site-packages/airflow/example_dags/example_time_delta_sensor_async.py took 0.109 seconds
[2025-05-03T16:21:02.906+0000] {processor.py:154} INFO - Started process (PID=43966) to work on /home/airflow/.local/lib/python3.7/site-packages/airflow/example_dags/example_time_delta_sensor_async.py
[2025-05-03T16:21:02.907+0000] {processor.py:756} INFO - Processing file /home/airflow/.local/lib/python3.7/site-packages/airflow/example_dags/example_time_delta_sensor_async.py for tasks to queue
[2025-05-03T16:21:02.907+0000] {logging_mixin.py:120} INFO - [2025-05-03T16:21:02.907+0000] {dagbag.py:537} INFO - Filling up the DagBag from /home/airflow/.local/lib/python3.7/site-packages/airflow/example_dags/example_time_delta_sensor_async.py
[2025-05-03T16:21:02.914+0000] {processor.py:766} INFO - DAG(s) dict_keys(['example_time_delta_sensor_async']) retrieved from /home/airflow/.local/lib/python3.7/site-packages/airflow/example_dags/example_time_delta_sensor_async.py
[2025-05-03T16:21:02.987+0000] {logging_mixin.py:120} INFO - [2025-05-03T16:21:02.987+0000] {dag.py:2585} INFO - Sync 1 DAGs
[2025-05-03T16:21:02.998+0000] {logging_mixin.py:120} INFO - [2025-05-03T16:21:02.998+0000] {dag.py:3340} INFO - Setting next_dagrun for example_time_delta_sensor_async to None, run_after=None
[2025-05-03T16:21:03.005+0000] {processor.py:176} INFO - Processing /home/airflow/.local/lib/python3.7/site-packages/airflow/example_dags/example_time_delta_sensor_async.py took 0.101 seconds
[2025-05-03T16:48:05.249+0000] {processor.py:154} INFO - Started process (PID=44028) to work on /home/airflow/.local/lib/python3.7/site-packages/airflow/example_dags/example_time_delta_sensor_async.py
[2025-05-03T16:48:05.250+0000] {processor.py:756} INFO - Processing file /home/airflow/.local/lib/python3.7/site-packages/airflow/example_dags/example_time_delta_sensor_async.py for tasks to queue
[2025-05-03T16:48:05.252+0000] {logging_mixin.py:120} INFO - [2025-05-03T16:48:05.252+0000] {dagbag.py:537} INFO - Filling up the DagBag from /home/airflow/.local/lib/python3.7/site-packages/airflow/example_dags/example_time_delta_sensor_async.py
[2025-05-03T16:48:05.258+0000] {processor.py:766} INFO - DAG(s) dict_keys(['example_time_delta_sensor_async']) retrieved from /home/airflow/.local/lib/python3.7/site-packages/airflow/example_dags/example_time_delta_sensor_async.py
[2025-05-03T16:48:05.336+0000] {logging_mixin.py:120} INFO - [2025-05-03T16:48:05.336+0000] {dag.py:2585} INFO - Sync 1 DAGs
[2025-05-03T16:48:05.348+0000] {logging_mixin.py:120} INFO - [2025-05-03T16:48:05.348+0000] {dag.py:3340} INFO - Setting next_dagrun for example_time_delta_sensor_async to None, run_after=None
[2025-05-03T16:48:05.356+0000] {processor.py:176} INFO - Processing /home/airflow/.local/lib/python3.7/site-packages/airflow/example_dags/example_time_delta_sensor_async.py took 0.109 seconds
[2025-05-03T18:05:53.694+0000] {processor.py:154} INFO - Started process (PID=44091) to work on /home/airflow/.local/lib/python3.7/site-packages/airflow/example_dags/example_time_delta_sensor_async.py
[2025-05-03T18:05:53.695+0000] {processor.py:756} INFO - Processing file /home/airflow/.local/lib/python3.7/site-packages/airflow/example_dags/example_time_delta_sensor_async.py for tasks to queue
[2025-05-03T18:05:53.697+0000] {logging_mixin.py:120} INFO - [2025-05-03T18:05:53.697+0000] {dagbag.py:537} INFO - Filling up the DagBag from /home/airflow/.local/lib/python3.7/site-packages/airflow/example_dags/example_time_delta_sensor_async.py
[2025-05-03T18:05:53.705+0000] {processor.py:766} INFO - DAG(s) dict_keys(['example_time_delta_sensor_async']) retrieved from /home/airflow/.local/lib/python3.7/site-packages/airflow/example_dags/example_time_delta_sensor_async.py
[2025-05-03T18:05:53.795+0000] {logging_mixin.py:120} INFO - [2025-05-03T18:05:53.795+0000] {dag.py:2585} INFO - Sync 1 DAGs
[2025-05-03T18:05:53.809+0000] {logging_mixin.py:120} INFO - [2025-05-03T18:05:53.809+0000] {dag.py:3340} INFO - Setting next_dagrun for example_time_delta_sensor_async to None, run_after=None
[2025-05-03T18:05:53.818+0000] {processor.py:176} INFO - Processing /home/airflow/.local/lib/python3.7/site-packages/airflow/example_dags/example_time_delta_sensor_async.py took 0.126 seconds
[2025-05-03T19:25:57.248+0000] {processor.py:154} INFO - Started process (PID=44154) to work on /home/airflow/.local/lib/python3.7/site-packages/airflow/example_dags/example_time_delta_sensor_async.py
[2025-05-03T19:25:57.249+0000] {processor.py:756} INFO - Processing file /home/airflow/.local/lib/python3.7/site-packages/airflow/example_dags/example_time_delta_sensor_async.py for tasks to queue
[2025-05-03T19:25:57.250+0000] {logging_mixin.py:120} INFO - [2025-05-03T19:25:57.249+0000] {dagbag.py:537} INFO - Filling up the DagBag from /home/airflow/.local/lib/python3.7/site-packages/airflow/example_dags/example_time_delta_sensor_async.py
[2025-05-03T19:25:57.256+0000] {processor.py:766} INFO - DAG(s) dict_keys(['example_time_delta_sensor_async']) retrieved from /home/airflow/.local/lib/python3.7/site-packages/airflow/example_dags/example_time_delta_sensor_async.py
[2025-05-03T19:25:57.336+0000] {logging_mixin.py:120} INFO - [2025-05-03T19:25:57.336+0000] {dag.py:2585} INFO - Sync 1 DAGs
[2025-05-03T19:25:57.349+0000] {logging_mixin.py:120} INFO - [2025-05-03T19:25:57.348+0000] {dag.py:3340} INFO - Setting next_dagrun for example_time_delta_sensor_async to None, run_after=None
[2025-05-03T19:25:57.357+0000] {processor.py:176} INFO - Processing /home/airflow/.local/lib/python3.7/site-packages/airflow/example_dags/example_time_delta_sensor_async.py took 0.110 seconds
[2025-05-03T20:07:04.727+0000] {processor.py:154} INFO - Started process (PID=44216) to work on /home/airflow/.local/lib/python3.7/site-packages/airflow/example_dags/example_time_delta_sensor_async.py
[2025-05-03T20:07:04.728+0000] {processor.py:756} INFO - Processing file /home/airflow/.local/lib/python3.7/site-packages/airflow/example_dags/example_time_delta_sensor_async.py for tasks to queue
[2025-05-03T20:07:04.728+0000] {logging_mixin.py:120} INFO - [2025-05-03T20:07:04.728+0000] {dagbag.py:537} INFO - Filling up the DagBag from /home/airflow/.local/lib/python3.7/site-packages/airflow/example_dags/example_time_delta_sensor_async.py
[2025-05-03T20:07:04.736+0000] {processor.py:766} INFO - DAG(s) dict_keys(['example_time_delta_sensor_async']) retrieved from /home/airflow/.local/lib/python3.7/site-packages/airflow/example_dags/example_time_delta_sensor_async.py
[2025-05-03T20:07:04.810+0000] {logging_mixin.py:120} INFO - [2025-05-03T20:07:04.810+0000] {dag.py:2585} INFO - Sync 1 DAGs
[2025-05-03T20:07:04.823+0000] {logging_mixin.py:120} INFO - [2025-05-03T20:07:04.823+0000] {dag.py:3340} INFO - Setting next_dagrun for example_time_delta_sensor_async to None, run_after=None
[2025-05-03T20:07:04.832+0000] {processor.py:176} INFO - Processing /home/airflow/.local/lib/python3.7/site-packages/airflow/example_dags/example_time_delta_sensor_async.py took 0.107 seconds
[2025-05-03T21:36:13.109+0000] {processor.py:154} INFO - Started process (PID=44270) to work on /home/airflow/.local/lib/python3.7/site-packages/airflow/example_dags/example_time_delta_sensor_async.py
[2025-05-03T21:36:13.111+0000] {processor.py:756} INFO - Processing file /home/airflow/.local/lib/python3.7/site-packages/airflow/example_dags/example_time_delta_sensor_async.py for tasks to queue
[2025-05-03T21:36:13.112+0000] {logging_mixin.py:120} INFO - [2025-05-03T21:36:13.112+0000] {dagbag.py:537} INFO - Filling up the DagBag from /home/airflow/.local/lib/python3.7/site-packages/airflow/example_dags/example_time_delta_sensor_async.py
[2025-05-03T21:36:13.118+0000] {processor.py:766} INFO - DAG(s) dict_keys(['example_time_delta_sensor_async']) retrieved from /home/airflow/.local/lib/python3.7/site-packages/airflow/example_dags/example_time_delta_sensor_async.py
[2025-05-03T21:36:13.191+0000] {logging_mixin.py:120} INFO - [2025-05-03T21:36:13.191+0000] {dag.py:2585} INFO - Sync 1 DAGs
[2025-05-03T21:36:13.204+0000] {logging_mixin.py:120} INFO - [2025-05-03T21:36:13.204+0000] {dag.py:3340} INFO - Setting next_dagrun for example_time_delta_sensor_async to None, run_after=None
[2025-05-03T21:36:13.215+0000] {processor.py:176} INFO - Processing /home/airflow/.local/lib/python3.7/site-packages/airflow/example_dags/example_time_delta_sensor_async.py took 0.108 seconds
[2025-05-03T22:19:52.139+0000] {processor.py:154} INFO - Started process (PID=44333) to work on /home/airflow/.local/lib/python3.7/site-packages/airflow/example_dags/example_time_delta_sensor_async.py
[2025-05-03T22:19:52.140+0000] {processor.py:756} INFO - Processing file /home/airflow/.local/lib/python3.7/site-packages/airflow/example_dags/example_time_delta_sensor_async.py for tasks to queue
[2025-05-03T22:19:52.141+0000] {logging_mixin.py:120} INFO - [2025-05-03T22:19:52.141+0000] {dagbag.py:537} INFO - Filling up the DagBag from /home/airflow/.local/lib/python3.7/site-packages/airflow/example_dags/example_time_delta_sensor_async.py
[2025-05-03T22:19:52.147+0000] {processor.py:766} INFO - DAG(s) dict_keys(['example_time_delta_sensor_async']) retrieved from /home/airflow/.local/lib/python3.7/site-packages/airflow/example_dags/example_time_delta_sensor_async.py
[2025-05-03T22:19:52.218+0000] {logging_mixin.py:120} INFO - [2025-05-03T22:19:52.218+0000] {dag.py:2585} INFO - Sync 1 DAGs
[2025-05-03T22:19:52.230+0000] {logging_mixin.py:120} INFO - [2025-05-03T22:19:52.230+0000] {dag.py:3340} INFO - Setting next_dagrun for example_time_delta_sensor_async to None, run_after=None
[2025-05-03T22:19:52.240+0000] {processor.py:176} INFO - Processing /home/airflow/.local/lib/python3.7/site-packages/airflow/example_dags/example_time_delta_sensor_async.py took 0.102 seconds
[2025-05-03T23:04:45.214+0000] {processor.py:154} INFO - Started process (PID=44396) to work on /home/airflow/.local/lib/python3.7/site-packages/airflow/example_dags/example_time_delta_sensor_async.py
[2025-05-03T23:04:45.216+0000] {processor.py:756} INFO - Processing file /home/airflow/.local/lib/python3.7/site-packages/airflow/example_dags/example_time_delta_sensor_async.py for tasks to queue
[2025-05-03T23:04:45.216+0000] {logging_mixin.py:120} INFO - [2025-05-03T23:04:45.216+0000] {dagbag.py:537} INFO - Filling up the DagBag from /home/airflow/.local/lib/python3.7/site-packages/airflow/example_dags/example_time_delta_sensor_async.py
[2025-05-03T23:04:45.223+0000] {processor.py:766} INFO - DAG(s) dict_keys(['example_time_delta_sensor_async']) retrieved from /home/airflow/.local/lib/python3.7/site-packages/airflow/example_dags/example_time_delta_sensor_async.py
[2025-05-03T23:04:45.306+0000] {logging_mixin.py:120} INFO - [2025-05-03T23:04:45.306+0000] {dag.py:2585} INFO - Sync 1 DAGs
[2025-05-03T23:04:45.318+0000] {logging_mixin.py:120} INFO - [2025-05-03T23:04:45.317+0000] {dag.py:3340} INFO - Setting next_dagrun for example_time_delta_sensor_async to None, run_after=None
[2025-05-03T23:04:45.327+0000] {processor.py:176} INFO - Processing /home/airflow/.local/lib/python3.7/site-packages/airflow/example_dags/example_time_delta_sensor_async.py took 0.115 seconds
[2025-05-03T23:22:07.498+0000] {processor.py:154} INFO - Started process (PID=44458) to work on /home/airflow/.local/lib/python3.7/site-packages/airflow/example_dags/example_time_delta_sensor_async.py
[2025-05-03T23:22:07.499+0000] {processor.py:756} INFO - Processing file /home/airflow/.local/lib/python3.7/site-packages/airflow/example_dags/example_time_delta_sensor_async.py for tasks to queue
[2025-05-03T23:22:07.500+0000] {logging_mixin.py:120} INFO - [2025-05-03T23:22:07.499+0000] {dagbag.py:537} INFO - Filling up the DagBag from /home/airflow/.local/lib/python3.7/site-packages/airflow/example_dags/example_time_delta_sensor_async.py
[2025-05-03T23:22:07.505+0000] {processor.py:766} INFO - DAG(s) dict_keys(['example_time_delta_sensor_async']) retrieved from /home/airflow/.local/lib/python3.7/site-packages/airflow/example_dags/example_time_delta_sensor_async.py
[2025-05-03T23:22:07.580+0000] {logging_mixin.py:120} INFO - [2025-05-03T23:22:07.580+0000] {dag.py:2585} INFO - Sync 1 DAGs
[2025-05-03T23:22:07.592+0000] {logging_mixin.py:120} INFO - [2025-05-03T23:22:07.592+0000] {dag.py:3340} INFO - Setting next_dagrun for example_time_delta_sensor_async to None, run_after=None
[2025-05-03T23:22:07.601+0000] {processor.py:176} INFO - Processing /home/airflow/.local/lib/python3.7/site-packages/airflow/example_dags/example_time_delta_sensor_async.py took 0.104 seconds
[2025-05-03T23:38:28.738+0000] {processor.py:154} INFO - Started process (PID=44521) to work on /home/airflow/.local/lib/python3.7/site-packages/airflow/example_dags/example_time_delta_sensor_async.py
[2025-05-03T23:38:28.739+0000] {processor.py:756} INFO - Processing file /home/airflow/.local/lib/python3.7/site-packages/airflow/example_dags/example_time_delta_sensor_async.py for tasks to queue
[2025-05-03T23:38:28.739+0000] {logging_mixin.py:120} INFO - [2025-05-03T23:38:28.739+0000] {dagbag.py:537} INFO - Filling up the DagBag from /home/airflow/.local/lib/python3.7/site-packages/airflow/example_dags/example_time_delta_sensor_async.py
[2025-05-03T23:38:28.744+0000] {processor.py:766} INFO - DAG(s) dict_keys(['example_time_delta_sensor_async']) retrieved from /home/airflow/.local/lib/python3.7/site-packages/airflow/example_dags/example_time_delta_sensor_async.py
[2025-05-03T23:38:28.816+0000] {logging_mixin.py:120} INFO - [2025-05-03T23:38:28.816+0000] {dag.py:2585} INFO - Sync 1 DAGs
[2025-05-03T23:38:28.826+0000] {logging_mixin.py:120} INFO - [2025-05-03T23:38:28.826+0000] {dag.py:3340} INFO - Setting next_dagrun for example_time_delta_sensor_async to None, run_after=None
[2025-05-03T23:38:28.833+0000] {processor.py:176} INFO - Processing /home/airflow/.local/lib/python3.7/site-packages/airflow/example_dags/example_time_delta_sensor_async.py took 0.096 seconds
[2025-05-03T23:56:24.099+0000] {processor.py:154} INFO - Started process (PID=44584) to work on /home/airflow/.local/lib/python3.7/site-packages/airflow/example_dags/example_time_delta_sensor_async.py
[2025-05-03T23:56:24.103+0000] {processor.py:756} INFO - Processing file /home/airflow/.local/lib/python3.7/site-packages/airflow/example_dags/example_time_delta_sensor_async.py for tasks to queue
[2025-05-03T23:56:24.105+0000] {logging_mixin.py:120} INFO - [2025-05-03T23:56:24.105+0000] {dagbag.py:537} INFO - Filling up the DagBag from /home/airflow/.local/lib/python3.7/site-packages/airflow/example_dags/example_time_delta_sensor_async.py
[2025-05-03T23:56:24.111+0000] {processor.py:766} INFO - DAG(s) dict_keys(['example_time_delta_sensor_async']) retrieved from /home/airflow/.local/lib/python3.7/site-packages/airflow/example_dags/example_time_delta_sensor_async.py
[2025-05-03T23:56:24.191+0000] {logging_mixin.py:120} INFO - [2025-05-03T23:56:24.191+0000] {dag.py:2585} INFO - Sync 1 DAGs
[2025-05-03T23:56:24.202+0000] {logging_mixin.py:120} INFO - [2025-05-03T23:56:24.202+0000] {dag.py:3340} INFO - Setting next_dagrun for example_time_delta_sensor_async to None, run_after=None
[2025-05-03T23:56:24.214+0000] {processor.py:176} INFO - Processing /home/airflow/.local/lib/python3.7/site-packages/airflow/example_dags/example_time_delta_sensor_async.py took 0.116 seconds
