[2025-05-03T00:29:31.220+0000] {processor.py:154} INFO - Started process (PID=42619) to work on /home/airflow/.local/lib/python3.7/site-packages/airflow/example_dags/tutorial_taskflow_api.py
[2025-05-03T00:29:31.220+0000] {processor.py:756} INFO - Processing file /home/airflow/.local/lib/python3.7/site-packages/airflow/example_dags/tutorial_taskflow_api.py for tasks to queue
[2025-05-03T00:29:31.221+0000] {logging_mixin.py:120} INFO - [2025-05-03T00:29:31.221+0000] {dagbag.py:537} INFO - Filling up the DagBag from /home/airflow/.local/lib/python3.7/site-packages/airflow/example_dags/tutorial_taskflow_api.py
[2025-05-03T00:29:31.231+0000] {processor.py:766} INFO - DAG(s) dict_keys(['tutorial_taskflow_api']) retrieved from /home/airflow/.local/lib/python3.7/site-packages/airflow/example_dags/tutorial_taskflow_api.py
[2025-05-03T00:29:31.250+0000] {logging_mixin.py:120} INFO - [2025-05-03T00:29:31.250+0000] {dag.py:2585} INFO - Sync 1 DAGs
[2025-05-03T00:29:31.261+0000] {logging_mixin.py:120} INFO - [2025-05-03T00:29:31.261+0000] {dag.py:3340} INFO - Setting next_dagrun for tutorial_taskflow_api to None, run_after=None
[2025-05-03T00:29:31.274+0000] {processor.py:176} INFO - Processing /home/airflow/.local/lib/python3.7/site-packages/airflow/example_dags/tutorial_taskflow_api.py took 0.056 seconds
[2025-05-03T00:52:39.481+0000] {processor.py:154} INFO - Started process (PID=42673) to work on /home/airflow/.local/lib/python3.7/site-packages/airflow/example_dags/tutorial_taskflow_api.py
[2025-05-03T00:52:39.482+0000] {processor.py:756} INFO - Processing file /home/airflow/.local/lib/python3.7/site-packages/airflow/example_dags/tutorial_taskflow_api.py for tasks to queue
[2025-05-03T00:52:39.483+0000] {logging_mixin.py:120} INFO - [2025-05-03T00:52:39.482+0000] {dagbag.py:537} INFO - Filling up the DagBag from /home/airflow/.local/lib/python3.7/site-packages/airflow/example_dags/tutorial_taskflow_api.py
[2025-05-03T00:52:39.491+0000] {processor.py:766} INFO - DAG(s) dict_keys(['tutorial_taskflow_api']) retrieved from /home/airflow/.local/lib/python3.7/site-packages/airflow/example_dags/tutorial_taskflow_api.py
[2025-05-03T00:52:39.511+0000] {logging_mixin.py:120} INFO - [2025-05-03T00:52:39.511+0000] {dag.py:2585} INFO - Sync 1 DAGs
[2025-05-03T00:52:39.522+0000] {logging_mixin.py:120} INFO - [2025-05-03T00:52:39.522+0000] {dag.py:3340} INFO - Setting next_dagrun for tutorial_taskflow_api to None, run_after=None
[2025-05-03T00:52:39.532+0000] {processor.py:176} INFO - Processing /home/airflow/.local/lib/python3.7/site-packages/airflow/example_dags/tutorial_taskflow_api.py took 0.053 seconds
[2025-05-03T01:16:07.890+0000] {processor.py:154} INFO - Started process (PID=42736) to work on /home/airflow/.local/lib/python3.7/site-packages/airflow/example_dags/tutorial_taskflow_api.py
[2025-05-03T01:16:07.891+0000] {processor.py:756} INFO - Processing file /home/airflow/.local/lib/python3.7/site-packages/airflow/example_dags/tutorial_taskflow_api.py for tasks to queue
[2025-05-03T01:16:07.891+0000] {logging_mixin.py:120} INFO - [2025-05-03T01:16:07.891+0000] {dagbag.py:537} INFO - Filling up the DagBag from /home/airflow/.local/lib/python3.7/site-packages/airflow/example_dags/tutorial_taskflow_api.py
[2025-05-03T01:16:07.901+0000] {processor.py:766} INFO - DAG(s) dict_keys(['tutorial_taskflow_api']) retrieved from /home/airflow/.local/lib/python3.7/site-packages/airflow/example_dags/tutorial_taskflow_api.py
[2025-05-03T01:16:07.920+0000] {logging_mixin.py:120} INFO - [2025-05-03T01:16:07.920+0000] {dag.py:2585} INFO - Sync 1 DAGs
[2025-05-03T01:16:07.932+0000] {logging_mixin.py:120} INFO - [2025-05-03T01:16:07.932+0000] {dag.py:3340} INFO - Setting next_dagrun for tutorial_taskflow_api to None, run_after=None
[2025-05-03T01:16:07.939+0000] {processor.py:176} INFO - Processing /home/airflow/.local/lib/python3.7/site-packages/airflow/example_dags/tutorial_taskflow_api.py took 0.050 seconds
[2025-05-03T01:19:52.462+0000] {processor.py:154} INFO - Started process (PID=42798) to work on /home/airflow/.local/lib/python3.7/site-packages/airflow/example_dags/tutorial_taskflow_api.py
[2025-05-03T01:19:52.463+0000] {processor.py:756} INFO - Processing file /home/airflow/.local/lib/python3.7/site-packages/airflow/example_dags/tutorial_taskflow_api.py for tasks to queue
[2025-05-03T01:19:52.463+0000] {logging_mixin.py:120} INFO - [2025-05-03T01:19:52.463+0000] {dagbag.py:537} INFO - Filling up the DagBag from /home/airflow/.local/lib/python3.7/site-packages/airflow/example_dags/tutorial_taskflow_api.py
[2025-05-03T01:19:52.475+0000] {processor.py:766} INFO - DAG(s) dict_keys(['tutorial_taskflow_api']) retrieved from /home/airflow/.local/lib/python3.7/site-packages/airflow/example_dags/tutorial_taskflow_api.py
[2025-05-03T01:19:52.494+0000] {logging_mixin.py:120} INFO - [2025-05-03T01:19:52.494+0000] {dag.py:2585} INFO - Sync 1 DAGs
[2025-05-03T01:19:52.504+0000] {logging_mixin.py:120} INFO - [2025-05-03T01:19:52.504+0000] {dag.py:3340} INFO - Setting next_dagrun for tutorial_taskflow_api to None, run_after=None
[2025-05-03T01:19:52.513+0000] {processor.py:176} INFO - Processing /home/airflow/.local/lib/python3.7/site-packages/airflow/example_dags/tutorial_taskflow_api.py took 0.052 seconds
[2025-05-03T01:24:04.162+0000] {processor.py:154} INFO - Started process (PID=42860) to work on /home/airflow/.local/lib/python3.7/site-packages/airflow/example_dags/tutorial_taskflow_api.py
[2025-05-03T01:24:04.165+0000] {processor.py:756} INFO - Processing file /home/airflow/.local/lib/python3.7/site-packages/airflow/example_dags/tutorial_taskflow_api.py for tasks to queue
[2025-05-03T01:24:04.166+0000] {logging_mixin.py:120} INFO - [2025-05-03T01:24:04.166+0000] {dagbag.py:537} INFO - Filling up the DagBag from /home/airflow/.local/lib/python3.7/site-packages/airflow/example_dags/tutorial_taskflow_api.py
[2025-05-03T01:24:04.177+0000] {processor.py:766} INFO - DAG(s) dict_keys(['tutorial_taskflow_api']) retrieved from /home/airflow/.local/lib/python3.7/site-packages/airflow/example_dags/tutorial_taskflow_api.py
[2025-05-03T01:24:04.201+0000] {logging_mixin.py:120} INFO - [2025-05-03T01:24:04.201+0000] {dag.py:2585} INFO - Sync 1 DAGs
[2025-05-03T01:24:04.213+0000] {logging_mixin.py:120} INFO - [2025-05-03T01:24:04.213+0000] {dag.py:3340} INFO - Setting next_dagrun for tutorial_taskflow_api to None, run_after=None
[2025-05-03T01:24:04.225+0000] {processor.py:176} INFO - Processing /home/airflow/.local/lib/python3.7/site-packages/airflow/example_dags/tutorial_taskflow_api.py took 0.064 seconds
[2025-05-03T02:06:32.158+0000] {processor.py:154} INFO - Started process (PID=42923) to work on /home/airflow/.local/lib/python3.7/site-packages/airflow/example_dags/tutorial_taskflow_api.py
[2025-05-03T02:06:32.158+0000] {processor.py:756} INFO - Processing file /home/airflow/.local/lib/python3.7/site-packages/airflow/example_dags/tutorial_taskflow_api.py for tasks to queue
[2025-05-03T02:06:32.160+0000] {logging_mixin.py:120} INFO - [2025-05-03T02:06:32.160+0000] {dagbag.py:537} INFO - Filling up the DagBag from /home/airflow/.local/lib/python3.7/site-packages/airflow/example_dags/tutorial_taskflow_api.py
[2025-05-03T02:06:32.170+0000] {processor.py:766} INFO - DAG(s) dict_keys(['tutorial_taskflow_api']) retrieved from /home/airflow/.local/lib/python3.7/site-packages/airflow/example_dags/tutorial_taskflow_api.py
[2025-05-03T02:06:32.195+0000] {logging_mixin.py:120} INFO - [2025-05-03T02:06:32.195+0000] {dag.py:2585} INFO - Sync 1 DAGs
[2025-05-03T02:06:32.208+0000] {logging_mixin.py:120} INFO - [2025-05-03T02:06:32.208+0000] {dag.py:3340} INFO - Setting next_dagrun for tutorial_taskflow_api to None, run_after=None
[2025-05-03T02:06:32.221+0000] {processor.py:176} INFO - Processing /home/airflow/.local/lib/python3.7/site-packages/airflow/example_dags/tutorial_taskflow_api.py took 0.065 seconds
[2025-05-03T02:48:23.932+0000] {processor.py:154} INFO - Started process (PID=42986) to work on /home/airflow/.local/lib/python3.7/site-packages/airflow/example_dags/tutorial_taskflow_api.py
[2025-05-03T02:48:23.933+0000] {processor.py:756} INFO - Processing file /home/airflow/.local/lib/python3.7/site-packages/airflow/example_dags/tutorial_taskflow_api.py for tasks to queue
[2025-05-03T02:48:23.933+0000] {logging_mixin.py:120} INFO - [2025-05-03T02:48:23.933+0000] {dagbag.py:537} INFO - Filling up the DagBag from /home/airflow/.local/lib/python3.7/site-packages/airflow/example_dags/tutorial_taskflow_api.py
[2025-05-03T02:48:23.945+0000] {processor.py:766} INFO - DAG(s) dict_keys(['tutorial_taskflow_api']) retrieved from /home/airflow/.local/lib/python3.7/site-packages/airflow/example_dags/tutorial_taskflow_api.py
[2025-05-03T02:48:23.976+0000] {logging_mixin.py:120} INFO - [2025-05-03T02:48:23.976+0000] {dag.py:2585} INFO - Sync 1 DAGs
[2025-05-03T02:48:23.990+0000] {logging_mixin.py:120} INFO - [2025-05-03T02:48:23.990+0000] {dag.py:3340} INFO - Setting next_dagrun for tutorial_taskflow_api to None, run_after=None
[2025-05-03T02:48:24.009+0000] {processor.py:176} INFO - Processing /home/airflow/.local/lib/python3.7/site-packages/airflow/example_dags/tutorial_taskflow_api.py took 0.078 seconds
[2025-05-03T03:21:19.697+0000] {processor.py:154} INFO - Started process (PID=43040) to work on /home/airflow/.local/lib/python3.7/site-packages/airflow/example_dags/tutorial_taskflow_api.py
[2025-05-03T03:21:19.698+0000] {processor.py:756} INFO - Processing file /home/airflow/.local/lib/python3.7/site-packages/airflow/example_dags/tutorial_taskflow_api.py for tasks to queue
[2025-05-03T03:21:19.698+0000] {logging_mixin.py:120} INFO - [2025-05-03T03:21:19.698+0000] {dagbag.py:537} INFO - Filling up the DagBag from /home/airflow/.local/lib/python3.7/site-packages/airflow/example_dags/tutorial_taskflow_api.py
[2025-05-03T03:21:19.707+0000] {processor.py:766} INFO - DAG(s) dict_keys(['tutorial_taskflow_api']) retrieved from /home/airflow/.local/lib/python3.7/site-packages/airflow/example_dags/tutorial_taskflow_api.py
[2025-05-03T03:21:19.732+0000] {logging_mixin.py:120} INFO - [2025-05-03T03:21:19.732+0000] {dag.py:2585} INFO - Sync 1 DAGs
[2025-05-03T03:21:19.743+0000] {logging_mixin.py:120} INFO - [2025-05-03T03:21:19.743+0000] {dag.py:3340} INFO - Setting next_dagrun for tutorial_taskflow_api to None, run_after=None
[2025-05-03T03:21:19.752+0000] {processor.py:176} INFO - Processing /home/airflow/.local/lib/python3.7/site-packages/airflow/example_dags/tutorial_taskflow_api.py took 0.056 seconds
[2025-05-03T04:10:41.795+0000] {processor.py:154} INFO - Started process (PID=43103) to work on /home/airflow/.local/lib/python3.7/site-packages/airflow/example_dags/tutorial_taskflow_api.py
[2025-05-03T04:10:41.795+0000] {processor.py:756} INFO - Processing file /home/airflow/.local/lib/python3.7/site-packages/airflow/example_dags/tutorial_taskflow_api.py for tasks to queue
[2025-05-03T04:10:41.796+0000] {logging_mixin.py:120} INFO - [2025-05-03T04:10:41.796+0000] {dagbag.py:537} INFO - Filling up the DagBag from /home/airflow/.local/lib/python3.7/site-packages/airflow/example_dags/tutorial_taskflow_api.py
[2025-05-03T04:10:41.806+0000] {processor.py:766} INFO - DAG(s) dict_keys(['tutorial_taskflow_api']) retrieved from /home/airflow/.local/lib/python3.7/site-packages/airflow/example_dags/tutorial_taskflow_api.py
[2025-05-03T04:10:41.828+0000] {logging_mixin.py:120} INFO - [2025-05-03T04:10:41.828+0000] {dag.py:2585} INFO - Sync 1 DAGs
[2025-05-03T04:10:41.839+0000] {logging_mixin.py:120} INFO - [2025-05-03T04:10:41.839+0000] {dag.py:3340} INFO - Setting next_dagrun for tutorial_taskflow_api to None, run_after=None
[2025-05-03T04:10:41.848+0000] {processor.py:176} INFO - Processing /home/airflow/.local/lib/python3.7/site-packages/airflow/example_dags/tutorial_taskflow_api.py took 0.056 seconds
[2025-05-03T04:54:15.883+0000] {processor.py:154} INFO - Started process (PID=43166) to work on /home/airflow/.local/lib/python3.7/site-packages/airflow/example_dags/tutorial_taskflow_api.py
[2025-05-03T04:54:15.883+0000] {processor.py:756} INFO - Processing file /home/airflow/.local/lib/python3.7/site-packages/airflow/example_dags/tutorial_taskflow_api.py for tasks to queue
[2025-05-03T04:54:15.883+0000] {logging_mixin.py:120} INFO - [2025-05-03T04:54:15.883+0000] {dagbag.py:537} INFO - Filling up the DagBag from /home/airflow/.local/lib/python3.7/site-packages/airflow/example_dags/tutorial_taskflow_api.py
[2025-05-03T04:54:15.893+0000] {processor.py:766} INFO - DAG(s) dict_keys(['tutorial_taskflow_api']) retrieved from /home/airflow/.local/lib/python3.7/site-packages/airflow/example_dags/tutorial_taskflow_api.py
[2025-05-03T04:54:15.914+0000] {logging_mixin.py:120} INFO - [2025-05-03T04:54:15.914+0000] {dag.py:2585} INFO - Sync 1 DAGs
[2025-05-03T04:54:15.925+0000] {logging_mixin.py:120} INFO - [2025-05-03T04:54:15.925+0000] {dag.py:3340} INFO - Setting next_dagrun for tutorial_taskflow_api to None, run_after=None
[2025-05-03T04:54:15.936+0000] {processor.py:176} INFO - Processing /home/airflow/.local/lib/python3.7/site-packages/airflow/example_dags/tutorial_taskflow_api.py took 0.054 seconds
[2025-05-03T05:53:09.174+0000] {processor.py:154} INFO - Started process (PID=43229) to work on /home/airflow/.local/lib/python3.7/site-packages/airflow/example_dags/tutorial_taskflow_api.py
[2025-05-03T05:53:09.175+0000] {processor.py:756} INFO - Processing file /home/airflow/.local/lib/python3.7/site-packages/airflow/example_dags/tutorial_taskflow_api.py for tasks to queue
[2025-05-03T05:53:09.176+0000] {logging_mixin.py:120} INFO - [2025-05-03T05:53:09.176+0000] {dagbag.py:537} INFO - Filling up the DagBag from /home/airflow/.local/lib/python3.7/site-packages/airflow/example_dags/tutorial_taskflow_api.py
[2025-05-03T05:53:09.187+0000] {processor.py:766} INFO - DAG(s) dict_keys(['tutorial_taskflow_api']) retrieved from /home/airflow/.local/lib/python3.7/site-packages/airflow/example_dags/tutorial_taskflow_api.py
[2025-05-03T05:53:09.211+0000] {logging_mixin.py:120} INFO - [2025-05-03T05:53:09.211+0000] {dag.py:2585} INFO - Sync 1 DAGs
[2025-05-03T05:53:09.226+0000] {logging_mixin.py:120} INFO - [2025-05-03T05:53:09.226+0000] {dag.py:3340} INFO - Setting next_dagrun for tutorial_taskflow_api to None, run_after=None
[2025-05-03T05:53:09.237+0000] {processor.py:176} INFO - Processing /home/airflow/.local/lib/python3.7/site-packages/airflow/example_dags/tutorial_taskflow_api.py took 0.064 seconds
[2025-05-03T06:30:38.077+0000] {processor.py:154} INFO - Started process (PID=43293) to work on /home/airflow/.local/lib/python3.7/site-packages/airflow/example_dags/tutorial_taskflow_api.py
[2025-05-03T06:30:38.077+0000] {processor.py:756} INFO - Processing file /home/airflow/.local/lib/python3.7/site-packages/airflow/example_dags/tutorial_taskflow_api.py for tasks to queue
[2025-05-03T06:30:38.079+0000] {logging_mixin.py:120} INFO - [2025-05-03T06:30:38.079+0000] {dagbag.py:537} INFO - Filling up the DagBag from /home/airflow/.local/lib/python3.7/site-packages/airflow/example_dags/tutorial_taskflow_api.py
[2025-05-03T06:30:38.090+0000] {processor.py:766} INFO - DAG(s) dict_keys(['tutorial_taskflow_api']) retrieved from /home/airflow/.local/lib/python3.7/site-packages/airflow/example_dags/tutorial_taskflow_api.py
[2025-05-03T06:30:38.115+0000] {logging_mixin.py:120} INFO - [2025-05-03T06:30:38.115+0000] {dag.py:2585} INFO - Sync 1 DAGs
[2025-05-03T06:30:38.128+0000] {logging_mixin.py:120} INFO - [2025-05-03T06:30:38.128+0000] {dag.py:3340} INFO - Setting next_dagrun for tutorial_taskflow_api to None, run_after=None
[2025-05-03T06:30:38.141+0000] {processor.py:176} INFO - Processing /home/airflow/.local/lib/python3.7/site-packages/airflow/example_dags/tutorial_taskflow_api.py took 0.066 seconds
[2025-05-03T07:22:15.722+0000] {processor.py:154} INFO - Started process (PID=43356) to work on /home/airflow/.local/lib/python3.7/site-packages/airflow/example_dags/tutorial_taskflow_api.py
[2025-05-03T07:22:15.722+0000] {processor.py:756} INFO - Processing file /home/airflow/.local/lib/python3.7/site-packages/airflow/example_dags/tutorial_taskflow_api.py for tasks to queue
[2025-05-03T07:22:15.727+0000] {logging_mixin.py:120} INFO - [2025-05-03T07:22:15.726+0000] {dagbag.py:537} INFO - Filling up the DagBag from /home/airflow/.local/lib/python3.7/site-packages/airflow/example_dags/tutorial_taskflow_api.py
[2025-05-03T07:22:15.738+0000] {processor.py:766} INFO - DAG(s) dict_keys(['tutorial_taskflow_api']) retrieved from /home/airflow/.local/lib/python3.7/site-packages/airflow/example_dags/tutorial_taskflow_api.py
[2025-05-03T07:22:15.760+0000] {logging_mixin.py:120} INFO - [2025-05-03T07:22:15.760+0000] {dag.py:2585} INFO - Sync 1 DAGs
[2025-05-03T07:22:15.771+0000] {logging_mixin.py:120} INFO - [2025-05-03T07:22:15.771+0000] {dag.py:3340} INFO - Setting next_dagrun for tutorial_taskflow_api to None, run_after=None
[2025-05-03T07:22:15.781+0000] {processor.py:176} INFO - Processing /home/airflow/.local/lib/python3.7/site-packages/airflow/example_dags/tutorial_taskflow_api.py took 0.062 seconds
[2025-05-03T08:23:10.545+0000] {processor.py:154} INFO - Started process (PID=43419) to work on /home/airflow/.local/lib/python3.7/site-packages/airflow/example_dags/tutorial_taskflow_api.py
[2025-05-03T08:23:10.545+0000] {processor.py:756} INFO - Processing file /home/airflow/.local/lib/python3.7/site-packages/airflow/example_dags/tutorial_taskflow_api.py for tasks to queue
[2025-05-03T08:23:10.546+0000] {logging_mixin.py:120} INFO - [2025-05-03T08:23:10.546+0000] {dagbag.py:537} INFO - Filling up the DagBag from /home/airflow/.local/lib/python3.7/site-packages/airflow/example_dags/tutorial_taskflow_api.py
[2025-05-03T08:23:10.557+0000] {processor.py:766} INFO - DAG(s) dict_keys(['tutorial_taskflow_api']) retrieved from /home/airflow/.local/lib/python3.7/site-packages/airflow/example_dags/tutorial_taskflow_api.py
[2025-05-03T08:23:10.578+0000] {logging_mixin.py:120} INFO - [2025-05-03T08:23:10.578+0000] {dag.py:2585} INFO - Sync 1 DAGs
[2025-05-03T08:23:10.589+0000] {logging_mixin.py:120} INFO - [2025-05-03T08:23:10.589+0000] {dag.py:3340} INFO - Setting next_dagrun for tutorial_taskflow_api to None, run_after=None
[2025-05-03T08:23:10.599+0000] {processor.py:176} INFO - Processing /home/airflow/.local/lib/python3.7/site-packages/airflow/example_dags/tutorial_taskflow_api.py took 0.056 seconds
[2025-05-03T09:41:38.162+0000] {processor.py:154} INFO - Started process (PID=43472) to work on /home/airflow/.local/lib/python3.7/site-packages/airflow/example_dags/tutorial_taskflow_api.py
[2025-05-03T09:41:38.163+0000] {processor.py:756} INFO - Processing file /home/airflow/.local/lib/python3.7/site-packages/airflow/example_dags/tutorial_taskflow_api.py for tasks to queue
[2025-05-03T09:41:38.167+0000] {logging_mixin.py:120} INFO - [2025-05-03T09:41:38.167+0000] {dagbag.py:537} INFO - Filling up the DagBag from /home/airflow/.local/lib/python3.7/site-packages/airflow/example_dags/tutorial_taskflow_api.py
[2025-05-03T09:41:38.179+0000] {processor.py:766} INFO - DAG(s) dict_keys(['tutorial_taskflow_api']) retrieved from /home/airflow/.local/lib/python3.7/site-packages/airflow/example_dags/tutorial_taskflow_api.py
[2025-05-03T09:41:38.202+0000] {logging_mixin.py:120} INFO - [2025-05-03T09:41:38.202+0000] {dag.py:2585} INFO - Sync 1 DAGs
[2025-05-03T09:41:38.214+0000] {logging_mixin.py:120} INFO - [2025-05-03T09:41:38.214+0000] {dag.py:3340} INFO - Setting next_dagrun for tutorial_taskflow_api to None, run_after=None
[2025-05-03T09:41:38.223+0000] {processor.py:176} INFO - Processing /home/airflow/.local/lib/python3.7/site-packages/airflow/example_dags/tutorial_taskflow_api.py took 0.063 seconds
[2025-05-03T10:58:27.695+0000] {processor.py:154} INFO - Started process (PID=43535) to work on /home/airflow/.local/lib/python3.7/site-packages/airflow/example_dags/tutorial_taskflow_api.py
[2025-05-03T10:58:27.696+0000] {processor.py:756} INFO - Processing file /home/airflow/.local/lib/python3.7/site-packages/airflow/example_dags/tutorial_taskflow_api.py for tasks to queue
[2025-05-03T10:58:27.696+0000] {logging_mixin.py:120} INFO - [2025-05-03T10:58:27.696+0000] {dagbag.py:537} INFO - Filling up the DagBag from /home/airflow/.local/lib/python3.7/site-packages/airflow/example_dags/tutorial_taskflow_api.py
[2025-05-03T10:58:27.707+0000] {processor.py:766} INFO - DAG(s) dict_keys(['tutorial_taskflow_api']) retrieved from /home/airflow/.local/lib/python3.7/site-packages/airflow/example_dags/tutorial_taskflow_api.py
[2025-05-03T10:58:27.730+0000] {logging_mixin.py:120} INFO - [2025-05-03T10:58:27.730+0000] {dag.py:2585} INFO - Sync 1 DAGs
[2025-05-03T10:58:27.743+0000] {logging_mixin.py:120} INFO - [2025-05-03T10:58:27.743+0000] {dag.py:3340} INFO - Setting next_dagrun for tutorial_taskflow_api to None, run_after=None
[2025-05-03T10:58:27.755+0000] {processor.py:176} INFO - Processing /home/airflow/.local/lib/python3.7/site-packages/airflow/example_dags/tutorial_taskflow_api.py took 0.062 seconds
[2025-05-03T11:42:14.607+0000] {processor.py:154} INFO - Started process (PID=43598) to work on /home/airflow/.local/lib/python3.7/site-packages/airflow/example_dags/tutorial_taskflow_api.py
[2025-05-03T11:42:14.608+0000] {processor.py:756} INFO - Processing file /home/airflow/.local/lib/python3.7/site-packages/airflow/example_dags/tutorial_taskflow_api.py for tasks to queue
[2025-05-03T11:42:14.609+0000] {logging_mixin.py:120} INFO - [2025-05-03T11:42:14.608+0000] {dagbag.py:537} INFO - Filling up the DagBag from /home/airflow/.local/lib/python3.7/site-packages/airflow/example_dags/tutorial_taskflow_api.py
[2025-05-03T11:42:14.620+0000] {processor.py:766} INFO - DAG(s) dict_keys(['tutorial_taskflow_api']) retrieved from /home/airflow/.local/lib/python3.7/site-packages/airflow/example_dags/tutorial_taskflow_api.py
[2025-05-03T11:42:14.641+0000] {logging_mixin.py:120} INFO - [2025-05-03T11:42:14.641+0000] {dag.py:2585} INFO - Sync 1 DAGs
[2025-05-03T11:42:14.653+0000] {logging_mixin.py:120} INFO - [2025-05-03T11:42:14.653+0000] {dag.py:3340} INFO - Setting next_dagrun for tutorial_taskflow_api to None, run_after=None
[2025-05-03T11:42:14.664+0000] {processor.py:176} INFO - Processing /home/airflow/.local/lib/python3.7/site-packages/airflow/example_dags/tutorial_taskflow_api.py took 0.059 seconds
[2025-05-03T12:59:19.950+0000] {processor.py:154} INFO - Started process (PID=43661) to work on /home/airflow/.local/lib/python3.7/site-packages/airflow/example_dags/tutorial_taskflow_api.py
[2025-05-03T12:59:19.950+0000] {processor.py:756} INFO - Processing file /home/airflow/.local/lib/python3.7/site-packages/airflow/example_dags/tutorial_taskflow_api.py for tasks to queue
[2025-05-03T12:59:19.951+0000] {logging_mixin.py:120} INFO - [2025-05-03T12:59:19.951+0000] {dagbag.py:537} INFO - Filling up the DagBag from /home/airflow/.local/lib/python3.7/site-packages/airflow/example_dags/tutorial_taskflow_api.py
[2025-05-03T12:59:19.962+0000] {processor.py:766} INFO - DAG(s) dict_keys(['tutorial_taskflow_api']) retrieved from /home/airflow/.local/lib/python3.7/site-packages/airflow/example_dags/tutorial_taskflow_api.py
[2025-05-03T12:59:19.985+0000] {logging_mixin.py:120} INFO - [2025-05-03T12:59:19.985+0000] {dag.py:2585} INFO - Sync 1 DAGs
[2025-05-03T12:59:19.996+0000] {logging_mixin.py:120} INFO - [2025-05-03T12:59:19.996+0000] {dag.py:3340} INFO - Setting next_dagrun for tutorial_taskflow_api to None, run_after=None
[2025-05-03T12:59:20.008+0000] {processor.py:176} INFO - Processing /home/airflow/.local/lib/python3.7/site-packages/airflow/example_dags/tutorial_taskflow_api.py took 0.059 seconds
[2025-05-03T13:28:31.108+0000] {processor.py:154} INFO - Started process (PID=43724) to work on /home/airflow/.local/lib/python3.7/site-packages/airflow/example_dags/tutorial_taskflow_api.py
[2025-05-03T13:28:31.108+0000] {processor.py:756} INFO - Processing file /home/airflow/.local/lib/python3.7/site-packages/airflow/example_dags/tutorial_taskflow_api.py for tasks to queue
[2025-05-03T13:28:31.109+0000] {logging_mixin.py:120} INFO - [2025-05-03T13:28:31.109+0000] {dagbag.py:537} INFO - Filling up the DagBag from /home/airflow/.local/lib/python3.7/site-packages/airflow/example_dags/tutorial_taskflow_api.py
[2025-05-03T13:28:31.120+0000] {processor.py:766} INFO - DAG(s) dict_keys(['tutorial_taskflow_api']) retrieved from /home/airflow/.local/lib/python3.7/site-packages/airflow/example_dags/tutorial_taskflow_api.py
[2025-05-03T13:28:31.140+0000] {logging_mixin.py:120} INFO - [2025-05-03T13:28:31.140+0000] {dag.py:2585} INFO - Sync 1 DAGs
[2025-05-03T13:28:31.151+0000] {logging_mixin.py:120} INFO - [2025-05-03T13:28:31.151+0000] {dag.py:3340} INFO - Setting next_dagrun for tutorial_taskflow_api to None, run_after=None
[2025-05-03T13:28:31.160+0000] {processor.py:176} INFO - Processing /home/airflow/.local/lib/python3.7/site-packages/airflow/example_dags/tutorial_taskflow_api.py took 0.054 seconds
[2025-05-03T13:29:07.995+0000] {processor.py:154} INFO - Started process (PID=43787) to work on /home/airflow/.local/lib/python3.7/site-packages/airflow/example_dags/tutorial_taskflow_api.py
[2025-05-03T13:29:07.997+0000] {processor.py:756} INFO - Processing file /home/airflow/.local/lib/python3.7/site-packages/airflow/example_dags/tutorial_taskflow_api.py for tasks to queue
[2025-05-03T13:29:07.997+0000] {logging_mixin.py:120} INFO - [2025-05-03T13:29:07.997+0000] {dagbag.py:537} INFO - Filling up the DagBag from /home/airflow/.local/lib/python3.7/site-packages/airflow/example_dags/tutorial_taskflow_api.py
[2025-05-03T13:29:08.010+0000] {processor.py:766} INFO - DAG(s) dict_keys(['tutorial_taskflow_api']) retrieved from /home/airflow/.local/lib/python3.7/site-packages/airflow/example_dags/tutorial_taskflow_api.py
[2025-05-03T13:29:08.030+0000] {logging_mixin.py:120} INFO - [2025-05-03T13:29:08.030+0000] {dag.py:2585} INFO - Sync 1 DAGs
[2025-05-03T13:29:08.039+0000] {logging_mixin.py:120} INFO - [2025-05-03T13:29:08.039+0000] {dag.py:3340} INFO - Setting next_dagrun for tutorial_taskflow_api to None, run_after=None
[2025-05-03T13:29:08.048+0000] {processor.py:176} INFO - Processing /home/airflow/.local/lib/python3.7/site-packages/airflow/example_dags/tutorial_taskflow_api.py took 0.055 seconds
[2025-05-03T14:29:10.376+0000] {processor.py:154} INFO - Started process (PID=43846) to work on /home/airflow/.local/lib/python3.7/site-packages/airflow/example_dags/tutorial_taskflow_api.py
[2025-05-03T14:29:10.377+0000] {processor.py:756} INFO - Processing file /home/airflow/.local/lib/python3.7/site-packages/airflow/example_dags/tutorial_taskflow_api.py for tasks to queue
[2025-05-03T14:29:10.378+0000] {logging_mixin.py:120} INFO - [2025-05-03T14:29:10.378+0000] {dagbag.py:537} INFO - Filling up the DagBag from /home/airflow/.local/lib/python3.7/site-packages/airflow/example_dags/tutorial_taskflow_api.py
[2025-05-03T14:29:10.390+0000] {processor.py:766} INFO - DAG(s) dict_keys(['tutorial_taskflow_api']) retrieved from /home/airflow/.local/lib/python3.7/site-packages/airflow/example_dags/tutorial_taskflow_api.py
[2025-05-03T14:29:10.413+0000] {logging_mixin.py:120} INFO - [2025-05-03T14:29:10.413+0000] {dag.py:2585} INFO - Sync 1 DAGs
[2025-05-03T14:29:10.424+0000] {logging_mixin.py:120} INFO - [2025-05-03T14:29:10.424+0000] {dag.py:3340} INFO - Setting next_dagrun for tutorial_taskflow_api to None, run_after=None
[2025-05-03T14:29:10.437+0000] {processor.py:176} INFO - Processing /home/airflow/.local/lib/python3.7/site-packages/airflow/example_dags/tutorial_taskflow_api.py took 0.063 seconds
[2025-05-03T15:07:53.503+0000] {processor.py:154} INFO - Started process (PID=43902) to work on /home/airflow/.local/lib/python3.7/site-packages/airflow/example_dags/tutorial_taskflow_api.py
[2025-05-03T15:07:53.504+0000] {processor.py:756} INFO - Processing file /home/airflow/.local/lib/python3.7/site-packages/airflow/example_dags/tutorial_taskflow_api.py for tasks to queue
[2025-05-03T15:07:53.504+0000] {logging_mixin.py:120} INFO - [2025-05-03T15:07:53.504+0000] {dagbag.py:537} INFO - Filling up the DagBag from /home/airflow/.local/lib/python3.7/site-packages/airflow/example_dags/tutorial_taskflow_api.py
[2025-05-03T15:07:53.514+0000] {processor.py:766} INFO - DAG(s) dict_keys(['tutorial_taskflow_api']) retrieved from /home/airflow/.local/lib/python3.7/site-packages/airflow/example_dags/tutorial_taskflow_api.py
[2025-05-03T15:07:53.535+0000] {logging_mixin.py:120} INFO - [2025-05-03T15:07:53.535+0000] {dag.py:2585} INFO - Sync 1 DAGs
[2025-05-03T15:07:53.547+0000] {logging_mixin.py:120} INFO - [2025-05-03T15:07:53.546+0000] {dag.py:3340} INFO - Setting next_dagrun for tutorial_taskflow_api to None, run_after=None
[2025-05-03T15:07:53.556+0000] {processor.py:176} INFO - Processing /home/airflow/.local/lib/python3.7/site-packages/airflow/example_dags/tutorial_taskflow_api.py took 0.055 seconds
[2025-05-03T16:21:02.881+0000] {processor.py:154} INFO - Started process (PID=43965) to work on /home/airflow/.local/lib/python3.7/site-packages/airflow/example_dags/tutorial_taskflow_api.py
[2025-05-03T16:21:02.882+0000] {processor.py:756} INFO - Processing file /home/airflow/.local/lib/python3.7/site-packages/airflow/example_dags/tutorial_taskflow_api.py for tasks to queue
[2025-05-03T16:21:02.882+0000] {logging_mixin.py:120} INFO - [2025-05-03T16:21:02.882+0000] {dagbag.py:537} INFO - Filling up the DagBag from /home/airflow/.local/lib/python3.7/site-packages/airflow/example_dags/tutorial_taskflow_api.py
[2025-05-03T16:21:02.895+0000] {processor.py:766} INFO - DAG(s) dict_keys(['tutorial_taskflow_api']) retrieved from /home/airflow/.local/lib/python3.7/site-packages/airflow/example_dags/tutorial_taskflow_api.py
[2025-05-03T16:21:02.918+0000] {logging_mixin.py:120} INFO - [2025-05-03T16:21:02.918+0000] {dag.py:2585} INFO - Sync 1 DAGs
[2025-05-03T16:21:02.929+0000] {logging_mixin.py:120} INFO - [2025-05-03T16:21:02.929+0000] {dag.py:3340} INFO - Setting next_dagrun for tutorial_taskflow_api to None, run_after=None
[2025-05-03T16:21:02.937+0000] {processor.py:176} INFO - Processing /home/airflow/.local/lib/python3.7/site-packages/airflow/example_dags/tutorial_taskflow_api.py took 0.058 seconds
[2025-05-03T16:48:05.222+0000] {processor.py:154} INFO - Started process (PID=44027) to work on /home/airflow/.local/lib/python3.7/site-packages/airflow/example_dags/tutorial_taskflow_api.py
[2025-05-03T16:48:05.224+0000] {processor.py:756} INFO - Processing file /home/airflow/.local/lib/python3.7/site-packages/airflow/example_dags/tutorial_taskflow_api.py for tasks to queue
[2025-05-03T16:48:05.224+0000] {logging_mixin.py:120} INFO - [2025-05-03T16:48:05.224+0000] {dagbag.py:537} INFO - Filling up the DagBag from /home/airflow/.local/lib/python3.7/site-packages/airflow/example_dags/tutorial_taskflow_api.py
[2025-05-03T16:48:05.234+0000] {processor.py:766} INFO - DAG(s) dict_keys(['tutorial_taskflow_api']) retrieved from /home/airflow/.local/lib/python3.7/site-packages/airflow/example_dags/tutorial_taskflow_api.py
[2025-05-03T16:48:05.255+0000] {logging_mixin.py:120} INFO - [2025-05-03T16:48:05.255+0000] {dag.py:2585} INFO - Sync 1 DAGs
[2025-05-03T16:48:05.266+0000] {logging_mixin.py:120} INFO - [2025-05-03T16:48:05.266+0000] {dag.py:3340} INFO - Setting next_dagrun for tutorial_taskflow_api to None, run_after=None
[2025-05-03T16:48:05.277+0000] {processor.py:176} INFO - Processing /home/airflow/.local/lib/python3.7/site-packages/airflow/example_dags/tutorial_taskflow_api.py took 0.056 seconds
[2025-05-03T18:05:53.637+0000] {processor.py:154} INFO - Started process (PID=44090) to work on /home/airflow/.local/lib/python3.7/site-packages/airflow/example_dags/tutorial_taskflow_api.py
[2025-05-03T18:05:53.639+0000] {processor.py:756} INFO - Processing file /home/airflow/.local/lib/python3.7/site-packages/airflow/example_dags/tutorial_taskflow_api.py for tasks to queue
[2025-05-03T18:05:53.640+0000] {logging_mixin.py:120} INFO - [2025-05-03T18:05:53.640+0000] {dagbag.py:537} INFO - Filling up the DagBag from /home/airflow/.local/lib/python3.7/site-packages/airflow/example_dags/tutorial_taskflow_api.py
[2025-05-03T18:05:53.652+0000] {processor.py:766} INFO - DAG(s) dict_keys(['tutorial_taskflow_api']) retrieved from /home/airflow/.local/lib/python3.7/site-packages/airflow/example_dags/tutorial_taskflow_api.py
[2025-05-03T18:05:53.679+0000] {logging_mixin.py:120} INFO - [2025-05-03T18:05:53.679+0000] {dag.py:2585} INFO - Sync 1 DAGs
[2025-05-03T18:05:53.699+0000] {logging_mixin.py:120} INFO - [2025-05-03T18:05:53.698+0000] {dag.py:3340} INFO - Setting next_dagrun for tutorial_taskflow_api to None, run_after=None
[2025-05-03T18:05:53.717+0000] {processor.py:176} INFO - Processing /home/airflow/.local/lib/python3.7/site-packages/airflow/example_dags/tutorial_taskflow_api.py took 0.082 seconds
[2025-05-03T19:25:57.226+0000] {processor.py:154} INFO - Started process (PID=44153) to work on /home/airflow/.local/lib/python3.7/site-packages/airflow/example_dags/tutorial_taskflow_api.py
[2025-05-03T19:25:57.227+0000] {processor.py:756} INFO - Processing file /home/airflow/.local/lib/python3.7/site-packages/airflow/example_dags/tutorial_taskflow_api.py for tasks to queue
[2025-05-03T19:25:57.228+0000] {logging_mixin.py:120} INFO - [2025-05-03T19:25:57.228+0000] {dagbag.py:537} INFO - Filling up the DagBag from /home/airflow/.local/lib/python3.7/site-packages/airflow/example_dags/tutorial_taskflow_api.py
[2025-05-03T19:25:57.240+0000] {processor.py:766} INFO - DAG(s) dict_keys(['tutorial_taskflow_api']) retrieved from /home/airflow/.local/lib/python3.7/site-packages/airflow/example_dags/tutorial_taskflow_api.py
[2025-05-03T19:25:57.261+0000] {logging_mixin.py:120} INFO - [2025-05-03T19:25:57.261+0000] {dag.py:2585} INFO - Sync 1 DAGs
[2025-05-03T19:25:57.272+0000] {logging_mixin.py:120} INFO - [2025-05-03T19:25:57.272+0000] {dag.py:3340} INFO - Setting next_dagrun for tutorial_taskflow_api to None, run_after=None
[2025-05-03T19:25:57.281+0000] {processor.py:176} INFO - Processing /home/airflow/.local/lib/python3.7/site-packages/airflow/example_dags/tutorial_taskflow_api.py took 0.056 seconds
[2025-05-03T20:07:04.660+0000] {processor.py:154} INFO - Started process (PID=44215) to work on /home/airflow/.local/lib/python3.7/site-packages/airflow/example_dags/tutorial_taskflow_api.py
[2025-05-03T20:07:04.661+0000] {processor.py:756} INFO - Processing file /home/airflow/.local/lib/python3.7/site-packages/airflow/example_dags/tutorial_taskflow_api.py for tasks to queue
[2025-05-03T20:07:04.661+0000] {logging_mixin.py:120} INFO - [2025-05-03T20:07:04.661+0000] {dagbag.py:537} INFO - Filling up the DagBag from /home/airflow/.local/lib/python3.7/site-packages/airflow/example_dags/tutorial_taskflow_api.py
[2025-05-03T20:07:04.671+0000] {processor.py:766} INFO - DAG(s) dict_keys(['tutorial_taskflow_api']) retrieved from /home/airflow/.local/lib/python3.7/site-packages/airflow/example_dags/tutorial_taskflow_api.py
[2025-05-03T20:07:04.692+0000] {logging_mixin.py:120} INFO - [2025-05-03T20:07:04.692+0000] {dag.py:2585} INFO - Sync 1 DAGs
[2025-05-03T20:07:04.706+0000] {logging_mixin.py:120} INFO - [2025-05-03T20:07:04.705+0000] {dag.py:3340} INFO - Setting next_dagrun for tutorial_taskflow_api to None, run_after=None
[2025-05-03T20:07:04.715+0000] {processor.py:176} INFO - Processing /home/airflow/.local/lib/python3.7/site-packages/airflow/example_dags/tutorial_taskflow_api.py took 0.056 seconds
[2025-05-03T21:36:13.074+0000] {processor.py:154} INFO - Started process (PID=44269) to work on /home/airflow/.local/lib/python3.7/site-packages/airflow/example_dags/tutorial_taskflow_api.py
[2025-05-03T21:36:13.075+0000] {processor.py:756} INFO - Processing file /home/airflow/.local/lib/python3.7/site-packages/airflow/example_dags/tutorial_taskflow_api.py for tasks to queue
[2025-05-03T21:36:13.075+0000] {logging_mixin.py:120} INFO - [2025-05-03T21:36:13.075+0000] {dagbag.py:537} INFO - Filling up the DagBag from /home/airflow/.local/lib/python3.7/site-packages/airflow/example_dags/tutorial_taskflow_api.py
[2025-05-03T21:36:13.086+0000] {processor.py:766} INFO - DAG(s) dict_keys(['tutorial_taskflow_api']) retrieved from /home/airflow/.local/lib/python3.7/site-packages/airflow/example_dags/tutorial_taskflow_api.py
[2025-05-03T21:36:13.108+0000] {logging_mixin.py:120} INFO - [2025-05-03T21:36:13.108+0000] {dag.py:2585} INFO - Sync 1 DAGs
[2025-05-03T21:36:13.118+0000] {logging_mixin.py:120} INFO - [2025-05-03T21:36:13.118+0000] {dag.py:3340} INFO - Setting next_dagrun for tutorial_taskflow_api to None, run_after=None
[2025-05-03T21:36:13.127+0000] {processor.py:176} INFO - Processing /home/airflow/.local/lib/python3.7/site-packages/airflow/example_dags/tutorial_taskflow_api.py took 0.055 seconds
[2025-05-03T22:19:52.094+0000] {processor.py:154} INFO - Started process (PID=44332) to work on /home/airflow/.local/lib/python3.7/site-packages/airflow/example_dags/tutorial_taskflow_api.py
[2025-05-03T22:19:52.098+0000] {processor.py:756} INFO - Processing file /home/airflow/.local/lib/python3.7/site-packages/airflow/example_dags/tutorial_taskflow_api.py for tasks to queue
[2025-05-03T22:19:52.099+0000] {logging_mixin.py:120} INFO - [2025-05-03T22:19:52.099+0000] {dagbag.py:537} INFO - Filling up the DagBag from /home/airflow/.local/lib/python3.7/site-packages/airflow/example_dags/tutorial_taskflow_api.py
[2025-05-03T22:19:52.109+0000] {processor.py:766} INFO - DAG(s) dict_keys(['tutorial_taskflow_api']) retrieved from /home/airflow/.local/lib/python3.7/site-packages/airflow/example_dags/tutorial_taskflow_api.py
[2025-05-03T22:19:52.127+0000] {logging_mixin.py:120} INFO - [2025-05-03T22:19:52.127+0000] {dag.py:2585} INFO - Sync 1 DAGs
[2025-05-03T22:19:52.138+0000] {logging_mixin.py:120} INFO - [2025-05-03T22:19:52.137+0000] {dag.py:3340} INFO - Setting next_dagrun for tutorial_taskflow_api to None, run_after=None
[2025-05-03T22:19:52.149+0000] {processor.py:176} INFO - Processing /home/airflow/.local/lib/python3.7/site-packages/airflow/example_dags/tutorial_taskflow_api.py took 0.056 seconds
[2025-05-03T23:04:45.174+0000] {processor.py:154} INFO - Started process (PID=44395) to work on /home/airflow/.local/lib/python3.7/site-packages/airflow/example_dags/tutorial_taskflow_api.py
[2025-05-03T23:04:45.175+0000] {processor.py:756} INFO - Processing file /home/airflow/.local/lib/python3.7/site-packages/airflow/example_dags/tutorial_taskflow_api.py for tasks to queue
[2025-05-03T23:04:45.175+0000] {logging_mixin.py:120} INFO - [2025-05-03T23:04:45.175+0000] {dagbag.py:537} INFO - Filling up the DagBag from /home/airflow/.local/lib/python3.7/site-packages/airflow/example_dags/tutorial_taskflow_api.py
[2025-05-03T23:04:45.186+0000] {processor.py:766} INFO - DAG(s) dict_keys(['tutorial_taskflow_api']) retrieved from /home/airflow/.local/lib/python3.7/site-packages/airflow/example_dags/tutorial_taskflow_api.py
[2025-05-03T23:04:45.207+0000] {logging_mixin.py:120} INFO - [2025-05-03T23:04:45.207+0000] {dag.py:2585} INFO - Sync 1 DAGs
[2025-05-03T23:04:45.219+0000] {logging_mixin.py:120} INFO - [2025-05-03T23:04:45.219+0000] {dag.py:3340} INFO - Setting next_dagrun for tutorial_taskflow_api to None, run_after=None
[2025-05-03T23:04:45.235+0000] {processor.py:176} INFO - Processing /home/airflow/.local/lib/python3.7/site-packages/airflow/example_dags/tutorial_taskflow_api.py took 0.063 seconds
[2025-05-03T23:22:07.455+0000] {processor.py:154} INFO - Started process (PID=44457) to work on /home/airflow/.local/lib/python3.7/site-packages/airflow/example_dags/tutorial_taskflow_api.py
[2025-05-03T23:22:07.457+0000] {processor.py:756} INFO - Processing file /home/airflow/.local/lib/python3.7/site-packages/airflow/example_dags/tutorial_taskflow_api.py for tasks to queue
[2025-05-03T23:22:07.457+0000] {logging_mixin.py:120} INFO - [2025-05-03T23:22:07.457+0000] {dagbag.py:537} INFO - Filling up the DagBag from /home/airflow/.local/lib/python3.7/site-packages/airflow/example_dags/tutorial_taskflow_api.py
[2025-05-03T23:22:07.468+0000] {processor.py:766} INFO - DAG(s) dict_keys(['tutorial_taskflow_api']) retrieved from /home/airflow/.local/lib/python3.7/site-packages/airflow/example_dags/tutorial_taskflow_api.py
[2025-05-03T23:22:07.489+0000] {logging_mixin.py:120} INFO - [2025-05-03T23:22:07.489+0000] {dag.py:2585} INFO - Sync 1 DAGs
[2025-05-03T23:22:07.502+0000] {logging_mixin.py:120} INFO - [2025-05-03T23:22:07.502+0000] {dag.py:3340} INFO - Setting next_dagrun for tutorial_taskflow_api to None, run_after=None
[2025-05-03T23:22:07.513+0000] {processor.py:176} INFO - Processing /home/airflow/.local/lib/python3.7/site-packages/airflow/example_dags/tutorial_taskflow_api.py took 0.060 seconds
[2025-05-03T23:38:28.712+0000] {processor.py:154} INFO - Started process (PID=44520) to work on /home/airflow/.local/lib/python3.7/site-packages/airflow/example_dags/tutorial_taskflow_api.py
[2025-05-03T23:38:28.713+0000] {processor.py:756} INFO - Processing file /home/airflow/.local/lib/python3.7/site-packages/airflow/example_dags/tutorial_taskflow_api.py for tasks to queue
[2025-05-03T23:38:28.713+0000] {logging_mixin.py:120} INFO - [2025-05-03T23:38:28.713+0000] {dagbag.py:537} INFO - Filling up the DagBag from /home/airflow/.local/lib/python3.7/site-packages/airflow/example_dags/tutorial_taskflow_api.py
[2025-05-03T23:38:28.722+0000] {processor.py:766} INFO - DAG(s) dict_keys(['tutorial_taskflow_api']) retrieved from /home/airflow/.local/lib/python3.7/site-packages/airflow/example_dags/tutorial_taskflow_api.py
[2025-05-03T23:38:28.741+0000] {logging_mixin.py:120} INFO - [2025-05-03T23:38:28.741+0000] {dag.py:2585} INFO - Sync 1 DAGs
[2025-05-03T23:38:28.751+0000] {logging_mixin.py:120} INFO - [2025-05-03T23:38:28.751+0000] {dag.py:3340} INFO - Setting next_dagrun for tutorial_taskflow_api to None, run_after=None
[2025-05-03T23:38:28.758+0000] {processor.py:176} INFO - Processing /home/airflow/.local/lib/python3.7/site-packages/airflow/example_dags/tutorial_taskflow_api.py took 0.048 seconds
[2025-05-03T23:56:24.065+0000] {processor.py:154} INFO - Started process (PID=44583) to work on /home/airflow/.local/lib/python3.7/site-packages/airflow/example_dags/tutorial_taskflow_api.py
[2025-05-03T23:56:24.065+0000] {processor.py:756} INFO - Processing file /home/airflow/.local/lib/python3.7/site-packages/airflow/example_dags/tutorial_taskflow_api.py for tasks to queue
[2025-05-03T23:56:24.070+0000] {logging_mixin.py:120} INFO - [2025-05-03T23:56:24.070+0000] {dagbag.py:537} INFO - Filling up the DagBag from /home/airflow/.local/lib/python3.7/site-packages/airflow/example_dags/tutorial_taskflow_api.py
[2025-05-03T23:56:24.080+0000] {processor.py:766} INFO - DAG(s) dict_keys(['tutorial_taskflow_api']) retrieved from /home/airflow/.local/lib/python3.7/site-packages/airflow/example_dags/tutorial_taskflow_api.py
[2025-05-03T23:56:24.101+0000] {logging_mixin.py:120} INFO - [2025-05-03T23:56:24.101+0000] {dag.py:2585} INFO - Sync 1 DAGs
[2025-05-03T23:56:24.114+0000] {logging_mixin.py:120} INFO - [2025-05-03T23:56:24.114+0000] {dag.py:3340} INFO - Setting next_dagrun for tutorial_taskflow_api to None, run_after=None
[2025-05-03T23:56:24.127+0000] {processor.py:176} INFO - Processing /home/airflow/.local/lib/python3.7/site-packages/airflow/example_dags/tutorial_taskflow_api.py took 0.064 seconds
