[2025-05-03T00:29:31.591+0000] {processor.py:154} INFO - Started process (PID=42629) to work on /home/airflow/.local/lib/python3.7/site-packages/airflow/example_dags/tutorial_taskflow_api_virtualenv.py
[2025-05-03T00:29:31.592+0000] {processor.py:756} INFO - Processing file /home/airflow/.local/lib/python3.7/site-packages/airflow/example_dags/tutorial_taskflow_api_virtualenv.py for tasks to queue
[2025-05-03T00:29:31.592+0000] {logging_mixin.py:120} INFO - [2025-05-03T00:29:31.592+0000] {dagbag.py:537} INFO - Filling up the DagBag from /home/airflow/.local/lib/python3.7/site-packages/airflow/example_dags/tutorial_taskflow_api_virtualenv.py
[2025-05-03T00:29:31.602+0000] {processor.py:766} INFO - DAG(s) dict_keys(['tutorial_taskflow_api_virtualenv']) retrieved from /home/airflow/.local/lib/python3.7/site-packages/airflow/example_dags/tutorial_taskflow_api_virtualenv.py
[2025-05-03T00:29:31.622+0000] {logging_mixin.py:120} INFO - [2025-05-03T00:29:31.622+0000] {dag.py:2585} INFO - Sync 1 DAGs
[2025-05-03T00:29:31.634+0000] {logging_mixin.py:120} INFO - [2025-05-03T00:29:31.634+0000] {dag.py:3340} INFO - Setting next_dagrun for tutorial_taskflow_api_virtualenv to None, run_after=None
[2025-05-03T00:29:31.643+0000] {processor.py:176} INFO - Processing /home/airflow/.local/lib/python3.7/site-packages/airflow/example_dags/tutorial_taskflow_api_virtualenv.py took 0.054 seconds
[2025-05-03T00:52:39.906+0000] {processor.py:154} INFO - Started process (PID=42683) to work on /home/airflow/.local/lib/python3.7/site-packages/airflow/example_dags/tutorial_taskflow_api_virtualenv.py
[2025-05-03T00:52:39.907+0000] {processor.py:756} INFO - Processing file /home/airflow/.local/lib/python3.7/site-packages/airflow/example_dags/tutorial_taskflow_api_virtualenv.py for tasks to queue
[2025-05-03T00:52:39.908+0000] {logging_mixin.py:120} INFO - [2025-05-03T00:52:39.908+0000] {dagbag.py:537} INFO - Filling up the DagBag from /home/airflow/.local/lib/python3.7/site-packages/airflow/example_dags/tutorial_taskflow_api_virtualenv.py
[2025-05-03T00:52:39.918+0000] {processor.py:766} INFO - DAG(s) dict_keys(['tutorial_taskflow_api_virtualenv']) retrieved from /home/airflow/.local/lib/python3.7/site-packages/airflow/example_dags/tutorial_taskflow_api_virtualenv.py
[2025-05-03T00:52:39.941+0000] {logging_mixin.py:120} INFO - [2025-05-03T00:52:39.941+0000] {dag.py:2585} INFO - Sync 1 DAGs
[2025-05-03T00:52:39.953+0000] {logging_mixin.py:120} INFO - [2025-05-03T00:52:39.953+0000] {dag.py:3340} INFO - Setting next_dagrun for tutorial_taskflow_api_virtualenv to None, run_after=None
[2025-05-03T00:52:39.962+0000] {processor.py:176} INFO - Processing /home/airflow/.local/lib/python3.7/site-packages/airflow/example_dags/tutorial_taskflow_api_virtualenv.py took 0.059 seconds
[2025-05-03T01:16:08.256+0000] {processor.py:154} INFO - Started process (PID=42746) to work on /home/airflow/.local/lib/python3.7/site-packages/airflow/example_dags/tutorial_taskflow_api_virtualenv.py
[2025-05-03T01:16:08.257+0000] {processor.py:756} INFO - Processing file /home/airflow/.local/lib/python3.7/site-packages/airflow/example_dags/tutorial_taskflow_api_virtualenv.py for tasks to queue
[2025-05-03T01:16:08.258+0000] {logging_mixin.py:120} INFO - [2025-05-03T01:16:08.258+0000] {dagbag.py:537} INFO - Filling up the DagBag from /home/airflow/.local/lib/python3.7/site-packages/airflow/example_dags/tutorial_taskflow_api_virtualenv.py
[2025-05-03T01:16:08.268+0000] {processor.py:766} INFO - DAG(s) dict_keys(['tutorial_taskflow_api_virtualenv']) retrieved from /home/airflow/.local/lib/python3.7/site-packages/airflow/example_dags/tutorial_taskflow_api_virtualenv.py
[2025-05-03T01:16:08.297+0000] {logging_mixin.py:120} INFO - [2025-05-03T01:16:08.297+0000] {dag.py:2585} INFO - Sync 1 DAGs
[2025-05-03T01:16:08.311+0000] {logging_mixin.py:120} INFO - [2025-05-03T01:16:08.311+0000] {dag.py:3340} INFO - Setting next_dagrun for tutorial_taskflow_api_virtualenv to None, run_after=None
[2025-05-03T01:16:08.324+0000] {processor.py:176} INFO - Processing /home/airflow/.local/lib/python3.7/site-packages/airflow/example_dags/tutorial_taskflow_api_virtualenv.py took 0.069 seconds
[2025-05-03T01:19:52.800+0000] {processor.py:154} INFO - Started process (PID=42808) to work on /home/airflow/.local/lib/python3.7/site-packages/airflow/example_dags/tutorial_taskflow_api_virtualenv.py
[2025-05-03T01:19:52.801+0000] {processor.py:756} INFO - Processing file /home/airflow/.local/lib/python3.7/site-packages/airflow/example_dags/tutorial_taskflow_api_virtualenv.py for tasks to queue
[2025-05-03T01:19:52.802+0000] {logging_mixin.py:120} INFO - [2025-05-03T01:19:52.802+0000] {dagbag.py:537} INFO - Filling up the DagBag from /home/airflow/.local/lib/python3.7/site-packages/airflow/example_dags/tutorial_taskflow_api_virtualenv.py
[2025-05-03T01:19:52.812+0000] {processor.py:766} INFO - DAG(s) dict_keys(['tutorial_taskflow_api_virtualenv']) retrieved from /home/airflow/.local/lib/python3.7/site-packages/airflow/example_dags/tutorial_taskflow_api_virtualenv.py
[2025-05-03T01:19:52.833+0000] {logging_mixin.py:120} INFO - [2025-05-03T01:19:52.833+0000] {dag.py:2585} INFO - Sync 1 DAGs
[2025-05-03T01:19:52.846+0000] {logging_mixin.py:120} INFO - [2025-05-03T01:19:52.845+0000] {dag.py:3340} INFO - Setting next_dagrun for tutorial_taskflow_api_virtualenv to None, run_after=None
[2025-05-03T01:19:52.859+0000] {processor.py:176} INFO - Processing /home/airflow/.local/lib/python3.7/site-packages/airflow/example_dags/tutorial_taskflow_api_virtualenv.py took 0.061 seconds
[2025-05-03T01:24:04.555+0000] {processor.py:154} INFO - Started process (PID=42870) to work on /home/airflow/.local/lib/python3.7/site-packages/airflow/example_dags/tutorial_taskflow_api_virtualenv.py
[2025-05-03T01:24:04.556+0000] {processor.py:756} INFO - Processing file /home/airflow/.local/lib/python3.7/site-packages/airflow/example_dags/tutorial_taskflow_api_virtualenv.py for tasks to queue
[2025-05-03T01:24:04.557+0000] {logging_mixin.py:120} INFO - [2025-05-03T01:24:04.557+0000] {dagbag.py:537} INFO - Filling up the DagBag from /home/airflow/.local/lib/python3.7/site-packages/airflow/example_dags/tutorial_taskflow_api_virtualenv.py
[2025-05-03T01:24:04.566+0000] {processor.py:766} INFO - DAG(s) dict_keys(['tutorial_taskflow_api_virtualenv']) retrieved from /home/airflow/.local/lib/python3.7/site-packages/airflow/example_dags/tutorial_taskflow_api_virtualenv.py
[2025-05-03T01:24:04.588+0000] {logging_mixin.py:120} INFO - [2025-05-03T01:24:04.588+0000] {dag.py:2585} INFO - Sync 1 DAGs
[2025-05-03T01:24:04.600+0000] {logging_mixin.py:120} INFO - [2025-05-03T01:24:04.600+0000] {dag.py:3340} INFO - Setting next_dagrun for tutorial_taskflow_api_virtualenv to None, run_after=None
[2025-05-03T01:24:04.612+0000] {processor.py:176} INFO - Processing /home/airflow/.local/lib/python3.7/site-packages/airflow/example_dags/tutorial_taskflow_api_virtualenv.py took 0.059 seconds
[2025-05-03T02:06:32.571+0000] {processor.py:154} INFO - Started process (PID=42933) to work on /home/airflow/.local/lib/python3.7/site-packages/airflow/example_dags/tutorial_taskflow_api_virtualenv.py
[2025-05-03T02:06:32.572+0000] {processor.py:756} INFO - Processing file /home/airflow/.local/lib/python3.7/site-packages/airflow/example_dags/tutorial_taskflow_api_virtualenv.py for tasks to queue
[2025-05-03T02:06:32.573+0000] {logging_mixin.py:120} INFO - [2025-05-03T02:06:32.573+0000] {dagbag.py:537} INFO - Filling up the DagBag from /home/airflow/.local/lib/python3.7/site-packages/airflow/example_dags/tutorial_taskflow_api_virtualenv.py
[2025-05-03T02:06:32.585+0000] {processor.py:766} INFO - DAG(s) dict_keys(['tutorial_taskflow_api_virtualenv']) retrieved from /home/airflow/.local/lib/python3.7/site-packages/airflow/example_dags/tutorial_taskflow_api_virtualenv.py
[2025-05-03T02:06:32.605+0000] {logging_mixin.py:120} INFO - [2025-05-03T02:06:32.605+0000] {dag.py:2585} INFO - Sync 1 DAGs
[2025-05-03T02:06:32.618+0000] {logging_mixin.py:120} INFO - [2025-05-03T02:06:32.618+0000] {dag.py:3340} INFO - Setting next_dagrun for tutorial_taskflow_api_virtualenv to None, run_after=None
[2025-05-03T02:06:32.626+0000] {processor.py:176} INFO - Processing /home/airflow/.local/lib/python3.7/site-packages/airflow/example_dags/tutorial_taskflow_api_virtualenv.py took 0.057 seconds
[2025-05-03T02:48:24.330+0000] {processor.py:154} INFO - Started process (PID=42996) to work on /home/airflow/.local/lib/python3.7/site-packages/airflow/example_dags/tutorial_taskflow_api_virtualenv.py
[2025-05-03T02:48:24.331+0000] {processor.py:756} INFO - Processing file /home/airflow/.local/lib/python3.7/site-packages/airflow/example_dags/tutorial_taskflow_api_virtualenv.py for tasks to queue
[2025-05-03T02:48:24.332+0000] {logging_mixin.py:120} INFO - [2025-05-03T02:48:24.332+0000] {dagbag.py:537} INFO - Filling up the DagBag from /home/airflow/.local/lib/python3.7/site-packages/airflow/example_dags/tutorial_taskflow_api_virtualenv.py
[2025-05-03T02:48:24.343+0000] {processor.py:766} INFO - DAG(s) dict_keys(['tutorial_taskflow_api_virtualenv']) retrieved from /home/airflow/.local/lib/python3.7/site-packages/airflow/example_dags/tutorial_taskflow_api_virtualenv.py
[2025-05-03T02:48:24.365+0000] {logging_mixin.py:120} INFO - [2025-05-03T02:48:24.365+0000] {dag.py:2585} INFO - Sync 1 DAGs
[2025-05-03T02:48:24.376+0000] {logging_mixin.py:120} INFO - [2025-05-03T02:48:24.376+0000] {dag.py:3340} INFO - Setting next_dagrun for tutorial_taskflow_api_virtualenv to None, run_after=None
[2025-05-03T02:48:24.388+0000] {processor.py:176} INFO - Processing /home/airflow/.local/lib/python3.7/site-packages/airflow/example_dags/tutorial_taskflow_api_virtualenv.py took 0.059 seconds
[2025-05-03T03:21:20.117+0000] {processor.py:154} INFO - Started process (PID=43059) to work on /home/airflow/.local/lib/python3.7/site-packages/airflow/example_dags/tutorial_taskflow_api_virtualenv.py
[2025-05-03T03:21:20.118+0000] {processor.py:756} INFO - Processing file /home/airflow/.local/lib/python3.7/site-packages/airflow/example_dags/tutorial_taskflow_api_virtualenv.py for tasks to queue
[2025-05-03T03:21:20.119+0000] {logging_mixin.py:120} INFO - [2025-05-03T03:21:20.118+0000] {dagbag.py:537} INFO - Filling up the DagBag from /home/airflow/.local/lib/python3.7/site-packages/airflow/example_dags/tutorial_taskflow_api_virtualenv.py
[2025-05-03T03:21:20.135+0000] {processor.py:766} INFO - DAG(s) dict_keys(['tutorial_taskflow_api_virtualenv']) retrieved from /home/airflow/.local/lib/python3.7/site-packages/airflow/example_dags/tutorial_taskflow_api_virtualenv.py
[2025-05-03T03:21:20.161+0000] {logging_mixin.py:120} INFO - [2025-05-03T03:21:20.161+0000] {dag.py:2585} INFO - Sync 1 DAGs
[2025-05-03T03:21:20.172+0000] {logging_mixin.py:120} INFO - [2025-05-03T03:21:20.172+0000] {dag.py:3340} INFO - Setting next_dagrun for tutorial_taskflow_api_virtualenv to None, run_after=None
[2025-05-03T03:21:20.184+0000] {processor.py:176} INFO - Processing /home/airflow/.local/lib/python3.7/site-packages/airflow/example_dags/tutorial_taskflow_api_virtualenv.py took 0.068 seconds
[2025-05-03T04:10:42.167+0000] {processor.py:154} INFO - Started process (PID=43113) to work on /home/airflow/.local/lib/python3.7/site-packages/airflow/example_dags/tutorial_taskflow_api_virtualenv.py
[2025-05-03T04:10:42.168+0000] {processor.py:756} INFO - Processing file /home/airflow/.local/lib/python3.7/site-packages/airflow/example_dags/tutorial_taskflow_api_virtualenv.py for tasks to queue
[2025-05-03T04:10:42.169+0000] {logging_mixin.py:120} INFO - [2025-05-03T04:10:42.168+0000] {dagbag.py:537} INFO - Filling up the DagBag from /home/airflow/.local/lib/python3.7/site-packages/airflow/example_dags/tutorial_taskflow_api_virtualenv.py
[2025-05-03T04:10:42.178+0000] {processor.py:766} INFO - DAG(s) dict_keys(['tutorial_taskflow_api_virtualenv']) retrieved from /home/airflow/.local/lib/python3.7/site-packages/airflow/example_dags/tutorial_taskflow_api_virtualenv.py
[2025-05-03T04:10:42.200+0000] {logging_mixin.py:120} INFO - [2025-05-03T04:10:42.200+0000] {dag.py:2585} INFO - Sync 1 DAGs
[2025-05-03T04:10:42.213+0000] {logging_mixin.py:120} INFO - [2025-05-03T04:10:42.213+0000] {dag.py:3340} INFO - Setting next_dagrun for tutorial_taskflow_api_virtualenv to None, run_after=None
[2025-05-03T04:10:42.221+0000] {processor.py:176} INFO - Processing /home/airflow/.local/lib/python3.7/site-packages/airflow/example_dags/tutorial_taskflow_api_virtualenv.py took 0.057 seconds
[2025-05-03T04:54:16.272+0000] {processor.py:154} INFO - Started process (PID=43176) to work on /home/airflow/.local/lib/python3.7/site-packages/airflow/example_dags/tutorial_taskflow_api_virtualenv.py
[2025-05-03T04:54:16.275+0000] {processor.py:756} INFO - Processing file /home/airflow/.local/lib/python3.7/site-packages/airflow/example_dags/tutorial_taskflow_api_virtualenv.py for tasks to queue
[2025-05-03T04:54:16.276+0000] {logging_mixin.py:120} INFO - [2025-05-03T04:54:16.275+0000] {dagbag.py:537} INFO - Filling up the DagBag from /home/airflow/.local/lib/python3.7/site-packages/airflow/example_dags/tutorial_taskflow_api_virtualenv.py
[2025-05-03T04:54:16.286+0000] {processor.py:766} INFO - DAG(s) dict_keys(['tutorial_taskflow_api_virtualenv']) retrieved from /home/airflow/.local/lib/python3.7/site-packages/airflow/example_dags/tutorial_taskflow_api_virtualenv.py
[2025-05-03T04:54:16.309+0000] {logging_mixin.py:120} INFO - [2025-05-03T04:54:16.309+0000] {dag.py:2585} INFO - Sync 1 DAGs
[2025-05-03T04:54:16.320+0000] {logging_mixin.py:120} INFO - [2025-05-03T04:54:16.320+0000] {dag.py:3340} INFO - Setting next_dagrun for tutorial_taskflow_api_virtualenv to None, run_after=None
[2025-05-03T04:54:16.330+0000] {processor.py:176} INFO - Processing /home/airflow/.local/lib/python3.7/site-packages/airflow/example_dags/tutorial_taskflow_api_virtualenv.py took 0.060 seconds
[2025-05-03T05:53:09.549+0000] {processor.py:154} INFO - Started process (PID=43239) to work on /home/airflow/.local/lib/python3.7/site-packages/airflow/example_dags/tutorial_taskflow_api_virtualenv.py
[2025-05-03T05:53:09.550+0000] {processor.py:756} INFO - Processing file /home/airflow/.local/lib/python3.7/site-packages/airflow/example_dags/tutorial_taskflow_api_virtualenv.py for tasks to queue
[2025-05-03T05:53:09.551+0000] {logging_mixin.py:120} INFO - [2025-05-03T05:53:09.551+0000] {dagbag.py:537} INFO - Filling up the DagBag from /home/airflow/.local/lib/python3.7/site-packages/airflow/example_dags/tutorial_taskflow_api_virtualenv.py
[2025-05-03T05:53:09.562+0000] {processor.py:766} INFO - DAG(s) dict_keys(['tutorial_taskflow_api_virtualenv']) retrieved from /home/airflow/.local/lib/python3.7/site-packages/airflow/example_dags/tutorial_taskflow_api_virtualenv.py
[2025-05-03T05:53:09.587+0000] {logging_mixin.py:120} INFO - [2025-05-03T05:53:09.587+0000] {dag.py:2585} INFO - Sync 1 DAGs
[2025-05-03T05:53:09.598+0000] {logging_mixin.py:120} INFO - [2025-05-03T05:53:09.598+0000] {dag.py:3340} INFO - Setting next_dagrun for tutorial_taskflow_api_virtualenv to None, run_after=None
[2025-05-03T05:53:09.608+0000] {processor.py:176} INFO - Processing /home/airflow/.local/lib/python3.7/site-packages/airflow/example_dags/tutorial_taskflow_api_virtualenv.py took 0.062 seconds
[2025-05-03T06:30:38.484+0000] {processor.py:154} INFO - Started process (PID=43303) to work on /home/airflow/.local/lib/python3.7/site-packages/airflow/example_dags/tutorial_taskflow_api_virtualenv.py
[2025-05-03T06:30:38.484+0000] {processor.py:756} INFO - Processing file /home/airflow/.local/lib/python3.7/site-packages/airflow/example_dags/tutorial_taskflow_api_virtualenv.py for tasks to queue
[2025-05-03T06:30:38.485+0000] {logging_mixin.py:120} INFO - [2025-05-03T06:30:38.485+0000] {dagbag.py:537} INFO - Filling up the DagBag from /home/airflow/.local/lib/python3.7/site-packages/airflow/example_dags/tutorial_taskflow_api_virtualenv.py
[2025-05-03T06:30:38.497+0000] {processor.py:766} INFO - DAG(s) dict_keys(['tutorial_taskflow_api_virtualenv']) retrieved from /home/airflow/.local/lib/python3.7/site-packages/airflow/example_dags/tutorial_taskflow_api_virtualenv.py
[2025-05-03T06:30:38.520+0000] {logging_mixin.py:120} INFO - [2025-05-03T06:30:38.520+0000] {dag.py:2585} INFO - Sync 1 DAGs
[2025-05-03T06:30:38.534+0000] {logging_mixin.py:120} INFO - [2025-05-03T06:30:38.534+0000] {dag.py:3340} INFO - Setting next_dagrun for tutorial_taskflow_api_virtualenv to None, run_after=None
[2025-05-03T06:30:38.544+0000] {processor.py:176} INFO - Processing /home/airflow/.local/lib/python3.7/site-packages/airflow/example_dags/tutorial_taskflow_api_virtualenv.py took 0.063 seconds
[2025-05-03T07:22:16.128+0000] {processor.py:154} INFO - Started process (PID=43366) to work on /home/airflow/.local/lib/python3.7/site-packages/airflow/example_dags/tutorial_taskflow_api_virtualenv.py
[2025-05-03T07:22:16.129+0000] {processor.py:756} INFO - Processing file /home/airflow/.local/lib/python3.7/site-packages/airflow/example_dags/tutorial_taskflow_api_virtualenv.py for tasks to queue
[2025-05-03T07:22:16.129+0000] {logging_mixin.py:120} INFO - [2025-05-03T07:22:16.129+0000] {dagbag.py:537} INFO - Filling up the DagBag from /home/airflow/.local/lib/python3.7/site-packages/airflow/example_dags/tutorial_taskflow_api_virtualenv.py
[2025-05-03T07:22:16.140+0000] {processor.py:766} INFO - DAG(s) dict_keys(['tutorial_taskflow_api_virtualenv']) retrieved from /home/airflow/.local/lib/python3.7/site-packages/airflow/example_dags/tutorial_taskflow_api_virtualenv.py
[2025-05-03T07:22:16.161+0000] {logging_mixin.py:120} INFO - [2025-05-03T07:22:16.161+0000] {dag.py:2585} INFO - Sync 1 DAGs
[2025-05-03T07:22:16.172+0000] {logging_mixin.py:120} INFO - [2025-05-03T07:22:16.172+0000] {dag.py:3340} INFO - Setting next_dagrun for tutorial_taskflow_api_virtualenv to None, run_after=None
[2025-05-03T07:22:16.182+0000] {processor.py:176} INFO - Processing /home/airflow/.local/lib/python3.7/site-packages/airflow/example_dags/tutorial_taskflow_api_virtualenv.py took 0.057 seconds
[2025-05-03T08:23:10.949+0000] {processor.py:154} INFO - Started process (PID=43429) to work on /home/airflow/.local/lib/python3.7/site-packages/airflow/example_dags/tutorial_taskflow_api_virtualenv.py
[2025-05-03T08:23:10.949+0000] {processor.py:756} INFO - Processing file /home/airflow/.local/lib/python3.7/site-packages/airflow/example_dags/tutorial_taskflow_api_virtualenv.py for tasks to queue
[2025-05-03T08:23:10.950+0000] {logging_mixin.py:120} INFO - [2025-05-03T08:23:10.950+0000] {dagbag.py:537} INFO - Filling up the DagBag from /home/airflow/.local/lib/python3.7/site-packages/airflow/example_dags/tutorial_taskflow_api_virtualenv.py
[2025-05-03T08:23:10.959+0000] {processor.py:766} INFO - DAG(s) dict_keys(['tutorial_taskflow_api_virtualenv']) retrieved from /home/airflow/.local/lib/python3.7/site-packages/airflow/example_dags/tutorial_taskflow_api_virtualenv.py
[2025-05-03T08:23:10.980+0000] {logging_mixin.py:120} INFO - [2025-05-03T08:23:10.980+0000] {dag.py:2585} INFO - Sync 1 DAGs
[2025-05-03T08:23:10.994+0000] {logging_mixin.py:120} INFO - [2025-05-03T08:23:10.994+0000] {dag.py:3340} INFO - Setting next_dagrun for tutorial_taskflow_api_virtualenv to None, run_after=None
[2025-05-03T08:23:11.004+0000] {processor.py:176} INFO - Processing /home/airflow/.local/lib/python3.7/site-packages/airflow/example_dags/tutorial_taskflow_api_virtualenv.py took 0.058 seconds
[2025-05-03T09:41:38.567+0000] {processor.py:154} INFO - Started process (PID=43482) to work on /home/airflow/.local/lib/python3.7/site-packages/airflow/example_dags/tutorial_taskflow_api_virtualenv.py
[2025-05-03T09:41:38.568+0000] {processor.py:756} INFO - Processing file /home/airflow/.local/lib/python3.7/site-packages/airflow/example_dags/tutorial_taskflow_api_virtualenv.py for tasks to queue
[2025-05-03T09:41:38.568+0000] {logging_mixin.py:120} INFO - [2025-05-03T09:41:38.568+0000] {dagbag.py:537} INFO - Filling up the DagBag from /home/airflow/.local/lib/python3.7/site-packages/airflow/example_dags/tutorial_taskflow_api_virtualenv.py
[2025-05-03T09:41:38.580+0000] {processor.py:766} INFO - DAG(s) dict_keys(['tutorial_taskflow_api_virtualenv']) retrieved from /home/airflow/.local/lib/python3.7/site-packages/airflow/example_dags/tutorial_taskflow_api_virtualenv.py
[2025-05-03T09:41:38.602+0000] {logging_mixin.py:120} INFO - [2025-05-03T09:41:38.601+0000] {dag.py:2585} INFO - Sync 1 DAGs
[2025-05-03T09:41:38.615+0000] {logging_mixin.py:120} INFO - [2025-05-03T09:41:38.615+0000] {dag.py:3340} INFO - Setting next_dagrun for tutorial_taskflow_api_virtualenv to None, run_after=None
[2025-05-03T09:41:38.623+0000] {processor.py:176} INFO - Processing /home/airflow/.local/lib/python3.7/site-packages/airflow/example_dags/tutorial_taskflow_api_virtualenv.py took 0.057 seconds
[2025-05-03T10:58:28.078+0000] {processor.py:154} INFO - Started process (PID=43545) to work on /home/airflow/.local/lib/python3.7/site-packages/airflow/example_dags/tutorial_taskflow_api_virtualenv.py
[2025-05-03T10:58:28.079+0000] {processor.py:756} INFO - Processing file /home/airflow/.local/lib/python3.7/site-packages/airflow/example_dags/tutorial_taskflow_api_virtualenv.py for tasks to queue
[2025-05-03T10:58:28.079+0000] {logging_mixin.py:120} INFO - [2025-05-03T10:58:28.079+0000] {dagbag.py:537} INFO - Filling up the DagBag from /home/airflow/.local/lib/python3.7/site-packages/airflow/example_dags/tutorial_taskflow_api_virtualenv.py
[2025-05-03T10:58:28.090+0000] {processor.py:766} INFO - DAG(s) dict_keys(['tutorial_taskflow_api_virtualenv']) retrieved from /home/airflow/.local/lib/python3.7/site-packages/airflow/example_dags/tutorial_taskflow_api_virtualenv.py
[2025-05-03T10:58:28.111+0000] {logging_mixin.py:120} INFO - [2025-05-03T10:58:28.110+0000] {dag.py:2585} INFO - Sync 1 DAGs
[2025-05-03T10:58:28.121+0000] {logging_mixin.py:120} INFO - [2025-05-03T10:58:28.121+0000] {dag.py:3340} INFO - Setting next_dagrun for tutorial_taskflow_api_virtualenv to None, run_after=None
[2025-05-03T10:58:28.129+0000] {processor.py:176} INFO - Processing /home/airflow/.local/lib/python3.7/site-packages/airflow/example_dags/tutorial_taskflow_api_virtualenv.py took 0.054 seconds
[2025-05-03T11:42:14.995+0000] {processor.py:154} INFO - Started process (PID=43608) to work on /home/airflow/.local/lib/python3.7/site-packages/airflow/example_dags/tutorial_taskflow_api_virtualenv.py
[2025-05-03T11:42:14.996+0000] {processor.py:756} INFO - Processing file /home/airflow/.local/lib/python3.7/site-packages/airflow/example_dags/tutorial_taskflow_api_virtualenv.py for tasks to queue
[2025-05-03T11:42:14.997+0000] {logging_mixin.py:120} INFO - [2025-05-03T11:42:14.997+0000] {dagbag.py:537} INFO - Filling up the DagBag from /home/airflow/.local/lib/python3.7/site-packages/airflow/example_dags/tutorial_taskflow_api_virtualenv.py
[2025-05-03T11:42:15.009+0000] {processor.py:766} INFO - DAG(s) dict_keys(['tutorial_taskflow_api_virtualenv']) retrieved from /home/airflow/.local/lib/python3.7/site-packages/airflow/example_dags/tutorial_taskflow_api_virtualenv.py
[2025-05-03T11:42:15.030+0000] {logging_mixin.py:120} INFO - [2025-05-03T11:42:15.030+0000] {dag.py:2585} INFO - Sync 1 DAGs
[2025-05-03T11:42:15.042+0000] {logging_mixin.py:120} INFO - [2025-05-03T11:42:15.042+0000] {dag.py:3340} INFO - Setting next_dagrun for tutorial_taskflow_api_virtualenv to None, run_after=None
[2025-05-03T11:42:15.051+0000] {processor.py:176} INFO - Processing /home/airflow/.local/lib/python3.7/site-packages/airflow/example_dags/tutorial_taskflow_api_virtualenv.py took 0.057 seconds
[2025-05-03T12:59:20.333+0000] {processor.py:154} INFO - Started process (PID=43671) to work on /home/airflow/.local/lib/python3.7/site-packages/airflow/example_dags/tutorial_taskflow_api_virtualenv.py
[2025-05-03T12:59:20.336+0000] {processor.py:756} INFO - Processing file /home/airflow/.local/lib/python3.7/site-packages/airflow/example_dags/tutorial_taskflow_api_virtualenv.py for tasks to queue
[2025-05-03T12:59:20.336+0000] {logging_mixin.py:120} INFO - [2025-05-03T12:59:20.336+0000] {dagbag.py:537} INFO - Filling up the DagBag from /home/airflow/.local/lib/python3.7/site-packages/airflow/example_dags/tutorial_taskflow_api_virtualenv.py
[2025-05-03T12:59:20.348+0000] {processor.py:766} INFO - DAG(s) dict_keys(['tutorial_taskflow_api_virtualenv']) retrieved from /home/airflow/.local/lib/python3.7/site-packages/airflow/example_dags/tutorial_taskflow_api_virtualenv.py
[2025-05-03T12:59:20.367+0000] {logging_mixin.py:120} INFO - [2025-05-03T12:59:20.367+0000] {dag.py:2585} INFO - Sync 1 DAGs
[2025-05-03T12:59:20.379+0000] {logging_mixin.py:120} INFO - [2025-05-03T12:59:20.379+0000] {dag.py:3340} INFO - Setting next_dagrun for tutorial_taskflow_api_virtualenv to None, run_after=None
[2025-05-03T12:59:20.387+0000] {processor.py:176} INFO - Processing /home/airflow/.local/lib/python3.7/site-packages/airflow/example_dags/tutorial_taskflow_api_virtualenv.py took 0.056 seconds
[2025-05-03T13:28:31.504+0000] {processor.py:154} INFO - Started process (PID=43734) to work on /home/airflow/.local/lib/python3.7/site-packages/airflow/example_dags/tutorial_taskflow_api_virtualenv.py
[2025-05-03T13:28:31.504+0000] {processor.py:756} INFO - Processing file /home/airflow/.local/lib/python3.7/site-packages/airflow/example_dags/tutorial_taskflow_api_virtualenv.py for tasks to queue
[2025-05-03T13:28:31.506+0000] {logging_mixin.py:120} INFO - [2025-05-03T13:28:31.506+0000] {dagbag.py:537} INFO - Filling up the DagBag from /home/airflow/.local/lib/python3.7/site-packages/airflow/example_dags/tutorial_taskflow_api_virtualenv.py
[2025-05-03T13:28:31.517+0000] {processor.py:766} INFO - DAG(s) dict_keys(['tutorial_taskflow_api_virtualenv']) retrieved from /home/airflow/.local/lib/python3.7/site-packages/airflow/example_dags/tutorial_taskflow_api_virtualenv.py
[2025-05-03T13:28:31.537+0000] {logging_mixin.py:120} INFO - [2025-05-03T13:28:31.537+0000] {dag.py:2585} INFO - Sync 1 DAGs
[2025-05-03T13:28:31.548+0000] {logging_mixin.py:120} INFO - [2025-05-03T13:28:31.548+0000] {dag.py:3340} INFO - Setting next_dagrun for tutorial_taskflow_api_virtualenv to None, run_after=None
[2025-05-03T13:28:31.557+0000] {processor.py:176} INFO - Processing /home/airflow/.local/lib/python3.7/site-packages/airflow/example_dags/tutorial_taskflow_api_virtualenv.py took 0.055 seconds
[2025-05-03T13:29:08.361+0000] {processor.py:154} INFO - Started process (PID=43797) to work on /home/airflow/.local/lib/python3.7/site-packages/airflow/example_dags/tutorial_taskflow_api_virtualenv.py
[2025-05-03T13:29:08.362+0000] {processor.py:756} INFO - Processing file /home/airflow/.local/lib/python3.7/site-packages/airflow/example_dags/tutorial_taskflow_api_virtualenv.py for tasks to queue
[2025-05-03T13:29:08.363+0000] {logging_mixin.py:120} INFO - [2025-05-03T13:29:08.363+0000] {dagbag.py:537} INFO - Filling up the DagBag from /home/airflow/.local/lib/python3.7/site-packages/airflow/example_dags/tutorial_taskflow_api_virtualenv.py
[2025-05-03T13:29:08.375+0000] {processor.py:766} INFO - DAG(s) dict_keys(['tutorial_taskflow_api_virtualenv']) retrieved from /home/airflow/.local/lib/python3.7/site-packages/airflow/example_dags/tutorial_taskflow_api_virtualenv.py
[2025-05-03T13:29:08.395+0000] {logging_mixin.py:120} INFO - [2025-05-03T13:29:08.395+0000] {dag.py:2585} INFO - Sync 1 DAGs
[2025-05-03T13:29:08.407+0000] {logging_mixin.py:120} INFO - [2025-05-03T13:29:08.407+0000] {dag.py:3340} INFO - Setting next_dagrun for tutorial_taskflow_api_virtualenv to None, run_after=None
[2025-05-03T13:29:08.418+0000] {processor.py:176} INFO - Processing /home/airflow/.local/lib/python3.7/site-packages/airflow/example_dags/tutorial_taskflow_api_virtualenv.py took 0.059 seconds
[2025-05-03T14:29:10.774+0000] {processor.py:154} INFO - Started process (PID=43858) to work on /home/airflow/.local/lib/python3.7/site-packages/airflow/example_dags/tutorial_taskflow_api_virtualenv.py
[2025-05-03T14:29:10.775+0000] {processor.py:756} INFO - Processing file /home/airflow/.local/lib/python3.7/site-packages/airflow/example_dags/tutorial_taskflow_api_virtualenv.py for tasks to queue
[2025-05-03T14:29:10.775+0000] {logging_mixin.py:120} INFO - [2025-05-03T14:29:10.775+0000] {dagbag.py:537} INFO - Filling up the DagBag from /home/airflow/.local/lib/python3.7/site-packages/airflow/example_dags/tutorial_taskflow_api_virtualenv.py
[2025-05-03T14:29:10.787+0000] {processor.py:766} INFO - DAG(s) dict_keys(['tutorial_taskflow_api_virtualenv']) retrieved from /home/airflow/.local/lib/python3.7/site-packages/airflow/example_dags/tutorial_taskflow_api_virtualenv.py
[2025-05-03T14:29:10.811+0000] {logging_mixin.py:120} INFO - [2025-05-03T14:29:10.811+0000] {dag.py:2585} INFO - Sync 1 DAGs
[2025-05-03T14:29:10.826+0000] {logging_mixin.py:120} INFO - [2025-05-03T14:29:10.826+0000] {dag.py:3340} INFO - Setting next_dagrun for tutorial_taskflow_api_virtualenv to None, run_after=None
[2025-05-03T14:29:10.840+0000] {processor.py:176} INFO - Processing /home/airflow/.local/lib/python3.7/site-packages/airflow/example_dags/tutorial_taskflow_api_virtualenv.py took 0.068 seconds
[2025-05-03T15:07:53.891+0000] {processor.py:154} INFO - Started process (PID=43912) to work on /home/airflow/.local/lib/python3.7/site-packages/airflow/example_dags/tutorial_taskflow_api_virtualenv.py
[2025-05-03T15:07:53.892+0000] {processor.py:756} INFO - Processing file /home/airflow/.local/lib/python3.7/site-packages/airflow/example_dags/tutorial_taskflow_api_virtualenv.py for tasks to queue
[2025-05-03T15:07:53.892+0000] {logging_mixin.py:120} INFO - [2025-05-03T15:07:53.892+0000] {dagbag.py:537} INFO - Filling up the DagBag from /home/airflow/.local/lib/python3.7/site-packages/airflow/example_dags/tutorial_taskflow_api_virtualenv.py
[2025-05-03T15:07:53.903+0000] {processor.py:766} INFO - DAG(s) dict_keys(['tutorial_taskflow_api_virtualenv']) retrieved from /home/airflow/.local/lib/python3.7/site-packages/airflow/example_dags/tutorial_taskflow_api_virtualenv.py
[2025-05-03T15:07:53.924+0000] {logging_mixin.py:120} INFO - [2025-05-03T15:07:53.924+0000] {dag.py:2585} INFO - Sync 1 DAGs
[2025-05-03T15:07:53.936+0000] {logging_mixin.py:120} INFO - [2025-05-03T15:07:53.936+0000] {dag.py:3340} INFO - Setting next_dagrun for tutorial_taskflow_api_virtualenv to None, run_after=None
[2025-05-03T15:07:53.945+0000] {processor.py:176} INFO - Processing /home/airflow/.local/lib/python3.7/site-packages/airflow/example_dags/tutorial_taskflow_api_virtualenv.py took 0.056 seconds
[2025-05-03T16:21:03.243+0000] {processor.py:154} INFO - Started process (PID=43975) to work on /home/airflow/.local/lib/python3.7/site-packages/airflow/example_dags/tutorial_taskflow_api_virtualenv.py
[2025-05-03T16:21:03.243+0000] {processor.py:756} INFO - Processing file /home/airflow/.local/lib/python3.7/site-packages/airflow/example_dags/tutorial_taskflow_api_virtualenv.py for tasks to queue
[2025-05-03T16:21:03.244+0000] {logging_mixin.py:120} INFO - [2025-05-03T16:21:03.244+0000] {dagbag.py:537} INFO - Filling up the DagBag from /home/airflow/.local/lib/python3.7/site-packages/airflow/example_dags/tutorial_taskflow_api_virtualenv.py
[2025-05-03T16:21:03.254+0000] {processor.py:766} INFO - DAG(s) dict_keys(['tutorial_taskflow_api_virtualenv']) retrieved from /home/airflow/.local/lib/python3.7/site-packages/airflow/example_dags/tutorial_taskflow_api_virtualenv.py
[2025-05-03T16:21:03.276+0000] {logging_mixin.py:120} INFO - [2025-05-03T16:21:03.276+0000] {dag.py:2585} INFO - Sync 1 DAGs
[2025-05-03T16:21:03.289+0000] {logging_mixin.py:120} INFO - [2025-05-03T16:21:03.289+0000] {dag.py:3340} INFO - Setting next_dagrun for tutorial_taskflow_api_virtualenv to None, run_after=None
[2025-05-03T16:21:03.297+0000] {processor.py:176} INFO - Processing /home/airflow/.local/lib/python3.7/site-packages/airflow/example_dags/tutorial_taskflow_api_virtualenv.py took 0.057 seconds
[2025-05-03T16:48:05.584+0000] {processor.py:154} INFO - Started process (PID=44037) to work on /home/airflow/.local/lib/python3.7/site-packages/airflow/example_dags/tutorial_taskflow_api_virtualenv.py
[2025-05-03T16:48:05.588+0000] {processor.py:756} INFO - Processing file /home/airflow/.local/lib/python3.7/site-packages/airflow/example_dags/tutorial_taskflow_api_virtualenv.py for tasks to queue
[2025-05-03T16:48:05.589+0000] {logging_mixin.py:120} INFO - [2025-05-03T16:48:05.589+0000] {dagbag.py:537} INFO - Filling up the DagBag from /home/airflow/.local/lib/python3.7/site-packages/airflow/example_dags/tutorial_taskflow_api_virtualenv.py
[2025-05-03T16:48:05.600+0000] {processor.py:766} INFO - DAG(s) dict_keys(['tutorial_taskflow_api_virtualenv']) retrieved from /home/airflow/.local/lib/python3.7/site-packages/airflow/example_dags/tutorial_taskflow_api_virtualenv.py
[2025-05-03T16:48:05.628+0000] {logging_mixin.py:120} INFO - [2025-05-03T16:48:05.628+0000] {dag.py:2585} INFO - Sync 1 DAGs
[2025-05-03T16:48:05.639+0000] {logging_mixin.py:120} INFO - [2025-05-03T16:48:05.639+0000] {dag.py:3340} INFO - Setting next_dagrun for tutorial_taskflow_api_virtualenv to None, run_after=None
[2025-05-03T16:48:05.648+0000] {processor.py:176} INFO - Processing /home/airflow/.local/lib/python3.7/site-packages/airflow/example_dags/tutorial_taskflow_api_virtualenv.py took 0.066 seconds
[2025-05-03T18:05:54.097+0000] {processor.py:154} INFO - Started process (PID=44100) to work on /home/airflow/.local/lib/python3.7/site-packages/airflow/example_dags/tutorial_taskflow_api_virtualenv.py
[2025-05-03T18:05:54.098+0000] {processor.py:756} INFO - Processing file /home/airflow/.local/lib/python3.7/site-packages/airflow/example_dags/tutorial_taskflow_api_virtualenv.py for tasks to queue
[2025-05-03T18:05:54.098+0000] {logging_mixin.py:120} INFO - [2025-05-03T18:05:54.098+0000] {dagbag.py:537} INFO - Filling up the DagBag from /home/airflow/.local/lib/python3.7/site-packages/airflow/example_dags/tutorial_taskflow_api_virtualenv.py
[2025-05-03T18:05:54.108+0000] {processor.py:766} INFO - DAG(s) dict_keys(['tutorial_taskflow_api_virtualenv']) retrieved from /home/airflow/.local/lib/python3.7/site-packages/airflow/example_dags/tutorial_taskflow_api_virtualenv.py
[2025-05-03T18:05:54.131+0000] {logging_mixin.py:120} INFO - [2025-05-03T18:05:54.131+0000] {dag.py:2585} INFO - Sync 1 DAGs
[2025-05-03T18:05:54.142+0000] {logging_mixin.py:120} INFO - [2025-05-03T18:05:54.142+0000] {dag.py:3340} INFO - Setting next_dagrun for tutorial_taskflow_api_virtualenv to None, run_after=None
[2025-05-03T18:05:54.154+0000] {processor.py:176} INFO - Processing /home/airflow/.local/lib/python3.7/site-packages/airflow/example_dags/tutorial_taskflow_api_virtualenv.py took 0.059 seconds
[2025-05-03T19:25:57.600+0000] {processor.py:154} INFO - Started process (PID=44163) to work on /home/airflow/.local/lib/python3.7/site-packages/airflow/example_dags/tutorial_taskflow_api_virtualenv.py
[2025-05-03T19:25:57.601+0000] {processor.py:756} INFO - Processing file /home/airflow/.local/lib/python3.7/site-packages/airflow/example_dags/tutorial_taskflow_api_virtualenv.py for tasks to queue
[2025-05-03T19:25:57.601+0000] {logging_mixin.py:120} INFO - [2025-05-03T19:25:57.601+0000] {dagbag.py:537} INFO - Filling up the DagBag from /home/airflow/.local/lib/python3.7/site-packages/airflow/example_dags/tutorial_taskflow_api_virtualenv.py
[2025-05-03T19:25:57.612+0000] {processor.py:766} INFO - DAG(s) dict_keys(['tutorial_taskflow_api_virtualenv']) retrieved from /home/airflow/.local/lib/python3.7/site-packages/airflow/example_dags/tutorial_taskflow_api_virtualenv.py
[2025-05-03T19:25:57.633+0000] {logging_mixin.py:120} INFO - [2025-05-03T19:25:57.633+0000] {dag.py:2585} INFO - Sync 1 DAGs
[2025-05-03T19:25:57.645+0000] {logging_mixin.py:120} INFO - [2025-05-03T19:25:57.645+0000] {dag.py:3340} INFO - Setting next_dagrun for tutorial_taskflow_api_virtualenv to None, run_after=None
[2025-05-03T19:25:57.655+0000] {processor.py:176} INFO - Processing /home/airflow/.local/lib/python3.7/site-packages/airflow/example_dags/tutorial_taskflow_api_virtualenv.py took 0.058 seconds
[2025-05-03T20:07:05.074+0000] {processor.py:154} INFO - Started process (PID=44225) to work on /home/airflow/.local/lib/python3.7/site-packages/airflow/example_dags/tutorial_taskflow_api_virtualenv.py
[2025-05-03T20:07:05.074+0000] {processor.py:756} INFO - Processing file /home/airflow/.local/lib/python3.7/site-packages/airflow/example_dags/tutorial_taskflow_api_virtualenv.py for tasks to queue
[2025-05-03T20:07:05.076+0000] {logging_mixin.py:120} INFO - [2025-05-03T20:07:05.076+0000] {dagbag.py:537} INFO - Filling up the DagBag from /home/airflow/.local/lib/python3.7/site-packages/airflow/example_dags/tutorial_taskflow_api_virtualenv.py
[2025-05-03T20:07:05.086+0000] {processor.py:766} INFO - DAG(s) dict_keys(['tutorial_taskflow_api_virtualenv']) retrieved from /home/airflow/.local/lib/python3.7/site-packages/airflow/example_dags/tutorial_taskflow_api_virtualenv.py
[2025-05-03T20:07:05.104+0000] {logging_mixin.py:120} INFO - [2025-05-03T20:07:05.104+0000] {dag.py:2585} INFO - Sync 1 DAGs
[2025-05-03T20:07:05.114+0000] {logging_mixin.py:120} INFO - [2025-05-03T20:07:05.114+0000] {dag.py:3340} INFO - Setting next_dagrun for tutorial_taskflow_api_virtualenv to None, run_after=None
[2025-05-03T20:07:05.122+0000] {processor.py:176} INFO - Processing /home/airflow/.local/lib/python3.7/site-packages/airflow/example_dags/tutorial_taskflow_api_virtualenv.py took 0.050 seconds
[2025-05-03T21:36:13.485+0000] {processor.py:154} INFO - Started process (PID=44279) to work on /home/airflow/.local/lib/python3.7/site-packages/airflow/example_dags/tutorial_taskflow_api_virtualenv.py
[2025-05-03T21:36:13.486+0000] {processor.py:756} INFO - Processing file /home/airflow/.local/lib/python3.7/site-packages/airflow/example_dags/tutorial_taskflow_api_virtualenv.py for tasks to queue
[2025-05-03T21:36:13.486+0000] {logging_mixin.py:120} INFO - [2025-05-03T21:36:13.486+0000] {dagbag.py:537} INFO - Filling up the DagBag from /home/airflow/.local/lib/python3.7/site-packages/airflow/example_dags/tutorial_taskflow_api_virtualenv.py
[2025-05-03T21:36:13.499+0000] {processor.py:766} INFO - DAG(s) dict_keys(['tutorial_taskflow_api_virtualenv']) retrieved from /home/airflow/.local/lib/python3.7/site-packages/airflow/example_dags/tutorial_taskflow_api_virtualenv.py
[2025-05-03T21:36:13.520+0000] {logging_mixin.py:120} INFO - [2025-05-03T21:36:13.520+0000] {dag.py:2585} INFO - Sync 1 DAGs
[2025-05-03T21:36:13.533+0000] {logging_mixin.py:120} INFO - [2025-05-03T21:36:13.533+0000] {dag.py:3340} INFO - Setting next_dagrun for tutorial_taskflow_api_virtualenv to None, run_after=None
[2025-05-03T21:36:13.541+0000] {processor.py:176} INFO - Processing /home/airflow/.local/lib/python3.7/site-packages/airflow/example_dags/tutorial_taskflow_api_virtualenv.py took 0.058 seconds
[2025-05-03T22:19:52.453+0000] {processor.py:154} INFO - Started process (PID=44342) to work on /home/airflow/.local/lib/python3.7/site-packages/airflow/example_dags/tutorial_taskflow_api_virtualenv.py
[2025-05-03T22:19:52.454+0000] {processor.py:756} INFO - Processing file /home/airflow/.local/lib/python3.7/site-packages/airflow/example_dags/tutorial_taskflow_api_virtualenv.py for tasks to queue
[2025-05-03T22:19:52.454+0000] {logging_mixin.py:120} INFO - [2025-05-03T22:19:52.454+0000] {dagbag.py:537} INFO - Filling up the DagBag from /home/airflow/.local/lib/python3.7/site-packages/airflow/example_dags/tutorial_taskflow_api_virtualenv.py
[2025-05-03T22:19:52.464+0000] {processor.py:766} INFO - DAG(s) dict_keys(['tutorial_taskflow_api_virtualenv']) retrieved from /home/airflow/.local/lib/python3.7/site-packages/airflow/example_dags/tutorial_taskflow_api_virtualenv.py
[2025-05-03T22:19:52.482+0000] {logging_mixin.py:120} INFO - [2025-05-03T22:19:52.482+0000] {dag.py:2585} INFO - Sync 1 DAGs
[2025-05-03T22:19:52.494+0000] {logging_mixin.py:120} INFO - [2025-05-03T22:19:52.494+0000] {dag.py:3340} INFO - Setting next_dagrun for tutorial_taskflow_api_virtualenv to None, run_after=None
[2025-05-03T22:19:52.504+0000] {processor.py:176} INFO - Processing /home/airflow/.local/lib/python3.7/site-packages/airflow/example_dags/tutorial_taskflow_api_virtualenv.py took 0.053 seconds
[2025-05-03T23:04:45.570+0000] {processor.py:154} INFO - Started process (PID=44405) to work on /home/airflow/.local/lib/python3.7/site-packages/airflow/example_dags/tutorial_taskflow_api_virtualenv.py
[2025-05-03T23:04:45.571+0000] {processor.py:756} INFO - Processing file /home/airflow/.local/lib/python3.7/site-packages/airflow/example_dags/tutorial_taskflow_api_virtualenv.py for tasks to queue
[2025-05-03T23:04:45.571+0000] {logging_mixin.py:120} INFO - [2025-05-03T23:04:45.571+0000] {dagbag.py:537} INFO - Filling up the DagBag from /home/airflow/.local/lib/python3.7/site-packages/airflow/example_dags/tutorial_taskflow_api_virtualenv.py
[2025-05-03T23:04:45.581+0000] {processor.py:766} INFO - DAG(s) dict_keys(['tutorial_taskflow_api_virtualenv']) retrieved from /home/airflow/.local/lib/python3.7/site-packages/airflow/example_dags/tutorial_taskflow_api_virtualenv.py
[2025-05-03T23:04:45.601+0000] {logging_mixin.py:120} INFO - [2025-05-03T23:04:45.601+0000] {dag.py:2585} INFO - Sync 1 DAGs
[2025-05-03T23:04:45.613+0000] {logging_mixin.py:120} INFO - [2025-05-03T23:04:45.613+0000] {dag.py:3340} INFO - Setting next_dagrun for tutorial_taskflow_api_virtualenv to None, run_after=None
[2025-05-03T23:04:45.625+0000] {processor.py:176} INFO - Processing /home/airflow/.local/lib/python3.7/site-packages/airflow/example_dags/tutorial_taskflow_api_virtualenv.py took 0.057 seconds
[2025-05-03T23:22:07.831+0000] {processor.py:154} INFO - Started process (PID=44467) to work on /home/airflow/.local/lib/python3.7/site-packages/airflow/example_dags/tutorial_taskflow_api_virtualenv.py
[2025-05-03T23:22:07.832+0000] {processor.py:756} INFO - Processing file /home/airflow/.local/lib/python3.7/site-packages/airflow/example_dags/tutorial_taskflow_api_virtualenv.py for tasks to queue
[2025-05-03T23:22:07.833+0000] {logging_mixin.py:120} INFO - [2025-05-03T23:22:07.833+0000] {dagbag.py:537} INFO - Filling up the DagBag from /home/airflow/.local/lib/python3.7/site-packages/airflow/example_dags/tutorial_taskflow_api_virtualenv.py
[2025-05-03T23:22:07.843+0000] {processor.py:766} INFO - DAG(s) dict_keys(['tutorial_taskflow_api_virtualenv']) retrieved from /home/airflow/.local/lib/python3.7/site-packages/airflow/example_dags/tutorial_taskflow_api_virtualenv.py
[2025-05-03T23:22:07.865+0000] {logging_mixin.py:120} INFO - [2025-05-03T23:22:07.865+0000] {dag.py:2585} INFO - Sync 1 DAGs
[2025-05-03T23:22:07.877+0000] {logging_mixin.py:120} INFO - [2025-05-03T23:22:07.877+0000] {dag.py:3340} INFO - Setting next_dagrun for tutorial_taskflow_api_virtualenv to None, run_after=None
[2025-05-03T23:22:07.889+0000] {processor.py:176} INFO - Processing /home/airflow/.local/lib/python3.7/site-packages/airflow/example_dags/tutorial_taskflow_api_virtualenv.py took 0.060 seconds
[2025-05-03T23:38:29.047+0000] {processor.py:154} INFO - Started process (PID=44530) to work on /home/airflow/.local/lib/python3.7/site-packages/airflow/example_dags/tutorial_taskflow_api_virtualenv.py
[2025-05-03T23:38:29.047+0000] {processor.py:756} INFO - Processing file /home/airflow/.local/lib/python3.7/site-packages/airflow/example_dags/tutorial_taskflow_api_virtualenv.py for tasks to queue
[2025-05-03T23:38:29.048+0000] {logging_mixin.py:120} INFO - [2025-05-03T23:38:29.048+0000] {dagbag.py:537} INFO - Filling up the DagBag from /home/airflow/.local/lib/python3.7/site-packages/airflow/example_dags/tutorial_taskflow_api_virtualenv.py
[2025-05-03T23:38:29.057+0000] {processor.py:766} INFO - DAG(s) dict_keys(['tutorial_taskflow_api_virtualenv']) retrieved from /home/airflow/.local/lib/python3.7/site-packages/airflow/example_dags/tutorial_taskflow_api_virtualenv.py
[2025-05-03T23:38:29.076+0000] {logging_mixin.py:120} INFO - [2025-05-03T23:38:29.076+0000] {dag.py:2585} INFO - Sync 1 DAGs
[2025-05-03T23:38:29.087+0000] {logging_mixin.py:120} INFO - [2025-05-03T23:38:29.087+0000] {dag.py:3340} INFO - Setting next_dagrun for tutorial_taskflow_api_virtualenv to None, run_after=None
[2025-05-03T23:38:29.094+0000] {processor.py:176} INFO - Processing /home/airflow/.local/lib/python3.7/site-packages/airflow/example_dags/tutorial_taskflow_api_virtualenv.py took 0.049 seconds
[2025-05-03T23:56:24.725+0000] {processor.py:154} INFO - Started process (PID=44593) to work on /home/airflow/.local/lib/python3.7/site-packages/airflow/example_dags/tutorial_taskflow_api_virtualenv.py
[2025-05-03T23:56:24.726+0000] {processor.py:756} INFO - Processing file /home/airflow/.local/lib/python3.7/site-packages/airflow/example_dags/tutorial_taskflow_api_virtualenv.py for tasks to queue
[2025-05-03T23:56:24.726+0000] {logging_mixin.py:120} INFO - [2025-05-03T23:56:24.726+0000] {dagbag.py:537} INFO - Filling up the DagBag from /home/airflow/.local/lib/python3.7/site-packages/airflow/example_dags/tutorial_taskflow_api_virtualenv.py
[2025-05-03T23:56:24.739+0000] {processor.py:766} INFO - DAG(s) dict_keys(['tutorial_taskflow_api_virtualenv']) retrieved from /home/airflow/.local/lib/python3.7/site-packages/airflow/example_dags/tutorial_taskflow_api_virtualenv.py
[2025-05-03T23:56:24.760+0000] {logging_mixin.py:120} INFO - [2025-05-03T23:56:24.760+0000] {dag.py:2585} INFO - Sync 1 DAGs
[2025-05-03T23:56:24.771+0000] {logging_mixin.py:120} INFO - [2025-05-03T23:56:24.771+0000] {dag.py:3340} INFO - Setting next_dagrun for tutorial_taskflow_api_virtualenv to None, run_after=None
[2025-05-03T23:56:24.779+0000] {processor.py:176} INFO - Processing /home/airflow/.local/lib/python3.7/site-packages/airflow/example_dags/tutorial_taskflow_api_virtualenv.py took 0.056 seconds
