[2025-05-06T13:17:40.153+0000] {taskinstance.py:1165} INFO - Dependencies all met for <TaskInstance: user_processing.extract_user manual__2025-05-06T13:17:37.071954+00:00 [queued]>
[2025-05-06T13:17:40.158+0000] {taskinstance.py:1165} INFO - Dependencies all met for <TaskInstance: user_processing.extract_user manual__2025-05-06T13:17:37.071954+00:00 [queued]>
[2025-05-06T13:17:40.160+0000] {taskinstance.py:1362} INFO - 
--------------------------------------------------------------------------------
[2025-05-06T13:17:40.160+0000] {taskinstance.py:1363} INFO - Starting attempt 1 of 1
[2025-05-06T13:17:40.160+0000] {taskinstance.py:1364} INFO - 
--------------------------------------------------------------------------------
[2025-05-06T13:17:40.165+0000] {taskinstance.py:1383} INFO - Executing <Task(SimpleHttpOperator): extract_user> on 2025-05-06 13:17:37.071954+00:00
[2025-05-06T13:17:40.167+0000] {standard_task_runner.py:55} INFO - Started process 21181 to run task
[2025-05-06T13:17:40.169+0000] {standard_task_runner.py:82} INFO - Running: ['***', 'tasks', 'run', 'user_processing', 'extract_user', 'manual__2025-05-06T13:17:37.071954+00:00', '--job-id', '43', '--raw', '--subdir', 'DAGS_FOLDER/user_processing.py', '--cfg-path', '/tmp/tmpezgjgpdf']
[2025-05-06T13:17:40.170+0000] {standard_task_runner.py:83} INFO - Job 43: Subtask extract_user
[2025-05-06T13:17:40.199+0000] {task_command.py:376} INFO - Running <TaskInstance: user_processing.extract_user manual__2025-05-06T13:17:37.071954+00:00 [running]> on host 081a24b4289c
[2025-05-06T13:17:40.228+0000] {taskinstance.py:1592} INFO - Exporting the following env vars:
AIRFLOW_CTX_DAG_OWNER=***
AIRFLOW_CTX_DAG_ID=user_processing
AIRFLOW_CTX_TASK_ID=extract_user
AIRFLOW_CTX_EXECUTION_DATE=2025-05-06T13:17:37.071954+00:00
AIRFLOW_CTX_TRY_NUMBER=1
AIRFLOW_CTX_DAG_RUN_ID=manual__2025-05-06T13:17:37.071954+00:00
[2025-05-06T13:17:40.228+0000] {http.py:121} INFO - Calling HTTP method
[2025-05-06T13:17:40.233+0000] {base.py:71} INFO - Using connection ID 'user_api' for task execution.
[2025-05-06T13:17:40.234+0000] {http.py:148} INFO - Sending 'GET' to url: https://randomuser.me//api
[2025-05-06T13:17:40.567+0000] {taskinstance.py:1406} INFO - Marking task as SUCCESS. dag_id=user_processing, task_id=extract_user, execution_date=20250506T131737, start_date=20250506T131740, end_date=20250506T131740
[2025-05-06T13:17:40.609+0000] {local_task_job.py:164} INFO - Task exited with return code 0
[2025-05-06T13:17:40.629+0000] {local_task_job.py:273} INFO - 1 downstream tasks scheduled from follow-on schedule check
